[2025-04-30T01:00:13.043+0000] {local_task_job_runner.py:123} INFO - ::group::Pre task execution logs
[2025-04-30T01:00:13.065+0000] {taskinstance.py:2603} INFO - Dependencies all met for dep_context=non-requeueable deps ti=<TaskInstance: initial_dag.sub_task manual__2025-04-30T01:00:08.257062+00:00 [queued]>
[2025-04-30T01:00:13.078+0000] {taskinstance.py:2603} INFO - Dependencies all met for dep_context=requeueable deps ti=<TaskInstance: initial_dag.sub_task manual__2025-04-30T01:00:08.257062+00:00 [queued]>
[2025-04-30T01:00:13.079+0000] {taskinstance.py:2856} INFO - Starting attempt 1 of 1
[2025-04-30T01:00:13.097+0000] {taskinstance.py:2879} INFO - Executing <Task(PythonOperator): sub_task> on 2025-04-30 01:00:08.257062+00:00
[2025-04-30T01:00:13.105+0000] {warnings.py:112} WARNING - /home/***/.local/lib/python3.12/site-packages/***/task/task_runner/standard_task_runner.py:70: DeprecationWarning: This process (pid=361) is multi-threaded, use of fork() may lead to deadlocks in the child.
  pid = os.fork()

[2025-04-30T01:00:13.109+0000] {standard_task_runner.py:72} INFO - Started process 363 to run task
[2025-04-30T01:00:13.109+0000] {standard_task_runner.py:104} INFO - Running: ['***', 'tasks', 'run', 'initial_dag', 'sub_task', 'manual__2025-04-30T01:00:08.257062+00:00', '--job-id', '6', '--raw', '--subdir', 'DAGS_FOLDER/anyname.py', '--cfg-path', '/tmp/tmpgir2tvo6']
[2025-04-30T01:00:13.111+0000] {standard_task_runner.py:105} INFO - Job 6: Subtask sub_task
[2025-04-30T01:00:13.167+0000] {task_command.py:467} INFO - Running <TaskInstance: initial_dag.sub_task manual__2025-04-30T01:00:08.257062+00:00 [running]> on host 281dbefc219a
[2025-04-30T01:00:13.273+0000] {taskinstance.py:3122} INFO - Exporting env vars: AIRFLOW_CTX_DAG_OWNER='***' AIRFLOW_CTX_DAG_ID='initial_dag' AIRFLOW_CTX_TASK_ID='sub_task' AIRFLOW_CTX_EXECUTION_DATE='2025-04-30T01:00:08.257062+00:00' AIRFLOW_CTX_TRY_NUMBER='1' AIRFLOW_CTX_DAG_RUN_ID='manual__2025-04-30T01:00:08.257062+00:00'
[2025-04-30T01:00:13.275+0000] {logging_mixin.py:190} INFO - Task instance is in running state
[2025-04-30T01:00:13.275+0000] {logging_mixin.py:190} INFO -  Previous state of the Task instance: queued
[2025-04-30T01:00:13.276+0000] {logging_mixin.py:190} INFO - Current task name:sub_task state:running start_date:2025-04-30 01:00:13.066490+00:00
[2025-04-30T01:00:13.276+0000] {logging_mixin.py:190} INFO - Dag name:initial_dag and current dag run status:running
[2025-04-30T01:00:13.277+0000] {taskinstance.py:731} INFO - ::endgroup::
[2025-04-30T01:00:13.278+0000] {python.py:240} INFO - Done. Returned value was: 2
[2025-04-30T01:00:13.305+0000] {taskinstance.py:340} INFO - ::group::Post task execution logs
[2025-04-30T01:00:13.305+0000] {taskinstance.py:352} INFO - Marking task as SUCCESS. dag_id=initial_dag, task_id=sub_task, run_id=manual__2025-04-30T01:00:08.257062+00:00, execution_date=20250430T010008, start_date=20250430T010013, end_date=20250430T010013
[2025-04-30T01:00:13.318+0000] {logging_mixin.py:190} INFO - Task instance in success state
[2025-04-30T01:00:13.319+0000] {logging_mixin.py:190} INFO -  Previous state of the Task instance: running
[2025-04-30T01:00:13.320+0000] {logging_mixin.py:190} INFO - Dag name:initial_dag queued_at:2025-04-30 01:00:08.278299+00:00
[2025-04-30T01:00:13.320+0000] {logging_mixin.py:190} INFO - Task hostname:281dbefc219a operator:PythonOperator
[2025-04-30T01:00:13.372+0000] {local_task_job_runner.py:261} INFO - Task exited with return code 0
[2025-04-30T01:00:13.404+0000] {taskinstance.py:3891} INFO - 0 downstream tasks scheduled from follow-on schedule check
[2025-04-30T01:00:13.409+0000] {local_task_job_runner.py:240} INFO - ::endgroup::
