[2025-04-30T00:41:53.984+0000] {local_task_job_runner.py:123} INFO - ::group::Pre task execution logs
[2025-04-30T00:41:54.035+0000] {taskinstance.py:2603} INFO - Dependencies all met for dep_context=non-requeueable deps ti=<TaskInstance: initial_dag.add_task manual__2025-04-30T00:41:46.064754+00:00 [queued]>
[2025-04-30T00:41:54.058+0000] {taskinstance.py:2603} INFO - Dependencies all met for dep_context=requeueable deps ti=<TaskInstance: initial_dag.add_task manual__2025-04-30T00:41:46.064754+00:00 [queued]>
[2025-04-30T00:41:54.059+0000] {taskinstance.py:2856} INFO - Starting attempt 1 of 1
[2025-04-30T00:41:54.096+0000] {taskinstance.py:2879} INFO - Executing <Task(PythonOperator): add_task> on 2025-04-30 00:41:46.064754+00:00
[2025-04-30T00:41:54.112+0000] {warnings.py:112} WARNING - /home/***/.local/lib/python3.12/site-packages/***/task/task_runner/standard_task_runner.py:70: DeprecationWarning: This process (pid=208) is multi-threaded, use of fork() may lead to deadlocks in the child.
  pid = os.fork()

[2025-04-30T00:41:54.118+0000] {standard_task_runner.py:104} INFO - Running: ['***', 'tasks', 'run', 'initial_dag', 'add_task', 'manual__2025-04-30T00:41:46.064754+00:00', '--job-id', '4', '--raw', '--subdir', 'DAGS_FOLDER/anyname.py', '--cfg-path', '/tmp/tmpps6069zx']
[2025-04-30T00:41:54.120+0000] {standard_task_runner.py:72} INFO - Started process 213 to run task
[2025-04-30T00:41:54.121+0000] {standard_task_runner.py:105} INFO - Job 4: Subtask add_task
[2025-04-30T00:41:54.236+0000] {task_command.py:467} INFO - Running <TaskInstance: initial_dag.add_task manual__2025-04-30T00:41:46.064754+00:00 [running]> on host 281dbefc219a
[2025-04-30T00:41:54.435+0000] {taskinstance.py:3122} INFO - Exporting env vars: AIRFLOW_CTX_DAG_OWNER='***' AIRFLOW_CTX_DAG_ID='initial_dag' AIRFLOW_CTX_TASK_ID='add_task' AIRFLOW_CTX_EXECUTION_DATE='2025-04-30T00:41:46.064754+00:00' AIRFLOW_CTX_TRY_NUMBER='1' AIRFLOW_CTX_DAG_RUN_ID='manual__2025-04-30T00:41:46.064754+00:00'
[2025-04-30T00:41:54.440+0000] {logging_mixin.py:190} INFO - Task instance is in running state
[2025-04-30T00:41:54.441+0000] {logging_mixin.py:190} INFO -  Previous state of the Task instance: queued
[2025-04-30T00:41:54.443+0000] {logging_mixin.py:190} INFO - Current task name:add_task state:running start_date:2025-04-30 00:41:54.036636+00:00
[2025-04-30T00:41:54.444+0000] {logging_mixin.py:190} INFO - Dag name:initial_dag and current dag run status:running
[2025-04-30T00:41:54.445+0000] {taskinstance.py:731} INFO - ::endgroup::
[2025-04-30T00:41:54.447+0000] {python.py:240} INFO - Done. Returned value was: 2
[2025-04-30T00:41:54.502+0000] {taskinstance.py:340} INFO - ::group::Post task execution logs
[2025-04-30T00:41:54.503+0000] {taskinstance.py:352} INFO - Marking task as SUCCESS. dag_id=initial_dag, task_id=add_task, run_id=manual__2025-04-30T00:41:46.064754+00:00, execution_date=20250430T004146, start_date=20250430T004154, end_date=20250430T004154
[2025-04-30T00:41:54.526+0000] {logging_mixin.py:190} INFO - Task instance in success state
[2025-04-30T00:41:54.527+0000] {logging_mixin.py:190} INFO -  Previous state of the Task instance: running
[2025-04-30T00:41:54.529+0000] {logging_mixin.py:190} INFO - Dag name:initial_dag queued_at:2025-04-30 00:41:46.141322+00:00
[2025-04-30T00:41:54.529+0000] {logging_mixin.py:190} INFO - Task hostname:281dbefc219a operator:PythonOperator
[2025-04-30T00:41:54.585+0000] {local_task_job_runner.py:261} INFO - Task exited with return code 0
[2025-04-30T00:41:54.617+0000] {taskinstance.py:3891} INFO - 0 downstream tasks scheduled from follow-on schedule check
[2025-04-30T00:41:54.621+0000] {local_task_job_runner.py:240} INFO - ::endgroup::
