[2025-04-30T00:30:56.425+0000] {processor.py:186} INFO - Started process (PID=122) to work on /home/airflow/.local/lib/python3.12/site-packages/airflow/example_dags/example_sensor_decorator.py
[2025-04-30T00:30:56.427+0000] {processor.py:914} INFO - Processing file /home/airflow/.local/lib/python3.12/site-packages/airflow/example_dags/example_sensor_decorator.py for tasks to queue
[2025-04-30T00:30:56.431+0000] {logging_mixin.py:190} INFO - [2025-04-30T00:30:56.431+0000] {dagbag.py:587} INFO - Filling up the DagBag from /home/airflow/.local/lib/python3.12/site-packages/airflow/example_dags/example_sensor_decorator.py
[2025-04-30T00:30:56.447+0000] {processor.py:925} INFO - DAG(s) 'example_sensor_decorator' retrieved from /home/airflow/.local/lib/python3.12/site-packages/airflow/example_dags/example_sensor_decorator.py
[2025-04-30T00:30:56.699+0000] {logging_mixin.py:190} INFO - [2025-04-30T00:30:56.698+0000] {override.py:1858} INFO - Created Permission View: can edit on DAG:example_sensor_decorator
[2025-04-30T00:30:56.722+0000] {logging_mixin.py:190} INFO - [2025-04-30T00:30:56.721+0000] {override.py:1858} INFO - Created Permission View: can read on DAG:example_sensor_decorator
[2025-04-30T00:30:56.739+0000] {logging_mixin.py:190} INFO - [2025-04-30T00:30:56.738+0000] {override.py:1858} INFO - Created Permission View: can delete on DAG:example_sensor_decorator
[2025-04-30T00:30:56.740+0000] {logging_mixin.py:190} INFO - [2025-04-30T00:30:56.740+0000] {dag.py:3211} INFO - Sync 1 DAGs
[2025-04-30T00:30:56.776+0000] {logging_mixin.py:190} INFO - [2025-04-30T00:30:56.776+0000] {dag.py:3234} INFO - Creating ORM DAG for example_sensor_decorator
[2025-04-30T00:30:56.778+0000] {logging_mixin.py:190} INFO - [2025-04-30T00:30:56.778+0000] {dag.py:4138} INFO - Setting next_dagrun for example_sensor_decorator to None, run_after=None
[2025-04-30T00:30:56.811+0000] {processor.py:208} INFO - Processing /home/airflow/.local/lib/python3.12/site-packages/airflow/example_dags/example_sensor_decorator.py took 0.399 seconds
[2025-04-30T00:31:27.588+0000] {processor.py:186} INFO - Started process (PID=185) to work on /home/airflow/.local/lib/python3.12/site-packages/airflow/example_dags/example_sensor_decorator.py
[2025-04-30T00:31:27.590+0000] {processor.py:914} INFO - Processing file /home/airflow/.local/lib/python3.12/site-packages/airflow/example_dags/example_sensor_decorator.py for tasks to queue
[2025-04-30T00:31:27.595+0000] {logging_mixin.py:190} INFO - [2025-04-30T00:31:27.594+0000] {dagbag.py:587} INFO - Filling up the DagBag from /home/airflow/.local/lib/python3.12/site-packages/airflow/example_dags/example_sensor_decorator.py
[2025-04-30T00:31:27.611+0000] {processor.py:925} INFO - DAG(s) 'example_sensor_decorator' retrieved from /home/airflow/.local/lib/python3.12/site-packages/airflow/example_dags/example_sensor_decorator.py
[2025-04-30T00:31:27.653+0000] {logging_mixin.py:190} INFO - [2025-04-30T00:31:27.652+0000] {dag.py:3211} INFO - Sync 1 DAGs
[2025-04-30T00:31:27.683+0000] {logging_mixin.py:190} INFO - [2025-04-30T00:31:27.683+0000] {dag.py:4138} INFO - Setting next_dagrun for example_sensor_decorator to None, run_after=None
[2025-04-30T00:31:27.728+0000] {processor.py:208} INFO - Processing /home/airflow/.local/lib/python3.12/site-packages/airflow/example_dags/example_sensor_decorator.py took 0.152 seconds
[2025-04-30T00:31:58.219+0000] {processor.py:186} INFO - Started process (PID=248) to work on /home/airflow/.local/lib/python3.12/site-packages/airflow/example_dags/example_sensor_decorator.py
[2025-04-30T00:31:58.221+0000] {processor.py:914} INFO - Processing file /home/airflow/.local/lib/python3.12/site-packages/airflow/example_dags/example_sensor_decorator.py for tasks to queue
[2025-04-30T00:31:58.226+0000] {logging_mixin.py:190} INFO - [2025-04-30T00:31:58.225+0000] {dagbag.py:587} INFO - Filling up the DagBag from /home/airflow/.local/lib/python3.12/site-packages/airflow/example_dags/example_sensor_decorator.py
[2025-04-30T00:31:58.242+0000] {processor.py:925} INFO - DAG(s) 'example_sensor_decorator' retrieved from /home/airflow/.local/lib/python3.12/site-packages/airflow/example_dags/example_sensor_decorator.py
[2025-04-30T00:31:58.283+0000] {logging_mixin.py:190} INFO - [2025-04-30T00:31:58.282+0000] {dag.py:3211} INFO - Sync 1 DAGs
[2025-04-30T00:31:58.312+0000] {logging_mixin.py:190} INFO - [2025-04-30T00:31:58.311+0000] {dag.py:4138} INFO - Setting next_dagrun for example_sensor_decorator to None, run_after=None
[2025-04-30T00:31:58.349+0000] {processor.py:208} INFO - Processing /home/airflow/.local/lib/python3.12/site-packages/airflow/example_dags/example_sensor_decorator.py took 0.141 seconds
[2025-04-30T00:32:28.494+0000] {processor.py:186} INFO - Started process (PID=310) to work on /home/airflow/.local/lib/python3.12/site-packages/airflow/example_dags/example_sensor_decorator.py
[2025-04-30T00:32:28.497+0000] {processor.py:914} INFO - Processing file /home/airflow/.local/lib/python3.12/site-packages/airflow/example_dags/example_sensor_decorator.py for tasks to queue
[2025-04-30T00:32:28.501+0000] {logging_mixin.py:190} INFO - [2025-04-30T00:32:28.501+0000] {dagbag.py:587} INFO - Filling up the DagBag from /home/airflow/.local/lib/python3.12/site-packages/airflow/example_dags/example_sensor_decorator.py
[2025-04-30T00:32:28.520+0000] {processor.py:925} INFO - DAG(s) 'example_sensor_decorator' retrieved from /home/airflow/.local/lib/python3.12/site-packages/airflow/example_dags/example_sensor_decorator.py
[2025-04-30T00:32:28.567+0000] {logging_mixin.py:190} INFO - [2025-04-30T00:32:28.566+0000] {dag.py:3211} INFO - Sync 1 DAGs
[2025-04-30T00:32:28.593+0000] {logging_mixin.py:190} INFO - [2025-04-30T00:32:28.593+0000] {dag.py:4138} INFO - Setting next_dagrun for example_sensor_decorator to None, run_after=None
[2025-04-30T00:32:28.637+0000] {processor.py:208} INFO - Processing /home/airflow/.local/lib/python3.12/site-packages/airflow/example_dags/example_sensor_decorator.py took 0.157 seconds
[2025-04-30T00:32:59.140+0000] {processor.py:186} INFO - Started process (PID=373) to work on /home/airflow/.local/lib/python3.12/site-packages/airflow/example_dags/example_sensor_decorator.py
[2025-04-30T00:32:59.144+0000] {processor.py:914} INFO - Processing file /home/airflow/.local/lib/python3.12/site-packages/airflow/example_dags/example_sensor_decorator.py for tasks to queue
[2025-04-30T00:32:59.156+0000] {logging_mixin.py:190} INFO - [2025-04-30T00:32:59.154+0000] {dagbag.py:587} INFO - Filling up the DagBag from /home/airflow/.local/lib/python3.12/site-packages/airflow/example_dags/example_sensor_decorator.py
[2025-04-30T00:32:59.192+0000] {processor.py:925} INFO - DAG(s) 'example_sensor_decorator' retrieved from /home/airflow/.local/lib/python3.12/site-packages/airflow/example_dags/example_sensor_decorator.py
[2025-04-30T00:32:59.259+0000] {logging_mixin.py:190} INFO - [2025-04-30T00:32:59.258+0000] {dag.py:3211} INFO - Sync 1 DAGs
[2025-04-30T00:32:59.295+0000] {logging_mixin.py:190} INFO - [2025-04-30T00:32:59.295+0000] {dag.py:4138} INFO - Setting next_dagrun for example_sensor_decorator to None, run_after=None
[2025-04-30T00:32:59.339+0000] {processor.py:208} INFO - Processing /home/airflow/.local/lib/python3.12/site-packages/airflow/example_dags/example_sensor_decorator.py took 0.226 seconds
[2025-04-30T00:33:29.648+0000] {processor.py:186} INFO - Started process (PID=436) to work on /home/airflow/.local/lib/python3.12/site-packages/airflow/example_dags/example_sensor_decorator.py
[2025-04-30T00:33:29.650+0000] {processor.py:914} INFO - Processing file /home/airflow/.local/lib/python3.12/site-packages/airflow/example_dags/example_sensor_decorator.py for tasks to queue
[2025-04-30T00:33:29.655+0000] {logging_mixin.py:190} INFO - [2025-04-30T00:33:29.654+0000] {dagbag.py:587} INFO - Filling up the DagBag from /home/airflow/.local/lib/python3.12/site-packages/airflow/example_dags/example_sensor_decorator.py
[2025-04-30T00:33:29.675+0000] {processor.py:925} INFO - DAG(s) 'example_sensor_decorator' retrieved from /home/airflow/.local/lib/python3.12/site-packages/airflow/example_dags/example_sensor_decorator.py
[2025-04-30T00:33:29.717+0000] {logging_mixin.py:190} INFO - [2025-04-30T00:33:29.716+0000] {dag.py:3211} INFO - Sync 1 DAGs
[2025-04-30T00:33:29.750+0000] {logging_mixin.py:190} INFO - [2025-04-30T00:33:29.749+0000] {dag.py:4138} INFO - Setting next_dagrun for example_sensor_decorator to None, run_after=None
[2025-04-30T00:33:29.789+0000] {processor.py:208} INFO - Processing /home/airflow/.local/lib/python3.12/site-packages/airflow/example_dags/example_sensor_decorator.py took 0.153 seconds
[2025-04-30T00:34:00.091+0000] {processor.py:186} INFO - Started process (PID=500) to work on /home/airflow/.local/lib/python3.12/site-packages/airflow/example_dags/example_sensor_decorator.py
[2025-04-30T00:34:00.093+0000] {processor.py:914} INFO - Processing file /home/airflow/.local/lib/python3.12/site-packages/airflow/example_dags/example_sensor_decorator.py for tasks to queue
[2025-04-30T00:34:00.097+0000] {logging_mixin.py:190} INFO - [2025-04-30T00:34:00.097+0000] {dagbag.py:587} INFO - Filling up the DagBag from /home/airflow/.local/lib/python3.12/site-packages/airflow/example_dags/example_sensor_decorator.py
[2025-04-30T00:34:00.118+0000] {processor.py:925} INFO - DAG(s) 'example_sensor_decorator' retrieved from /home/airflow/.local/lib/python3.12/site-packages/airflow/example_dags/example_sensor_decorator.py
[2025-04-30T00:34:00.162+0000] {logging_mixin.py:190} INFO - [2025-04-30T00:34:00.161+0000] {dag.py:3211} INFO - Sync 1 DAGs
[2025-04-30T00:34:00.195+0000] {logging_mixin.py:190} INFO - [2025-04-30T00:34:00.194+0000] {dag.py:4138} INFO - Setting next_dagrun for example_sensor_decorator to None, run_after=None
[2025-04-30T00:34:00.242+0000] {processor.py:208} INFO - Processing /home/airflow/.local/lib/python3.12/site-packages/airflow/example_dags/example_sensor_decorator.py took 0.163 seconds
[2025-04-30T00:34:30.723+0000] {processor.py:186} INFO - Started process (PID=563) to work on /home/airflow/.local/lib/python3.12/site-packages/airflow/example_dags/example_sensor_decorator.py
[2025-04-30T00:34:30.726+0000] {processor.py:914} INFO - Processing file /home/airflow/.local/lib/python3.12/site-packages/airflow/example_dags/example_sensor_decorator.py for tasks to queue
[2025-04-30T00:34:30.731+0000] {logging_mixin.py:190} INFO - [2025-04-30T00:34:30.730+0000] {dagbag.py:587} INFO - Filling up the DagBag from /home/airflow/.local/lib/python3.12/site-packages/airflow/example_dags/example_sensor_decorator.py
[2025-04-30T00:34:30.759+0000] {processor.py:925} INFO - DAG(s) 'example_sensor_decorator' retrieved from /home/airflow/.local/lib/python3.12/site-packages/airflow/example_dags/example_sensor_decorator.py
[2025-04-30T00:34:30.809+0000] {logging_mixin.py:190} INFO - [2025-04-30T00:34:30.809+0000] {dag.py:3211} INFO - Sync 1 DAGs
[2025-04-30T00:34:30.848+0000] {logging_mixin.py:190} INFO - [2025-04-30T00:34:30.847+0000] {dag.py:4138} INFO - Setting next_dagrun for example_sensor_decorator to None, run_after=None
[2025-04-30T00:34:30.890+0000] {processor.py:208} INFO - Processing /home/airflow/.local/lib/python3.12/site-packages/airflow/example_dags/example_sensor_decorator.py took 0.180 seconds
[2025-04-30T00:35:00.980+0000] {processor.py:186} INFO - Started process (PID=625) to work on /home/airflow/.local/lib/python3.12/site-packages/airflow/example_dags/example_sensor_decorator.py
[2025-04-30T00:35:00.982+0000] {processor.py:914} INFO - Processing file /home/airflow/.local/lib/python3.12/site-packages/airflow/example_dags/example_sensor_decorator.py for tasks to queue
[2025-04-30T00:35:00.987+0000] {logging_mixin.py:190} INFO - [2025-04-30T00:35:00.986+0000] {dagbag.py:587} INFO - Filling up the DagBag from /home/airflow/.local/lib/python3.12/site-packages/airflow/example_dags/example_sensor_decorator.py
[2025-04-30T00:35:01.002+0000] {processor.py:925} INFO - DAG(s) 'example_sensor_decorator' retrieved from /home/airflow/.local/lib/python3.12/site-packages/airflow/example_dags/example_sensor_decorator.py
[2025-04-30T00:35:01.041+0000] {logging_mixin.py:190} INFO - [2025-04-30T00:35:01.041+0000] {dag.py:3211} INFO - Sync 1 DAGs
[2025-04-30T00:35:01.072+0000] {logging_mixin.py:190} INFO - [2025-04-30T00:35:01.072+0000] {dag.py:4138} INFO - Setting next_dagrun for example_sensor_decorator to None, run_after=None
[2025-04-30T00:35:01.111+0000] {processor.py:208} INFO - Processing /home/airflow/.local/lib/python3.12/site-packages/airflow/example_dags/example_sensor_decorator.py took 0.143 seconds
[2025-04-30T00:35:31.475+0000] {processor.py:186} INFO - Started process (PID=688) to work on /home/airflow/.local/lib/python3.12/site-packages/airflow/example_dags/example_sensor_decorator.py
[2025-04-30T00:35:31.478+0000] {processor.py:914} INFO - Processing file /home/airflow/.local/lib/python3.12/site-packages/airflow/example_dags/example_sensor_decorator.py for tasks to queue
[2025-04-30T00:35:31.483+0000] {logging_mixin.py:190} INFO - [2025-04-30T00:35:31.483+0000] {dagbag.py:587} INFO - Filling up the DagBag from /home/airflow/.local/lib/python3.12/site-packages/airflow/example_dags/example_sensor_decorator.py
[2025-04-30T00:35:31.501+0000] {processor.py:925} INFO - DAG(s) 'example_sensor_decorator' retrieved from /home/airflow/.local/lib/python3.12/site-packages/airflow/example_dags/example_sensor_decorator.py
[2025-04-30T00:35:31.554+0000] {logging_mixin.py:190} INFO - [2025-04-30T00:35:31.553+0000] {dag.py:3211} INFO - Sync 1 DAGs
[2025-04-30T00:35:31.590+0000] {logging_mixin.py:190} INFO - [2025-04-30T00:35:31.589+0000] {dag.py:4138} INFO - Setting next_dagrun for example_sensor_decorator to None, run_after=None
[2025-04-30T00:35:31.634+0000] {processor.py:208} INFO - Processing /home/airflow/.local/lib/python3.12/site-packages/airflow/example_dags/example_sensor_decorator.py took 0.173 seconds
[2025-04-30T00:36:02.713+0000] {processor.py:186} INFO - Started process (PID=751) to work on /home/airflow/.local/lib/python3.12/site-packages/airflow/example_dags/example_sensor_decorator.py
[2025-04-30T00:36:02.715+0000] {processor.py:914} INFO - Processing file /home/airflow/.local/lib/python3.12/site-packages/airflow/example_dags/example_sensor_decorator.py for tasks to queue
[2025-04-30T00:36:02.721+0000] {logging_mixin.py:190} INFO - [2025-04-30T00:36:02.720+0000] {dagbag.py:587} INFO - Filling up the DagBag from /home/airflow/.local/lib/python3.12/site-packages/airflow/example_dags/example_sensor_decorator.py
[2025-04-30T00:36:02.739+0000] {processor.py:925} INFO - DAG(s) 'example_sensor_decorator' retrieved from /home/airflow/.local/lib/python3.12/site-packages/airflow/example_dags/example_sensor_decorator.py
[2025-04-30T00:36:02.785+0000] {logging_mixin.py:190} INFO - [2025-04-30T00:36:02.784+0000] {dag.py:3211} INFO - Sync 1 DAGs
[2025-04-30T00:36:02.822+0000] {logging_mixin.py:190} INFO - [2025-04-30T00:36:02.821+0000] {dag.py:4138} INFO - Setting next_dagrun for example_sensor_decorator to None, run_after=None
[2025-04-30T00:36:02.879+0000] {processor.py:208} INFO - Processing /home/airflow/.local/lib/python3.12/site-packages/airflow/example_dags/example_sensor_decorator.py took 0.180 seconds
[2025-04-30T00:36:33.258+0000] {processor.py:186} INFO - Started process (PID=814) to work on /home/airflow/.local/lib/python3.12/site-packages/airflow/example_dags/example_sensor_decorator.py
[2025-04-30T00:36:33.261+0000] {processor.py:914} INFO - Processing file /home/airflow/.local/lib/python3.12/site-packages/airflow/example_dags/example_sensor_decorator.py for tasks to queue
[2025-04-30T00:36:33.265+0000] {logging_mixin.py:190} INFO - [2025-04-30T00:36:33.265+0000] {dagbag.py:587} INFO - Filling up the DagBag from /home/airflow/.local/lib/python3.12/site-packages/airflow/example_dags/example_sensor_decorator.py
[2025-04-30T00:36:33.281+0000] {processor.py:925} INFO - DAG(s) 'example_sensor_decorator' retrieved from /home/airflow/.local/lib/python3.12/site-packages/airflow/example_dags/example_sensor_decorator.py
[2025-04-30T00:36:33.322+0000] {logging_mixin.py:190} INFO - [2025-04-30T00:36:33.322+0000] {dag.py:3211} INFO - Sync 1 DAGs
[2025-04-30T00:36:33.353+0000] {logging_mixin.py:190} INFO - [2025-04-30T00:36:33.353+0000] {dag.py:4138} INFO - Setting next_dagrun for example_sensor_decorator to None, run_after=None
[2025-04-30T00:36:33.402+0000] {processor.py:208} INFO - Processing /home/airflow/.local/lib/python3.12/site-packages/airflow/example_dags/example_sensor_decorator.py took 0.156 seconds
[2025-04-30T00:37:03.738+0000] {processor.py:186} INFO - Started process (PID=877) to work on /home/airflow/.local/lib/python3.12/site-packages/airflow/example_dags/example_sensor_decorator.py
[2025-04-30T00:37:03.742+0000] {processor.py:914} INFO - Processing file /home/airflow/.local/lib/python3.12/site-packages/airflow/example_dags/example_sensor_decorator.py for tasks to queue
[2025-04-30T00:37:03.753+0000] {logging_mixin.py:190} INFO - [2025-04-30T00:37:03.751+0000] {dagbag.py:587} INFO - Filling up the DagBag from /home/airflow/.local/lib/python3.12/site-packages/airflow/example_dags/example_sensor_decorator.py
[2025-04-30T00:37:03.783+0000] {processor.py:925} INFO - DAG(s) 'example_sensor_decorator' retrieved from /home/airflow/.local/lib/python3.12/site-packages/airflow/example_dags/example_sensor_decorator.py
[2025-04-30T00:37:03.830+0000] {logging_mixin.py:190} INFO - [2025-04-30T00:37:03.829+0000] {dag.py:3211} INFO - Sync 1 DAGs
[2025-04-30T00:37:03.879+0000] {logging_mixin.py:190} INFO - [2025-04-30T00:37:03.878+0000] {dag.py:4138} INFO - Setting next_dagrun for example_sensor_decorator to None, run_after=None
[2025-04-30T00:37:03.946+0000] {processor.py:208} INFO - Processing /home/airflow/.local/lib/python3.12/site-packages/airflow/example_dags/example_sensor_decorator.py took 0.232 seconds
[2025-04-30T00:37:34.810+0000] {processor.py:186} INFO - Started process (PID=940) to work on /home/airflow/.local/lib/python3.12/site-packages/airflow/example_dags/example_sensor_decorator.py
[2025-04-30T00:37:34.812+0000] {processor.py:914} INFO - Processing file /home/airflow/.local/lib/python3.12/site-packages/airflow/example_dags/example_sensor_decorator.py for tasks to queue
[2025-04-30T00:37:34.817+0000] {logging_mixin.py:190} INFO - [2025-04-30T00:37:34.817+0000] {dagbag.py:587} INFO - Filling up the DagBag from /home/airflow/.local/lib/python3.12/site-packages/airflow/example_dags/example_sensor_decorator.py
[2025-04-30T00:37:34.834+0000] {processor.py:925} INFO - DAG(s) 'example_sensor_decorator' retrieved from /home/airflow/.local/lib/python3.12/site-packages/airflow/example_dags/example_sensor_decorator.py
[2025-04-30T00:37:34.887+0000] {logging_mixin.py:190} INFO - [2025-04-30T00:37:34.886+0000] {dag.py:3211} INFO - Sync 1 DAGs
[2025-04-30T00:37:34.923+0000] {logging_mixin.py:190} INFO - [2025-04-30T00:37:34.923+0000] {dag.py:4138} INFO - Setting next_dagrun for example_sensor_decorator to None, run_after=None
[2025-04-30T00:37:34.966+0000] {processor.py:208} INFO - Processing /home/airflow/.local/lib/python3.12/site-packages/airflow/example_dags/example_sensor_decorator.py took 0.169 seconds
[2025-04-30T00:38:05.328+0000] {processor.py:186} INFO - Started process (PID=1003) to work on /home/airflow/.local/lib/python3.12/site-packages/airflow/example_dags/example_sensor_decorator.py
[2025-04-30T00:38:05.330+0000] {processor.py:914} INFO - Processing file /home/airflow/.local/lib/python3.12/site-packages/airflow/example_dags/example_sensor_decorator.py for tasks to queue
[2025-04-30T00:38:05.338+0000] {logging_mixin.py:190} INFO - [2025-04-30T00:38:05.336+0000] {dagbag.py:587} INFO - Filling up the DagBag from /home/airflow/.local/lib/python3.12/site-packages/airflow/example_dags/example_sensor_decorator.py
[2025-04-30T00:38:05.356+0000] {processor.py:925} INFO - DAG(s) 'example_sensor_decorator' retrieved from /home/airflow/.local/lib/python3.12/site-packages/airflow/example_dags/example_sensor_decorator.py
[2025-04-30T00:38:05.409+0000] {logging_mixin.py:190} INFO - [2025-04-30T00:38:05.408+0000] {dag.py:3211} INFO - Sync 1 DAGs
[2025-04-30T00:38:05.449+0000] {logging_mixin.py:190} INFO - [2025-04-30T00:38:05.448+0000] {dag.py:4138} INFO - Setting next_dagrun for example_sensor_decorator to None, run_after=None
[2025-04-30T00:38:05.494+0000] {processor.py:208} INFO - Processing /home/airflow/.local/lib/python3.12/site-packages/airflow/example_dags/example_sensor_decorator.py took 0.182 seconds
[2025-04-30T00:38:36.211+0000] {processor.py:186} INFO - Started process (PID=1067) to work on /home/airflow/.local/lib/python3.12/site-packages/airflow/example_dags/example_sensor_decorator.py
[2025-04-30T00:38:36.213+0000] {processor.py:914} INFO - Processing file /home/airflow/.local/lib/python3.12/site-packages/airflow/example_dags/example_sensor_decorator.py for tasks to queue
[2025-04-30T00:38:36.220+0000] {logging_mixin.py:190} INFO - [2025-04-30T00:38:36.219+0000] {dagbag.py:587} INFO - Filling up the DagBag from /home/airflow/.local/lib/python3.12/site-packages/airflow/example_dags/example_sensor_decorator.py
[2025-04-30T00:38:36.236+0000] {processor.py:925} INFO - DAG(s) 'example_sensor_decorator' retrieved from /home/airflow/.local/lib/python3.12/site-packages/airflow/example_dags/example_sensor_decorator.py
[2025-04-30T00:38:36.282+0000] {logging_mixin.py:190} INFO - [2025-04-30T00:38:36.281+0000] {dag.py:3211} INFO - Sync 1 DAGs
[2025-04-30T00:38:36.323+0000] {logging_mixin.py:190} INFO - [2025-04-30T00:38:36.323+0000] {dag.py:4138} INFO - Setting next_dagrun for example_sensor_decorator to None, run_after=None
[2025-04-30T00:38:36.362+0000] {processor.py:208} INFO - Processing /home/airflow/.local/lib/python3.12/site-packages/airflow/example_dags/example_sensor_decorator.py took 0.162 seconds
[2025-04-30T00:39:07.477+0000] {processor.py:186} INFO - Started process (PID=1136) to work on /home/airflow/.local/lib/python3.12/site-packages/airflow/example_dags/example_sensor_decorator.py
[2025-04-30T00:39:07.480+0000] {processor.py:914} INFO - Processing file /home/airflow/.local/lib/python3.12/site-packages/airflow/example_dags/example_sensor_decorator.py for tasks to queue
[2025-04-30T00:39:07.486+0000] {logging_mixin.py:190} INFO - [2025-04-30T00:39:07.485+0000] {dagbag.py:587} INFO - Filling up the DagBag from /home/airflow/.local/lib/python3.12/site-packages/airflow/example_dags/example_sensor_decorator.py
[2025-04-30T00:39:07.504+0000] {processor.py:925} INFO - DAG(s) 'example_sensor_decorator' retrieved from /home/airflow/.local/lib/python3.12/site-packages/airflow/example_dags/example_sensor_decorator.py
[2025-04-30T00:39:07.550+0000] {logging_mixin.py:190} INFO - [2025-04-30T00:39:07.550+0000] {dag.py:3211} INFO - Sync 1 DAGs
[2025-04-30T00:39:07.582+0000] {logging_mixin.py:190} INFO - [2025-04-30T00:39:07.582+0000] {dag.py:4138} INFO - Setting next_dagrun for example_sensor_decorator to None, run_after=None
[2025-04-30T00:39:07.629+0000] {processor.py:208} INFO - Processing /home/airflow/.local/lib/python3.12/site-packages/airflow/example_dags/example_sensor_decorator.py took 0.165 seconds
[2025-04-30T00:39:38.351+0000] {processor.py:186} INFO - Started process (PID=1199) to work on /home/airflow/.local/lib/python3.12/site-packages/airflow/example_dags/example_sensor_decorator.py
[2025-04-30T00:39:38.353+0000] {processor.py:914} INFO - Processing file /home/airflow/.local/lib/python3.12/site-packages/airflow/example_dags/example_sensor_decorator.py for tasks to queue
[2025-04-30T00:39:38.358+0000] {logging_mixin.py:190} INFO - [2025-04-30T00:39:38.357+0000] {dagbag.py:587} INFO - Filling up the DagBag from /home/airflow/.local/lib/python3.12/site-packages/airflow/example_dags/example_sensor_decorator.py
[2025-04-30T00:39:38.375+0000] {processor.py:925} INFO - DAG(s) 'example_sensor_decorator' retrieved from /home/airflow/.local/lib/python3.12/site-packages/airflow/example_dags/example_sensor_decorator.py
[2025-04-30T00:39:38.414+0000] {logging_mixin.py:190} INFO - [2025-04-30T00:39:38.413+0000] {dag.py:3211} INFO - Sync 1 DAGs
[2025-04-30T00:39:38.445+0000] {logging_mixin.py:190} INFO - [2025-04-30T00:39:38.444+0000] {dag.py:4138} INFO - Setting next_dagrun for example_sensor_decorator to None, run_after=None
[2025-04-30T00:39:38.485+0000] {processor.py:208} INFO - Processing /home/airflow/.local/lib/python3.12/site-packages/airflow/example_dags/example_sensor_decorator.py took 0.146 seconds
[2025-04-30T00:40:09.270+0000] {processor.py:186} INFO - Started process (PID=1262) to work on /home/airflow/.local/lib/python3.12/site-packages/airflow/example_dags/example_sensor_decorator.py
[2025-04-30T00:40:09.272+0000] {processor.py:914} INFO - Processing file /home/airflow/.local/lib/python3.12/site-packages/airflow/example_dags/example_sensor_decorator.py for tasks to queue
[2025-04-30T00:40:09.277+0000] {logging_mixin.py:190} INFO - [2025-04-30T00:40:09.277+0000] {dagbag.py:587} INFO - Filling up the DagBag from /home/airflow/.local/lib/python3.12/site-packages/airflow/example_dags/example_sensor_decorator.py
[2025-04-30T00:40:09.296+0000] {processor.py:925} INFO - DAG(s) 'example_sensor_decorator' retrieved from /home/airflow/.local/lib/python3.12/site-packages/airflow/example_dags/example_sensor_decorator.py
[2025-04-30T00:40:09.341+0000] {logging_mixin.py:190} INFO - [2025-04-30T00:40:09.340+0000] {dag.py:3211} INFO - Sync 1 DAGs
[2025-04-30T00:40:09.373+0000] {logging_mixin.py:190} INFO - [2025-04-30T00:40:09.372+0000] {dag.py:4138} INFO - Setting next_dagrun for example_sensor_decorator to None, run_after=None
[2025-04-30T00:40:09.418+0000] {processor.py:208} INFO - Processing /home/airflow/.local/lib/python3.12/site-packages/airflow/example_dags/example_sensor_decorator.py took 0.161 seconds
[2025-04-30T00:40:39.852+0000] {processor.py:186} INFO - Started process (PID=1325) to work on /home/airflow/.local/lib/python3.12/site-packages/airflow/example_dags/example_sensor_decorator.py
[2025-04-30T00:40:39.854+0000] {processor.py:914} INFO - Processing file /home/airflow/.local/lib/python3.12/site-packages/airflow/example_dags/example_sensor_decorator.py for tasks to queue
[2025-04-30T00:40:39.859+0000] {logging_mixin.py:190} INFO - [2025-04-30T00:40:39.858+0000] {dagbag.py:587} INFO - Filling up the DagBag from /home/airflow/.local/lib/python3.12/site-packages/airflow/example_dags/example_sensor_decorator.py
[2025-04-30T00:40:39.874+0000] {processor.py:925} INFO - DAG(s) 'example_sensor_decorator' retrieved from /home/airflow/.local/lib/python3.12/site-packages/airflow/example_dags/example_sensor_decorator.py
[2025-04-30T00:40:39.912+0000] {logging_mixin.py:190} INFO - [2025-04-30T00:40:39.911+0000] {dag.py:3211} INFO - Sync 1 DAGs
[2025-04-30T00:40:39.939+0000] {logging_mixin.py:190} INFO - [2025-04-30T00:40:39.938+0000] {dag.py:4138} INFO - Setting next_dagrun for example_sensor_decorator to None, run_after=None
[2025-04-30T00:40:39.976+0000] {processor.py:208} INFO - Processing /home/airflow/.local/lib/python3.12/site-packages/airflow/example_dags/example_sensor_decorator.py took 0.135 seconds
[2025-04-30T00:41:10.652+0000] {processor.py:186} INFO - Started process (PID=1388) to work on /home/airflow/.local/lib/python3.12/site-packages/airflow/example_dags/example_sensor_decorator.py
[2025-04-30T00:41:10.656+0000] {processor.py:914} INFO - Processing file /home/airflow/.local/lib/python3.12/site-packages/airflow/example_dags/example_sensor_decorator.py for tasks to queue
[2025-04-30T00:41:10.667+0000] {logging_mixin.py:190} INFO - [2025-04-30T00:41:10.666+0000] {dagbag.py:587} INFO - Filling up the DagBag from /home/airflow/.local/lib/python3.12/site-packages/airflow/example_dags/example_sensor_decorator.py
[2025-04-30T00:41:10.689+0000] {processor.py:925} INFO - DAG(s) 'example_sensor_decorator' retrieved from /home/airflow/.local/lib/python3.12/site-packages/airflow/example_dags/example_sensor_decorator.py
[2025-04-30T00:41:10.745+0000] {logging_mixin.py:190} INFO - [2025-04-30T00:41:10.744+0000] {dag.py:3211} INFO - Sync 1 DAGs
[2025-04-30T00:41:10.788+0000] {logging_mixin.py:190} INFO - [2025-04-30T00:41:10.788+0000] {dag.py:4138} INFO - Setting next_dagrun for example_sensor_decorator to None, run_after=None
[2025-04-30T00:41:10.842+0000] {processor.py:208} INFO - Processing /home/airflow/.local/lib/python3.12/site-packages/airflow/example_dags/example_sensor_decorator.py took 0.207 seconds
[2025-04-30T00:41:42.163+0000] {processor.py:186} INFO - Started process (PID=1451) to work on /home/airflow/.local/lib/python3.12/site-packages/airflow/example_dags/example_sensor_decorator.py
[2025-04-30T00:41:42.166+0000] {processor.py:914} INFO - Processing file /home/airflow/.local/lib/python3.12/site-packages/airflow/example_dags/example_sensor_decorator.py for tasks to queue
[2025-04-30T00:41:42.173+0000] {logging_mixin.py:190} INFO - [2025-04-30T00:41:42.172+0000] {dagbag.py:587} INFO - Filling up the DagBag from /home/airflow/.local/lib/python3.12/site-packages/airflow/example_dags/example_sensor_decorator.py
[2025-04-30T00:41:42.195+0000] {processor.py:925} INFO - DAG(s) 'example_sensor_decorator' retrieved from /home/airflow/.local/lib/python3.12/site-packages/airflow/example_dags/example_sensor_decorator.py
[2025-04-30T00:41:42.249+0000] {logging_mixin.py:190} INFO - [2025-04-30T00:41:42.248+0000] {dag.py:3211} INFO - Sync 1 DAGs
[2025-04-30T00:41:42.289+0000] {logging_mixin.py:190} INFO - [2025-04-30T00:41:42.288+0000] {dag.py:4138} INFO - Setting next_dagrun for example_sensor_decorator to None, run_after=None
[2025-04-30T00:41:42.338+0000] {processor.py:208} INFO - Processing /home/airflow/.local/lib/python3.12/site-packages/airflow/example_dags/example_sensor_decorator.py took 0.190 seconds
[2025-04-30T00:42:12.659+0000] {processor.py:186} INFO - Started process (PID=1518) to work on /home/airflow/.local/lib/python3.12/site-packages/airflow/example_dags/example_sensor_decorator.py
[2025-04-30T00:42:12.661+0000] {processor.py:914} INFO - Processing file /home/airflow/.local/lib/python3.12/site-packages/airflow/example_dags/example_sensor_decorator.py for tasks to queue
[2025-04-30T00:42:12.665+0000] {logging_mixin.py:190} INFO - [2025-04-30T00:42:12.664+0000] {dagbag.py:587} INFO - Filling up the DagBag from /home/airflow/.local/lib/python3.12/site-packages/airflow/example_dags/example_sensor_decorator.py
[2025-04-30T00:42:12.691+0000] {processor.py:925} INFO - DAG(s) 'example_sensor_decorator' retrieved from /home/airflow/.local/lib/python3.12/site-packages/airflow/example_dags/example_sensor_decorator.py
[2025-04-30T00:42:12.748+0000] {logging_mixin.py:190} INFO - [2025-04-30T00:42:12.748+0000] {dag.py:3211} INFO - Sync 1 DAGs
[2025-04-30T00:42:12.805+0000] {logging_mixin.py:190} INFO - [2025-04-30T00:42:12.804+0000] {dag.py:4138} INFO - Setting next_dagrun for example_sensor_decorator to None, run_after=None
[2025-04-30T00:42:12.919+0000] {processor.py:208} INFO - Processing /home/airflow/.local/lib/python3.12/site-packages/airflow/example_dags/example_sensor_decorator.py took 0.280 seconds
[2025-04-30T00:42:43.555+0000] {processor.py:186} INFO - Started process (PID=1581) to work on /home/airflow/.local/lib/python3.12/site-packages/airflow/example_dags/example_sensor_decorator.py
[2025-04-30T00:42:43.557+0000] {processor.py:914} INFO - Processing file /home/airflow/.local/lib/python3.12/site-packages/airflow/example_dags/example_sensor_decorator.py for tasks to queue
[2025-04-30T00:42:43.560+0000] {logging_mixin.py:190} INFO - [2025-04-30T00:42:43.560+0000] {dagbag.py:587} INFO - Filling up the DagBag from /home/airflow/.local/lib/python3.12/site-packages/airflow/example_dags/example_sensor_decorator.py
[2025-04-30T00:42:43.580+0000] {processor.py:925} INFO - DAG(s) 'example_sensor_decorator' retrieved from /home/airflow/.local/lib/python3.12/site-packages/airflow/example_dags/example_sensor_decorator.py
[2025-04-30T00:42:43.622+0000] {logging_mixin.py:190} INFO - [2025-04-30T00:42:43.622+0000] {dag.py:3211} INFO - Sync 1 DAGs
[2025-04-30T00:42:43.654+0000] {logging_mixin.py:190} INFO - [2025-04-30T00:42:43.654+0000] {dag.py:4138} INFO - Setting next_dagrun for example_sensor_decorator to None, run_after=None
[2025-04-30T00:42:43.703+0000] {processor.py:208} INFO - Processing /home/airflow/.local/lib/python3.12/site-packages/airflow/example_dags/example_sensor_decorator.py took 0.167 seconds
[2025-04-30T00:43:14.239+0000] {processor.py:186} INFO - Started process (PID=1644) to work on /home/airflow/.local/lib/python3.12/site-packages/airflow/example_dags/example_sensor_decorator.py
[2025-04-30T00:43:14.242+0000] {processor.py:914} INFO - Processing file /home/airflow/.local/lib/python3.12/site-packages/airflow/example_dags/example_sensor_decorator.py for tasks to queue
[2025-04-30T00:43:14.245+0000] {logging_mixin.py:190} INFO - [2025-04-30T00:43:14.244+0000] {dagbag.py:587} INFO - Filling up the DagBag from /home/airflow/.local/lib/python3.12/site-packages/airflow/example_dags/example_sensor_decorator.py
[2025-04-30T00:43:14.260+0000] {processor.py:925} INFO - DAG(s) 'example_sensor_decorator' retrieved from /home/airflow/.local/lib/python3.12/site-packages/airflow/example_dags/example_sensor_decorator.py
[2025-04-30T00:43:14.300+0000] {logging_mixin.py:190} INFO - [2025-04-30T00:43:14.300+0000] {dag.py:3211} INFO - Sync 1 DAGs
[2025-04-30T00:43:14.334+0000] {logging_mixin.py:190} INFO - [2025-04-30T00:43:14.333+0000] {dag.py:4138} INFO - Setting next_dagrun for example_sensor_decorator to None, run_after=None
[2025-04-30T00:43:14.375+0000] {processor.py:208} INFO - Processing /home/airflow/.local/lib/python3.12/site-packages/airflow/example_dags/example_sensor_decorator.py took 0.147 seconds
[2025-04-30T00:43:46.073+0000] {processor.py:186} INFO - Started process (PID=1707) to work on /home/airflow/.local/lib/python3.12/site-packages/airflow/example_dags/example_sensor_decorator.py
[2025-04-30T00:43:46.076+0000] {processor.py:914} INFO - Processing file /home/airflow/.local/lib/python3.12/site-packages/airflow/example_dags/example_sensor_decorator.py for tasks to queue
[2025-04-30T00:43:46.079+0000] {logging_mixin.py:190} INFO - [2025-04-30T00:43:46.078+0000] {dagbag.py:587} INFO - Filling up the DagBag from /home/airflow/.local/lib/python3.12/site-packages/airflow/example_dags/example_sensor_decorator.py
[2025-04-30T00:43:46.100+0000] {processor.py:925} INFO - DAG(s) 'example_sensor_decorator' retrieved from /home/airflow/.local/lib/python3.12/site-packages/airflow/example_dags/example_sensor_decorator.py
[2025-04-30T00:43:46.158+0000] {logging_mixin.py:190} INFO - [2025-04-30T00:43:46.156+0000] {dag.py:3211} INFO - Sync 1 DAGs
[2025-04-30T00:43:46.226+0000] {logging_mixin.py:190} INFO - [2025-04-30T00:43:46.225+0000] {dag.py:4138} INFO - Setting next_dagrun for example_sensor_decorator to None, run_after=None
[2025-04-30T00:43:46.317+0000] {processor.py:208} INFO - Processing /home/airflow/.local/lib/python3.12/site-packages/airflow/example_dags/example_sensor_decorator.py took 0.259 seconds
[2025-04-30T00:44:16.436+0000] {processor.py:186} INFO - Started process (PID=1770) to work on /home/airflow/.local/lib/python3.12/site-packages/airflow/example_dags/example_sensor_decorator.py
[2025-04-30T00:44:16.438+0000] {processor.py:914} INFO - Processing file /home/airflow/.local/lib/python3.12/site-packages/airflow/example_dags/example_sensor_decorator.py for tasks to queue
[2025-04-30T00:44:16.440+0000] {logging_mixin.py:190} INFO - [2025-04-30T00:44:16.440+0000] {dagbag.py:587} INFO - Filling up the DagBag from /home/airflow/.local/lib/python3.12/site-packages/airflow/example_dags/example_sensor_decorator.py
[2025-04-30T00:44:16.449+0000] {processor.py:925} INFO - DAG(s) 'example_sensor_decorator' retrieved from /home/airflow/.local/lib/python3.12/site-packages/airflow/example_dags/example_sensor_decorator.py
[2025-04-30T00:44:16.473+0000] {logging_mixin.py:190} INFO - [2025-04-30T00:44:16.473+0000] {dag.py:3211} INFO - Sync 1 DAGs
[2025-04-30T00:44:16.491+0000] {logging_mixin.py:190} INFO - [2025-04-30T00:44:16.491+0000] {dag.py:4138} INFO - Setting next_dagrun for example_sensor_decorator to None, run_after=None
[2025-04-30T00:44:16.516+0000] {processor.py:208} INFO - Processing /home/airflow/.local/lib/python3.12/site-packages/airflow/example_dags/example_sensor_decorator.py took 0.086 seconds
[2025-04-30T00:44:47.042+0000] {processor.py:186} INFO - Started process (PID=1833) to work on /home/airflow/.local/lib/python3.12/site-packages/airflow/example_dags/example_sensor_decorator.py
[2025-04-30T00:44:47.043+0000] {processor.py:914} INFO - Processing file /home/airflow/.local/lib/python3.12/site-packages/airflow/example_dags/example_sensor_decorator.py for tasks to queue
[2025-04-30T00:44:47.046+0000] {logging_mixin.py:190} INFO - [2025-04-30T00:44:47.045+0000] {dagbag.py:587} INFO - Filling up the DagBag from /home/airflow/.local/lib/python3.12/site-packages/airflow/example_dags/example_sensor_decorator.py
[2025-04-30T00:44:47.061+0000] {processor.py:925} INFO - DAG(s) 'example_sensor_decorator' retrieved from /home/airflow/.local/lib/python3.12/site-packages/airflow/example_dags/example_sensor_decorator.py
[2025-04-30T00:44:47.098+0000] {logging_mixin.py:190} INFO - [2025-04-30T00:44:47.098+0000] {dag.py:3211} INFO - Sync 1 DAGs
[2025-04-30T00:44:47.122+0000] {logging_mixin.py:190} INFO - [2025-04-30T00:44:47.122+0000] {dag.py:4138} INFO - Setting next_dagrun for example_sensor_decorator to None, run_after=None
[2025-04-30T00:44:47.156+0000] {processor.py:208} INFO - Processing /home/airflow/.local/lib/python3.12/site-packages/airflow/example_dags/example_sensor_decorator.py took 0.126 seconds
[2025-04-30T00:45:17.541+0000] {processor.py:186} INFO - Started process (PID=1896) to work on /home/airflow/.local/lib/python3.12/site-packages/airflow/example_dags/example_sensor_decorator.py
[2025-04-30T00:45:17.542+0000] {processor.py:914} INFO - Processing file /home/airflow/.local/lib/python3.12/site-packages/airflow/example_dags/example_sensor_decorator.py for tasks to queue
[2025-04-30T00:45:17.544+0000] {logging_mixin.py:190} INFO - [2025-04-30T00:45:17.543+0000] {dagbag.py:587} INFO - Filling up the DagBag from /home/airflow/.local/lib/python3.12/site-packages/airflow/example_dags/example_sensor_decorator.py
[2025-04-30T00:45:17.553+0000] {processor.py:925} INFO - DAG(s) 'example_sensor_decorator' retrieved from /home/airflow/.local/lib/python3.12/site-packages/airflow/example_dags/example_sensor_decorator.py
[2025-04-30T00:45:17.578+0000] {logging_mixin.py:190} INFO - [2025-04-30T00:45:17.577+0000] {dag.py:3211} INFO - Sync 1 DAGs
[2025-04-30T00:45:17.595+0000] {logging_mixin.py:190} INFO - [2025-04-30T00:45:17.595+0000] {dag.py:4138} INFO - Setting next_dagrun for example_sensor_decorator to None, run_after=None
[2025-04-30T00:45:17.619+0000] {processor.py:208} INFO - Processing /home/airflow/.local/lib/python3.12/site-packages/airflow/example_dags/example_sensor_decorator.py took 0.085 seconds
[2025-04-30T00:45:48.508+0000] {processor.py:186} INFO - Started process (PID=1959) to work on /home/airflow/.local/lib/python3.12/site-packages/airflow/example_dags/example_sensor_decorator.py
[2025-04-30T00:45:48.509+0000] {processor.py:914} INFO - Processing file /home/airflow/.local/lib/python3.12/site-packages/airflow/example_dags/example_sensor_decorator.py for tasks to queue
[2025-04-30T00:45:48.511+0000] {logging_mixin.py:190} INFO - [2025-04-30T00:45:48.511+0000] {dagbag.py:587} INFO - Filling up the DagBag from /home/airflow/.local/lib/python3.12/site-packages/airflow/example_dags/example_sensor_decorator.py
[2025-04-30T00:45:48.522+0000] {processor.py:925} INFO - DAG(s) 'example_sensor_decorator' retrieved from /home/airflow/.local/lib/python3.12/site-packages/airflow/example_dags/example_sensor_decorator.py
[2025-04-30T00:45:48.546+0000] {logging_mixin.py:190} INFO - [2025-04-30T00:45:48.546+0000] {dag.py:3211} INFO - Sync 1 DAGs
[2025-04-30T00:45:48.566+0000] {logging_mixin.py:190} INFO - [2025-04-30T00:45:48.565+0000] {dag.py:4138} INFO - Setting next_dagrun for example_sensor_decorator to None, run_after=None
[2025-04-30T00:45:48.589+0000] {processor.py:208} INFO - Processing /home/airflow/.local/lib/python3.12/site-packages/airflow/example_dags/example_sensor_decorator.py took 0.088 seconds
[2025-04-30T00:46:18.972+0000] {processor.py:186} INFO - Started process (PID=2028) to work on /home/airflow/.local/lib/python3.12/site-packages/airflow/example_dags/example_sensor_decorator.py
[2025-04-30T00:46:18.973+0000] {processor.py:914} INFO - Processing file /home/airflow/.local/lib/python3.12/site-packages/airflow/example_dags/example_sensor_decorator.py for tasks to queue
[2025-04-30T00:46:18.974+0000] {logging_mixin.py:190} INFO - [2025-04-30T00:46:18.974+0000] {dagbag.py:587} INFO - Filling up the DagBag from /home/airflow/.local/lib/python3.12/site-packages/airflow/example_dags/example_sensor_decorator.py
[2025-04-30T00:46:18.983+0000] {processor.py:925} INFO - DAG(s) 'example_sensor_decorator' retrieved from /home/airflow/.local/lib/python3.12/site-packages/airflow/example_dags/example_sensor_decorator.py
[2025-04-30T00:46:19.006+0000] {logging_mixin.py:190} INFO - [2025-04-30T00:46:19.006+0000] {dag.py:3211} INFO - Sync 1 DAGs
[2025-04-30T00:46:19.022+0000] {logging_mixin.py:190} INFO - [2025-04-30T00:46:19.022+0000] {dag.py:4138} INFO - Setting next_dagrun for example_sensor_decorator to None, run_after=None
[2025-04-30T00:46:19.044+0000] {processor.py:208} INFO - Processing /home/airflow/.local/lib/python3.12/site-packages/airflow/example_dags/example_sensor_decorator.py took 0.079 seconds
[2025-04-30T00:46:49.379+0000] {processor.py:186} INFO - Started process (PID=2091) to work on /home/airflow/.local/lib/python3.12/site-packages/airflow/example_dags/example_sensor_decorator.py
[2025-04-30T00:46:49.381+0000] {processor.py:914} INFO - Processing file /home/airflow/.local/lib/python3.12/site-packages/airflow/example_dags/example_sensor_decorator.py for tasks to queue
[2025-04-30T00:46:49.382+0000] {logging_mixin.py:190} INFO - [2025-04-30T00:46:49.382+0000] {dagbag.py:587} INFO - Filling up the DagBag from /home/airflow/.local/lib/python3.12/site-packages/airflow/example_dags/example_sensor_decorator.py
[2025-04-30T00:46:49.392+0000] {processor.py:925} INFO - DAG(s) 'example_sensor_decorator' retrieved from /home/airflow/.local/lib/python3.12/site-packages/airflow/example_dags/example_sensor_decorator.py
[2025-04-30T00:46:49.418+0000] {logging_mixin.py:190} INFO - [2025-04-30T00:46:49.418+0000] {dag.py:3211} INFO - Sync 1 DAGs
[2025-04-30T00:46:49.438+0000] {logging_mixin.py:190} INFO - [2025-04-30T00:46:49.438+0000] {dag.py:4138} INFO - Setting next_dagrun for example_sensor_decorator to None, run_after=None
[2025-04-30T00:46:49.465+0000] {processor.py:208} INFO - Processing /home/airflow/.local/lib/python3.12/site-packages/airflow/example_dags/example_sensor_decorator.py took 0.093 seconds
[2025-04-30T00:47:20.205+0000] {processor.py:186} INFO - Started process (PID=2154) to work on /home/airflow/.local/lib/python3.12/site-packages/airflow/example_dags/example_sensor_decorator.py
[2025-04-30T00:47:20.207+0000] {processor.py:914} INFO - Processing file /home/airflow/.local/lib/python3.12/site-packages/airflow/example_dags/example_sensor_decorator.py for tasks to queue
[2025-04-30T00:47:20.209+0000] {logging_mixin.py:190} INFO - [2025-04-30T00:47:20.208+0000] {dagbag.py:587} INFO - Filling up the DagBag from /home/airflow/.local/lib/python3.12/site-packages/airflow/example_dags/example_sensor_decorator.py
[2025-04-30T00:47:20.220+0000] {processor.py:925} INFO - DAG(s) 'example_sensor_decorator' retrieved from /home/airflow/.local/lib/python3.12/site-packages/airflow/example_dags/example_sensor_decorator.py
[2025-04-30T00:47:20.246+0000] {logging_mixin.py:190} INFO - [2025-04-30T00:47:20.246+0000] {dag.py:3211} INFO - Sync 1 DAGs
[2025-04-30T00:47:20.265+0000] {logging_mixin.py:190} INFO - [2025-04-30T00:47:20.264+0000] {dag.py:4138} INFO - Setting next_dagrun for example_sensor_decorator to None, run_after=None
[2025-04-30T00:47:20.291+0000] {processor.py:208} INFO - Processing /home/airflow/.local/lib/python3.12/site-packages/airflow/example_dags/example_sensor_decorator.py took 0.095 seconds
[2025-04-30T00:47:50.339+0000] {processor.py:186} INFO - Started process (PID=2217) to work on /home/airflow/.local/lib/python3.12/site-packages/airflow/example_dags/example_sensor_decorator.py
[2025-04-30T00:47:50.340+0000] {processor.py:914} INFO - Processing file /home/airflow/.local/lib/python3.12/site-packages/airflow/example_dags/example_sensor_decorator.py for tasks to queue
[2025-04-30T00:47:50.342+0000] {logging_mixin.py:190} INFO - [2025-04-30T00:47:50.341+0000] {dagbag.py:587} INFO - Filling up the DagBag from /home/airflow/.local/lib/python3.12/site-packages/airflow/example_dags/example_sensor_decorator.py
[2025-04-30T00:47:50.351+0000] {processor.py:925} INFO - DAG(s) 'example_sensor_decorator' retrieved from /home/airflow/.local/lib/python3.12/site-packages/airflow/example_dags/example_sensor_decorator.py
[2025-04-30T00:47:50.375+0000] {logging_mixin.py:190} INFO - [2025-04-30T00:47:50.375+0000] {dag.py:3211} INFO - Sync 1 DAGs
[2025-04-30T00:47:50.395+0000] {logging_mixin.py:190} INFO - [2025-04-30T00:47:50.395+0000] {dag.py:4138} INFO - Setting next_dagrun for example_sensor_decorator to None, run_after=None
[2025-04-30T00:47:50.416+0000] {processor.py:208} INFO - Processing /home/airflow/.local/lib/python3.12/site-packages/airflow/example_dags/example_sensor_decorator.py took 0.084 seconds
[2025-04-30T00:48:21.354+0000] {processor.py:186} INFO - Started process (PID=2280) to work on /home/airflow/.local/lib/python3.12/site-packages/airflow/example_dags/example_sensor_decorator.py
[2025-04-30T00:48:21.356+0000] {processor.py:914} INFO - Processing file /home/airflow/.local/lib/python3.12/site-packages/airflow/example_dags/example_sensor_decorator.py for tasks to queue
[2025-04-30T00:48:21.358+0000] {logging_mixin.py:190} INFO - [2025-04-30T00:48:21.358+0000] {dagbag.py:587} INFO - Filling up the DagBag from /home/airflow/.local/lib/python3.12/site-packages/airflow/example_dags/example_sensor_decorator.py
[2025-04-30T00:48:21.372+0000] {processor.py:925} INFO - DAG(s) 'example_sensor_decorator' retrieved from /home/airflow/.local/lib/python3.12/site-packages/airflow/example_dags/example_sensor_decorator.py
[2025-04-30T00:48:21.405+0000] {logging_mixin.py:190} INFO - [2025-04-30T00:48:21.405+0000] {dag.py:3211} INFO - Sync 1 DAGs
[2025-04-30T00:48:21.433+0000] {logging_mixin.py:190} INFO - [2025-04-30T00:48:21.432+0000] {dag.py:4138} INFO - Setting next_dagrun for example_sensor_decorator to None, run_after=None
[2025-04-30T00:48:21.473+0000] {processor.py:208} INFO - Processing /home/airflow/.local/lib/python3.12/site-packages/airflow/example_dags/example_sensor_decorator.py took 0.128 seconds
[2025-04-30T00:48:52.411+0000] {processor.py:186} INFO - Started process (PID=2343) to work on /home/airflow/.local/lib/python3.12/site-packages/airflow/example_dags/example_sensor_decorator.py
[2025-04-30T00:48:52.413+0000] {processor.py:914} INFO - Processing file /home/airflow/.local/lib/python3.12/site-packages/airflow/example_dags/example_sensor_decorator.py for tasks to queue
[2025-04-30T00:48:52.415+0000] {logging_mixin.py:190} INFO - [2025-04-30T00:48:52.414+0000] {dagbag.py:587} INFO - Filling up the DagBag from /home/airflow/.local/lib/python3.12/site-packages/airflow/example_dags/example_sensor_decorator.py
[2025-04-30T00:48:52.428+0000] {processor.py:925} INFO - DAG(s) 'example_sensor_decorator' retrieved from /home/airflow/.local/lib/python3.12/site-packages/airflow/example_dags/example_sensor_decorator.py
[2025-04-30T00:48:52.464+0000] {logging_mixin.py:190} INFO - [2025-04-30T00:48:52.463+0000] {dag.py:3211} INFO - Sync 1 DAGs
[2025-04-30T00:48:52.490+0000] {logging_mixin.py:190} INFO - [2025-04-30T00:48:52.490+0000] {dag.py:4138} INFO - Setting next_dagrun for example_sensor_decorator to None, run_after=None
[2025-04-30T00:48:52.513+0000] {processor.py:208} INFO - Processing /home/airflow/.local/lib/python3.12/site-packages/airflow/example_dags/example_sensor_decorator.py took 0.110 seconds
[2025-04-30T00:49:22.880+0000] {processor.py:186} INFO - Started process (PID=2406) to work on /home/airflow/.local/lib/python3.12/site-packages/airflow/example_dags/example_sensor_decorator.py
[2025-04-30T00:49:22.882+0000] {processor.py:914} INFO - Processing file /home/airflow/.local/lib/python3.12/site-packages/airflow/example_dags/example_sensor_decorator.py for tasks to queue
[2025-04-30T00:49:22.883+0000] {logging_mixin.py:190} INFO - [2025-04-30T00:49:22.883+0000] {dagbag.py:587} INFO - Filling up the DagBag from /home/airflow/.local/lib/python3.12/site-packages/airflow/example_dags/example_sensor_decorator.py
[2025-04-30T00:49:22.896+0000] {processor.py:925} INFO - DAG(s) 'example_sensor_decorator' retrieved from /home/airflow/.local/lib/python3.12/site-packages/airflow/example_dags/example_sensor_decorator.py
[2025-04-30T00:49:22.926+0000] {logging_mixin.py:190} INFO - [2025-04-30T00:49:22.925+0000] {dag.py:3211} INFO - Sync 1 DAGs
[2025-04-30T00:49:22.954+0000] {logging_mixin.py:190} INFO - [2025-04-30T00:49:22.953+0000] {dag.py:4138} INFO - Setting next_dagrun for example_sensor_decorator to None, run_after=None
[2025-04-30T00:49:22.982+0000] {processor.py:208} INFO - Processing /home/airflow/.local/lib/python3.12/site-packages/airflow/example_dags/example_sensor_decorator.py took 0.111 seconds
[2025-04-30T00:49:53.661+0000] {processor.py:186} INFO - Started process (PID=2469) to work on /home/airflow/.local/lib/python3.12/site-packages/airflow/example_dags/example_sensor_decorator.py
[2025-04-30T00:49:53.663+0000] {processor.py:914} INFO - Processing file /home/airflow/.local/lib/python3.12/site-packages/airflow/example_dags/example_sensor_decorator.py for tasks to queue
[2025-04-30T00:49:53.664+0000] {logging_mixin.py:190} INFO - [2025-04-30T00:49:53.664+0000] {dagbag.py:587} INFO - Filling up the DagBag from /home/airflow/.local/lib/python3.12/site-packages/airflow/example_dags/example_sensor_decorator.py
[2025-04-30T00:49:53.677+0000] {processor.py:925} INFO - DAG(s) 'example_sensor_decorator' retrieved from /home/airflow/.local/lib/python3.12/site-packages/airflow/example_dags/example_sensor_decorator.py
[2025-04-30T00:49:53.706+0000] {logging_mixin.py:190} INFO - [2025-04-30T00:49:53.706+0000] {dag.py:3211} INFO - Sync 1 DAGs
[2025-04-30T00:49:53.724+0000] {logging_mixin.py:190} INFO - [2025-04-30T00:49:53.723+0000] {dag.py:4138} INFO - Setting next_dagrun for example_sensor_decorator to None, run_after=None
[2025-04-30T00:49:53.743+0000] {processor.py:208} INFO - Processing /home/airflow/.local/lib/python3.12/site-packages/airflow/example_dags/example_sensor_decorator.py took 0.090 seconds
[2025-04-30T00:50:24.119+0000] {processor.py:186} INFO - Started process (PID=2533) to work on /home/airflow/.local/lib/python3.12/site-packages/airflow/example_dags/example_sensor_decorator.py
[2025-04-30T00:50:24.120+0000] {processor.py:914} INFO - Processing file /home/airflow/.local/lib/python3.12/site-packages/airflow/example_dags/example_sensor_decorator.py for tasks to queue
[2025-04-30T00:50:24.122+0000] {logging_mixin.py:190} INFO - [2025-04-30T00:50:24.121+0000] {dagbag.py:587} INFO - Filling up the DagBag from /home/airflow/.local/lib/python3.12/site-packages/airflow/example_dags/example_sensor_decorator.py
[2025-04-30T00:50:24.132+0000] {processor.py:925} INFO - DAG(s) 'example_sensor_decorator' retrieved from /home/airflow/.local/lib/python3.12/site-packages/airflow/example_dags/example_sensor_decorator.py
[2025-04-30T00:50:24.156+0000] {logging_mixin.py:190} INFO - [2025-04-30T00:50:24.156+0000] {dag.py:3211} INFO - Sync 1 DAGs
[2025-04-30T00:50:24.180+0000] {logging_mixin.py:190} INFO - [2025-04-30T00:50:24.179+0000] {dag.py:4138} INFO - Setting next_dagrun for example_sensor_decorator to None, run_after=None
[2025-04-30T00:50:24.203+0000] {processor.py:208} INFO - Processing /home/airflow/.local/lib/python3.12/site-packages/airflow/example_dags/example_sensor_decorator.py took 0.092 seconds
[2025-04-30T00:50:54.909+0000] {processor.py:186} INFO - Started process (PID=2596) to work on /home/airflow/.local/lib/python3.12/site-packages/airflow/example_dags/example_sensor_decorator.py
[2025-04-30T00:50:54.911+0000] {processor.py:914} INFO - Processing file /home/airflow/.local/lib/python3.12/site-packages/airflow/example_dags/example_sensor_decorator.py for tasks to queue
[2025-04-30T00:50:54.912+0000] {logging_mixin.py:190} INFO - [2025-04-30T00:50:54.912+0000] {dagbag.py:587} INFO - Filling up the DagBag from /home/airflow/.local/lib/python3.12/site-packages/airflow/example_dags/example_sensor_decorator.py
[2025-04-30T00:50:54.926+0000] {processor.py:925} INFO - DAG(s) 'example_sensor_decorator' retrieved from /home/airflow/.local/lib/python3.12/site-packages/airflow/example_dags/example_sensor_decorator.py
[2025-04-30T00:50:54.956+0000] {logging_mixin.py:190} INFO - [2025-04-30T00:50:54.956+0000] {dag.py:3211} INFO - Sync 1 DAGs
[2025-04-30T00:50:54.973+0000] {logging_mixin.py:190} INFO - [2025-04-30T00:50:54.973+0000] {dag.py:4138} INFO - Setting next_dagrun for example_sensor_decorator to None, run_after=None
[2025-04-30T00:50:54.999+0000] {processor.py:208} INFO - Processing /home/airflow/.local/lib/python3.12/site-packages/airflow/example_dags/example_sensor_decorator.py took 0.097 seconds
[2025-04-30T00:51:25.346+0000] {processor.py:186} INFO - Started process (PID=2659) to work on /home/airflow/.local/lib/python3.12/site-packages/airflow/example_dags/example_sensor_decorator.py
[2025-04-30T00:51:25.348+0000] {processor.py:914} INFO - Processing file /home/airflow/.local/lib/python3.12/site-packages/airflow/example_dags/example_sensor_decorator.py for tasks to queue
[2025-04-30T00:51:25.350+0000] {logging_mixin.py:190} INFO - [2025-04-30T00:51:25.349+0000] {dagbag.py:587} INFO - Filling up the DagBag from /home/airflow/.local/lib/python3.12/site-packages/airflow/example_dags/example_sensor_decorator.py
[2025-04-30T00:51:25.361+0000] {processor.py:925} INFO - DAG(s) 'example_sensor_decorator' retrieved from /home/airflow/.local/lib/python3.12/site-packages/airflow/example_dags/example_sensor_decorator.py
[2025-04-30T00:51:25.389+0000] {logging_mixin.py:190} INFO - [2025-04-30T00:51:25.388+0000] {dag.py:3211} INFO - Sync 1 DAGs
[2025-04-30T00:51:25.411+0000] {logging_mixin.py:190} INFO - [2025-04-30T00:51:25.410+0000] {dag.py:4138} INFO - Setting next_dagrun for example_sensor_decorator to None, run_after=None
[2025-04-30T00:51:25.434+0000] {processor.py:208} INFO - Processing /home/airflow/.local/lib/python3.12/site-packages/airflow/example_dags/example_sensor_decorator.py took 0.095 seconds
[2025-04-30T00:59:35.205+0000] {processor.py:186} INFO - Started process (PID=2747) to work on /home/airflow/.local/lib/python3.12/site-packages/airflow/example_dags/example_sensor_decorator.py
[2025-04-30T00:59:35.207+0000] {processor.py:914} INFO - Processing file /home/airflow/.local/lib/python3.12/site-packages/airflow/example_dags/example_sensor_decorator.py for tasks to queue
[2025-04-30T00:59:35.210+0000] {logging_mixin.py:190} INFO - [2025-04-30T00:59:35.209+0000] {dagbag.py:587} INFO - Filling up the DagBag from /home/airflow/.local/lib/python3.12/site-packages/airflow/example_dags/example_sensor_decorator.py
[2025-04-30T00:59:35.239+0000] {processor.py:925} INFO - DAG(s) 'example_sensor_decorator' retrieved from /home/airflow/.local/lib/python3.12/site-packages/airflow/example_dags/example_sensor_decorator.py
[2025-04-30T00:59:35.289+0000] {logging_mixin.py:190} INFO - [2025-04-30T00:59:35.289+0000] {dag.py:3211} INFO - Sync 1 DAGs
[2025-04-30T00:59:35.316+0000] {logging_mixin.py:190} INFO - [2025-04-30T00:59:35.316+0000] {dag.py:4138} INFO - Setting next_dagrun for example_sensor_decorator to None, run_after=None
[2025-04-30T00:59:35.351+0000] {processor.py:208} INFO - Processing /home/airflow/.local/lib/python3.12/site-packages/airflow/example_dags/example_sensor_decorator.py took 0.157 seconds
[2025-04-30T01:00:05.619+0000] {processor.py:186} INFO - Started process (PID=2810) to work on /home/airflow/.local/lib/python3.12/site-packages/airflow/example_dags/example_sensor_decorator.py
[2025-04-30T01:00:05.621+0000] {processor.py:914} INFO - Processing file /home/airflow/.local/lib/python3.12/site-packages/airflow/example_dags/example_sensor_decorator.py for tasks to queue
[2025-04-30T01:00:05.622+0000] {logging_mixin.py:190} INFO - [2025-04-30T01:00:05.622+0000] {dagbag.py:587} INFO - Filling up the DagBag from /home/airflow/.local/lib/python3.12/site-packages/airflow/example_dags/example_sensor_decorator.py
[2025-04-30T01:00:05.631+0000] {processor.py:925} INFO - DAG(s) 'example_sensor_decorator' retrieved from /home/airflow/.local/lib/python3.12/site-packages/airflow/example_dags/example_sensor_decorator.py
[2025-04-30T01:00:05.666+0000] {logging_mixin.py:190} INFO - [2025-04-30T01:00:05.666+0000] {dag.py:3211} INFO - Sync 1 DAGs
[2025-04-30T01:00:05.690+0000] {logging_mixin.py:190} INFO - [2025-04-30T01:00:05.690+0000] {dag.py:4138} INFO - Setting next_dagrun for example_sensor_decorator to None, run_after=None
[2025-04-30T01:00:05.714+0000] {processor.py:208} INFO - Processing /home/airflow/.local/lib/python3.12/site-packages/airflow/example_dags/example_sensor_decorator.py took 0.104 seconds
[2025-04-30T01:00:36.025+0000] {processor.py:186} INFO - Started process (PID=2878) to work on /home/airflow/.local/lib/python3.12/site-packages/airflow/example_dags/example_sensor_decorator.py
[2025-04-30T01:00:36.026+0000] {processor.py:914} INFO - Processing file /home/airflow/.local/lib/python3.12/site-packages/airflow/example_dags/example_sensor_decorator.py for tasks to queue
[2025-04-30T01:00:36.027+0000] {logging_mixin.py:190} INFO - [2025-04-30T01:00:36.027+0000] {dagbag.py:587} INFO - Filling up the DagBag from /home/airflow/.local/lib/python3.12/site-packages/airflow/example_dags/example_sensor_decorator.py
[2025-04-30T01:00:36.036+0000] {processor.py:925} INFO - DAG(s) 'example_sensor_decorator' retrieved from /home/airflow/.local/lib/python3.12/site-packages/airflow/example_dags/example_sensor_decorator.py
[2025-04-30T01:00:36.058+0000] {logging_mixin.py:190} INFO - [2025-04-30T01:00:36.058+0000] {dag.py:3211} INFO - Sync 1 DAGs
[2025-04-30T01:00:36.073+0000] {logging_mixin.py:190} INFO - [2025-04-30T01:00:36.073+0000] {dag.py:4138} INFO - Setting next_dagrun for example_sensor_decorator to None, run_after=None
[2025-04-30T01:00:36.094+0000] {processor.py:208} INFO - Processing /home/airflow/.local/lib/python3.12/site-packages/airflow/example_dags/example_sensor_decorator.py took 0.076 seconds
[2025-04-30T01:01:06.752+0000] {processor.py:186} INFO - Started process (PID=2942) to work on /home/airflow/.local/lib/python3.12/site-packages/airflow/example_dags/example_sensor_decorator.py
[2025-04-30T01:01:06.754+0000] {processor.py:914} INFO - Processing file /home/airflow/.local/lib/python3.12/site-packages/airflow/example_dags/example_sensor_decorator.py for tasks to queue
[2025-04-30T01:01:06.756+0000] {logging_mixin.py:190} INFO - [2025-04-30T01:01:06.755+0000] {dagbag.py:587} INFO - Filling up the DagBag from /home/airflow/.local/lib/python3.12/site-packages/airflow/example_dags/example_sensor_decorator.py
[2025-04-30T01:01:06.768+0000] {processor.py:925} INFO - DAG(s) 'example_sensor_decorator' retrieved from /home/airflow/.local/lib/python3.12/site-packages/airflow/example_dags/example_sensor_decorator.py
[2025-04-30T01:01:06.798+0000] {logging_mixin.py:190} INFO - [2025-04-30T01:01:06.797+0000] {dag.py:3211} INFO - Sync 1 DAGs
[2025-04-30T01:01:06.815+0000] {logging_mixin.py:190} INFO - [2025-04-30T01:01:06.814+0000] {dag.py:4138} INFO - Setting next_dagrun for example_sensor_decorator to None, run_after=None
[2025-04-30T01:01:06.838+0000] {processor.py:208} INFO - Processing /home/airflow/.local/lib/python3.12/site-packages/airflow/example_dags/example_sensor_decorator.py took 0.098 seconds
[2025-04-30T01:01:38.407+0000] {processor.py:186} INFO - Started process (PID=3006) to work on /home/airflow/.local/lib/python3.12/site-packages/airflow/example_dags/example_sensor_decorator.py
[2025-04-30T01:01:38.408+0000] {processor.py:914} INFO - Processing file /home/airflow/.local/lib/python3.12/site-packages/airflow/example_dags/example_sensor_decorator.py for tasks to queue
[2025-04-30T01:01:38.409+0000] {logging_mixin.py:190} INFO - [2025-04-30T01:01:38.409+0000] {dagbag.py:587} INFO - Filling up the DagBag from /home/airflow/.local/lib/python3.12/site-packages/airflow/example_dags/example_sensor_decorator.py
[2025-04-30T01:01:38.420+0000] {processor.py:925} INFO - DAG(s) 'example_sensor_decorator' retrieved from /home/airflow/.local/lib/python3.12/site-packages/airflow/example_dags/example_sensor_decorator.py
[2025-04-30T01:01:38.446+0000] {logging_mixin.py:190} INFO - [2025-04-30T01:01:38.446+0000] {dag.py:3211} INFO - Sync 1 DAGs
[2025-04-30T01:01:38.463+0000] {logging_mixin.py:190} INFO - [2025-04-30T01:01:38.462+0000] {dag.py:4138} INFO - Setting next_dagrun for example_sensor_decorator to None, run_after=None
[2025-04-30T01:01:38.486+0000] {processor.py:208} INFO - Processing /home/airflow/.local/lib/python3.12/site-packages/airflow/example_dags/example_sensor_decorator.py took 0.086 seconds
[2025-04-30T01:02:08.995+0000] {processor.py:186} INFO - Started process (PID=3069) to work on /home/airflow/.local/lib/python3.12/site-packages/airflow/example_dags/example_sensor_decorator.py
[2025-04-30T01:02:08.996+0000] {processor.py:914} INFO - Processing file /home/airflow/.local/lib/python3.12/site-packages/airflow/example_dags/example_sensor_decorator.py for tasks to queue
[2025-04-30T01:02:08.998+0000] {logging_mixin.py:190} INFO - [2025-04-30T01:02:08.998+0000] {dagbag.py:587} INFO - Filling up the DagBag from /home/airflow/.local/lib/python3.12/site-packages/airflow/example_dags/example_sensor_decorator.py
[2025-04-30T01:02:09.007+0000] {processor.py:925} INFO - DAG(s) 'example_sensor_decorator' retrieved from /home/airflow/.local/lib/python3.12/site-packages/airflow/example_dags/example_sensor_decorator.py
[2025-04-30T01:02:09.030+0000] {logging_mixin.py:190} INFO - [2025-04-30T01:02:09.029+0000] {dag.py:3211} INFO - Sync 1 DAGs
[2025-04-30T01:02:09.045+0000] {logging_mixin.py:190} INFO - [2025-04-30T01:02:09.045+0000] {dag.py:4138} INFO - Setting next_dagrun for example_sensor_decorator to None, run_after=None
[2025-04-30T01:02:09.069+0000] {processor.py:208} INFO - Processing /home/airflow/.local/lib/python3.12/site-packages/airflow/example_dags/example_sensor_decorator.py took 0.080 seconds
[2025-04-30T01:02:40.218+0000] {processor.py:186} INFO - Started process (PID=3132) to work on /home/airflow/.local/lib/python3.12/site-packages/airflow/example_dags/example_sensor_decorator.py
[2025-04-30T01:02:40.219+0000] {processor.py:914} INFO - Processing file /home/airflow/.local/lib/python3.12/site-packages/airflow/example_dags/example_sensor_decorator.py for tasks to queue
[2025-04-30T01:02:40.220+0000] {logging_mixin.py:190} INFO - [2025-04-30T01:02:40.220+0000] {dagbag.py:587} INFO - Filling up the DagBag from /home/airflow/.local/lib/python3.12/site-packages/airflow/example_dags/example_sensor_decorator.py
[2025-04-30T01:02:40.230+0000] {processor.py:925} INFO - DAG(s) 'example_sensor_decorator' retrieved from /home/airflow/.local/lib/python3.12/site-packages/airflow/example_dags/example_sensor_decorator.py
[2025-04-30T01:02:40.252+0000] {logging_mixin.py:190} INFO - [2025-04-30T01:02:40.252+0000] {dag.py:3211} INFO - Sync 1 DAGs
[2025-04-30T01:02:40.269+0000] {logging_mixin.py:190} INFO - [2025-04-30T01:02:40.268+0000] {dag.py:4138} INFO - Setting next_dagrun for example_sensor_decorator to None, run_after=None
[2025-04-30T01:02:40.292+0000] {processor.py:208} INFO - Processing /home/airflow/.local/lib/python3.12/site-packages/airflow/example_dags/example_sensor_decorator.py took 0.080 seconds
[2025-04-30T01:03:11.503+0000] {processor.py:186} INFO - Started process (PID=3196) to work on /home/airflow/.local/lib/python3.12/site-packages/airflow/example_dags/example_sensor_decorator.py
[2025-04-30T01:03:11.504+0000] {processor.py:914} INFO - Processing file /home/airflow/.local/lib/python3.12/site-packages/airflow/example_dags/example_sensor_decorator.py for tasks to queue
[2025-04-30T01:03:11.505+0000] {logging_mixin.py:190} INFO - [2025-04-30T01:03:11.505+0000] {dagbag.py:587} INFO - Filling up the DagBag from /home/airflow/.local/lib/python3.12/site-packages/airflow/example_dags/example_sensor_decorator.py
[2025-04-30T01:03:11.513+0000] {processor.py:925} INFO - DAG(s) 'example_sensor_decorator' retrieved from /home/airflow/.local/lib/python3.12/site-packages/airflow/example_dags/example_sensor_decorator.py
[2025-04-30T01:03:11.538+0000] {logging_mixin.py:190} INFO - [2025-04-30T01:03:11.537+0000] {dag.py:3211} INFO - Sync 1 DAGs
[2025-04-30T01:03:11.553+0000] {logging_mixin.py:190} INFO - [2025-04-30T01:03:11.553+0000] {dag.py:4138} INFO - Setting next_dagrun for example_sensor_decorator to None, run_after=None
[2025-04-30T01:03:11.574+0000] {processor.py:208} INFO - Processing /home/airflow/.local/lib/python3.12/site-packages/airflow/example_dags/example_sensor_decorator.py took 0.078 seconds
[2025-04-30T01:03:43.956+0000] {processor.py:186} INFO - Started process (PID=3259) to work on /home/airflow/.local/lib/python3.12/site-packages/airflow/example_dags/example_sensor_decorator.py
[2025-04-30T01:03:43.957+0000] {processor.py:914} INFO - Processing file /home/airflow/.local/lib/python3.12/site-packages/airflow/example_dags/example_sensor_decorator.py for tasks to queue
[2025-04-30T01:03:43.959+0000] {logging_mixin.py:190} INFO - [2025-04-30T01:03:43.958+0000] {dagbag.py:587} INFO - Filling up the DagBag from /home/airflow/.local/lib/python3.12/site-packages/airflow/example_dags/example_sensor_decorator.py
[2025-04-30T01:03:43.967+0000] {processor.py:925} INFO - DAG(s) 'example_sensor_decorator' retrieved from /home/airflow/.local/lib/python3.12/site-packages/airflow/example_dags/example_sensor_decorator.py
[2025-04-30T01:03:43.990+0000] {logging_mixin.py:190} INFO - [2025-04-30T01:03:43.990+0000] {dag.py:3211} INFO - Sync 1 DAGs
[2025-04-30T01:03:44.007+0000] {logging_mixin.py:190} INFO - [2025-04-30T01:03:44.007+0000] {dag.py:4138} INFO - Setting next_dagrun for example_sensor_decorator to None, run_after=None
[2025-04-30T01:03:44.028+0000] {processor.py:208} INFO - Processing /home/airflow/.local/lib/python3.12/site-packages/airflow/example_dags/example_sensor_decorator.py took 0.079 seconds
[2025-04-30T01:04:15.424+0000] {processor.py:186} INFO - Started process (PID=3322) to work on /home/airflow/.local/lib/python3.12/site-packages/airflow/example_dags/example_sensor_decorator.py
[2025-04-30T01:04:15.425+0000] {processor.py:914} INFO - Processing file /home/airflow/.local/lib/python3.12/site-packages/airflow/example_dags/example_sensor_decorator.py for tasks to queue
[2025-04-30T01:04:15.427+0000] {logging_mixin.py:190} INFO - [2025-04-30T01:04:15.427+0000] {dagbag.py:587} INFO - Filling up the DagBag from /home/airflow/.local/lib/python3.12/site-packages/airflow/example_dags/example_sensor_decorator.py
[2025-04-30T01:04:15.435+0000] {processor.py:925} INFO - DAG(s) 'example_sensor_decorator' retrieved from /home/airflow/.local/lib/python3.12/site-packages/airflow/example_dags/example_sensor_decorator.py
[2025-04-30T01:04:15.457+0000] {logging_mixin.py:190} INFO - [2025-04-30T01:04:15.457+0000] {dag.py:3211} INFO - Sync 1 DAGs
[2025-04-30T01:04:15.472+0000] {logging_mixin.py:190} INFO - [2025-04-30T01:04:15.472+0000] {dag.py:4138} INFO - Setting next_dagrun for example_sensor_decorator to None, run_after=None
[2025-04-30T01:04:15.491+0000] {processor.py:208} INFO - Processing /home/airflow/.local/lib/python3.12/site-packages/airflow/example_dags/example_sensor_decorator.py took 0.073 seconds
[2025-04-30T01:04:46.422+0000] {processor.py:186} INFO - Started process (PID=3385) to work on /home/airflow/.local/lib/python3.12/site-packages/airflow/example_dags/example_sensor_decorator.py
[2025-04-30T01:04:46.423+0000] {processor.py:914} INFO - Processing file /home/airflow/.local/lib/python3.12/site-packages/airflow/example_dags/example_sensor_decorator.py for tasks to queue
[2025-04-30T01:04:46.424+0000] {logging_mixin.py:190} INFO - [2025-04-30T01:04:46.424+0000] {dagbag.py:587} INFO - Filling up the DagBag from /home/airflow/.local/lib/python3.12/site-packages/airflow/example_dags/example_sensor_decorator.py
[2025-04-30T01:04:46.433+0000] {processor.py:925} INFO - DAG(s) 'example_sensor_decorator' retrieved from /home/airflow/.local/lib/python3.12/site-packages/airflow/example_dags/example_sensor_decorator.py
[2025-04-30T01:04:46.457+0000] {logging_mixin.py:190} INFO - [2025-04-30T01:04:46.457+0000] {dag.py:3211} INFO - Sync 1 DAGs
[2025-04-30T01:04:46.474+0000] {logging_mixin.py:190} INFO - [2025-04-30T01:04:46.474+0000] {dag.py:4138} INFO - Setting next_dagrun for example_sensor_decorator to None, run_after=None
[2025-04-30T01:04:46.498+0000] {processor.py:208} INFO - Processing /home/airflow/.local/lib/python3.12/site-packages/airflow/example_dags/example_sensor_decorator.py took 0.084 seconds
[2025-04-30T01:05:17.054+0000] {processor.py:186} INFO - Started process (PID=3448) to work on /home/airflow/.local/lib/python3.12/site-packages/airflow/example_dags/example_sensor_decorator.py
[2025-04-30T01:05:17.055+0000] {processor.py:914} INFO - Processing file /home/airflow/.local/lib/python3.12/site-packages/airflow/example_dags/example_sensor_decorator.py for tasks to queue
[2025-04-30T01:05:17.056+0000] {logging_mixin.py:190} INFO - [2025-04-30T01:05:17.056+0000] {dagbag.py:587} INFO - Filling up the DagBag from /home/airflow/.local/lib/python3.12/site-packages/airflow/example_dags/example_sensor_decorator.py
[2025-04-30T01:05:17.066+0000] {processor.py:925} INFO - DAG(s) 'example_sensor_decorator' retrieved from /home/airflow/.local/lib/python3.12/site-packages/airflow/example_dags/example_sensor_decorator.py
[2025-04-30T01:05:17.087+0000] {logging_mixin.py:190} INFO - [2025-04-30T01:05:17.087+0000] {dag.py:3211} INFO - Sync 1 DAGs
[2025-04-30T01:05:17.103+0000] {logging_mixin.py:190} INFO - [2025-04-30T01:05:17.103+0000] {dag.py:4138} INFO - Setting next_dagrun for example_sensor_decorator to None, run_after=None
[2025-04-30T01:05:17.125+0000] {processor.py:208} INFO - Processing /home/airflow/.local/lib/python3.12/site-packages/airflow/example_dags/example_sensor_decorator.py took 0.077 seconds
[2025-04-30T01:05:47.730+0000] {processor.py:186} INFO - Started process (PID=3511) to work on /home/airflow/.local/lib/python3.12/site-packages/airflow/example_dags/example_sensor_decorator.py
[2025-04-30T01:05:47.731+0000] {processor.py:914} INFO - Processing file /home/airflow/.local/lib/python3.12/site-packages/airflow/example_dags/example_sensor_decorator.py for tasks to queue
[2025-04-30T01:05:47.733+0000] {logging_mixin.py:190} INFO - [2025-04-30T01:05:47.733+0000] {dagbag.py:587} INFO - Filling up the DagBag from /home/airflow/.local/lib/python3.12/site-packages/airflow/example_dags/example_sensor_decorator.py
[2025-04-30T01:05:47.742+0000] {processor.py:925} INFO - DAG(s) 'example_sensor_decorator' retrieved from /home/airflow/.local/lib/python3.12/site-packages/airflow/example_dags/example_sensor_decorator.py
[2025-04-30T01:05:47.767+0000] {logging_mixin.py:190} INFO - [2025-04-30T01:05:47.767+0000] {dag.py:3211} INFO - Sync 1 DAGs
[2025-04-30T01:05:47.787+0000] {logging_mixin.py:190} INFO - [2025-04-30T01:05:47.786+0000] {dag.py:4138} INFO - Setting next_dagrun for example_sensor_decorator to None, run_after=None
[2025-04-30T01:05:47.812+0000] {processor.py:208} INFO - Processing /home/airflow/.local/lib/python3.12/site-packages/airflow/example_dags/example_sensor_decorator.py took 0.090 seconds
[2025-04-30T01:06:18.724+0000] {processor.py:186} INFO - Started process (PID=3574) to work on /home/airflow/.local/lib/python3.12/site-packages/airflow/example_dags/example_sensor_decorator.py
[2025-04-30T01:06:18.725+0000] {processor.py:914} INFO - Processing file /home/airflow/.local/lib/python3.12/site-packages/airflow/example_dags/example_sensor_decorator.py for tasks to queue
[2025-04-30T01:06:18.726+0000] {logging_mixin.py:190} INFO - [2025-04-30T01:06:18.726+0000] {dagbag.py:587} INFO - Filling up the DagBag from /home/airflow/.local/lib/python3.12/site-packages/airflow/example_dags/example_sensor_decorator.py
[2025-04-30T01:06:18.735+0000] {processor.py:925} INFO - DAG(s) 'example_sensor_decorator' retrieved from /home/airflow/.local/lib/python3.12/site-packages/airflow/example_dags/example_sensor_decorator.py
[2025-04-30T01:06:18.759+0000] {logging_mixin.py:190} INFO - [2025-04-30T01:06:18.759+0000] {dag.py:3211} INFO - Sync 1 DAGs
[2025-04-30T01:06:18.775+0000] {logging_mixin.py:190} INFO - [2025-04-30T01:06:18.774+0000] {dag.py:4138} INFO - Setting next_dagrun for example_sensor_decorator to None, run_after=None
[2025-04-30T01:06:18.799+0000] {processor.py:208} INFO - Processing /home/airflow/.local/lib/python3.12/site-packages/airflow/example_dags/example_sensor_decorator.py took 0.082 seconds
[2025-04-30T01:06:49.145+0000] {processor.py:186} INFO - Started process (PID=3637) to work on /home/airflow/.local/lib/python3.12/site-packages/airflow/example_dags/example_sensor_decorator.py
[2025-04-30T01:06:49.146+0000] {processor.py:914} INFO - Processing file /home/airflow/.local/lib/python3.12/site-packages/airflow/example_dags/example_sensor_decorator.py for tasks to queue
[2025-04-30T01:06:49.148+0000] {logging_mixin.py:190} INFO - [2025-04-30T01:06:49.148+0000] {dagbag.py:587} INFO - Filling up the DagBag from /home/airflow/.local/lib/python3.12/site-packages/airflow/example_dags/example_sensor_decorator.py
[2025-04-30T01:06:49.158+0000] {processor.py:925} INFO - DAG(s) 'example_sensor_decorator' retrieved from /home/airflow/.local/lib/python3.12/site-packages/airflow/example_dags/example_sensor_decorator.py
[2025-04-30T01:06:49.180+0000] {logging_mixin.py:190} INFO - [2025-04-30T01:06:49.180+0000] {dag.py:3211} INFO - Sync 1 DAGs
[2025-04-30T01:06:49.196+0000] {logging_mixin.py:190} INFO - [2025-04-30T01:06:49.196+0000] {dag.py:4138} INFO - Setting next_dagrun for example_sensor_decorator to None, run_after=None
[2025-04-30T01:06:49.222+0000] {processor.py:208} INFO - Processing /home/airflow/.local/lib/python3.12/site-packages/airflow/example_dags/example_sensor_decorator.py took 0.084 seconds
[2025-04-30T01:07:19.544+0000] {processor.py:186} INFO - Started process (PID=3700) to work on /home/airflow/.local/lib/python3.12/site-packages/airflow/example_dags/example_sensor_decorator.py
[2025-04-30T01:07:19.545+0000] {processor.py:914} INFO - Processing file /home/airflow/.local/lib/python3.12/site-packages/airflow/example_dags/example_sensor_decorator.py for tasks to queue
[2025-04-30T01:07:19.547+0000] {logging_mixin.py:190} INFO - [2025-04-30T01:07:19.546+0000] {dagbag.py:587} INFO - Filling up the DagBag from /home/airflow/.local/lib/python3.12/site-packages/airflow/example_dags/example_sensor_decorator.py
[2025-04-30T01:07:19.556+0000] {processor.py:925} INFO - DAG(s) 'example_sensor_decorator' retrieved from /home/airflow/.local/lib/python3.12/site-packages/airflow/example_dags/example_sensor_decorator.py
[2025-04-30T01:07:19.579+0000] {logging_mixin.py:190} INFO - [2025-04-30T01:07:19.578+0000] {dag.py:3211} INFO - Sync 1 DAGs
[2025-04-30T01:07:19.595+0000] {logging_mixin.py:190} INFO - [2025-04-30T01:07:19.595+0000] {dag.py:4138} INFO - Setting next_dagrun for example_sensor_decorator to None, run_after=None
[2025-04-30T01:07:19.618+0000] {processor.py:208} INFO - Processing /home/airflow/.local/lib/python3.12/site-packages/airflow/example_dags/example_sensor_decorator.py took 0.081 seconds
[2025-04-30T01:07:50.573+0000] {processor.py:186} INFO - Started process (PID=3763) to work on /home/airflow/.local/lib/python3.12/site-packages/airflow/example_dags/example_sensor_decorator.py
[2025-04-30T01:07:50.574+0000] {processor.py:914} INFO - Processing file /home/airflow/.local/lib/python3.12/site-packages/airflow/example_dags/example_sensor_decorator.py for tasks to queue
[2025-04-30T01:07:50.576+0000] {logging_mixin.py:190} INFO - [2025-04-30T01:07:50.575+0000] {dagbag.py:587} INFO - Filling up the DagBag from /home/airflow/.local/lib/python3.12/site-packages/airflow/example_dags/example_sensor_decorator.py
[2025-04-30T01:07:50.585+0000] {processor.py:925} INFO - DAG(s) 'example_sensor_decorator' retrieved from /home/airflow/.local/lib/python3.12/site-packages/airflow/example_dags/example_sensor_decorator.py
[2025-04-30T01:07:50.606+0000] {logging_mixin.py:190} INFO - [2025-04-30T01:07:50.606+0000] {dag.py:3211} INFO - Sync 1 DAGs
[2025-04-30T01:07:50.623+0000] {logging_mixin.py:190} INFO - [2025-04-30T01:07:50.623+0000] {dag.py:4138} INFO - Setting next_dagrun for example_sensor_decorator to None, run_after=None
[2025-04-30T01:07:50.650+0000] {processor.py:208} INFO - Processing /home/airflow/.local/lib/python3.12/site-packages/airflow/example_dags/example_sensor_decorator.py took 0.083 seconds
[2025-04-30T01:08:21.137+0000] {processor.py:186} INFO - Started process (PID=3831) to work on /home/airflow/.local/lib/python3.12/site-packages/airflow/example_dags/example_sensor_decorator.py
[2025-04-30T01:08:21.138+0000] {processor.py:914} INFO - Processing file /home/airflow/.local/lib/python3.12/site-packages/airflow/example_dags/example_sensor_decorator.py for tasks to queue
[2025-04-30T01:08:21.140+0000] {logging_mixin.py:190} INFO - [2025-04-30T01:08:21.139+0000] {dagbag.py:587} INFO - Filling up the DagBag from /home/airflow/.local/lib/python3.12/site-packages/airflow/example_dags/example_sensor_decorator.py
[2025-04-30T01:08:21.149+0000] {processor.py:925} INFO - DAG(s) 'example_sensor_decorator' retrieved from /home/airflow/.local/lib/python3.12/site-packages/airflow/example_dags/example_sensor_decorator.py
[2025-04-30T01:08:21.174+0000] {logging_mixin.py:190} INFO - [2025-04-30T01:08:21.174+0000] {dag.py:3211} INFO - Sync 1 DAGs
[2025-04-30T01:08:21.192+0000] {logging_mixin.py:190} INFO - [2025-04-30T01:08:21.192+0000] {dag.py:4138} INFO - Setting next_dagrun for example_sensor_decorator to None, run_after=None
[2025-04-30T01:08:21.216+0000] {processor.py:208} INFO - Processing /home/airflow/.local/lib/python3.12/site-packages/airflow/example_dags/example_sensor_decorator.py took 0.087 seconds
[2025-04-30T01:08:52.311+0000] {processor.py:186} INFO - Started process (PID=3893) to work on /home/airflow/.local/lib/python3.12/site-packages/airflow/example_dags/example_sensor_decorator.py
[2025-04-30T01:08:52.312+0000] {processor.py:914} INFO - Processing file /home/airflow/.local/lib/python3.12/site-packages/airflow/example_dags/example_sensor_decorator.py for tasks to queue
[2025-04-30T01:08:52.314+0000] {logging_mixin.py:190} INFO - [2025-04-30T01:08:52.313+0000] {dagbag.py:587} INFO - Filling up the DagBag from /home/airflow/.local/lib/python3.12/site-packages/airflow/example_dags/example_sensor_decorator.py
[2025-04-30T01:08:52.323+0000] {processor.py:925} INFO - DAG(s) 'example_sensor_decorator' retrieved from /home/airflow/.local/lib/python3.12/site-packages/airflow/example_dags/example_sensor_decorator.py
[2025-04-30T01:08:52.349+0000] {logging_mixin.py:190} INFO - [2025-04-30T01:08:52.348+0000] {dag.py:3211} INFO - Sync 1 DAGs
[2025-04-30T01:08:52.367+0000] {logging_mixin.py:190} INFO - [2025-04-30T01:08:52.366+0000] {dag.py:4138} INFO - Setting next_dagrun for example_sensor_decorator to None, run_after=None
[2025-04-30T01:08:52.392+0000] {processor.py:208} INFO - Processing /home/airflow/.local/lib/python3.12/site-packages/airflow/example_dags/example_sensor_decorator.py took 0.089 seconds
[2025-04-30T01:09:23.487+0000] {processor.py:186} INFO - Started process (PID=3955) to work on /home/airflow/.local/lib/python3.12/site-packages/airflow/example_dags/example_sensor_decorator.py
[2025-04-30T01:09:23.489+0000] {processor.py:914} INFO - Processing file /home/airflow/.local/lib/python3.12/site-packages/airflow/example_dags/example_sensor_decorator.py for tasks to queue
[2025-04-30T01:09:23.490+0000] {logging_mixin.py:190} INFO - [2025-04-30T01:09:23.490+0000] {dagbag.py:587} INFO - Filling up the DagBag from /home/airflow/.local/lib/python3.12/site-packages/airflow/example_dags/example_sensor_decorator.py
[2025-04-30T01:09:23.500+0000] {processor.py:925} INFO - DAG(s) 'example_sensor_decorator' retrieved from /home/airflow/.local/lib/python3.12/site-packages/airflow/example_dags/example_sensor_decorator.py
[2025-04-30T01:09:23.525+0000] {logging_mixin.py:190} INFO - [2025-04-30T01:09:23.525+0000] {dag.py:3211} INFO - Sync 1 DAGs
[2025-04-30T01:09:23.543+0000] {logging_mixin.py:190} INFO - [2025-04-30T01:09:23.543+0000] {dag.py:4138} INFO - Setting next_dagrun for example_sensor_decorator to None, run_after=None
[2025-04-30T01:09:23.572+0000] {processor.py:208} INFO - Processing /home/airflow/.local/lib/python3.12/site-packages/airflow/example_dags/example_sensor_decorator.py took 0.093 seconds
[2025-04-30T01:09:54.797+0000] {processor.py:186} INFO - Started process (PID=4017) to work on /home/airflow/.local/lib/python3.12/site-packages/airflow/example_dags/example_sensor_decorator.py
[2025-04-30T01:09:54.798+0000] {processor.py:914} INFO - Processing file /home/airflow/.local/lib/python3.12/site-packages/airflow/example_dags/example_sensor_decorator.py for tasks to queue
[2025-04-30T01:09:54.800+0000] {logging_mixin.py:190} INFO - [2025-04-30T01:09:54.799+0000] {dagbag.py:587} INFO - Filling up the DagBag from /home/airflow/.local/lib/python3.12/site-packages/airflow/example_dags/example_sensor_decorator.py
[2025-04-30T01:09:54.811+0000] {processor.py:925} INFO - DAG(s) 'example_sensor_decorator' retrieved from /home/airflow/.local/lib/python3.12/site-packages/airflow/example_dags/example_sensor_decorator.py
[2025-04-30T01:09:54.838+0000] {logging_mixin.py:190} INFO - [2025-04-30T01:09:54.837+0000] {dag.py:3211} INFO - Sync 1 DAGs
[2025-04-30T01:09:54.857+0000] {logging_mixin.py:190} INFO - [2025-04-30T01:09:54.857+0000] {dag.py:4138} INFO - Setting next_dagrun for example_sensor_decorator to None, run_after=None
[2025-04-30T01:09:54.882+0000] {processor.py:208} INFO - Processing /home/airflow/.local/lib/python3.12/site-packages/airflow/example_dags/example_sensor_decorator.py took 0.093 seconds
[2025-04-30T01:10:25.620+0000] {processor.py:186} INFO - Started process (PID=4079) to work on /home/airflow/.local/lib/python3.12/site-packages/airflow/example_dags/example_sensor_decorator.py
[2025-04-30T01:10:25.621+0000] {processor.py:914} INFO - Processing file /home/airflow/.local/lib/python3.12/site-packages/airflow/example_dags/example_sensor_decorator.py for tasks to queue
[2025-04-30T01:10:25.623+0000] {logging_mixin.py:190} INFO - [2025-04-30T01:10:25.623+0000] {dagbag.py:587} INFO - Filling up the DagBag from /home/airflow/.local/lib/python3.12/site-packages/airflow/example_dags/example_sensor_decorator.py
[2025-04-30T01:10:25.633+0000] {processor.py:925} INFO - DAG(s) 'example_sensor_decorator' retrieved from /home/airflow/.local/lib/python3.12/site-packages/airflow/example_dags/example_sensor_decorator.py
[2025-04-30T01:10:25.660+0000] {logging_mixin.py:190} INFO - [2025-04-30T01:10:25.659+0000] {dag.py:3211} INFO - Sync 1 DAGs
[2025-04-30T01:10:25.683+0000] {logging_mixin.py:190} INFO - [2025-04-30T01:10:25.682+0000] {dag.py:4138} INFO - Setting next_dagrun for example_sensor_decorator to None, run_after=None
[2025-04-30T01:10:25.708+0000] {processor.py:208} INFO - Processing /home/airflow/.local/lib/python3.12/site-packages/airflow/example_dags/example_sensor_decorator.py took 0.095 seconds
[2025-04-30T01:10:56.605+0000] {processor.py:186} INFO - Started process (PID=4141) to work on /home/airflow/.local/lib/python3.12/site-packages/airflow/example_dags/example_sensor_decorator.py
[2025-04-30T01:10:56.606+0000] {processor.py:914} INFO - Processing file /home/airflow/.local/lib/python3.12/site-packages/airflow/example_dags/example_sensor_decorator.py for tasks to queue
[2025-04-30T01:10:56.608+0000] {logging_mixin.py:190} INFO - [2025-04-30T01:10:56.607+0000] {dagbag.py:587} INFO - Filling up the DagBag from /home/airflow/.local/lib/python3.12/site-packages/airflow/example_dags/example_sensor_decorator.py
[2025-04-30T01:10:56.618+0000] {processor.py:925} INFO - DAG(s) 'example_sensor_decorator' retrieved from /home/airflow/.local/lib/python3.12/site-packages/airflow/example_dags/example_sensor_decorator.py
[2025-04-30T01:10:56.641+0000] {logging_mixin.py:190} INFO - [2025-04-30T01:10:56.640+0000] {dag.py:3211} INFO - Sync 1 DAGs
[2025-04-30T01:10:56.659+0000] {logging_mixin.py:190} INFO - [2025-04-30T01:10:56.659+0000] {dag.py:4138} INFO - Setting next_dagrun for example_sensor_decorator to None, run_after=None
[2025-04-30T01:10:56.684+0000] {processor.py:208} INFO - Processing /home/airflow/.local/lib/python3.12/site-packages/airflow/example_dags/example_sensor_decorator.py took 0.085 seconds
[2025-04-30T01:11:27.233+0000] {processor.py:186} INFO - Started process (PID=4203) to work on /home/airflow/.local/lib/python3.12/site-packages/airflow/example_dags/example_sensor_decorator.py
[2025-04-30T01:11:27.234+0000] {processor.py:914} INFO - Processing file /home/airflow/.local/lib/python3.12/site-packages/airflow/example_dags/example_sensor_decorator.py for tasks to queue
[2025-04-30T01:11:27.236+0000] {logging_mixin.py:190} INFO - [2025-04-30T01:11:27.235+0000] {dagbag.py:587} INFO - Filling up the DagBag from /home/airflow/.local/lib/python3.12/site-packages/airflow/example_dags/example_sensor_decorator.py
[2025-04-30T01:11:27.244+0000] {processor.py:925} INFO - DAG(s) 'example_sensor_decorator' retrieved from /home/airflow/.local/lib/python3.12/site-packages/airflow/example_dags/example_sensor_decorator.py
[2025-04-30T01:11:27.266+0000] {logging_mixin.py:190} INFO - [2025-04-30T01:11:27.265+0000] {dag.py:3211} INFO - Sync 1 DAGs
[2025-04-30T01:11:27.280+0000] {logging_mixin.py:190} INFO - [2025-04-30T01:11:27.280+0000] {dag.py:4138} INFO - Setting next_dagrun for example_sensor_decorator to None, run_after=None
[2025-04-30T01:11:27.304+0000] {processor.py:208} INFO - Processing /home/airflow/.local/lib/python3.12/site-packages/airflow/example_dags/example_sensor_decorator.py took 0.077 seconds
[2025-04-30T01:11:58.326+0000] {processor.py:186} INFO - Started process (PID=4265) to work on /home/airflow/.local/lib/python3.12/site-packages/airflow/example_dags/example_sensor_decorator.py
[2025-04-30T01:11:58.328+0000] {processor.py:914} INFO - Processing file /home/airflow/.local/lib/python3.12/site-packages/airflow/example_dags/example_sensor_decorator.py for tasks to queue
[2025-04-30T01:11:58.329+0000] {logging_mixin.py:190} INFO - [2025-04-30T01:11:58.329+0000] {dagbag.py:587} INFO - Filling up the DagBag from /home/airflow/.local/lib/python3.12/site-packages/airflow/example_dags/example_sensor_decorator.py
[2025-04-30T01:11:58.338+0000] {processor.py:925} INFO - DAG(s) 'example_sensor_decorator' retrieved from /home/airflow/.local/lib/python3.12/site-packages/airflow/example_dags/example_sensor_decorator.py
[2025-04-30T01:11:58.362+0000] {logging_mixin.py:190} INFO - [2025-04-30T01:11:58.361+0000] {dag.py:3211} INFO - Sync 1 DAGs
[2025-04-30T01:11:58.379+0000] {logging_mixin.py:190} INFO - [2025-04-30T01:11:58.379+0000] {dag.py:4138} INFO - Setting next_dagrun for example_sensor_decorator to None, run_after=None
[2025-04-30T01:11:58.413+0000] {processor.py:208} INFO - Processing /home/airflow/.local/lib/python3.12/site-packages/airflow/example_dags/example_sensor_decorator.py took 0.094 seconds
