[2025-04-30T00:30:57.733+0000] {processor.py:186} INFO - Started process (PID=128) to work on /home/airflow/.local/lib/python3.12/site-packages/airflow/example_dags/example_short_circuit_operator.py
[2025-04-30T00:30:57.735+0000] {processor.py:914} INFO - Processing file /home/airflow/.local/lib/python3.12/site-packages/airflow/example_dags/example_short_circuit_operator.py for tasks to queue
[2025-04-30T00:30:57.741+0000] {logging_mixin.py:190} INFO - [2025-04-30T00:30:57.740+0000] {dagbag.py:587} INFO - Filling up the DagBag from /home/airflow/.local/lib/python3.12/site-packages/airflow/example_dags/example_short_circuit_operator.py
[2025-04-30T00:30:57.765+0000] {processor.py:925} INFO - DAG(s) 'example_short_circuit_operator' retrieved from /home/airflow/.local/lib/python3.12/site-packages/airflow/example_dags/example_short_circuit_operator.py
[2025-04-30T00:30:57.995+0000] {logging_mixin.py:190} INFO - [2025-04-30T00:30:57.994+0000] {override.py:1858} INFO - Created Permission View: can edit on DAG:example_short_circuit_operator
[2025-04-30T00:30:58.016+0000] {logging_mixin.py:190} INFO - [2025-04-30T00:30:58.016+0000] {override.py:1858} INFO - Created Permission View: can read on DAG:example_short_circuit_operator
[2025-04-30T00:30:58.031+0000] {logging_mixin.py:190} INFO - [2025-04-30T00:30:58.030+0000] {override.py:1858} INFO - Created Permission View: can delete on DAG:example_short_circuit_operator
[2025-04-30T00:30:58.032+0000] {logging_mixin.py:190} INFO - [2025-04-30T00:30:58.032+0000] {dag.py:3211} INFO - Sync 1 DAGs
[2025-04-30T00:30:58.060+0000] {logging_mixin.py:190} INFO - [2025-04-30T00:30:58.060+0000] {dag.py:3234} INFO - Creating ORM DAG for example_short_circuit_operator
[2025-04-30T00:30:58.080+0000] {logging_mixin.py:190} INFO - [2025-04-30T00:30:58.079+0000] {dag.py:4138} INFO - Setting next_dagrun for example_short_circuit_operator to 2025-04-29 00:00:00+00:00, run_after=2025-04-30 00:00:00+00:00
[2025-04-30T00:30:58.114+0000] {processor.py:208} INFO - Processing /home/airflow/.local/lib/python3.12/site-packages/airflow/example_dags/example_short_circuit_operator.py took 0.393 seconds
[2025-04-30T00:31:28.498+0000] {processor.py:186} INFO - Started process (PID=191) to work on /home/airflow/.local/lib/python3.12/site-packages/airflow/example_dags/example_short_circuit_operator.py
[2025-04-30T00:31:28.500+0000] {processor.py:914} INFO - Processing file /home/airflow/.local/lib/python3.12/site-packages/airflow/example_dags/example_short_circuit_operator.py for tasks to queue
[2025-04-30T00:31:28.506+0000] {logging_mixin.py:190} INFO - [2025-04-30T00:31:28.505+0000] {dagbag.py:587} INFO - Filling up the DagBag from /home/airflow/.local/lib/python3.12/site-packages/airflow/example_dags/example_short_circuit_operator.py
[2025-04-30T00:31:28.526+0000] {processor.py:925} INFO - DAG(s) 'example_short_circuit_operator' retrieved from /home/airflow/.local/lib/python3.12/site-packages/airflow/example_dags/example_short_circuit_operator.py
[2025-04-30T00:31:28.575+0000] {logging_mixin.py:190} INFO - [2025-04-30T00:31:28.574+0000] {dag.py:3211} INFO - Sync 1 DAGs
[2025-04-30T00:31:28.628+0000] {logging_mixin.py:190} INFO - [2025-04-30T00:31:28.627+0000] {dag.py:4138} INFO - Setting next_dagrun for example_short_circuit_operator to 2025-04-29 00:00:00+00:00, run_after=2025-04-30 00:00:00+00:00
[2025-04-30T00:31:28.673+0000] {processor.py:208} INFO - Processing /home/airflow/.local/lib/python3.12/site-packages/airflow/example_dags/example_short_circuit_operator.py took 0.186 seconds
[2025-04-30T00:31:58.931+0000] {processor.py:186} INFO - Started process (PID=254) to work on /home/airflow/.local/lib/python3.12/site-packages/airflow/example_dags/example_short_circuit_operator.py
[2025-04-30T00:31:58.934+0000] {processor.py:914} INFO - Processing file /home/airflow/.local/lib/python3.12/site-packages/airflow/example_dags/example_short_circuit_operator.py for tasks to queue
[2025-04-30T00:31:58.939+0000] {logging_mixin.py:190} INFO - [2025-04-30T00:31:58.938+0000] {dagbag.py:587} INFO - Filling up the DagBag from /home/airflow/.local/lib/python3.12/site-packages/airflow/example_dags/example_short_circuit_operator.py
[2025-04-30T00:31:58.957+0000] {processor.py:925} INFO - DAG(s) 'example_short_circuit_operator' retrieved from /home/airflow/.local/lib/python3.12/site-packages/airflow/example_dags/example_short_circuit_operator.py
[2025-04-30T00:31:59.007+0000] {logging_mixin.py:190} INFO - [2025-04-30T00:31:59.007+0000] {dag.py:3211} INFO - Sync 1 DAGs
[2025-04-30T00:31:59.060+0000] {logging_mixin.py:190} INFO - [2025-04-30T00:31:59.060+0000] {dag.py:4138} INFO - Setting next_dagrun for example_short_circuit_operator to 2025-04-29 00:00:00+00:00, run_after=2025-04-30 00:00:00+00:00
[2025-04-30T00:31:59.101+0000] {processor.py:208} INFO - Processing /home/airflow/.local/lib/python3.12/site-packages/airflow/example_dags/example_short_circuit_operator.py took 0.180 seconds
[2025-04-30T00:32:29.425+0000] {processor.py:186} INFO - Started process (PID=317) to work on /home/airflow/.local/lib/python3.12/site-packages/airflow/example_dags/example_short_circuit_operator.py
[2025-04-30T00:32:29.427+0000] {processor.py:914} INFO - Processing file /home/airflow/.local/lib/python3.12/site-packages/airflow/example_dags/example_short_circuit_operator.py for tasks to queue
[2025-04-30T00:32:29.431+0000] {logging_mixin.py:190} INFO - [2025-04-30T00:32:29.431+0000] {dagbag.py:587} INFO - Filling up the DagBag from /home/airflow/.local/lib/python3.12/site-packages/airflow/example_dags/example_short_circuit_operator.py
[2025-04-30T00:32:29.449+0000] {processor.py:925} INFO - DAG(s) 'example_short_circuit_operator' retrieved from /home/airflow/.local/lib/python3.12/site-packages/airflow/example_dags/example_short_circuit_operator.py
[2025-04-30T00:32:29.493+0000] {logging_mixin.py:190} INFO - [2025-04-30T00:32:29.493+0000] {dag.py:3211} INFO - Sync 1 DAGs
[2025-04-30T00:32:29.540+0000] {logging_mixin.py:190} INFO - [2025-04-30T00:32:29.539+0000] {dag.py:4138} INFO - Setting next_dagrun for example_short_circuit_operator to 2025-04-29 00:00:00+00:00, run_after=2025-04-30 00:00:00+00:00
[2025-04-30T00:32:29.577+0000] {processor.py:208} INFO - Processing /home/airflow/.local/lib/python3.12/site-packages/airflow/example_dags/example_short_circuit_operator.py took 0.163 seconds
[2025-04-30T00:33:00.289+0000] {processor.py:186} INFO - Started process (PID=380) to work on /home/airflow/.local/lib/python3.12/site-packages/airflow/example_dags/example_short_circuit_operator.py
[2025-04-30T00:33:00.291+0000] {processor.py:914} INFO - Processing file /home/airflow/.local/lib/python3.12/site-packages/airflow/example_dags/example_short_circuit_operator.py for tasks to queue
[2025-04-30T00:33:00.298+0000] {logging_mixin.py:190} INFO - [2025-04-30T00:33:00.297+0000] {dagbag.py:587} INFO - Filling up the DagBag from /home/airflow/.local/lib/python3.12/site-packages/airflow/example_dags/example_short_circuit_operator.py
[2025-04-30T00:33:00.319+0000] {processor.py:925} INFO - DAG(s) 'example_short_circuit_operator' retrieved from /home/airflow/.local/lib/python3.12/site-packages/airflow/example_dags/example_short_circuit_operator.py
[2025-04-30T00:33:00.369+0000] {logging_mixin.py:190} INFO - [2025-04-30T00:33:00.368+0000] {dag.py:3211} INFO - Sync 1 DAGs
[2025-04-30T00:33:00.428+0000] {logging_mixin.py:190} INFO - [2025-04-30T00:33:00.427+0000] {dag.py:4138} INFO - Setting next_dagrun for example_short_circuit_operator to 2025-04-29 00:00:00+00:00, run_after=2025-04-30 00:00:00+00:00
[2025-04-30T00:33:00.490+0000] {processor.py:208} INFO - Processing /home/airflow/.local/lib/python3.12/site-packages/airflow/example_dags/example_short_circuit_operator.py took 0.215 seconds
[2025-04-30T00:33:31.141+0000] {processor.py:186} INFO - Started process (PID=443) to work on /home/airflow/.local/lib/python3.12/site-packages/airflow/example_dags/example_short_circuit_operator.py
[2025-04-30T00:33:31.143+0000] {processor.py:914} INFO - Processing file /home/airflow/.local/lib/python3.12/site-packages/airflow/example_dags/example_short_circuit_operator.py for tasks to queue
[2025-04-30T00:33:31.149+0000] {logging_mixin.py:190} INFO - [2025-04-30T00:33:31.148+0000] {dagbag.py:587} INFO - Filling up the DagBag from /home/airflow/.local/lib/python3.12/site-packages/airflow/example_dags/example_short_circuit_operator.py
[2025-04-30T00:33:31.169+0000] {processor.py:925} INFO - DAG(s) 'example_short_circuit_operator' retrieved from /home/airflow/.local/lib/python3.12/site-packages/airflow/example_dags/example_short_circuit_operator.py
[2025-04-30T00:33:31.212+0000] {logging_mixin.py:190} INFO - [2025-04-30T00:33:31.212+0000] {dag.py:3211} INFO - Sync 1 DAGs
[2025-04-30T00:33:31.256+0000] {logging_mixin.py:190} INFO - [2025-04-30T00:33:31.256+0000] {dag.py:4138} INFO - Setting next_dagrun for example_short_circuit_operator to 2025-04-29 00:00:00+00:00, run_after=2025-04-30 00:00:00+00:00
[2025-04-30T00:33:31.300+0000] {processor.py:208} INFO - Processing /home/airflow/.local/lib/python3.12/site-packages/airflow/example_dags/example_short_circuit_operator.py took 0.172 seconds
[2025-04-30T00:34:02.107+0000] {processor.py:186} INFO - Started process (PID=507) to work on /home/airflow/.local/lib/python3.12/site-packages/airflow/example_dags/example_short_circuit_operator.py
[2025-04-30T00:34:02.109+0000] {processor.py:914} INFO - Processing file /home/airflow/.local/lib/python3.12/site-packages/airflow/example_dags/example_short_circuit_operator.py for tasks to queue
[2025-04-30T00:34:02.114+0000] {logging_mixin.py:190} INFO - [2025-04-30T00:34:02.113+0000] {dagbag.py:587} INFO - Filling up the DagBag from /home/airflow/.local/lib/python3.12/site-packages/airflow/example_dags/example_short_circuit_operator.py
[2025-04-30T00:34:02.131+0000] {processor.py:925} INFO - DAG(s) 'example_short_circuit_operator' retrieved from /home/airflow/.local/lib/python3.12/site-packages/airflow/example_dags/example_short_circuit_operator.py
[2025-04-30T00:34:02.187+0000] {logging_mixin.py:190} INFO - [2025-04-30T00:34:02.186+0000] {dag.py:3211} INFO - Sync 1 DAGs
[2025-04-30T00:34:02.247+0000] {logging_mixin.py:190} INFO - [2025-04-30T00:34:02.246+0000] {dag.py:4138} INFO - Setting next_dagrun for example_short_circuit_operator to 2025-04-29 00:00:00+00:00, run_after=2025-04-30 00:00:00+00:00
[2025-04-30T00:34:02.291+0000] {processor.py:208} INFO - Processing /home/airflow/.local/lib/python3.12/site-packages/airflow/example_dags/example_short_circuit_operator.py took 0.194 seconds
[2025-04-30T00:34:33.176+0000] {processor.py:186} INFO - Started process (PID=570) to work on /home/airflow/.local/lib/python3.12/site-packages/airflow/example_dags/example_short_circuit_operator.py
[2025-04-30T00:34:33.178+0000] {processor.py:914} INFO - Processing file /home/airflow/.local/lib/python3.12/site-packages/airflow/example_dags/example_short_circuit_operator.py for tasks to queue
[2025-04-30T00:34:33.184+0000] {logging_mixin.py:190} INFO - [2025-04-30T00:34:33.183+0000] {dagbag.py:587} INFO - Filling up the DagBag from /home/airflow/.local/lib/python3.12/site-packages/airflow/example_dags/example_short_circuit_operator.py
[2025-04-30T00:34:33.207+0000] {processor.py:925} INFO - DAG(s) 'example_short_circuit_operator' retrieved from /home/airflow/.local/lib/python3.12/site-packages/airflow/example_dags/example_short_circuit_operator.py
[2025-04-30T00:34:33.266+0000] {logging_mixin.py:190} INFO - [2025-04-30T00:34:33.265+0000] {dag.py:3211} INFO - Sync 1 DAGs
[2025-04-30T00:34:33.317+0000] {logging_mixin.py:190} INFO - [2025-04-30T00:34:33.317+0000] {dag.py:4138} INFO - Setting next_dagrun for example_short_circuit_operator to 2025-04-29 00:00:00+00:00, run_after=2025-04-30 00:00:00+00:00
[2025-04-30T00:34:33.363+0000] {processor.py:208} INFO - Processing /home/airflow/.local/lib/python3.12/site-packages/airflow/example_dags/example_short_circuit_operator.py took 0.203 seconds
[2025-04-30T00:35:03.928+0000] {processor.py:186} INFO - Started process (PID=633) to work on /home/airflow/.local/lib/python3.12/site-packages/airflow/example_dags/example_short_circuit_operator.py
[2025-04-30T00:35:03.930+0000] {processor.py:914} INFO - Processing file /home/airflow/.local/lib/python3.12/site-packages/airflow/example_dags/example_short_circuit_operator.py for tasks to queue
[2025-04-30T00:35:03.937+0000] {logging_mixin.py:190} INFO - [2025-04-30T00:35:03.936+0000] {dagbag.py:587} INFO - Filling up the DagBag from /home/airflow/.local/lib/python3.12/site-packages/airflow/example_dags/example_short_circuit_operator.py
[2025-04-30T00:35:03.962+0000] {processor.py:925} INFO - DAG(s) 'example_short_circuit_operator' retrieved from /home/airflow/.local/lib/python3.12/site-packages/airflow/example_dags/example_short_circuit_operator.py
[2025-04-30T00:35:04.021+0000] {logging_mixin.py:190} INFO - [2025-04-30T00:35:04.020+0000] {dag.py:3211} INFO - Sync 1 DAGs
[2025-04-30T00:35:04.083+0000] {logging_mixin.py:190} INFO - [2025-04-30T00:35:04.083+0000] {dag.py:4138} INFO - Setting next_dagrun for example_short_circuit_operator to 2025-04-29 00:00:00+00:00, run_after=2025-04-30 00:00:00+00:00
[2025-04-30T00:35:04.130+0000] {processor.py:208} INFO - Processing /home/airflow/.local/lib/python3.12/site-packages/airflow/example_dags/example_short_circuit_operator.py took 0.217 seconds
[2025-04-30T00:35:34.913+0000] {processor.py:186} INFO - Started process (PID=696) to work on /home/airflow/.local/lib/python3.12/site-packages/airflow/example_dags/example_short_circuit_operator.py
[2025-04-30T00:35:34.915+0000] {processor.py:914} INFO - Processing file /home/airflow/.local/lib/python3.12/site-packages/airflow/example_dags/example_short_circuit_operator.py for tasks to queue
[2025-04-30T00:35:34.919+0000] {logging_mixin.py:190} INFO - [2025-04-30T00:35:34.919+0000] {dagbag.py:587} INFO - Filling up the DagBag from /home/airflow/.local/lib/python3.12/site-packages/airflow/example_dags/example_short_circuit_operator.py
[2025-04-30T00:35:34.937+0000] {processor.py:925} INFO - DAG(s) 'example_short_circuit_operator' retrieved from /home/airflow/.local/lib/python3.12/site-packages/airflow/example_dags/example_short_circuit_operator.py
[2025-04-30T00:35:34.986+0000] {logging_mixin.py:190} INFO - [2025-04-30T00:35:34.986+0000] {dag.py:3211} INFO - Sync 1 DAGs
[2025-04-30T00:35:35.036+0000] {logging_mixin.py:190} INFO - [2025-04-30T00:35:35.036+0000] {dag.py:4138} INFO - Setting next_dagrun for example_short_circuit_operator to 2025-04-29 00:00:00+00:00, run_after=2025-04-30 00:00:00+00:00
[2025-04-30T00:35:35.074+0000] {processor.py:208} INFO - Processing /home/airflow/.local/lib/python3.12/site-packages/airflow/example_dags/example_short_circuit_operator.py took 0.173 seconds
[2025-04-30T00:36:05.348+0000] {processor.py:186} INFO - Started process (PID=759) to work on /home/airflow/.local/lib/python3.12/site-packages/airflow/example_dags/example_short_circuit_operator.py
[2025-04-30T00:36:05.350+0000] {processor.py:914} INFO - Processing file /home/airflow/.local/lib/python3.12/site-packages/airflow/example_dags/example_short_circuit_operator.py for tasks to queue
[2025-04-30T00:36:05.357+0000] {logging_mixin.py:190} INFO - [2025-04-30T00:36:05.356+0000] {dagbag.py:587} INFO - Filling up the DagBag from /home/airflow/.local/lib/python3.12/site-packages/airflow/example_dags/example_short_circuit_operator.py
[2025-04-30T00:36:05.382+0000] {processor.py:925} INFO - DAG(s) 'example_short_circuit_operator' retrieved from /home/airflow/.local/lib/python3.12/site-packages/airflow/example_dags/example_short_circuit_operator.py
[2025-04-30T00:36:05.439+0000] {logging_mixin.py:190} INFO - [2025-04-30T00:36:05.439+0000] {dag.py:3211} INFO - Sync 1 DAGs
[2025-04-30T00:36:05.495+0000] {logging_mixin.py:190} INFO - [2025-04-30T00:36:05.494+0000] {dag.py:4138} INFO - Setting next_dagrun for example_short_circuit_operator to 2025-04-29 00:00:00+00:00, run_after=2025-04-30 00:00:00+00:00
[2025-04-30T00:36:05.533+0000] {processor.py:208} INFO - Processing /home/airflow/.local/lib/python3.12/site-packages/airflow/example_dags/example_short_circuit_operator.py took 0.200 seconds
[2025-04-30T00:36:36.160+0000] {processor.py:186} INFO - Started process (PID=822) to work on /home/airflow/.local/lib/python3.12/site-packages/airflow/example_dags/example_short_circuit_operator.py
[2025-04-30T00:36:36.161+0000] {processor.py:914} INFO - Processing file /home/airflow/.local/lib/python3.12/site-packages/airflow/example_dags/example_short_circuit_operator.py for tasks to queue
[2025-04-30T00:36:36.167+0000] {logging_mixin.py:190} INFO - [2025-04-30T00:36:36.166+0000] {dagbag.py:587} INFO - Filling up the DagBag from /home/airflow/.local/lib/python3.12/site-packages/airflow/example_dags/example_short_circuit_operator.py
[2025-04-30T00:36:36.187+0000] {processor.py:925} INFO - DAG(s) 'example_short_circuit_operator' retrieved from /home/airflow/.local/lib/python3.12/site-packages/airflow/example_dags/example_short_circuit_operator.py
[2025-04-30T00:36:36.239+0000] {logging_mixin.py:190} INFO - [2025-04-30T00:36:36.239+0000] {dag.py:3211} INFO - Sync 1 DAGs
[2025-04-30T00:36:36.294+0000] {logging_mixin.py:190} INFO - [2025-04-30T00:36:36.294+0000] {dag.py:4138} INFO - Setting next_dagrun for example_short_circuit_operator to 2025-04-29 00:00:00+00:00, run_after=2025-04-30 00:00:00+00:00
[2025-04-30T00:36:36.338+0000] {processor.py:208} INFO - Processing /home/airflow/.local/lib/python3.12/site-packages/airflow/example_dags/example_short_circuit_operator.py took 0.190 seconds
[2025-04-30T00:37:06.770+0000] {processor.py:186} INFO - Started process (PID=885) to work on /home/airflow/.local/lib/python3.12/site-packages/airflow/example_dags/example_short_circuit_operator.py
[2025-04-30T00:37:06.772+0000] {processor.py:914} INFO - Processing file /home/airflow/.local/lib/python3.12/site-packages/airflow/example_dags/example_short_circuit_operator.py for tasks to queue
[2025-04-30T00:37:06.778+0000] {logging_mixin.py:190} INFO - [2025-04-30T00:37:06.777+0000] {dagbag.py:587} INFO - Filling up the DagBag from /home/airflow/.local/lib/python3.12/site-packages/airflow/example_dags/example_short_circuit_operator.py
[2025-04-30T00:37:06.800+0000] {processor.py:925} INFO - DAG(s) 'example_short_circuit_operator' retrieved from /home/airflow/.local/lib/python3.12/site-packages/airflow/example_dags/example_short_circuit_operator.py
[2025-04-30T00:37:06.852+0000] {logging_mixin.py:190} INFO - [2025-04-30T00:37:06.851+0000] {dag.py:3211} INFO - Sync 1 DAGs
[2025-04-30T00:37:06.418+0000] {logging_mixin.py:190} INFO - [2025-04-30T00:37:06.417+0000] {dag.py:4138} INFO - Setting next_dagrun for example_short_circuit_operator to 2025-04-29 00:00:00+00:00, run_after=2025-04-30 00:00:00+00:00
[2025-04-30T00:37:06.475+0000] {processor.py:208} INFO - Processing /home/airflow/.local/lib/python3.12/site-packages/airflow/example_dags/example_short_circuit_operator.py took 0.248 seconds
[2025-04-30T00:37:37.415+0000] {processor.py:186} INFO - Started process (PID=949) to work on /home/airflow/.local/lib/python3.12/site-packages/airflow/example_dags/example_short_circuit_operator.py
[2025-04-30T00:37:37.417+0000] {processor.py:914} INFO - Processing file /home/airflow/.local/lib/python3.12/site-packages/airflow/example_dags/example_short_circuit_operator.py for tasks to queue
[2025-04-30T00:37:37.423+0000] {logging_mixin.py:190} INFO - [2025-04-30T00:37:37.422+0000] {dagbag.py:587} INFO - Filling up the DagBag from /home/airflow/.local/lib/python3.12/site-packages/airflow/example_dags/example_short_circuit_operator.py
[2025-04-30T00:37:37.444+0000] {processor.py:925} INFO - DAG(s) 'example_short_circuit_operator' retrieved from /home/airflow/.local/lib/python3.12/site-packages/airflow/example_dags/example_short_circuit_operator.py
[2025-04-30T00:37:37.499+0000] {logging_mixin.py:190} INFO - [2025-04-30T00:37:37.498+0000] {dag.py:3211} INFO - Sync 1 DAGs
[2025-04-30T00:37:37.556+0000] {logging_mixin.py:190} INFO - [2025-04-30T00:37:37.555+0000] {dag.py:4138} INFO - Setting next_dagrun for example_short_circuit_operator to 2025-04-29 00:00:00+00:00, run_after=2025-04-30 00:00:00+00:00
[2025-04-30T00:37:37.600+0000] {processor.py:208} INFO - Processing /home/airflow/.local/lib/python3.12/site-packages/airflow/example_dags/example_short_circuit_operator.py took 0.198 seconds
[2025-04-30T00:38:08.858+0000] {processor.py:186} INFO - Started process (PID=1018) to work on /home/airflow/.local/lib/python3.12/site-packages/airflow/example_dags/example_short_circuit_operator.py
[2025-04-30T00:38:08.861+0000] {processor.py:914} INFO - Processing file /home/airflow/.local/lib/python3.12/site-packages/airflow/example_dags/example_short_circuit_operator.py for tasks to queue
[2025-04-30T00:38:08.867+0000] {logging_mixin.py:190} INFO - [2025-04-30T00:38:08.867+0000] {dagbag.py:587} INFO - Filling up the DagBag from /home/airflow/.local/lib/python3.12/site-packages/airflow/example_dags/example_short_circuit_operator.py
[2025-04-30T00:38:08.889+0000] {processor.py:925} INFO - DAG(s) 'example_short_circuit_operator' retrieved from /home/airflow/.local/lib/python3.12/site-packages/airflow/example_dags/example_short_circuit_operator.py
[2025-04-30T00:38:08.943+0000] {logging_mixin.py:190} INFO - [2025-04-30T00:38:08.943+0000] {dag.py:3211} INFO - Sync 1 DAGs
[2025-04-30T00:38:09.000+0000] {logging_mixin.py:190} INFO - [2025-04-30T00:38:08.999+0000] {dag.py:4138} INFO - Setting next_dagrun for example_short_circuit_operator to 2025-04-29 00:00:00+00:00, run_after=2025-04-30 00:00:00+00:00
[2025-04-30T00:38:09.041+0000] {processor.py:208} INFO - Processing /home/airflow/.local/lib/python3.12/site-packages/airflow/example_dags/example_short_circuit_operator.py took 0.197 seconds
[2025-04-30T00:38:39.976+0000] {processor.py:186} INFO - Started process (PID=1082) to work on /home/airflow/.local/lib/python3.12/site-packages/airflow/example_dags/example_short_circuit_operator.py
[2025-04-30T00:38:39.978+0000] {processor.py:914} INFO - Processing file /home/airflow/.local/lib/python3.12/site-packages/airflow/example_dags/example_short_circuit_operator.py for tasks to queue
[2025-04-30T00:38:39.985+0000] {logging_mixin.py:190} INFO - [2025-04-30T00:38:39.984+0000] {dagbag.py:587} INFO - Filling up the DagBag from /home/airflow/.local/lib/python3.12/site-packages/airflow/example_dags/example_short_circuit_operator.py
[2025-04-30T00:38:40.014+0000] {processor.py:925} INFO - DAG(s) 'example_short_circuit_operator' retrieved from /home/airflow/.local/lib/python3.12/site-packages/airflow/example_dags/example_short_circuit_operator.py
[2025-04-30T00:38:40.093+0000] {logging_mixin.py:190} INFO - [2025-04-30T00:38:40.092+0000] {dag.py:3211} INFO - Sync 1 DAGs
[2025-04-30T00:38:40.166+0000] {logging_mixin.py:190} INFO - [2025-04-30T00:38:40.166+0000] {dag.py:4138} INFO - Setting next_dagrun for example_short_circuit_operator to 2025-04-29 00:00:00+00:00, run_after=2025-04-30 00:00:00+00:00
[2025-04-30T00:38:40.214+0000] {processor.py:208} INFO - Processing /home/airflow/.local/lib/python3.12/site-packages/airflow/example_dags/example_short_circuit_operator.py took 0.256 seconds
[2025-04-30T00:39:11.253+0000] {processor.py:186} INFO - Started process (PID=1145) to work on /home/airflow/.local/lib/python3.12/site-packages/airflow/example_dags/example_short_circuit_operator.py
[2025-04-30T00:39:11.256+0000] {processor.py:914} INFO - Processing file /home/airflow/.local/lib/python3.12/site-packages/airflow/example_dags/example_short_circuit_operator.py for tasks to queue
[2025-04-30T00:39:11.262+0000] {logging_mixin.py:190} INFO - [2025-04-30T00:39:11.261+0000] {dagbag.py:587} INFO - Filling up the DagBag from /home/airflow/.local/lib/python3.12/site-packages/airflow/example_dags/example_short_circuit_operator.py
[2025-04-30T00:39:11.291+0000] {processor.py:925} INFO - DAG(s) 'example_short_circuit_operator' retrieved from /home/airflow/.local/lib/python3.12/site-packages/airflow/example_dags/example_short_circuit_operator.py
[2025-04-30T00:39:11.342+0000] {logging_mixin.py:190} INFO - [2025-04-30T00:39:11.342+0000] {dag.py:3211} INFO - Sync 1 DAGs
[2025-04-30T00:39:11.394+0000] {logging_mixin.py:190} INFO - [2025-04-30T00:39:11.394+0000] {dag.py:4138} INFO - Setting next_dagrun for example_short_circuit_operator to 2025-04-29 00:00:00+00:00, run_after=2025-04-30 00:00:00+00:00
[2025-04-30T00:39:11.433+0000] {processor.py:208} INFO - Processing /home/airflow/.local/lib/python3.12/site-packages/airflow/example_dags/example_short_circuit_operator.py took 0.193 seconds
[2025-04-30T00:39:42.425+0000] {processor.py:186} INFO - Started process (PID=1208) to work on /home/airflow/.local/lib/python3.12/site-packages/airflow/example_dags/example_short_circuit_operator.py
[2025-04-30T00:39:42.427+0000] {processor.py:914} INFO - Processing file /home/airflow/.local/lib/python3.12/site-packages/airflow/example_dags/example_short_circuit_operator.py for tasks to queue
[2025-04-30T00:39:42.433+0000] {logging_mixin.py:190} INFO - [2025-04-30T00:39:42.432+0000] {dagbag.py:587} INFO - Filling up the DagBag from /home/airflow/.local/lib/python3.12/site-packages/airflow/example_dags/example_short_circuit_operator.py
[2025-04-30T00:39:42.458+0000] {processor.py:925} INFO - DAG(s) 'example_short_circuit_operator' retrieved from /home/airflow/.local/lib/python3.12/site-packages/airflow/example_dags/example_short_circuit_operator.py
[2025-04-30T00:39:42.523+0000] {logging_mixin.py:190} INFO - [2025-04-30T00:39:42.522+0000] {dag.py:3211} INFO - Sync 1 DAGs
[2025-04-30T00:39:42.585+0000] {logging_mixin.py:190} INFO - [2025-04-30T00:39:42.584+0000] {dag.py:4138} INFO - Setting next_dagrun for example_short_circuit_operator to 2025-04-29 00:00:00+00:00, run_after=2025-04-30 00:00:00+00:00
[2025-04-30T00:39:42.627+0000] {processor.py:208} INFO - Processing /home/airflow/.local/lib/python3.12/site-packages/airflow/example_dags/example_short_circuit_operator.py took 0.221 seconds
[2025-04-30T00:40:12.775+0000] {processor.py:186} INFO - Started process (PID=1271) to work on /home/airflow/.local/lib/python3.12/site-packages/airflow/example_dags/example_short_circuit_operator.py
[2025-04-30T00:40:12.777+0000] {processor.py:914} INFO - Processing file /home/airflow/.local/lib/python3.12/site-packages/airflow/example_dags/example_short_circuit_operator.py for tasks to queue
[2025-04-30T00:40:12.782+0000] {logging_mixin.py:190} INFO - [2025-04-30T00:40:12.781+0000] {dagbag.py:587} INFO - Filling up the DagBag from /home/airflow/.local/lib/python3.12/site-packages/airflow/example_dags/example_short_circuit_operator.py
[2025-04-30T00:40:12.799+0000] {processor.py:925} INFO - DAG(s) 'example_short_circuit_operator' retrieved from /home/airflow/.local/lib/python3.12/site-packages/airflow/example_dags/example_short_circuit_operator.py
[2025-04-30T00:40:12.852+0000] {logging_mixin.py:190} INFO - [2025-04-30T00:40:12.851+0000] {dag.py:3211} INFO - Sync 1 DAGs
[2025-04-30T00:40:12.904+0000] {logging_mixin.py:190} INFO - [2025-04-30T00:40:12.903+0000] {dag.py:4138} INFO - Setting next_dagrun for example_short_circuit_operator to 2025-04-29 00:00:00+00:00, run_after=2025-04-30 00:00:00+00:00
[2025-04-30T00:40:12.941+0000] {processor.py:208} INFO - Processing /home/airflow/.local/lib/python3.12/site-packages/airflow/example_dags/example_short_circuit_operator.py took 0.177 seconds
[2025-04-30T00:40:43.121+0000] {processor.py:186} INFO - Started process (PID=1333) to work on /home/airflow/.local/lib/python3.12/site-packages/airflow/example_dags/example_short_circuit_operator.py
[2025-04-30T00:40:43.124+0000] {processor.py:914} INFO - Processing file /home/airflow/.local/lib/python3.12/site-packages/airflow/example_dags/example_short_circuit_operator.py for tasks to queue
[2025-04-30T00:40:43.129+0000] {logging_mixin.py:190} INFO - [2025-04-30T00:40:43.129+0000] {dagbag.py:587} INFO - Filling up the DagBag from /home/airflow/.local/lib/python3.12/site-packages/airflow/example_dags/example_short_circuit_operator.py
[2025-04-30T00:40:43.151+0000] {processor.py:925} INFO - DAG(s) 'example_short_circuit_operator' retrieved from /home/airflow/.local/lib/python3.12/site-packages/airflow/example_dags/example_short_circuit_operator.py
[2025-04-30T00:40:43.210+0000] {logging_mixin.py:190} INFO - [2025-04-30T00:40:43.209+0000] {dag.py:3211} INFO - Sync 1 DAGs
[2025-04-30T00:40:43.267+0000] {logging_mixin.py:190} INFO - [2025-04-30T00:40:43.267+0000] {dag.py:4138} INFO - Setting next_dagrun for example_short_circuit_operator to 2025-04-29 00:00:00+00:00, run_after=2025-04-30 00:00:00+00:00
[2025-04-30T00:40:43.318+0000] {processor.py:208} INFO - Processing /home/airflow/.local/lib/python3.12/site-packages/airflow/example_dags/example_short_circuit_operator.py took 0.213 seconds
[2025-04-30T00:41:13.905+0000] {processor.py:186} INFO - Started process (PID=1396) to work on /home/airflow/.local/lib/python3.12/site-packages/airflow/example_dags/example_short_circuit_operator.py
[2025-04-30T00:41:13.908+0000] {processor.py:914} INFO - Processing file /home/airflow/.local/lib/python3.12/site-packages/airflow/example_dags/example_short_circuit_operator.py for tasks to queue
[2025-04-30T00:41:13.913+0000] {logging_mixin.py:190} INFO - [2025-04-30T00:41:13.912+0000] {dagbag.py:587} INFO - Filling up the DagBag from /home/airflow/.local/lib/python3.12/site-packages/airflow/example_dags/example_short_circuit_operator.py
[2025-04-30T00:41:13.931+0000] {processor.py:925} INFO - DAG(s) 'example_short_circuit_operator' retrieved from /home/airflow/.local/lib/python3.12/site-packages/airflow/example_dags/example_short_circuit_operator.py
[2025-04-30T00:41:13.980+0000] {logging_mixin.py:190} INFO - [2025-04-30T00:41:13.979+0000] {dag.py:3211} INFO - Sync 1 DAGs
[2025-04-30T00:41:14.031+0000] {logging_mixin.py:190} INFO - [2025-04-30T00:41:14.031+0000] {dag.py:4138} INFO - Setting next_dagrun for example_short_circuit_operator to 2025-04-29 00:00:00+00:00, run_after=2025-04-30 00:00:00+00:00
[2025-04-30T00:41:14.069+0000] {processor.py:208} INFO - Processing /home/airflow/.local/lib/python3.12/site-packages/airflow/example_dags/example_short_circuit_operator.py took 0.176 seconds
[2025-04-30T00:41:44.564+0000] {processor.py:186} INFO - Started process (PID=1459) to work on /home/airflow/.local/lib/python3.12/site-packages/airflow/example_dags/example_short_circuit_operator.py
[2025-04-30T00:41:44.566+0000] {processor.py:914} INFO - Processing file /home/airflow/.local/lib/python3.12/site-packages/airflow/example_dags/example_short_circuit_operator.py for tasks to queue
[2025-04-30T00:41:44.572+0000] {logging_mixin.py:190} INFO - [2025-04-30T00:41:44.571+0000] {dagbag.py:587} INFO - Filling up the DagBag from /home/airflow/.local/lib/python3.12/site-packages/airflow/example_dags/example_short_circuit_operator.py
[2025-04-30T00:41:44.591+0000] {processor.py:925} INFO - DAG(s) 'example_short_circuit_operator' retrieved from /home/airflow/.local/lib/python3.12/site-packages/airflow/example_dags/example_short_circuit_operator.py
[2025-04-30T00:41:44.643+0000] {logging_mixin.py:190} INFO - [2025-04-30T00:41:44.643+0000] {dag.py:3211} INFO - Sync 1 DAGs
[2025-04-30T00:41:44.709+0000] {logging_mixin.py:190} INFO - [2025-04-30T00:41:44.704+0000] {dag.py:4138} INFO - Setting next_dagrun for example_short_circuit_operator to 2025-04-29 00:00:00+00:00, run_after=2025-04-30 00:00:00+00:00
[2025-04-30T00:41:44.763+0000] {processor.py:208} INFO - Processing /home/airflow/.local/lib/python3.12/site-packages/airflow/example_dags/example_short_circuit_operator.py took 0.212 seconds
[2025-04-30T00:42:14.906+0000] {processor.py:186} INFO - Started process (PID=1526) to work on /home/airflow/.local/lib/python3.12/site-packages/airflow/example_dags/example_short_circuit_operator.py
[2025-04-30T00:42:14.909+0000] {processor.py:914} INFO - Processing file /home/airflow/.local/lib/python3.12/site-packages/airflow/example_dags/example_short_circuit_operator.py for tasks to queue
[2025-04-30T00:42:14.911+0000] {logging_mixin.py:190} INFO - [2025-04-30T00:42:14.911+0000] {dagbag.py:587} INFO - Filling up the DagBag from /home/airflow/.local/lib/python3.12/site-packages/airflow/example_dags/example_short_circuit_operator.py
[2025-04-30T00:42:14.931+0000] {processor.py:925} INFO - DAG(s) 'example_short_circuit_operator' retrieved from /home/airflow/.local/lib/python3.12/site-packages/airflow/example_dags/example_short_circuit_operator.py
[2025-04-30T00:42:14.977+0000] {logging_mixin.py:190} INFO - [2025-04-30T00:42:14.977+0000] {dag.py:3211} INFO - Sync 1 DAGs
[2025-04-30T00:42:15.021+0000] {logging_mixin.py:190} INFO - [2025-04-30T00:42:15.020+0000] {dag.py:4138} INFO - Setting next_dagrun for example_short_circuit_operator to 2025-04-29 00:00:00+00:00, run_after=2025-04-30 00:00:00+00:00
[2025-04-30T00:42:15.056+0000] {processor.py:208} INFO - Processing /home/airflow/.local/lib/python3.12/site-packages/airflow/example_dags/example_short_circuit_operator.py took 0.163 seconds
[2025-04-30T00:42:45.552+0000] {processor.py:186} INFO - Started process (PID=1589) to work on /home/airflow/.local/lib/python3.12/site-packages/airflow/example_dags/example_short_circuit_operator.py
[2025-04-30T00:42:45.554+0000] {processor.py:914} INFO - Processing file /home/airflow/.local/lib/python3.12/site-packages/airflow/example_dags/example_short_circuit_operator.py for tasks to queue
[2025-04-30T00:42:45.558+0000] {logging_mixin.py:190} INFO - [2025-04-30T00:42:45.557+0000] {dagbag.py:587} INFO - Filling up the DagBag from /home/airflow/.local/lib/python3.12/site-packages/airflow/example_dags/example_short_circuit_operator.py
[2025-04-30T00:42:45.580+0000] {processor.py:925} INFO - DAG(s) 'example_short_circuit_operator' retrieved from /home/airflow/.local/lib/python3.12/site-packages/airflow/example_dags/example_short_circuit_operator.py
[2025-04-30T00:42:45.630+0000] {logging_mixin.py:190} INFO - [2025-04-30T00:42:45.629+0000] {dag.py:3211} INFO - Sync 1 DAGs
[2025-04-30T00:42:45.681+0000] {logging_mixin.py:190} INFO - [2025-04-30T00:42:45.680+0000] {dag.py:4138} INFO - Setting next_dagrun for example_short_circuit_operator to 2025-04-29 00:00:00+00:00, run_after=2025-04-30 00:00:00+00:00
[2025-04-30T00:42:45.718+0000] {processor.py:208} INFO - Processing /home/airflow/.local/lib/python3.12/site-packages/airflow/example_dags/example_short_circuit_operator.py took 0.181 seconds
[2025-04-30T00:43:16.237+0000] {processor.py:186} INFO - Started process (PID=1652) to work on /home/airflow/.local/lib/python3.12/site-packages/airflow/example_dags/example_short_circuit_operator.py
[2025-04-30T00:43:16.239+0000] {processor.py:914} INFO - Processing file /home/airflow/.local/lib/python3.12/site-packages/airflow/example_dags/example_short_circuit_operator.py for tasks to queue
[2025-04-30T00:43:16.242+0000] {logging_mixin.py:190} INFO - [2025-04-30T00:43:16.241+0000] {dagbag.py:587} INFO - Filling up the DagBag from /home/airflow/.local/lib/python3.12/site-packages/airflow/example_dags/example_short_circuit_operator.py
[2025-04-30T00:43:16.260+0000] {processor.py:925} INFO - DAG(s) 'example_short_circuit_operator' retrieved from /home/airflow/.local/lib/python3.12/site-packages/airflow/example_dags/example_short_circuit_operator.py
[2025-04-30T00:43:16.307+0000] {logging_mixin.py:190} INFO - [2025-04-30T00:43:16.306+0000] {dag.py:3211} INFO - Sync 1 DAGs
[2025-04-30T00:43:16.352+0000] {logging_mixin.py:190} INFO - [2025-04-30T00:43:16.352+0000] {dag.py:4138} INFO - Setting next_dagrun for example_short_circuit_operator to 2025-04-29 00:00:00+00:00, run_after=2025-04-30 00:00:00+00:00
[2025-04-30T00:43:16.398+0000] {processor.py:208} INFO - Processing /home/airflow/.local/lib/python3.12/site-packages/airflow/example_dags/example_short_circuit_operator.py took 0.175 seconds
[2025-04-30T00:43:47.956+0000] {processor.py:186} INFO - Started process (PID=1714) to work on /home/airflow/.local/lib/python3.12/site-packages/airflow/example_dags/example_short_circuit_operator.py
[2025-04-30T00:43:47.963+0000] {processor.py:914} INFO - Processing file /home/airflow/.local/lib/python3.12/site-packages/airflow/example_dags/example_short_circuit_operator.py for tasks to queue
[2025-04-30T00:43:47.968+0000] {logging_mixin.py:190} INFO - [2025-04-30T00:43:47.967+0000] {dagbag.py:587} INFO - Filling up the DagBag from /home/airflow/.local/lib/python3.12/site-packages/airflow/example_dags/example_short_circuit_operator.py
[2025-04-30T00:43:48.006+0000] {processor.py:925} INFO - DAG(s) 'example_short_circuit_operator' retrieved from /home/airflow/.local/lib/python3.12/site-packages/airflow/example_dags/example_short_circuit_operator.py
[2025-04-30T00:43:48.113+0000] {logging_mixin.py:190} INFO - [2025-04-30T00:43:48.112+0000] {dag.py:3211} INFO - Sync 1 DAGs
[2025-04-30T00:43:48.233+0000] {logging_mixin.py:190} INFO - [2025-04-30T00:43:48.232+0000] {dag.py:4138} INFO - Setting next_dagrun for example_short_circuit_operator to 2025-04-29 00:00:00+00:00, run_after=2025-04-30 00:00:00+00:00
[2025-04-30T00:43:48.310+0000] {processor.py:208} INFO - Processing /home/airflow/.local/lib/python3.12/site-packages/airflow/example_dags/example_short_circuit_operator.py took 0.380 seconds
[2025-04-30T00:44:18.900+0000] {processor.py:186} INFO - Started process (PID=1781) to work on /home/airflow/.local/lib/python3.12/site-packages/airflow/example_dags/example_short_circuit_operator.py
[2025-04-30T00:44:18.901+0000] {processor.py:914} INFO - Processing file /home/airflow/.local/lib/python3.12/site-packages/airflow/example_dags/example_short_circuit_operator.py for tasks to queue
[2025-04-30T00:44:18.903+0000] {logging_mixin.py:190} INFO - [2025-04-30T00:44:18.902+0000] {dagbag.py:587} INFO - Filling up the DagBag from /home/airflow/.local/lib/python3.12/site-packages/airflow/example_dags/example_short_circuit_operator.py
[2025-04-30T00:44:18.915+0000] {processor.py:925} INFO - DAG(s) 'example_short_circuit_operator' retrieved from /home/airflow/.local/lib/python3.12/site-packages/airflow/example_dags/example_short_circuit_operator.py
[2025-04-30T00:44:18.946+0000] {logging_mixin.py:190} INFO - [2025-04-30T00:44:18.946+0000] {dag.py:3211} INFO - Sync 1 DAGs
[2025-04-30T00:44:18.976+0000] {logging_mixin.py:190} INFO - [2025-04-30T00:44:18.976+0000] {dag.py:4138} INFO - Setting next_dagrun for example_short_circuit_operator to 2025-04-29 00:00:00+00:00, run_after=2025-04-30 00:00:00+00:00
[2025-04-30T00:44:19.003+0000] {processor.py:208} INFO - Processing /home/airflow/.local/lib/python3.12/site-packages/airflow/example_dags/example_short_circuit_operator.py took 0.110 seconds
[2025-04-30T00:44:49.547+0000] {processor.py:186} INFO - Started process (PID=1840) to work on /home/airflow/.local/lib/python3.12/site-packages/airflow/example_dags/example_short_circuit_operator.py
[2025-04-30T00:44:49.549+0000] {processor.py:914} INFO - Processing file /home/airflow/.local/lib/python3.12/site-packages/airflow/example_dags/example_short_circuit_operator.py for tasks to queue
[2025-04-30T00:44:49.551+0000] {logging_mixin.py:190} INFO - [2025-04-30T00:44:49.551+0000] {dagbag.py:587} INFO - Filling up the DagBag from /home/airflow/.local/lib/python3.12/site-packages/airflow/example_dags/example_short_circuit_operator.py
[2025-04-30T00:44:49.567+0000] {processor.py:925} INFO - DAG(s) 'example_short_circuit_operator' retrieved from /home/airflow/.local/lib/python3.12/site-packages/airflow/example_dags/example_short_circuit_operator.py
[2025-04-30T00:44:49.604+0000] {logging_mixin.py:190} INFO - [2025-04-30T00:44:49.604+0000] {dag.py:3211} INFO - Sync 1 DAGs
[2025-04-30T00:44:49.646+0000] {logging_mixin.py:190} INFO - [2025-04-30T00:44:49.646+0000] {dag.py:4138} INFO - Setting next_dagrun for example_short_circuit_operator to 2025-04-29 00:00:00+00:00, run_after=2025-04-30 00:00:00+00:00
[2025-04-30T00:44:49.675+0000] {processor.py:208} INFO - Processing /home/airflow/.local/lib/python3.12/site-packages/airflow/example_dags/example_short_circuit_operator.py took 0.137 seconds
[2025-04-30T00:45:19.952+0000] {processor.py:186} INFO - Started process (PID=1909) to work on /home/airflow/.local/lib/python3.12/site-packages/airflow/example_dags/example_short_circuit_operator.py
[2025-04-30T00:45:19.953+0000] {processor.py:914} INFO - Processing file /home/airflow/.local/lib/python3.12/site-packages/airflow/example_dags/example_short_circuit_operator.py for tasks to queue
[2025-04-30T00:45:19.955+0000] {logging_mixin.py:190} INFO - [2025-04-30T00:45:19.955+0000] {dagbag.py:587} INFO - Filling up the DagBag from /home/airflow/.local/lib/python3.12/site-packages/airflow/example_dags/example_short_circuit_operator.py
[2025-04-30T00:45:19.965+0000] {processor.py:925} INFO - DAG(s) 'example_short_circuit_operator' retrieved from /home/airflow/.local/lib/python3.12/site-packages/airflow/example_dags/example_short_circuit_operator.py
[2025-04-30T00:45:19.993+0000] {logging_mixin.py:190} INFO - [2025-04-30T00:45:19.993+0000] {dag.py:3211} INFO - Sync 1 DAGs
[2025-04-30T00:45:20.018+0000] {logging_mixin.py:190} INFO - [2025-04-30T00:45:20.018+0000] {dag.py:4138} INFO - Setting next_dagrun for example_short_circuit_operator to 2025-04-29 00:00:00+00:00, run_after=2025-04-30 00:00:00+00:00
[2025-04-30T00:45:20.041+0000] {processor.py:208} INFO - Processing /home/airflow/.local/lib/python3.12/site-packages/airflow/example_dags/example_short_circuit_operator.py took 0.095 seconds
[2025-04-30T00:45:50.954+0000] {processor.py:186} INFO - Started process (PID=1972) to work on /home/airflow/.local/lib/python3.12/site-packages/airflow/example_dags/example_short_circuit_operator.py
[2025-04-30T00:45:50.956+0000] {processor.py:914} INFO - Processing file /home/airflow/.local/lib/python3.12/site-packages/airflow/example_dags/example_short_circuit_operator.py for tasks to queue
[2025-04-30T00:45:50.957+0000] {logging_mixin.py:190} INFO - [2025-04-30T00:45:50.957+0000] {dagbag.py:587} INFO - Filling up the DagBag from /home/airflow/.local/lib/python3.12/site-packages/airflow/example_dags/example_short_circuit_operator.py
[2025-04-30T00:45:50.969+0000] {processor.py:925} INFO - DAG(s) 'example_short_circuit_operator' retrieved from /home/airflow/.local/lib/python3.12/site-packages/airflow/example_dags/example_short_circuit_operator.py
[2025-04-30T00:45:51.000+0000] {logging_mixin.py:190} INFO - [2025-04-30T00:45:51.000+0000] {dag.py:3211} INFO - Sync 1 DAGs
[2025-04-30T00:45:51.030+0000] {logging_mixin.py:190} INFO - [2025-04-30T00:45:51.029+0000] {dag.py:4138} INFO - Setting next_dagrun for example_short_circuit_operator to 2025-04-29 00:00:00+00:00, run_after=2025-04-30 00:00:00+00:00
[2025-04-30T00:45:51.055+0000] {processor.py:208} INFO - Processing /home/airflow/.local/lib/python3.12/site-packages/airflow/example_dags/example_short_circuit_operator.py took 0.107 seconds
[2025-04-30T00:46:21.510+0000] {processor.py:186} INFO - Started process (PID=2035) to work on /home/airflow/.local/lib/python3.12/site-packages/airflow/example_dags/example_short_circuit_operator.py
[2025-04-30T00:46:21.511+0000] {processor.py:914} INFO - Processing file /home/airflow/.local/lib/python3.12/site-packages/airflow/example_dags/example_short_circuit_operator.py for tasks to queue
[2025-04-30T00:46:21.512+0000] {logging_mixin.py:190} INFO - [2025-04-30T00:46:21.512+0000] {dagbag.py:587} INFO - Filling up the DagBag from /home/airflow/.local/lib/python3.12/site-packages/airflow/example_dags/example_short_circuit_operator.py
[2025-04-30T00:46:21.523+0000] {processor.py:925} INFO - DAG(s) 'example_short_circuit_operator' retrieved from /home/airflow/.local/lib/python3.12/site-packages/airflow/example_dags/example_short_circuit_operator.py
[2025-04-30T00:46:21.552+0000] {logging_mixin.py:190} INFO - [2025-04-30T00:46:21.551+0000] {dag.py:3211} INFO - Sync 1 DAGs
[2025-04-30T00:46:21.580+0000] {logging_mixin.py:190} INFO - [2025-04-30T00:46:21.580+0000] {dag.py:4138} INFO - Setting next_dagrun for example_short_circuit_operator to 2025-04-29 00:00:00+00:00, run_after=2025-04-30 00:00:00+00:00
[2025-04-30T00:46:21.613+0000] {processor.py:208} INFO - Processing /home/airflow/.local/lib/python3.12/site-packages/airflow/example_dags/example_short_circuit_operator.py took 0.110 seconds
[2025-04-30T00:46:51.729+0000] {processor.py:186} INFO - Started process (PID=2097) to work on /home/airflow/.local/lib/python3.12/site-packages/airflow/example_dags/example_short_circuit_operator.py
[2025-04-30T00:46:51.730+0000] {processor.py:914} INFO - Processing file /home/airflow/.local/lib/python3.12/site-packages/airflow/example_dags/example_short_circuit_operator.py for tasks to queue
[2025-04-30T00:46:51.731+0000] {logging_mixin.py:190} INFO - [2025-04-30T00:46:51.731+0000] {dagbag.py:587} INFO - Filling up the DagBag from /home/airflow/.local/lib/python3.12/site-packages/airflow/example_dags/example_short_circuit_operator.py
[2025-04-30T00:46:51.742+0000] {processor.py:925} INFO - DAG(s) 'example_short_circuit_operator' retrieved from /home/airflow/.local/lib/python3.12/site-packages/airflow/example_dags/example_short_circuit_operator.py
[2025-04-30T00:46:51.768+0000] {logging_mixin.py:190} INFO - [2025-04-30T00:46:51.768+0000] {dag.py:3211} INFO - Sync 1 DAGs
[2025-04-30T00:46:51.797+0000] {logging_mixin.py:190} INFO - [2025-04-30T00:46:51.797+0000] {dag.py:4138} INFO - Setting next_dagrun for example_short_circuit_operator to 2025-04-29 00:00:00+00:00, run_after=2025-04-30 00:00:00+00:00
[2025-04-30T00:46:51.824+0000] {processor.py:208} INFO - Processing /home/airflow/.local/lib/python3.12/site-packages/airflow/example_dags/example_short_circuit_operator.py took 0.103 seconds
[2025-04-30T00:47:22.658+0000] {processor.py:186} INFO - Started process (PID=2161) to work on /home/airflow/.local/lib/python3.12/site-packages/airflow/example_dags/example_short_circuit_operator.py
[2025-04-30T00:47:22.660+0000] {processor.py:914} INFO - Processing file /home/airflow/.local/lib/python3.12/site-packages/airflow/example_dags/example_short_circuit_operator.py for tasks to queue
[2025-04-30T00:47:22.662+0000] {logging_mixin.py:190} INFO - [2025-04-30T00:47:22.661+0000] {dagbag.py:587} INFO - Filling up the DagBag from /home/airflow/.local/lib/python3.12/site-packages/airflow/example_dags/example_short_circuit_operator.py
[2025-04-30T00:47:22.680+0000] {processor.py:925} INFO - DAG(s) 'example_short_circuit_operator' retrieved from /home/airflow/.local/lib/python3.12/site-packages/airflow/example_dags/example_short_circuit_operator.py
[2025-04-30T00:47:22.720+0000] {logging_mixin.py:190} INFO - [2025-04-30T00:47:22.720+0000] {dag.py:3211} INFO - Sync 1 DAGs
[2025-04-30T00:47:22.765+0000] {logging_mixin.py:190} INFO - [2025-04-30T00:47:22.765+0000] {dag.py:4138} INFO - Setting next_dagrun for example_short_circuit_operator to 2025-04-29 00:00:00+00:00, run_after=2025-04-30 00:00:00+00:00
[2025-04-30T00:47:22.786+0000] {processor.py:208} INFO - Processing /home/airflow/.local/lib/python3.12/site-packages/airflow/example_dags/example_short_circuit_operator.py took 0.139 seconds
[2025-04-30T00:47:53.378+0000] {processor.py:186} INFO - Started process (PID=2224) to work on /home/airflow/.local/lib/python3.12/site-packages/airflow/example_dags/example_short_circuit_operator.py
[2025-04-30T00:47:53.379+0000] {processor.py:914} INFO - Processing file /home/airflow/.local/lib/python3.12/site-packages/airflow/example_dags/example_short_circuit_operator.py for tasks to queue
[2025-04-30T00:47:53.382+0000] {logging_mixin.py:190} INFO - [2025-04-30T00:47:53.381+0000] {dagbag.py:587} INFO - Filling up the DagBag from /home/airflow/.local/lib/python3.12/site-packages/airflow/example_dags/example_short_circuit_operator.py
[2025-04-30T00:47:53.393+0000] {processor.py:925} INFO - DAG(s) 'example_short_circuit_operator' retrieved from /home/airflow/.local/lib/python3.12/site-packages/airflow/example_dags/example_short_circuit_operator.py
[2025-04-30T00:47:53.422+0000] {logging_mixin.py:190} INFO - [2025-04-30T00:47:53.422+0000] {dag.py:3211} INFO - Sync 1 DAGs
[2025-04-30T00:47:53.460+0000] {logging_mixin.py:190} INFO - [2025-04-30T00:47:53.460+0000] {dag.py:4138} INFO - Setting next_dagrun for example_short_circuit_operator to 2025-04-29 00:00:00+00:00, run_after=2025-04-30 00:00:00+00:00
[2025-04-30T00:47:53.487+0000] {processor.py:208} INFO - Processing /home/airflow/.local/lib/python3.12/site-packages/airflow/example_dags/example_short_circuit_operator.py took 0.116 seconds
[2025-04-30T00:48:23.923+0000] {processor.py:186} INFO - Started process (PID=2287) to work on /home/airflow/.local/lib/python3.12/site-packages/airflow/example_dags/example_short_circuit_operator.py
[2025-04-30T00:48:23.924+0000] {processor.py:914} INFO - Processing file /home/airflow/.local/lib/python3.12/site-packages/airflow/example_dags/example_short_circuit_operator.py for tasks to queue
[2025-04-30T00:48:23.926+0000] {logging_mixin.py:190} INFO - [2025-04-30T00:48:23.926+0000] {dagbag.py:587} INFO - Filling up the DagBag from /home/airflow/.local/lib/python3.12/site-packages/airflow/example_dags/example_short_circuit_operator.py
[2025-04-30T00:48:23.943+0000] {processor.py:925} INFO - DAG(s) 'example_short_circuit_operator' retrieved from /home/airflow/.local/lib/python3.12/site-packages/airflow/example_dags/example_short_circuit_operator.py
[2025-04-30T00:48:23.985+0000] {logging_mixin.py:190} INFO - [2025-04-30T00:48:23.984+0000] {dag.py:3211} INFO - Sync 1 DAGs
[2025-04-30T00:48:24.025+0000] {logging_mixin.py:190} INFO - [2025-04-30T00:48:24.024+0000] {dag.py:4138} INFO - Setting next_dagrun for example_short_circuit_operator to 2025-04-29 00:00:00+00:00, run_after=2025-04-30 00:00:00+00:00
[2025-04-30T00:48:24.052+0000] {processor.py:208} INFO - Processing /home/airflow/.local/lib/python3.12/site-packages/airflow/example_dags/example_short_circuit_operator.py took 0.138 seconds
[2025-04-30T00:48:54.789+0000] {processor.py:186} INFO - Started process (PID=2350) to work on /home/airflow/.local/lib/python3.12/site-packages/airflow/example_dags/example_short_circuit_operator.py
[2025-04-30T00:48:54.790+0000] {processor.py:914} INFO - Processing file /home/airflow/.local/lib/python3.12/site-packages/airflow/example_dags/example_short_circuit_operator.py for tasks to queue
[2025-04-30T00:48:54.792+0000] {logging_mixin.py:190} INFO - [2025-04-30T00:48:54.791+0000] {dagbag.py:587} INFO - Filling up the DagBag from /home/airflow/.local/lib/python3.12/site-packages/airflow/example_dags/example_short_circuit_operator.py
[2025-04-30T00:48:54.802+0000] {processor.py:925} INFO - DAG(s) 'example_short_circuit_operator' retrieved from /home/airflow/.local/lib/python3.12/site-packages/airflow/example_dags/example_short_circuit_operator.py
[2025-04-30T00:48:54.829+0000] {logging_mixin.py:190} INFO - [2025-04-30T00:48:54.828+0000] {dag.py:3211} INFO - Sync 1 DAGs
[2025-04-30T00:48:54.863+0000] {logging_mixin.py:190} INFO - [2025-04-30T00:48:54.863+0000] {dag.py:4138} INFO - Setting next_dagrun for example_short_circuit_operator to 2025-04-29 00:00:00+00:00, run_after=2025-04-30 00:00:00+00:00
[2025-04-30T00:48:54.893+0000] {processor.py:208} INFO - Processing /home/airflow/.local/lib/python3.12/site-packages/airflow/example_dags/example_short_circuit_operator.py took 0.110 seconds
[2025-04-30T00:49:25.275+0000] {processor.py:186} INFO - Started process (PID=2412) to work on /home/airflow/.local/lib/python3.12/site-packages/airflow/example_dags/example_short_circuit_operator.py
[2025-04-30T00:49:25.276+0000] {processor.py:914} INFO - Processing file /home/airflow/.local/lib/python3.12/site-packages/airflow/example_dags/example_short_circuit_operator.py for tasks to queue
[2025-04-30T00:49:25.277+0000] {logging_mixin.py:190} INFO - [2025-04-30T00:49:25.277+0000] {dagbag.py:587} INFO - Filling up the DagBag from /home/airflow/.local/lib/python3.12/site-packages/airflow/example_dags/example_short_circuit_operator.py
[2025-04-30T00:49:25.287+0000] {processor.py:925} INFO - DAG(s) 'example_short_circuit_operator' retrieved from /home/airflow/.local/lib/python3.12/site-packages/airflow/example_dags/example_short_circuit_operator.py
[2025-04-30T00:49:25.312+0000] {logging_mixin.py:190} INFO - [2025-04-30T00:49:25.311+0000] {dag.py:3211} INFO - Sync 1 DAGs
[2025-04-30T00:49:25.336+0000] {logging_mixin.py:190} INFO - [2025-04-30T00:49:25.336+0000] {dag.py:4138} INFO - Setting next_dagrun for example_short_circuit_operator to 2025-04-29 00:00:00+00:00, run_after=2025-04-30 00:00:00+00:00
[2025-04-30T00:49:25.358+0000] {processor.py:208} INFO - Processing /home/airflow/.local/lib/python3.12/site-packages/airflow/example_dags/example_short_circuit_operator.py took 0.089 seconds
[2025-04-30T00:49:56.216+0000] {processor.py:186} INFO - Started process (PID=2476) to work on /home/airflow/.local/lib/python3.12/site-packages/airflow/example_dags/example_short_circuit_operator.py
[2025-04-30T00:49:56.217+0000] {processor.py:914} INFO - Processing file /home/airflow/.local/lib/python3.12/site-packages/airflow/example_dags/example_short_circuit_operator.py for tasks to queue
[2025-04-30T00:49:56.219+0000] {logging_mixin.py:190} INFO - [2025-04-30T00:49:56.218+0000] {dagbag.py:587} INFO - Filling up the DagBag from /home/airflow/.local/lib/python3.12/site-packages/airflow/example_dags/example_short_circuit_operator.py
[2025-04-30T00:49:56.233+0000] {processor.py:925} INFO - DAG(s) 'example_short_circuit_operator' retrieved from /home/airflow/.local/lib/python3.12/site-packages/airflow/example_dags/example_short_circuit_operator.py
[2025-04-30T00:49:56.259+0000] {logging_mixin.py:190} INFO - [2025-04-30T00:49:56.259+0000] {dag.py:3211} INFO - Sync 1 DAGs
[2025-04-30T00:49:56.284+0000] {logging_mixin.py:190} INFO - [2025-04-30T00:49:56.283+0000] {dag.py:4138} INFO - Setting next_dagrun for example_short_circuit_operator to 2025-04-29 00:00:00+00:00, run_after=2025-04-30 00:00:00+00:00
[2025-04-30T00:49:56.307+0000] {processor.py:208} INFO - Processing /home/airflow/.local/lib/python3.12/site-packages/airflow/example_dags/example_short_circuit_operator.py took 0.098 seconds
[2025-04-30T00:50:26.495+0000] {processor.py:186} INFO - Started process (PID=2539) to work on /home/airflow/.local/lib/python3.12/site-packages/airflow/example_dags/example_short_circuit_operator.py
[2025-04-30T00:50:26.496+0000] {processor.py:914} INFO - Processing file /home/airflow/.local/lib/python3.12/site-packages/airflow/example_dags/example_short_circuit_operator.py for tasks to queue
[2025-04-30T00:50:26.498+0000] {logging_mixin.py:190} INFO - [2025-04-30T00:50:26.498+0000] {dagbag.py:587} INFO - Filling up the DagBag from /home/airflow/.local/lib/python3.12/site-packages/airflow/example_dags/example_short_circuit_operator.py
[2025-04-30T00:50:26.510+0000] {processor.py:925} INFO - DAG(s) 'example_short_circuit_operator' retrieved from /home/airflow/.local/lib/python3.12/site-packages/airflow/example_dags/example_short_circuit_operator.py
[2025-04-30T00:50:26.543+0000] {logging_mixin.py:190} INFO - [2025-04-30T00:50:26.543+0000] {dag.py:3211} INFO - Sync 1 DAGs
[2025-04-30T00:50:26.576+0000] {logging_mixin.py:190} INFO - [2025-04-30T00:50:26.576+0000] {dag.py:4138} INFO - Setting next_dagrun for example_short_circuit_operator to 2025-04-29 00:00:00+00:00, run_after=2025-04-30 00:00:00+00:00
[2025-04-30T00:50:26.601+0000] {processor.py:208} INFO - Processing /home/airflow/.local/lib/python3.12/site-packages/airflow/example_dags/example_short_circuit_operator.py took 0.112 seconds
[2025-04-30T00:50:57.349+0000] {processor.py:186} INFO - Started process (PID=2602) to work on /home/airflow/.local/lib/python3.12/site-packages/airflow/example_dags/example_short_circuit_operator.py
[2025-04-30T00:50:57.351+0000] {processor.py:914} INFO - Processing file /home/airflow/.local/lib/python3.12/site-packages/airflow/example_dags/example_short_circuit_operator.py for tasks to queue
[2025-04-30T00:50:57.353+0000] {logging_mixin.py:190} INFO - [2025-04-30T00:50:57.352+0000] {dagbag.py:587} INFO - Filling up the DagBag from /home/airflow/.local/lib/python3.12/site-packages/airflow/example_dags/example_short_circuit_operator.py
[2025-04-30T00:50:57.369+0000] {processor.py:925} INFO - DAG(s) 'example_short_circuit_operator' retrieved from /home/airflow/.local/lib/python3.12/site-packages/airflow/example_dags/example_short_circuit_operator.py
[2025-04-30T00:50:57.402+0000] {logging_mixin.py:190} INFO - [2025-04-30T00:50:57.402+0000] {dag.py:3211} INFO - Sync 1 DAGs
[2025-04-30T00:50:57.440+0000] {logging_mixin.py:190} INFO - [2025-04-30T00:50:57.439+0000] {dag.py:4138} INFO - Setting next_dagrun for example_short_circuit_operator to 2025-04-29 00:00:00+00:00, run_after=2025-04-30 00:00:00+00:00
[2025-04-30T00:50:57.470+0000] {processor.py:208} INFO - Processing /home/airflow/.local/lib/python3.12/site-packages/airflow/example_dags/example_short_circuit_operator.py took 0.128 seconds
[2025-04-30T00:51:27.665+0000] {processor.py:186} INFO - Started process (PID=2668) to work on /home/airflow/.local/lib/python3.12/site-packages/airflow/example_dags/example_short_circuit_operator.py
[2025-04-30T00:51:27.667+0000] {processor.py:914} INFO - Processing file /home/airflow/.local/lib/python3.12/site-packages/airflow/example_dags/example_short_circuit_operator.py for tasks to queue
[2025-04-30T00:51:27.668+0000] {logging_mixin.py:190} INFO - [2025-04-30T00:51:27.668+0000] {dagbag.py:587} INFO - Filling up the DagBag from /home/airflow/.local/lib/python3.12/site-packages/airflow/example_dags/example_short_circuit_operator.py
[2025-04-30T00:51:27.686+0000] {processor.py:925} INFO - DAG(s) 'example_short_circuit_operator' retrieved from /home/airflow/.local/lib/python3.12/site-packages/airflow/example_dags/example_short_circuit_operator.py
[2025-04-30T00:51:27.721+0000] {logging_mixin.py:190} INFO - [2025-04-30T00:51:27.721+0000] {dag.py:3211} INFO - Sync 1 DAGs
[2025-04-30T00:51:27.761+0000] {logging_mixin.py:190} INFO - [2025-04-30T00:51:27.760+0000] {dag.py:4138} INFO - Setting next_dagrun for example_short_circuit_operator to 2025-04-29 00:00:00+00:00, run_after=2025-04-30 00:00:00+00:00
[2025-04-30T00:51:27.790+0000] {processor.py:208} INFO - Processing /home/airflow/.local/lib/python3.12/site-packages/airflow/example_dags/example_short_circuit_operator.py took 0.133 seconds
[2025-04-30T00:59:35.884+0000] {processor.py:186} INFO - Started process (PID=2753) to work on /home/airflow/.local/lib/python3.12/site-packages/airflow/example_dags/example_short_circuit_operator.py
[2025-04-30T00:59:35.889+0000] {processor.py:914} INFO - Processing file /home/airflow/.local/lib/python3.12/site-packages/airflow/example_dags/example_short_circuit_operator.py for tasks to queue
[2025-04-30T00:59:35.892+0000] {logging_mixin.py:190} INFO - [2025-04-30T00:59:35.891+0000] {dagbag.py:587} INFO - Filling up the DagBag from /home/airflow/.local/lib/python3.12/site-packages/airflow/example_dags/example_short_circuit_operator.py
[2025-04-30T00:59:35.921+0000] {processor.py:925} INFO - DAG(s) 'example_short_circuit_operator' retrieved from /home/airflow/.local/lib/python3.12/site-packages/airflow/example_dags/example_short_circuit_operator.py
[2025-04-30T00:59:35.977+0000] {logging_mixin.py:190} INFO - [2025-04-30T00:59:35.977+0000] {dag.py:3211} INFO - Sync 1 DAGs
[2025-04-30T00:59:36.035+0000] {logging_mixin.py:190} INFO - [2025-04-30T00:59:36.034+0000] {dag.py:4138} INFO - Setting next_dagrun for example_short_circuit_operator to 2025-04-29 00:00:00+00:00, run_after=2025-04-30 00:00:00+00:00
[2025-04-30T00:59:36.130+0000] {processor.py:208} INFO - Processing /home/airflow/.local/lib/python3.12/site-packages/airflow/example_dags/example_short_circuit_operator.py took 0.266 seconds
[2025-04-30T01:00:06.314+0000] {processor.py:186} INFO - Started process (PID=2822) to work on /home/airflow/.local/lib/python3.12/site-packages/airflow/example_dags/example_short_circuit_operator.py
[2025-04-30T01:00:06.317+0000] {processor.py:914} INFO - Processing file /home/airflow/.local/lib/python3.12/site-packages/airflow/example_dags/example_short_circuit_operator.py for tasks to queue
[2025-04-30T01:00:06.319+0000] {logging_mixin.py:190} INFO - [2025-04-30T01:00:06.319+0000] {dagbag.py:587} INFO - Filling up the DagBag from /home/airflow/.local/lib/python3.12/site-packages/airflow/example_dags/example_short_circuit_operator.py
[2025-04-30T01:00:06.333+0000] {processor.py:925} INFO - DAG(s) 'example_short_circuit_operator' retrieved from /home/airflow/.local/lib/python3.12/site-packages/airflow/example_dags/example_short_circuit_operator.py
[2025-04-30T01:00:06.367+0000] {logging_mixin.py:190} INFO - [2025-04-30T01:00:06.366+0000] {dag.py:3211} INFO - Sync 1 DAGs
[2025-04-30T01:00:06.397+0000] {logging_mixin.py:190} INFO - [2025-04-30T01:00:06.397+0000] {dag.py:4138} INFO - Setting next_dagrun for example_short_circuit_operator to 2025-04-29 00:00:00+00:00, run_after=2025-04-30 00:00:00+00:00
[2025-04-30T01:00:06.423+0000] {processor.py:208} INFO - Processing /home/airflow/.local/lib/python3.12/site-packages/airflow/example_dags/example_short_circuit_operator.py took 0.120 seconds
[2025-04-30T01:00:36.776+0000] {processor.py:186} INFO - Started process (PID=2885) to work on /home/airflow/.local/lib/python3.12/site-packages/airflow/example_dags/example_short_circuit_operator.py
[2025-04-30T01:00:36.777+0000] {processor.py:914} INFO - Processing file /home/airflow/.local/lib/python3.12/site-packages/airflow/example_dags/example_short_circuit_operator.py for tasks to queue
[2025-04-30T01:00:36.779+0000] {logging_mixin.py:190} INFO - [2025-04-30T01:00:36.778+0000] {dagbag.py:587} INFO - Filling up the DagBag from /home/airflow/.local/lib/python3.12/site-packages/airflow/example_dags/example_short_circuit_operator.py
[2025-04-30T01:00:36.795+0000] {processor.py:925} INFO - DAG(s) 'example_short_circuit_operator' retrieved from /home/airflow/.local/lib/python3.12/site-packages/airflow/example_dags/example_short_circuit_operator.py
[2025-04-30T01:00:36.823+0000] {logging_mixin.py:190} INFO - [2025-04-30T01:00:36.823+0000] {dag.py:3211} INFO - Sync 1 DAGs
[2025-04-30T01:00:36.850+0000] {logging_mixin.py:190} INFO - [2025-04-30T01:00:36.850+0000] {dag.py:4138} INFO - Setting next_dagrun for example_short_circuit_operator to 2025-04-29 00:00:00+00:00, run_after=2025-04-30 00:00:00+00:00
[2025-04-30T01:00:36.873+0000] {processor.py:208} INFO - Processing /home/airflow/.local/lib/python3.12/site-packages/airflow/example_dags/example_short_circuit_operator.py took 0.106 seconds
[2025-04-30T01:01:07.439+0000] {processor.py:186} INFO - Started process (PID=2949) to work on /home/airflow/.local/lib/python3.12/site-packages/airflow/example_dags/example_short_circuit_operator.py
[2025-04-30T01:01:07.441+0000] {processor.py:914} INFO - Processing file /home/airflow/.local/lib/python3.12/site-packages/airflow/example_dags/example_short_circuit_operator.py for tasks to queue
[2025-04-30T01:01:07.442+0000] {logging_mixin.py:190} INFO - [2025-04-30T01:01:07.442+0000] {dagbag.py:587} INFO - Filling up the DagBag from /home/airflow/.local/lib/python3.12/site-packages/airflow/example_dags/example_short_circuit_operator.py
[2025-04-30T01:01:07.457+0000] {processor.py:925} INFO - DAG(s) 'example_short_circuit_operator' retrieved from /home/airflow/.local/lib/python3.12/site-packages/airflow/example_dags/example_short_circuit_operator.py
[2025-04-30T01:01:07.492+0000] {logging_mixin.py:190} INFO - [2025-04-30T01:01:07.491+0000] {dag.py:3211} INFO - Sync 1 DAGs
[2025-04-30T01:01:07.520+0000] {logging_mixin.py:190} INFO - [2025-04-30T01:01:07.520+0000] {dag.py:4138} INFO - Setting next_dagrun for example_short_circuit_operator to 2025-04-29 00:00:00+00:00, run_after=2025-04-30 00:00:00+00:00
[2025-04-30T01:01:07.546+0000] {processor.py:208} INFO - Processing /home/airflow/.local/lib/python3.12/site-packages/airflow/example_dags/example_short_circuit_operator.py took 0.114 seconds
[2025-04-30T01:01:38.936+0000] {processor.py:186} INFO - Started process (PID=3012) to work on /home/airflow/.local/lib/python3.12/site-packages/airflow/example_dags/example_short_circuit_operator.py
[2025-04-30T01:01:38.937+0000] {processor.py:914} INFO - Processing file /home/airflow/.local/lib/python3.12/site-packages/airflow/example_dags/example_short_circuit_operator.py for tasks to queue
[2025-04-30T01:01:38.938+0000] {logging_mixin.py:190} INFO - [2025-04-30T01:01:38.938+0000] {dagbag.py:587} INFO - Filling up the DagBag from /home/airflow/.local/lib/python3.12/site-packages/airflow/example_dags/example_short_circuit_operator.py
[2025-04-30T01:01:38.953+0000] {processor.py:925} INFO - DAG(s) 'example_short_circuit_operator' retrieved from /home/airflow/.local/lib/python3.12/site-packages/airflow/example_dags/example_short_circuit_operator.py
[2025-04-30T01:01:38.980+0000] {logging_mixin.py:190} INFO - [2025-04-30T01:01:38.980+0000] {dag.py:3211} INFO - Sync 1 DAGs
[2025-04-30T01:01:39.007+0000] {logging_mixin.py:190} INFO - [2025-04-30T01:01:39.006+0000] {dag.py:4138} INFO - Setting next_dagrun for example_short_circuit_operator to 2025-04-29 00:00:00+00:00, run_after=2025-04-30 00:00:00+00:00
[2025-04-30T01:01:39.028+0000] {processor.py:208} INFO - Processing /home/airflow/.local/lib/python3.12/site-packages/airflow/example_dags/example_short_circuit_operator.py took 0.099 seconds
[2025-04-30T01:02:10.164+0000] {processor.py:186} INFO - Started process (PID=3076) to work on /home/airflow/.local/lib/python3.12/site-packages/airflow/example_dags/example_short_circuit_operator.py
[2025-04-30T01:02:10.166+0000] {processor.py:914} INFO - Processing file /home/airflow/.local/lib/python3.12/site-packages/airflow/example_dags/example_short_circuit_operator.py for tasks to queue
[2025-04-30T01:02:10.168+0000] {logging_mixin.py:190} INFO - [2025-04-30T01:02:10.167+0000] {dagbag.py:587} INFO - Filling up the DagBag from /home/airflow/.local/lib/python3.12/site-packages/airflow/example_dags/example_short_circuit_operator.py
[2025-04-30T01:02:10.182+0000] {processor.py:925} INFO - DAG(s) 'example_short_circuit_operator' retrieved from /home/airflow/.local/lib/python3.12/site-packages/airflow/example_dags/example_short_circuit_operator.py
[2025-04-30T01:02:10.214+0000] {logging_mixin.py:190} INFO - [2025-04-30T01:02:10.214+0000] {dag.py:3211} INFO - Sync 1 DAGs
[2025-04-30T01:02:10.245+0000] {logging_mixin.py:190} INFO - [2025-04-30T01:02:10.244+0000] {dag.py:4138} INFO - Setting next_dagrun for example_short_circuit_operator to 2025-04-29 00:00:00+00:00, run_after=2025-04-30 00:00:00+00:00
[2025-04-30T01:02:10.458+0000] {processor.py:208} INFO - Processing /home/airflow/.local/lib/python3.12/site-packages/airflow/example_dags/example_short_circuit_operator.py took 0.305 seconds
[2025-04-30T01:02:40.824+0000] {processor.py:186} INFO - Started process (PID=3140) to work on /home/airflow/.local/lib/python3.12/site-packages/airflow/example_dags/example_short_circuit_operator.py
[2025-04-30T01:02:40.825+0000] {processor.py:914} INFO - Processing file /home/airflow/.local/lib/python3.12/site-packages/airflow/example_dags/example_short_circuit_operator.py for tasks to queue
[2025-04-30T01:02:40.827+0000] {logging_mixin.py:190} INFO - [2025-04-30T01:02:40.826+0000] {dagbag.py:587} INFO - Filling up the DagBag from /home/airflow/.local/lib/python3.12/site-packages/airflow/example_dags/example_short_circuit_operator.py
[2025-04-30T01:02:40.839+0000] {processor.py:925} INFO - DAG(s) 'example_short_circuit_operator' retrieved from /home/airflow/.local/lib/python3.12/site-packages/airflow/example_dags/example_short_circuit_operator.py
[2025-04-30T01:02:40.868+0000] {logging_mixin.py:190} INFO - [2025-04-30T01:02:40.868+0000] {dag.py:3211} INFO - Sync 1 DAGs
[2025-04-30T01:02:40.896+0000] {logging_mixin.py:190} INFO - [2025-04-30T01:02:40.896+0000] {dag.py:4138} INFO - Setting next_dagrun for example_short_circuit_operator to 2025-04-29 00:00:00+00:00, run_after=2025-04-30 00:00:00+00:00
[2025-04-30T01:02:40.919+0000] {processor.py:208} INFO - Processing /home/airflow/.local/lib/python3.12/site-packages/airflow/example_dags/example_short_circuit_operator.py took 0.102 seconds
[2025-04-30T01:03:11.861+0000] {processor.py:186} INFO - Started process (PID=3202) to work on /home/airflow/.local/lib/python3.12/site-packages/airflow/example_dags/example_short_circuit_operator.py
[2025-04-30T01:03:11.862+0000] {processor.py:914} INFO - Processing file /home/airflow/.local/lib/python3.12/site-packages/airflow/example_dags/example_short_circuit_operator.py for tasks to queue
[2025-04-30T01:03:11.865+0000] {logging_mixin.py:190} INFO - [2025-04-30T01:03:11.864+0000] {dagbag.py:587} INFO - Filling up the DagBag from /home/airflow/.local/lib/python3.12/site-packages/airflow/example_dags/example_short_circuit_operator.py
[2025-04-30T01:03:11.876+0000] {processor.py:925} INFO - DAG(s) 'example_short_circuit_operator' retrieved from /home/airflow/.local/lib/python3.12/site-packages/airflow/example_dags/example_short_circuit_operator.py
[2025-04-30T01:03:11.906+0000] {logging_mixin.py:190} INFO - [2025-04-30T01:03:11.906+0000] {dag.py:3211} INFO - Sync 1 DAGs
[2025-04-30T01:03:11.936+0000] {logging_mixin.py:190} INFO - [2025-04-30T01:03:11.936+0000] {dag.py:4138} INFO - Setting next_dagrun for example_short_circuit_operator to 2025-04-29 00:00:00+00:00, run_after=2025-04-30 00:00:00+00:00
[2025-04-30T01:03:11.956+0000] {processor.py:208} INFO - Processing /home/airflow/.local/lib/python3.12/site-packages/airflow/example_dags/example_short_circuit_operator.py took 0.101 seconds
[2025-04-30T01:03:44.311+0000] {processor.py:186} INFO - Started process (PID=3265) to work on /home/airflow/.local/lib/python3.12/site-packages/airflow/example_dags/example_short_circuit_operator.py
[2025-04-30T01:03:44.312+0000] {processor.py:914} INFO - Processing file /home/airflow/.local/lib/python3.12/site-packages/airflow/example_dags/example_short_circuit_operator.py for tasks to queue
[2025-04-30T01:03:44.314+0000] {logging_mixin.py:190} INFO - [2025-04-30T01:03:44.314+0000] {dagbag.py:587} INFO - Filling up the DagBag from /home/airflow/.local/lib/python3.12/site-packages/airflow/example_dags/example_short_circuit_operator.py
[2025-04-30T01:03:44.326+0000] {processor.py:925} INFO - DAG(s) 'example_short_circuit_operator' retrieved from /home/airflow/.local/lib/python3.12/site-packages/airflow/example_dags/example_short_circuit_operator.py
[2025-04-30T01:03:44.352+0000] {logging_mixin.py:190} INFO - [2025-04-30T01:03:44.352+0000] {dag.py:3211} INFO - Sync 1 DAGs
[2025-04-30T01:03:44.378+0000] {logging_mixin.py:190} INFO - [2025-04-30T01:03:44.378+0000] {dag.py:4138} INFO - Setting next_dagrun for example_short_circuit_operator to 2025-04-29 00:00:00+00:00, run_after=2025-04-30 00:00:00+00:00
[2025-04-30T01:03:44.400+0000] {processor.py:208} INFO - Processing /home/airflow/.local/lib/python3.12/site-packages/airflow/example_dags/example_short_circuit_operator.py took 0.096 seconds
[2025-04-30T01:04:15.807+0000] {processor.py:186} INFO - Started process (PID=3328) to work on /home/airflow/.local/lib/python3.12/site-packages/airflow/example_dags/example_short_circuit_operator.py
[2025-04-30T01:04:15.808+0000] {processor.py:914} INFO - Processing file /home/airflow/.local/lib/python3.12/site-packages/airflow/example_dags/example_short_circuit_operator.py for tasks to queue
[2025-04-30T01:04:15.810+0000] {logging_mixin.py:190} INFO - [2025-04-30T01:04:15.809+0000] {dagbag.py:587} INFO - Filling up the DagBag from /home/airflow/.local/lib/python3.12/site-packages/airflow/example_dags/example_short_circuit_operator.py
[2025-04-30T01:04:15.820+0000] {processor.py:925} INFO - DAG(s) 'example_short_circuit_operator' retrieved from /home/airflow/.local/lib/python3.12/site-packages/airflow/example_dags/example_short_circuit_operator.py
[2025-04-30T01:04:15.844+0000] {logging_mixin.py:190} INFO - [2025-04-30T01:04:15.844+0000] {dag.py:3211} INFO - Sync 1 DAGs
[2025-04-30T01:04:15.867+0000] {logging_mixin.py:190} INFO - [2025-04-30T01:04:15.867+0000] {dag.py:4138} INFO - Setting next_dagrun for example_short_circuit_operator to 2025-04-29 00:00:00+00:00, run_after=2025-04-30 00:00:00+00:00
[2025-04-30T01:04:15.889+0000] {processor.py:208} INFO - Processing /home/airflow/.local/lib/python3.12/site-packages/airflow/example_dags/example_short_circuit_operator.py took 0.089 seconds
[2025-04-30T01:04:46.783+0000] {processor.py:186} INFO - Started process (PID=3391) to work on /home/airflow/.local/lib/python3.12/site-packages/airflow/example_dags/example_short_circuit_operator.py
[2025-04-30T01:04:46.784+0000] {processor.py:914} INFO - Processing file /home/airflow/.local/lib/python3.12/site-packages/airflow/example_dags/example_short_circuit_operator.py for tasks to queue
[2025-04-30T01:04:46.786+0000] {logging_mixin.py:190} INFO - [2025-04-30T01:04:46.785+0000] {dagbag.py:587} INFO - Filling up the DagBag from /home/airflow/.local/lib/python3.12/site-packages/airflow/example_dags/example_short_circuit_operator.py
[2025-04-30T01:04:46.796+0000] {processor.py:925} INFO - DAG(s) 'example_short_circuit_operator' retrieved from /home/airflow/.local/lib/python3.12/site-packages/airflow/example_dags/example_short_circuit_operator.py
[2025-04-30T01:04:46.820+0000] {logging_mixin.py:190} INFO - [2025-04-30T01:04:46.820+0000] {dag.py:3211} INFO - Sync 1 DAGs
[2025-04-30T01:04:46.846+0000] {logging_mixin.py:190} INFO - [2025-04-30T01:04:46.846+0000] {dag.py:4138} INFO - Setting next_dagrun for example_short_circuit_operator to 2025-04-29 00:00:00+00:00, run_after=2025-04-30 00:00:00+00:00
[2025-04-30T01:04:46.870+0000] {processor.py:208} INFO - Processing /home/airflow/.local/lib/python3.12/site-packages/airflow/example_dags/example_short_circuit_operator.py took 0.094 seconds
[2025-04-30T01:05:17.431+0000] {processor.py:186} INFO - Started process (PID=3454) to work on /home/airflow/.local/lib/python3.12/site-packages/airflow/example_dags/example_short_circuit_operator.py
[2025-04-30T01:05:17.432+0000] {processor.py:914} INFO - Processing file /home/airflow/.local/lib/python3.12/site-packages/airflow/example_dags/example_short_circuit_operator.py for tasks to queue
[2025-04-30T01:05:17.433+0000] {logging_mixin.py:190} INFO - [2025-04-30T01:05:17.433+0000] {dagbag.py:587} INFO - Filling up the DagBag from /home/airflow/.local/lib/python3.12/site-packages/airflow/example_dags/example_short_circuit_operator.py
[2025-04-30T01:05:17.443+0000] {processor.py:925} INFO - DAG(s) 'example_short_circuit_operator' retrieved from /home/airflow/.local/lib/python3.12/site-packages/airflow/example_dags/example_short_circuit_operator.py
[2025-04-30T01:05:17.466+0000] {logging_mixin.py:190} INFO - [2025-04-30T01:05:17.466+0000] {dag.py:3211} INFO - Sync 1 DAGs
[2025-04-30T01:05:17.490+0000] {logging_mixin.py:190} INFO - [2025-04-30T01:05:17.490+0000] {dag.py:4138} INFO - Setting next_dagrun for example_short_circuit_operator to 2025-04-29 00:00:00+00:00, run_after=2025-04-30 00:00:00+00:00
[2025-04-30T01:05:17.517+0000] {processor.py:208} INFO - Processing /home/airflow/.local/lib/python3.12/site-packages/airflow/example_dags/example_short_circuit_operator.py took 0.093 seconds
[2025-04-30T01:05:48.131+0000] {processor.py:186} INFO - Started process (PID=3517) to work on /home/airflow/.local/lib/python3.12/site-packages/airflow/example_dags/example_short_circuit_operator.py
[2025-04-30T01:05:48.133+0000] {processor.py:914} INFO - Processing file /home/airflow/.local/lib/python3.12/site-packages/airflow/example_dags/example_short_circuit_operator.py for tasks to queue
[2025-04-30T01:05:48.134+0000] {logging_mixin.py:190} INFO - [2025-04-30T01:05:48.134+0000] {dagbag.py:587} INFO - Filling up the DagBag from /home/airflow/.local/lib/python3.12/site-packages/airflow/example_dags/example_short_circuit_operator.py
[2025-04-30T01:05:48.148+0000] {processor.py:925} INFO - DAG(s) 'example_short_circuit_operator' retrieved from /home/airflow/.local/lib/python3.12/site-packages/airflow/example_dags/example_short_circuit_operator.py
[2025-04-30T01:05:48.176+0000] {logging_mixin.py:190} INFO - [2025-04-30T01:05:48.176+0000] {dag.py:3211} INFO - Sync 1 DAGs
[2025-04-30T01:05:48.021+0000] {logging_mixin.py:190} INFO - [2025-04-30T01:05:48.020+0000] {dag.py:4138} INFO - Setting next_dagrun for example_short_circuit_operator to 2025-04-29 00:00:00+00:00, run_after=2025-04-30 00:00:00+00:00
[2025-04-30T01:05:48.047+0000] {processor.py:208} INFO - Processing /home/airflow/.local/lib/python3.12/site-packages/airflow/example_dags/example_short_circuit_operator.py took 0.113 seconds
[2025-04-30T01:06:19.290+0000] {processor.py:186} INFO - Started process (PID=3580) to work on /home/airflow/.local/lib/python3.12/site-packages/airflow/example_dags/example_short_circuit_operator.py
[2025-04-30T01:06:19.291+0000] {processor.py:914} INFO - Processing file /home/airflow/.local/lib/python3.12/site-packages/airflow/example_dags/example_short_circuit_operator.py for tasks to queue
[2025-04-30T01:06:19.293+0000] {logging_mixin.py:190} INFO - [2025-04-30T01:06:19.292+0000] {dagbag.py:587} INFO - Filling up the DagBag from /home/airflow/.local/lib/python3.12/site-packages/airflow/example_dags/example_short_circuit_operator.py
[2025-04-30T01:06:19.304+0000] {processor.py:925} INFO - DAG(s) 'example_short_circuit_operator' retrieved from /home/airflow/.local/lib/python3.12/site-packages/airflow/example_dags/example_short_circuit_operator.py
[2025-04-30T01:06:19.332+0000] {logging_mixin.py:190} INFO - [2025-04-30T01:06:19.332+0000] {dag.py:3211} INFO - Sync 1 DAGs
[2025-04-30T01:06:19.359+0000] {logging_mixin.py:190} INFO - [2025-04-30T01:06:19.359+0000] {dag.py:4138} INFO - Setting next_dagrun for example_short_circuit_operator to 2025-04-29 00:00:00+00:00, run_after=2025-04-30 00:00:00+00:00
[2025-04-30T01:06:19.384+0000] {processor.py:208} INFO - Processing /home/airflow/.local/lib/python3.12/site-packages/airflow/example_dags/example_short_circuit_operator.py took 0.102 seconds
[2025-04-30T01:06:49.510+0000] {processor.py:186} INFO - Started process (PID=3643) to work on /home/airflow/.local/lib/python3.12/site-packages/airflow/example_dags/example_short_circuit_operator.py
[2025-04-30T01:06:49.511+0000] {processor.py:914} INFO - Processing file /home/airflow/.local/lib/python3.12/site-packages/airflow/example_dags/example_short_circuit_operator.py for tasks to queue
[2025-04-30T01:06:49.513+0000] {logging_mixin.py:190} INFO - [2025-04-30T01:06:49.512+0000] {dagbag.py:587} INFO - Filling up the DagBag from /home/airflow/.local/lib/python3.12/site-packages/airflow/example_dags/example_short_circuit_operator.py
[2025-04-30T01:06:49.524+0000] {processor.py:925} INFO - DAG(s) 'example_short_circuit_operator' retrieved from /home/airflow/.local/lib/python3.12/site-packages/airflow/example_dags/example_short_circuit_operator.py
[2025-04-30T01:06:49.553+0000] {logging_mixin.py:190} INFO - [2025-04-30T01:06:49.552+0000] {dag.py:3211} INFO - Sync 1 DAGs
[2025-04-30T01:06:49.600+0000] {logging_mixin.py:190} INFO - [2025-04-30T01:06:49.600+0000] {dag.py:4138} INFO - Setting next_dagrun for example_short_circuit_operator to 2025-04-29 00:00:00+00:00, run_after=2025-04-30 00:00:00+00:00
[2025-04-30T01:06:49.626+0000] {processor.py:208} INFO - Processing /home/airflow/.local/lib/python3.12/site-packages/airflow/example_dags/example_short_circuit_operator.py took 0.123 seconds
[2025-04-30T01:07:19.969+0000] {processor.py:186} INFO - Started process (PID=3706) to work on /home/airflow/.local/lib/python3.12/site-packages/airflow/example_dags/example_short_circuit_operator.py
[2025-04-30T01:07:19.970+0000] {processor.py:914} INFO - Processing file /home/airflow/.local/lib/python3.12/site-packages/airflow/example_dags/example_short_circuit_operator.py for tasks to queue
[2025-04-30T01:07:19.973+0000] {logging_mixin.py:190} INFO - [2025-04-30T01:07:19.972+0000] {dagbag.py:587} INFO - Filling up the DagBag from /home/airflow/.local/lib/python3.12/site-packages/airflow/example_dags/example_short_circuit_operator.py
[2025-04-30T01:07:19.991+0000] {processor.py:925} INFO - DAG(s) 'example_short_circuit_operator' retrieved from /home/airflow/.local/lib/python3.12/site-packages/airflow/example_dags/example_short_circuit_operator.py
[2025-04-30T01:07:20.022+0000] {logging_mixin.py:190} INFO - [2025-04-30T01:07:20.021+0000] {dag.py:3211} INFO - Sync 1 DAGs
[2025-04-30T01:07:20.047+0000] {logging_mixin.py:190} INFO - [2025-04-30T01:07:20.047+0000] {dag.py:4138} INFO - Setting next_dagrun for example_short_circuit_operator to 2025-04-29 00:00:00+00:00, run_after=2025-04-30 00:00:00+00:00
[2025-04-30T01:07:20.069+0000] {processor.py:208} INFO - Processing /home/airflow/.local/lib/python3.12/site-packages/airflow/example_dags/example_short_circuit_operator.py took 0.110 seconds
[2025-04-30T01:07:50.937+0000] {processor.py:186} INFO - Started process (PID=3769) to work on /home/airflow/.local/lib/python3.12/site-packages/airflow/example_dags/example_short_circuit_operator.py
[2025-04-30T01:07:50.938+0000] {processor.py:914} INFO - Processing file /home/airflow/.local/lib/python3.12/site-packages/airflow/example_dags/example_short_circuit_operator.py for tasks to queue
[2025-04-30T01:07:50.940+0000] {logging_mixin.py:190} INFO - [2025-04-30T01:07:50.939+0000] {dagbag.py:587} INFO - Filling up the DagBag from /home/airflow/.local/lib/python3.12/site-packages/airflow/example_dags/example_short_circuit_operator.py
[2025-04-30T01:07:50.950+0000] {processor.py:925} INFO - DAG(s) 'example_short_circuit_operator' retrieved from /home/airflow/.local/lib/python3.12/site-packages/airflow/example_dags/example_short_circuit_operator.py
[2025-04-30T01:07:50.976+0000] {logging_mixin.py:190} INFO - [2025-04-30T01:07:50.976+0000] {dag.py:3211} INFO - Sync 1 DAGs
[2025-04-30T01:07:51.003+0000] {logging_mixin.py:190} INFO - [2025-04-30T01:07:51.003+0000] {dag.py:4138} INFO - Setting next_dagrun for example_short_circuit_operator to 2025-04-29 00:00:00+00:00, run_after=2025-04-30 00:00:00+00:00
[2025-04-30T01:07:51.027+0000] {processor.py:208} INFO - Processing /home/airflow/.local/lib/python3.12/site-packages/airflow/example_dags/example_short_circuit_operator.py took 0.096 seconds
[2025-04-30T01:08:21.642+0000] {processor.py:186} INFO - Started process (PID=3837) to work on /home/airflow/.local/lib/python3.12/site-packages/airflow/example_dags/example_short_circuit_operator.py
[2025-04-30T01:08:21.644+0000] {processor.py:914} INFO - Processing file /home/airflow/.local/lib/python3.12/site-packages/airflow/example_dags/example_short_circuit_operator.py for tasks to queue
[2025-04-30T01:08:21.645+0000] {logging_mixin.py:190} INFO - [2025-04-30T01:08:21.645+0000] {dagbag.py:587} INFO - Filling up the DagBag from /home/airflow/.local/lib/python3.12/site-packages/airflow/example_dags/example_short_circuit_operator.py
[2025-04-30T01:08:21.659+0000] {processor.py:925} INFO - DAG(s) 'example_short_circuit_operator' retrieved from /home/airflow/.local/lib/python3.12/site-packages/airflow/example_dags/example_short_circuit_operator.py
[2025-04-30T01:08:21.687+0000] {logging_mixin.py:190} INFO - [2025-04-30T01:08:21.687+0000] {dag.py:3211} INFO - Sync 1 DAGs
[2025-04-30T01:08:21.717+0000] {logging_mixin.py:190} INFO - [2025-04-30T01:08:21.717+0000] {dag.py:4138} INFO - Setting next_dagrun for example_short_circuit_operator to 2025-04-29 00:00:00+00:00, run_after=2025-04-30 00:00:00+00:00
[2025-04-30T01:08:21.751+0000] {processor.py:208} INFO - Processing /home/airflow/.local/lib/python3.12/site-packages/airflow/example_dags/example_short_circuit_operator.py took 0.115 seconds
[2025-04-30T01:08:52.837+0000] {processor.py:186} INFO - Started process (PID=3899) to work on /home/airflow/.local/lib/python3.12/site-packages/airflow/example_dags/example_short_circuit_operator.py
[2025-04-30T01:08:52.838+0000] {processor.py:914} INFO - Processing file /home/airflow/.local/lib/python3.12/site-packages/airflow/example_dags/example_short_circuit_operator.py for tasks to queue
[2025-04-30T01:08:52.840+0000] {logging_mixin.py:190} INFO - [2025-04-30T01:08:52.840+0000] {dagbag.py:587} INFO - Filling up the DagBag from /home/airflow/.local/lib/python3.12/site-packages/airflow/example_dags/example_short_circuit_operator.py
[2025-04-30T01:08:52.852+0000] {processor.py:925} INFO - DAG(s) 'example_short_circuit_operator' retrieved from /home/airflow/.local/lib/python3.12/site-packages/airflow/example_dags/example_short_circuit_operator.py
[2025-04-30T01:08:52.879+0000] {logging_mixin.py:190} INFO - [2025-04-30T01:08:52.878+0000] {dag.py:3211} INFO - Sync 1 DAGs
[2025-04-30T01:08:52.905+0000] {logging_mixin.py:190} INFO - [2025-04-30T01:08:52.905+0000] {dag.py:4138} INFO - Setting next_dagrun for example_short_circuit_operator to 2025-04-29 00:00:00+00:00, run_after=2025-04-30 00:00:00+00:00
[2025-04-30T01:08:52.929+0000] {processor.py:208} INFO - Processing /home/airflow/.local/lib/python3.12/site-packages/airflow/example_dags/example_short_circuit_operator.py took 0.099 seconds
[2025-04-30T01:09:23.910+0000] {processor.py:186} INFO - Started process (PID=3961) to work on /home/airflow/.local/lib/python3.12/site-packages/airflow/example_dags/example_short_circuit_operator.py
[2025-04-30T01:09:23.911+0000] {processor.py:914} INFO - Processing file /home/airflow/.local/lib/python3.12/site-packages/airflow/example_dags/example_short_circuit_operator.py for tasks to queue
[2025-04-30T01:09:23.913+0000] {logging_mixin.py:190} INFO - [2025-04-30T01:09:23.913+0000] {dagbag.py:587} INFO - Filling up the DagBag from /home/airflow/.local/lib/python3.12/site-packages/airflow/example_dags/example_short_circuit_operator.py
[2025-04-30T01:09:23.926+0000] {processor.py:925} INFO - DAG(s) 'example_short_circuit_operator' retrieved from /home/airflow/.local/lib/python3.12/site-packages/airflow/example_dags/example_short_circuit_operator.py
[2025-04-30T01:09:23.959+0000] {logging_mixin.py:190} INFO - [2025-04-30T01:09:23.958+0000] {dag.py:3211} INFO - Sync 1 DAGs
[2025-04-30T01:09:23.993+0000] {logging_mixin.py:190} INFO - [2025-04-30T01:09:23.993+0000] {dag.py:4138} INFO - Setting next_dagrun for example_short_circuit_operator to 2025-04-29 00:00:00+00:00, run_after=2025-04-30 00:00:00+00:00
[2025-04-30T01:09:24.023+0000] {processor.py:208} INFO - Processing /home/airflow/.local/lib/python3.12/site-packages/airflow/example_dags/example_short_circuit_operator.py took 0.121 seconds
[2025-04-30T01:09:55.266+0000] {processor.py:186} INFO - Started process (PID=4023) to work on /home/airflow/.local/lib/python3.12/site-packages/airflow/example_dags/example_short_circuit_operator.py
[2025-04-30T01:09:55.267+0000] {processor.py:914} INFO - Processing file /home/airflow/.local/lib/python3.12/site-packages/airflow/example_dags/example_short_circuit_operator.py for tasks to queue
[2025-04-30T01:09:55.269+0000] {logging_mixin.py:190} INFO - [2025-04-30T01:09:55.268+0000] {dagbag.py:587} INFO - Filling up the DagBag from /home/airflow/.local/lib/python3.12/site-packages/airflow/example_dags/example_short_circuit_operator.py
[2025-04-30T01:09:55.281+0000] {processor.py:925} INFO - DAG(s) 'example_short_circuit_operator' retrieved from /home/airflow/.local/lib/python3.12/site-packages/airflow/example_dags/example_short_circuit_operator.py
[2025-04-30T01:09:55.310+0000] {logging_mixin.py:190} INFO - [2025-04-30T01:09:55.310+0000] {dag.py:3211} INFO - Sync 1 DAGs
[2025-04-30T01:09:55.340+0000] {logging_mixin.py:190} INFO - [2025-04-30T01:09:55.339+0000] {dag.py:4138} INFO - Setting next_dagrun for example_short_circuit_operator to 2025-04-29 00:00:00+00:00, run_after=2025-04-30 00:00:00+00:00
[2025-04-30T01:09:55.365+0000] {processor.py:208} INFO - Processing /home/airflow/.local/lib/python3.12/site-packages/airflow/example_dags/example_short_circuit_operator.py took 0.108 seconds
[2025-04-30T01:10:26.036+0000] {processor.py:186} INFO - Started process (PID=4085) to work on /home/airflow/.local/lib/python3.12/site-packages/airflow/example_dags/example_short_circuit_operator.py
[2025-04-30T01:10:26.037+0000] {processor.py:914} INFO - Processing file /home/airflow/.local/lib/python3.12/site-packages/airflow/example_dags/example_short_circuit_operator.py for tasks to queue
[2025-04-30T01:10:26.039+0000] {logging_mixin.py:190} INFO - [2025-04-30T01:10:26.038+0000] {dagbag.py:587} INFO - Filling up the DagBag from /home/airflow/.local/lib/python3.12/site-packages/airflow/example_dags/example_short_circuit_operator.py
[2025-04-30T01:10:26.052+0000] {processor.py:925} INFO - DAG(s) 'example_short_circuit_operator' retrieved from /home/airflow/.local/lib/python3.12/site-packages/airflow/example_dags/example_short_circuit_operator.py
[2025-04-30T01:10:26.083+0000] {logging_mixin.py:190} INFO - [2025-04-30T01:10:26.082+0000] {dag.py:3211} INFO - Sync 1 DAGs
[2025-04-30T01:10:26.119+0000] {logging_mixin.py:190} INFO - [2025-04-30T01:10:26.119+0000] {dag.py:4138} INFO - Setting next_dagrun for example_short_circuit_operator to 2025-04-29 00:00:00+00:00, run_after=2025-04-30 00:00:00+00:00
[2025-04-30T01:10:26.151+0000] {processor.py:208} INFO - Processing /home/airflow/.local/lib/python3.12/site-packages/airflow/example_dags/example_short_circuit_operator.py took 0.123 seconds
[2025-04-30T01:10:57.006+0000] {processor.py:186} INFO - Started process (PID=4147) to work on /home/airflow/.local/lib/python3.12/site-packages/airflow/example_dags/example_short_circuit_operator.py
[2025-04-30T01:10:57.007+0000] {processor.py:914} INFO - Processing file /home/airflow/.local/lib/python3.12/site-packages/airflow/example_dags/example_short_circuit_operator.py for tasks to queue
[2025-04-30T01:10:57.009+0000] {logging_mixin.py:190} INFO - [2025-04-30T01:10:57.008+0000] {dagbag.py:587} INFO - Filling up the DagBag from /home/airflow/.local/lib/python3.12/site-packages/airflow/example_dags/example_short_circuit_operator.py
[2025-04-30T01:10:57.020+0000] {processor.py:925} INFO - DAG(s) 'example_short_circuit_operator' retrieved from /home/airflow/.local/lib/python3.12/site-packages/airflow/example_dags/example_short_circuit_operator.py
[2025-04-30T01:10:57.045+0000] {logging_mixin.py:190} INFO - [2025-04-30T01:10:57.045+0000] {dag.py:3211} INFO - Sync 1 DAGs
[2025-04-30T01:10:57.072+0000] {logging_mixin.py:190} INFO - [2025-04-30T01:10:57.072+0000] {dag.py:4138} INFO - Setting next_dagrun for example_short_circuit_operator to 2025-04-29 00:00:00+00:00, run_after=2025-04-30 00:00:00+00:00
[2025-04-30T01:10:57.095+0000] {processor.py:208} INFO - Processing /home/airflow/.local/lib/python3.12/site-packages/airflow/example_dags/example_short_circuit_operator.py took 0.096 seconds
[2025-04-30T01:11:27.775+0000] {processor.py:186} INFO - Started process (PID=4209) to work on /home/airflow/.local/lib/python3.12/site-packages/airflow/example_dags/example_short_circuit_operator.py
[2025-04-30T01:11:27.776+0000] {processor.py:914} INFO - Processing file /home/airflow/.local/lib/python3.12/site-packages/airflow/example_dags/example_short_circuit_operator.py for tasks to queue
[2025-04-30T01:11:27.777+0000] {logging_mixin.py:190} INFO - [2025-04-30T01:11:27.777+0000] {dagbag.py:587} INFO - Filling up the DagBag from /home/airflow/.local/lib/python3.12/site-packages/airflow/example_dags/example_short_circuit_operator.py
[2025-04-30T01:11:27.787+0000] {processor.py:925} INFO - DAG(s) 'example_short_circuit_operator' retrieved from /home/airflow/.local/lib/python3.12/site-packages/airflow/example_dags/example_short_circuit_operator.py
[2025-04-30T01:11:27.812+0000] {logging_mixin.py:190} INFO - [2025-04-30T01:11:27.811+0000] {dag.py:3211} INFO - Sync 1 DAGs
[2025-04-30T01:11:27.836+0000] {logging_mixin.py:190} INFO - [2025-04-30T01:11:27.836+0000] {dag.py:4138} INFO - Setting next_dagrun for example_short_circuit_operator to 2025-04-29 00:00:00+00:00, run_after=2025-04-30 00:00:00+00:00
[2025-04-30T01:11:27.856+0000] {processor.py:208} INFO - Processing /home/airflow/.local/lib/python3.12/site-packages/airflow/example_dags/example_short_circuit_operator.py took 0.088 seconds
[2025-04-30T01:11:58.724+0000] {processor.py:186} INFO - Started process (PID=4271) to work on /home/airflow/.local/lib/python3.12/site-packages/airflow/example_dags/example_short_circuit_operator.py
[2025-04-30T01:11:58.726+0000] {processor.py:914} INFO - Processing file /home/airflow/.local/lib/python3.12/site-packages/airflow/example_dags/example_short_circuit_operator.py for tasks to queue
[2025-04-30T01:11:58.727+0000] {logging_mixin.py:190} INFO - [2025-04-30T01:11:58.727+0000] {dagbag.py:587} INFO - Filling up the DagBag from /home/airflow/.local/lib/python3.12/site-packages/airflow/example_dags/example_short_circuit_operator.py
[2025-04-30T01:11:58.741+0000] {processor.py:925} INFO - DAG(s) 'example_short_circuit_operator' retrieved from /home/airflow/.local/lib/python3.12/site-packages/airflow/example_dags/example_short_circuit_operator.py
[2025-04-30T01:11:58.767+0000] {logging_mixin.py:190} INFO - [2025-04-30T01:11:58.767+0000] {dag.py:3211} INFO - Sync 1 DAGs
[2025-04-30T01:11:58.794+0000] {logging_mixin.py:190} INFO - [2025-04-30T01:11:58.794+0000] {dag.py:4138} INFO - Setting next_dagrun for example_short_circuit_operator to 2025-04-29 00:00:00+00:00, run_after=2025-04-30 00:00:00+00:00
[2025-04-30T01:11:58.818+0000] {processor.py:208} INFO - Processing /home/airflow/.local/lib/python3.12/site-packages/airflow/example_dags/example_short_circuit_operator.py took 0.100 seconds
