[2025-04-30T00:30:53.033+0000] {processor.py:186} INFO - Started process (PID=100) to work on /home/airflow/.local/lib/python3.12/site-packages/airflow/example_dags/example_short_circuit_decorator.py
[2025-04-30T00:30:53.035+0000] {processor.py:914} INFO - Processing file /home/airflow/.local/lib/python3.12/site-packages/airflow/example_dags/example_short_circuit_decorator.py for tasks to queue
[2025-04-30T00:30:53.039+0000] {logging_mixin.py:190} INFO - [2025-04-30T00:30:53.039+0000] {dagbag.py:587} INFO - Filling up the DagBag from /home/airflow/.local/lib/python3.12/site-packages/airflow/example_dags/example_short_circuit_decorator.py
[2025-04-30T00:30:53.059+0000] {processor.py:925} INFO - DAG(s) 'example_short_circuit_decorator' retrieved from /home/airflow/.local/lib/python3.12/site-packages/airflow/example_dags/example_short_circuit_decorator.py
[2025-04-30T00:30:53.310+0000] {logging_mixin.py:190} INFO - [2025-04-30T00:30:53.309+0000] {override.py:1858} INFO - Created Permission View: can edit on DAG:example_short_circuit_decorator
[2025-04-30T00:30:53.335+0000] {logging_mixin.py:190} INFO - [2025-04-30T00:30:53.334+0000] {override.py:1858} INFO - Created Permission View: can read on DAG:example_short_circuit_decorator
[2025-04-30T00:30:53.353+0000] {logging_mixin.py:190} INFO - [2025-04-30T00:30:53.352+0000] {override.py:1858} INFO - Created Permission View: can delete on DAG:example_short_circuit_decorator
[2025-04-30T00:30:53.355+0000] {logging_mixin.py:190} INFO - [2025-04-30T00:30:53.354+0000] {dag.py:3211} INFO - Sync 1 DAGs
[2025-04-30T00:30:53.394+0000] {logging_mixin.py:190} INFO - [2025-04-30T00:30:53.393+0000] {dag.py:3234} INFO - Creating ORM DAG for example_short_circuit_decorator
[2025-04-30T00:30:53.421+0000] {logging_mixin.py:190} INFO - [2025-04-30T00:30:53.420+0000] {dag.py:4138} INFO - Setting next_dagrun for example_short_circuit_decorator to 2025-04-29 00:00:00+00:00, run_after=2025-04-30 00:00:00+00:00
[2025-04-30T00:30:53.459+0000] {processor.py:208} INFO - Processing /home/airflow/.local/lib/python3.12/site-packages/airflow/example_dags/example_short_circuit_decorator.py took 0.437 seconds
[2025-04-30T00:31:24.249+0000] {processor.py:186} INFO - Started process (PID=166) to work on /home/airflow/.local/lib/python3.12/site-packages/airflow/example_dags/example_short_circuit_decorator.py
[2025-04-30T00:31:24.251+0000] {processor.py:914} INFO - Processing file /home/airflow/.local/lib/python3.12/site-packages/airflow/example_dags/example_short_circuit_decorator.py for tasks to queue
[2025-04-30T00:31:24.256+0000] {logging_mixin.py:190} INFO - [2025-04-30T00:31:24.255+0000] {dagbag.py:587} INFO - Filling up the DagBag from /home/airflow/.local/lib/python3.12/site-packages/airflow/example_dags/example_short_circuit_decorator.py
[2025-04-30T00:31:24.279+0000] {processor.py:925} INFO - DAG(s) 'example_short_circuit_decorator' retrieved from /home/airflow/.local/lib/python3.12/site-packages/airflow/example_dags/example_short_circuit_decorator.py
[2025-04-30T00:31:24.326+0000] {logging_mixin.py:190} INFO - [2025-04-30T00:31:24.325+0000] {dag.py:3211} INFO - Sync 1 DAGs
[2025-04-30T00:31:24.377+0000] {logging_mixin.py:190} INFO - [2025-04-30T00:31:24.377+0000] {dag.py:4138} INFO - Setting next_dagrun for example_short_circuit_decorator to 2025-04-29 00:00:00+00:00, run_after=2025-04-30 00:00:00+00:00
[2025-04-30T00:31:24.426+0000] {processor.py:208} INFO - Processing /home/airflow/.local/lib/python3.12/site-packages/airflow/example_dags/example_short_circuit_decorator.py took 0.191 seconds
[2025-04-30T00:31:54.581+0000] {processor.py:186} INFO - Started process (PID=233) to work on /home/airflow/.local/lib/python3.12/site-packages/airflow/example_dags/example_short_circuit_decorator.py
[2025-04-30T00:31:54.584+0000] {processor.py:914} INFO - Processing file /home/airflow/.local/lib/python3.12/site-packages/airflow/example_dags/example_short_circuit_decorator.py for tasks to queue
[2025-04-30T00:31:54.589+0000] {logging_mixin.py:190} INFO - [2025-04-30T00:31:54.588+0000] {dagbag.py:587} INFO - Filling up the DagBag from /home/airflow/.local/lib/python3.12/site-packages/airflow/example_dags/example_short_circuit_decorator.py
[2025-04-30T00:31:54.610+0000] {processor.py:925} INFO - DAG(s) 'example_short_circuit_decorator' retrieved from /home/airflow/.local/lib/python3.12/site-packages/airflow/example_dags/example_short_circuit_decorator.py
[2025-04-30T00:31:54.659+0000] {logging_mixin.py:190} INFO - [2025-04-30T00:31:54.659+0000] {dag.py:3211} INFO - Sync 1 DAGs
[2025-04-30T00:31:54.718+0000] {logging_mixin.py:190} INFO - [2025-04-30T00:31:54.718+0000] {dag.py:4138} INFO - Setting next_dagrun for example_short_circuit_decorator to 2025-04-29 00:00:00+00:00, run_after=2025-04-30 00:00:00+00:00
[2025-04-30T00:31:54.758+0000] {processor.py:208} INFO - Processing /home/airflow/.local/lib/python3.12/site-packages/airflow/example_dags/example_short_circuit_decorator.py took 0.193 seconds
[2025-04-30T00:32:25.113+0000] {processor.py:186} INFO - Started process (PID=295) to work on /home/airflow/.local/lib/python3.12/site-packages/airflow/example_dags/example_short_circuit_decorator.py
[2025-04-30T00:32:25.116+0000] {processor.py:914} INFO - Processing file /home/airflow/.local/lib/python3.12/site-packages/airflow/example_dags/example_short_circuit_decorator.py for tasks to queue
[2025-04-30T00:32:25.120+0000] {logging_mixin.py:190} INFO - [2025-04-30T00:32:25.120+0000] {dagbag.py:587} INFO - Filling up the DagBag from /home/airflow/.local/lib/python3.12/site-packages/airflow/example_dags/example_short_circuit_decorator.py
[2025-04-30T00:32:25.140+0000] {processor.py:925} INFO - DAG(s) 'example_short_circuit_decorator' retrieved from /home/airflow/.local/lib/python3.12/site-packages/airflow/example_dags/example_short_circuit_decorator.py
[2025-04-30T00:32:25.182+0000] {logging_mixin.py:190} INFO - [2025-04-30T00:32:25.181+0000] {dag.py:3211} INFO - Sync 1 DAGs
[2025-04-30T00:32:25.225+0000] {logging_mixin.py:190} INFO - [2025-04-30T00:32:25.225+0000] {dag.py:4138} INFO - Setting next_dagrun for example_short_circuit_decorator to 2025-04-29 00:00:00+00:00, run_after=2025-04-30 00:00:00+00:00
[2025-04-30T00:32:25.290+0000] {processor.py:208} INFO - Processing /home/airflow/.local/lib/python3.12/site-packages/airflow/example_dags/example_short_circuit_decorator.py took 0.186 seconds
[2025-04-30T00:32:55.817+0000] {processor.py:186} INFO - Started process (PID=358) to work on /home/airflow/.local/lib/python3.12/site-packages/airflow/example_dags/example_short_circuit_decorator.py
[2025-04-30T00:32:55.820+0000] {processor.py:914} INFO - Processing file /home/airflow/.local/lib/python3.12/site-packages/airflow/example_dags/example_short_circuit_decorator.py for tasks to queue
[2025-04-30T00:32:55.824+0000] {logging_mixin.py:190} INFO - [2025-04-30T00:32:55.823+0000] {dagbag.py:587} INFO - Filling up the DagBag from /home/airflow/.local/lib/python3.12/site-packages/airflow/example_dags/example_short_circuit_decorator.py
[2025-04-30T00:32:55.843+0000] {processor.py:925} INFO - DAG(s) 'example_short_circuit_decorator' retrieved from /home/airflow/.local/lib/python3.12/site-packages/airflow/example_dags/example_short_circuit_decorator.py
[2025-04-30T00:32:55.887+0000] {logging_mixin.py:190} INFO - [2025-04-30T00:32:55.886+0000] {dag.py:3211} INFO - Sync 1 DAGs
[2025-04-30T00:32:55.931+0000] {logging_mixin.py:190} INFO - [2025-04-30T00:32:55.931+0000] {dag.py:4138} INFO - Setting next_dagrun for example_short_circuit_decorator to 2025-04-29 00:00:00+00:00, run_after=2025-04-30 00:00:00+00:00
[2025-04-30T00:32:55.969+0000] {processor.py:208} INFO - Processing /home/airflow/.local/lib/python3.12/site-packages/airflow/example_dags/example_short_circuit_decorator.py took 0.163 seconds
[2025-04-30T00:33:26.209+0000] {processor.py:186} INFO - Started process (PID=421) to work on /home/airflow/.local/lib/python3.12/site-packages/airflow/example_dags/example_short_circuit_decorator.py
[2025-04-30T00:33:26.212+0000] {processor.py:914} INFO - Processing file /home/airflow/.local/lib/python3.12/site-packages/airflow/example_dags/example_short_circuit_decorator.py for tasks to queue
[2025-04-30T00:33:26.217+0000] {logging_mixin.py:190} INFO - [2025-04-30T00:33:26.216+0000] {dagbag.py:587} INFO - Filling up the DagBag from /home/airflow/.local/lib/python3.12/site-packages/airflow/example_dags/example_short_circuit_decorator.py
[2025-04-30T00:33:26.244+0000] {processor.py:925} INFO - DAG(s) 'example_short_circuit_decorator' retrieved from /home/airflow/.local/lib/python3.12/site-packages/airflow/example_dags/example_short_circuit_decorator.py
[2025-04-30T00:33:26.300+0000] {logging_mixin.py:190} INFO - [2025-04-30T00:33:26.300+0000] {dag.py:3211} INFO - Sync 1 DAGs
[2025-04-30T00:33:26.358+0000] {logging_mixin.py:190} INFO - [2025-04-30T00:33:26.357+0000] {dag.py:4138} INFO - Setting next_dagrun for example_short_circuit_decorator to 2025-04-29 00:00:00+00:00, run_after=2025-04-30 00:00:00+00:00
[2025-04-30T00:33:26.414+0000] {processor.py:208} INFO - Processing /home/airflow/.local/lib/python3.12/site-packages/airflow/example_dags/example_short_circuit_decorator.py took 0.218 seconds
[2025-04-30T00:33:56.729+0000] {processor.py:186} INFO - Started process (PID=485) to work on /home/airflow/.local/lib/python3.12/site-packages/airflow/example_dags/example_short_circuit_decorator.py
[2025-04-30T00:33:56.732+0000] {processor.py:914} INFO - Processing file /home/airflow/.local/lib/python3.12/site-packages/airflow/example_dags/example_short_circuit_decorator.py for tasks to queue
[2025-04-30T00:33:56.736+0000] {logging_mixin.py:190} INFO - [2025-04-30T00:33:56.735+0000] {dagbag.py:587} INFO - Filling up the DagBag from /home/airflow/.local/lib/python3.12/site-packages/airflow/example_dags/example_short_circuit_decorator.py
[2025-04-30T00:33:56.756+0000] {processor.py:925} INFO - DAG(s) 'example_short_circuit_decorator' retrieved from /home/airflow/.local/lib/python3.12/site-packages/airflow/example_dags/example_short_circuit_decorator.py
[2025-04-30T00:33:56.807+0000] {logging_mixin.py:190} INFO - [2025-04-30T00:33:56.806+0000] {dag.py:3211} INFO - Sync 1 DAGs
[2025-04-30T00:33:56.863+0000] {logging_mixin.py:190} INFO - [2025-04-30T00:33:56.862+0000] {dag.py:4138} INFO - Setting next_dagrun for example_short_circuit_decorator to 2025-04-29 00:00:00+00:00, run_after=2025-04-30 00:00:00+00:00
[2025-04-30T00:33:56.905+0000] {processor.py:208} INFO - Processing /home/airflow/.local/lib/python3.12/site-packages/airflow/example_dags/example_short_circuit_decorator.py took 0.192 seconds
[2025-04-30T00:34:27.847+0000] {processor.py:186} INFO - Started process (PID=548) to work on /home/airflow/.local/lib/python3.12/site-packages/airflow/example_dags/example_short_circuit_decorator.py
[2025-04-30T00:34:27.849+0000] {processor.py:914} INFO - Processing file /home/airflow/.local/lib/python3.12/site-packages/airflow/example_dags/example_short_circuit_decorator.py for tasks to queue
[2025-04-30T00:34:27.854+0000] {logging_mixin.py:190} INFO - [2025-04-30T00:34:27.853+0000] {dagbag.py:587} INFO - Filling up the DagBag from /home/airflow/.local/lib/python3.12/site-packages/airflow/example_dags/example_short_circuit_decorator.py
[2025-04-30T00:34:27.873+0000] {processor.py:925} INFO - DAG(s) 'example_short_circuit_decorator' retrieved from /home/airflow/.local/lib/python3.12/site-packages/airflow/example_dags/example_short_circuit_decorator.py
[2025-04-30T00:34:27.921+0000] {logging_mixin.py:190} INFO - [2025-04-30T00:34:27.921+0000] {dag.py:3211} INFO - Sync 1 DAGs
[2025-04-30T00:34:27.972+0000] {logging_mixin.py:190} INFO - [2025-04-30T00:34:27.971+0000] {dag.py:4138} INFO - Setting next_dagrun for example_short_circuit_decorator to 2025-04-29 00:00:00+00:00, run_after=2025-04-30 00:00:00+00:00
[2025-04-30T00:34:28.014+0000] {processor.py:208} INFO - Processing /home/airflow/.local/lib/python3.12/site-packages/airflow/example_dags/example_short_circuit_decorator.py took 0.179 seconds
[2025-04-30T00:34:58.559+0000] {processor.py:186} INFO - Started process (PID=611) to work on /home/airflow/.local/lib/python3.12/site-packages/airflow/example_dags/example_short_circuit_decorator.py
[2025-04-30T00:34:58.562+0000] {processor.py:914} INFO - Processing file /home/airflow/.local/lib/python3.12/site-packages/airflow/example_dags/example_short_circuit_decorator.py for tasks to queue
[2025-04-30T00:34:58.572+0000] {logging_mixin.py:190} INFO - [2025-04-30T00:34:58.570+0000] {dagbag.py:587} INFO - Filling up the DagBag from /home/airflow/.local/lib/python3.12/site-packages/airflow/example_dags/example_short_circuit_decorator.py
[2025-04-30T00:34:58.603+0000] {processor.py:925} INFO - DAG(s) 'example_short_circuit_decorator' retrieved from /home/airflow/.local/lib/python3.12/site-packages/airflow/example_dags/example_short_circuit_decorator.py
[2025-04-30T00:34:58.668+0000] {logging_mixin.py:190} INFO - [2025-04-30T00:34:58.667+0000] {dag.py:3211} INFO - Sync 1 DAGs
[2025-04-30T00:34:58.775+0000] {logging_mixin.py:190} INFO - [2025-04-30T00:34:58.775+0000] {dag.py:4138} INFO - Setting next_dagrun for example_short_circuit_decorator to 2025-04-29 00:00:00+00:00, run_after=2025-04-30 00:00:00+00:00
[2025-04-30T00:34:58.817+0000] {processor.py:208} INFO - Processing /home/airflow/.local/lib/python3.12/site-packages/airflow/example_dags/example_short_circuit_decorator.py took 0.273 seconds
[2025-04-30T00:35:29.073+0000] {processor.py:186} INFO - Started process (PID=674) to work on /home/airflow/.local/lib/python3.12/site-packages/airflow/example_dags/example_short_circuit_decorator.py
[2025-04-30T00:35:29.075+0000] {processor.py:914} INFO - Processing file /home/airflow/.local/lib/python3.12/site-packages/airflow/example_dags/example_short_circuit_decorator.py for tasks to queue
[2025-04-30T00:35:29.081+0000] {logging_mixin.py:190} INFO - [2025-04-30T00:35:29.080+0000] {dagbag.py:587} INFO - Filling up the DagBag from /home/airflow/.local/lib/python3.12/site-packages/airflow/example_dags/example_short_circuit_decorator.py
[2025-04-30T00:35:29.106+0000] {processor.py:925} INFO - DAG(s) 'example_short_circuit_decorator' retrieved from /home/airflow/.local/lib/python3.12/site-packages/airflow/example_dags/example_short_circuit_decorator.py
[2025-04-30T00:35:29.158+0000] {logging_mixin.py:190} INFO - [2025-04-30T00:35:29.157+0000] {dag.py:3211} INFO - Sync 1 DAGs
[2025-04-30T00:35:29.214+0000] {logging_mixin.py:190} INFO - [2025-04-30T00:35:29.214+0000] {dag.py:4138} INFO - Setting next_dagrun for example_short_circuit_decorator to 2025-04-29 00:00:00+00:00, run_after=2025-04-30 00:00:00+00:00
[2025-04-30T00:35:29.256+0000] {processor.py:208} INFO - Processing /home/airflow/.local/lib/python3.12/site-packages/airflow/example_dags/example_short_circuit_decorator.py took 0.196 seconds
[2025-04-30T00:36:00.094+0000] {processor.py:186} INFO - Started process (PID=737) to work on /home/airflow/.local/lib/python3.12/site-packages/airflow/example_dags/example_short_circuit_decorator.py
[2025-04-30T00:36:00.097+0000] {processor.py:914} INFO - Processing file /home/airflow/.local/lib/python3.12/site-packages/airflow/example_dags/example_short_circuit_decorator.py for tasks to queue
[2025-04-30T00:36:00.103+0000] {logging_mixin.py:190} INFO - [2025-04-30T00:36:00.102+0000] {dagbag.py:587} INFO - Filling up the DagBag from /home/airflow/.local/lib/python3.12/site-packages/airflow/example_dags/example_short_circuit_decorator.py
[2025-04-30T00:36:00.133+0000] {processor.py:925} INFO - DAG(s) 'example_short_circuit_decorator' retrieved from /home/airflow/.local/lib/python3.12/site-packages/airflow/example_dags/example_short_circuit_decorator.py
[2025-04-30T00:36:00.196+0000] {logging_mixin.py:190} INFO - [2025-04-30T00:36:00.195+0000] {dag.py:3211} INFO - Sync 1 DAGs
[2025-04-30T00:36:00.262+0000] {logging_mixin.py:190} INFO - [2025-04-30T00:36:00.261+0000] {dag.py:4138} INFO - Setting next_dagrun for example_short_circuit_decorator to 2025-04-29 00:00:00+00:00, run_after=2025-04-30 00:00:00+00:00
[2025-04-30T00:36:00.326+0000] {processor.py:208} INFO - Processing /home/airflow/.local/lib/python3.12/site-packages/airflow/example_dags/example_short_circuit_decorator.py took 0.249 seconds
[2025-04-30T00:36:30.570+0000] {processor.py:186} INFO - Started process (PID=800) to work on /home/airflow/.local/lib/python3.12/site-packages/airflow/example_dags/example_short_circuit_decorator.py
[2025-04-30T00:36:30.573+0000] {processor.py:914} INFO - Processing file /home/airflow/.local/lib/python3.12/site-packages/airflow/example_dags/example_short_circuit_decorator.py for tasks to queue
[2025-04-30T00:36:30.579+0000] {logging_mixin.py:190} INFO - [2025-04-30T00:36:30.578+0000] {dagbag.py:587} INFO - Filling up the DagBag from /home/airflow/.local/lib/python3.12/site-packages/airflow/example_dags/example_short_circuit_decorator.py
[2025-04-30T00:36:30.601+0000] {processor.py:925} INFO - DAG(s) 'example_short_circuit_decorator' retrieved from /home/airflow/.local/lib/python3.12/site-packages/airflow/example_dags/example_short_circuit_decorator.py
[2025-04-30T00:36:30.641+0000] {logging_mixin.py:190} INFO - [2025-04-30T00:36:30.641+0000] {dag.py:3211} INFO - Sync 1 DAGs
[2025-04-30T00:36:30.688+0000] {logging_mixin.py:190} INFO - [2025-04-30T00:36:30.688+0000] {dag.py:4138} INFO - Setting next_dagrun for example_short_circuit_decorator to 2025-04-29 00:00:00+00:00, run_after=2025-04-30 00:00:00+00:00
[2025-04-30T00:36:30.732+0000] {processor.py:208} INFO - Processing /home/airflow/.local/lib/python3.12/site-packages/airflow/example_dags/example_short_circuit_decorator.py took 0.177 seconds
[2025-04-30T00:37:01.197+0000] {processor.py:186} INFO - Started process (PID=863) to work on /home/airflow/.local/lib/python3.12/site-packages/airflow/example_dags/example_short_circuit_decorator.py
[2025-04-30T00:37:01.200+0000] {processor.py:914} INFO - Processing file /home/airflow/.local/lib/python3.12/site-packages/airflow/example_dags/example_short_circuit_decorator.py for tasks to queue
[2025-04-30T00:37:01.208+0000] {logging_mixin.py:190} INFO - [2025-04-30T00:37:01.206+0000] {dagbag.py:587} INFO - Filling up the DagBag from /home/airflow/.local/lib/python3.12/site-packages/airflow/example_dags/example_short_circuit_decorator.py
[2025-04-30T00:37:01.245+0000] {processor.py:925} INFO - DAG(s) 'example_short_circuit_decorator' retrieved from /home/airflow/.local/lib/python3.12/site-packages/airflow/example_dags/example_short_circuit_decorator.py
[2025-04-30T00:37:01.300+0000] {logging_mixin.py:190} INFO - [2025-04-30T00:37:01.300+0000] {dag.py:3211} INFO - Sync 1 DAGs
[2025-04-30T00:37:01.347+0000] {logging_mixin.py:190} INFO - [2025-04-30T00:37:01.346+0000] {dag.py:4138} INFO - Setting next_dagrun for example_short_circuit_decorator to 2025-04-29 00:00:00+00:00, run_after=2025-04-30 00:00:00+00:00
[2025-04-30T00:37:01.384+0000] {processor.py:208} INFO - Processing /home/airflow/.local/lib/python3.12/site-packages/airflow/example_dags/example_short_circuit_decorator.py took 0.203 seconds
[2025-04-30T00:37:32.421+0000] {processor.py:186} INFO - Started process (PID=926) to work on /home/airflow/.local/lib/python3.12/site-packages/airflow/example_dags/example_short_circuit_decorator.py
[2025-04-30T00:37:32.423+0000] {processor.py:914} INFO - Processing file /home/airflow/.local/lib/python3.12/site-packages/airflow/example_dags/example_short_circuit_decorator.py for tasks to queue
[2025-04-30T00:37:32.429+0000] {logging_mixin.py:190} INFO - [2025-04-30T00:37:32.428+0000] {dagbag.py:587} INFO - Filling up the DagBag from /home/airflow/.local/lib/python3.12/site-packages/airflow/example_dags/example_short_circuit_decorator.py
[2025-04-30T00:37:32.451+0000] {processor.py:925} INFO - DAG(s) 'example_short_circuit_decorator' retrieved from /home/airflow/.local/lib/python3.12/site-packages/airflow/example_dags/example_short_circuit_decorator.py
[2025-04-30T00:37:32.501+0000] {logging_mixin.py:190} INFO - [2025-04-30T00:37:32.501+0000] {dag.py:3211} INFO - Sync 1 DAGs
[2025-04-30T00:37:32.563+0000] {logging_mixin.py:190} INFO - [2025-04-30T00:37:32.562+0000] {dag.py:4138} INFO - Setting next_dagrun for example_short_circuit_decorator to 2025-04-29 00:00:00+00:00, run_after=2025-04-30 00:00:00+00:00
[2025-04-30T00:37:32.605+0000] {processor.py:208} INFO - Processing /home/airflow/.local/lib/python3.12/site-packages/airflow/example_dags/example_short_circuit_decorator.py took 0.198 seconds
[2025-04-30T00:38:03.496+0000] {processor.py:186} INFO - Started process (PID=989) to work on /home/airflow/.local/lib/python3.12/site-packages/airflow/example_dags/example_short_circuit_decorator.py
[2025-04-30T00:38:03.498+0000] {processor.py:914} INFO - Processing file /home/airflow/.local/lib/python3.12/site-packages/airflow/example_dags/example_short_circuit_decorator.py for tasks to queue
[2025-04-30T00:38:03.503+0000] {logging_mixin.py:190} INFO - [2025-04-30T00:38:03.502+0000] {dagbag.py:587} INFO - Filling up the DagBag from /home/airflow/.local/lib/python3.12/site-packages/airflow/example_dags/example_short_circuit_decorator.py
[2025-04-30T00:38:03.525+0000] {processor.py:925} INFO - DAG(s) 'example_short_circuit_decorator' retrieved from /home/airflow/.local/lib/python3.12/site-packages/airflow/example_dags/example_short_circuit_decorator.py
[2025-04-30T00:38:03.576+0000] {logging_mixin.py:190} INFO - [2025-04-30T00:38:03.575+0000] {dag.py:3211} INFO - Sync 1 DAGs
[2025-04-30T00:38:03.631+0000] {logging_mixin.py:190} INFO - [2025-04-30T00:38:03.630+0000] {dag.py:4138} INFO - Setting next_dagrun for example_short_circuit_decorator to 2025-04-29 00:00:00+00:00, run_after=2025-04-30 00:00:00+00:00
[2025-04-30T00:38:03.673+0000] {processor.py:208} INFO - Processing /home/airflow/.local/lib/python3.12/site-packages/airflow/example_dags/example_short_circuit_decorator.py took 0.188 seconds
[2025-04-30T00:38:34.375+0000] {processor.py:186} INFO - Started process (PID=1054) to work on /home/airflow/.local/lib/python3.12/site-packages/airflow/example_dags/example_short_circuit_decorator.py
[2025-04-30T00:38:34.377+0000] {processor.py:914} INFO - Processing file /home/airflow/.local/lib/python3.12/site-packages/airflow/example_dags/example_short_circuit_decorator.py for tasks to queue
[2025-04-30T00:38:34.381+0000] {logging_mixin.py:190} INFO - [2025-04-30T00:38:34.381+0000] {dagbag.py:587} INFO - Filling up the DagBag from /home/airflow/.local/lib/python3.12/site-packages/airflow/example_dags/example_short_circuit_decorator.py
[2025-04-30T00:38:34.409+0000] {processor.py:925} INFO - DAG(s) 'example_short_circuit_decorator' retrieved from /home/airflow/.local/lib/python3.12/site-packages/airflow/example_dags/example_short_circuit_decorator.py
[2025-04-30T00:38:34.457+0000] {logging_mixin.py:190} INFO - [2025-04-30T00:38:34.457+0000] {dag.py:3211} INFO - Sync 1 DAGs
[2025-04-30T00:38:34.512+0000] {logging_mixin.py:190} INFO - [2025-04-30T00:38:34.512+0000] {dag.py:4138} INFO - Setting next_dagrun for example_short_circuit_decorator to 2025-04-29 00:00:00+00:00, run_after=2025-04-30 00:00:00+00:00
[2025-04-30T00:38:34.553+0000] {processor.py:208} INFO - Processing /home/airflow/.local/lib/python3.12/site-packages/airflow/example_dags/example_short_circuit_decorator.py took 0.190 seconds
[2025-04-30T00:39:05.578+0000] {processor.py:186} INFO - Started process (PID=1123) to work on /home/airflow/.local/lib/python3.12/site-packages/airflow/example_dags/example_short_circuit_decorator.py
[2025-04-30T00:39:05.580+0000] {processor.py:914} INFO - Processing file /home/airflow/.local/lib/python3.12/site-packages/airflow/example_dags/example_short_circuit_decorator.py for tasks to queue
[2025-04-30T00:39:05.586+0000] {logging_mixin.py:190} INFO - [2025-04-30T00:39:05.585+0000] {dagbag.py:587} INFO - Filling up the DagBag from /home/airflow/.local/lib/python3.12/site-packages/airflow/example_dags/example_short_circuit_decorator.py
[2025-04-30T00:39:05.611+0000] {processor.py:925} INFO - DAG(s) 'example_short_circuit_decorator' retrieved from /home/airflow/.local/lib/python3.12/site-packages/airflow/example_dags/example_short_circuit_decorator.py
[2025-04-30T00:39:05.659+0000] {logging_mixin.py:190} INFO - [2025-04-30T00:39:05.659+0000] {dag.py:3211} INFO - Sync 1 DAGs
[2025-04-30T00:39:05.714+0000] {logging_mixin.py:190} INFO - [2025-04-30T00:39:05.714+0000] {dag.py:4138} INFO - Setting next_dagrun for example_short_circuit_decorator to 2025-04-29 00:00:00+00:00, run_after=2025-04-30 00:00:00+00:00
[2025-04-30T00:39:05.757+0000] {processor.py:208} INFO - Processing /home/airflow/.local/lib/python3.12/site-packages/airflow/example_dags/example_short_circuit_decorator.py took 0.191 seconds
[2025-04-30T00:39:36.585+0000] {processor.py:186} INFO - Started process (PID=1185) to work on /home/airflow/.local/lib/python3.12/site-packages/airflow/example_dags/example_short_circuit_decorator.py
[2025-04-30T00:39:36.588+0000] {processor.py:914} INFO - Processing file /home/airflow/.local/lib/python3.12/site-packages/airflow/example_dags/example_short_circuit_decorator.py for tasks to queue
[2025-04-30T00:39:36.593+0000] {logging_mixin.py:190} INFO - [2025-04-30T00:39:36.592+0000] {dagbag.py:587} INFO - Filling up the DagBag from /home/airflow/.local/lib/python3.12/site-packages/airflow/example_dags/example_short_circuit_decorator.py
[2025-04-30T00:39:36.616+0000] {processor.py:925} INFO - DAG(s) 'example_short_circuit_decorator' retrieved from /home/airflow/.local/lib/python3.12/site-packages/airflow/example_dags/example_short_circuit_decorator.py
[2025-04-30T00:39:36.665+0000] {logging_mixin.py:190} INFO - [2025-04-30T00:39:36.664+0000] {dag.py:3211} INFO - Sync 1 DAGs
[2025-04-30T00:39:36.714+0000] {logging_mixin.py:190} INFO - [2025-04-30T00:39:36.713+0000] {dag.py:4138} INFO - Setting next_dagrun for example_short_circuit_decorator to 2025-04-29 00:00:00+00:00, run_after=2025-04-30 00:00:00+00:00
[2025-04-30T00:39:36.752+0000] {processor.py:208} INFO - Processing /home/airflow/.local/lib/python3.12/site-packages/airflow/example_dags/example_short_circuit_decorator.py took 0.178 seconds
[2025-04-30T00:40:07.482+0000] {processor.py:186} INFO - Started process (PID=1248) to work on /home/airflow/.local/lib/python3.12/site-packages/airflow/example_dags/example_short_circuit_decorator.py
[2025-04-30T00:40:07.483+0000] {processor.py:914} INFO - Processing file /home/airflow/.local/lib/python3.12/site-packages/airflow/example_dags/example_short_circuit_decorator.py for tasks to queue
[2025-04-30T00:40:07.488+0000] {logging_mixin.py:190} INFO - [2025-04-30T00:40:07.487+0000] {dagbag.py:587} INFO - Filling up the DagBag from /home/airflow/.local/lib/python3.12/site-packages/airflow/example_dags/example_short_circuit_decorator.py
[2025-04-30T00:40:07.509+0000] {processor.py:925} INFO - DAG(s) 'example_short_circuit_decorator' retrieved from /home/airflow/.local/lib/python3.12/site-packages/airflow/example_dags/example_short_circuit_decorator.py
[2025-04-30T00:40:07.562+0000] {logging_mixin.py:190} INFO - [2025-04-30T00:40:07.562+0000] {dag.py:3211} INFO - Sync 1 DAGs
[2025-04-30T00:40:07.627+0000] {logging_mixin.py:190} INFO - [2025-04-30T00:40:07.626+0000] {dag.py:4138} INFO - Setting next_dagrun for example_short_circuit_decorator to 2025-04-29 00:00:00+00:00, run_after=2025-04-30 00:00:00+00:00
[2025-04-30T00:40:07.678+0000] {processor.py:208} INFO - Processing /home/airflow/.local/lib/python3.12/site-packages/airflow/example_dags/example_short_circuit_decorator.py took 0.208 seconds
[2025-04-30T00:40:38.189+0000] {processor.py:186} INFO - Started process (PID=1311) to work on /home/airflow/.local/lib/python3.12/site-packages/airflow/example_dags/example_short_circuit_decorator.py
[2025-04-30T00:40:38.192+0000] {processor.py:914} INFO - Processing file /home/airflow/.local/lib/python3.12/site-packages/airflow/example_dags/example_short_circuit_decorator.py for tasks to queue
[2025-04-30T00:40:38.198+0000] {logging_mixin.py:190} INFO - [2025-04-30T00:40:38.198+0000] {dagbag.py:587} INFO - Filling up the DagBag from /home/airflow/.local/lib/python3.12/site-packages/airflow/example_dags/example_short_circuit_decorator.py
[2025-04-30T00:40:38.226+0000] {processor.py:925} INFO - DAG(s) 'example_short_circuit_decorator' retrieved from /home/airflow/.local/lib/python3.12/site-packages/airflow/example_dags/example_short_circuit_decorator.py
[2025-04-30T00:40:38.275+0000] {logging_mixin.py:190} INFO - [2025-04-30T00:40:38.275+0000] {dag.py:3211} INFO - Sync 1 DAGs
[2025-04-30T00:40:38.325+0000] {logging_mixin.py:190} INFO - [2025-04-30T00:40:38.325+0000] {dag.py:4138} INFO - Setting next_dagrun for example_short_circuit_decorator to 2025-04-29 00:00:00+00:00, run_after=2025-04-30 00:00:00+00:00
[2025-04-30T00:40:38.362+0000] {processor.py:208} INFO - Processing /home/airflow/.local/lib/python3.12/site-packages/airflow/example_dags/example_short_circuit_decorator.py took 0.185 seconds
[2025-04-30T00:41:08.858+0000] {processor.py:186} INFO - Started process (PID=1374) to work on /home/airflow/.local/lib/python3.12/site-packages/airflow/example_dags/example_short_circuit_decorator.py
[2025-04-30T00:41:08.861+0000] {processor.py:914} INFO - Processing file /home/airflow/.local/lib/python3.12/site-packages/airflow/example_dags/example_short_circuit_decorator.py for tasks to queue
[2025-04-30T00:41:08.866+0000] {logging_mixin.py:190} INFO - [2025-04-30T00:41:08.866+0000] {dagbag.py:587} INFO - Filling up the DagBag from /home/airflow/.local/lib/python3.12/site-packages/airflow/example_dags/example_short_circuit_decorator.py
[2025-04-30T00:41:08.892+0000] {processor.py:925} INFO - DAG(s) 'example_short_circuit_decorator' retrieved from /home/airflow/.local/lib/python3.12/site-packages/airflow/example_dags/example_short_circuit_decorator.py
[2025-04-30T00:41:08.946+0000] {logging_mixin.py:190} INFO - [2025-04-30T00:41:08.946+0000] {dag.py:3211} INFO - Sync 1 DAGs
[2025-04-30T00:41:09.003+0000] {logging_mixin.py:190} INFO - [2025-04-30T00:41:09.003+0000] {dag.py:4138} INFO - Setting next_dagrun for example_short_circuit_decorator to 2025-04-29 00:00:00+00:00, run_after=2025-04-30 00:00:00+00:00
[2025-04-30T00:41:09.058+0000] {processor.py:208} INFO - Processing /home/airflow/.local/lib/python3.12/site-packages/airflow/example_dags/example_short_circuit_decorator.py took 0.214 seconds
[2025-04-30T00:41:39.580+0000] {processor.py:186} INFO - Started process (PID=1437) to work on /home/airflow/.local/lib/python3.12/site-packages/airflow/example_dags/example_short_circuit_decorator.py
[2025-04-30T00:41:39.582+0000] {processor.py:914} INFO - Processing file /home/airflow/.local/lib/python3.12/site-packages/airflow/example_dags/example_short_circuit_decorator.py for tasks to queue
[2025-04-30T00:41:39.588+0000] {logging_mixin.py:190} INFO - [2025-04-30T00:41:39.587+0000] {dagbag.py:587} INFO - Filling up the DagBag from /home/airflow/.local/lib/python3.12/site-packages/airflow/example_dags/example_short_circuit_decorator.py
[2025-04-30T00:41:39.616+0000] {processor.py:925} INFO - DAG(s) 'example_short_circuit_decorator' retrieved from /home/airflow/.local/lib/python3.12/site-packages/airflow/example_dags/example_short_circuit_decorator.py
[2025-04-30T00:41:39.670+0000] {logging_mixin.py:190} INFO - [2025-04-30T00:41:39.669+0000] {dag.py:3211} INFO - Sync 1 DAGs
[2025-04-30T00:41:39.730+0000] {logging_mixin.py:190} INFO - [2025-04-30T00:41:39.730+0000] {dag.py:4138} INFO - Setting next_dagrun for example_short_circuit_decorator to 2025-04-29 00:00:00+00:00, run_after=2025-04-30 00:00:00+00:00
[2025-04-30T00:41:39.776+0000] {processor.py:208} INFO - Processing /home/airflow/.local/lib/python3.12/site-packages/airflow/example_dags/example_short_circuit_decorator.py took 0.212 seconds
[2025-04-30T00:42:09.916+0000] {processor.py:186} INFO - Started process (PID=1504) to work on /home/airflow/.local/lib/python3.12/site-packages/airflow/example_dags/example_short_circuit_decorator.py
[2025-04-30T00:42:09.918+0000] {processor.py:914} INFO - Processing file /home/airflow/.local/lib/python3.12/site-packages/airflow/example_dags/example_short_circuit_decorator.py for tasks to queue
[2025-04-30T00:42:09.922+0000] {logging_mixin.py:190} INFO - [2025-04-30T00:42:09.921+0000] {dagbag.py:587} INFO - Filling up the DagBag from /home/airflow/.local/lib/python3.12/site-packages/airflow/example_dags/example_short_circuit_decorator.py
[2025-04-30T00:42:09.957+0000] {processor.py:925} INFO - DAG(s) 'example_short_circuit_decorator' retrieved from /home/airflow/.local/lib/python3.12/site-packages/airflow/example_dags/example_short_circuit_decorator.py
[2025-04-30T00:42:10.022+0000] {logging_mixin.py:190} INFO - [2025-04-30T00:42:10.021+0000] {dag.py:3211} INFO - Sync 1 DAGs
[2025-04-30T00:42:10.089+0000] {logging_mixin.py:190} INFO - [2025-04-30T00:42:10.089+0000] {dag.py:4138} INFO - Setting next_dagrun for example_short_circuit_decorator to 2025-04-29 00:00:00+00:00, run_after=2025-04-30 00:00:00+00:00
[2025-04-30T00:42:10.142+0000] {processor.py:208} INFO - Processing /home/airflow/.local/lib/python3.12/site-packages/airflow/example_dags/example_short_circuit_decorator.py took 0.240 seconds
[2025-04-30T00:42:40.352+0000] {processor.py:186} INFO - Started process (PID=1566) to work on /home/airflow/.local/lib/python3.12/site-packages/airflow/example_dags/example_short_circuit_decorator.py
[2025-04-30T00:42:40.355+0000] {processor.py:914} INFO - Processing file /home/airflow/.local/lib/python3.12/site-packages/airflow/example_dags/example_short_circuit_decorator.py for tasks to queue
[2025-04-30T00:42:40.358+0000] {logging_mixin.py:190} INFO - [2025-04-30T00:42:40.357+0000] {dagbag.py:587} INFO - Filling up the DagBag from /home/airflow/.local/lib/python3.12/site-packages/airflow/example_dags/example_short_circuit_decorator.py
[2025-04-30T00:42:40.380+0000] {processor.py:925} INFO - DAG(s) 'example_short_circuit_decorator' retrieved from /home/airflow/.local/lib/python3.12/site-packages/airflow/example_dags/example_short_circuit_decorator.py
[2025-04-30T00:42:40.428+0000] {logging_mixin.py:190} INFO - [2025-04-30T00:42:40.428+0000] {dag.py:3211} INFO - Sync 1 DAGs
[2025-04-30T00:42:40.471+0000] {logging_mixin.py:190} INFO - [2025-04-30T00:42:40.471+0000] {dag.py:4138} INFO - Setting next_dagrun for example_short_circuit_decorator to 2025-04-29 00:00:00+00:00, run_after=2025-04-30 00:00:00+00:00
[2025-04-30T00:42:40.525+0000] {processor.py:208} INFO - Processing /home/airflow/.local/lib/python3.12/site-packages/airflow/example_dags/example_short_circuit_decorator.py took 0.184 seconds
[2025-04-30T00:43:11.051+0000] {processor.py:186} INFO - Started process (PID=1629) to work on /home/airflow/.local/lib/python3.12/site-packages/airflow/example_dags/example_short_circuit_decorator.py
[2025-04-30T00:43:11.053+0000] {processor.py:914} INFO - Processing file /home/airflow/.local/lib/python3.12/site-packages/airflow/example_dags/example_short_circuit_decorator.py for tasks to queue
[2025-04-30T00:43:11.057+0000] {logging_mixin.py:190} INFO - [2025-04-30T00:43:11.056+0000] {dagbag.py:587} INFO - Filling up the DagBag from /home/airflow/.local/lib/python3.12/site-packages/airflow/example_dags/example_short_circuit_decorator.py
[2025-04-30T00:43:11.079+0000] {processor.py:925} INFO - DAG(s) 'example_short_circuit_decorator' retrieved from /home/airflow/.local/lib/python3.12/site-packages/airflow/example_dags/example_short_circuit_decorator.py
[2025-04-30T00:43:11.127+0000] {logging_mixin.py:190} INFO - [2025-04-30T00:43:11.127+0000] {dag.py:3211} INFO - Sync 1 DAGs
[2025-04-30T00:43:11.184+0000] {logging_mixin.py:190} INFO - [2025-04-30T00:43:11.184+0000] {dag.py:4138} INFO - Setting next_dagrun for example_short_circuit_decorator to 2025-04-29 00:00:00+00:00, run_after=2025-04-30 00:00:00+00:00
[2025-04-30T00:43:11.228+0000] {processor.py:208} INFO - Processing /home/airflow/.local/lib/python3.12/site-packages/airflow/example_dags/example_short_circuit_decorator.py took 0.188 seconds
[2025-04-30T00:43:42.769+0000] {processor.py:186} INFO - Started process (PID=1693) to work on /home/airflow/.local/lib/python3.12/site-packages/airflow/example_dags/example_short_circuit_decorator.py
[2025-04-30T00:43:42.772+0000] {processor.py:914} INFO - Processing file /home/airflow/.local/lib/python3.12/site-packages/airflow/example_dags/example_short_circuit_decorator.py for tasks to queue
[2025-04-30T00:43:42.775+0000] {logging_mixin.py:190} INFO - [2025-04-30T00:43:42.774+0000] {dagbag.py:587} INFO - Filling up the DagBag from /home/airflow/.local/lib/python3.12/site-packages/airflow/example_dags/example_short_circuit_decorator.py
[2025-04-30T00:43:42.801+0000] {processor.py:925} INFO - DAG(s) 'example_short_circuit_decorator' retrieved from /home/airflow/.local/lib/python3.12/site-packages/airflow/example_dags/example_short_circuit_decorator.py
[2025-04-30T00:43:42.843+0000] {logging_mixin.py:190} INFO - [2025-04-30T00:43:42.843+0000] {dag.py:3211} INFO - Sync 1 DAGs
[2025-04-30T00:43:42.903+0000] {logging_mixin.py:190} INFO - [2025-04-30T00:43:42.902+0000] {dag.py:4138} INFO - Setting next_dagrun for example_short_circuit_decorator to 2025-04-29 00:00:00+00:00, run_after=2025-04-30 00:00:00+00:00
[2025-04-30T00:43:42.961+0000] {processor.py:208} INFO - Processing /home/airflow/.local/lib/python3.12/site-packages/airflow/example_dags/example_short_circuit_decorator.py took 0.220 seconds
[2025-04-30T00:44:13.862+0000] {processor.py:186} INFO - Started process (PID=1756) to work on /home/airflow/.local/lib/python3.12/site-packages/airflow/example_dags/example_short_circuit_decorator.py
[2025-04-30T00:44:13.863+0000] {processor.py:914} INFO - Processing file /home/airflow/.local/lib/python3.12/site-packages/airflow/example_dags/example_short_circuit_decorator.py for tasks to queue
[2025-04-30T00:44:13.865+0000] {logging_mixin.py:190} INFO - [2025-04-30T00:44:13.864+0000] {dagbag.py:587} INFO - Filling up the DagBag from /home/airflow/.local/lib/python3.12/site-packages/airflow/example_dags/example_short_circuit_decorator.py
[2025-04-30T00:44:13.878+0000] {processor.py:925} INFO - DAG(s) 'example_short_circuit_decorator' retrieved from /home/airflow/.local/lib/python3.12/site-packages/airflow/example_dags/example_short_circuit_decorator.py
[2025-04-30T00:44:13.907+0000] {logging_mixin.py:190} INFO - [2025-04-30T00:44:13.906+0000] {dag.py:3211} INFO - Sync 1 DAGs
[2025-04-30T00:44:13.937+0000] {logging_mixin.py:190} INFO - [2025-04-30T00:44:13.936+0000] {dag.py:4138} INFO - Setting next_dagrun for example_short_circuit_decorator to 2025-04-29 00:00:00+00:00, run_after=2025-04-30 00:00:00+00:00
[2025-04-30T00:44:13.959+0000] {processor.py:208} INFO - Processing /home/airflow/.local/lib/python3.12/site-packages/airflow/example_dags/example_short_circuit_decorator.py took 0.105 seconds
[2025-04-30T00:44:44.716+0000] {processor.py:186} INFO - Started process (PID=1819) to work on /home/airflow/.local/lib/python3.12/site-packages/airflow/example_dags/example_short_circuit_decorator.py
[2025-04-30T00:44:44.718+0000] {processor.py:914} INFO - Processing file /home/airflow/.local/lib/python3.12/site-packages/airflow/example_dags/example_short_circuit_decorator.py for tasks to queue
[2025-04-30T00:44:44.720+0000] {logging_mixin.py:190} INFO - [2025-04-30T00:44:44.719+0000] {dagbag.py:587} INFO - Filling up the DagBag from /home/airflow/.local/lib/python3.12/site-packages/airflow/example_dags/example_short_circuit_decorator.py
[2025-04-30T00:44:44.734+0000] {processor.py:925} INFO - DAG(s) 'example_short_circuit_decorator' retrieved from /home/airflow/.local/lib/python3.12/site-packages/airflow/example_dags/example_short_circuit_decorator.py
[2025-04-30T00:44:44.766+0000] {logging_mixin.py:190} INFO - [2025-04-30T00:44:44.766+0000] {dag.py:3211} INFO - Sync 1 DAGs
[2025-04-30T00:44:44.800+0000] {logging_mixin.py:190} INFO - [2025-04-30T00:44:44.800+0000] {dag.py:4138} INFO - Setting next_dagrun for example_short_circuit_decorator to 2025-04-29 00:00:00+00:00, run_after=2025-04-30 00:00:00+00:00
[2025-04-30T00:44:44.829+0000] {processor.py:208} INFO - Processing /home/airflow/.local/lib/python3.12/site-packages/airflow/example_dags/example_short_circuit_decorator.py took 0.120 seconds
[2025-04-30T00:45:15.185+0000] {processor.py:186} INFO - Started process (PID=1882) to work on /home/airflow/.local/lib/python3.12/site-packages/airflow/example_dags/example_short_circuit_decorator.py
[2025-04-30T00:45:15.187+0000] {processor.py:914} INFO - Processing file /home/airflow/.local/lib/python3.12/site-packages/airflow/example_dags/example_short_circuit_decorator.py for tasks to queue
[2025-04-30T00:45:15.188+0000] {logging_mixin.py:190} INFO - [2025-04-30T00:45:15.188+0000] {dagbag.py:587} INFO - Filling up the DagBag from /home/airflow/.local/lib/python3.12/site-packages/airflow/example_dags/example_short_circuit_decorator.py
[2025-04-30T00:45:15.201+0000] {processor.py:925} INFO - DAG(s) 'example_short_circuit_decorator' retrieved from /home/airflow/.local/lib/python3.12/site-packages/airflow/example_dags/example_short_circuit_decorator.py
[2025-04-30T00:45:15.227+0000] {logging_mixin.py:190} INFO - [2025-04-30T00:45:15.227+0000] {dag.py:3211} INFO - Sync 1 DAGs
[2025-04-30T00:45:15.251+0000] {logging_mixin.py:190} INFO - [2025-04-30T00:45:15.251+0000] {dag.py:4138} INFO - Setting next_dagrun for example_short_circuit_decorator to 2025-04-29 00:00:00+00:00, run_after=2025-04-30 00:00:00+00:00
[2025-04-30T00:45:15.274+0000] {processor.py:208} INFO - Processing /home/airflow/.local/lib/python3.12/site-packages/airflow/example_dags/example_short_circuit_decorator.py took 0.095 seconds
[2025-04-30T00:45:45.824+0000] {processor.py:186} INFO - Started process (PID=1945) to work on /home/airflow/.local/lib/python3.12/site-packages/airflow/example_dags/example_short_circuit_decorator.py
[2025-04-30T00:45:45.825+0000] {processor.py:914} INFO - Processing file /home/airflow/.local/lib/python3.12/site-packages/airflow/example_dags/example_short_circuit_decorator.py for tasks to queue
[2025-04-30T00:45:45.827+0000] {logging_mixin.py:190} INFO - [2025-04-30T00:45:45.826+0000] {dagbag.py:587} INFO - Filling up the DagBag from /home/airflow/.local/lib/python3.12/site-packages/airflow/example_dags/example_short_circuit_decorator.py
[2025-04-30T00:45:45.841+0000] {processor.py:925} INFO - DAG(s) 'example_short_circuit_decorator' retrieved from /home/airflow/.local/lib/python3.12/site-packages/airflow/example_dags/example_short_circuit_decorator.py
[2025-04-30T00:45:45.870+0000] {logging_mixin.py:190} INFO - [2025-04-30T00:45:45.869+0000] {dag.py:3211} INFO - Sync 1 DAGs
[2025-04-30T00:45:45.909+0000] {logging_mixin.py:190} INFO - [2025-04-30T00:45:45.908+0000] {dag.py:4138} INFO - Setting next_dagrun for example_short_circuit_decorator to 2025-04-29 00:00:00+00:00, run_after=2025-04-30 00:00:00+00:00
[2025-04-30T00:45:45.943+0000] {processor.py:208} INFO - Processing /home/airflow/.local/lib/python3.12/site-packages/airflow/example_dags/example_short_circuit_decorator.py took 0.126 seconds
[2025-04-30T00:46:16.510+0000] {processor.py:186} INFO - Started process (PID=2008) to work on /home/airflow/.local/lib/python3.12/site-packages/airflow/example_dags/example_short_circuit_decorator.py
[2025-04-30T00:46:16.511+0000] {processor.py:914} INFO - Processing file /home/airflow/.local/lib/python3.12/site-packages/airflow/example_dags/example_short_circuit_decorator.py for tasks to queue
[2025-04-30T00:46:16.513+0000] {logging_mixin.py:190} INFO - [2025-04-30T00:46:16.512+0000] {dagbag.py:587} INFO - Filling up the DagBag from /home/airflow/.local/lib/python3.12/site-packages/airflow/example_dags/example_short_circuit_decorator.py
[2025-04-30T00:46:16.525+0000] {processor.py:925} INFO - DAG(s) 'example_short_circuit_decorator' retrieved from /home/airflow/.local/lib/python3.12/site-packages/airflow/example_dags/example_short_circuit_decorator.py
[2025-04-30T00:46:16.552+0000] {logging_mixin.py:190} INFO - [2025-04-30T00:46:16.552+0000] {dag.py:3211} INFO - Sync 1 DAGs
[2025-04-30T00:46:16.577+0000] {logging_mixin.py:190} INFO - [2025-04-30T00:46:16.577+0000] {dag.py:4138} INFO - Setting next_dagrun for example_short_circuit_decorator to 2025-04-29 00:00:00+00:00, run_after=2025-04-30 00:00:00+00:00
[2025-04-30T00:46:16.600+0000] {processor.py:208} INFO - Processing /home/airflow/.local/lib/python3.12/site-packages/airflow/example_dags/example_short_circuit_decorator.py took 0.096 seconds
[2025-04-30T00:46:46.840+0000] {processor.py:186} INFO - Started process (PID=2076) to work on /home/airflow/.local/lib/python3.12/site-packages/airflow/example_dags/example_short_circuit_decorator.py
[2025-04-30T00:46:46.842+0000] {processor.py:914} INFO - Processing file /home/airflow/.local/lib/python3.12/site-packages/airflow/example_dags/example_short_circuit_decorator.py for tasks to queue
[2025-04-30T00:46:46.843+0000] {logging_mixin.py:190} INFO - [2025-04-30T00:46:46.843+0000] {dagbag.py:587} INFO - Filling up the DagBag from /home/airflow/.local/lib/python3.12/site-packages/airflow/example_dags/example_short_circuit_decorator.py
[2025-04-30T00:46:46.859+0000] {processor.py:925} INFO - DAG(s) 'example_short_circuit_decorator' retrieved from /home/airflow/.local/lib/python3.12/site-packages/airflow/example_dags/example_short_circuit_decorator.py
[2025-04-30T00:46:46.886+0000] {logging_mixin.py:190} INFO - [2025-04-30T00:46:46.886+0000] {dag.py:3211} INFO - Sync 1 DAGs
[2025-04-30T00:46:46.912+0000] {logging_mixin.py:190} INFO - [2025-04-30T00:46:46.912+0000] {dag.py:4138} INFO - Setting next_dagrun for example_short_circuit_decorator to 2025-04-29 00:00:00+00:00, run_after=2025-04-30 00:00:00+00:00
[2025-04-30T00:46:46.934+0000] {processor.py:208} INFO - Processing /home/airflow/.local/lib/python3.12/site-packages/airflow/example_dags/example_short_circuit_decorator.py took 0.102 seconds
[2025-04-30T00:47:18.074+0000] {processor.py:186} INFO - Started process (PID=2140) to work on /home/airflow/.local/lib/python3.12/site-packages/airflow/example_dags/example_short_circuit_decorator.py
[2025-04-30T00:47:18.075+0000] {processor.py:914} INFO - Processing file /home/airflow/.local/lib/python3.12/site-packages/airflow/example_dags/example_short_circuit_decorator.py for tasks to queue
[2025-04-30T00:47:18.077+0000] {logging_mixin.py:190} INFO - [2025-04-30T00:47:18.076+0000] {dagbag.py:587} INFO - Filling up the DagBag from /home/airflow/.local/lib/python3.12/site-packages/airflow/example_dags/example_short_circuit_decorator.py
[2025-04-30T00:47:18.092+0000] {processor.py:925} INFO - DAG(s) 'example_short_circuit_decorator' retrieved from /home/airflow/.local/lib/python3.12/site-packages/airflow/example_dags/example_short_circuit_decorator.py
[2025-04-30T00:47:18.119+0000] {logging_mixin.py:190} INFO - [2025-04-30T00:47:18.119+0000] {dag.py:3211} INFO - Sync 1 DAGs
[2025-04-30T00:47:18.148+0000] {logging_mixin.py:190} INFO - [2025-04-30T00:47:18.148+0000] {dag.py:4138} INFO - Setting next_dagrun for example_short_circuit_decorator to 2025-04-29 00:00:00+00:00, run_after=2025-04-30 00:00:00+00:00
[2025-04-30T00:47:18.171+0000] {processor.py:208} INFO - Processing /home/airflow/.local/lib/python3.12/site-packages/airflow/example_dags/example_short_circuit_decorator.py took 0.105 seconds
[2025-04-30T00:47:49.352+0000] {processor.py:186} INFO - Started process (PID=2203) to work on /home/airflow/.local/lib/python3.12/site-packages/airflow/example_dags/example_short_circuit_decorator.py
[2025-04-30T00:47:49.353+0000] {processor.py:914} INFO - Processing file /home/airflow/.local/lib/python3.12/site-packages/airflow/example_dags/example_short_circuit_decorator.py for tasks to queue
[2025-04-30T00:47:49.355+0000] {logging_mixin.py:190} INFO - [2025-04-30T00:47:49.354+0000] {dagbag.py:587} INFO - Filling up the DagBag from /home/airflow/.local/lib/python3.12/site-packages/airflow/example_dags/example_short_circuit_decorator.py
[2025-04-30T00:47:49.371+0000] {processor.py:925} INFO - DAG(s) 'example_short_circuit_decorator' retrieved from /home/airflow/.local/lib/python3.12/site-packages/airflow/example_dags/example_short_circuit_decorator.py
[2025-04-30T00:47:49.397+0000] {logging_mixin.py:190} INFO - [2025-04-30T00:47:49.397+0000] {dag.py:3211} INFO - Sync 1 DAGs
[2025-04-30T00:47:49.427+0000] {logging_mixin.py:190} INFO - [2025-04-30T00:47:49.427+0000] {dag.py:4138} INFO - Setting next_dagrun for example_short_circuit_decorator to 2025-04-29 00:00:00+00:00, run_after=2025-04-30 00:00:00+00:00
[2025-04-30T00:47:49.450+0000] {processor.py:208} INFO - Processing /home/airflow/.local/lib/python3.12/site-packages/airflow/example_dags/example_short_circuit_decorator.py took 0.106 seconds
[2025-04-30T00:48:19.974+0000] {processor.py:186} INFO - Started process (PID=2266) to work on /home/airflow/.local/lib/python3.12/site-packages/airflow/example_dags/example_short_circuit_decorator.py
[2025-04-30T00:48:19.975+0000] {processor.py:914} INFO - Processing file /home/airflow/.local/lib/python3.12/site-packages/airflow/example_dags/example_short_circuit_decorator.py for tasks to queue
[2025-04-30T00:48:19.978+0000] {logging_mixin.py:190} INFO - [2025-04-30T00:48:19.977+0000] {dagbag.py:587} INFO - Filling up the DagBag from /home/airflow/.local/lib/python3.12/site-packages/airflow/example_dags/example_short_circuit_decorator.py
[2025-04-30T00:48:19.997+0000] {processor.py:925} INFO - DAG(s) 'example_short_circuit_decorator' retrieved from /home/airflow/.local/lib/python3.12/site-packages/airflow/example_dags/example_short_circuit_decorator.py
[2025-04-30T00:48:20.038+0000] {logging_mixin.py:190} INFO - [2025-04-30T00:48:20.037+0000] {dag.py:3211} INFO - Sync 1 DAGs
[2025-04-30T00:48:20.076+0000] {logging_mixin.py:190} INFO - [2025-04-30T00:48:20.076+0000] {dag.py:4138} INFO - Setting next_dagrun for example_short_circuit_decorator to 2025-04-29 00:00:00+00:00, run_after=2025-04-30 00:00:00+00:00
[2025-04-30T00:48:20.106+0000] {processor.py:208} INFO - Processing /home/airflow/.local/lib/python3.12/site-packages/airflow/example_dags/example_short_circuit_decorator.py took 0.144 seconds
[2025-04-30T00:48:51.051+0000] {processor.py:186} INFO - Started process (PID=2329) to work on /home/airflow/.local/lib/python3.12/site-packages/airflow/example_dags/example_short_circuit_decorator.py
[2025-04-30T00:48:51.052+0000] {processor.py:914} INFO - Processing file /home/airflow/.local/lib/python3.12/site-packages/airflow/example_dags/example_short_circuit_decorator.py for tasks to queue
[2025-04-30T00:48:51.054+0000] {logging_mixin.py:190} INFO - [2025-04-30T00:48:51.053+0000] {dagbag.py:587} INFO - Filling up the DagBag from /home/airflow/.local/lib/python3.12/site-packages/airflow/example_dags/example_short_circuit_decorator.py
[2025-04-30T00:48:51.065+0000] {processor.py:925} INFO - DAG(s) 'example_short_circuit_decorator' retrieved from /home/airflow/.local/lib/python3.12/site-packages/airflow/example_dags/example_short_circuit_decorator.py
[2025-04-30T00:48:51.091+0000] {logging_mixin.py:190} INFO - [2025-04-30T00:48:51.090+0000] {dag.py:3211} INFO - Sync 1 DAGs
[2025-04-30T00:48:51.116+0000] {logging_mixin.py:190} INFO - [2025-04-30T00:48:51.116+0000] {dag.py:4138} INFO - Setting next_dagrun for example_short_circuit_decorator to 2025-04-29 00:00:00+00:00, run_after=2025-04-30 00:00:00+00:00
[2025-04-30T00:48:51.138+0000] {processor.py:208} INFO - Processing /home/airflow/.local/lib/python3.12/site-packages/airflow/example_dags/example_short_circuit_decorator.py took 0.093 seconds
[2025-04-30T00:49:21.843+0000] {processor.py:186} INFO - Started process (PID=2392) to work on /home/airflow/.local/lib/python3.12/site-packages/airflow/example_dags/example_short_circuit_decorator.py
[2025-04-30T00:49:21.844+0000] {processor.py:914} INFO - Processing file /home/airflow/.local/lib/python3.12/site-packages/airflow/example_dags/example_short_circuit_decorator.py for tasks to queue
[2025-04-30T00:49:21.846+0000] {logging_mixin.py:190} INFO - [2025-04-30T00:49:21.846+0000] {dagbag.py:587} INFO - Filling up the DagBag from /home/airflow/.local/lib/python3.12/site-packages/airflow/example_dags/example_short_circuit_decorator.py
[2025-04-30T00:49:21.861+0000] {processor.py:925} INFO - DAG(s) 'example_short_circuit_decorator' retrieved from /home/airflow/.local/lib/python3.12/site-packages/airflow/example_dags/example_short_circuit_decorator.py
[2025-04-30T00:49:21.890+0000] {logging_mixin.py:190} INFO - [2025-04-30T00:49:21.890+0000] {dag.py:3211} INFO - Sync 1 DAGs
[2025-04-30T00:49:21.919+0000] {logging_mixin.py:190} INFO - [2025-04-30T00:49:21.919+0000] {dag.py:4138} INFO - Setting next_dagrun for example_short_circuit_decorator to 2025-04-29 00:00:00+00:00, run_after=2025-04-30 00:00:00+00:00
[2025-04-30T00:49:21.944+0000] {processor.py:208} INFO - Processing /home/airflow/.local/lib/python3.12/site-packages/airflow/example_dags/example_short_circuit_decorator.py took 0.107 seconds
[2025-04-30T00:49:52.324+0000] {processor.py:186} INFO - Started process (PID=2455) to work on /home/airflow/.local/lib/python3.12/site-packages/airflow/example_dags/example_short_circuit_decorator.py
[2025-04-30T00:49:52.326+0000] {processor.py:914} INFO - Processing file /home/airflow/.local/lib/python3.12/site-packages/airflow/example_dags/example_short_circuit_decorator.py for tasks to queue
[2025-04-30T00:49:52.327+0000] {logging_mixin.py:190} INFO - [2025-04-30T00:49:52.327+0000] {dagbag.py:587} INFO - Filling up the DagBag from /home/airflow/.local/lib/python3.12/site-packages/airflow/example_dags/example_short_circuit_decorator.py
[2025-04-30T00:49:52.340+0000] {processor.py:925} INFO - DAG(s) 'example_short_circuit_decorator' retrieved from /home/airflow/.local/lib/python3.12/site-packages/airflow/example_dags/example_short_circuit_decorator.py
[2025-04-30T00:49:52.368+0000] {logging_mixin.py:190} INFO - [2025-04-30T00:49:52.368+0000] {dag.py:3211} INFO - Sync 1 DAGs
[2025-04-30T00:49:52.398+0000] {logging_mixin.py:190} INFO - [2025-04-30T00:49:52.398+0000] {dag.py:4138} INFO - Setting next_dagrun for example_short_circuit_decorator to 2025-04-29 00:00:00+00:00, run_after=2025-04-30 00:00:00+00:00
[2025-04-30T00:49:52.420+0000] {processor.py:208} INFO - Processing /home/airflow/.local/lib/python3.12/site-packages/airflow/example_dags/example_short_circuit_decorator.py took 0.103 seconds
[2025-04-30T00:50:22.686+0000] {processor.py:186} INFO - Started process (PID=2518) to work on /home/airflow/.local/lib/python3.12/site-packages/airflow/example_dags/example_short_circuit_decorator.py
[2025-04-30T00:50:22.688+0000] {processor.py:914} INFO - Processing file /home/airflow/.local/lib/python3.12/site-packages/airflow/example_dags/example_short_circuit_decorator.py for tasks to queue
[2025-04-30T00:50:22.690+0000] {logging_mixin.py:190} INFO - [2025-04-30T00:50:22.689+0000] {dagbag.py:587} INFO - Filling up the DagBag from /home/airflow/.local/lib/python3.12/site-packages/airflow/example_dags/example_short_circuit_decorator.py
[2025-04-30T00:50:22.704+0000] {processor.py:925} INFO - DAG(s) 'example_short_circuit_decorator' retrieved from /home/airflow/.local/lib/python3.12/site-packages/airflow/example_dags/example_short_circuit_decorator.py
[2025-04-30T00:50:22.731+0000] {logging_mixin.py:190} INFO - [2025-04-30T00:50:22.731+0000] {dag.py:3211} INFO - Sync 1 DAGs
[2025-04-30T00:50:22.755+0000] {logging_mixin.py:190} INFO - [2025-04-30T00:50:22.755+0000] {dag.py:4138} INFO - Setting next_dagrun for example_short_circuit_decorator to 2025-04-29 00:00:00+00:00, run_after=2025-04-30 00:00:00+00:00
[2025-04-30T00:50:22.776+0000] {processor.py:208} INFO - Processing /home/airflow/.local/lib/python3.12/site-packages/airflow/example_dags/example_short_circuit_decorator.py took 0.098 seconds
[2025-04-30T00:50:53.282+0000] {processor.py:186} INFO - Started process (PID=2581) to work on /home/airflow/.local/lib/python3.12/site-packages/airflow/example_dags/example_short_circuit_decorator.py
[2025-04-30T00:50:53.283+0000] {processor.py:914} INFO - Processing file /home/airflow/.local/lib/python3.12/site-packages/airflow/example_dags/example_short_circuit_decorator.py for tasks to queue
[2025-04-30T00:50:53.285+0000] {logging_mixin.py:190} INFO - [2025-04-30T00:50:53.284+0000] {dagbag.py:587} INFO - Filling up the DagBag from /home/airflow/.local/lib/python3.12/site-packages/airflow/example_dags/example_short_circuit_decorator.py
[2025-04-30T00:50:53.301+0000] {processor.py:925} INFO - DAG(s) 'example_short_circuit_decorator' retrieved from /home/airflow/.local/lib/python3.12/site-packages/airflow/example_dags/example_short_circuit_decorator.py
[2025-04-30T00:50:53.334+0000] {logging_mixin.py:190} INFO - [2025-04-30T00:50:53.333+0000] {dag.py:3211} INFO - Sync 1 DAGs
[2025-04-30T00:50:53.374+0000] {logging_mixin.py:190} INFO - [2025-04-30T00:50:53.374+0000] {dag.py:4138} INFO - Setting next_dagrun for example_short_circuit_decorator to 2025-04-29 00:00:00+00:00, run_after=2025-04-30 00:00:00+00:00
[2025-04-30T00:50:53.405+0000] {processor.py:208} INFO - Processing /home/airflow/.local/lib/python3.12/site-packages/airflow/example_dags/example_short_circuit_decorator.py took 0.130 seconds
[2025-04-30T00:51:23.804+0000] {processor.py:186} INFO - Started process (PID=2644) to work on /home/airflow/.local/lib/python3.12/site-packages/airflow/example_dags/example_short_circuit_decorator.py
[2025-04-30T00:51:23.805+0000] {processor.py:914} INFO - Processing file /home/airflow/.local/lib/python3.12/site-packages/airflow/example_dags/example_short_circuit_decorator.py for tasks to queue
[2025-04-30T00:51:23.807+0000] {logging_mixin.py:190} INFO - [2025-04-30T00:51:23.806+0000] {dagbag.py:587} INFO - Filling up the DagBag from /home/airflow/.local/lib/python3.12/site-packages/airflow/example_dags/example_short_circuit_decorator.py
[2025-04-30T00:51:23.821+0000] {processor.py:925} INFO - DAG(s) 'example_short_circuit_decorator' retrieved from /home/airflow/.local/lib/python3.12/site-packages/airflow/example_dags/example_short_circuit_decorator.py
[2025-04-30T00:51:23.850+0000] {logging_mixin.py:190} INFO - [2025-04-30T00:51:23.850+0000] {dag.py:3211} INFO - Sync 1 DAGs
[2025-04-30T00:51:23.878+0000] {logging_mixin.py:190} INFO - [2025-04-30T00:51:23.878+0000] {dag.py:4138} INFO - Setting next_dagrun for example_short_circuit_decorator to 2025-04-29 00:00:00+00:00, run_after=2025-04-30 00:00:00+00:00
[2025-04-30T00:51:23.899+0000] {processor.py:208} INFO - Processing /home/airflow/.local/lib/python3.12/site-packages/airflow/example_dags/example_short_circuit_decorator.py took 0.102 seconds
[2025-04-30T00:59:28.995+0000] {processor.py:186} INFO - Started process (PID=2707) to work on /home/airflow/.local/lib/python3.12/site-packages/airflow/example_dags/example_short_circuit_decorator.py
[2025-04-30T00:59:28.997+0000] {processor.py:914} INFO - Processing file /home/airflow/.local/lib/python3.12/site-packages/airflow/example_dags/example_short_circuit_decorator.py for tasks to queue
[2025-04-30T00:59:29.009+0000] {logging_mixin.py:190} INFO - [2025-04-30T00:59:29.008+0000] {dagbag.py:587} INFO - Filling up the DagBag from /home/airflow/.local/lib/python3.12/site-packages/airflow/example_dags/example_short_circuit_decorator.py
[2025-04-30T00:59:29.049+0000] {processor.py:925} INFO - DAG(s) 'example_short_circuit_decorator' retrieved from /home/airflow/.local/lib/python3.12/site-packages/airflow/example_dags/example_short_circuit_decorator.py
[2025-04-30T00:59:29.138+0000] {logging_mixin.py:190} INFO - [2025-04-30T00:59:29.137+0000] {dag.py:3211} INFO - Sync 1 DAGs
[2025-04-30T00:59:29.239+0000] {logging_mixin.py:190} INFO - [2025-04-30T00:59:29.239+0000] {dag.py:4138} INFO - Setting next_dagrun for example_short_circuit_decorator to 2025-04-29 00:00:00+00:00, run_after=2025-04-30 00:00:00+00:00
[2025-04-30T00:59:29.281+0000] {processor.py:208} INFO - Processing /home/airflow/.local/lib/python3.12/site-packages/airflow/example_dags/example_short_circuit_decorator.py took 0.299 seconds
[2025-04-30T01:00:00.379+0000] {processor.py:186} INFO - Started process (PID=2775) to work on /home/airflow/.local/lib/python3.12/site-packages/airflow/example_dags/example_short_circuit_decorator.py
[2025-04-30T01:00:00.381+0000] {processor.py:914} INFO - Processing file /home/airflow/.local/lib/python3.12/site-packages/airflow/example_dags/example_short_circuit_decorator.py for tasks to queue
[2025-04-30T01:00:00.382+0000] {logging_mixin.py:190} INFO - [2025-04-30T01:00:00.382+0000] {dagbag.py:587} INFO - Filling up the DagBag from /home/airflow/.local/lib/python3.12/site-packages/airflow/example_dags/example_short_circuit_decorator.py
[2025-04-30T01:00:00.396+0000] {processor.py:925} INFO - DAG(s) 'example_short_circuit_decorator' retrieved from /home/airflow/.local/lib/python3.12/site-packages/airflow/example_dags/example_short_circuit_decorator.py
[2025-04-30T01:00:00.424+0000] {logging_mixin.py:190} INFO - [2025-04-30T01:00:00.424+0000] {dag.py:3211} INFO - Sync 1 DAGs
[2025-04-30T01:00:00.452+0000] {logging_mixin.py:190} INFO - [2025-04-30T01:00:00.451+0000] {dag.py:4138} INFO - Setting next_dagrun for example_short_circuit_decorator to 2025-04-29 00:00:00+00:00, run_after=2025-04-30 00:00:00+00:00
[2025-04-30T01:00:00.477+0000] {processor.py:208} INFO - Processing /home/airflow/.local/lib/python3.12/site-packages/airflow/example_dags/example_short_circuit_decorator.py took 0.105 seconds
[2025-04-30T01:00:31.547+0000] {processor.py:186} INFO - Started process (PID=2842) to work on /home/airflow/.local/lib/python3.12/site-packages/airflow/example_dags/example_short_circuit_decorator.py
[2025-04-30T01:00:31.548+0000] {processor.py:914} INFO - Processing file /home/airflow/.local/lib/python3.12/site-packages/airflow/example_dags/example_short_circuit_decorator.py for tasks to queue
[2025-04-30T01:00:31.549+0000] {logging_mixin.py:190} INFO - [2025-04-30T01:00:31.549+0000] {dagbag.py:587} INFO - Filling up the DagBag from /home/airflow/.local/lib/python3.12/site-packages/airflow/example_dags/example_short_circuit_decorator.py
[2025-04-30T01:00:31.566+0000] {processor.py:925} INFO - DAG(s) 'example_short_circuit_decorator' retrieved from /home/airflow/.local/lib/python3.12/site-packages/airflow/example_dags/example_short_circuit_decorator.py
[2025-04-30T01:00:31.594+0000] {logging_mixin.py:190} INFO - [2025-04-30T01:00:31.594+0000] {dag.py:3211} INFO - Sync 1 DAGs
[2025-04-30T01:00:31.623+0000] {logging_mixin.py:190} INFO - [2025-04-30T01:00:31.623+0000] {dag.py:4138} INFO - Setting next_dagrun for example_short_circuit_decorator to 2025-04-29 00:00:00+00:00, run_after=2025-04-30 00:00:00+00:00
[2025-04-30T01:00:31.645+0000] {processor.py:208} INFO - Processing /home/airflow/.local/lib/python3.12/site-packages/airflow/example_dags/example_short_circuit_decorator.py took 0.105 seconds
[2025-04-30T01:01:03.008+0000] {processor.py:186} INFO - Started process (PID=2904) to work on /home/airflow/.local/lib/python3.12/site-packages/airflow/example_dags/example_short_circuit_decorator.py
[2025-04-30T01:01:03.009+0000] {processor.py:914} INFO - Processing file /home/airflow/.local/lib/python3.12/site-packages/airflow/example_dags/example_short_circuit_decorator.py for tasks to queue
[2025-04-30T01:01:03.011+0000] {logging_mixin.py:190} INFO - [2025-04-30T01:01:03.011+0000] {dagbag.py:587} INFO - Filling up the DagBag from /home/airflow/.local/lib/python3.12/site-packages/airflow/example_dags/example_short_circuit_decorator.py
[2025-04-30T01:01:03.023+0000] {processor.py:925} INFO - DAG(s) 'example_short_circuit_decorator' retrieved from /home/airflow/.local/lib/python3.12/site-packages/airflow/example_dags/example_short_circuit_decorator.py
[2025-04-30T01:01:03.048+0000] {logging_mixin.py:190} INFO - [2025-04-30T01:01:03.048+0000] {dag.py:3211} INFO - Sync 1 DAGs
[2025-04-30T01:01:03.072+0000] {logging_mixin.py:190} INFO - [2025-04-30T01:01:03.072+0000] {dag.py:4138} INFO - Setting next_dagrun for example_short_circuit_decorator to 2025-04-29 00:00:00+00:00, run_after=2025-04-30 00:00:00+00:00
[2025-04-30T01:01:03.288+0000] {processor.py:208} INFO - Processing /home/airflow/.local/lib/python3.12/site-packages/airflow/example_dags/example_short_circuit_decorator.py took 0.286 seconds
[2025-04-30T01:01:34.882+0000] {processor.py:186} INFO - Started process (PID=2976) to work on /home/airflow/.local/lib/python3.12/site-packages/airflow/example_dags/example_short_circuit_decorator.py
[2025-04-30T01:01:34.883+0000] {processor.py:914} INFO - Processing file /home/airflow/.local/lib/python3.12/site-packages/airflow/example_dags/example_short_circuit_decorator.py for tasks to queue
[2025-04-30T01:01:34.885+0000] {logging_mixin.py:190} INFO - [2025-04-30T01:01:34.884+0000] {dagbag.py:587} INFO - Filling up the DagBag from /home/airflow/.local/lib/python3.12/site-packages/airflow/example_dags/example_short_circuit_decorator.py
[2025-04-30T01:01:34.901+0000] {processor.py:925} INFO - DAG(s) 'example_short_circuit_decorator' retrieved from /home/airflow/.local/lib/python3.12/site-packages/airflow/example_dags/example_short_circuit_decorator.py
[2025-04-30T01:01:34.931+0000] {logging_mixin.py:190} INFO - [2025-04-30T01:01:34.931+0000] {dag.py:3211} INFO - Sync 1 DAGs
[2025-04-30T01:01:34.962+0000] {logging_mixin.py:190} INFO - [2025-04-30T01:01:34.962+0000] {dag.py:4138} INFO - Setting next_dagrun for example_short_circuit_decorator to 2025-04-29 00:00:00+00:00, run_after=2025-04-30 00:00:00+00:00
[2025-04-30T01:01:34.990+0000] {processor.py:208} INFO - Processing /home/airflow/.local/lib/python3.12/site-packages/airflow/example_dags/example_short_circuit_decorator.py took 0.116 seconds
[2025-04-30T01:02:06.409+0000] {processor.py:186} INFO - Started process (PID=3044) to work on /home/airflow/.local/lib/python3.12/site-packages/airflow/example_dags/example_short_circuit_decorator.py
[2025-04-30T01:02:06.410+0000] {processor.py:914} INFO - Processing file /home/airflow/.local/lib/python3.12/site-packages/airflow/example_dags/example_short_circuit_decorator.py for tasks to queue
[2025-04-30T01:02:06.412+0000] {logging_mixin.py:190} INFO - [2025-04-30T01:02:06.411+0000] {dagbag.py:587} INFO - Filling up the DagBag from /home/airflow/.local/lib/python3.12/site-packages/airflow/example_dags/example_short_circuit_decorator.py
[2025-04-30T01:02:06.423+0000] {processor.py:925} INFO - DAG(s) 'example_short_circuit_decorator' retrieved from /home/airflow/.local/lib/python3.12/site-packages/airflow/example_dags/example_short_circuit_decorator.py
[2025-04-30T01:02:06.447+0000] {logging_mixin.py:190} INFO - [2025-04-30T01:02:06.447+0000] {dag.py:3211} INFO - Sync 1 DAGs
[2025-04-30T01:02:06.471+0000] {logging_mixin.py:190} INFO - [2025-04-30T01:02:06.471+0000] {dag.py:4138} INFO - Setting next_dagrun for example_short_circuit_decorator to 2025-04-29 00:00:00+00:00, run_after=2025-04-30 00:00:00+00:00
[2025-04-30T01:02:06.493+0000] {processor.py:208} INFO - Processing /home/airflow/.local/lib/python3.12/site-packages/airflow/example_dags/example_short_circuit_decorator.py took 0.089 seconds
[2025-04-30T01:02:36.927+0000] {processor.py:186} INFO - Started process (PID=3107) to work on /home/airflow/.local/lib/python3.12/site-packages/airflow/example_dags/example_short_circuit_decorator.py
[2025-04-30T01:02:36.928+0000] {processor.py:914} INFO - Processing file /home/airflow/.local/lib/python3.12/site-packages/airflow/example_dags/example_short_circuit_decorator.py for tasks to queue
[2025-04-30T01:02:36.930+0000] {logging_mixin.py:190} INFO - [2025-04-30T01:02:36.930+0000] {dagbag.py:587} INFO - Filling up the DagBag from /home/airflow/.local/lib/python3.12/site-packages/airflow/example_dags/example_short_circuit_decorator.py
[2025-04-30T01:02:36.947+0000] {processor.py:925} INFO - DAG(s) 'example_short_circuit_decorator' retrieved from /home/airflow/.local/lib/python3.12/site-packages/airflow/example_dags/example_short_circuit_decorator.py
[2025-04-30T01:02:36.981+0000] {logging_mixin.py:190} INFO - [2025-04-30T01:02:36.981+0000] {dag.py:3211} INFO - Sync 1 DAGs
[2025-04-30T01:02:37.011+0000] {logging_mixin.py:190} INFO - [2025-04-30T01:02:37.011+0000] {dag.py:4138} INFO - Setting next_dagrun for example_short_circuit_decorator to 2025-04-29 00:00:00+00:00, run_after=2025-04-30 00:00:00+00:00
[2025-04-30T01:02:37.035+0000] {processor.py:208} INFO - Processing /home/airflow/.local/lib/python3.12/site-packages/airflow/example_dags/example_short_circuit_decorator.py took 0.117 seconds
[2025-04-30T01:03:08.398+0000] {processor.py:186} INFO - Started process (PID=3174) to work on /home/airflow/.local/lib/python3.12/site-packages/airflow/example_dags/example_short_circuit_decorator.py
[2025-04-30T01:03:08.400+0000] {processor.py:914} INFO - Processing file /home/airflow/.local/lib/python3.12/site-packages/airflow/example_dags/example_short_circuit_decorator.py for tasks to queue
[2025-04-30T01:03:08.402+0000] {logging_mixin.py:190} INFO - [2025-04-30T01:03:08.401+0000] {dagbag.py:587} INFO - Filling up the DagBag from /home/airflow/.local/lib/python3.12/site-packages/airflow/example_dags/example_short_circuit_decorator.py
[2025-04-30T01:03:08.416+0000] {processor.py:925} INFO - DAG(s) 'example_short_circuit_decorator' retrieved from /home/airflow/.local/lib/python3.12/site-packages/airflow/example_dags/example_short_circuit_decorator.py
[2025-04-30T01:03:08.446+0000] {logging_mixin.py:190} INFO - [2025-04-30T01:03:08.446+0000] {dag.py:3211} INFO - Sync 1 DAGs
[2025-04-30T01:03:08.477+0000] {logging_mixin.py:190} INFO - [2025-04-30T01:03:08.477+0000] {dag.py:4138} INFO - Setting next_dagrun for example_short_circuit_decorator to 2025-04-29 00:00:00+00:00, run_after=2025-04-30 00:00:00+00:00
[2025-04-30T01:03:08.501+0000] {processor.py:208} INFO - Processing /home/airflow/.local/lib/python3.12/site-packages/airflow/example_dags/example_short_circuit_decorator.py took 0.110 seconds
[2025-04-30T01:03:40.555+0000] {processor.py:186} INFO - Started process (PID=3239) to work on /home/airflow/.local/lib/python3.12/site-packages/airflow/example_dags/example_short_circuit_decorator.py
[2025-04-30T01:03:40.556+0000] {processor.py:914} INFO - Processing file /home/airflow/.local/lib/python3.12/site-packages/airflow/example_dags/example_short_circuit_decorator.py for tasks to queue
[2025-04-30T01:03:40.559+0000] {logging_mixin.py:190} INFO - [2025-04-30T01:03:40.558+0000] {dagbag.py:587} INFO - Filling up the DagBag from /home/airflow/.local/lib/python3.12/site-packages/airflow/example_dags/example_short_circuit_decorator.py
[2025-04-30T01:03:40.573+0000] {processor.py:925} INFO - DAG(s) 'example_short_circuit_decorator' retrieved from /home/airflow/.local/lib/python3.12/site-packages/airflow/example_dags/example_short_circuit_decorator.py
[2025-04-30T01:03:40.610+0000] {logging_mixin.py:190} INFO - [2025-04-30T01:03:40.610+0000] {dag.py:3211} INFO - Sync 1 DAGs
[2025-04-30T01:03:40.820+0000] {logging_mixin.py:190} INFO - [2025-04-30T01:03:40.820+0000] {dag.py:4138} INFO - Setting next_dagrun for example_short_circuit_decorator to 2025-04-29 00:00:00+00:00, run_after=2025-04-30 00:00:00+00:00
[2025-04-30T01:03:40.852+0000] {processor.py:208} INFO - Processing /home/airflow/.local/lib/python3.12/site-packages/airflow/example_dags/example_short_circuit_decorator.py took 0.306 seconds
[2025-04-30T01:04:10.936+0000] {processor.py:186} INFO - Started process (PID=3302) to work on /home/airflow/.local/lib/python3.12/site-packages/airflow/example_dags/example_short_circuit_decorator.py
[2025-04-30T01:04:10.938+0000] {processor.py:914} INFO - Processing file /home/airflow/.local/lib/python3.12/site-packages/airflow/example_dags/example_short_circuit_decorator.py for tasks to queue
[2025-04-30T01:04:10.939+0000] {logging_mixin.py:190} INFO - [2025-04-30T01:04:10.939+0000] {dagbag.py:587} INFO - Filling up the DagBag from /home/airflow/.local/lib/python3.12/site-packages/airflow/example_dags/example_short_circuit_decorator.py
[2025-04-30T01:04:10.954+0000] {processor.py:925} INFO - DAG(s) 'example_short_circuit_decorator' retrieved from /home/airflow/.local/lib/python3.12/site-packages/airflow/example_dags/example_short_circuit_decorator.py
[2025-04-30T01:04:10.983+0000] {logging_mixin.py:190} INFO - [2025-04-30T01:04:10.982+0000] {dag.py:3211} INFO - Sync 1 DAGs
[2025-04-30T01:04:11.199+0000] {logging_mixin.py:190} INFO - [2025-04-30T01:04:11.199+0000] {dag.py:4138} INFO - Setting next_dagrun for example_short_circuit_decorator to 2025-04-29 00:00:00+00:00, run_after=2025-04-30 00:00:00+00:00
[2025-04-30T01:04:11.225+0000] {processor.py:208} INFO - Processing /home/airflow/.local/lib/python3.12/site-packages/airflow/example_dags/example_short_circuit_decorator.py took 0.296 seconds
[2025-04-30T01:04:41.628+0000] {processor.py:186} INFO - Started process (PID=3365) to work on /home/airflow/.local/lib/python3.12/site-packages/airflow/example_dags/example_short_circuit_decorator.py
[2025-04-30T01:04:41.629+0000] {processor.py:914} INFO - Processing file /home/airflow/.local/lib/python3.12/site-packages/airflow/example_dags/example_short_circuit_decorator.py for tasks to queue
[2025-04-30T01:04:41.631+0000] {logging_mixin.py:190} INFO - [2025-04-30T01:04:41.631+0000] {dagbag.py:587} INFO - Filling up the DagBag from /home/airflow/.local/lib/python3.12/site-packages/airflow/example_dags/example_short_circuit_decorator.py
[2025-04-30T01:04:41.648+0000] {processor.py:925} INFO - DAG(s) 'example_short_circuit_decorator' retrieved from /home/airflow/.local/lib/python3.12/site-packages/airflow/example_dags/example_short_circuit_decorator.py
[2025-04-30T01:04:41.680+0000] {logging_mixin.py:190} INFO - [2025-04-30T01:04:41.679+0000] {dag.py:3211} INFO - Sync 1 DAGs
[2025-04-30T01:04:41.712+0000] {logging_mixin.py:190} INFO - [2025-04-30T01:04:41.712+0000] {dag.py:4138} INFO - Setting next_dagrun for example_short_circuit_decorator to 2025-04-29 00:00:00+00:00, run_after=2025-04-30 00:00:00+00:00
[2025-04-30T01:04:41.739+0000] {processor.py:208} INFO - Processing /home/airflow/.local/lib/python3.12/site-packages/airflow/example_dags/example_short_circuit_decorator.py took 0.119 seconds
[2025-04-30T01:05:12.333+0000] {processor.py:186} INFO - Started process (PID=3428) to work on /home/airflow/.local/lib/python3.12/site-packages/airflow/example_dags/example_short_circuit_decorator.py
[2025-04-30T01:05:12.334+0000] {processor.py:914} INFO - Processing file /home/airflow/.local/lib/python3.12/site-packages/airflow/example_dags/example_short_circuit_decorator.py for tasks to queue
[2025-04-30T01:05:12.336+0000] {logging_mixin.py:190} INFO - [2025-04-30T01:05:12.335+0000] {dagbag.py:587} INFO - Filling up the DagBag from /home/airflow/.local/lib/python3.12/site-packages/airflow/example_dags/example_short_circuit_decorator.py
[2025-04-30T01:05:12.346+0000] {processor.py:925} INFO - DAG(s) 'example_short_circuit_decorator' retrieved from /home/airflow/.local/lib/python3.12/site-packages/airflow/example_dags/example_short_circuit_decorator.py
[2025-04-30T01:05:12.370+0000] {logging_mixin.py:190} INFO - [2025-04-30T01:05:12.369+0000] {dag.py:3211} INFO - Sync 1 DAGs
[2025-04-30T01:05:12.395+0000] {logging_mixin.py:190} INFO - [2025-04-30T01:05:12.395+0000] {dag.py:4138} INFO - Setting next_dagrun for example_short_circuit_decorator to 2025-04-29 00:00:00+00:00, run_after=2025-04-30 00:00:00+00:00
[2025-04-30T01:05:12.416+0000] {processor.py:208} INFO - Processing /home/airflow/.local/lib/python3.12/site-packages/airflow/example_dags/example_short_circuit_decorator.py took 0.089 seconds
[2025-04-30T01:05:43.073+0000] {processor.py:186} INFO - Started process (PID=3491) to work on /home/airflow/.local/lib/python3.12/site-packages/airflow/example_dags/example_short_circuit_decorator.py
[2025-04-30T01:05:43.074+0000] {processor.py:914} INFO - Processing file /home/airflow/.local/lib/python3.12/site-packages/airflow/example_dags/example_short_circuit_decorator.py for tasks to queue
[2025-04-30T01:05:43.075+0000] {logging_mixin.py:190} INFO - [2025-04-30T01:05:43.075+0000] {dagbag.py:587} INFO - Filling up the DagBag from /home/airflow/.local/lib/python3.12/site-packages/airflow/example_dags/example_short_circuit_decorator.py
[2025-04-30T01:05:43.090+0000] {processor.py:925} INFO - DAG(s) 'example_short_circuit_decorator' retrieved from /home/airflow/.local/lib/python3.12/site-packages/airflow/example_dags/example_short_circuit_decorator.py
[2025-04-30T01:05:43.118+0000] {logging_mixin.py:190} INFO - [2025-04-30T01:05:43.118+0000] {dag.py:3211} INFO - Sync 1 DAGs
[2025-04-30T01:05:43.150+0000] {logging_mixin.py:190} INFO - [2025-04-30T01:05:43.149+0000] {dag.py:4138} INFO - Setting next_dagrun for example_short_circuit_decorator to 2025-04-29 00:00:00+00:00, run_after=2025-04-30 00:00:00+00:00
[2025-04-30T01:05:43.174+0000] {processor.py:208} INFO - Processing /home/airflow/.local/lib/python3.12/site-packages/airflow/example_dags/example_short_circuit_decorator.py took 0.108 seconds
[2025-04-30T01:06:13.915+0000] {processor.py:186} INFO - Started process (PID=3554) to work on /home/airflow/.local/lib/python3.12/site-packages/airflow/example_dags/example_short_circuit_decorator.py
[2025-04-30T01:06:13.916+0000] {processor.py:914} INFO - Processing file /home/airflow/.local/lib/python3.12/site-packages/airflow/example_dags/example_short_circuit_decorator.py for tasks to queue
[2025-04-30T01:06:13.918+0000] {logging_mixin.py:190} INFO - [2025-04-30T01:06:13.917+0000] {dagbag.py:587} INFO - Filling up the DagBag from /home/airflow/.local/lib/python3.12/site-packages/airflow/example_dags/example_short_circuit_decorator.py
[2025-04-30T01:06:13.933+0000] {processor.py:925} INFO - DAG(s) 'example_short_circuit_decorator' retrieved from /home/airflow/.local/lib/python3.12/site-packages/airflow/example_dags/example_short_circuit_decorator.py
[2025-04-30T01:06:13.959+0000] {logging_mixin.py:190} INFO - [2025-04-30T01:06:13.959+0000] {dag.py:3211} INFO - Sync 1 DAGs
[2025-04-30T01:06:13.987+0000] {logging_mixin.py:190} INFO - [2025-04-30T01:06:13.987+0000] {dag.py:4138} INFO - Setting next_dagrun for example_short_circuit_decorator to 2025-04-29 00:00:00+00:00, run_after=2025-04-30 00:00:00+00:00
[2025-04-30T01:06:14.011+0000] {processor.py:208} INFO - Processing /home/airflow/.local/lib/python3.12/site-packages/airflow/example_dags/example_short_circuit_decorator.py took 0.103 seconds
[2025-04-30T01:06:44.540+0000] {processor.py:186} INFO - Started process (PID=3617) to work on /home/airflow/.local/lib/python3.12/site-packages/airflow/example_dags/example_short_circuit_decorator.py
[2025-04-30T01:06:44.541+0000] {processor.py:914} INFO - Processing file /home/airflow/.local/lib/python3.12/site-packages/airflow/example_dags/example_short_circuit_decorator.py for tasks to queue
[2025-04-30T01:06:44.543+0000] {logging_mixin.py:190} INFO - [2025-04-30T01:06:44.542+0000] {dagbag.py:587} INFO - Filling up the DagBag from /home/airflow/.local/lib/python3.12/site-packages/airflow/example_dags/example_short_circuit_decorator.py
[2025-04-30T01:06:44.559+0000] {processor.py:925} INFO - DAG(s) 'example_short_circuit_decorator' retrieved from /home/airflow/.local/lib/python3.12/site-packages/airflow/example_dags/example_short_circuit_decorator.py
[2025-04-30T01:06:44.592+0000] {logging_mixin.py:190} INFO - [2025-04-30T01:06:44.592+0000] {dag.py:3211} INFO - Sync 1 DAGs
[2025-04-30T01:06:44.626+0000] {logging_mixin.py:190} INFO - [2025-04-30T01:06:44.626+0000] {dag.py:4138} INFO - Setting next_dagrun for example_short_circuit_decorator to 2025-04-29 00:00:00+00:00, run_after=2025-04-30 00:00:00+00:00
[2025-04-30T01:06:44.653+0000] {processor.py:208} INFO - Processing /home/airflow/.local/lib/python3.12/site-packages/airflow/example_dags/example_short_circuit_decorator.py took 0.122 seconds
[2025-04-30T01:07:14.648+0000] {processor.py:186} INFO - Started process (PID=3680) to work on /home/airflow/.local/lib/python3.12/site-packages/airflow/example_dags/example_short_circuit_decorator.py
[2025-04-30T01:07:14.649+0000] {processor.py:914} INFO - Processing file /home/airflow/.local/lib/python3.12/site-packages/airflow/example_dags/example_short_circuit_decorator.py for tasks to queue
[2025-04-30T01:07:14.651+0000] {logging_mixin.py:190} INFO - [2025-04-30T01:07:14.650+0000] {dagbag.py:587} INFO - Filling up the DagBag from /home/airflow/.local/lib/python3.12/site-packages/airflow/example_dags/example_short_circuit_decorator.py
[2025-04-30T01:07:14.667+0000] {processor.py:925} INFO - DAG(s) 'example_short_circuit_decorator' retrieved from /home/airflow/.local/lib/python3.12/site-packages/airflow/example_dags/example_short_circuit_decorator.py
[2025-04-30T01:07:14.695+0000] {logging_mixin.py:190} INFO - [2025-04-30T01:07:14.694+0000] {dag.py:3211} INFO - Sync 1 DAGs
[2025-04-30T01:07:14.724+0000] {logging_mixin.py:190} INFO - [2025-04-30T01:07:14.723+0000] {dag.py:4138} INFO - Setting next_dagrun for example_short_circuit_decorator to 2025-04-29 00:00:00+00:00, run_after=2025-04-30 00:00:00+00:00
[2025-04-30T01:07:14.748+0000] {processor.py:208} INFO - Processing /home/airflow/.local/lib/python3.12/site-packages/airflow/example_dags/example_short_circuit_decorator.py took 0.108 seconds
[2025-04-30T01:07:45.667+0000] {processor.py:186} INFO - Started process (PID=3743) to work on /home/airflow/.local/lib/python3.12/site-packages/airflow/example_dags/example_short_circuit_decorator.py
[2025-04-30T01:07:45.668+0000] {processor.py:914} INFO - Processing file /home/airflow/.local/lib/python3.12/site-packages/airflow/example_dags/example_short_circuit_decorator.py for tasks to queue
[2025-04-30T01:07:45.670+0000] {logging_mixin.py:190} INFO - [2025-04-30T01:07:45.670+0000] {dagbag.py:587} INFO - Filling up the DagBag from /home/airflow/.local/lib/python3.12/site-packages/airflow/example_dags/example_short_circuit_decorator.py
[2025-04-30T01:07:45.684+0000] {processor.py:925} INFO - DAG(s) 'example_short_circuit_decorator' retrieved from /home/airflow/.local/lib/python3.12/site-packages/airflow/example_dags/example_short_circuit_decorator.py
[2025-04-30T01:07:45.715+0000] {logging_mixin.py:190} INFO - [2025-04-30T01:07:45.714+0000] {dag.py:3211} INFO - Sync 1 DAGs
[2025-04-30T01:07:45.745+0000] {logging_mixin.py:190} INFO - [2025-04-30T01:07:45.745+0000] {dag.py:4138} INFO - Setting next_dagrun for example_short_circuit_decorator to 2025-04-29 00:00:00+00:00, run_after=2025-04-30 00:00:00+00:00
[2025-04-30T01:07:45.770+0000] {processor.py:208} INFO - Processing /home/airflow/.local/lib/python3.12/site-packages/airflow/example_dags/example_short_circuit_decorator.py took 0.110 seconds
[2025-04-30T01:08:16.619+0000] {processor.py:186} INFO - Started process (PID=3806) to work on /home/airflow/.local/lib/python3.12/site-packages/airflow/example_dags/example_short_circuit_decorator.py
[2025-04-30T01:08:16.621+0000] {processor.py:914} INFO - Processing file /home/airflow/.local/lib/python3.12/site-packages/airflow/example_dags/example_short_circuit_decorator.py for tasks to queue
[2025-04-30T01:08:16.623+0000] {logging_mixin.py:190} INFO - [2025-04-30T01:08:16.622+0000] {dagbag.py:587} INFO - Filling up the DagBag from /home/airflow/.local/lib/python3.12/site-packages/airflow/example_dags/example_short_circuit_decorator.py
[2025-04-30T01:08:16.636+0000] {processor.py:925} INFO - DAG(s) 'example_short_circuit_decorator' retrieved from /home/airflow/.local/lib/python3.12/site-packages/airflow/example_dags/example_short_circuit_decorator.py
[2025-04-30T01:08:16.662+0000] {logging_mixin.py:190} INFO - [2025-04-30T01:08:16.661+0000] {dag.py:3211} INFO - Sync 1 DAGs
[2025-04-30T01:08:16.687+0000] {logging_mixin.py:190} INFO - [2025-04-30T01:08:16.687+0000] {dag.py:4138} INFO - Setting next_dagrun for example_short_circuit_decorator to 2025-04-29 00:00:00+00:00, run_after=2025-04-30 00:00:00+00:00
[2025-04-30T01:08:16.710+0000] {processor.py:208} INFO - Processing /home/airflow/.local/lib/python3.12/site-packages/airflow/example_dags/example_short_circuit_decorator.py took 0.097 seconds
[2025-04-30T01:08:47.518+0000] {processor.py:186} INFO - Started process (PID=3868) to work on /home/airflow/.local/lib/python3.12/site-packages/airflow/example_dags/example_short_circuit_decorator.py
[2025-04-30T01:08:47.519+0000] {processor.py:914} INFO - Processing file /home/airflow/.local/lib/python3.12/site-packages/airflow/example_dags/example_short_circuit_decorator.py for tasks to queue
[2025-04-30T01:08:47.521+0000] {logging_mixin.py:190} INFO - [2025-04-30T01:08:47.520+0000] {dagbag.py:587} INFO - Filling up the DagBag from /home/airflow/.local/lib/python3.12/site-packages/airflow/example_dags/example_short_circuit_decorator.py
[2025-04-30T01:08:47.537+0000] {processor.py:925} INFO - DAG(s) 'example_short_circuit_decorator' retrieved from /home/airflow/.local/lib/python3.12/site-packages/airflow/example_dags/example_short_circuit_decorator.py
[2025-04-30T01:08:47.567+0000] {logging_mixin.py:190} INFO - [2025-04-30T01:08:47.567+0000] {dag.py:3211} INFO - Sync 1 DAGs
[2025-04-30T01:08:47.599+0000] {logging_mixin.py:190} INFO - [2025-04-30T01:08:47.599+0000] {dag.py:4138} INFO - Setting next_dagrun for example_short_circuit_decorator to 2025-04-29 00:00:00+00:00, run_after=2025-04-30 00:00:00+00:00
[2025-04-30T01:08:47.629+0000] {processor.py:208} INFO - Processing /home/airflow/.local/lib/python3.12/site-packages/airflow/example_dags/example_short_circuit_decorator.py took 0.118 seconds
[2025-04-30T01:09:17.819+0000] {processor.py:186} INFO - Started process (PID=3930) to work on /home/airflow/.local/lib/python3.12/site-packages/airflow/example_dags/example_short_circuit_decorator.py
[2025-04-30T01:09:17.820+0000] {processor.py:914} INFO - Processing file /home/airflow/.local/lib/python3.12/site-packages/airflow/example_dags/example_short_circuit_decorator.py for tasks to queue
[2025-04-30T01:09:17.822+0000] {logging_mixin.py:190} INFO - [2025-04-30T01:09:17.821+0000] {dagbag.py:587} INFO - Filling up the DagBag from /home/airflow/.local/lib/python3.12/site-packages/airflow/example_dags/example_short_circuit_decorator.py
[2025-04-30T01:09:17.835+0000] {processor.py:925} INFO - DAG(s) 'example_short_circuit_decorator' retrieved from /home/airflow/.local/lib/python3.12/site-packages/airflow/example_dags/example_short_circuit_decorator.py
[2025-04-30T01:09:17.864+0000] {logging_mixin.py:190} INFO - [2025-04-30T01:09:17.863+0000] {dag.py:3211} INFO - Sync 1 DAGs
[2025-04-30T01:09:17.893+0000] {logging_mixin.py:190} INFO - [2025-04-30T01:09:17.893+0000] {dag.py:4138} INFO - Setting next_dagrun for example_short_circuit_decorator to 2025-04-29 00:00:00+00:00, run_after=2025-04-30 00:00:00+00:00
[2025-04-30T01:09:17.921+0000] {processor.py:208} INFO - Processing /home/airflow/.local/lib/python3.12/site-packages/airflow/example_dags/example_short_circuit_decorator.py took 0.108 seconds
[2025-04-30T01:09:48.163+0000] {processor.py:186} INFO - Started process (PID=3998) to work on /home/airflow/.local/lib/python3.12/site-packages/airflow/example_dags/example_short_circuit_decorator.py
[2025-04-30T01:09:48.165+0000] {processor.py:914} INFO - Processing file /home/airflow/.local/lib/python3.12/site-packages/airflow/example_dags/example_short_circuit_decorator.py for tasks to queue
[2025-04-30T01:09:48.166+0000] {logging_mixin.py:190} INFO - [2025-04-30T01:09:48.166+0000] {dagbag.py:587} INFO - Filling up the DagBag from /home/airflow/.local/lib/python3.12/site-packages/airflow/example_dags/example_short_circuit_decorator.py
[2025-04-30T01:09:48.178+0000] {processor.py:925} INFO - DAG(s) 'example_short_circuit_decorator' retrieved from /home/airflow/.local/lib/python3.12/site-packages/airflow/example_dags/example_short_circuit_decorator.py
[2025-04-30T01:09:48.205+0000] {logging_mixin.py:190} INFO - [2025-04-30T01:09:48.205+0000] {dag.py:3211} INFO - Sync 1 DAGs
[2025-04-30T01:09:48.231+0000] {logging_mixin.py:190} INFO - [2025-04-30T01:09:48.231+0000] {dag.py:4138} INFO - Setting next_dagrun for example_short_circuit_decorator to 2025-04-29 00:00:00+00:00, run_after=2025-04-30 00:00:00+00:00
[2025-04-30T01:09:48.253+0000] {processor.py:208} INFO - Processing /home/airflow/.local/lib/python3.12/site-packages/airflow/example_dags/example_short_circuit_decorator.py took 0.100 seconds
[2025-04-30T01:10:18.745+0000] {processor.py:186} INFO - Started process (PID=4060) to work on /home/airflow/.local/lib/python3.12/site-packages/airflow/example_dags/example_short_circuit_decorator.py
[2025-04-30T01:10:18.747+0000] {processor.py:914} INFO - Processing file /home/airflow/.local/lib/python3.12/site-packages/airflow/example_dags/example_short_circuit_decorator.py for tasks to queue
[2025-04-30T01:10:18.749+0000] {logging_mixin.py:190} INFO - [2025-04-30T01:10:18.748+0000] {dagbag.py:587} INFO - Filling up the DagBag from /home/airflow/.local/lib/python3.12/site-packages/airflow/example_dags/example_short_circuit_decorator.py
[2025-04-30T01:10:18.766+0000] {processor.py:925} INFO - DAG(s) 'example_short_circuit_decorator' retrieved from /home/airflow/.local/lib/python3.12/site-packages/airflow/example_dags/example_short_circuit_decorator.py
[2025-04-30T01:10:18.796+0000] {logging_mixin.py:190} INFO - [2025-04-30T01:10:18.795+0000] {dag.py:3211} INFO - Sync 1 DAGs
[2025-04-30T01:10:18.828+0000] {logging_mixin.py:190} INFO - [2025-04-30T01:10:18.828+0000] {dag.py:4138} INFO - Setting next_dagrun for example_short_circuit_decorator to 2025-04-29 00:00:00+00:00, run_after=2025-04-30 00:00:00+00:00
[2025-04-30T01:10:18.850+0000] {processor.py:208} INFO - Processing /home/airflow/.local/lib/python3.12/site-packages/airflow/example_dags/example_short_circuit_decorator.py took 0.112 seconds
[2025-04-30T01:10:49.777+0000] {processor.py:186} INFO - Started process (PID=4122) to work on /home/airflow/.local/lib/python3.12/site-packages/airflow/example_dags/example_short_circuit_decorator.py
[2025-04-30T01:10:49.778+0000] {processor.py:914} INFO - Processing file /home/airflow/.local/lib/python3.12/site-packages/airflow/example_dags/example_short_circuit_decorator.py for tasks to queue
[2025-04-30T01:10:49.780+0000] {logging_mixin.py:190} INFO - [2025-04-30T01:10:49.779+0000] {dagbag.py:587} INFO - Filling up the DagBag from /home/airflow/.local/lib/python3.12/site-packages/airflow/example_dags/example_short_circuit_decorator.py
[2025-04-30T01:10:49.792+0000] {processor.py:925} INFO - DAG(s) 'example_short_circuit_decorator' retrieved from /home/airflow/.local/lib/python3.12/site-packages/airflow/example_dags/example_short_circuit_decorator.py
[2025-04-30T01:10:49.817+0000] {logging_mixin.py:190} INFO - [2025-04-30T01:10:49.816+0000] {dag.py:3211} INFO - Sync 1 DAGs
[2025-04-30T01:10:49.842+0000] {logging_mixin.py:190} INFO - [2025-04-30T01:10:49.841+0000] {dag.py:4138} INFO - Setting next_dagrun for example_short_circuit_decorator to 2025-04-29 00:00:00+00:00, run_after=2025-04-30 00:00:00+00:00
[2025-04-30T01:10:49.863+0000] {processor.py:208} INFO - Processing /home/airflow/.local/lib/python3.12/site-packages/airflow/example_dags/example_short_circuit_decorator.py took 0.091 seconds
[2025-04-30T01:11:20.560+0000] {processor.py:186} INFO - Started process (PID=4184) to work on /home/airflow/.local/lib/python3.12/site-packages/airflow/example_dags/example_short_circuit_decorator.py
[2025-04-30T01:11:20.562+0000] {processor.py:914} INFO - Processing file /home/airflow/.local/lib/python3.12/site-packages/airflow/example_dags/example_short_circuit_decorator.py for tasks to queue
[2025-04-30T01:11:20.564+0000] {logging_mixin.py:190} INFO - [2025-04-30T01:11:20.563+0000] {dagbag.py:587} INFO - Filling up the DagBag from /home/airflow/.local/lib/python3.12/site-packages/airflow/example_dags/example_short_circuit_decorator.py
[2025-04-30T01:11:20.581+0000] {processor.py:925} INFO - DAG(s) 'example_short_circuit_decorator' retrieved from /home/airflow/.local/lib/python3.12/site-packages/airflow/example_dags/example_short_circuit_decorator.py
[2025-04-30T01:11:20.619+0000] {logging_mixin.py:190} INFO - [2025-04-30T01:11:20.619+0000] {dag.py:3211} INFO - Sync 1 DAGs
[2025-04-30T01:11:20.658+0000] {logging_mixin.py:190} INFO - [2025-04-30T01:11:20.658+0000] {dag.py:4138} INFO - Setting next_dagrun for example_short_circuit_decorator to 2025-04-29 00:00:00+00:00, run_after=2025-04-30 00:00:00+00:00
[2025-04-30T01:11:20.688+0000] {processor.py:208} INFO - Processing /home/airflow/.local/lib/python3.12/site-packages/airflow/example_dags/example_short_circuit_decorator.py took 0.137 seconds
[2025-04-30T01:11:51.521+0000] {processor.py:186} INFO - Started process (PID=4246) to work on /home/airflow/.local/lib/python3.12/site-packages/airflow/example_dags/example_short_circuit_decorator.py
[2025-04-30T01:11:51.523+0000] {processor.py:914} INFO - Processing file /home/airflow/.local/lib/python3.12/site-packages/airflow/example_dags/example_short_circuit_decorator.py for tasks to queue
[2025-04-30T01:11:51.525+0000] {logging_mixin.py:190} INFO - [2025-04-30T01:11:51.525+0000] {dagbag.py:587} INFO - Filling up the DagBag from /home/airflow/.local/lib/python3.12/site-packages/airflow/example_dags/example_short_circuit_decorator.py
[2025-04-30T01:11:51.545+0000] {processor.py:925} INFO - DAG(s) 'example_short_circuit_decorator' retrieved from /home/airflow/.local/lib/python3.12/site-packages/airflow/example_dags/example_short_circuit_decorator.py
[2025-04-30T01:11:51.587+0000] {logging_mixin.py:190} INFO - [2025-04-30T01:11:51.587+0000] {dag.py:3211} INFO - Sync 1 DAGs
[2025-04-30T01:11:51.629+0000] {logging_mixin.py:190} INFO - [2025-04-30T01:11:51.628+0000] {dag.py:4138} INFO - Setting next_dagrun for example_short_circuit_decorator to 2025-04-29 00:00:00+00:00, run_after=2025-04-30 00:00:00+00:00
[2025-04-30T01:11:51.659+0000] {processor.py:208} INFO - Processing /home/airflow/.local/lib/python3.12/site-packages/airflow/example_dags/example_short_circuit_decorator.py took 0.148 seconds
