[2025-04-30T00:30:47.834+0000] {processor.py:186} INFO - Started process (PID=81) to work on /home/airflow/.local/lib/python3.12/site-packages/airflow/example_dags/example_branch_python_dop_operator_3.py
[2025-04-30T00:30:47.836+0000] {processor.py:914} INFO - Processing file /home/airflow/.local/lib/python3.12/site-packages/airflow/example_dags/example_branch_python_dop_operator_3.py for tasks to queue
[2025-04-30T00:30:47.841+0000] {logging_mixin.py:190} INFO - [2025-04-30T00:30:47.840+0000] {dagbag.py:587} INFO - Filling up the DagBag from /home/airflow/.local/lib/python3.12/site-packages/airflow/example_dags/example_branch_python_dop_operator_3.py
[2025-04-30T00:30:47.862+0000] {processor.py:925} INFO - DAG(s) 'example_branch_dop_operator_v3' retrieved from /home/airflow/.local/lib/python3.12/site-packages/airflow/example_dags/example_branch_python_dop_operator_3.py
[2025-04-30T00:30:48.095+0000] {logging_mixin.py:190} INFO - [2025-04-30T00:30:48.094+0000] {override.py:1858} INFO - Created Permission View: can edit on DAG:example_branch_dop_operator_v3
[2025-04-30T00:30:48.116+0000] {logging_mixin.py:190} INFO - [2025-04-30T00:30:48.116+0000] {override.py:1858} INFO - Created Permission View: can read on DAG:example_branch_dop_operator_v3
[2025-04-30T00:30:48.130+0000] {logging_mixin.py:190} INFO - [2025-04-30T00:30:48.130+0000] {override.py:1858} INFO - Created Permission View: can delete on DAG:example_branch_dop_operator_v3
[2025-04-30T00:30:48.132+0000] {logging_mixin.py:190} INFO - [2025-04-30T00:30:48.131+0000] {dag.py:3211} INFO - Sync 1 DAGs
[2025-04-30T00:30:48.159+0000] {logging_mixin.py:190} INFO - [2025-04-30T00:30:48.158+0000] {dag.py:3234} INFO - Creating ORM DAG for example_branch_dop_operator_v3
[2025-04-30T00:30:48.188+0000] {logging_mixin.py:190} INFO - [2025-04-30T00:30:48.188+0000] {dag.py:4138} INFO - Setting next_dagrun for example_branch_dop_operator_v3 to 2025-04-30 00:29:00+00:00, run_after=2025-04-30 00:30:00+00:00
[2025-04-30T00:30:48.227+0000] {processor.py:208} INFO - Processing /home/airflow/.local/lib/python3.12/site-packages/airflow/example_dags/example_branch_python_dop_operator_3.py took 0.403 seconds
[2025-04-30T00:31:18.956+0000] {processor.py:186} INFO - Started process (PID=144) to work on /home/airflow/.local/lib/python3.12/site-packages/airflow/example_dags/example_branch_python_dop_operator_3.py
[2025-04-30T00:31:18.958+0000] {processor.py:914} INFO - Processing file /home/airflow/.local/lib/python3.12/site-packages/airflow/example_dags/example_branch_python_dop_operator_3.py for tasks to queue
[2025-04-30T00:31:18.963+0000] {logging_mixin.py:190} INFO - [2025-04-30T00:31:18.962+0000] {dagbag.py:587} INFO - Filling up the DagBag from /home/airflow/.local/lib/python3.12/site-packages/airflow/example_dags/example_branch_python_dop_operator_3.py
[2025-04-30T00:31:18.981+0000] {processor.py:925} INFO - DAG(s) 'example_branch_dop_operator_v3' retrieved from /home/airflow/.local/lib/python3.12/site-packages/airflow/example_dags/example_branch_python_dop_operator_3.py
[2025-04-30T00:31:19.019+0000] {logging_mixin.py:190} INFO - [2025-04-30T00:31:19.018+0000] {dag.py:3211} INFO - Sync 1 DAGs
[2025-04-30T00:31:19.073+0000] {logging_mixin.py:190} INFO - [2025-04-30T00:31:19.073+0000] {dag.py:4138} INFO - Setting next_dagrun for example_branch_dop_operator_v3 to 2025-04-30 00:30:00+00:00, run_after=2025-04-30 00:31:00+00:00
[2025-04-30T00:31:19.121+0000] {processor.py:208} INFO - Processing /home/airflow/.local/lib/python3.12/site-packages/airflow/example_dags/example_branch_python_dop_operator_3.py took 0.175 seconds
[2025-04-30T00:31:49.507+0000] {processor.py:186} INFO - Started process (PID=206) to work on /home/airflow/.local/lib/python3.12/site-packages/airflow/example_dags/example_branch_python_dop_operator_3.py
[2025-04-30T00:31:49.511+0000] {processor.py:914} INFO - Processing file /home/airflow/.local/lib/python3.12/site-packages/airflow/example_dags/example_branch_python_dop_operator_3.py for tasks to queue
[2025-04-30T00:31:49.517+0000] {logging_mixin.py:190} INFO - [2025-04-30T00:31:49.516+0000] {dagbag.py:587} INFO - Filling up the DagBag from /home/airflow/.local/lib/python3.12/site-packages/airflow/example_dags/example_branch_python_dop_operator_3.py
[2025-04-30T00:31:49.537+0000] {processor.py:925} INFO - DAG(s) 'example_branch_dop_operator_v3' retrieved from /home/airflow/.local/lib/python3.12/site-packages/airflow/example_dags/example_branch_python_dop_operator_3.py
[2025-04-30T00:31:49.575+0000] {logging_mixin.py:190} INFO - [2025-04-30T00:31:49.575+0000] {dag.py:3211} INFO - Sync 1 DAGs
[2025-04-30T00:31:49.628+0000] {logging_mixin.py:190} INFO - [2025-04-30T00:31:49.628+0000] {dag.py:4138} INFO - Setting next_dagrun for example_branch_dop_operator_v3 to 2025-04-30 00:30:00+00:00, run_after=2025-04-30 00:31:00+00:00
[2025-04-30T00:31:49.668+0000] {processor.py:208} INFO - Processing /home/airflow/.local/lib/python3.12/site-packages/airflow/example_dags/example_branch_python_dop_operator_3.py took 0.190 seconds
[2025-04-30T00:32:19.788+0000] {processor.py:186} INFO - Started process (PID=269) to work on /home/airflow/.local/lib/python3.12/site-packages/airflow/example_dags/example_branch_python_dop_operator_3.py
[2025-04-30T00:32:19.792+0000] {processor.py:914} INFO - Processing file /home/airflow/.local/lib/python3.12/site-packages/airflow/example_dags/example_branch_python_dop_operator_3.py for tasks to queue
[2025-04-30T00:32:19.797+0000] {logging_mixin.py:190} INFO - [2025-04-30T00:32:19.796+0000] {dagbag.py:587} INFO - Filling up the DagBag from /home/airflow/.local/lib/python3.12/site-packages/airflow/example_dags/example_branch_python_dop_operator_3.py
[2025-04-30T00:32:19.825+0000] {processor.py:925} INFO - DAG(s) 'example_branch_dop_operator_v3' retrieved from /home/airflow/.local/lib/python3.12/site-packages/airflow/example_dags/example_branch_python_dop_operator_3.py
[2025-04-30T00:32:19.869+0000] {logging_mixin.py:190} INFO - [2025-04-30T00:32:19.869+0000] {dag.py:3211} INFO - Sync 1 DAGs
[2025-04-30T00:32:19.922+0000] {logging_mixin.py:190} INFO - [2025-04-30T00:32:19.922+0000] {dag.py:4138} INFO - Setting next_dagrun for example_branch_dop_operator_v3 to 2025-04-30 00:31:00+00:00, run_after=2025-04-30 00:32:00+00:00
[2025-04-30T00:32:19.958+0000] {processor.py:208} INFO - Processing /home/airflow/.local/lib/python3.12/site-packages/airflow/example_dags/example_branch_python_dop_operator_3.py took 0.182 seconds
[2025-04-30T00:32:50.135+0000] {processor.py:186} INFO - Started process (PID=332) to work on /home/airflow/.local/lib/python3.12/site-packages/airflow/example_dags/example_branch_python_dop_operator_3.py
[2025-04-30T00:32:50.137+0000] {processor.py:914} INFO - Processing file /home/airflow/.local/lib/python3.12/site-packages/airflow/example_dags/example_branch_python_dop_operator_3.py for tasks to queue
[2025-04-30T00:32:50.144+0000] {logging_mixin.py:190} INFO - [2025-04-30T00:32:50.143+0000] {dagbag.py:587} INFO - Filling up the DagBag from /home/airflow/.local/lib/python3.12/site-packages/airflow/example_dags/example_branch_python_dop_operator_3.py
[2025-04-30T00:32:50.168+0000] {processor.py:925} INFO - DAG(s) 'example_branch_dop_operator_v3' retrieved from /home/airflow/.local/lib/python3.12/site-packages/airflow/example_dags/example_branch_python_dop_operator_3.py
[2025-04-30T00:32:50.206+0000] {logging_mixin.py:190} INFO - [2025-04-30T00:32:50.206+0000] {dag.py:3211} INFO - Sync 1 DAGs
[2025-04-30T00:32:50.279+0000] {logging_mixin.py:190} INFO - [2025-04-30T00:32:50.279+0000] {dag.py:4138} INFO - Setting next_dagrun for example_branch_dop_operator_v3 to 2025-04-30 00:31:00+00:00, run_after=2025-04-30 00:32:00+00:00
[2025-04-30T00:32:50.330+0000] {processor.py:208} INFO - Processing /home/airflow/.local/lib/python3.12/site-packages/airflow/example_dags/example_branch_python_dop_operator_3.py took 0.205 seconds
[2025-04-30T00:33:20.879+0000] {processor.py:186} INFO - Started process (PID=401) to work on /home/airflow/.local/lib/python3.12/site-packages/airflow/example_dags/example_branch_python_dop_operator_3.py
[2025-04-30T00:33:20.881+0000] {processor.py:914} INFO - Processing file /home/airflow/.local/lib/python3.12/site-packages/airflow/example_dags/example_branch_python_dop_operator_3.py for tasks to queue
[2025-04-30T00:33:20.886+0000] {logging_mixin.py:190} INFO - [2025-04-30T00:33:20.886+0000] {dagbag.py:587} INFO - Filling up the DagBag from /home/airflow/.local/lib/python3.12/site-packages/airflow/example_dags/example_branch_python_dop_operator_3.py
[2025-04-30T00:33:20.907+0000] {processor.py:925} INFO - DAG(s) 'example_branch_dop_operator_v3' retrieved from /home/airflow/.local/lib/python3.12/site-packages/airflow/example_dags/example_branch_python_dop_operator_3.py
[2025-04-30T00:33:20.954+0000] {logging_mixin.py:190} INFO - [2025-04-30T00:33:20.954+0000] {dag.py:3211} INFO - Sync 1 DAGs
[2025-04-30T00:33:21.044+0000] {logging_mixin.py:190} INFO - [2025-04-30T00:33:21.044+0000] {dag.py:4138} INFO - Setting next_dagrun for example_branch_dop_operator_v3 to 2025-04-30 00:32:00+00:00, run_after=2025-04-30 00:33:00+00:00
[2025-04-30T00:33:21.094+0000] {processor.py:208} INFO - Processing /home/airflow/.local/lib/python3.12/site-packages/airflow/example_dags/example_branch_python_dop_operator_3.py took 0.225 seconds
[2025-04-30T00:33:51.769+0000] {processor.py:186} INFO - Started process (PID=465) to work on /home/airflow/.local/lib/python3.12/site-packages/airflow/example_dags/example_branch_python_dop_operator_3.py
[2025-04-30T00:33:51.776+0000] {processor.py:914} INFO - Processing file /home/airflow/.local/lib/python3.12/site-packages/airflow/example_dags/example_branch_python_dop_operator_3.py for tasks to queue
[2025-04-30T00:33:51.789+0000] {logging_mixin.py:190} INFO - [2025-04-30T00:33:51.787+0000] {dagbag.py:587} INFO - Filling up the DagBag from /home/airflow/.local/lib/python3.12/site-packages/airflow/example_dags/example_branch_python_dop_operator_3.py
[2025-04-30T00:33:51.813+0000] {processor.py:925} INFO - DAG(s) 'example_branch_dop_operator_v3' retrieved from /home/airflow/.local/lib/python3.12/site-packages/airflow/example_dags/example_branch_python_dop_operator_3.py
[2025-04-30T00:33:51.870+0000] {logging_mixin.py:190} INFO - [2025-04-30T00:33:51.868+0000] {dag.py:3211} INFO - Sync 1 DAGs
[2025-04-30T00:33:51.961+0000] {logging_mixin.py:190} INFO - [2025-04-30T00:33:51.960+0000] {dag.py:4138} INFO - Setting next_dagrun for example_branch_dop_operator_v3 to 2025-04-30 00:32:00+00:00, run_after=2025-04-30 00:33:00+00:00
[2025-04-30T00:33:52.003+0000] {processor.py:208} INFO - Processing /home/airflow/.local/lib/python3.12/site-packages/airflow/example_dags/example_branch_python_dop_operator_3.py took 0.271 seconds
[2025-04-30T00:34:22.563+0000] {processor.py:186} INFO - Started process (PID=528) to work on /home/airflow/.local/lib/python3.12/site-packages/airflow/example_dags/example_branch_python_dop_operator_3.py
[2025-04-30T00:34:22.565+0000] {processor.py:914} INFO - Processing file /home/airflow/.local/lib/python3.12/site-packages/airflow/example_dags/example_branch_python_dop_operator_3.py for tasks to queue
[2025-04-30T00:34:22.570+0000] {logging_mixin.py:190} INFO - [2025-04-30T00:34:22.569+0000] {dagbag.py:587} INFO - Filling up the DagBag from /home/airflow/.local/lib/python3.12/site-packages/airflow/example_dags/example_branch_python_dop_operator_3.py
[2025-04-30T00:34:22.597+0000] {processor.py:925} INFO - DAG(s) 'example_branch_dop_operator_v3' retrieved from /home/airflow/.local/lib/python3.12/site-packages/airflow/example_dags/example_branch_python_dop_operator_3.py
[2025-04-30T00:34:22.639+0000] {logging_mixin.py:190} INFO - [2025-04-30T00:34:22.638+0000] {dag.py:3211} INFO - Sync 1 DAGs
[2025-04-30T00:34:22.699+0000] {logging_mixin.py:190} INFO - [2025-04-30T00:34:22.698+0000] {dag.py:4138} INFO - Setting next_dagrun for example_branch_dop_operator_v3 to 2025-04-30 00:33:00+00:00, run_after=2025-04-30 00:34:00+00:00
[2025-04-30T00:34:22.736+0000] {processor.py:208} INFO - Processing /home/airflow/.local/lib/python3.12/site-packages/airflow/example_dags/example_branch_python_dop_operator_3.py took 0.187 seconds
[2025-04-30T00:34:52.972+0000] {processor.py:186} INFO - Started process (PID=591) to work on /home/airflow/.local/lib/python3.12/site-packages/airflow/example_dags/example_branch_python_dop_operator_3.py
[2025-04-30T00:34:52.974+0000] {processor.py:914} INFO - Processing file /home/airflow/.local/lib/python3.12/site-packages/airflow/example_dags/example_branch_python_dop_operator_3.py for tasks to queue
[2025-04-30T00:34:52.981+0000] {logging_mixin.py:190} INFO - [2025-04-30T00:34:52.979+0000] {dagbag.py:587} INFO - Filling up the DagBag from /home/airflow/.local/lib/python3.12/site-packages/airflow/example_dags/example_branch_python_dop_operator_3.py
[2025-04-30T00:34:53.003+0000] {processor.py:925} INFO - DAG(s) 'example_branch_dop_operator_v3' retrieved from /home/airflow/.local/lib/python3.12/site-packages/airflow/example_dags/example_branch_python_dop_operator_3.py
[2025-04-30T00:34:53.053+0000] {logging_mixin.py:190} INFO - [2025-04-30T00:34:53.053+0000] {dag.py:3211} INFO - Sync 1 DAGs
[2025-04-30T00:34:53.143+0000] {logging_mixin.py:190} INFO - [2025-04-30T00:34:53.143+0000] {dag.py:4138} INFO - Setting next_dagrun for example_branch_dop_operator_v3 to 2025-04-30 00:33:00+00:00, run_after=2025-04-30 00:34:00+00:00
[2025-04-30T00:34:53.195+0000] {processor.py:208} INFO - Processing /home/airflow/.local/lib/python3.12/site-packages/airflow/example_dags/example_branch_python_dop_operator_3.py took 0.236 seconds
[2025-04-30T00:35:23.566+0000] {processor.py:186} INFO - Started process (PID=654) to work on /home/airflow/.local/lib/python3.12/site-packages/airflow/example_dags/example_branch_python_dop_operator_3.py
[2025-04-30T00:35:23.570+0000] {processor.py:914} INFO - Processing file /home/airflow/.local/lib/python3.12/site-packages/airflow/example_dags/example_branch_python_dop_operator_3.py for tasks to queue
[2025-04-30T00:35:23.582+0000] {logging_mixin.py:190} INFO - [2025-04-30T00:35:23.580+0000] {dagbag.py:587} INFO - Filling up the DagBag from /home/airflow/.local/lib/python3.12/site-packages/airflow/example_dags/example_branch_python_dop_operator_3.py
[2025-04-30T00:35:23.613+0000] {processor.py:925} INFO - DAG(s) 'example_branch_dop_operator_v3' retrieved from /home/airflow/.local/lib/python3.12/site-packages/airflow/example_dags/example_branch_python_dop_operator_3.py
[2025-04-30T00:35:23.661+0000] {logging_mixin.py:190} INFO - [2025-04-30T00:35:23.660+0000] {dag.py:3211} INFO - Sync 1 DAGs
[2025-04-30T00:35:23.727+0000] {logging_mixin.py:190} INFO - [2025-04-30T00:35:23.726+0000] {dag.py:4138} INFO - Setting next_dagrun for example_branch_dop_operator_v3 to 2025-04-30 00:34:00+00:00, run_after=2025-04-30 00:35:00+00:00
[2025-04-30T00:35:23.771+0000] {processor.py:208} INFO - Processing /home/airflow/.local/lib/python3.12/site-packages/airflow/example_dags/example_branch_python_dop_operator_3.py took 0.234 seconds
[2025-04-30T00:35:54.617+0000] {processor.py:186} INFO - Started process (PID=717) to work on /home/airflow/.local/lib/python3.12/site-packages/airflow/example_dags/example_branch_python_dop_operator_3.py
[2025-04-30T00:35:54.623+0000] {processor.py:914} INFO - Processing file /home/airflow/.local/lib/python3.12/site-packages/airflow/example_dags/example_branch_python_dop_operator_3.py for tasks to queue
[2025-04-30T00:35:54.636+0000] {logging_mixin.py:190} INFO - [2025-04-30T00:35:54.634+0000] {dagbag.py:587} INFO - Filling up the DagBag from /home/airflow/.local/lib/python3.12/site-packages/airflow/example_dags/example_branch_python_dop_operator_3.py
[2025-04-30T00:35:54.683+0000] {processor.py:925} INFO - DAG(s) 'example_branch_dop_operator_v3' retrieved from /home/airflow/.local/lib/python3.12/site-packages/airflow/example_dags/example_branch_python_dop_operator_3.py
[2025-04-30T00:35:54.733+0000] {logging_mixin.py:190} INFO - [2025-04-30T00:35:54.733+0000] {dag.py:3211} INFO - Sync 1 DAGs
[2025-04-30T00:35:54.798+0000] {logging_mixin.py:190} INFO - [2025-04-30T00:35:54.797+0000] {dag.py:4138} INFO - Setting next_dagrun for example_branch_dop_operator_v3 to 2025-04-30 00:34:00+00:00, run_after=2025-04-30 00:35:00+00:00
[2025-04-30T00:35:54.850+0000] {processor.py:208} INFO - Processing /home/airflow/.local/lib/python3.12/site-packages/airflow/example_dags/example_branch_python_dop_operator_3.py took 0.262 seconds
[2025-04-30T00:36:25.119+0000] {processor.py:186} INFO - Started process (PID=780) to work on /home/airflow/.local/lib/python3.12/site-packages/airflow/example_dags/example_branch_python_dop_operator_3.py
[2025-04-30T00:36:25.123+0000] {processor.py:914} INFO - Processing file /home/airflow/.local/lib/python3.12/site-packages/airflow/example_dags/example_branch_python_dop_operator_3.py for tasks to queue
[2025-04-30T00:36:25.137+0000] {logging_mixin.py:190} INFO - [2025-04-30T00:36:25.135+0000] {dagbag.py:587} INFO - Filling up the DagBag from /home/airflow/.local/lib/python3.12/site-packages/airflow/example_dags/example_branch_python_dop_operator_3.py
[2025-04-30T00:36:25.188+0000] {processor.py:925} INFO - DAG(s) 'example_branch_dop_operator_v3' retrieved from /home/airflow/.local/lib/python3.12/site-packages/airflow/example_dags/example_branch_python_dop_operator_3.py
[2025-04-30T00:36:25.282+0000] {logging_mixin.py:190} INFO - [2025-04-30T00:36:25.281+0000] {dag.py:3211} INFO - Sync 1 DAGs
[2025-04-30T00:36:25.382+0000] {logging_mixin.py:190} INFO - [2025-04-30T00:36:25.381+0000] {dag.py:4138} INFO - Setting next_dagrun for example_branch_dop_operator_v3 to 2025-04-30 00:35:00+00:00, run_after=2025-04-30 00:36:00+00:00
[2025-04-30T00:36:25.426+0000] {processor.py:208} INFO - Processing /home/airflow/.local/lib/python3.12/site-packages/airflow/example_dags/example_branch_python_dop_operator_3.py took 0.334 seconds
[2025-04-30T00:36:55.787+0000] {processor.py:186} INFO - Started process (PID=843) to work on /home/airflow/.local/lib/python3.12/site-packages/airflow/example_dags/example_branch_python_dop_operator_3.py
[2025-04-30T00:36:55.790+0000] {processor.py:914} INFO - Processing file /home/airflow/.local/lib/python3.12/site-packages/airflow/example_dags/example_branch_python_dop_operator_3.py for tasks to queue
[2025-04-30T00:36:55.795+0000] {logging_mixin.py:190} INFO - [2025-04-30T00:36:55.794+0000] {dagbag.py:587} INFO - Filling up the DagBag from /home/airflow/.local/lib/python3.12/site-packages/airflow/example_dags/example_branch_python_dop_operator_3.py
[2025-04-30T00:36:55.819+0000] {processor.py:925} INFO - DAG(s) 'example_branch_dop_operator_v3' retrieved from /home/airflow/.local/lib/python3.12/site-packages/airflow/example_dags/example_branch_python_dop_operator_3.py
[2025-04-30T00:36:55.860+0000] {logging_mixin.py:190} INFO - [2025-04-30T00:36:55.860+0000] {dag.py:3211} INFO - Sync 1 DAGs
[2025-04-30T00:36:55.911+0000] {logging_mixin.py:190} INFO - [2025-04-30T00:36:55.910+0000] {dag.py:4138} INFO - Setting next_dagrun for example_branch_dop_operator_v3 to 2025-04-30 00:35:00+00:00, run_after=2025-04-30 00:36:00+00:00
[2025-04-30T00:36:55.946+0000] {processor.py:208} INFO - Processing /home/airflow/.local/lib/python3.12/site-packages/airflow/example_dags/example_branch_python_dop_operator_3.py took 0.178 seconds
[2025-04-30T00:37:26.692+0000] {processor.py:186} INFO - Started process (PID=906) to work on /home/airflow/.local/lib/python3.12/site-packages/airflow/example_dags/example_branch_python_dop_operator_3.py
[2025-04-30T00:37:26.695+0000] {processor.py:914} INFO - Processing file /home/airflow/.local/lib/python3.12/site-packages/airflow/example_dags/example_branch_python_dop_operator_3.py for tasks to queue
[2025-04-30T00:37:26.702+0000] {logging_mixin.py:190} INFO - [2025-04-30T00:37:26.701+0000] {dagbag.py:587} INFO - Filling up the DagBag from /home/airflow/.local/lib/python3.12/site-packages/airflow/example_dags/example_branch_python_dop_operator_3.py
[2025-04-30T00:37:26.736+0000] {processor.py:925} INFO - DAG(s) 'example_branch_dop_operator_v3' retrieved from /home/airflow/.local/lib/python3.12/site-packages/airflow/example_dags/example_branch_python_dop_operator_3.py
[2025-04-30T00:37:26.798+0000] {logging_mixin.py:190} INFO - [2025-04-30T00:37:26.797+0000] {dag.py:3211} INFO - Sync 1 DAGs
[2025-04-30T00:37:26.873+0000] {logging_mixin.py:190} INFO - [2025-04-30T00:37:26.873+0000] {dag.py:4138} INFO - Setting next_dagrun for example_branch_dop_operator_v3 to 2025-04-30 00:36:00+00:00, run_after=2025-04-30 00:37:00+00:00
[2025-04-30T00:37:26.923+0000] {processor.py:208} INFO - Processing /home/airflow/.local/lib/python3.12/site-packages/airflow/example_dags/example_branch_python_dop_operator_3.py took 0.245 seconds
[2025-04-30T00:37:57.476+0000] {processor.py:186} INFO - Started process (PID=969) to work on /home/airflow/.local/lib/python3.12/site-packages/airflow/example_dags/example_branch_python_dop_operator_3.py
[2025-04-30T00:37:57.481+0000] {processor.py:914} INFO - Processing file /home/airflow/.local/lib/python3.12/site-packages/airflow/example_dags/example_branch_python_dop_operator_3.py for tasks to queue
[2025-04-30T00:37:57.487+0000] {logging_mixin.py:190} INFO - [2025-04-30T00:37:57.486+0000] {dagbag.py:587} INFO - Filling up the DagBag from /home/airflow/.local/lib/python3.12/site-packages/airflow/example_dags/example_branch_python_dop_operator_3.py
[2025-04-30T00:37:57.509+0000] {processor.py:925} INFO - DAG(s) 'example_branch_dop_operator_v3' retrieved from /home/airflow/.local/lib/python3.12/site-packages/airflow/example_dags/example_branch_python_dop_operator_3.py
[2025-04-30T00:37:57.557+0000] {logging_mixin.py:190} INFO - [2025-04-30T00:37:57.557+0000] {dag.py:3211} INFO - Sync 1 DAGs
[2025-04-30T00:37:57.622+0000] {logging_mixin.py:190} INFO - [2025-04-30T00:37:57.621+0000] {dag.py:4138} INFO - Setting next_dagrun for example_branch_dop_operator_v3 to 2025-04-30 00:36:00+00:00, run_after=2025-04-30 00:37:00+00:00
[2025-04-30T00:37:57.663+0000] {processor.py:208} INFO - Processing /home/airflow/.local/lib/python3.12/site-packages/airflow/example_dags/example_branch_python_dop_operator_3.py took 0.215 seconds
[2025-04-30T00:38:27.821+0000] {processor.py:186} INFO - Started process (PID=1032) to work on /home/airflow/.local/lib/python3.12/site-packages/airflow/example_dags/example_branch_python_dop_operator_3.py
[2025-04-30T00:38:27.826+0000] {processor.py:914} INFO - Processing file /home/airflow/.local/lib/python3.12/site-packages/airflow/example_dags/example_branch_python_dop_operator_3.py for tasks to queue
[2025-04-30T00:38:27.839+0000] {logging_mixin.py:190} INFO - [2025-04-30T00:38:27.837+0000] {dagbag.py:587} INFO - Filling up the DagBag from /home/airflow/.local/lib/python3.12/site-packages/airflow/example_dags/example_branch_python_dop_operator_3.py
[2025-04-30T00:38:27.890+0000] {processor.py:925} INFO - DAG(s) 'example_branch_dop_operator_v3' retrieved from /home/airflow/.local/lib/python3.12/site-packages/airflow/example_dags/example_branch_python_dop_operator_3.py
[2025-04-30T00:38:27.994+0000] {logging_mixin.py:190} INFO - [2025-04-30T00:38:27.992+0000] {dag.py:3211} INFO - Sync 1 DAGs
[2025-04-30T00:38:28.078+0000] {logging_mixin.py:190} INFO - [2025-04-30T00:38:28.078+0000] {dag.py:4138} INFO - Setting next_dagrun for example_branch_dop_operator_v3 to 2025-04-30 00:37:00+00:00, run_after=2025-04-30 00:38:00+00:00
[2025-04-30T00:38:28.124+0000] {processor.py:208} INFO - Processing /home/airflow/.local/lib/python3.12/site-packages/airflow/example_dags/example_branch_python_dop_operator_3.py took 0.332 seconds
[2025-04-30T00:38:58.338+0000] {processor.py:186} INFO - Started process (PID=1095) to work on /home/airflow/.local/lib/python3.12/site-packages/airflow/example_dags/example_branch_python_dop_operator_3.py
[2025-04-30T00:38:58.344+0000] {processor.py:914} INFO - Processing file /home/airflow/.local/lib/python3.12/site-packages/airflow/example_dags/example_branch_python_dop_operator_3.py for tasks to queue
[2025-04-30T00:38:58.359+0000] {logging_mixin.py:190} INFO - [2025-04-30T00:38:58.356+0000] {dagbag.py:587} INFO - Filling up the DagBag from /home/airflow/.local/lib/python3.12/site-packages/airflow/example_dags/example_branch_python_dop_operator_3.py
[2025-04-30T00:38:58.425+0000] {processor.py:925} INFO - DAG(s) 'example_branch_dop_operator_v3' retrieved from /home/airflow/.local/lib/python3.12/site-packages/airflow/example_dags/example_branch_python_dop_operator_3.py
[2025-04-30T00:38:58.523+0000] {logging_mixin.py:190} INFO - [2025-04-30T00:38:58.522+0000] {dag.py:3211} INFO - Sync 1 DAGs
[2025-04-30T00:38:58.577+0000] {logging_mixin.py:190} INFO - [2025-04-30T00:38:58.577+0000] {dag.py:4138} INFO - Setting next_dagrun for example_branch_dop_operator_v3 to 2025-04-30 00:37:00+00:00, run_after=2025-04-30 00:38:00+00:00
[2025-04-30T00:38:58.624+0000] {processor.py:208} INFO - Processing /home/airflow/.local/lib/python3.12/site-packages/airflow/example_dags/example_branch_python_dop_operator_3.py took 0.325 seconds
[2025-04-30T00:39:28.978+0000] {processor.py:186} INFO - Started process (PID=1158) to work on /home/airflow/.local/lib/python3.12/site-packages/airflow/example_dags/example_branch_python_dop_operator_3.py
[2025-04-30T00:39:28.980+0000] {processor.py:914} INFO - Processing file /home/airflow/.local/lib/python3.12/site-packages/airflow/example_dags/example_branch_python_dop_operator_3.py for tasks to queue
[2025-04-30T00:39:28.986+0000] {logging_mixin.py:190} INFO - [2025-04-30T00:39:28.985+0000] {dagbag.py:587} INFO - Filling up the DagBag from /home/airflow/.local/lib/python3.12/site-packages/airflow/example_dags/example_branch_python_dop_operator_3.py
[2025-04-30T00:39:29.014+0000] {processor.py:925} INFO - DAG(s) 'example_branch_dop_operator_v3' retrieved from /home/airflow/.local/lib/python3.12/site-packages/airflow/example_dags/example_branch_python_dop_operator_3.py
[2025-04-30T00:39:29.072+0000] {logging_mixin.py:190} INFO - [2025-04-30T00:39:29.071+0000] {dag.py:3211} INFO - Sync 1 DAGs
[2025-04-30T00:39:29.145+0000] {logging_mixin.py:190} INFO - [2025-04-30T00:39:29.145+0000] {dag.py:4138} INFO - Setting next_dagrun for example_branch_dop_operator_v3 to 2025-04-30 00:38:00+00:00, run_after=2025-04-30 00:39:00+00:00
[2025-04-30T00:39:29.200+0000] {processor.py:208} INFO - Processing /home/airflow/.local/lib/python3.12/site-packages/airflow/example_dags/example_branch_python_dop_operator_3.py took 0.235 seconds
[2025-04-30T00:39:59.500+0000] {processor.py:186} INFO - Started process (PID=1222) to work on /home/airflow/.local/lib/python3.12/site-packages/airflow/example_dags/example_branch_python_dop_operator_3.py
[2025-04-30T00:39:59.502+0000] {processor.py:914} INFO - Processing file /home/airflow/.local/lib/python3.12/site-packages/airflow/example_dags/example_branch_python_dop_operator_3.py for tasks to queue
[2025-04-30T00:39:59.508+0000] {logging_mixin.py:190} INFO - [2025-04-30T00:39:59.507+0000] {dagbag.py:587} INFO - Filling up the DagBag from /home/airflow/.local/lib/python3.12/site-packages/airflow/example_dags/example_branch_python_dop_operator_3.py
[2025-04-30T00:39:59.531+0000] {processor.py:925} INFO - DAG(s) 'example_branch_dop_operator_v3' retrieved from /home/airflow/.local/lib/python3.12/site-packages/airflow/example_dags/example_branch_python_dop_operator_3.py
[2025-04-30T00:39:59.583+0000] {logging_mixin.py:190} INFO - [2025-04-30T00:39:59.582+0000] {dag.py:3211} INFO - Sync 1 DAGs
[2025-04-30T00:39:59.653+0000] {logging_mixin.py:190} INFO - [2025-04-30T00:39:59.652+0000] {dag.py:4138} INFO - Setting next_dagrun for example_branch_dop_operator_v3 to 2025-04-30 00:38:00+00:00, run_after=2025-04-30 00:39:00+00:00
[2025-04-30T00:39:59.699+0000] {processor.py:208} INFO - Processing /home/airflow/.local/lib/python3.12/site-packages/airflow/example_dags/example_branch_python_dop_operator_3.py took 0.213 seconds
[2025-04-30T00:40:30.659+0000] {processor.py:186} INFO - Started process (PID=1285) to work on /home/airflow/.local/lib/python3.12/site-packages/airflow/example_dags/example_branch_python_dop_operator_3.py
[2025-04-30T00:40:30.664+0000] {processor.py:914} INFO - Processing file /home/airflow/.local/lib/python3.12/site-packages/airflow/example_dags/example_branch_python_dop_operator_3.py for tasks to queue
[2025-04-30T00:40:30.673+0000] {logging_mixin.py:190} INFO - [2025-04-30T00:40:30.672+0000] {dagbag.py:587} INFO - Filling up the DagBag from /home/airflow/.local/lib/python3.12/site-packages/airflow/example_dags/example_branch_python_dop_operator_3.py
[2025-04-30T00:40:30.699+0000] {processor.py:925} INFO - DAG(s) 'example_branch_dop_operator_v3' retrieved from /home/airflow/.local/lib/python3.12/site-packages/airflow/example_dags/example_branch_python_dop_operator_3.py
[2025-04-30T00:40:30.742+0000] {logging_mixin.py:190} INFO - [2025-04-30T00:40:30.742+0000] {dag.py:3211} INFO - Sync 1 DAGs
[2025-04-30T00:40:30.801+0000] {logging_mixin.py:190} INFO - [2025-04-30T00:40:30.800+0000] {dag.py:4138} INFO - Setting next_dagrun for example_branch_dop_operator_v3 to 2025-04-30 00:39:00+00:00, run_after=2025-04-30 00:40:00+00:00
[2025-04-30T00:40:30.851+0000] {processor.py:208} INFO - Processing /home/airflow/.local/lib/python3.12/site-packages/airflow/example_dags/example_branch_python_dop_operator_3.py took 0.225 seconds
[2025-04-30T00:41:01.251+0000] {processor.py:186} INFO - Started process (PID=1354) to work on /home/airflow/.local/lib/python3.12/site-packages/airflow/example_dags/example_branch_python_dop_operator_3.py
[2025-04-30T00:41:01.254+0000] {processor.py:914} INFO - Processing file /home/airflow/.local/lib/python3.12/site-packages/airflow/example_dags/example_branch_python_dop_operator_3.py for tasks to queue
[2025-04-30T00:41:01.260+0000] {logging_mixin.py:190} INFO - [2025-04-30T00:41:01.259+0000] {dagbag.py:587} INFO - Filling up the DagBag from /home/airflow/.local/lib/python3.12/site-packages/airflow/example_dags/example_branch_python_dop_operator_3.py
[2025-04-30T00:41:01.287+0000] {processor.py:925} INFO - DAG(s) 'example_branch_dop_operator_v3' retrieved from /home/airflow/.local/lib/python3.12/site-packages/airflow/example_dags/example_branch_python_dop_operator_3.py
[2025-04-30T00:41:01.337+0000] {logging_mixin.py:190} INFO - [2025-04-30T00:41:01.336+0000] {dag.py:3211} INFO - Sync 1 DAGs
[2025-04-30T00:41:01.393+0000] {logging_mixin.py:190} INFO - [2025-04-30T00:41:01.392+0000] {dag.py:4138} INFO - Setting next_dagrun for example_branch_dop_operator_v3 to 2025-04-30 00:40:00+00:00, run_after=2025-04-30 00:41:00+00:00
[2025-04-30T00:41:01.432+0000] {processor.py:208} INFO - Processing /home/airflow/.local/lib/python3.12/site-packages/airflow/example_dags/example_branch_python_dop_operator_3.py took 0.191 seconds
[2025-04-30T00:41:31.628+0000] {processor.py:186} INFO - Started process (PID=1417) to work on /home/airflow/.local/lib/python3.12/site-packages/airflow/example_dags/example_branch_python_dop_operator_3.py
[2025-04-30T00:41:31.630+0000] {processor.py:914} INFO - Processing file /home/airflow/.local/lib/python3.12/site-packages/airflow/example_dags/example_branch_python_dop_operator_3.py for tasks to queue
[2025-04-30T00:41:31.635+0000] {logging_mixin.py:190} INFO - [2025-04-30T00:41:31.634+0000] {dagbag.py:587} INFO - Filling up the DagBag from /home/airflow/.local/lib/python3.12/site-packages/airflow/example_dags/example_branch_python_dop_operator_3.py
[2025-04-30T00:41:31.655+0000] {processor.py:925} INFO - DAG(s) 'example_branch_dop_operator_v3' retrieved from /home/airflow/.local/lib/python3.12/site-packages/airflow/example_dags/example_branch_python_dop_operator_3.py
[2025-04-30T00:41:31.703+0000] {logging_mixin.py:190} INFO - [2025-04-30T00:41:31.702+0000] {dag.py:3211} INFO - Sync 1 DAGs
[2025-04-30T00:41:31.767+0000] {logging_mixin.py:190} INFO - [2025-04-30T00:41:31.766+0000] {dag.py:4138} INFO - Setting next_dagrun for example_branch_dop_operator_v3 to 2025-04-30 00:40:00+00:00, run_after=2025-04-30 00:41:00+00:00
[2025-04-30T00:41:31.811+0000] {processor.py:208} INFO - Processing /home/airflow/.local/lib/python3.12/site-packages/airflow/example_dags/example_branch_python_dop_operator_3.py took 0.195 seconds
[2025-04-30T00:42:02.343+0000] {processor.py:186} INFO - Started process (PID=1484) to work on /home/airflow/.local/lib/python3.12/site-packages/airflow/example_dags/example_branch_python_dop_operator_3.py
[2025-04-30T00:42:02.347+0000] {processor.py:914} INFO - Processing file /home/airflow/.local/lib/python3.12/site-packages/airflow/example_dags/example_branch_python_dop_operator_3.py for tasks to queue
[2025-04-30T00:42:02.350+0000] {logging_mixin.py:190} INFO - [2025-04-30T00:42:02.349+0000] {dagbag.py:587} INFO - Filling up the DagBag from /home/airflow/.local/lib/python3.12/site-packages/airflow/example_dags/example_branch_python_dop_operator_3.py
[2025-04-30T00:42:02.376+0000] {processor.py:925} INFO - DAG(s) 'example_branch_dop_operator_v3' retrieved from /home/airflow/.local/lib/python3.12/site-packages/airflow/example_dags/example_branch_python_dop_operator_3.py
[2025-04-30T00:42:02.421+0000] {logging_mixin.py:190} INFO - [2025-04-30T00:42:02.421+0000] {dag.py:3211} INFO - Sync 1 DAGs
[2025-04-30T00:42:02.479+0000] {logging_mixin.py:190} INFO - [2025-04-30T00:42:02.478+0000] {dag.py:4138} INFO - Setting next_dagrun for example_branch_dop_operator_v3 to 2025-04-30 00:41:00+00:00, run_after=2025-04-30 00:42:00+00:00
[2025-04-30T00:42:02.525+0000] {processor.py:208} INFO - Processing /home/airflow/.local/lib/python3.12/site-packages/airflow/example_dags/example_branch_python_dop_operator_3.py took 0.198 seconds
[2025-04-30T00:42:32.876+0000] {processor.py:186} INFO - Started process (PID=1547) to work on /home/airflow/.local/lib/python3.12/site-packages/airflow/example_dags/example_branch_python_dop_operator_3.py
[2025-04-30T00:42:32.886+0000] {processor.py:914} INFO - Processing file /home/airflow/.local/lib/python3.12/site-packages/airflow/example_dags/example_branch_python_dop_operator_3.py for tasks to queue
[2025-04-30T00:42:32.896+0000] {logging_mixin.py:190} INFO - [2025-04-30T00:42:32.894+0000] {dagbag.py:587} INFO - Filling up the DagBag from /home/airflow/.local/lib/python3.12/site-packages/airflow/example_dags/example_branch_python_dop_operator_3.py
[2025-04-30T00:42:32.937+0000] {processor.py:925} INFO - DAG(s) 'example_branch_dop_operator_v3' retrieved from /home/airflow/.local/lib/python3.12/site-packages/airflow/example_dags/example_branch_python_dop_operator_3.py
[2025-04-30T00:42:32.985+0000] {logging_mixin.py:190} INFO - [2025-04-30T00:42:32.984+0000] {dag.py:3211} INFO - Sync 1 DAGs
[2025-04-30T00:42:33.045+0000] {logging_mixin.py:190} INFO - [2025-04-30T00:42:33.045+0000] {dag.py:4138} INFO - Setting next_dagrun for example_branch_dop_operator_v3 to 2025-04-30 00:41:00+00:00, run_after=2025-04-30 00:42:00+00:00
[2025-04-30T00:42:33.086+0000] {processor.py:208} INFO - Processing /home/airflow/.local/lib/python3.12/site-packages/airflow/example_dags/example_branch_python_dop_operator_3.py took 0.241 seconds
[2025-04-30T00:43:03.412+0000] {processor.py:186} INFO - Started process (PID=1610) to work on /home/airflow/.local/lib/python3.12/site-packages/airflow/example_dags/example_branch_python_dop_operator_3.py
[2025-04-30T00:43:03.414+0000] {processor.py:914} INFO - Processing file /home/airflow/.local/lib/python3.12/site-packages/airflow/example_dags/example_branch_python_dop_operator_3.py for tasks to queue
[2025-04-30T00:43:03.418+0000] {logging_mixin.py:190} INFO - [2025-04-30T00:43:03.418+0000] {dagbag.py:587} INFO - Filling up the DagBag from /home/airflow/.local/lib/python3.12/site-packages/airflow/example_dags/example_branch_python_dop_operator_3.py
[2025-04-30T00:43:03.444+0000] {processor.py:925} INFO - DAG(s) 'example_branch_dop_operator_v3' retrieved from /home/airflow/.local/lib/python3.12/site-packages/airflow/example_dags/example_branch_python_dop_operator_3.py
[2025-04-30T00:43:03.489+0000] {logging_mixin.py:190} INFO - [2025-04-30T00:43:03.489+0000] {dag.py:3211} INFO - Sync 1 DAGs
[2025-04-30T00:43:03.552+0000] {logging_mixin.py:190} INFO - [2025-04-30T00:43:03.552+0000] {dag.py:4138} INFO - Setting next_dagrun for example_branch_dop_operator_v3 to 2025-04-30 00:42:00+00:00, run_after=2025-04-30 00:43:00+00:00
[2025-04-30T00:43:03.597+0000] {processor.py:208} INFO - Processing /home/airflow/.local/lib/python3.12/site-packages/airflow/example_dags/example_branch_python_dop_operator_3.py took 0.202 seconds
[2025-04-30T00:43:33.778+0000] {processor.py:186} INFO - Started process (PID=1673) to work on /home/airflow/.local/lib/python3.12/site-packages/airflow/example_dags/example_branch_python_dop_operator_3.py
[2025-04-30T00:43:33.783+0000] {processor.py:914} INFO - Processing file /home/airflow/.local/lib/python3.12/site-packages/airflow/example_dags/example_branch_python_dop_operator_3.py for tasks to queue
[2025-04-30T00:43:33.789+0000] {logging_mixin.py:190} INFO - [2025-04-30T00:43:33.788+0000] {dagbag.py:587} INFO - Filling up the DagBag from /home/airflow/.local/lib/python3.12/site-packages/airflow/example_dags/example_branch_python_dop_operator_3.py
[2025-04-30T00:43:33.841+0000] {processor.py:925} INFO - DAG(s) 'example_branch_dop_operator_v3' retrieved from /home/airflow/.local/lib/python3.12/site-packages/airflow/example_dags/example_branch_python_dop_operator_3.py
[2025-04-30T00:43:33.946+0000] {logging_mixin.py:190} INFO - [2025-04-30T00:43:33.944+0000] {dag.py:3211} INFO - Sync 1 DAGs
[2025-04-30T00:43:34.085+0000] {logging_mixin.py:190} INFO - [2025-04-30T00:43:34.083+0000] {dag.py:4138} INFO - Setting next_dagrun for example_branch_dop_operator_v3 to 2025-04-30 00:42:00+00:00, run_after=2025-04-30 00:43:00+00:00
[2025-04-30T00:43:34.177+0000] {processor.py:208} INFO - Processing /home/airflow/.local/lib/python3.12/site-packages/airflow/example_dags/example_branch_python_dop_operator_3.py took 0.431 seconds
[2025-04-30T00:44:05.029+0000] {processor.py:186} INFO - Started process (PID=1736) to work on /home/airflow/.local/lib/python3.12/site-packages/airflow/example_dags/example_branch_python_dop_operator_3.py
[2025-04-30T00:44:05.030+0000] {processor.py:914} INFO - Processing file /home/airflow/.local/lib/python3.12/site-packages/airflow/example_dags/example_branch_python_dop_operator_3.py for tasks to queue
[2025-04-30T00:44:05.032+0000] {logging_mixin.py:190} INFO - [2025-04-30T00:44:05.032+0000] {dagbag.py:587} INFO - Filling up the DagBag from /home/airflow/.local/lib/python3.12/site-packages/airflow/example_dags/example_branch_python_dop_operator_3.py
[2025-04-30T00:44:05.044+0000] {processor.py:925} INFO - DAG(s) 'example_branch_dop_operator_v3' retrieved from /home/airflow/.local/lib/python3.12/site-packages/airflow/example_dags/example_branch_python_dop_operator_3.py
[2025-04-30T00:44:05.069+0000] {logging_mixin.py:190} INFO - [2025-04-30T00:44:05.068+0000] {dag.py:3211} INFO - Sync 1 DAGs
[2025-04-30T00:44:05.097+0000] {logging_mixin.py:190} INFO - [2025-04-30T00:44:05.097+0000] {dag.py:4138} INFO - Setting next_dagrun for example_branch_dop_operator_v3 to 2025-04-30 00:43:00+00:00, run_after=2025-04-30 00:44:00+00:00
[2025-04-30T00:44:05.122+0000] {processor.py:208} INFO - Processing /home/airflow/.local/lib/python3.12/site-packages/airflow/example_dags/example_branch_python_dop_operator_3.py took 0.100 seconds
[2025-04-30T00:44:35.685+0000] {processor.py:186} INFO - Started process (PID=1799) to work on /home/airflow/.local/lib/python3.12/site-packages/airflow/example_dags/example_branch_python_dop_operator_3.py
[2025-04-30T00:44:35.687+0000] {processor.py:914} INFO - Processing file /home/airflow/.local/lib/python3.12/site-packages/airflow/example_dags/example_branch_python_dop_operator_3.py for tasks to queue
[2025-04-30T00:44:35.689+0000] {logging_mixin.py:190} INFO - [2025-04-30T00:44:35.689+0000] {dagbag.py:587} INFO - Filling up the DagBag from /home/airflow/.local/lib/python3.12/site-packages/airflow/example_dags/example_branch_python_dop_operator_3.py
[2025-04-30T00:44:35.706+0000] {processor.py:925} INFO - DAG(s) 'example_branch_dop_operator_v3' retrieved from /home/airflow/.local/lib/python3.12/site-packages/airflow/example_dags/example_branch_python_dop_operator_3.py
[2025-04-30T00:44:35.740+0000] {logging_mixin.py:190} INFO - [2025-04-30T00:44:35.740+0000] {dag.py:3211} INFO - Sync 1 DAGs
[2025-04-30T00:44:35.781+0000] {logging_mixin.py:190} INFO - [2025-04-30T00:44:35.781+0000] {dag.py:4138} INFO - Setting next_dagrun for example_branch_dop_operator_v3 to 2025-04-30 00:43:00+00:00, run_after=2025-04-30 00:44:00+00:00
[2025-04-30T00:44:35.816+0000] {processor.py:208} INFO - Processing /home/airflow/.local/lib/python3.12/site-packages/airflow/example_dags/example_branch_python_dop_operator_3.py took 0.141 seconds
[2025-04-30T00:45:06.460+0000] {processor.py:186} INFO - Started process (PID=1862) to work on /home/airflow/.local/lib/python3.12/site-packages/airflow/example_dags/example_branch_python_dop_operator_3.py
[2025-04-30T00:45:06.461+0000] {processor.py:914} INFO - Processing file /home/airflow/.local/lib/python3.12/site-packages/airflow/example_dags/example_branch_python_dop_operator_3.py for tasks to queue
[2025-04-30T00:45:06.463+0000] {logging_mixin.py:190} INFO - [2025-04-30T00:45:06.463+0000] {dagbag.py:587} INFO - Filling up the DagBag from /home/airflow/.local/lib/python3.12/site-packages/airflow/example_dags/example_branch_python_dop_operator_3.py
[2025-04-30T00:45:06.477+0000] {processor.py:925} INFO - DAG(s) 'example_branch_dop_operator_v3' retrieved from /home/airflow/.local/lib/python3.12/site-packages/airflow/example_dags/example_branch_python_dop_operator_3.py
[2025-04-30T00:45:06.506+0000] {logging_mixin.py:190} INFO - [2025-04-30T00:45:06.506+0000] {dag.py:3211} INFO - Sync 1 DAGs
[2025-04-30T00:45:06.542+0000] {logging_mixin.py:190} INFO - [2025-04-30T00:45:06.542+0000] {dag.py:4138} INFO - Setting next_dagrun for example_branch_dop_operator_v3 to 2025-04-30 00:44:00+00:00, run_after=2025-04-30 00:45:00+00:00
[2025-04-30T00:45:06.569+0000] {processor.py:208} INFO - Processing /home/airflow/.local/lib/python3.12/site-packages/airflow/example_dags/example_branch_python_dop_operator_3.py took 0.117 seconds
[2025-04-30T00:45:37.011+0000] {processor.py:186} INFO - Started process (PID=1925) to work on /home/airflow/.local/lib/python3.12/site-packages/airflow/example_dags/example_branch_python_dop_operator_3.py
[2025-04-30T00:45:37.012+0000] {processor.py:914} INFO - Processing file /home/airflow/.local/lib/python3.12/site-packages/airflow/example_dags/example_branch_python_dop_operator_3.py for tasks to queue
[2025-04-30T00:45:37.014+0000] {logging_mixin.py:190} INFO - [2025-04-30T00:45:37.014+0000] {dagbag.py:587} INFO - Filling up the DagBag from /home/airflow/.local/lib/python3.12/site-packages/airflow/example_dags/example_branch_python_dop_operator_3.py
[2025-04-30T00:45:37.028+0000] {processor.py:925} INFO - DAG(s) 'example_branch_dop_operator_v3' retrieved from /home/airflow/.local/lib/python3.12/site-packages/airflow/example_dags/example_branch_python_dop_operator_3.py
[2025-04-30T00:45:37.058+0000] {logging_mixin.py:190} INFO - [2025-04-30T00:45:37.058+0000] {dag.py:3211} INFO - Sync 1 DAGs
[2025-04-30T00:45:37.100+0000] {logging_mixin.py:190} INFO - [2025-04-30T00:45:37.099+0000] {dag.py:4138} INFO - Setting next_dagrun for example_branch_dop_operator_v3 to 2025-04-30 00:44:00+00:00, run_after=2025-04-30 00:45:00+00:00
[2025-04-30T00:45:37.132+0000] {processor.py:208} INFO - Processing /home/airflow/.local/lib/python3.12/site-packages/airflow/example_dags/example_branch_python_dop_operator_3.py took 0.129 seconds
[2025-04-30T00:46:07.605+0000] {processor.py:186} INFO - Started process (PID=1988) to work on /home/airflow/.local/lib/python3.12/site-packages/airflow/example_dags/example_branch_python_dop_operator_3.py
[2025-04-30T00:46:07.606+0000] {processor.py:914} INFO - Processing file /home/airflow/.local/lib/python3.12/site-packages/airflow/example_dags/example_branch_python_dop_operator_3.py for tasks to queue
[2025-04-30T00:46:07.608+0000] {logging_mixin.py:190} INFO - [2025-04-30T00:46:07.607+0000] {dagbag.py:587} INFO - Filling up the DagBag from /home/airflow/.local/lib/python3.12/site-packages/airflow/example_dags/example_branch_python_dop_operator_3.py
[2025-04-30T00:46:07.619+0000] {processor.py:925} INFO - DAG(s) 'example_branch_dop_operator_v3' retrieved from /home/airflow/.local/lib/python3.12/site-packages/airflow/example_dags/example_branch_python_dop_operator_3.py
[2025-04-30T00:46:07.645+0000] {logging_mixin.py:190} INFO - [2025-04-30T00:46:07.645+0000] {dag.py:3211} INFO - Sync 1 DAGs
[2025-04-30T00:46:07.678+0000] {logging_mixin.py:190} INFO - [2025-04-30T00:46:07.678+0000] {dag.py:4138} INFO - Setting next_dagrun for example_branch_dop_operator_v3 to 2025-04-30 00:45:00+00:00, run_after=2025-04-30 00:46:00+00:00
[2025-04-30T00:46:07.703+0000] {processor.py:208} INFO - Processing /home/airflow/.local/lib/python3.12/site-packages/airflow/example_dags/example_branch_python_dop_operator_3.py took 0.105 seconds
[2025-04-30T00:46:37.807+0000] {processor.py:186} INFO - Started process (PID=2051) to work on /home/airflow/.local/lib/python3.12/site-packages/airflow/example_dags/example_branch_python_dop_operator_3.py
[2025-04-30T00:46:37.808+0000] {processor.py:914} INFO - Processing file /home/airflow/.local/lib/python3.12/site-packages/airflow/example_dags/example_branch_python_dop_operator_3.py for tasks to queue
[2025-04-30T00:46:37.810+0000] {logging_mixin.py:190} INFO - [2025-04-30T00:46:37.809+0000] {dagbag.py:587} INFO - Filling up the DagBag from /home/airflow/.local/lib/python3.12/site-packages/airflow/example_dags/example_branch_python_dop_operator_3.py
[2025-04-30T00:46:37.823+0000] {processor.py:925} INFO - DAG(s) 'example_branch_dop_operator_v3' retrieved from /home/airflow/.local/lib/python3.12/site-packages/airflow/example_dags/example_branch_python_dop_operator_3.py
[2025-04-30T00:46:37.845+0000] {logging_mixin.py:190} INFO - [2025-04-30T00:46:37.845+0000] {dag.py:3211} INFO - Sync 1 DAGs
[2025-04-30T00:46:37.873+0000] {logging_mixin.py:190} INFO - [2025-04-30T00:46:37.872+0000] {dag.py:4138} INFO - Setting next_dagrun for example_branch_dop_operator_v3 to 2025-04-30 00:45:00+00:00, run_after=2025-04-30 00:46:00+00:00
[2025-04-30T00:46:37.895+0000] {processor.py:208} INFO - Processing /home/airflow/.local/lib/python3.12/site-packages/airflow/example_dags/example_branch_python_dop_operator_3.py took 0.095 seconds
[2025-04-30T00:47:08.043+0000] {processor.py:186} INFO - Started process (PID=2114) to work on /home/airflow/.local/lib/python3.12/site-packages/airflow/example_dags/example_branch_python_dop_operator_3.py
[2025-04-30T00:47:08.045+0000] {processor.py:914} INFO - Processing file /home/airflow/.local/lib/python3.12/site-packages/airflow/example_dags/example_branch_python_dop_operator_3.py for tasks to queue
[2025-04-30T00:47:08.046+0000] {logging_mixin.py:190} INFO - [2025-04-30T00:47:08.046+0000] {dagbag.py:587} INFO - Filling up the DagBag from /home/airflow/.local/lib/python3.12/site-packages/airflow/example_dags/example_branch_python_dop_operator_3.py
[2025-04-30T00:47:08.058+0000] {processor.py:925} INFO - DAG(s) 'example_branch_dop_operator_v3' retrieved from /home/airflow/.local/lib/python3.12/site-packages/airflow/example_dags/example_branch_python_dop_operator_3.py
[2025-04-30T00:47:08.086+0000] {logging_mixin.py:190} INFO - [2025-04-30T00:47:08.085+0000] {dag.py:3211} INFO - Sync 1 DAGs
[2025-04-30T00:47:08.120+0000] {logging_mixin.py:190} INFO - [2025-04-30T00:47:08.120+0000] {dag.py:4138} INFO - Setting next_dagrun for example_branch_dop_operator_v3 to 2025-04-30 00:46:00+00:00, run_after=2025-04-30 00:47:00+00:00
[2025-04-30T00:47:08.144+0000] {processor.py:208} INFO - Processing /home/airflow/.local/lib/python3.12/site-packages/airflow/example_dags/example_branch_python_dop_operator_3.py took 0.108 seconds
[2025-04-30T00:47:39.028+0000] {processor.py:186} INFO - Started process (PID=2177) to work on /home/airflow/.local/lib/python3.12/site-packages/airflow/example_dags/example_branch_python_dop_operator_3.py
[2025-04-30T00:47:39.030+0000] {processor.py:914} INFO - Processing file /home/airflow/.local/lib/python3.12/site-packages/airflow/example_dags/example_branch_python_dop_operator_3.py for tasks to queue
[2025-04-30T00:47:39.032+0000] {logging_mixin.py:190} INFO - [2025-04-30T00:47:39.031+0000] {dagbag.py:587} INFO - Filling up the DagBag from /home/airflow/.local/lib/python3.12/site-packages/airflow/example_dags/example_branch_python_dop_operator_3.py
[2025-04-30T00:47:39.043+0000] {processor.py:925} INFO - DAG(s) 'example_branch_dop_operator_v3' retrieved from /home/airflow/.local/lib/python3.12/site-packages/airflow/example_dags/example_branch_python_dop_operator_3.py
[2025-04-30T00:47:39.067+0000] {logging_mixin.py:190} INFO - [2025-04-30T00:47:39.066+0000] {dag.py:3211} INFO - Sync 1 DAGs
[2025-04-30T00:47:39.097+0000] {logging_mixin.py:190} INFO - [2025-04-30T00:47:39.097+0000] {dag.py:4138} INFO - Setting next_dagrun for example_branch_dop_operator_v3 to 2025-04-30 00:46:00+00:00, run_after=2025-04-30 00:47:00+00:00
[2025-04-30T00:47:39.118+0000] {processor.py:208} INFO - Processing /home/airflow/.local/lib/python3.12/site-packages/airflow/example_dags/example_branch_python_dop_operator_3.py took 0.097 seconds
[2025-04-30T00:48:09.517+0000] {processor.py:186} INFO - Started process (PID=2240) to work on /home/airflow/.local/lib/python3.12/site-packages/airflow/example_dags/example_branch_python_dop_operator_3.py
[2025-04-30T00:48:09.518+0000] {processor.py:914} INFO - Processing file /home/airflow/.local/lib/python3.12/site-packages/airflow/example_dags/example_branch_python_dop_operator_3.py for tasks to queue
[2025-04-30T00:48:09.521+0000] {logging_mixin.py:190} INFO - [2025-04-30T00:48:09.520+0000] {dagbag.py:587} INFO - Filling up the DagBag from /home/airflow/.local/lib/python3.12/site-packages/airflow/example_dags/example_branch_python_dop_operator_3.py
[2025-04-30T00:48:09.533+0000] {processor.py:925} INFO - DAG(s) 'example_branch_dop_operator_v3' retrieved from /home/airflow/.local/lib/python3.12/site-packages/airflow/example_dags/example_branch_python_dop_operator_3.py
[2025-04-30T00:48:09.562+0000] {logging_mixin.py:190} INFO - [2025-04-30T00:48:09.562+0000] {dag.py:3211} INFO - Sync 1 DAGs
[2025-04-30T00:48:09.598+0000] {logging_mixin.py:190} INFO - [2025-04-30T00:48:09.598+0000] {dag.py:4138} INFO - Setting next_dagrun for example_branch_dop_operator_v3 to 2025-04-30 00:47:00+00:00, run_after=2025-04-30 00:48:00+00:00
[2025-04-30T00:48:09.626+0000] {processor.py:208} INFO - Processing /home/airflow/.local/lib/python3.12/site-packages/airflow/example_dags/example_branch_python_dop_operator_3.py took 0.118 seconds
[2025-04-30T00:48:39.848+0000] {processor.py:186} INFO - Started process (PID=2303) to work on /home/airflow/.local/lib/python3.12/site-packages/airflow/example_dags/example_branch_python_dop_operator_3.py
[2025-04-30T00:48:39.850+0000] {processor.py:914} INFO - Processing file /home/airflow/.local/lib/python3.12/site-packages/airflow/example_dags/example_branch_python_dop_operator_3.py for tasks to queue
[2025-04-30T00:48:39.852+0000] {logging_mixin.py:190} INFO - [2025-04-30T00:48:39.851+0000] {dagbag.py:587} INFO - Filling up the DagBag from /home/airflow/.local/lib/python3.12/site-packages/airflow/example_dags/example_branch_python_dop_operator_3.py
[2025-04-30T00:48:39.864+0000] {processor.py:925} INFO - DAG(s) 'example_branch_dop_operator_v3' retrieved from /home/airflow/.local/lib/python3.12/site-packages/airflow/example_dags/example_branch_python_dop_operator_3.py
[2025-04-30T00:48:39.893+0000] {logging_mixin.py:190} INFO - [2025-04-30T00:48:39.892+0000] {dag.py:3211} INFO - Sync 1 DAGs
[2025-04-30T00:48:39.928+0000] {logging_mixin.py:190} INFO - [2025-04-30T00:48:39.928+0000] {dag.py:4138} INFO - Setting next_dagrun for example_branch_dop_operator_v3 to 2025-04-30 00:47:00+00:00, run_after=2025-04-30 00:48:00+00:00
[2025-04-30T00:48:39.953+0000] {processor.py:208} INFO - Processing /home/airflow/.local/lib/python3.12/site-packages/airflow/example_dags/example_branch_python_dop_operator_3.py took 0.114 seconds
[2025-04-30T00:49:10.369+0000] {processor.py:186} INFO - Started process (PID=2372) to work on /home/airflow/.local/lib/python3.12/site-packages/airflow/example_dags/example_branch_python_dop_operator_3.py
[2025-04-30T00:49:10.370+0000] {processor.py:914} INFO - Processing file /home/airflow/.local/lib/python3.12/site-packages/airflow/example_dags/example_branch_python_dop_operator_3.py for tasks to queue
[2025-04-30T00:49:10.372+0000] {logging_mixin.py:190} INFO - [2025-04-30T00:49:10.372+0000] {dagbag.py:587} INFO - Filling up the DagBag from /home/airflow/.local/lib/python3.12/site-packages/airflow/example_dags/example_branch_python_dop_operator_3.py
[2025-04-30T00:49:10.383+0000] {processor.py:925} INFO - DAG(s) 'example_branch_dop_operator_v3' retrieved from /home/airflow/.local/lib/python3.12/site-packages/airflow/example_dags/example_branch_python_dop_operator_3.py
[2025-04-30T00:49:10.410+0000] {logging_mixin.py:190} INFO - [2025-04-30T00:49:10.410+0000] {dag.py:3211} INFO - Sync 1 DAGs
[2025-04-30T00:49:10.448+0000] {logging_mixin.py:190} INFO - [2025-04-30T00:49:10.448+0000] {dag.py:4138} INFO - Setting next_dagrun for example_branch_dop_operator_v3 to 2025-04-30 00:48:00+00:00, run_after=2025-04-30 00:49:00+00:00
[2025-04-30T00:49:10.476+0000] {processor.py:208} INFO - Processing /home/airflow/.local/lib/python3.12/site-packages/airflow/example_dags/example_branch_python_dop_operator_3.py took 0.113 seconds
[2025-04-30T00:49:40.866+0000] {processor.py:186} INFO - Started process (PID=2435) to work on /home/airflow/.local/lib/python3.12/site-packages/airflow/example_dags/example_branch_python_dop_operator_3.py
[2025-04-30T00:49:40.867+0000] {processor.py:914} INFO - Processing file /home/airflow/.local/lib/python3.12/site-packages/airflow/example_dags/example_branch_python_dop_operator_3.py for tasks to queue
[2025-04-30T00:49:40.868+0000] {logging_mixin.py:190} INFO - [2025-04-30T00:49:40.868+0000] {dagbag.py:587} INFO - Filling up the DagBag from /home/airflow/.local/lib/python3.12/site-packages/airflow/example_dags/example_branch_python_dop_operator_3.py
[2025-04-30T00:49:40.879+0000] {processor.py:925} INFO - DAG(s) 'example_branch_dop_operator_v3' retrieved from /home/airflow/.local/lib/python3.12/site-packages/airflow/example_dags/example_branch_python_dop_operator_3.py
[2025-04-30T00:49:40.902+0000] {logging_mixin.py:190} INFO - [2025-04-30T00:49:40.902+0000] {dag.py:3211} INFO - Sync 1 DAGs
[2025-04-30T00:49:40.929+0000] {logging_mixin.py:190} INFO - [2025-04-30T00:49:40.929+0000] {dag.py:4138} INFO - Setting next_dagrun for example_branch_dop_operator_v3 to 2025-04-30 00:48:00+00:00, run_after=2025-04-30 00:49:00+00:00
[2025-04-30T00:49:40.955+0000] {processor.py:208} INFO - Processing /home/airflow/.local/lib/python3.12/site-packages/airflow/example_dags/example_branch_python_dop_operator_3.py took 0.096 seconds
[2025-04-30T00:50:11.180+0000] {processor.py:186} INFO - Started process (PID=2499) to work on /home/airflow/.local/lib/python3.12/site-packages/airflow/example_dags/example_branch_python_dop_operator_3.py
[2025-04-30T00:50:11.181+0000] {processor.py:914} INFO - Processing file /home/airflow/.local/lib/python3.12/site-packages/airflow/example_dags/example_branch_python_dop_operator_3.py for tasks to queue
[2025-04-30T00:50:11.183+0000] {logging_mixin.py:190} INFO - [2025-04-30T00:50:11.182+0000] {dagbag.py:587} INFO - Filling up the DagBag from /home/airflow/.local/lib/python3.12/site-packages/airflow/example_dags/example_branch_python_dop_operator_3.py
[2025-04-30T00:50:11.194+0000] {processor.py:925} INFO - DAG(s) 'example_branch_dop_operator_v3' retrieved from /home/airflow/.local/lib/python3.12/site-packages/airflow/example_dags/example_branch_python_dop_operator_3.py
[2025-04-30T00:50:11.216+0000] {logging_mixin.py:190} INFO - [2025-04-30T00:50:11.216+0000] {dag.py:3211} INFO - Sync 1 DAGs
[2025-04-30T00:50:11.241+0000] {logging_mixin.py:190} INFO - [2025-04-30T00:50:11.241+0000] {dag.py:4138} INFO - Setting next_dagrun for example_branch_dop_operator_v3 to 2025-04-30 00:49:00+00:00, run_after=2025-04-30 00:50:00+00:00
[2025-04-30T00:50:11.272+0000] {processor.py:208} INFO - Processing /home/airflow/.local/lib/python3.12/site-packages/airflow/example_dags/example_branch_python_dop_operator_3.py took 0.098 seconds
[2025-04-30T00:50:42.188+0000] {processor.py:186} INFO - Started process (PID=2562) to work on /home/airflow/.local/lib/python3.12/site-packages/airflow/example_dags/example_branch_python_dop_operator_3.py
[2025-04-30T00:50:42.189+0000] {processor.py:914} INFO - Processing file /home/airflow/.local/lib/python3.12/site-packages/airflow/example_dags/example_branch_python_dop_operator_3.py for tasks to queue
[2025-04-30T00:50:42.191+0000] {logging_mixin.py:190} INFO - [2025-04-30T00:50:42.190+0000] {dagbag.py:587} INFO - Filling up the DagBag from /home/airflow/.local/lib/python3.12/site-packages/airflow/example_dags/example_branch_python_dop_operator_3.py
[2025-04-30T00:50:42.201+0000] {processor.py:925} INFO - DAG(s) 'example_branch_dop_operator_v3' retrieved from /home/airflow/.local/lib/python3.12/site-packages/airflow/example_dags/example_branch_python_dop_operator_3.py
[2025-04-30T00:50:42.224+0000] {logging_mixin.py:190} INFO - [2025-04-30T00:50:42.224+0000] {dag.py:3211} INFO - Sync 1 DAGs
[2025-04-30T00:50:42.252+0000] {logging_mixin.py:190} INFO - [2025-04-30T00:50:42.252+0000] {dag.py:4138} INFO - Setting next_dagrun for example_branch_dop_operator_v3 to 2025-04-30 00:49:00+00:00, run_after=2025-04-30 00:50:00+00:00
[2025-04-30T00:50:42.275+0000] {processor.py:208} INFO - Processing /home/airflow/.local/lib/python3.12/site-packages/airflow/example_dags/example_branch_python_dop_operator_3.py took 0.095 seconds
[2025-04-30T00:51:12.802+0000] {processor.py:186} INFO - Started process (PID=2625) to work on /home/airflow/.local/lib/python3.12/site-packages/airflow/example_dags/example_branch_python_dop_operator_3.py
[2025-04-30T00:51:12.803+0000] {processor.py:914} INFO - Processing file /home/airflow/.local/lib/python3.12/site-packages/airflow/example_dags/example_branch_python_dop_operator_3.py for tasks to queue
[2025-04-30T00:51:12.805+0000] {logging_mixin.py:190} INFO - [2025-04-30T00:51:12.804+0000] {dagbag.py:587} INFO - Filling up the DagBag from /home/airflow/.local/lib/python3.12/site-packages/airflow/example_dags/example_branch_python_dop_operator_3.py
[2025-04-30T00:51:12.818+0000] {processor.py:925} INFO - DAG(s) 'example_branch_dop_operator_v3' retrieved from /home/airflow/.local/lib/python3.12/site-packages/airflow/example_dags/example_branch_python_dop_operator_3.py
[2025-04-30T00:51:12.844+0000] {logging_mixin.py:190} INFO - [2025-04-30T00:51:12.844+0000] {dag.py:3211} INFO - Sync 1 DAGs
[2025-04-30T00:51:12.878+0000] {logging_mixin.py:190} INFO - [2025-04-30T00:51:12.877+0000] {dag.py:4138} INFO - Setting next_dagrun for example_branch_dop_operator_v3 to 2025-04-30 00:50:00+00:00, run_after=2025-04-30 00:51:00+00:00
[2025-04-30T00:51:12.908+0000] {processor.py:208} INFO - Processing /home/airflow/.local/lib/python3.12/site-packages/airflow/example_dags/example_branch_python_dop_operator_3.py took 0.113 seconds
[2025-04-30T00:51:43.354+0000] {processor.py:186} INFO - Started process (PID=2688) to work on /home/airflow/.local/lib/python3.12/site-packages/airflow/example_dags/example_branch_python_dop_operator_3.py
[2025-04-30T00:51:43.355+0000] {processor.py:914} INFO - Processing file /home/airflow/.local/lib/python3.12/site-packages/airflow/example_dags/example_branch_python_dop_operator_3.py for tasks to queue
[2025-04-30T00:51:43.357+0000] {logging_mixin.py:190} INFO - [2025-04-30T00:51:43.357+0000] {dagbag.py:587} INFO - Filling up the DagBag from /home/airflow/.local/lib/python3.12/site-packages/airflow/example_dags/example_branch_python_dop_operator_3.py
[2025-04-30T00:51:43.370+0000] {processor.py:925} INFO - DAG(s) 'example_branch_dop_operator_v3' retrieved from /home/airflow/.local/lib/python3.12/site-packages/airflow/example_dags/example_branch_python_dop_operator_3.py
[2025-04-30T00:51:43.393+0000] {logging_mixin.py:190} INFO - [2025-04-30T00:51:43.393+0000] {dag.py:3211} INFO - Sync 1 DAGs
[2025-04-30T00:51:43.421+0000] {logging_mixin.py:190} INFO - [2025-04-30T00:51:43.421+0000] {dag.py:4138} INFO - Setting next_dagrun for example_branch_dop_operator_v3 to 2025-04-30 00:50:00+00:00, run_after=2025-04-30 00:51:00+00:00
[2025-04-30T00:51:43.453+0000] {processor.py:208} INFO - Processing /home/airflow/.local/lib/python3.12/site-packages/airflow/example_dags/example_branch_python_dop_operator_3.py took 0.108 seconds
[2025-04-30T00:59:30.361+0000] {processor.py:186} INFO - Started process (PID=2716) to work on /home/airflow/.local/lib/python3.12/site-packages/airflow/example_dags/example_branch_python_dop_operator_3.py
[2025-04-30T00:59:30.363+0000] {processor.py:914} INFO - Processing file /home/airflow/.local/lib/python3.12/site-packages/airflow/example_dags/example_branch_python_dop_operator_3.py for tasks to queue
[2025-04-30T00:59:30.366+0000] {logging_mixin.py:190} INFO - [2025-04-30T00:59:30.365+0000] {dagbag.py:587} INFO - Filling up the DagBag from /home/airflow/.local/lib/python3.12/site-packages/airflow/example_dags/example_branch_python_dop_operator_3.py
[2025-04-30T00:59:30.403+0000] {processor.py:925} INFO - DAG(s) 'example_branch_dop_operator_v3' retrieved from /home/airflow/.local/lib/python3.12/site-packages/airflow/example_dags/example_branch_python_dop_operator_3.py
[2025-04-30T00:59:30.461+0000] {logging_mixin.py:190} INFO - [2025-04-30T00:59:30.460+0000] {dag.py:3211} INFO - Sync 1 DAGs
[2025-04-30T00:59:30.550+0000] {logging_mixin.py:190} INFO - [2025-04-30T00:59:30.550+0000] {dag.py:4138} INFO - Setting next_dagrun for example_branch_dop_operator_v3 to 2025-04-30 00:58:00+00:00, run_after=2025-04-30 00:59:00+00:00
[2025-04-30T00:59:30.587+0000] {processor.py:208} INFO - Processing /home/airflow/.local/lib/python3.12/site-packages/airflow/example_dags/example_branch_python_dop_operator_3.py took 0.244 seconds
[2025-04-30T01:00:00.653+0000] {processor.py:186} INFO - Started process (PID=2779) to work on /home/airflow/.local/lib/python3.12/site-packages/airflow/example_dags/example_branch_python_dop_operator_3.py
[2025-04-30T01:00:00.655+0000] {processor.py:914} INFO - Processing file /home/airflow/.local/lib/python3.12/site-packages/airflow/example_dags/example_branch_python_dop_operator_3.py for tasks to queue
[2025-04-30T01:00:00.656+0000] {logging_mixin.py:190} INFO - [2025-04-30T01:00:00.656+0000] {dagbag.py:587} INFO - Filling up the DagBag from /home/airflow/.local/lib/python3.12/site-packages/airflow/example_dags/example_branch_python_dop_operator_3.py
[2025-04-30T01:00:00.667+0000] {processor.py:925} INFO - DAG(s) 'example_branch_dop_operator_v3' retrieved from /home/airflow/.local/lib/python3.12/site-packages/airflow/example_dags/example_branch_python_dop_operator_3.py
[2025-04-30T01:00:00.692+0000] {logging_mixin.py:190} INFO - [2025-04-30T01:00:00.691+0000] {dag.py:3211} INFO - Sync 1 DAGs
[2025-04-30T01:00:00.727+0000] {logging_mixin.py:190} INFO - [2025-04-30T01:00:00.727+0000] {dag.py:4138} INFO - Setting next_dagrun for example_branch_dop_operator_v3 to 2025-04-30 00:59:00+00:00, run_after=2025-04-30 01:00:00+00:00
[2025-04-30T01:00:00.750+0000] {processor.py:208} INFO - Processing /home/airflow/.local/lib/python3.12/site-packages/airflow/example_dags/example_branch_python_dop_operator_3.py took 0.104 seconds
[2025-04-30T01:00:31.400+0000] {processor.py:186} INFO - Started process (PID=2840) to work on /home/airflow/.local/lib/python3.12/site-packages/airflow/example_dags/example_branch_python_dop_operator_3.py
[2025-04-30T01:00:31.401+0000] {processor.py:914} INFO - Processing file /home/airflow/.local/lib/python3.12/site-packages/airflow/example_dags/example_branch_python_dop_operator_3.py for tasks to queue
[2025-04-30T01:00:31.403+0000] {logging_mixin.py:190} INFO - [2025-04-30T01:00:31.403+0000] {dagbag.py:587} INFO - Filling up the DagBag from /home/airflow/.local/lib/python3.12/site-packages/airflow/example_dags/example_branch_python_dop_operator_3.py
[2025-04-30T01:00:31.417+0000] {processor.py:925} INFO - DAG(s) 'example_branch_dop_operator_v3' retrieved from /home/airflow/.local/lib/python3.12/site-packages/airflow/example_dags/example_branch_python_dop_operator_3.py
[2025-04-30T01:00:31.444+0000] {logging_mixin.py:190} INFO - [2025-04-30T01:00:31.443+0000] {dag.py:3211} INFO - Sync 1 DAGs
[2025-04-30T01:00:31.481+0000] {logging_mixin.py:190} INFO - [2025-04-30T01:00:31.481+0000] {dag.py:4138} INFO - Setting next_dagrun for example_branch_dop_operator_v3 to 2025-04-30 00:59:00+00:00, run_after=2025-04-30 01:00:00+00:00
[2025-04-30T01:00:31.509+0000] {processor.py:208} INFO - Processing /home/airflow/.local/lib/python3.12/site-packages/airflow/example_dags/example_branch_python_dop_operator_3.py took 0.116 seconds
[2025-04-30T01:01:02.584+0000] {processor.py:186} INFO - Started process (PID=2901) to work on /home/airflow/.local/lib/python3.12/site-packages/airflow/example_dags/example_branch_python_dop_operator_3.py
[2025-04-30T01:01:02.586+0000] {processor.py:914} INFO - Processing file /home/airflow/.local/lib/python3.12/site-packages/airflow/example_dags/example_branch_python_dop_operator_3.py for tasks to queue
[2025-04-30T01:01:02.587+0000] {logging_mixin.py:190} INFO - [2025-04-30T01:01:02.587+0000] {dagbag.py:587} INFO - Filling up the DagBag from /home/airflow/.local/lib/python3.12/site-packages/airflow/example_dags/example_branch_python_dop_operator_3.py
[2025-04-30T01:01:02.602+0000] {processor.py:925} INFO - DAG(s) 'example_branch_dop_operator_v3' retrieved from /home/airflow/.local/lib/python3.12/site-packages/airflow/example_dags/example_branch_python_dop_operator_3.py
[2025-04-30T01:01:02.635+0000] {logging_mixin.py:190} INFO - [2025-04-30T01:01:02.635+0000] {dag.py:3211} INFO - Sync 1 DAGs
[2025-04-30T01:01:02.681+0000] {logging_mixin.py:190} INFO - [2025-04-30T01:01:02.681+0000] {dag.py:4138} INFO - Setting next_dagrun for example_branch_dop_operator_v3 to 2025-04-30 01:00:00+00:00, run_after=2025-04-30 01:01:00+00:00
[2025-04-30T01:01:02.896+0000] {processor.py:208} INFO - Processing /home/airflow/.local/lib/python3.12/site-packages/airflow/example_dags/example_branch_python_dop_operator_3.py took 0.322 seconds
[2025-04-30T01:01:33.025+0000] {processor.py:186} INFO - Started process (PID=2965) to work on /home/airflow/.local/lib/python3.12/site-packages/airflow/example_dags/example_branch_python_dop_operator_3.py
[2025-04-30T01:01:33.027+0000] {processor.py:914} INFO - Processing file /home/airflow/.local/lib/python3.12/site-packages/airflow/example_dags/example_branch_python_dop_operator_3.py for tasks to queue
[2025-04-30T01:01:33.029+0000] {logging_mixin.py:190} INFO - [2025-04-30T01:01:33.028+0000] {dagbag.py:587} INFO - Filling up the DagBag from /home/airflow/.local/lib/python3.12/site-packages/airflow/example_dags/example_branch_python_dop_operator_3.py
[2025-04-30T01:01:33.044+0000] {processor.py:925} INFO - DAG(s) 'example_branch_dop_operator_v3' retrieved from /home/airflow/.local/lib/python3.12/site-packages/airflow/example_dags/example_branch_python_dop_operator_3.py
[2025-04-30T01:01:33.072+0000] {logging_mixin.py:190} INFO - [2025-04-30T01:01:33.071+0000] {dag.py:3211} INFO - Sync 1 DAGs
[2025-04-30T01:01:33.103+0000] {logging_mixin.py:190} INFO - [2025-04-30T01:01:33.103+0000] {dag.py:4138} INFO - Setting next_dagrun for example_branch_dop_operator_v3 to 2025-04-30 01:00:00+00:00, run_after=2025-04-30 01:01:00+00:00
[2025-04-30T01:01:33.130+0000] {processor.py:208} INFO - Processing /home/airflow/.local/lib/python3.12/site-packages/airflow/example_dags/example_branch_python_dop_operator_3.py took 0.114 seconds
[2025-04-30T01:02:03.318+0000] {processor.py:186} INFO - Started process (PID=3033) to work on /home/airflow/.local/lib/python3.12/site-packages/airflow/example_dags/example_branch_python_dop_operator_3.py
[2025-04-30T01:02:03.320+0000] {processor.py:914} INFO - Processing file /home/airflow/.local/lib/python3.12/site-packages/airflow/example_dags/example_branch_python_dop_operator_3.py for tasks to queue
[2025-04-30T01:02:03.321+0000] {logging_mixin.py:190} INFO - [2025-04-30T01:02:03.321+0000] {dagbag.py:587} INFO - Filling up the DagBag from /home/airflow/.local/lib/python3.12/site-packages/airflow/example_dags/example_branch_python_dop_operator_3.py
[2025-04-30T01:02:03.335+0000] {processor.py:925} INFO - DAG(s) 'example_branch_dop_operator_v3' retrieved from /home/airflow/.local/lib/python3.12/site-packages/airflow/example_dags/example_branch_python_dop_operator_3.py
[2025-04-30T01:02:03.360+0000] {logging_mixin.py:190} INFO - [2025-04-30T01:02:03.360+0000] {dag.py:3211} INFO - Sync 1 DAGs
[2025-04-30T01:02:03.394+0000] {logging_mixin.py:190} INFO - [2025-04-30T01:02:03.394+0000] {dag.py:4138} INFO - Setting next_dagrun for example_branch_dop_operator_v3 to 2025-04-30 01:01:00+00:00, run_after=2025-04-30 01:02:00+00:00
[2025-04-30T01:02:03.419+0000] {processor.py:208} INFO - Processing /home/airflow/.local/lib/python3.12/site-packages/airflow/example_dags/example_branch_python_dop_operator_3.py took 0.107 seconds
[2025-04-30T01:02:33.739+0000] {processor.py:186} INFO - Started process (PID=3096) to work on /home/airflow/.local/lib/python3.12/site-packages/airflow/example_dags/example_branch_python_dop_operator_3.py
[2025-04-30T01:02:33.740+0000] {processor.py:914} INFO - Processing file /home/airflow/.local/lib/python3.12/site-packages/airflow/example_dags/example_branch_python_dop_operator_3.py for tasks to queue
[2025-04-30T01:02:33.742+0000] {logging_mixin.py:190} INFO - [2025-04-30T01:02:33.742+0000] {dagbag.py:587} INFO - Filling up the DagBag from /home/airflow/.local/lib/python3.12/site-packages/airflow/example_dags/example_branch_python_dop_operator_3.py
[2025-04-30T01:02:33.756+0000] {processor.py:925} INFO - DAG(s) 'example_branch_dop_operator_v3' retrieved from /home/airflow/.local/lib/python3.12/site-packages/airflow/example_dags/example_branch_python_dop_operator_3.py
[2025-04-30T01:02:33.782+0000] {logging_mixin.py:190} INFO - [2025-04-30T01:02:33.782+0000] {dag.py:3211} INFO - Sync 1 DAGs
[2025-04-30T01:02:33.815+0000] {logging_mixin.py:190} INFO - [2025-04-30T01:02:33.815+0000] {dag.py:4138} INFO - Setting next_dagrun for example_branch_dop_operator_v3 to 2025-04-30 01:01:00+00:00, run_after=2025-04-30 01:02:00+00:00
[2025-04-30T01:02:33.842+0000] {processor.py:208} INFO - Processing /home/airflow/.local/lib/python3.12/site-packages/airflow/example_dags/example_branch_python_dop_operator_3.py took 0.112 seconds
[2025-04-30T01:03:04.187+0000] {processor.py:186} INFO - Started process (PID=3159) to work on /home/airflow/.local/lib/python3.12/site-packages/airflow/example_dags/example_branch_python_dop_operator_3.py
[2025-04-30T01:03:04.188+0000] {processor.py:914} INFO - Processing file /home/airflow/.local/lib/python3.12/site-packages/airflow/example_dags/example_branch_python_dop_operator_3.py for tasks to queue
[2025-04-30T01:03:04.190+0000] {logging_mixin.py:190} INFO - [2025-04-30T01:03:04.190+0000] {dagbag.py:587} INFO - Filling up the DagBag from /home/airflow/.local/lib/python3.12/site-packages/airflow/example_dags/example_branch_python_dop_operator_3.py
[2025-04-30T01:03:04.205+0000] {processor.py:925} INFO - DAG(s) 'example_branch_dop_operator_v3' retrieved from /home/airflow/.local/lib/python3.12/site-packages/airflow/example_dags/example_branch_python_dop_operator_3.py
[2025-04-30T01:03:04.237+0000] {logging_mixin.py:190} INFO - [2025-04-30T01:03:04.236+0000] {dag.py:3211} INFO - Sync 1 DAGs
[2025-04-30T01:03:04.485+0000] {logging_mixin.py:190} INFO - [2025-04-30T01:03:04.484+0000] {dag.py:4138} INFO - Setting next_dagrun for example_branch_dop_operator_v3 to 2025-04-30 01:02:00+00:00, run_after=2025-04-30 01:03:00+00:00
[2025-04-30T01:03:04.512+0000] {processor.py:208} INFO - Processing /home/airflow/.local/lib/python3.12/site-packages/airflow/example_dags/example_branch_python_dop_operator_3.py took 0.331 seconds
[2025-04-30T01:03:34.762+0000] {processor.py:186} INFO - Started process (PID=3222) to work on /home/airflow/.local/lib/python3.12/site-packages/airflow/example_dags/example_branch_python_dop_operator_3.py
[2025-04-30T01:03:34.764+0000] {processor.py:914} INFO - Processing file /home/airflow/.local/lib/python3.12/site-packages/airflow/example_dags/example_branch_python_dop_operator_3.py for tasks to queue
[2025-04-30T01:03:34.765+0000] {logging_mixin.py:190} INFO - [2025-04-30T01:03:34.765+0000] {dagbag.py:587} INFO - Filling up the DagBag from /home/airflow/.local/lib/python3.12/site-packages/airflow/example_dags/example_branch_python_dop_operator_3.py
[2025-04-30T01:03:34.780+0000] {processor.py:925} INFO - DAG(s) 'example_branch_dop_operator_v3' retrieved from /home/airflow/.local/lib/python3.12/site-packages/airflow/example_dags/example_branch_python_dop_operator_3.py
[2025-04-30T01:03:34.804+0000] {logging_mixin.py:190} INFO - [2025-04-30T01:03:34.804+0000] {dag.py:3211} INFO - Sync 1 DAGs
[2025-04-30T01:03:35.004+0000] {logging_mixin.py:190} INFO - [2025-04-30T01:03:35.004+0000] {dag.py:4138} INFO - Setting next_dagrun for example_branch_dop_operator_v3 to 2025-04-30 01:02:00+00:00, run_after=2025-04-30 01:03:00+00:00
[2025-04-30T01:03:35.031+0000] {processor.py:208} INFO - Processing /home/airflow/.local/lib/python3.12/site-packages/airflow/example_dags/example_branch_python_dop_operator_3.py took 0.276 seconds
[2025-04-30T01:04:05.173+0000] {processor.py:186} INFO - Started process (PID=3285) to work on /home/airflow/.local/lib/python3.12/site-packages/airflow/example_dags/example_branch_python_dop_operator_3.py
[2025-04-30T01:04:05.174+0000] {processor.py:914} INFO - Processing file /home/airflow/.local/lib/python3.12/site-packages/airflow/example_dags/example_branch_python_dop_operator_3.py for tasks to queue
[2025-04-30T01:04:05.176+0000] {logging_mixin.py:190} INFO - [2025-04-30T01:04:05.176+0000] {dagbag.py:587} INFO - Filling up the DagBag from /home/airflow/.local/lib/python3.12/site-packages/airflow/example_dags/example_branch_python_dop_operator_3.py
[2025-04-30T01:04:05.189+0000] {processor.py:925} INFO - DAG(s) 'example_branch_dop_operator_v3' retrieved from /home/airflow/.local/lib/python3.12/site-packages/airflow/example_dags/example_branch_python_dop_operator_3.py
[2025-04-30T01:04:05.213+0000] {logging_mixin.py:190} INFO - [2025-04-30T01:04:05.213+0000] {dag.py:3211} INFO - Sync 1 DAGs
[2025-04-30T01:04:05.240+0000] {logging_mixin.py:190} INFO - [2025-04-30T01:04:05.240+0000] {dag.py:4138} INFO - Setting next_dagrun for example_branch_dop_operator_v3 to 2025-04-30 01:03:00+00:00, run_after=2025-04-30 01:04:00+00:00
[2025-04-30T01:04:05.441+0000] {processor.py:208} INFO - Processing /home/airflow/.local/lib/python3.12/site-packages/airflow/example_dags/example_branch_python_dop_operator_3.py took 0.275 seconds
[2025-04-30T01:04:36.062+0000] {processor.py:186} INFO - Started process (PID=3348) to work on /home/airflow/.local/lib/python3.12/site-packages/airflow/example_dags/example_branch_python_dop_operator_3.py
[2025-04-30T01:04:36.064+0000] {processor.py:914} INFO - Processing file /home/airflow/.local/lib/python3.12/site-packages/airflow/example_dags/example_branch_python_dop_operator_3.py for tasks to queue
[2025-04-30T01:04:36.065+0000] {logging_mixin.py:190} INFO - [2025-04-30T01:04:36.065+0000] {dagbag.py:587} INFO - Filling up the DagBag from /home/airflow/.local/lib/python3.12/site-packages/airflow/example_dags/example_branch_python_dop_operator_3.py
[2025-04-30T01:04:36.076+0000] {processor.py:925} INFO - DAG(s) 'example_branch_dop_operator_v3' retrieved from /home/airflow/.local/lib/python3.12/site-packages/airflow/example_dags/example_branch_python_dop_operator_3.py
[2025-04-30T01:04:36.102+0000] {logging_mixin.py:190} INFO - [2025-04-30T01:04:36.102+0000] {dag.py:3211} INFO - Sync 1 DAGs
[2025-04-30T01:04:36.137+0000] {logging_mixin.py:190} INFO - [2025-04-30T01:04:36.137+0000] {dag.py:4138} INFO - Setting next_dagrun for example_branch_dop_operator_v3 to 2025-04-30 01:03:00+00:00, run_after=2025-04-30 01:04:00+00:00
[2025-04-30T01:04:36.160+0000] {processor.py:208} INFO - Processing /home/airflow/.local/lib/python3.12/site-packages/airflow/example_dags/example_branch_python_dop_operator_3.py took 0.104 seconds
[2025-04-30T01:05:07.008+0000] {processor.py:186} INFO - Started process (PID=3411) to work on /home/airflow/.local/lib/python3.12/site-packages/airflow/example_dags/example_branch_python_dop_operator_3.py
[2025-04-30T01:05:07.009+0000] {processor.py:914} INFO - Processing file /home/airflow/.local/lib/python3.12/site-packages/airflow/example_dags/example_branch_python_dop_operator_3.py for tasks to queue
[2025-04-30T01:05:07.011+0000] {logging_mixin.py:190} INFO - [2025-04-30T01:05:07.011+0000] {dagbag.py:587} INFO - Filling up the DagBag from /home/airflow/.local/lib/python3.12/site-packages/airflow/example_dags/example_branch_python_dop_operator_3.py
[2025-04-30T01:05:07.023+0000] {processor.py:925} INFO - DAG(s) 'example_branch_dop_operator_v3' retrieved from /home/airflow/.local/lib/python3.12/site-packages/airflow/example_dags/example_branch_python_dop_operator_3.py
[2025-04-30T01:05:07.047+0000] {logging_mixin.py:190} INFO - [2025-04-30T01:05:07.047+0000] {dag.py:3211} INFO - Sync 1 DAGs
[2025-04-30T01:05:07.080+0000] {logging_mixin.py:190} INFO - [2025-04-30T01:05:07.079+0000] {dag.py:4138} INFO - Setting next_dagrun for example_branch_dop_operator_v3 to 2025-04-30 01:04:00+00:00, run_after=2025-04-30 01:05:00+00:00
[2025-04-30T01:05:07.105+0000] {processor.py:208} INFO - Processing /home/airflow/.local/lib/python3.12/site-packages/airflow/example_dags/example_branch_python_dop_operator_3.py took 0.104 seconds
[2025-04-30T01:05:37.628+0000] {processor.py:186} INFO - Started process (PID=3474) to work on /home/airflow/.local/lib/python3.12/site-packages/airflow/example_dags/example_branch_python_dop_operator_3.py
[2025-04-30T01:05:37.629+0000] {processor.py:914} INFO - Processing file /home/airflow/.local/lib/python3.12/site-packages/airflow/example_dags/example_branch_python_dop_operator_3.py for tasks to queue
[2025-04-30T01:05:37.631+0000] {logging_mixin.py:190} INFO - [2025-04-30T01:05:37.630+0000] {dagbag.py:587} INFO - Filling up the DagBag from /home/airflow/.local/lib/python3.12/site-packages/airflow/example_dags/example_branch_python_dop_operator_3.py
[2025-04-30T01:05:37.642+0000] {processor.py:925} INFO - DAG(s) 'example_branch_dop_operator_v3' retrieved from /home/airflow/.local/lib/python3.12/site-packages/airflow/example_dags/example_branch_python_dop_operator_3.py
[2025-04-30T01:05:37.664+0000] {logging_mixin.py:190} INFO - [2025-04-30T01:05:37.664+0000] {dag.py:3211} INFO - Sync 1 DAGs
[2025-04-30T01:05:37.693+0000] {logging_mixin.py:190} INFO - [2025-04-30T01:05:37.693+0000] {dag.py:4138} INFO - Setting next_dagrun for example_branch_dop_operator_v3 to 2025-04-30 01:04:00+00:00, run_after=2025-04-30 01:05:00+00:00
[2025-04-30T01:05:37.715+0000] {processor.py:208} INFO - Processing /home/airflow/.local/lib/python3.12/site-packages/airflow/example_dags/example_branch_python_dop_operator_3.py took 0.092 seconds
[2025-04-30T01:06:08.337+0000] {processor.py:186} INFO - Started process (PID=3537) to work on /home/airflow/.local/lib/python3.12/site-packages/airflow/example_dags/example_branch_python_dop_operator_3.py
[2025-04-30T01:06:08.338+0000] {processor.py:914} INFO - Processing file /home/airflow/.local/lib/python3.12/site-packages/airflow/example_dags/example_branch_python_dop_operator_3.py for tasks to queue
[2025-04-30T01:06:08.340+0000] {logging_mixin.py:190} INFO - [2025-04-30T01:06:08.340+0000] {dagbag.py:587} INFO - Filling up the DagBag from /home/airflow/.local/lib/python3.12/site-packages/airflow/example_dags/example_branch_python_dop_operator_3.py
[2025-04-30T01:06:08.356+0000] {processor.py:925} INFO - DAG(s) 'example_branch_dop_operator_v3' retrieved from /home/airflow/.local/lib/python3.12/site-packages/airflow/example_dags/example_branch_python_dop_operator_3.py
[2025-04-30T01:06:08.382+0000] {logging_mixin.py:190} INFO - [2025-04-30T01:06:08.382+0000] {dag.py:3211} INFO - Sync 1 DAGs
[2025-04-30T01:06:08.416+0000] {logging_mixin.py:190} INFO - [2025-04-30T01:06:08.415+0000] {dag.py:4138} INFO - Setting next_dagrun for example_branch_dop_operator_v3 to 2025-04-30 01:05:00+00:00, run_after=2025-04-30 01:06:00+00:00
[2025-04-30T01:06:08.439+0000] {processor.py:208} INFO - Processing /home/airflow/.local/lib/python3.12/site-packages/airflow/example_dags/example_branch_python_dop_operator_3.py took 0.110 seconds
[2025-04-30T01:06:38.525+0000] {processor.py:186} INFO - Started process (PID=3600) to work on /home/airflow/.local/lib/python3.12/site-packages/airflow/example_dags/example_branch_python_dop_operator_3.py
[2025-04-30T01:06:38.526+0000] {processor.py:914} INFO - Processing file /home/airflow/.local/lib/python3.12/site-packages/airflow/example_dags/example_branch_python_dop_operator_3.py for tasks to queue
[2025-04-30T01:06:38.528+0000] {logging_mixin.py:190} INFO - [2025-04-30T01:06:38.527+0000] {dagbag.py:587} INFO - Filling up the DagBag from /home/airflow/.local/lib/python3.12/site-packages/airflow/example_dags/example_branch_python_dop_operator_3.py
[2025-04-30T01:06:38.539+0000] {processor.py:925} INFO - DAG(s) 'example_branch_dop_operator_v3' retrieved from /home/airflow/.local/lib/python3.12/site-packages/airflow/example_dags/example_branch_python_dop_operator_3.py
[2025-04-30T01:06:38.563+0000] {logging_mixin.py:190} INFO - [2025-04-30T01:06:38.562+0000] {dag.py:3211} INFO - Sync 1 DAGs
[2025-04-30T01:06:38.593+0000] {logging_mixin.py:190} INFO - [2025-04-30T01:06:38.593+0000] {dag.py:4138} INFO - Setting next_dagrun for example_branch_dop_operator_v3 to 2025-04-30 01:05:00+00:00, run_after=2025-04-30 01:06:00+00:00
[2025-04-30T01:06:38.615+0000] {processor.py:208} INFO - Processing /home/airflow/.local/lib/python3.12/site-packages/airflow/example_dags/example_branch_python_dop_operator_3.py took 0.097 seconds
[2025-04-30T01:07:08.711+0000] {processor.py:186} INFO - Started process (PID=3663) to work on /home/airflow/.local/lib/python3.12/site-packages/airflow/example_dags/example_branch_python_dop_operator_3.py
[2025-04-30T01:07:08.712+0000] {processor.py:914} INFO - Processing file /home/airflow/.local/lib/python3.12/site-packages/airflow/example_dags/example_branch_python_dop_operator_3.py for tasks to queue
[2025-04-30T01:07:08.714+0000] {logging_mixin.py:190} INFO - [2025-04-30T01:07:08.713+0000] {dagbag.py:587} INFO - Filling up the DagBag from /home/airflow/.local/lib/python3.12/site-packages/airflow/example_dags/example_branch_python_dop_operator_3.py
[2025-04-30T01:07:08.725+0000] {processor.py:925} INFO - DAG(s) 'example_branch_dop_operator_v3' retrieved from /home/airflow/.local/lib/python3.12/site-packages/airflow/example_dags/example_branch_python_dop_operator_3.py
[2025-04-30T01:07:08.750+0000] {logging_mixin.py:190} INFO - [2025-04-30T01:07:08.749+0000] {dag.py:3211} INFO - Sync 1 DAGs
[2025-04-30T01:07:08.786+0000] {logging_mixin.py:190} INFO - [2025-04-30T01:07:08.786+0000] {dag.py:4138} INFO - Setting next_dagrun for example_branch_dop_operator_v3 to 2025-04-30 01:06:00+00:00, run_after=2025-04-30 01:07:00+00:00
[2025-04-30T01:07:08.810+0000] {processor.py:208} INFO - Processing /home/airflow/.local/lib/python3.12/site-packages/airflow/example_dags/example_branch_python_dop_operator_3.py took 0.105 seconds
[2025-04-30T01:07:39.066+0000] {processor.py:186} INFO - Started process (PID=3726) to work on /home/airflow/.local/lib/python3.12/site-packages/airflow/example_dags/example_branch_python_dop_operator_3.py
[2025-04-30T01:07:39.067+0000] {processor.py:914} INFO - Processing file /home/airflow/.local/lib/python3.12/site-packages/airflow/example_dags/example_branch_python_dop_operator_3.py for tasks to queue
[2025-04-30T01:07:39.068+0000] {logging_mixin.py:190} INFO - [2025-04-30T01:07:39.068+0000] {dagbag.py:587} INFO - Filling up the DagBag from /home/airflow/.local/lib/python3.12/site-packages/airflow/example_dags/example_branch_python_dop_operator_3.py
[2025-04-30T01:07:39.080+0000] {processor.py:925} INFO - DAG(s) 'example_branch_dop_operator_v3' retrieved from /home/airflow/.local/lib/python3.12/site-packages/airflow/example_dags/example_branch_python_dop_operator_3.py
[2025-04-30T01:07:39.105+0000] {logging_mixin.py:190} INFO - [2025-04-30T01:07:39.104+0000] {dag.py:3211} INFO - Sync 1 DAGs
[2025-04-30T01:07:39.134+0000] {logging_mixin.py:190} INFO - [2025-04-30T01:07:39.134+0000] {dag.py:4138} INFO - Setting next_dagrun for example_branch_dop_operator_v3 to 2025-04-30 01:06:00+00:00, run_after=2025-04-30 01:07:00+00:00
[2025-04-30T01:07:39.159+0000] {processor.py:208} INFO - Processing /home/airflow/.local/lib/python3.12/site-packages/airflow/example_dags/example_branch_python_dop_operator_3.py took 0.100 seconds
[2025-04-30T01:08:09.859+0000] {processor.py:186} INFO - Started process (PID=3789) to work on /home/airflow/.local/lib/python3.12/site-packages/airflow/example_dags/example_branch_python_dop_operator_3.py
[2025-04-30T01:08:09.860+0000] {processor.py:914} INFO - Processing file /home/airflow/.local/lib/python3.12/site-packages/airflow/example_dags/example_branch_python_dop_operator_3.py for tasks to queue
[2025-04-30T01:08:09.862+0000] {logging_mixin.py:190} INFO - [2025-04-30T01:08:09.861+0000] {dagbag.py:587} INFO - Filling up the DagBag from /home/airflow/.local/lib/python3.12/site-packages/airflow/example_dags/example_branch_python_dop_operator_3.py
[2025-04-30T01:08:09.876+0000] {processor.py:925} INFO - DAG(s) 'example_branch_dop_operator_v3' retrieved from /home/airflow/.local/lib/python3.12/site-packages/airflow/example_dags/example_branch_python_dop_operator_3.py
[2025-04-30T01:08:09.901+0000] {logging_mixin.py:190} INFO - [2025-04-30T01:08:09.900+0000] {dag.py:3211} INFO - Sync 1 DAGs
[2025-04-30T01:08:09.931+0000] {logging_mixin.py:190} INFO - [2025-04-30T01:08:09.930+0000] {dag.py:4138} INFO - Setting next_dagrun for example_branch_dop_operator_v3 to 2025-04-30 01:07:00+00:00, run_after=2025-04-30 01:08:00+00:00
[2025-04-30T01:08:09.953+0000] {processor.py:208} INFO - Processing /home/airflow/.local/lib/python3.12/site-packages/airflow/example_dags/example_branch_python_dop_operator_3.py took 0.100 seconds
[2025-04-30T01:08:40.720+0000] {processor.py:186} INFO - Started process (PID=3851) to work on /home/airflow/.local/lib/python3.12/site-packages/airflow/example_dags/example_branch_python_dop_operator_3.py
[2025-04-30T01:08:40.721+0000] {processor.py:914} INFO - Processing file /home/airflow/.local/lib/python3.12/site-packages/airflow/example_dags/example_branch_python_dop_operator_3.py for tasks to queue
[2025-04-30T01:08:40.722+0000] {logging_mixin.py:190} INFO - [2025-04-30T01:08:40.722+0000] {dagbag.py:587} INFO - Filling up the DagBag from /home/airflow/.local/lib/python3.12/site-packages/airflow/example_dags/example_branch_python_dop_operator_3.py
[2025-04-30T01:08:40.733+0000] {processor.py:925} INFO - DAG(s) 'example_branch_dop_operator_v3' retrieved from /home/airflow/.local/lib/python3.12/site-packages/airflow/example_dags/example_branch_python_dop_operator_3.py
[2025-04-30T01:08:40.761+0000] {logging_mixin.py:190} INFO - [2025-04-30T01:08:40.761+0000] {dag.py:3211} INFO - Sync 1 DAGs
[2025-04-30T01:08:40.801+0000] {logging_mixin.py:190} INFO - [2025-04-30T01:08:40.800+0000] {dag.py:4138} INFO - Setting next_dagrun for example_branch_dop_operator_v3 to 2025-04-30 01:07:00+00:00, run_after=2025-04-30 01:08:00+00:00
[2025-04-30T01:08:40.828+0000] {processor.py:208} INFO - Processing /home/airflow/.local/lib/python3.12/site-packages/airflow/example_dags/example_branch_python_dop_operator_3.py took 0.115 seconds
[2025-04-30T01:09:10.976+0000] {processor.py:186} INFO - Started process (PID=3913) to work on /home/airflow/.local/lib/python3.12/site-packages/airflow/example_dags/example_branch_python_dop_operator_3.py
[2025-04-30T01:09:10.977+0000] {processor.py:914} INFO - Processing file /home/airflow/.local/lib/python3.12/site-packages/airflow/example_dags/example_branch_python_dop_operator_3.py for tasks to queue
[2025-04-30T01:09:10.979+0000] {logging_mixin.py:190} INFO - [2025-04-30T01:09:10.979+0000] {dagbag.py:587} INFO - Filling up the DagBag from /home/airflow/.local/lib/python3.12/site-packages/airflow/example_dags/example_branch_python_dop_operator_3.py
[2025-04-30T01:09:10.994+0000] {processor.py:925} INFO - DAG(s) 'example_branch_dop_operator_v3' retrieved from /home/airflow/.local/lib/python3.12/site-packages/airflow/example_dags/example_branch_python_dop_operator_3.py
[2025-04-30T01:09:11.023+0000] {logging_mixin.py:190} INFO - [2025-04-30T01:09:11.023+0000] {dag.py:3211} INFO - Sync 1 DAGs
[2025-04-30T01:09:11.062+0000] {logging_mixin.py:190} INFO - [2025-04-30T01:09:11.062+0000] {dag.py:4138} INFO - Setting next_dagrun for example_branch_dop_operator_v3 to 2025-04-30 01:08:00+00:00, run_after=2025-04-30 01:09:00+00:00
[2025-04-30T01:09:11.088+0000] {processor.py:208} INFO - Processing /home/airflow/.local/lib/python3.12/site-packages/airflow/example_dags/example_branch_python_dop_operator_3.py took 0.121 seconds
[2025-04-30T01:09:42.139+0000] {processor.py:186} INFO - Started process (PID=3975) to work on /home/airflow/.local/lib/python3.12/site-packages/airflow/example_dags/example_branch_python_dop_operator_3.py
[2025-04-30T01:09:42.140+0000] {processor.py:914} INFO - Processing file /home/airflow/.local/lib/python3.12/site-packages/airflow/example_dags/example_branch_python_dop_operator_3.py for tasks to queue
[2025-04-30T01:09:42.142+0000] {logging_mixin.py:190} INFO - [2025-04-30T01:09:42.141+0000] {dagbag.py:587} INFO - Filling up the DagBag from /home/airflow/.local/lib/python3.12/site-packages/airflow/example_dags/example_branch_python_dop_operator_3.py
[2025-04-30T01:09:42.157+0000] {processor.py:925} INFO - DAG(s) 'example_branch_dop_operator_v3' retrieved from /home/airflow/.local/lib/python3.12/site-packages/airflow/example_dags/example_branch_python_dop_operator_3.py
[2025-04-30T01:09:42.190+0000] {logging_mixin.py:190} INFO - [2025-04-30T01:09:42.190+0000] {dag.py:3211} INFO - Sync 1 DAGs
[2025-04-30T01:09:42.237+0000] {logging_mixin.py:190} INFO - [2025-04-30T01:09:42.236+0000] {dag.py:4138} INFO - Setting next_dagrun for example_branch_dop_operator_v3 to 2025-04-30 01:08:00+00:00, run_after=2025-04-30 01:09:00+00:00
[2025-04-30T01:09:42.270+0000] {processor.py:208} INFO - Processing /home/airflow/.local/lib/python3.12/site-packages/airflow/example_dags/example_branch_python_dop_operator_3.py took 0.139 seconds
[2025-04-30T01:10:13.152+0000] {processor.py:186} INFO - Started process (PID=4037) to work on /home/airflow/.local/lib/python3.12/site-packages/airflow/example_dags/example_branch_python_dop_operator_3.py
[2025-04-30T01:10:13.153+0000] {processor.py:914} INFO - Processing file /home/airflow/.local/lib/python3.12/site-packages/airflow/example_dags/example_branch_python_dop_operator_3.py for tasks to queue
[2025-04-30T01:10:13.155+0000] {logging_mixin.py:190} INFO - [2025-04-30T01:10:13.154+0000] {dagbag.py:587} INFO - Filling up the DagBag from /home/airflow/.local/lib/python3.12/site-packages/airflow/example_dags/example_branch_python_dop_operator_3.py
[2025-04-30T01:10:13.167+0000] {processor.py:925} INFO - DAG(s) 'example_branch_dop_operator_v3' retrieved from /home/airflow/.local/lib/python3.12/site-packages/airflow/example_dags/example_branch_python_dop_operator_3.py
[2025-04-30T01:10:13.192+0000] {logging_mixin.py:190} INFO - [2025-04-30T01:10:13.192+0000] {dag.py:3211} INFO - Sync 1 DAGs
[2025-04-30T01:10:13.224+0000] {logging_mixin.py:190} INFO - [2025-04-30T01:10:13.223+0000] {dag.py:4138} INFO - Setting next_dagrun for example_branch_dop_operator_v3 to 2025-04-30 01:09:00+00:00, run_after=2025-04-30 01:10:00+00:00
[2025-04-30T01:10:13.249+0000] {processor.py:208} INFO - Processing /home/airflow/.local/lib/python3.12/site-packages/airflow/example_dags/example_branch_python_dop_operator_3.py took 0.105 seconds
[2025-04-30T01:10:44.203+0000] {processor.py:186} INFO - Started process (PID=4099) to work on /home/airflow/.local/lib/python3.12/site-packages/airflow/example_dags/example_branch_python_dop_operator_3.py
[2025-04-30T01:10:44.205+0000] {processor.py:914} INFO - Processing file /home/airflow/.local/lib/python3.12/site-packages/airflow/example_dags/example_branch_python_dop_operator_3.py for tasks to queue
[2025-04-30T01:10:44.206+0000] {logging_mixin.py:190} INFO - [2025-04-30T01:10:44.206+0000] {dagbag.py:587} INFO - Filling up the DagBag from /home/airflow/.local/lib/python3.12/site-packages/airflow/example_dags/example_branch_python_dop_operator_3.py
[2025-04-30T01:10:44.217+0000] {processor.py:925} INFO - DAG(s) 'example_branch_dop_operator_v3' retrieved from /home/airflow/.local/lib/python3.12/site-packages/airflow/example_dags/example_branch_python_dop_operator_3.py
[2025-04-30T01:10:44.240+0000] {logging_mixin.py:190} INFO - [2025-04-30T01:10:44.240+0000] {dag.py:3211} INFO - Sync 1 DAGs
[2025-04-30T01:10:44.270+0000] {logging_mixin.py:190} INFO - [2025-04-30T01:10:44.270+0000] {dag.py:4138} INFO - Setting next_dagrun for example_branch_dop_operator_v3 to 2025-04-30 01:09:00+00:00, run_after=2025-04-30 01:10:00+00:00
[2025-04-30T01:10:44.293+0000] {processor.py:208} INFO - Processing /home/airflow/.local/lib/python3.12/site-packages/airflow/example_dags/example_branch_python_dop_operator_3.py took 0.095 seconds
[2025-04-30T01:11:15.105+0000] {processor.py:186} INFO - Started process (PID=4167) to work on /home/airflow/.local/lib/python3.12/site-packages/airflow/example_dags/example_branch_python_dop_operator_3.py
[2025-04-30T01:11:15.107+0000] {processor.py:914} INFO - Processing file /home/airflow/.local/lib/python3.12/site-packages/airflow/example_dags/example_branch_python_dop_operator_3.py for tasks to queue
[2025-04-30T01:11:15.109+0000] {logging_mixin.py:190} INFO - [2025-04-30T01:11:15.108+0000] {dagbag.py:587} INFO - Filling up the DagBag from /home/airflow/.local/lib/python3.12/site-packages/airflow/example_dags/example_branch_python_dop_operator_3.py
[2025-04-30T01:11:15.120+0000] {processor.py:925} INFO - DAG(s) 'example_branch_dop_operator_v3' retrieved from /home/airflow/.local/lib/python3.12/site-packages/airflow/example_dags/example_branch_python_dop_operator_3.py
[2025-04-30T01:11:15.147+0000] {logging_mixin.py:190} INFO - [2025-04-30T01:11:15.146+0000] {dag.py:3211} INFO - Sync 1 DAGs
[2025-04-30T01:11:15.179+0000] {logging_mixin.py:190} INFO - [2025-04-30T01:11:15.179+0000] {dag.py:4138} INFO - Setting next_dagrun for example_branch_dop_operator_v3 to 2025-04-30 01:10:00+00:00, run_after=2025-04-30 01:11:00+00:00
[2025-04-30T01:11:15.201+0000] {processor.py:208} INFO - Processing /home/airflow/.local/lib/python3.12/site-packages/airflow/example_dags/example_branch_python_dop_operator_3.py took 0.103 seconds
[2025-04-30T01:11:45.754+0000] {processor.py:186} INFO - Started process (PID=4229) to work on /home/airflow/.local/lib/python3.12/site-packages/airflow/example_dags/example_branch_python_dop_operator_3.py
[2025-04-30T01:11:45.756+0000] {processor.py:914} INFO - Processing file /home/airflow/.local/lib/python3.12/site-packages/airflow/example_dags/example_branch_python_dop_operator_3.py for tasks to queue
[2025-04-30T01:11:45.758+0000] {logging_mixin.py:190} INFO - [2025-04-30T01:11:45.757+0000] {dagbag.py:587} INFO - Filling up the DagBag from /home/airflow/.local/lib/python3.12/site-packages/airflow/example_dags/example_branch_python_dop_operator_3.py
[2025-04-30T01:11:45.772+0000] {processor.py:925} INFO - DAG(s) 'example_branch_dop_operator_v3' retrieved from /home/airflow/.local/lib/python3.12/site-packages/airflow/example_dags/example_branch_python_dop_operator_3.py
[2025-04-30T01:11:45.798+0000] {logging_mixin.py:190} INFO - [2025-04-30T01:11:45.798+0000] {dag.py:3211} INFO - Sync 1 DAGs
[2025-04-30T01:11:45.831+0000] {logging_mixin.py:190} INFO - [2025-04-30T01:11:45.830+0000] {dag.py:4138} INFO - Setting next_dagrun for example_branch_dop_operator_v3 to 2025-04-30 01:10:00+00:00, run_after=2025-04-30 01:11:00+00:00
[2025-04-30T01:11:45.853+0000] {processor.py:208} INFO - Processing /home/airflow/.local/lib/python3.12/site-packages/airflow/example_dags/example_branch_python_dop_operator_3.py took 0.105 seconds
[2025-04-30T01:12:16.018+0000] {processor.py:186} INFO - Started process (PID=4291) to work on /home/airflow/.local/lib/python3.12/site-packages/airflow/example_dags/example_branch_python_dop_operator_3.py
[2025-04-30T01:12:16.019+0000] {processor.py:914} INFO - Processing file /home/airflow/.local/lib/python3.12/site-packages/airflow/example_dags/example_branch_python_dop_operator_3.py for tasks to queue
[2025-04-30T01:12:16.021+0000] {logging_mixin.py:190} INFO - [2025-04-30T01:12:16.021+0000] {dagbag.py:587} INFO - Filling up the DagBag from /home/airflow/.local/lib/python3.12/site-packages/airflow/example_dags/example_branch_python_dop_operator_3.py
[2025-04-30T01:12:16.032+0000] {processor.py:925} INFO - DAG(s) 'example_branch_dop_operator_v3' retrieved from /home/airflow/.local/lib/python3.12/site-packages/airflow/example_dags/example_branch_python_dop_operator_3.py
[2025-04-30T01:12:16.056+0000] {logging_mixin.py:190} INFO - [2025-04-30T01:12:16.055+0000] {dag.py:3211} INFO - Sync 1 DAGs
[2025-04-30T01:12:16.087+0000] {logging_mixin.py:190} INFO - [2025-04-30T01:12:16.087+0000] {dag.py:4138} INFO - Setting next_dagrun for example_branch_dop_operator_v3 to 2025-04-30 01:11:00+00:00, run_after=2025-04-30 01:12:00+00:00
[2025-04-30T01:12:16.110+0000] {processor.py:208} INFO - Processing /home/airflow/.local/lib/python3.12/site-packages/airflow/example_dags/example_branch_python_dop_operator_3.py took 0.099 seconds
