[2025-04-30T00:30:54.050+0000] {processor.py:186} INFO - Started process (PID=108) to work on /home/airflow/.local/lib/python3.12/site-packages/airflow/example_dags/example_task_group.py
[2025-04-30T00:30:54.052+0000] {processor.py:914} INFO - Processing file /home/airflow/.local/lib/python3.12/site-packages/airflow/example_dags/example_task_group.py for tasks to queue
[2025-04-30T00:30:54.057+0000] {logging_mixin.py:190} INFO - [2025-04-30T00:30:54.057+0000] {dagbag.py:587} INFO - Filling up the DagBag from /home/airflow/.local/lib/python3.12/site-packages/airflow/example_dags/example_task_group.py
[2025-04-30T00:30:54.077+0000] {processor.py:925} INFO - DAG(s) 'example_task_group' retrieved from /home/airflow/.local/lib/python3.12/site-packages/airflow/example_dags/example_task_group.py
[2025-04-30T00:30:54.311+0000] {logging_mixin.py:190} INFO - [2025-04-30T00:30:54.309+0000] {override.py:1858} INFO - Created Permission View: can edit on DAG:example_task_group
[2025-04-30T00:30:54.338+0000] {logging_mixin.py:190} INFO - [2025-04-30T00:30:54.337+0000] {override.py:1858} INFO - Created Permission View: can read on DAG:example_task_group
[2025-04-30T00:30:54.354+0000] {logging_mixin.py:190} INFO - [2025-04-30T00:30:54.353+0000] {override.py:1858} INFO - Created Permission View: can delete on DAG:example_task_group
[2025-04-30T00:30:54.356+0000] {logging_mixin.py:190} INFO - [2025-04-30T00:30:54.356+0000] {dag.py:3211} INFO - Sync 1 DAGs
[2025-04-30T00:30:54.393+0000] {logging_mixin.py:190} INFO - [2025-04-30T00:30:54.393+0000] {dag.py:3234} INFO - Creating ORM DAG for example_task_group
[2025-04-30T00:30:54.422+0000] {logging_mixin.py:190} INFO - [2025-04-30T00:30:54.421+0000] {dag.py:4138} INFO - Setting next_dagrun for example_task_group to 2025-04-29 00:00:00+00:00, run_after=2025-04-30 00:00:00+00:00
[2025-04-30T00:30:54.456+0000] {processor.py:208} INFO - Processing /home/airflow/.local/lib/python3.12/site-packages/airflow/example_dags/example_task_group.py took 0.417 seconds
[2025-04-30T00:31:25.060+0000] {processor.py:186} INFO - Started process (PID=177) to work on /home/airflow/.local/lib/python3.12/site-packages/airflow/example_dags/example_task_group.py
[2025-04-30T00:31:25.062+0000] {processor.py:914} INFO - Processing file /home/airflow/.local/lib/python3.12/site-packages/airflow/example_dags/example_task_group.py for tasks to queue
[2025-04-30T00:31:25.068+0000] {logging_mixin.py:190} INFO - [2025-04-30T00:31:25.067+0000] {dagbag.py:587} INFO - Filling up the DagBag from /home/airflow/.local/lib/python3.12/site-packages/airflow/example_dags/example_task_group.py
[2025-04-30T00:31:25.101+0000] {processor.py:925} INFO - DAG(s) 'example_task_group' retrieved from /home/airflow/.local/lib/python3.12/site-packages/airflow/example_dags/example_task_group.py
[2025-04-30T00:31:25.165+0000] {logging_mixin.py:190} INFO - [2025-04-30T00:31:25.165+0000] {dag.py:3211} INFO - Sync 1 DAGs
[2025-04-30T00:31:25.228+0000] {logging_mixin.py:190} INFO - [2025-04-30T00:31:25.228+0000] {dag.py:4138} INFO - Setting next_dagrun for example_task_group to 2025-04-29 00:00:00+00:00, run_after=2025-04-30 00:00:00+00:00
[2025-04-30T00:31:25.274+0000] {processor.py:208} INFO - Processing /home/airflow/.local/lib/python3.12/site-packages/airflow/example_dags/example_task_group.py took 0.225 seconds
[2025-04-30T00:31:55.553+0000] {processor.py:186} INFO - Started process (PID=239) to work on /home/airflow/.local/lib/python3.12/site-packages/airflow/example_dags/example_task_group.py
[2025-04-30T00:31:55.555+0000] {processor.py:914} INFO - Processing file /home/airflow/.local/lib/python3.12/site-packages/airflow/example_dags/example_task_group.py for tasks to queue
[2025-04-30T00:31:55.560+0000] {logging_mixin.py:190} INFO - [2025-04-30T00:31:55.559+0000] {dagbag.py:587} INFO - Filling up the DagBag from /home/airflow/.local/lib/python3.12/site-packages/airflow/example_dags/example_task_group.py
[2025-04-30T00:31:55.578+0000] {processor.py:925} INFO - DAG(s) 'example_task_group' retrieved from /home/airflow/.local/lib/python3.12/site-packages/airflow/example_dags/example_task_group.py
[2025-04-30T00:31:55.621+0000] {logging_mixin.py:190} INFO - [2025-04-30T00:31:55.621+0000] {dag.py:3211} INFO - Sync 1 DAGs
[2025-04-30T00:31:55.672+0000] {logging_mixin.py:190} INFO - [2025-04-30T00:31:55.671+0000] {dag.py:4138} INFO - Setting next_dagrun for example_task_group to 2025-04-29 00:00:00+00:00, run_after=2025-04-30 00:00:00+00:00
[2025-04-30T00:31:55.726+0000] {processor.py:208} INFO - Processing /home/airflow/.local/lib/python3.12/site-packages/airflow/example_dags/example_task_group.py took 0.185 seconds
[2025-04-30T00:32:26.167+0000] {processor.py:186} INFO - Started process (PID=302) to work on /home/airflow/.local/lib/python3.12/site-packages/airflow/example_dags/example_task_group.py
[2025-04-30T00:32:26.169+0000] {processor.py:914} INFO - Processing file /home/airflow/.local/lib/python3.12/site-packages/airflow/example_dags/example_task_group.py for tasks to queue
[2025-04-30T00:32:26.175+0000] {logging_mixin.py:190} INFO - [2025-04-30T00:32:26.174+0000] {dagbag.py:587} INFO - Filling up the DagBag from /home/airflow/.local/lib/python3.12/site-packages/airflow/example_dags/example_task_group.py
[2025-04-30T00:32:26.200+0000] {processor.py:925} INFO - DAG(s) 'example_task_group' retrieved from /home/airflow/.local/lib/python3.12/site-packages/airflow/example_dags/example_task_group.py
[2025-04-30T00:32:26.247+0000] {logging_mixin.py:190} INFO - [2025-04-30T00:32:26.246+0000] {dag.py:3211} INFO - Sync 1 DAGs
[2025-04-30T00:32:26.295+0000] {logging_mixin.py:190} INFO - [2025-04-30T00:32:26.294+0000] {dag.py:4138} INFO - Setting next_dagrun for example_task_group to 2025-04-29 00:00:00+00:00, run_after=2025-04-30 00:00:00+00:00
[2025-04-30T00:32:26.333+0000] {processor.py:208} INFO - Processing /home/airflow/.local/lib/python3.12/site-packages/airflow/example_dags/example_task_group.py took 0.178 seconds
[2025-04-30T00:32:57.017+0000] {processor.py:186} INFO - Started process (PID=365) to work on /home/airflow/.local/lib/python3.12/site-packages/airflow/example_dags/example_task_group.py
[2025-04-30T00:32:57.019+0000] {processor.py:914} INFO - Processing file /home/airflow/.local/lib/python3.12/site-packages/airflow/example_dags/example_task_group.py for tasks to queue
[2025-04-30T00:32:57.025+0000] {logging_mixin.py:190} INFO - [2025-04-30T00:32:57.024+0000] {dagbag.py:587} INFO - Filling up the DagBag from /home/airflow/.local/lib/python3.12/site-packages/airflow/example_dags/example_task_group.py
[2025-04-30T00:32:57.045+0000] {processor.py:925} INFO - DAG(s) 'example_task_group' retrieved from /home/airflow/.local/lib/python3.12/site-packages/airflow/example_dags/example_task_group.py
[2025-04-30T00:32:57.092+0000] {logging_mixin.py:190} INFO - [2025-04-30T00:32:57.092+0000] {dag.py:3211} INFO - Sync 1 DAGs
[2025-04-30T00:32:57.137+0000] {logging_mixin.py:190} INFO - [2025-04-30T00:32:57.136+0000] {dag.py:4138} INFO - Setting next_dagrun for example_task_group to 2025-04-29 00:00:00+00:00, run_after=2025-04-30 00:00:00+00:00
[2025-04-30T00:32:57.173+0000] {processor.py:208} INFO - Processing /home/airflow/.local/lib/python3.12/site-packages/airflow/example_dags/example_task_group.py took 0.171 seconds
[2025-04-30T00:33:27.259+0000] {processor.py:186} INFO - Started process (PID=428) to work on /home/airflow/.local/lib/python3.12/site-packages/airflow/example_dags/example_task_group.py
[2025-04-30T00:33:27.261+0000] {processor.py:914} INFO - Processing file /home/airflow/.local/lib/python3.12/site-packages/airflow/example_dags/example_task_group.py for tasks to queue
[2025-04-30T00:33:27.266+0000] {logging_mixin.py:190} INFO - [2025-04-30T00:33:27.265+0000] {dagbag.py:587} INFO - Filling up the DagBag from /home/airflow/.local/lib/python3.12/site-packages/airflow/example_dags/example_task_group.py
[2025-04-30T00:33:27.287+0000] {processor.py:925} INFO - DAG(s) 'example_task_group' retrieved from /home/airflow/.local/lib/python3.12/site-packages/airflow/example_dags/example_task_group.py
[2025-04-30T00:33:27.333+0000] {logging_mixin.py:190} INFO - [2025-04-30T00:33:27.333+0000] {dag.py:3211} INFO - Sync 1 DAGs
[2025-04-30T00:33:27.397+0000] {logging_mixin.py:190} INFO - [2025-04-30T00:33:27.396+0000] {dag.py:4138} INFO - Setting next_dagrun for example_task_group to 2025-04-29 00:00:00+00:00, run_after=2025-04-30 00:00:00+00:00
[2025-04-30T00:33:27.445+0000] {processor.py:208} INFO - Processing /home/airflow/.local/lib/python3.12/site-packages/airflow/example_dags/example_task_group.py took 0.198 seconds
[2025-04-30T00:33:57.632+0000] {processor.py:186} INFO - Started process (PID=492) to work on /home/airflow/.local/lib/python3.12/site-packages/airflow/example_dags/example_task_group.py
[2025-04-30T00:33:57.635+0000] {processor.py:914} INFO - Processing file /home/airflow/.local/lib/python3.12/site-packages/airflow/example_dags/example_task_group.py for tasks to queue
[2025-04-30T00:33:57.640+0000] {logging_mixin.py:190} INFO - [2025-04-30T00:33:57.639+0000] {dagbag.py:587} INFO - Filling up the DagBag from /home/airflow/.local/lib/python3.12/site-packages/airflow/example_dags/example_task_group.py
[2025-04-30T00:33:57.665+0000] {processor.py:925} INFO - DAG(s) 'example_task_group' retrieved from /home/airflow/.local/lib/python3.12/site-packages/airflow/example_dags/example_task_group.py
[2025-04-30T00:33:57.707+0000] {logging_mixin.py:190} INFO - [2025-04-30T00:33:57.706+0000] {dag.py:3211} INFO - Sync 1 DAGs
[2025-04-30T00:33:57.755+0000] {logging_mixin.py:190} INFO - [2025-04-30T00:33:57.754+0000] {dag.py:4138} INFO - Setting next_dagrun for example_task_group to 2025-04-29 00:00:00+00:00, run_after=2025-04-30 00:00:00+00:00
[2025-04-30T00:33:57.796+0000] {processor.py:208} INFO - Processing /home/airflow/.local/lib/python3.12/site-packages/airflow/example_dags/example_task_group.py took 0.178 seconds
[2025-04-30T00:34:28.869+0000] {processor.py:186} INFO - Started process (PID=555) to work on /home/airflow/.local/lib/python3.12/site-packages/airflow/example_dags/example_task_group.py
[2025-04-30T00:34:28.871+0000] {processor.py:914} INFO - Processing file /home/airflow/.local/lib/python3.12/site-packages/airflow/example_dags/example_task_group.py for tasks to queue
[2025-04-30T00:34:28.882+0000] {logging_mixin.py:190} INFO - [2025-04-30T00:34:28.881+0000] {dagbag.py:587} INFO - Filling up the DagBag from /home/airflow/.local/lib/python3.12/site-packages/airflow/example_dags/example_task_group.py
[2025-04-30T00:34:28.908+0000] {processor.py:925} INFO - DAG(s) 'example_task_group' retrieved from /home/airflow/.local/lib/python3.12/site-packages/airflow/example_dags/example_task_group.py
[2025-04-30T00:34:28.965+0000] {logging_mixin.py:190} INFO - [2025-04-30T00:34:28.965+0000] {dag.py:3211} INFO - Sync 1 DAGs
[2025-04-30T00:34:29.027+0000] {logging_mixin.py:190} INFO - [2025-04-30T00:34:29.027+0000] {dag.py:4138} INFO - Setting next_dagrun for example_task_group to 2025-04-29 00:00:00+00:00, run_after=2025-04-30 00:00:00+00:00
[2025-04-30T00:34:29.078+0000] {processor.py:208} INFO - Processing /home/airflow/.local/lib/python3.12/site-packages/airflow/example_dags/example_task_group.py took 0.230 seconds
[2025-04-30T00:34:59.562+0000] {processor.py:186} INFO - Started process (PID=618) to work on /home/airflow/.local/lib/python3.12/site-packages/airflow/example_dags/example_task_group.py
[2025-04-30T00:34:59.565+0000] {processor.py:914} INFO - Processing file /home/airflow/.local/lib/python3.12/site-packages/airflow/example_dags/example_task_group.py for tasks to queue
[2025-04-30T00:34:59.571+0000] {logging_mixin.py:190} INFO - [2025-04-30T00:34:59.570+0000] {dagbag.py:587} INFO - Filling up the DagBag from /home/airflow/.local/lib/python3.12/site-packages/airflow/example_dags/example_task_group.py
[2025-04-30T00:34:59.598+0000] {processor.py:925} INFO - DAG(s) 'example_task_group' retrieved from /home/airflow/.local/lib/python3.12/site-packages/airflow/example_dags/example_task_group.py
[2025-04-30T00:34:59.672+0000] {logging_mixin.py:190} INFO - [2025-04-30T00:34:59.672+0000] {dag.py:3211} INFO - Sync 1 DAGs
[2025-04-30T00:34:59.727+0000] {logging_mixin.py:190} INFO - [2025-04-30T00:34:59.727+0000] {dag.py:4138} INFO - Setting next_dagrun for example_task_group to 2025-04-29 00:00:00+00:00, run_after=2025-04-30 00:00:00+00:00
[2025-04-30T00:34:59.770+0000] {processor.py:208} INFO - Processing /home/airflow/.local/lib/python3.12/site-packages/airflow/example_dags/example_task_group.py took 0.227 seconds
[2025-04-30T00:35:29.938+0000] {processor.py:186} INFO - Started process (PID=681) to work on /home/airflow/.local/lib/python3.12/site-packages/airflow/example_dags/example_task_group.py
[2025-04-30T00:35:29.940+0000] {processor.py:914} INFO - Processing file /home/airflow/.local/lib/python3.12/site-packages/airflow/example_dags/example_task_group.py for tasks to queue
[2025-04-30T00:35:29.945+0000] {logging_mixin.py:190} INFO - [2025-04-30T00:35:29.945+0000] {dagbag.py:587} INFO - Filling up the DagBag from /home/airflow/.local/lib/python3.12/site-packages/airflow/example_dags/example_task_group.py
[2025-04-30T00:35:29.963+0000] {processor.py:925} INFO - DAG(s) 'example_task_group' retrieved from /home/airflow/.local/lib/python3.12/site-packages/airflow/example_dags/example_task_group.py
[2025-04-30T00:35:30.009+0000] {logging_mixin.py:190} INFO - [2025-04-30T00:35:30.008+0000] {dag.py:3211} INFO - Sync 1 DAGs
[2025-04-30T00:35:30.066+0000] {logging_mixin.py:190} INFO - [2025-04-30T00:35:30.065+0000] {dag.py:4138} INFO - Setting next_dagrun for example_task_group to 2025-04-29 00:00:00+00:00, run_after=2025-04-30 00:00:00+00:00
[2025-04-30T00:35:30.117+0000] {processor.py:208} INFO - Processing /home/airflow/.local/lib/python3.12/site-packages/airflow/example_dags/example_task_group.py took 0.191 seconds
[2025-04-30T00:36:01.288+0000] {processor.py:186} INFO - Started process (PID=744) to work on /home/airflow/.local/lib/python3.12/site-packages/airflow/example_dags/example_task_group.py
[2025-04-30T00:36:01.291+0000] {processor.py:914} INFO - Processing file /home/airflow/.local/lib/python3.12/site-packages/airflow/example_dags/example_task_group.py for tasks to queue
[2025-04-30T00:36:01.297+0000] {logging_mixin.py:190} INFO - [2025-04-30T00:36:01.297+0000] {dagbag.py:587} INFO - Filling up the DagBag from /home/airflow/.local/lib/python3.12/site-packages/airflow/example_dags/example_task_group.py
[2025-04-30T00:36:01.322+0000] {processor.py:925} INFO - DAG(s) 'example_task_group' retrieved from /home/airflow/.local/lib/python3.12/site-packages/airflow/example_dags/example_task_group.py
[2025-04-30T00:36:01.380+0000] {logging_mixin.py:190} INFO - [2025-04-30T00:36:01.379+0000] {dag.py:3211} INFO - Sync 1 DAGs
[2025-04-30T00:36:01.447+0000] {logging_mixin.py:190} INFO - [2025-04-30T00:36:01.446+0000] {dag.py:4138} INFO - Setting next_dagrun for example_task_group to 2025-04-29 00:00:00+00:00, run_after=2025-04-30 00:00:00+00:00
[2025-04-30T00:36:01.495+0000] {processor.py:208} INFO - Processing /home/airflow/.local/lib/python3.12/site-packages/airflow/example_dags/example_task_group.py took 0.223 seconds
[2025-04-30T00:36:31.804+0000] {processor.py:186} INFO - Started process (PID=807) to work on /home/airflow/.local/lib/python3.12/site-packages/airflow/example_dags/example_task_group.py
[2025-04-30T00:36:31.806+0000] {processor.py:914} INFO - Processing file /home/airflow/.local/lib/python3.12/site-packages/airflow/example_dags/example_task_group.py for tasks to queue
[2025-04-30T00:36:31.812+0000] {logging_mixin.py:190} INFO - [2025-04-30T00:36:31.812+0000] {dagbag.py:587} INFO - Filling up the DagBag from /home/airflow/.local/lib/python3.12/site-packages/airflow/example_dags/example_task_group.py
[2025-04-30T00:36:31.832+0000] {processor.py:925} INFO - DAG(s) 'example_task_group' retrieved from /home/airflow/.local/lib/python3.12/site-packages/airflow/example_dags/example_task_group.py
[2025-04-30T00:36:31.879+0000] {logging_mixin.py:190} INFO - [2025-04-30T00:36:31.879+0000] {dag.py:3211} INFO - Sync 1 DAGs
[2025-04-30T00:36:31.927+0000] {logging_mixin.py:190} INFO - [2025-04-30T00:36:31.926+0000] {dag.py:4138} INFO - Setting next_dagrun for example_task_group to 2025-04-29 00:00:00+00:00, run_after=2025-04-30 00:00:00+00:00
[2025-04-30T00:36:31.967+0000] {processor.py:208} INFO - Processing /home/airflow/.local/lib/python3.12/site-packages/airflow/example_dags/example_task_group.py took 0.174 seconds
[2025-04-30T00:37:02.261+0000] {processor.py:186} INFO - Started process (PID=870) to work on /home/airflow/.local/lib/python3.12/site-packages/airflow/example_dags/example_task_group.py
[2025-04-30T00:37:02.265+0000] {processor.py:914} INFO - Processing file /home/airflow/.local/lib/python3.12/site-packages/airflow/example_dags/example_task_group.py for tasks to queue
[2025-04-30T00:37:02.278+0000] {logging_mixin.py:190} INFO - [2025-04-30T00:37:02.276+0000] {dagbag.py:587} INFO - Filling up the DagBag from /home/airflow/.local/lib/python3.12/site-packages/airflow/example_dags/example_task_group.py
[2025-04-30T00:37:02.327+0000] {processor.py:925} INFO - DAG(s) 'example_task_group' retrieved from /home/airflow/.local/lib/python3.12/site-packages/airflow/example_dags/example_task_group.py
[2025-04-30T00:37:02.389+0000] {logging_mixin.py:190} INFO - [2025-04-30T00:37:02.389+0000] {dag.py:3211} INFO - Sync 1 DAGs
[2025-04-30T00:37:02.457+0000] {logging_mixin.py:190} INFO - [2025-04-30T00:37:02.456+0000] {dag.py:4138} INFO - Setting next_dagrun for example_task_group to 2025-04-29 00:00:00+00:00, run_after=2025-04-30 00:00:00+00:00
[2025-04-30T00:37:02.521+0000] {processor.py:208} INFO - Processing /home/airflow/.local/lib/python3.12/site-packages/airflow/example_dags/example_task_group.py took 0.293 seconds
[2025-04-30T00:37:33.758+0000] {processor.py:186} INFO - Started process (PID=933) to work on /home/airflow/.local/lib/python3.12/site-packages/airflow/example_dags/example_task_group.py
[2025-04-30T00:37:33.760+0000] {processor.py:914} INFO - Processing file /home/airflow/.local/lib/python3.12/site-packages/airflow/example_dags/example_task_group.py for tasks to queue
[2025-04-30T00:37:33.766+0000] {logging_mixin.py:190} INFO - [2025-04-30T00:37:33.765+0000] {dagbag.py:587} INFO - Filling up the DagBag from /home/airflow/.local/lib/python3.12/site-packages/airflow/example_dags/example_task_group.py
[2025-04-30T00:37:33.790+0000] {processor.py:925} INFO - DAG(s) 'example_task_group' retrieved from /home/airflow/.local/lib/python3.12/site-packages/airflow/example_dags/example_task_group.py
[2025-04-30T00:37:33.857+0000] {logging_mixin.py:190} INFO - [2025-04-30T00:37:33.856+0000] {dag.py:3211} INFO - Sync 1 DAGs
[2025-04-30T00:37:33.917+0000] {logging_mixin.py:190} INFO - [2025-04-30T00:37:33.917+0000] {dag.py:4138} INFO - Setting next_dagrun for example_task_group to 2025-04-29 00:00:00+00:00, run_after=2025-04-30 00:00:00+00:00
[2025-04-30T00:37:33.958+0000] {processor.py:208} INFO - Processing /home/airflow/.local/lib/python3.12/site-packages/airflow/example_dags/example_task_group.py took 0.216 seconds
[2025-04-30T00:38:04.138+0000] {processor.py:186} INFO - Started process (PID=996) to work on /home/airflow/.local/lib/python3.12/site-packages/airflow/example_dags/example_task_group.py
[2025-04-30T00:38:04.141+0000] {processor.py:914} INFO - Processing file /home/airflow/.local/lib/python3.12/site-packages/airflow/example_dags/example_task_group.py for tasks to queue
[2025-04-30T00:38:04.148+0000] {logging_mixin.py:190} INFO - [2025-04-30T00:38:04.147+0000] {dagbag.py:587} INFO - Filling up the DagBag from /home/airflow/.local/lib/python3.12/site-packages/airflow/example_dags/example_task_group.py
[2025-04-30T00:38:04.173+0000] {processor.py:925} INFO - DAG(s) 'example_task_group' retrieved from /home/airflow/.local/lib/python3.12/site-packages/airflow/example_dags/example_task_group.py
[2025-04-30T00:38:04.236+0000] {logging_mixin.py:190} INFO - [2025-04-30T00:38:04.235+0000] {dag.py:3211} INFO - Sync 1 DAGs
[2025-04-30T00:38:04.315+0000] {logging_mixin.py:190} INFO - [2025-04-30T00:38:04.315+0000] {dag.py:4138} INFO - Setting next_dagrun for example_task_group to 2025-04-29 00:00:00+00:00, run_after=2025-04-30 00:00:00+00:00
[2025-04-30T00:38:04.378+0000] {processor.py:208} INFO - Processing /home/airflow/.local/lib/python3.12/site-packages/airflow/example_dags/example_task_group.py took 0.261 seconds
[2025-04-30T00:38:35.119+0000] {processor.py:186} INFO - Started process (PID=1060) to work on /home/airflow/.local/lib/python3.12/site-packages/airflow/example_dags/example_task_group.py
[2025-04-30T00:38:35.122+0000] {processor.py:914} INFO - Processing file /home/airflow/.local/lib/python3.12/site-packages/airflow/example_dags/example_task_group.py for tasks to queue
[2025-04-30T00:38:35.127+0000] {logging_mixin.py:190} INFO - [2025-04-30T00:38:35.126+0000] {dagbag.py:587} INFO - Filling up the DagBag from /home/airflow/.local/lib/python3.12/site-packages/airflow/example_dags/example_task_group.py
[2025-04-30T00:38:35.145+0000] {processor.py:925} INFO - DAG(s) 'example_task_group' retrieved from /home/airflow/.local/lib/python3.12/site-packages/airflow/example_dags/example_task_group.py
[2025-04-30T00:38:35.198+0000] {logging_mixin.py:190} INFO - [2025-04-30T00:38:35.197+0000] {dag.py:3211} INFO - Sync 1 DAGs
[2025-04-30T00:38:35.263+0000] {logging_mixin.py:190} INFO - [2025-04-30T00:38:35.263+0000] {dag.py:4138} INFO - Setting next_dagrun for example_task_group to 2025-04-29 00:00:00+00:00, run_after=2025-04-30 00:00:00+00:00
[2025-04-30T00:38:35.303+0000] {processor.py:208} INFO - Processing /home/airflow/.local/lib/python3.12/site-packages/airflow/example_dags/example_task_group.py took 0.196 seconds
[2025-04-30T00:39:06.313+0000] {processor.py:186} INFO - Started process (PID=1129) to work on /home/airflow/.local/lib/python3.12/site-packages/airflow/example_dags/example_task_group.py
[2025-04-30T00:39:06.315+0000] {processor.py:914} INFO - Processing file /home/airflow/.local/lib/python3.12/site-packages/airflow/example_dags/example_task_group.py for tasks to queue
[2025-04-30T00:39:06.322+0000] {logging_mixin.py:190} INFO - [2025-04-30T00:39:06.321+0000] {dagbag.py:587} INFO - Filling up the DagBag from /home/airflow/.local/lib/python3.12/site-packages/airflow/example_dags/example_task_group.py
[2025-04-30T00:39:06.347+0000] {processor.py:925} INFO - DAG(s) 'example_task_group' retrieved from /home/airflow/.local/lib/python3.12/site-packages/airflow/example_dags/example_task_group.py
[2025-04-30T00:39:06.399+0000] {logging_mixin.py:190} INFO - [2025-04-30T00:39:06.398+0000] {dag.py:3211} INFO - Sync 1 DAGs
[2025-04-30T00:39:06.462+0000] {logging_mixin.py:190} INFO - [2025-04-30T00:39:06.462+0000] {dag.py:4138} INFO - Setting next_dagrun for example_task_group to 2025-04-29 00:00:00+00:00, run_after=2025-04-30 00:00:00+00:00
[2025-04-30T00:39:06.519+0000] {processor.py:208} INFO - Processing /home/airflow/.local/lib/python3.12/site-packages/airflow/example_dags/example_task_group.py took 0.219 seconds
[2025-04-30T00:39:37.401+0000] {processor.py:186} INFO - Started process (PID=1192) to work on /home/airflow/.local/lib/python3.12/site-packages/airflow/example_dags/example_task_group.py
[2025-04-30T00:39:37.403+0000] {processor.py:914} INFO - Processing file /home/airflow/.local/lib/python3.12/site-packages/airflow/example_dags/example_task_group.py for tasks to queue
[2025-04-30T00:39:37.409+0000] {logging_mixin.py:190} INFO - [2025-04-30T00:39:37.408+0000] {dagbag.py:587} INFO - Filling up the DagBag from /home/airflow/.local/lib/python3.12/site-packages/airflow/example_dags/example_task_group.py
[2025-04-30T00:39:37.428+0000] {processor.py:925} INFO - DAG(s) 'example_task_group' retrieved from /home/airflow/.local/lib/python3.12/site-packages/airflow/example_dags/example_task_group.py
[2025-04-30T00:39:37.477+0000] {logging_mixin.py:190} INFO - [2025-04-30T00:39:37.477+0000] {dag.py:3211} INFO - Sync 1 DAGs
[2025-04-30T00:39:37.531+0000] {logging_mixin.py:190} INFO - [2025-04-30T00:39:37.530+0000] {dag.py:4138} INFO - Setting next_dagrun for example_task_group to 2025-04-29 00:00:00+00:00, run_after=2025-04-30 00:00:00+00:00
[2025-04-30T00:39:37.573+0000] {processor.py:208} INFO - Processing /home/airflow/.local/lib/python3.12/site-packages/airflow/example_dags/example_task_group.py took 0.185 seconds
[2025-04-30T00:40:08.361+0000] {processor.py:186} INFO - Started process (PID=1255) to work on /home/airflow/.local/lib/python3.12/site-packages/airflow/example_dags/example_task_group.py
[2025-04-30T00:40:08.363+0000] {processor.py:914} INFO - Processing file /home/airflow/.local/lib/python3.12/site-packages/airflow/example_dags/example_task_group.py for tasks to queue
[2025-04-30T00:40:08.370+0000] {logging_mixin.py:190} INFO - [2025-04-30T00:40:08.369+0000] {dagbag.py:587} INFO - Filling up the DagBag from /home/airflow/.local/lib/python3.12/site-packages/airflow/example_dags/example_task_group.py
[2025-04-30T00:40:08.391+0000] {processor.py:925} INFO - DAG(s) 'example_task_group' retrieved from /home/airflow/.local/lib/python3.12/site-packages/airflow/example_dags/example_task_group.py
[2025-04-30T00:40:08.441+0000] {logging_mixin.py:190} INFO - [2025-04-30T00:40:08.441+0000] {dag.py:3211} INFO - Sync 1 DAGs
[2025-04-30T00:40:08.497+0000] {logging_mixin.py:190} INFO - [2025-04-30T00:40:08.497+0000] {dag.py:4138} INFO - Setting next_dagrun for example_task_group to 2025-04-29 00:00:00+00:00, run_after=2025-04-30 00:00:00+00:00
[2025-04-30T00:40:08.540+0000] {processor.py:208} INFO - Processing /home/airflow/.local/lib/python3.12/site-packages/airflow/example_dags/example_task_group.py took 0.192 seconds
[2025-04-30T00:40:38.997+0000] {processor.py:186} INFO - Started process (PID=1318) to work on /home/airflow/.local/lib/python3.12/site-packages/airflow/example_dags/example_task_group.py
[2025-04-30T00:40:38.999+0000] {processor.py:914} INFO - Processing file /home/airflow/.local/lib/python3.12/site-packages/airflow/example_dags/example_task_group.py for tasks to queue
[2025-04-30T00:40:39.004+0000] {logging_mixin.py:190} INFO - [2025-04-30T00:40:39.003+0000] {dagbag.py:587} INFO - Filling up the DagBag from /home/airflow/.local/lib/python3.12/site-packages/airflow/example_dags/example_task_group.py
[2025-04-30T00:40:39.021+0000] {processor.py:925} INFO - DAG(s) 'example_task_group' retrieved from /home/airflow/.local/lib/python3.12/site-packages/airflow/example_dags/example_task_group.py
[2025-04-30T00:40:39.062+0000] {logging_mixin.py:190} INFO - [2025-04-30T00:40:39.061+0000] {dag.py:3211} INFO - Sync 1 DAGs
[2025-04-30T00:40:39.111+0000] {logging_mixin.py:190} INFO - [2025-04-30T00:40:39.110+0000] {dag.py:4138} INFO - Setting next_dagrun for example_task_group to 2025-04-29 00:00:00+00:00, run_after=2025-04-30 00:00:00+00:00
[2025-04-30T00:40:39.148+0000] {processor.py:208} INFO - Processing /home/airflow/.local/lib/python3.12/site-packages/airflow/example_dags/example_task_group.py took 0.164 seconds
[2025-04-30T00:41:09.681+0000] {processor.py:186} INFO - Started process (PID=1381) to work on /home/airflow/.local/lib/python3.12/site-packages/airflow/example_dags/example_task_group.py
[2025-04-30T00:41:09.684+0000] {processor.py:914} INFO - Processing file /home/airflow/.local/lib/python3.12/site-packages/airflow/example_dags/example_task_group.py for tasks to queue
[2025-04-30T00:41:09.689+0000] {logging_mixin.py:190} INFO - [2025-04-30T00:41:09.688+0000] {dagbag.py:587} INFO - Filling up the DagBag from /home/airflow/.local/lib/python3.12/site-packages/airflow/example_dags/example_task_group.py
[2025-04-30T00:41:09.707+0000] {processor.py:925} INFO - DAG(s) 'example_task_group' retrieved from /home/airflow/.local/lib/python3.12/site-packages/airflow/example_dags/example_task_group.py
[2025-04-30T00:41:09.755+0000] {logging_mixin.py:190} INFO - [2025-04-30T00:41:09.754+0000] {dag.py:3211} INFO - Sync 1 DAGs
[2025-04-30T00:41:09.814+0000] {logging_mixin.py:190} INFO - [2025-04-30T00:41:09.814+0000] {dag.py:4138} INFO - Setting next_dagrun for example_task_group to 2025-04-29 00:00:00+00:00, run_after=2025-04-30 00:00:00+00:00
[2025-04-30T00:41:09.857+0000] {processor.py:208} INFO - Processing /home/airflow/.local/lib/python3.12/site-packages/airflow/example_dags/example_task_group.py took 0.193 seconds
[2025-04-30T00:41:40.668+0000] {processor.py:186} INFO - Started process (PID=1444) to work on /home/airflow/.local/lib/python3.12/site-packages/airflow/example_dags/example_task_group.py
[2025-04-30T00:41:40.671+0000] {processor.py:914} INFO - Processing file /home/airflow/.local/lib/python3.12/site-packages/airflow/example_dags/example_task_group.py for tasks to queue
[2025-04-30T00:41:40.679+0000] {logging_mixin.py:190} INFO - [2025-04-30T00:41:40.678+0000] {dagbag.py:587} INFO - Filling up the DagBag from /home/airflow/.local/lib/python3.12/site-packages/airflow/example_dags/example_task_group.py
[2025-04-30T00:41:40.703+0000] {processor.py:925} INFO - DAG(s) 'example_task_group' retrieved from /home/airflow/.local/lib/python3.12/site-packages/airflow/example_dags/example_task_group.py
[2025-04-30T00:41:40.768+0000] {logging_mixin.py:190} INFO - [2025-04-30T00:41:40.768+0000] {dag.py:3211} INFO - Sync 1 DAGs
[2025-04-30T00:41:40.825+0000] {logging_mixin.py:190} INFO - [2025-04-30T00:41:40.825+0000] {dag.py:4138} INFO - Setting next_dagrun for example_task_group to 2025-04-29 00:00:00+00:00, run_after=2025-04-30 00:00:00+00:00
[2025-04-30T00:41:40.870+0000] {processor.py:208} INFO - Processing /home/airflow/.local/lib/python3.12/site-packages/airflow/example_dags/example_task_group.py took 0.223 seconds
[2025-04-30T00:42:11.302+0000] {processor.py:186} INFO - Started process (PID=1511) to work on /home/airflow/.local/lib/python3.12/site-packages/airflow/example_dags/example_task_group.py
[2025-04-30T00:42:11.306+0000] {processor.py:914} INFO - Processing file /home/airflow/.local/lib/python3.12/site-packages/airflow/example_dags/example_task_group.py for tasks to queue
[2025-04-30T00:42:11.309+0000] {logging_mixin.py:190} INFO - [2025-04-30T00:42:11.309+0000] {dagbag.py:587} INFO - Filling up the DagBag from /home/airflow/.local/lib/python3.12/site-packages/airflow/example_dags/example_task_group.py
[2025-04-30T00:42:11.334+0000] {processor.py:925} INFO - DAG(s) 'example_task_group' retrieved from /home/airflow/.local/lib/python3.12/site-packages/airflow/example_dags/example_task_group.py
[2025-04-30T00:42:11.388+0000] {logging_mixin.py:190} INFO - [2025-04-30T00:42:11.388+0000] {dag.py:3211} INFO - Sync 1 DAGs
[2025-04-30T00:42:11.449+0000] {logging_mixin.py:190} INFO - [2025-04-30T00:42:11.448+0000] {dag.py:4138} INFO - Setting next_dagrun for example_task_group to 2025-04-29 00:00:00+00:00, run_after=2025-04-30 00:00:00+00:00
[2025-04-30T00:42:11.492+0000] {processor.py:208} INFO - Processing /home/airflow/.local/lib/python3.12/site-packages/airflow/example_dags/example_task_group.py took 0.203 seconds
[2025-04-30T00:42:41.608+0000] {processor.py:186} INFO - Started process (PID=1574) to work on /home/airflow/.local/lib/python3.12/site-packages/airflow/example_dags/example_task_group.py
[2025-04-30T00:42:41.611+0000] {processor.py:914} INFO - Processing file /home/airflow/.local/lib/python3.12/site-packages/airflow/example_dags/example_task_group.py for tasks to queue
[2025-04-30T00:42:41.613+0000] {logging_mixin.py:190} INFO - [2025-04-30T00:42:41.613+0000] {dagbag.py:587} INFO - Filling up the DagBag from /home/airflow/.local/lib/python3.12/site-packages/airflow/example_dags/example_task_group.py
[2025-04-30T00:42:41.634+0000] {processor.py:925} INFO - DAG(s) 'example_task_group' retrieved from /home/airflow/.local/lib/python3.12/site-packages/airflow/example_dags/example_task_group.py
[2025-04-30T00:42:41.678+0000] {logging_mixin.py:190} INFO - [2025-04-30T00:42:41.678+0000] {dag.py:3211} INFO - Sync 1 DAGs
[2025-04-30T00:42:41.731+0000] {logging_mixin.py:190} INFO - [2025-04-30T00:42:41.730+0000] {dag.py:4138} INFO - Setting next_dagrun for example_task_group to 2025-04-29 00:00:00+00:00, run_after=2025-04-30 00:00:00+00:00
[2025-04-30T00:42:41.776+0000] {processor.py:208} INFO - Processing /home/airflow/.local/lib/python3.12/site-packages/airflow/example_dags/example_task_group.py took 0.180 seconds
[2025-04-30T00:43:12.197+0000] {processor.py:186} INFO - Started process (PID=1637) to work on /home/airflow/.local/lib/python3.12/site-packages/airflow/example_dags/example_task_group.py
[2025-04-30T00:43:12.199+0000] {processor.py:914} INFO - Processing file /home/airflow/.local/lib/python3.12/site-packages/airflow/example_dags/example_task_group.py for tasks to queue
[2025-04-30T00:43:12.202+0000] {logging_mixin.py:190} INFO - [2025-04-30T00:43:12.201+0000] {dagbag.py:587} INFO - Filling up the DagBag from /home/airflow/.local/lib/python3.12/site-packages/airflow/example_dags/example_task_group.py
[2025-04-30T00:43:12.228+0000] {processor.py:925} INFO - DAG(s) 'example_task_group' retrieved from /home/airflow/.local/lib/python3.12/site-packages/airflow/example_dags/example_task_group.py
[2025-04-30T00:43:12.272+0000] {logging_mixin.py:190} INFO - [2025-04-30T00:43:12.271+0000] {dag.py:3211} INFO - Sync 1 DAGs
[2025-04-30T00:43:12.325+0000] {logging_mixin.py:190} INFO - [2025-04-30T00:43:12.324+0000] {dag.py:4138} INFO - Setting next_dagrun for example_task_group to 2025-04-29 00:00:00+00:00, run_after=2025-04-30 00:00:00+00:00
[2025-04-30T00:43:12.362+0000] {processor.py:208} INFO - Processing /home/airflow/.local/lib/python3.12/site-packages/airflow/example_dags/example_task_group.py took 0.180 seconds
[2025-04-30T00:43:44.477+0000] {processor.py:186} INFO - Started process (PID=1700) to work on /home/airflow/.local/lib/python3.12/site-packages/airflow/example_dags/example_task_group.py
[2025-04-30T00:43:44.482+0000] {processor.py:914} INFO - Processing file /home/airflow/.local/lib/python3.12/site-packages/airflow/example_dags/example_task_group.py for tasks to queue
[2025-04-30T00:43:44.490+0000] {logging_mixin.py:190} INFO - [2025-04-30T00:43:44.488+0000] {dagbag.py:587} INFO - Filling up the DagBag from /home/airflow/.local/lib/python3.12/site-packages/airflow/example_dags/example_task_group.py
[2025-04-30T00:43:44.553+0000] {processor.py:925} INFO - DAG(s) 'example_task_group' retrieved from /home/airflow/.local/lib/python3.12/site-packages/airflow/example_dags/example_task_group.py
[2025-04-30T00:43:44.662+0000] {logging_mixin.py:190} INFO - [2025-04-30T00:43:44.661+0000] {dag.py:3211} INFO - Sync 1 DAGs
[2025-04-30T00:43:44.775+0000] {logging_mixin.py:190} INFO - [2025-04-30T00:43:44.774+0000] {dag.py:4138} INFO - Setting next_dagrun for example_task_group to 2025-04-29 00:00:00+00:00, run_after=2025-04-30 00:00:00+00:00
[2025-04-30T00:43:44.862+0000] {processor.py:208} INFO - Processing /home/airflow/.local/lib/python3.12/site-packages/airflow/example_dags/example_task_group.py took 0.420 seconds
[2025-04-30T00:44:15.510+0000] {processor.py:186} INFO - Started process (PID=1763) to work on /home/airflow/.local/lib/python3.12/site-packages/airflow/example_dags/example_task_group.py
[2025-04-30T00:44:15.511+0000] {processor.py:914} INFO - Processing file /home/airflow/.local/lib/python3.12/site-packages/airflow/example_dags/example_task_group.py for tasks to queue
[2025-04-30T00:44:15.513+0000] {logging_mixin.py:190} INFO - [2025-04-30T00:44:15.512+0000] {dagbag.py:587} INFO - Filling up the DagBag from /home/airflow/.local/lib/python3.12/site-packages/airflow/example_dags/example_task_group.py
[2025-04-30T00:44:15.525+0000] {processor.py:925} INFO - DAG(s) 'example_task_group' retrieved from /home/airflow/.local/lib/python3.12/site-packages/airflow/example_dags/example_task_group.py
[2025-04-30T00:44:15.551+0000] {logging_mixin.py:190} INFO - [2025-04-30T00:44:15.551+0000] {dag.py:3211} INFO - Sync 1 DAGs
[2025-04-30T00:44:15.582+0000] {logging_mixin.py:190} INFO - [2025-04-30T00:44:15.582+0000] {dag.py:4138} INFO - Setting next_dagrun for example_task_group to 2025-04-29 00:00:00+00:00, run_after=2025-04-30 00:00:00+00:00
[2025-04-30T00:44:15.607+0000] {processor.py:208} INFO - Processing /home/airflow/.local/lib/python3.12/site-packages/airflow/example_dags/example_task_group.py took 0.103 seconds
[2025-04-30T00:44:46.102+0000] {processor.py:186} INFO - Started process (PID=1826) to work on /home/airflow/.local/lib/python3.12/site-packages/airflow/example_dags/example_task_group.py
[2025-04-30T00:44:46.104+0000] {processor.py:914} INFO - Processing file /home/airflow/.local/lib/python3.12/site-packages/airflow/example_dags/example_task_group.py for tasks to queue
[2025-04-30T00:44:46.105+0000] {logging_mixin.py:190} INFO - [2025-04-30T00:44:46.105+0000] {dagbag.py:587} INFO - Filling up the DagBag from /home/airflow/.local/lib/python3.12/site-packages/airflow/example_dags/example_task_group.py
[2025-04-30T00:44:46.119+0000] {processor.py:925} INFO - DAG(s) 'example_task_group' retrieved from /home/airflow/.local/lib/python3.12/site-packages/airflow/example_dags/example_task_group.py
[2025-04-30T00:44:46.145+0000] {logging_mixin.py:190} INFO - [2025-04-30T00:44:46.145+0000] {dag.py:3211} INFO - Sync 1 DAGs
[2025-04-30T00:44:46.176+0000] {logging_mixin.py:190} INFO - [2025-04-30T00:44:46.176+0000] {dag.py:4138} INFO - Setting next_dagrun for example_task_group to 2025-04-29 00:00:00+00:00, run_after=2025-04-30 00:00:00+00:00
[2025-04-30T00:44:46.201+0000] {processor.py:208} INFO - Processing /home/airflow/.local/lib/python3.12/site-packages/airflow/example_dags/example_task_group.py took 0.108 seconds
[2025-04-30T00:45:16.793+0000] {processor.py:186} INFO - Started process (PID=1889) to work on /home/airflow/.local/lib/python3.12/site-packages/airflow/example_dags/example_task_group.py
[2025-04-30T00:45:16.794+0000] {processor.py:914} INFO - Processing file /home/airflow/.local/lib/python3.12/site-packages/airflow/example_dags/example_task_group.py for tasks to queue
[2025-04-30T00:45:16.796+0000] {logging_mixin.py:190} INFO - [2025-04-30T00:45:16.795+0000] {dagbag.py:587} INFO - Filling up the DagBag from /home/airflow/.local/lib/python3.12/site-packages/airflow/example_dags/example_task_group.py
[2025-04-30T00:45:16.805+0000] {processor.py:925} INFO - DAG(s) 'example_task_group' retrieved from /home/airflow/.local/lib/python3.12/site-packages/airflow/example_dags/example_task_group.py
[2025-04-30T00:45:16.832+0000] {logging_mixin.py:190} INFO - [2025-04-30T00:45:16.831+0000] {dag.py:3211} INFO - Sync 1 DAGs
[2025-04-30T00:45:16.856+0000] {logging_mixin.py:190} INFO - [2025-04-30T00:45:16.855+0000] {dag.py:4138} INFO - Setting next_dagrun for example_task_group to 2025-04-29 00:00:00+00:00, run_after=2025-04-30 00:00:00+00:00
[2025-04-30T00:45:16.880+0000] {processor.py:208} INFO - Processing /home/airflow/.local/lib/python3.12/site-packages/airflow/example_dags/example_task_group.py took 0.093 seconds
[2025-04-30T00:45:47.758+0000] {processor.py:186} INFO - Started process (PID=1952) to work on /home/airflow/.local/lib/python3.12/site-packages/airflow/example_dags/example_task_group.py
[2025-04-30T00:45:47.759+0000] {processor.py:914} INFO - Processing file /home/airflow/.local/lib/python3.12/site-packages/airflow/example_dags/example_task_group.py for tasks to queue
[2025-04-30T00:45:47.760+0000] {logging_mixin.py:190} INFO - [2025-04-30T00:45:47.760+0000] {dagbag.py:587} INFO - Filling up the DagBag from /home/airflow/.local/lib/python3.12/site-packages/airflow/example_dags/example_task_group.py
[2025-04-30T00:45:47.772+0000] {processor.py:925} INFO - DAG(s) 'example_task_group' retrieved from /home/airflow/.local/lib/python3.12/site-packages/airflow/example_dags/example_task_group.py
[2025-04-30T00:45:47.794+0000] {logging_mixin.py:190} INFO - [2025-04-30T00:45:47.794+0000] {dag.py:3211} INFO - Sync 1 DAGs
[2025-04-30T00:45:47.823+0000] {logging_mixin.py:190} INFO - [2025-04-30T00:45:47.822+0000] {dag.py:4138} INFO - Setting next_dagrun for example_task_group to 2025-04-29 00:00:00+00:00, run_after=2025-04-30 00:00:00+00:00
[2025-04-30T00:45:47.845+0000] {processor.py:208} INFO - Processing /home/airflow/.local/lib/python3.12/site-packages/airflow/example_dags/example_task_group.py took 0.094 seconds
[2025-04-30T00:46:18.195+0000] {processor.py:186} INFO - Started process (PID=2021) to work on /home/airflow/.local/lib/python3.12/site-packages/airflow/example_dags/example_task_group.py
[2025-04-30T00:46:18.196+0000] {processor.py:914} INFO - Processing file /home/airflow/.local/lib/python3.12/site-packages/airflow/example_dags/example_task_group.py for tasks to queue
[2025-04-30T00:46:18.197+0000] {logging_mixin.py:190} INFO - [2025-04-30T00:46:18.197+0000] {dagbag.py:587} INFO - Filling up the DagBag from /home/airflow/.local/lib/python3.12/site-packages/airflow/example_dags/example_task_group.py
[2025-04-30T00:46:18.208+0000] {processor.py:925} INFO - DAG(s) 'example_task_group' retrieved from /home/airflow/.local/lib/python3.12/site-packages/airflow/example_dags/example_task_group.py
[2025-04-30T00:46:18.236+0000] {logging_mixin.py:190} INFO - [2025-04-30T00:46:18.236+0000] {dag.py:3211} INFO - Sync 1 DAGs
[2025-04-30T00:46:18.266+0000] {logging_mixin.py:190} INFO - [2025-04-30T00:46:18.266+0000] {dag.py:4138} INFO - Setting next_dagrun for example_task_group to 2025-04-29 00:00:00+00:00, run_after=2025-04-30 00:00:00+00:00
[2025-04-30T00:46:18.289+0000] {processor.py:208} INFO - Processing /home/airflow/.local/lib/python3.12/site-packages/airflow/example_dags/example_task_group.py took 0.101 seconds
[2025-04-30T00:46:48.647+0000] {processor.py:186} INFO - Started process (PID=2084) to work on /home/airflow/.local/lib/python3.12/site-packages/airflow/example_dags/example_task_group.py
[2025-04-30T00:46:48.648+0000] {processor.py:914} INFO - Processing file /home/airflow/.local/lib/python3.12/site-packages/airflow/example_dags/example_task_group.py for tasks to queue
[2025-04-30T00:46:48.650+0000] {logging_mixin.py:190} INFO - [2025-04-30T00:46:48.649+0000] {dagbag.py:587} INFO - Filling up the DagBag from /home/airflow/.local/lib/python3.12/site-packages/airflow/example_dags/example_task_group.py
[2025-04-30T00:46:48.665+0000] {processor.py:925} INFO - DAG(s) 'example_task_group' retrieved from /home/airflow/.local/lib/python3.12/site-packages/airflow/example_dags/example_task_group.py
[2025-04-30T00:46:48.687+0000] {logging_mixin.py:190} INFO - [2025-04-30T00:46:48.686+0000] {dag.py:3211} INFO - Sync 1 DAGs
[2025-04-30T00:46:48.713+0000] {logging_mixin.py:190} INFO - [2025-04-30T00:46:48.713+0000] {dag.py:4138} INFO - Setting next_dagrun for example_task_group to 2025-04-29 00:00:00+00:00, run_after=2025-04-30 00:00:00+00:00
[2025-04-30T00:46:48.742+0000] {processor.py:208} INFO - Processing /home/airflow/.local/lib/python3.12/site-packages/airflow/example_dags/example_task_group.py took 0.102 seconds
[2025-04-30T00:47:19.479+0000] {processor.py:186} INFO - Started process (PID=2147) to work on /home/airflow/.local/lib/python3.12/site-packages/airflow/example_dags/example_task_group.py
[2025-04-30T00:47:19.480+0000] {processor.py:914} INFO - Processing file /home/airflow/.local/lib/python3.12/site-packages/airflow/example_dags/example_task_group.py for tasks to queue
[2025-04-30T00:47:19.481+0000] {logging_mixin.py:190} INFO - [2025-04-30T00:47:19.481+0000] {dagbag.py:587} INFO - Filling up the DagBag from /home/airflow/.local/lib/python3.12/site-packages/airflow/example_dags/example_task_group.py
[2025-04-30T00:47:19.492+0000] {processor.py:925} INFO - DAG(s) 'example_task_group' retrieved from /home/airflow/.local/lib/python3.12/site-packages/airflow/example_dags/example_task_group.py
[2025-04-30T00:47:19.514+0000] {logging_mixin.py:190} INFO - [2025-04-30T00:47:19.513+0000] {dag.py:3211} INFO - Sync 1 DAGs
[2025-04-30T00:47:19.544+0000] {logging_mixin.py:190} INFO - [2025-04-30T00:47:19.544+0000] {dag.py:4138} INFO - Setting next_dagrun for example_task_group to 2025-04-29 00:00:00+00:00, run_after=2025-04-30 00:00:00+00:00
[2025-04-30T00:47:19.565+0000] {processor.py:208} INFO - Processing /home/airflow/.local/lib/python3.12/site-packages/airflow/example_dags/example_task_group.py took 0.093 seconds
[2025-04-30T00:47:49.789+0000] {processor.py:186} INFO - Started process (PID=2210) to work on /home/airflow/.local/lib/python3.12/site-packages/airflow/example_dags/example_task_group.py
[2025-04-30T00:47:49.790+0000] {processor.py:914} INFO - Processing file /home/airflow/.local/lib/python3.12/site-packages/airflow/example_dags/example_task_group.py for tasks to queue
[2025-04-30T00:47:49.791+0000] {logging_mixin.py:190} INFO - [2025-04-30T00:47:49.791+0000] {dagbag.py:587} INFO - Filling up the DagBag from /home/airflow/.local/lib/python3.12/site-packages/airflow/example_dags/example_task_group.py
[2025-04-30T00:47:49.804+0000] {processor.py:925} INFO - DAG(s) 'example_task_group' retrieved from /home/airflow/.local/lib/python3.12/site-packages/airflow/example_dags/example_task_group.py
[2025-04-30T00:47:49.829+0000] {logging_mixin.py:190} INFO - [2025-04-30T00:47:49.829+0000] {dag.py:3211} INFO - Sync 1 DAGs
[2025-04-30T00:47:49.857+0000] {logging_mixin.py:190} INFO - [2025-04-30T00:47:49.857+0000] {dag.py:4138} INFO - Setting next_dagrun for example_task_group to 2025-04-29 00:00:00+00:00, run_after=2025-04-30 00:00:00+00:00
[2025-04-30T00:47:49.885+0000] {processor.py:208} INFO - Processing /home/airflow/.local/lib/python3.12/site-packages/airflow/example_dags/example_task_group.py took 0.104 seconds
[2025-04-30T00:48:20.624+0000] {processor.py:186} INFO - Started process (PID=2273) to work on /home/airflow/.local/lib/python3.12/site-packages/airflow/example_dags/example_task_group.py
[2025-04-30T00:48:20.626+0000] {processor.py:914} INFO - Processing file /home/airflow/.local/lib/python3.12/site-packages/airflow/example_dags/example_task_group.py for tasks to queue
[2025-04-30T00:48:20.629+0000] {logging_mixin.py:190} INFO - [2025-04-30T00:48:20.628+0000] {dagbag.py:587} INFO - Filling up the DagBag from /home/airflow/.local/lib/python3.12/site-packages/airflow/example_dags/example_task_group.py
[2025-04-30T00:48:20.647+0000] {processor.py:925} INFO - DAG(s) 'example_task_group' retrieved from /home/airflow/.local/lib/python3.12/site-packages/airflow/example_dags/example_task_group.py
[2025-04-30T00:48:20.685+0000] {logging_mixin.py:190} INFO - [2025-04-30T00:48:20.684+0000] {dag.py:3211} INFO - Sync 1 DAGs
[2025-04-30T00:48:20.729+0000] {logging_mixin.py:190} INFO - [2025-04-30T00:48:20.728+0000] {dag.py:4138} INFO - Setting next_dagrun for example_task_group to 2025-04-29 00:00:00+00:00, run_after=2025-04-30 00:00:00+00:00
[2025-04-30T00:48:20.761+0000] {processor.py:208} INFO - Processing /home/airflow/.local/lib/python3.12/site-packages/airflow/example_dags/example_task_group.py took 0.147 seconds
[2025-04-30T00:48:51.715+0000] {processor.py:186} INFO - Started process (PID=2336) to work on /home/airflow/.local/lib/python3.12/site-packages/airflow/example_dags/example_task_group.py
[2025-04-30T00:48:51.717+0000] {processor.py:914} INFO - Processing file /home/airflow/.local/lib/python3.12/site-packages/airflow/example_dags/example_task_group.py for tasks to queue
[2025-04-30T00:48:51.718+0000] {logging_mixin.py:190} INFO - [2025-04-30T00:48:51.718+0000] {dagbag.py:587} INFO - Filling up the DagBag from /home/airflow/.local/lib/python3.12/site-packages/airflow/example_dags/example_task_group.py
[2025-04-30T00:48:51.729+0000] {processor.py:925} INFO - DAG(s) 'example_task_group' retrieved from /home/airflow/.local/lib/python3.12/site-packages/airflow/example_dags/example_task_group.py
[2025-04-30T00:48:51.754+0000] {logging_mixin.py:190} INFO - [2025-04-30T00:48:51.753+0000] {dag.py:3211} INFO - Sync 1 DAGs
[2025-04-30T00:48:51.785+0000] {logging_mixin.py:190} INFO - [2025-04-30T00:48:51.785+0000] {dag.py:4138} INFO - Setting next_dagrun for example_task_group to 2025-04-29 00:00:00+00:00, run_after=2025-04-30 00:00:00+00:00
[2025-04-30T00:48:51.824+0000] {processor.py:208} INFO - Processing /home/airflow/.local/lib/python3.12/site-packages/airflow/example_dags/example_task_group.py took 0.114 seconds
[2025-04-30T00:49:22.315+0000] {processor.py:186} INFO - Started process (PID=2399) to work on /home/airflow/.local/lib/python3.12/site-packages/airflow/example_dags/example_task_group.py
[2025-04-30T00:49:22.316+0000] {processor.py:914} INFO - Processing file /home/airflow/.local/lib/python3.12/site-packages/airflow/example_dags/example_task_group.py for tasks to queue
[2025-04-30T00:49:22.317+0000] {logging_mixin.py:190} INFO - [2025-04-30T00:49:22.317+0000] {dagbag.py:587} INFO - Filling up the DagBag from /home/airflow/.local/lib/python3.12/site-packages/airflow/example_dags/example_task_group.py
[2025-04-30T00:49:22.330+0000] {processor.py:925} INFO - DAG(s) 'example_task_group' retrieved from /home/airflow/.local/lib/python3.12/site-packages/airflow/example_dags/example_task_group.py
[2025-04-30T00:49:22.358+0000] {logging_mixin.py:190} INFO - [2025-04-30T00:49:22.357+0000] {dag.py:3211} INFO - Sync 1 DAGs
[2025-04-30T00:49:22.393+0000] {logging_mixin.py:190} INFO - [2025-04-30T00:49:22.393+0000] {dag.py:4138} INFO - Setting next_dagrun for example_task_group to 2025-04-29 00:00:00+00:00, run_after=2025-04-30 00:00:00+00:00
[2025-04-30T00:49:22.423+0000] {processor.py:208} INFO - Processing /home/airflow/.local/lib/python3.12/site-packages/airflow/example_dags/example_task_group.py took 0.115 seconds
[2025-04-30T00:49:53.054+0000] {processor.py:186} INFO - Started process (PID=2462) to work on /home/airflow/.local/lib/python3.12/site-packages/airflow/example_dags/example_task_group.py
[2025-04-30T00:49:53.056+0000] {processor.py:914} INFO - Processing file /home/airflow/.local/lib/python3.12/site-packages/airflow/example_dags/example_task_group.py for tasks to queue
[2025-04-30T00:49:53.058+0000] {logging_mixin.py:190} INFO - [2025-04-30T00:49:53.058+0000] {dagbag.py:587} INFO - Filling up the DagBag from /home/airflow/.local/lib/python3.12/site-packages/airflow/example_dags/example_task_group.py
[2025-04-30T00:49:53.075+0000] {processor.py:925} INFO - DAG(s) 'example_task_group' retrieved from /home/airflow/.local/lib/python3.12/site-packages/airflow/example_dags/example_task_group.py
[2025-04-30T00:49:53.112+0000] {logging_mixin.py:190} INFO - [2025-04-30T00:49:53.112+0000] {dag.py:3211} INFO - Sync 1 DAGs
[2025-04-30T00:49:53.152+0000] {logging_mixin.py:190} INFO - [2025-04-30T00:49:53.152+0000] {dag.py:4138} INFO - Setting next_dagrun for example_task_group to 2025-04-29 00:00:00+00:00, run_after=2025-04-30 00:00:00+00:00
[2025-04-30T00:49:53.194+0000] {processor.py:208} INFO - Processing /home/airflow/.local/lib/python3.12/site-packages/airflow/example_dags/example_task_group.py took 0.148 seconds
[2025-04-30T00:50:23.608+0000] {processor.py:186} INFO - Started process (PID=2526) to work on /home/airflow/.local/lib/python3.12/site-packages/airflow/example_dags/example_task_group.py
[2025-04-30T00:50:23.610+0000] {processor.py:914} INFO - Processing file /home/airflow/.local/lib/python3.12/site-packages/airflow/example_dags/example_task_group.py for tasks to queue
[2025-04-30T00:50:23.611+0000] {logging_mixin.py:190} INFO - [2025-04-30T00:50:23.611+0000] {dagbag.py:587} INFO - Filling up the DagBag from /home/airflow/.local/lib/python3.12/site-packages/airflow/example_dags/example_task_group.py
[2025-04-30T00:50:23.622+0000] {processor.py:925} INFO - DAG(s) 'example_task_group' retrieved from /home/airflow/.local/lib/python3.12/site-packages/airflow/example_dags/example_task_group.py
[2025-04-30T00:50:23.646+0000] {logging_mixin.py:190} INFO - [2025-04-30T00:50:23.646+0000] {dag.py:3211} INFO - Sync 1 DAGs
[2025-04-30T00:50:23.674+0000] {logging_mixin.py:190} INFO - [2025-04-30T00:50:23.674+0000] {dag.py:4138} INFO - Setting next_dagrun for example_task_group to 2025-04-29 00:00:00+00:00, run_after=2025-04-30 00:00:00+00:00
[2025-04-30T00:50:23.696+0000] {processor.py:208} INFO - Processing /home/airflow/.local/lib/python3.12/site-packages/airflow/example_dags/example_task_group.py took 0.095 seconds
[2025-04-30T00:50:54.298+0000] {processor.py:186} INFO - Started process (PID=2589) to work on /home/airflow/.local/lib/python3.12/site-packages/airflow/example_dags/example_task_group.py
[2025-04-30T00:50:54.300+0000] {processor.py:914} INFO - Processing file /home/airflow/.local/lib/python3.12/site-packages/airflow/example_dags/example_task_group.py for tasks to queue
[2025-04-30T00:50:54.302+0000] {logging_mixin.py:190} INFO - [2025-04-30T00:50:54.301+0000] {dagbag.py:587} INFO - Filling up the DagBag from /home/airflow/.local/lib/python3.12/site-packages/airflow/example_dags/example_task_group.py
[2025-04-30T00:50:54.319+0000] {processor.py:925} INFO - DAG(s) 'example_task_group' retrieved from /home/airflow/.local/lib/python3.12/site-packages/airflow/example_dags/example_task_group.py
[2025-04-30T00:50:54.354+0000] {logging_mixin.py:190} INFO - [2025-04-30T00:50:54.354+0000] {dag.py:3211} INFO - Sync 1 DAGs
[2025-04-30T00:50:54.395+0000] {logging_mixin.py:190} INFO - [2025-04-30T00:50:54.395+0000] {dag.py:4138} INFO - Setting next_dagrun for example_task_group to 2025-04-29 00:00:00+00:00, run_after=2025-04-30 00:00:00+00:00
[2025-04-30T00:50:54.418+0000] {processor.py:208} INFO - Processing /home/airflow/.local/lib/python3.12/site-packages/airflow/example_dags/example_task_group.py took 0.130 seconds
[2025-04-30T00:51:24.804+0000] {processor.py:186} INFO - Started process (PID=2652) to work on /home/airflow/.local/lib/python3.12/site-packages/airflow/example_dags/example_task_group.py
[2025-04-30T00:51:24.805+0000] {processor.py:914} INFO - Processing file /home/airflow/.local/lib/python3.12/site-packages/airflow/example_dags/example_task_group.py for tasks to queue
[2025-04-30T00:51:24.807+0000] {logging_mixin.py:190} INFO - [2025-04-30T00:51:24.806+0000] {dagbag.py:587} INFO - Filling up the DagBag from /home/airflow/.local/lib/python3.12/site-packages/airflow/example_dags/example_task_group.py
[2025-04-30T00:51:24.819+0000] {processor.py:925} INFO - DAG(s) 'example_task_group' retrieved from /home/airflow/.local/lib/python3.12/site-packages/airflow/example_dags/example_task_group.py
[2025-04-30T00:51:24.845+0000] {logging_mixin.py:190} INFO - [2025-04-30T00:51:24.844+0000] {dag.py:3211} INFO - Sync 1 DAGs
[2025-04-30T00:51:24.873+0000] {logging_mixin.py:190} INFO - [2025-04-30T00:51:24.873+0000] {dag.py:4138} INFO - Setting next_dagrun for example_task_group to 2025-04-29 00:00:00+00:00, run_after=2025-04-30 00:00:00+00:00
[2025-04-30T00:51:24.895+0000] {processor.py:208} INFO - Processing /home/airflow/.local/lib/python3.12/site-packages/airflow/example_dags/example_task_group.py took 0.098 seconds
[2025-04-30T00:59:33.758+0000] {processor.py:186} INFO - Started process (PID=2739) to work on /home/airflow/.local/lib/python3.12/site-packages/airflow/example_dags/example_task_group.py
[2025-04-30T00:59:33.760+0000] {processor.py:914} INFO - Processing file /home/airflow/.local/lib/python3.12/site-packages/airflow/example_dags/example_task_group.py for tasks to queue
[2025-04-30T00:59:33.763+0000] {logging_mixin.py:190} INFO - [2025-04-30T00:59:33.762+0000] {dagbag.py:587} INFO - Filling up the DagBag from /home/airflow/.local/lib/python3.12/site-packages/airflow/example_dags/example_task_group.py
[2025-04-30T00:59:33.793+0000] {processor.py:925} INFO - DAG(s) 'example_task_group' retrieved from /home/airflow/.local/lib/python3.12/site-packages/airflow/example_dags/example_task_group.py
[2025-04-30T00:59:33.862+0000] {logging_mixin.py:190} INFO - [2025-04-30T00:59:33.862+0000] {dag.py:3211} INFO - Sync 1 DAGs
[2025-04-30T00:59:33.937+0000] {logging_mixin.py:190} INFO - [2025-04-30T00:59:33.937+0000] {dag.py:4138} INFO - Setting next_dagrun for example_task_group to 2025-04-29 00:00:00+00:00, run_after=2025-04-30 00:00:00+00:00
[2025-04-30T00:59:34.004+0000] {processor.py:208} INFO - Processing /home/airflow/.local/lib/python3.12/site-packages/airflow/example_dags/example_task_group.py took 0.262 seconds
[2025-04-30T01:00:04.712+0000] {processor.py:186} INFO - Started process (PID=2802) to work on /home/airflow/.local/lib/python3.12/site-packages/airflow/example_dags/example_task_group.py
[2025-04-30T01:00:04.713+0000] {processor.py:914} INFO - Processing file /home/airflow/.local/lib/python3.12/site-packages/airflow/example_dags/example_task_group.py for tasks to queue
[2025-04-30T01:00:04.715+0000] {logging_mixin.py:190} INFO - [2025-04-30T01:00:04.715+0000] {dagbag.py:587} INFO - Filling up the DagBag from /home/airflow/.local/lib/python3.12/site-packages/airflow/example_dags/example_task_group.py
[2025-04-30T01:00:04.727+0000] {processor.py:925} INFO - DAG(s) 'example_task_group' retrieved from /home/airflow/.local/lib/python3.12/site-packages/airflow/example_dags/example_task_group.py
[2025-04-30T01:00:04.760+0000] {logging_mixin.py:190} INFO - [2025-04-30T01:00:04.760+0000] {dag.py:3211} INFO - Sync 1 DAGs
[2025-04-30T01:00:04.794+0000] {logging_mixin.py:190} INFO - [2025-04-30T01:00:04.794+0000] {dag.py:4138} INFO - Setting next_dagrun for example_task_group to 2025-04-29 00:00:00+00:00, run_after=2025-04-30 00:00:00+00:00
[2025-04-30T01:00:04.827+0000] {processor.py:208} INFO - Processing /home/airflow/.local/lib/python3.12/site-packages/airflow/example_dags/example_task_group.py took 0.123 seconds
[2025-04-30T01:00:35.147+0000] {processor.py:186} INFO - Started process (PID=2870) to work on /home/airflow/.local/lib/python3.12/site-packages/airflow/example_dags/example_task_group.py
[2025-04-30T01:00:35.149+0000] {processor.py:914} INFO - Processing file /home/airflow/.local/lib/python3.12/site-packages/airflow/example_dags/example_task_group.py for tasks to queue
[2025-04-30T01:00:35.150+0000] {logging_mixin.py:190} INFO - [2025-04-30T01:00:35.150+0000] {dagbag.py:587} INFO - Filling up the DagBag from /home/airflow/.local/lib/python3.12/site-packages/airflow/example_dags/example_task_group.py
[2025-04-30T01:00:35.161+0000] {processor.py:925} INFO - DAG(s) 'example_task_group' retrieved from /home/airflow/.local/lib/python3.12/site-packages/airflow/example_dags/example_task_group.py
[2025-04-30T01:00:35.182+0000] {logging_mixin.py:190} INFO - [2025-04-30T01:00:35.182+0000] {dag.py:3211} INFO - Sync 1 DAGs
[2025-04-30T01:00:35.205+0000] {logging_mixin.py:190} INFO - [2025-04-30T01:00:35.205+0000] {dag.py:4138} INFO - Setting next_dagrun for example_task_group to 2025-04-29 00:00:00+00:00, run_after=2025-04-30 00:00:00+00:00
[2025-04-30T01:00:35.228+0000] {processor.py:208} INFO - Processing /home/airflow/.local/lib/python3.12/site-packages/airflow/example_dags/example_task_group.py took 0.088 seconds
[2025-04-30T01:01:05.900+0000] {processor.py:186} INFO - Started process (PID=2934) to work on /home/airflow/.local/lib/python3.12/site-packages/airflow/example_dags/example_task_group.py
[2025-04-30T01:01:05.901+0000] {processor.py:914} INFO - Processing file /home/airflow/.local/lib/python3.12/site-packages/airflow/example_dags/example_task_group.py for tasks to queue
[2025-04-30T01:01:05.903+0000] {logging_mixin.py:190} INFO - [2025-04-30T01:01:05.902+0000] {dagbag.py:587} INFO - Filling up the DagBag from /home/airflow/.local/lib/python3.12/site-packages/airflow/example_dags/example_task_group.py
[2025-04-30T01:01:05.915+0000] {processor.py:925} INFO - DAG(s) 'example_task_group' retrieved from /home/airflow/.local/lib/python3.12/site-packages/airflow/example_dags/example_task_group.py
[2025-04-30T01:01:05.945+0000] {logging_mixin.py:190} INFO - [2025-04-30T01:01:05.945+0000] {dag.py:3211} INFO - Sync 1 DAGs
[2025-04-30T01:01:05.991+0000] {logging_mixin.py:190} INFO - [2025-04-30T01:01:05.991+0000] {dag.py:4138} INFO - Setting next_dagrun for example_task_group to 2025-04-29 00:00:00+00:00, run_after=2025-04-30 00:00:00+00:00
[2025-04-30T01:01:06.014+0000] {processor.py:208} INFO - Processing /home/airflow/.local/lib/python3.12/site-packages/airflow/example_dags/example_task_group.py took 0.121 seconds
[2025-04-30T01:01:36.768+0000] {processor.py:186} INFO - Started process (PID=2997) to work on /home/airflow/.local/lib/python3.12/site-packages/airflow/example_dags/example_task_group.py
[2025-04-30T01:01:36.769+0000] {processor.py:914} INFO - Processing file /home/airflow/.local/lib/python3.12/site-packages/airflow/example_dags/example_task_group.py for tasks to queue
[2025-04-30T01:01:36.771+0000] {logging_mixin.py:190} INFO - [2025-04-30T01:01:36.770+0000] {dagbag.py:587} INFO - Filling up the DagBag from /home/airflow/.local/lib/python3.12/site-packages/airflow/example_dags/example_task_group.py
[2025-04-30T01:01:36.784+0000] {processor.py:925} INFO - DAG(s) 'example_task_group' retrieved from /home/airflow/.local/lib/python3.12/site-packages/airflow/example_dags/example_task_group.py
[2025-04-30T01:01:36.810+0000] {logging_mixin.py:190} INFO - [2025-04-30T01:01:36.809+0000] {dag.py:3211} INFO - Sync 1 DAGs
[2025-04-30T01:01:36.840+0000] {logging_mixin.py:190} INFO - [2025-04-30T01:01:36.840+0000] {dag.py:4138} INFO - Setting next_dagrun for example_task_group to 2025-04-29 00:00:00+00:00, run_after=2025-04-30 00:00:00+00:00
[2025-04-30T01:01:36.870+0000] {processor.py:208} INFO - Processing /home/airflow/.local/lib/python3.12/site-packages/airflow/example_dags/example_task_group.py took 0.110 seconds
[2025-04-30T01:02:07.662+0000] {processor.py:186} INFO - Started process (PID=3060) to work on /home/airflow/.local/lib/python3.12/site-packages/airflow/example_dags/example_task_group.py
[2025-04-30T01:02:07.663+0000] {processor.py:914} INFO - Processing file /home/airflow/.local/lib/python3.12/site-packages/airflow/example_dags/example_task_group.py for tasks to queue
[2025-04-30T01:02:07.664+0000] {logging_mixin.py:190} INFO - [2025-04-30T01:02:07.664+0000] {dagbag.py:587} INFO - Filling up the DagBag from /home/airflow/.local/lib/python3.12/site-packages/airflow/example_dags/example_task_group.py
[2025-04-30T01:02:07.675+0000] {processor.py:925} INFO - DAG(s) 'example_task_group' retrieved from /home/airflow/.local/lib/python3.12/site-packages/airflow/example_dags/example_task_group.py
[2025-04-30T01:02:07.698+0000] {logging_mixin.py:190} INFO - [2025-04-30T01:02:07.698+0000] {dag.py:3211} INFO - Sync 1 DAGs
[2025-04-30T01:02:07.727+0000] {logging_mixin.py:190} INFO - [2025-04-30T01:02:07.727+0000] {dag.py:4138} INFO - Setting next_dagrun for example_task_group to 2025-04-29 00:00:00+00:00, run_after=2025-04-30 00:00:00+00:00
[2025-04-30T01:02:07.752+0000] {processor.py:208} INFO - Processing /home/airflow/.local/lib/python3.12/site-packages/airflow/example_dags/example_task_group.py took 0.096 seconds
[2025-04-30T01:02:38.115+0000] {processor.py:186} INFO - Started process (PID=3123) to work on /home/airflow/.local/lib/python3.12/site-packages/airflow/example_dags/example_task_group.py
[2025-04-30T01:02:38.116+0000] {processor.py:914} INFO - Processing file /home/airflow/.local/lib/python3.12/site-packages/airflow/example_dags/example_task_group.py for tasks to queue
[2025-04-30T01:02:38.118+0000] {logging_mixin.py:190} INFO - [2025-04-30T01:02:38.117+0000] {dagbag.py:587} INFO - Filling up the DagBag from /home/airflow/.local/lib/python3.12/site-packages/airflow/example_dags/example_task_group.py
[2025-04-30T01:02:38.128+0000] {processor.py:925} INFO - DAG(s) 'example_task_group' retrieved from /home/airflow/.local/lib/python3.12/site-packages/airflow/example_dags/example_task_group.py
[2025-04-30T01:02:38.152+0000] {logging_mixin.py:190} INFO - [2025-04-30T01:02:38.151+0000] {dag.py:3211} INFO - Sync 1 DAGs
[2025-04-30T01:02:38.177+0000] {logging_mixin.py:190} INFO - [2025-04-30T01:02:38.177+0000] {dag.py:4138} INFO - Setting next_dagrun for example_task_group to 2025-04-29 00:00:00+00:00, run_after=2025-04-30 00:00:00+00:00
[2025-04-30T01:02:38.200+0000] {processor.py:208} INFO - Processing /home/airflow/.local/lib/python3.12/site-packages/airflow/example_dags/example_task_group.py took 0.092 seconds
[2025-04-30T01:03:09.367+0000] {processor.py:186} INFO - Started process (PID=3186) to work on /home/airflow/.local/lib/python3.12/site-packages/airflow/example_dags/example_task_group.py
[2025-04-30T01:03:09.368+0000] {processor.py:914} INFO - Processing file /home/airflow/.local/lib/python3.12/site-packages/airflow/example_dags/example_task_group.py for tasks to queue
[2025-04-30T01:03:09.370+0000] {logging_mixin.py:190} INFO - [2025-04-30T01:03:09.369+0000] {dagbag.py:587} INFO - Filling up the DagBag from /home/airflow/.local/lib/python3.12/site-packages/airflow/example_dags/example_task_group.py
[2025-04-30T01:03:09.380+0000] {processor.py:925} INFO - DAG(s) 'example_task_group' retrieved from /home/airflow/.local/lib/python3.12/site-packages/airflow/example_dags/example_task_group.py
[2025-04-30T01:03:09.407+0000] {logging_mixin.py:190} INFO - [2025-04-30T01:03:09.407+0000] {dag.py:3211} INFO - Sync 1 DAGs
[2025-04-30T01:03:09.434+0000] {logging_mixin.py:190} INFO - [2025-04-30T01:03:09.434+0000] {dag.py:4138} INFO - Setting next_dagrun for example_task_group to 2025-04-29 00:00:00+00:00, run_after=2025-04-30 00:00:00+00:00
[2025-04-30T01:03:09.455+0000] {processor.py:208} INFO - Processing /home/airflow/.local/lib/python3.12/site-packages/airflow/example_dags/example_task_group.py took 0.094 seconds
[2025-04-30T01:03:42.423+0000] {processor.py:186} INFO - Started process (PID=3249) to work on /home/airflow/.local/lib/python3.12/site-packages/airflow/example_dags/example_task_group.py
[2025-04-30T01:03:42.424+0000] {processor.py:914} INFO - Processing file /home/airflow/.local/lib/python3.12/site-packages/airflow/example_dags/example_task_group.py for tasks to queue
[2025-04-30T01:03:42.425+0000] {logging_mixin.py:190} INFO - [2025-04-30T01:03:42.425+0000] {dagbag.py:587} INFO - Filling up the DagBag from /home/airflow/.local/lib/python3.12/site-packages/airflow/example_dags/example_task_group.py
[2025-04-30T01:03:42.435+0000] {processor.py:925} INFO - DAG(s) 'example_task_group' retrieved from /home/airflow/.local/lib/python3.12/site-packages/airflow/example_dags/example_task_group.py
[2025-04-30T01:03:42.649+0000] {logging_mixin.py:190} INFO - [2025-04-30T01:03:42.649+0000] {dag.py:3211} INFO - Sync 1 DAGs
[2025-04-30T01:03:42.676+0000] {logging_mixin.py:190} INFO - [2025-04-30T01:03:42.676+0000] {dag.py:4138} INFO - Setting next_dagrun for example_task_group to 2025-04-29 00:00:00+00:00, run_after=2025-04-30 00:00:00+00:00
[2025-04-30T01:03:42.697+0000] {processor.py:208} INFO - Processing /home/airflow/.local/lib/python3.12/site-packages/airflow/example_dags/example_task_group.py took 0.280 seconds
[2025-04-30T01:04:13.731+0000] {processor.py:186} INFO - Started process (PID=3313) to work on /home/airflow/.local/lib/python3.12/site-packages/airflow/example_dags/example_task_group.py
[2025-04-30T01:04:13.732+0000] {processor.py:914} INFO - Processing file /home/airflow/.local/lib/python3.12/site-packages/airflow/example_dags/example_task_group.py for tasks to queue
[2025-04-30T01:04:13.734+0000] {logging_mixin.py:190} INFO - [2025-04-30T01:04:13.734+0000] {dagbag.py:587} INFO - Filling up the DagBag from /home/airflow/.local/lib/python3.12/site-packages/airflow/example_dags/example_task_group.py
[2025-04-30T01:04:13.747+0000] {processor.py:925} INFO - DAG(s) 'example_task_group' retrieved from /home/airflow/.local/lib/python3.12/site-packages/airflow/example_dags/example_task_group.py
[2025-04-30T01:04:13.949+0000] {logging_mixin.py:190} INFO - [2025-04-30T01:04:13.949+0000] {dag.py:3211} INFO - Sync 1 DAGs
[2025-04-30T01:04:13.980+0000] {logging_mixin.py:190} INFO - [2025-04-30T01:04:13.980+0000] {dag.py:4138} INFO - Setting next_dagrun for example_task_group to 2025-04-29 00:00:00+00:00, run_after=2025-04-30 00:00:00+00:00
[2025-04-30T01:04:14.005+0000] {processor.py:208} INFO - Processing /home/airflow/.local/lib/python3.12/site-packages/airflow/example_dags/example_task_group.py took 0.283 seconds
[2025-04-30T01:04:44.504+0000] {processor.py:186} INFO - Started process (PID=3376) to work on /home/airflow/.local/lib/python3.12/site-packages/airflow/example_dags/example_task_group.py
[2025-04-30T01:04:44.512+0000] {processor.py:914} INFO - Processing file /home/airflow/.local/lib/python3.12/site-packages/airflow/example_dags/example_task_group.py for tasks to queue
[2025-04-30T01:04:44.514+0000] {logging_mixin.py:190} INFO - [2025-04-30T01:04:44.513+0000] {dagbag.py:587} INFO - Filling up the DagBag from /home/airflow/.local/lib/python3.12/site-packages/airflow/example_dags/example_task_group.py
[2025-04-30T01:04:44.531+0000] {processor.py:925} INFO - DAG(s) 'example_task_group' retrieved from /home/airflow/.local/lib/python3.12/site-packages/airflow/example_dags/example_task_group.py
[2025-04-30T01:04:44.552+0000] {logging_mixin.py:190} INFO - [2025-04-30T01:04:44.552+0000] {dag.py:3211} INFO - Sync 1 DAGs
[2025-04-30T01:04:44.575+0000] {logging_mixin.py:190} INFO - [2025-04-30T01:04:44.575+0000] {dag.py:4138} INFO - Setting next_dagrun for example_task_group to 2025-04-29 00:00:00+00:00, run_after=2025-04-30 00:00:00+00:00
[2025-04-30T01:04:44.596+0000] {processor.py:208} INFO - Processing /home/airflow/.local/lib/python3.12/site-packages/airflow/example_dags/example_task_group.py took 0.108 seconds
[2025-04-30T01:05:15.237+0000] {processor.py:186} INFO - Started process (PID=3439) to work on /home/airflow/.local/lib/python3.12/site-packages/airflow/example_dags/example_task_group.py
[2025-04-30T01:05:15.239+0000] {processor.py:914} INFO - Processing file /home/airflow/.local/lib/python3.12/site-packages/airflow/example_dags/example_task_group.py for tasks to queue
[2025-04-30T01:05:15.240+0000] {logging_mixin.py:190} INFO - [2025-04-30T01:05:15.240+0000] {dagbag.py:587} INFO - Filling up the DagBag from /home/airflow/.local/lib/python3.12/site-packages/airflow/example_dags/example_task_group.py
[2025-04-30T01:05:15.250+0000] {processor.py:925} INFO - DAG(s) 'example_task_group' retrieved from /home/airflow/.local/lib/python3.12/site-packages/airflow/example_dags/example_task_group.py
[2025-04-30T01:05:15.273+0000] {logging_mixin.py:190} INFO - [2025-04-30T01:05:15.272+0000] {dag.py:3211} INFO - Sync 1 DAGs
[2025-04-30T01:05:15.303+0000] {logging_mixin.py:190} INFO - [2025-04-30T01:05:15.303+0000] {dag.py:4138} INFO - Setting next_dagrun for example_task_group to 2025-04-29 00:00:00+00:00, run_after=2025-04-30 00:00:00+00:00
[2025-04-30T01:05:15.332+0000] {processor.py:208} INFO - Processing /home/airflow/.local/lib/python3.12/site-packages/airflow/example_dags/example_task_group.py took 0.103 seconds
[2025-04-30T01:05:45.836+0000] {processor.py:186} INFO - Started process (PID=3502) to work on /home/airflow/.local/lib/python3.12/site-packages/airflow/example_dags/example_task_group.py
[2025-04-30T01:05:45.837+0000] {processor.py:914} INFO - Processing file /home/airflow/.local/lib/python3.12/site-packages/airflow/example_dags/example_task_group.py for tasks to queue
[2025-04-30T01:05:45.839+0000] {logging_mixin.py:190} INFO - [2025-04-30T01:05:45.838+0000] {dagbag.py:587} INFO - Filling up the DagBag from /home/airflow/.local/lib/python3.12/site-packages/airflow/example_dags/example_task_group.py
[2025-04-30T01:05:45.850+0000] {processor.py:925} INFO - DAG(s) 'example_task_group' retrieved from /home/airflow/.local/lib/python3.12/site-packages/airflow/example_dags/example_task_group.py
[2025-04-30T01:05:45.882+0000] {logging_mixin.py:190} INFO - [2025-04-30T01:05:45.881+0000] {dag.py:3211} INFO - Sync 1 DAGs
[2025-04-30T01:05:45.912+0000] {logging_mixin.py:190} INFO - [2025-04-30T01:05:45.911+0000] {dag.py:4138} INFO - Setting next_dagrun for example_task_group to 2025-04-29 00:00:00+00:00, run_after=2025-04-30 00:00:00+00:00
[2025-04-30T01:05:45.934+0000] {processor.py:208} INFO - Processing /home/airflow/.local/lib/python3.12/site-packages/airflow/example_dags/example_task_group.py took 0.106 seconds
[2025-04-30T01:06:16.684+0000] {processor.py:186} INFO - Started process (PID=3565) to work on /home/airflow/.local/lib/python3.12/site-packages/airflow/example_dags/example_task_group.py
[2025-04-30T01:06:16.685+0000] {processor.py:914} INFO - Processing file /home/airflow/.local/lib/python3.12/site-packages/airflow/example_dags/example_task_group.py for tasks to queue
[2025-04-30T01:06:16.686+0000] {logging_mixin.py:190} INFO - [2025-04-30T01:06:16.686+0000] {dagbag.py:587} INFO - Filling up the DagBag from /home/airflow/.local/lib/python3.12/site-packages/airflow/example_dags/example_task_group.py
[2025-04-30T01:06:16.697+0000] {processor.py:925} INFO - DAG(s) 'example_task_group' retrieved from /home/airflow/.local/lib/python3.12/site-packages/airflow/example_dags/example_task_group.py
[2025-04-30T01:06:16.723+0000] {logging_mixin.py:190} INFO - [2025-04-30T01:06:16.723+0000] {dag.py:3211} INFO - Sync 1 DAGs
[2025-04-30T01:06:16.749+0000] {logging_mixin.py:190} INFO - [2025-04-30T01:06:16.749+0000] {dag.py:4138} INFO - Setting next_dagrun for example_task_group to 2025-04-29 00:00:00+00:00, run_after=2025-04-30 00:00:00+00:00
[2025-04-30T01:06:16.769+0000] {processor.py:208} INFO - Processing /home/airflow/.local/lib/python3.12/site-packages/airflow/example_dags/example_task_group.py took 0.094 seconds
[2025-04-30T01:06:47.366+0000] {processor.py:186} INFO - Started process (PID=3628) to work on /home/airflow/.local/lib/python3.12/site-packages/airflow/example_dags/example_task_group.py
[2025-04-30T01:06:47.367+0000] {processor.py:914} INFO - Processing file /home/airflow/.local/lib/python3.12/site-packages/airflow/example_dags/example_task_group.py for tasks to queue
[2025-04-30T01:06:47.369+0000] {logging_mixin.py:190} INFO - [2025-04-30T01:06:47.368+0000] {dagbag.py:587} INFO - Filling up the DagBag from /home/airflow/.local/lib/python3.12/site-packages/airflow/example_dags/example_task_group.py
[2025-04-30T01:06:47.379+0000] {processor.py:925} INFO - DAG(s) 'example_task_group' retrieved from /home/airflow/.local/lib/python3.12/site-packages/airflow/example_dags/example_task_group.py
[2025-04-30T01:06:47.405+0000] {logging_mixin.py:190} INFO - [2025-04-30T01:06:47.404+0000] {dag.py:3211} INFO - Sync 1 DAGs
[2025-04-30T01:06:47.431+0000] {logging_mixin.py:190} INFO - [2025-04-30T01:06:47.431+0000] {dag.py:4138} INFO - Setting next_dagrun for example_task_group to 2025-04-29 00:00:00+00:00, run_after=2025-04-30 00:00:00+00:00
[2025-04-30T01:06:47.456+0000] {processor.py:208} INFO - Processing /home/airflow/.local/lib/python3.12/site-packages/airflow/example_dags/example_task_group.py took 0.096 seconds
[2025-04-30T01:07:17.786+0000] {processor.py:186} INFO - Started process (PID=3691) to work on /home/airflow/.local/lib/python3.12/site-packages/airflow/example_dags/example_task_group.py
[2025-04-30T01:07:17.788+0000] {processor.py:914} INFO - Processing file /home/airflow/.local/lib/python3.12/site-packages/airflow/example_dags/example_task_group.py for tasks to queue
[2025-04-30T01:07:17.789+0000] {logging_mixin.py:190} INFO - [2025-04-30T01:07:17.789+0000] {dagbag.py:587} INFO - Filling up the DagBag from /home/airflow/.local/lib/python3.12/site-packages/airflow/example_dags/example_task_group.py
[2025-04-30T01:07:17.799+0000] {processor.py:925} INFO - DAG(s) 'example_task_group' retrieved from /home/airflow/.local/lib/python3.12/site-packages/airflow/example_dags/example_task_group.py
[2025-04-30T01:07:17.821+0000] {logging_mixin.py:190} INFO - [2025-04-30T01:07:17.821+0000] {dag.py:3211} INFO - Sync 1 DAGs
[2025-04-30T01:07:17.845+0000] {logging_mixin.py:190} INFO - [2025-04-30T01:07:17.845+0000] {dag.py:4138} INFO - Setting next_dagrun for example_task_group to 2025-04-29 00:00:00+00:00, run_after=2025-04-30 00:00:00+00:00
[2025-04-30T01:07:17.873+0000] {processor.py:208} INFO - Processing /home/airflow/.local/lib/python3.12/site-packages/airflow/example_dags/example_task_group.py took 0.093 seconds
[2025-04-30T01:07:48.658+0000] {processor.py:186} INFO - Started process (PID=3754) to work on /home/airflow/.local/lib/python3.12/site-packages/airflow/example_dags/example_task_group.py
[2025-04-30T01:07:48.659+0000] {processor.py:914} INFO - Processing file /home/airflow/.local/lib/python3.12/site-packages/airflow/example_dags/example_task_group.py for tasks to queue
[2025-04-30T01:07:48.661+0000] {logging_mixin.py:190} INFO - [2025-04-30T01:07:48.660+0000] {dagbag.py:587} INFO - Filling up the DagBag from /home/airflow/.local/lib/python3.12/site-packages/airflow/example_dags/example_task_group.py
[2025-04-30T01:07:48.671+0000] {processor.py:925} INFO - DAG(s) 'example_task_group' retrieved from /home/airflow/.local/lib/python3.12/site-packages/airflow/example_dags/example_task_group.py
[2025-04-30T01:07:48.695+0000] {logging_mixin.py:190} INFO - [2025-04-30T01:07:48.695+0000] {dag.py:3211} INFO - Sync 1 DAGs
[2025-04-30T01:07:48.720+0000] {logging_mixin.py:190} INFO - [2025-04-30T01:07:48.719+0000] {dag.py:4138} INFO - Setting next_dagrun for example_task_group to 2025-04-29 00:00:00+00:00, run_after=2025-04-30 00:00:00+00:00
[2025-04-30T01:07:48.744+0000] {processor.py:208} INFO - Processing /home/airflow/.local/lib/python3.12/site-packages/airflow/example_dags/example_task_group.py took 0.092 seconds
[2025-04-30T01:08:19.355+0000] {processor.py:186} INFO - Started process (PID=3816) to work on /home/airflow/.local/lib/python3.12/site-packages/airflow/example_dags/example_task_group.py
[2025-04-30T01:08:19.357+0000] {processor.py:914} INFO - Processing file /home/airflow/.local/lib/python3.12/site-packages/airflow/example_dags/example_task_group.py for tasks to queue
[2025-04-30T01:08:19.359+0000] {logging_mixin.py:190} INFO - [2025-04-30T01:08:19.358+0000] {dagbag.py:587} INFO - Filling up the DagBag from /home/airflow/.local/lib/python3.12/site-packages/airflow/example_dags/example_task_group.py
[2025-04-30T01:08:19.370+0000] {processor.py:925} INFO - DAG(s) 'example_task_group' retrieved from /home/airflow/.local/lib/python3.12/site-packages/airflow/example_dags/example_task_group.py
[2025-04-30T01:08:19.395+0000] {logging_mixin.py:190} INFO - [2025-04-30T01:08:19.395+0000] {dag.py:3211} INFO - Sync 1 DAGs
[2025-04-30T01:08:19.426+0000] {logging_mixin.py:190} INFO - [2025-04-30T01:08:19.426+0000] {dag.py:4138} INFO - Setting next_dagrun for example_task_group to 2025-04-29 00:00:00+00:00, run_after=2025-04-30 00:00:00+00:00
[2025-04-30T01:08:19.453+0000] {processor.py:208} INFO - Processing /home/airflow/.local/lib/python3.12/site-packages/airflow/example_dags/example_task_group.py took 0.104 seconds
[2025-04-30T01:08:50.399+0000] {processor.py:186} INFO - Started process (PID=3884) to work on /home/airflow/.local/lib/python3.12/site-packages/airflow/example_dags/example_task_group.py
[2025-04-30T01:08:50.401+0000] {processor.py:914} INFO - Processing file /home/airflow/.local/lib/python3.12/site-packages/airflow/example_dags/example_task_group.py for tasks to queue
[2025-04-30T01:08:50.402+0000] {logging_mixin.py:190} INFO - [2025-04-30T01:08:50.402+0000] {dagbag.py:587} INFO - Filling up the DagBag from /home/airflow/.local/lib/python3.12/site-packages/airflow/example_dags/example_task_group.py
[2025-04-30T01:08:50.415+0000] {processor.py:925} INFO - DAG(s) 'example_task_group' retrieved from /home/airflow/.local/lib/python3.12/site-packages/airflow/example_dags/example_task_group.py
[2025-04-30T01:08:50.441+0000] {logging_mixin.py:190} INFO - [2025-04-30T01:08:50.441+0000] {dag.py:3211} INFO - Sync 1 DAGs
[2025-04-30T01:08:50.474+0000] {logging_mixin.py:190} INFO - [2025-04-30T01:08:50.473+0000] {dag.py:4138} INFO - Setting next_dagrun for example_task_group to 2025-04-29 00:00:00+00:00, run_after=2025-04-30 00:00:00+00:00
[2025-04-30T01:08:50.512+0000] {processor.py:208} INFO - Processing /home/airflow/.local/lib/python3.12/site-packages/airflow/example_dags/example_task_group.py took 0.120 seconds
[2025-04-30T01:09:20.643+0000] {processor.py:186} INFO - Started process (PID=3946) to work on /home/airflow/.local/lib/python3.12/site-packages/airflow/example_dags/example_task_group.py
[2025-04-30T01:09:20.644+0000] {processor.py:914} INFO - Processing file /home/airflow/.local/lib/python3.12/site-packages/airflow/example_dags/example_task_group.py for tasks to queue
[2025-04-30T01:09:20.646+0000] {logging_mixin.py:190} INFO - [2025-04-30T01:09:20.646+0000] {dagbag.py:587} INFO - Filling up the DagBag from /home/airflow/.local/lib/python3.12/site-packages/airflow/example_dags/example_task_group.py
[2025-04-30T01:09:20.663+0000] {processor.py:925} INFO - DAG(s) 'example_task_group' retrieved from /home/airflow/.local/lib/python3.12/site-packages/airflow/example_dags/example_task_group.py
[2025-04-30T01:09:20.688+0000] {logging_mixin.py:190} INFO - [2025-04-30T01:09:20.688+0000] {dag.py:3211} INFO - Sync 1 DAGs
[2025-04-30T01:09:20.719+0000] {logging_mixin.py:190} INFO - [2025-04-30T01:09:20.718+0000] {dag.py:4138} INFO - Setting next_dagrun for example_task_group to 2025-04-29 00:00:00+00:00, run_after=2025-04-30 00:00:00+00:00
[2025-04-30T01:09:20.743+0000] {processor.py:208} INFO - Processing /home/airflow/.local/lib/python3.12/site-packages/airflow/example_dags/example_task_group.py took 0.108 seconds
[2025-04-30T01:09:50.888+0000] {processor.py:186} INFO - Started process (PID=4008) to work on /home/airflow/.local/lib/python3.12/site-packages/airflow/example_dags/example_task_group.py
[2025-04-30T01:09:50.889+0000] {processor.py:914} INFO - Processing file /home/airflow/.local/lib/python3.12/site-packages/airflow/example_dags/example_task_group.py for tasks to queue
[2025-04-30T01:09:50.891+0000] {logging_mixin.py:190} INFO - [2025-04-30T01:09:50.890+0000] {dagbag.py:587} INFO - Filling up the DagBag from /home/airflow/.local/lib/python3.12/site-packages/airflow/example_dags/example_task_group.py
[2025-04-30T01:09:50.904+0000] {processor.py:925} INFO - DAG(s) 'example_task_group' retrieved from /home/airflow/.local/lib/python3.12/site-packages/airflow/example_dags/example_task_group.py
[2025-04-30T01:09:50.931+0000] {logging_mixin.py:190} INFO - [2025-04-30T01:09:50.931+0000] {dag.py:3211} INFO - Sync 1 DAGs
[2025-04-30T01:09:50.960+0000] {logging_mixin.py:190} INFO - [2025-04-30T01:09:50.960+0000] {dag.py:4138} INFO - Setting next_dagrun for example_task_group to 2025-04-29 00:00:00+00:00, run_after=2025-04-30 00:00:00+00:00
[2025-04-30T01:09:50.992+0000] {processor.py:208} INFO - Processing /home/airflow/.local/lib/python3.12/site-packages/airflow/example_dags/example_task_group.py took 0.112 seconds
[2025-04-30T01:10:21.653+0000] {processor.py:186} INFO - Started process (PID=4070) to work on /home/airflow/.local/lib/python3.12/site-packages/airflow/example_dags/example_task_group.py
[2025-04-30T01:10:21.654+0000] {processor.py:914} INFO - Processing file /home/airflow/.local/lib/python3.12/site-packages/airflow/example_dags/example_task_group.py for tasks to queue
[2025-04-30T01:10:21.656+0000] {logging_mixin.py:190} INFO - [2025-04-30T01:10:21.655+0000] {dagbag.py:587} INFO - Filling up the DagBag from /home/airflow/.local/lib/python3.12/site-packages/airflow/example_dags/example_task_group.py
[2025-04-30T01:10:21.668+0000] {processor.py:925} INFO - DAG(s) 'example_task_group' retrieved from /home/airflow/.local/lib/python3.12/site-packages/airflow/example_dags/example_task_group.py
[2025-04-30T01:10:21.695+0000] {logging_mixin.py:190} INFO - [2025-04-30T01:10:21.695+0000] {dag.py:3211} INFO - Sync 1 DAGs
[2025-04-30T01:10:21.723+0000] {logging_mixin.py:190} INFO - [2025-04-30T01:10:21.723+0000] {dag.py:4138} INFO - Setting next_dagrun for example_task_group to 2025-04-29 00:00:00+00:00, run_after=2025-04-30 00:00:00+00:00
[2025-04-30T01:10:21.749+0000] {processor.py:208} INFO - Processing /home/airflow/.local/lib/python3.12/site-packages/airflow/example_dags/example_task_group.py took 0.102 seconds
[2025-04-30T01:10:52.684+0000] {processor.py:186} INFO - Started process (PID=4132) to work on /home/airflow/.local/lib/python3.12/site-packages/airflow/example_dags/example_task_group.py
[2025-04-30T01:10:52.685+0000] {processor.py:914} INFO - Processing file /home/airflow/.local/lib/python3.12/site-packages/airflow/example_dags/example_task_group.py for tasks to queue
[2025-04-30T01:10:52.687+0000] {logging_mixin.py:190} INFO - [2025-04-30T01:10:52.686+0000] {dagbag.py:587} INFO - Filling up the DagBag from /home/airflow/.local/lib/python3.12/site-packages/airflow/example_dags/example_task_group.py
[2025-04-30T01:10:52.699+0000] {processor.py:925} INFO - DAG(s) 'example_task_group' retrieved from /home/airflow/.local/lib/python3.12/site-packages/airflow/example_dags/example_task_group.py
[2025-04-30T01:10:52.729+0000] {logging_mixin.py:190} INFO - [2025-04-30T01:10:52.729+0000] {dag.py:3211} INFO - Sync 1 DAGs
[2025-04-30T01:10:52.761+0000] {logging_mixin.py:190} INFO - [2025-04-30T01:10:52.761+0000] {dag.py:4138} INFO - Setting next_dagrun for example_task_group to 2025-04-29 00:00:00+00:00, run_after=2025-04-30 00:00:00+00:00
[2025-04-30T01:10:52.786+0000] {processor.py:208} INFO - Processing /home/airflow/.local/lib/python3.12/site-packages/airflow/example_dags/example_task_group.py took 0.112 seconds
[2025-04-30T01:11:23.381+0000] {processor.py:186} INFO - Started process (PID=4194) to work on /home/airflow/.local/lib/python3.12/site-packages/airflow/example_dags/example_task_group.py
[2025-04-30T01:11:23.383+0000] {processor.py:914} INFO - Processing file /home/airflow/.local/lib/python3.12/site-packages/airflow/example_dags/example_task_group.py for tasks to queue
[2025-04-30T01:11:23.384+0000] {logging_mixin.py:190} INFO - [2025-04-30T01:11:23.384+0000] {dagbag.py:587} INFO - Filling up the DagBag from /home/airflow/.local/lib/python3.12/site-packages/airflow/example_dags/example_task_group.py
[2025-04-30T01:11:23.394+0000] {processor.py:925} INFO - DAG(s) 'example_task_group' retrieved from /home/airflow/.local/lib/python3.12/site-packages/airflow/example_dags/example_task_group.py
[2025-04-30T01:11:23.416+0000] {logging_mixin.py:190} INFO - [2025-04-30T01:11:23.416+0000] {dag.py:3211} INFO - Sync 1 DAGs
[2025-04-30T01:11:23.441+0000] {logging_mixin.py:190} INFO - [2025-04-30T01:11:23.441+0000] {dag.py:4138} INFO - Setting next_dagrun for example_task_group to 2025-04-29 00:00:00+00:00, run_after=2025-04-30 00:00:00+00:00
[2025-04-30T01:11:23.463+0000] {processor.py:208} INFO - Processing /home/airflow/.local/lib/python3.12/site-packages/airflow/example_dags/example_task_group.py took 0.087 seconds
[2025-04-30T01:11:54.466+0000] {processor.py:186} INFO - Started process (PID=4256) to work on /home/airflow/.local/lib/python3.12/site-packages/airflow/example_dags/example_task_group.py
[2025-04-30T01:11:54.467+0000] {processor.py:914} INFO - Processing file /home/airflow/.local/lib/python3.12/site-packages/airflow/example_dags/example_task_group.py for tasks to queue
[2025-04-30T01:11:54.470+0000] {logging_mixin.py:190} INFO - [2025-04-30T01:11:54.469+0000] {dagbag.py:587} INFO - Filling up the DagBag from /home/airflow/.local/lib/python3.12/site-packages/airflow/example_dags/example_task_group.py
[2025-04-30T01:11:54.483+0000] {processor.py:925} INFO - DAG(s) 'example_task_group' retrieved from /home/airflow/.local/lib/python3.12/site-packages/airflow/example_dags/example_task_group.py
[2025-04-30T01:11:54.510+0000] {logging_mixin.py:190} INFO - [2025-04-30T01:11:54.509+0000] {dag.py:3211} INFO - Sync 1 DAGs
[2025-04-30T01:11:54.539+0000] {logging_mixin.py:190} INFO - [2025-04-30T01:11:54.539+0000] {dag.py:4138} INFO - Setting next_dagrun for example_task_group to 2025-04-29 00:00:00+00:00, run_after=2025-04-30 00:00:00+00:00
[2025-04-30T01:11:54.567+0000] {processor.py:208} INFO - Processing /home/airflow/.local/lib/python3.12/site-packages/airflow/example_dags/example_task_group.py took 0.109 seconds
