[2025-04-30T00:30:50.172+0000] {processor.py:186} INFO - Started process (PID=89) to work on /home/airflow/.local/lib/python3.12/site-packages/airflow/example_dags/example_bash_operator.py
[2025-04-30T00:30:50.174+0000] {processor.py:914} INFO - Processing file /home/airflow/.local/lib/python3.12/site-packages/airflow/example_dags/example_bash_operator.py for tasks to queue
[2025-04-30T00:30:50.180+0000] {logging_mixin.py:190} INFO - [2025-04-30T00:30:50.179+0000] {dagbag.py:587} INFO - Filling up the DagBag from /home/airflow/.local/lib/python3.12/site-packages/airflow/example_dags/example_bash_operator.py
[2025-04-30T00:30:50.223+0000] {processor.py:925} INFO - DAG(s) 'example_bash_operator' retrieved from /home/airflow/.local/lib/python3.12/site-packages/airflow/example_dags/example_bash_operator.py
[2025-04-30T00:30:50.480+0000] {logging_mixin.py:190} INFO - [2025-04-30T00:30:50.478+0000] {override.py:1858} INFO - Created Permission View: can edit on DAG:example_bash_operator
[2025-04-30T00:30:50.504+0000] {logging_mixin.py:190} INFO - [2025-04-30T00:30:50.503+0000] {override.py:1858} INFO - Created Permission View: can read on DAG:example_bash_operator
[2025-04-30T00:30:50.520+0000] {logging_mixin.py:190} INFO - [2025-04-30T00:30:50.519+0000] {override.py:1858} INFO - Created Permission View: can delete on DAG:example_bash_operator
[2025-04-30T00:30:50.522+0000] {logging_mixin.py:190} INFO - [2025-04-30T00:30:50.521+0000] {dag.py:3211} INFO - Sync 1 DAGs
[2025-04-30T00:30:50.552+0000] {logging_mixin.py:190} INFO - [2025-04-30T00:30:50.551+0000] {dag.py:3234} INFO - Creating ORM DAG for example_bash_operator
[2025-04-30T00:30:50.579+0000] {logging_mixin.py:190} INFO - [2025-04-30T00:30:50.578+0000] {dag.py:4138} INFO - Setting next_dagrun for example_bash_operator to 2025-04-29 00:00:00+00:00, run_after=2025-04-30 00:00:00+00:00
[2025-04-30T00:30:50.616+0000] {processor.py:208} INFO - Processing /home/airflow/.local/lib/python3.12/site-packages/airflow/example_dags/example_bash_operator.py took 0.455 seconds
[2025-04-30T00:31:21.298+0000] {processor.py:186} INFO - Started process (PID=152) to work on /home/airflow/.local/lib/python3.12/site-packages/airflow/example_dags/example_bash_operator.py
[2025-04-30T00:31:21.300+0000] {processor.py:914} INFO - Processing file /home/airflow/.local/lib/python3.12/site-packages/airflow/example_dags/example_bash_operator.py for tasks to queue
[2025-04-30T00:31:21.306+0000] {logging_mixin.py:190} INFO - [2025-04-30T00:31:21.305+0000] {dagbag.py:587} INFO - Filling up the DagBag from /home/airflow/.local/lib/python3.12/site-packages/airflow/example_dags/example_bash_operator.py
[2025-04-30T00:31:21.334+0000] {processor.py:925} INFO - DAG(s) 'example_bash_operator' retrieved from /home/airflow/.local/lib/python3.12/site-packages/airflow/example_dags/example_bash_operator.py
[2025-04-30T00:31:21.394+0000] {logging_mixin.py:190} INFO - [2025-04-30T00:31:21.394+0000] {dag.py:3211} INFO - Sync 1 DAGs
[2025-04-30T00:31:21.451+0000] {logging_mixin.py:190} INFO - [2025-04-30T00:31:21.450+0000] {dag.py:4138} INFO - Setting next_dagrun for example_bash_operator to 2025-04-29 00:00:00+00:00, run_after=2025-04-30 00:00:00+00:00
[2025-04-30T00:31:21.494+0000] {processor.py:208} INFO - Processing /home/airflow/.local/lib/python3.12/site-packages/airflow/example_dags/example_bash_operator.py took 0.208 seconds
[2025-04-30T00:31:51.974+0000] {processor.py:186} INFO - Started process (PID=215) to work on /home/airflow/.local/lib/python3.12/site-packages/airflow/example_dags/example_bash_operator.py
[2025-04-30T00:31:51.980+0000] {processor.py:914} INFO - Processing file /home/airflow/.local/lib/python3.12/site-packages/airflow/example_dags/example_bash_operator.py for tasks to queue
[2025-04-30T00:31:51.991+0000] {logging_mixin.py:190} INFO - [2025-04-30T00:31:51.990+0000] {dagbag.py:587} INFO - Filling up the DagBag from /home/airflow/.local/lib/python3.12/site-packages/airflow/example_dags/example_bash_operator.py
[2025-04-30T00:31:52.053+0000] {processor.py:925} INFO - DAG(s) 'example_bash_operator' retrieved from /home/airflow/.local/lib/python3.12/site-packages/airflow/example_dags/example_bash_operator.py
[2025-04-30T00:31:52.194+0000] {logging_mixin.py:190} INFO - [2025-04-30T00:31:52.193+0000] {dag.py:3211} INFO - Sync 1 DAGs
[2025-04-30T00:31:52.261+0000] {logging_mixin.py:190} INFO - [2025-04-30T00:31:52.260+0000] {dag.py:4138} INFO - Setting next_dagrun for example_bash_operator to 2025-04-29 00:00:00+00:00, run_after=2025-04-30 00:00:00+00:00
[2025-04-30T00:31:52.295+0000] {processor.py:208} INFO - Processing /home/airflow/.local/lib/python3.12/site-packages/airflow/example_dags/example_bash_operator.py took 0.348 seconds
[2025-04-30T00:32:22.632+0000] {processor.py:186} INFO - Started process (PID=284) to work on /home/airflow/.local/lib/python3.12/site-packages/airflow/example_dags/example_bash_operator.py
[2025-04-30T00:32:22.635+0000] {processor.py:914} INFO - Processing file /home/airflow/.local/lib/python3.12/site-packages/airflow/example_dags/example_bash_operator.py for tasks to queue
[2025-04-30T00:32:22.640+0000] {logging_mixin.py:190} INFO - [2025-04-30T00:32:22.640+0000] {dagbag.py:587} INFO - Filling up the DagBag from /home/airflow/.local/lib/python3.12/site-packages/airflow/example_dags/example_bash_operator.py
[2025-04-30T00:32:22.667+0000] {processor.py:925} INFO - DAG(s) 'example_bash_operator' retrieved from /home/airflow/.local/lib/python3.12/site-packages/airflow/example_dags/example_bash_operator.py
[2025-04-30T00:32:22.726+0000] {logging_mixin.py:190} INFO - [2025-04-30T00:32:22.726+0000] {dag.py:3211} INFO - Sync 1 DAGs
[2025-04-30T00:32:22.779+0000] {logging_mixin.py:190} INFO - [2025-04-30T00:32:22.778+0000] {dag.py:4138} INFO - Setting next_dagrun for example_bash_operator to 2025-04-29 00:00:00+00:00, run_after=2025-04-30 00:00:00+00:00
[2025-04-30T00:32:22.825+0000] {processor.py:208} INFO - Processing /home/airflow/.local/lib/python3.12/site-packages/airflow/example_dags/example_bash_operator.py took 0.205 seconds
[2025-04-30T00:32:53.860+0000] {processor.py:186} INFO - Started process (PID=347) to work on /home/airflow/.local/lib/python3.12/site-packages/airflow/example_dags/example_bash_operator.py
[2025-04-30T00:32:53.865+0000] {processor.py:914} INFO - Processing file /home/airflow/.local/lib/python3.12/site-packages/airflow/example_dags/example_bash_operator.py for tasks to queue
[2025-04-30T00:32:53.878+0000] {logging_mixin.py:190} INFO - [2025-04-30T00:32:53.876+0000] {dagbag.py:587} INFO - Filling up the DagBag from /home/airflow/.local/lib/python3.12/site-packages/airflow/example_dags/example_bash_operator.py
[2025-04-30T00:32:53.940+0000] {processor.py:925} INFO - DAG(s) 'example_bash_operator' retrieved from /home/airflow/.local/lib/python3.12/site-packages/airflow/example_dags/example_bash_operator.py
[2025-04-30T00:32:54.006+0000] {logging_mixin.py:190} INFO - [2025-04-30T00:32:54.005+0000] {dag.py:3211} INFO - Sync 1 DAGs
[2025-04-30T00:32:54.069+0000] {logging_mixin.py:190} INFO - [2025-04-30T00:32:54.068+0000] {dag.py:4138} INFO - Setting next_dagrun for example_bash_operator to 2025-04-29 00:00:00+00:00, run_after=2025-04-30 00:00:00+00:00
[2025-04-30T00:32:54.119+0000] {processor.py:208} INFO - Processing /home/airflow/.local/lib/python3.12/site-packages/airflow/example_dags/example_bash_operator.py took 0.290 seconds
[2025-04-30T00:33:24.296+0000] {processor.py:186} INFO - Started process (PID=409) to work on /home/airflow/.local/lib/python3.12/site-packages/airflow/example_dags/example_bash_operator.py
[2025-04-30T00:33:24.298+0000] {processor.py:914} INFO - Processing file /home/airflow/.local/lib/python3.12/site-packages/airflow/example_dags/example_bash_operator.py for tasks to queue
[2025-04-30T00:33:24.303+0000] {logging_mixin.py:190} INFO - [2025-04-30T00:33:24.303+0000] {dagbag.py:587} INFO - Filling up the DagBag from /home/airflow/.local/lib/python3.12/site-packages/airflow/example_dags/example_bash_operator.py
[2025-04-30T00:33:24.335+0000] {processor.py:925} INFO - DAG(s) 'example_bash_operator' retrieved from /home/airflow/.local/lib/python3.12/site-packages/airflow/example_dags/example_bash_operator.py
[2025-04-30T00:33:24.396+0000] {logging_mixin.py:190} INFO - [2025-04-30T00:33:24.396+0000] {dag.py:3211} INFO - Sync 1 DAGs
[2025-04-30T00:33:24.444+0000] {logging_mixin.py:190} INFO - [2025-04-30T00:33:24.444+0000] {dag.py:4138} INFO - Setting next_dagrun for example_bash_operator to 2025-04-29 00:00:00+00:00, run_after=2025-04-30 00:00:00+00:00
[2025-04-30T00:33:24.490+0000] {processor.py:208} INFO - Processing /home/airflow/.local/lib/python3.12/site-packages/airflow/example_dags/example_bash_operator.py took 0.206 seconds
[2025-04-30T00:33:55.117+0000] {processor.py:186} INFO - Started process (PID=473) to work on /home/airflow/.local/lib/python3.12/site-packages/airflow/example_dags/example_bash_operator.py
[2025-04-30T00:33:55.119+0000] {processor.py:914} INFO - Processing file /home/airflow/.local/lib/python3.12/site-packages/airflow/example_dags/example_bash_operator.py for tasks to queue
[2025-04-30T00:33:55.124+0000] {logging_mixin.py:190} INFO - [2025-04-30T00:33:55.123+0000] {dagbag.py:587} INFO - Filling up the DagBag from /home/airflow/.local/lib/python3.12/site-packages/airflow/example_dags/example_bash_operator.py
[2025-04-30T00:33:55.149+0000] {processor.py:925} INFO - DAG(s) 'example_bash_operator' retrieved from /home/airflow/.local/lib/python3.12/site-packages/airflow/example_dags/example_bash_operator.py
[2025-04-30T00:33:55.204+0000] {logging_mixin.py:190} INFO - [2025-04-30T00:33:55.204+0000] {dag.py:3211} INFO - Sync 1 DAGs
[2025-04-30T00:33:55.265+0000] {logging_mixin.py:190} INFO - [2025-04-30T00:33:55.264+0000] {dag.py:4138} INFO - Setting next_dagrun for example_bash_operator to 2025-04-29 00:00:00+00:00, run_after=2025-04-30 00:00:00+00:00
[2025-04-30T00:33:55.307+0000] {processor.py:208} INFO - Processing /home/airflow/.local/lib/python3.12/site-packages/airflow/example_dags/example_bash_operator.py took 0.200 seconds
[2025-04-30T00:34:25.876+0000] {processor.py:186} INFO - Started process (PID=536) to work on /home/airflow/.local/lib/python3.12/site-packages/airflow/example_dags/example_bash_operator.py
[2025-04-30T00:34:25.881+0000] {processor.py:914} INFO - Processing file /home/airflow/.local/lib/python3.12/site-packages/airflow/example_dags/example_bash_operator.py for tasks to queue
[2025-04-30T00:34:25.894+0000] {logging_mixin.py:190} INFO - [2025-04-30T00:34:25.892+0000] {dagbag.py:587} INFO - Filling up the DagBag from /home/airflow/.local/lib/python3.12/site-packages/airflow/example_dags/example_bash_operator.py
[2025-04-30T00:34:25.952+0000] {processor.py:925} INFO - DAG(s) 'example_bash_operator' retrieved from /home/airflow/.local/lib/python3.12/site-packages/airflow/example_dags/example_bash_operator.py
[2025-04-30T00:34:26.036+0000] {logging_mixin.py:190} INFO - [2025-04-30T00:34:26.036+0000] {dag.py:3211} INFO - Sync 1 DAGs
[2025-04-30T00:34:26.116+0000] {logging_mixin.py:190} INFO - [2025-04-30T00:34:26.115+0000] {dag.py:4138} INFO - Setting next_dagrun for example_bash_operator to 2025-04-29 00:00:00+00:00, run_after=2025-04-30 00:00:00+00:00
[2025-04-30T00:34:26.177+0000] {processor.py:208} INFO - Processing /home/airflow/.local/lib/python3.12/site-packages/airflow/example_dags/example_bash_operator.py took 0.328 seconds
[2025-04-30T00:34:56.496+0000] {processor.py:186} INFO - Started process (PID=599) to work on /home/airflow/.local/lib/python3.12/site-packages/airflow/example_dags/example_bash_operator.py
[2025-04-30T00:34:56.502+0000] {processor.py:914} INFO - Processing file /home/airflow/.local/lib/python3.12/site-packages/airflow/example_dags/example_bash_operator.py for tasks to queue
[2025-04-30T00:34:56.516+0000] {logging_mixin.py:190} INFO - [2025-04-30T00:34:56.515+0000] {dagbag.py:587} INFO - Filling up the DagBag from /home/airflow/.local/lib/python3.12/site-packages/airflow/example_dags/example_bash_operator.py
[2025-04-30T00:34:56.561+0000] {processor.py:925} INFO - DAG(s) 'example_bash_operator' retrieved from /home/airflow/.local/lib/python3.12/site-packages/airflow/example_dags/example_bash_operator.py
[2025-04-30T00:34:56.621+0000] {logging_mixin.py:190} INFO - [2025-04-30T00:34:56.620+0000] {dag.py:3211} INFO - Sync 1 DAGs
[2025-04-30T00:34:56.672+0000] {logging_mixin.py:190} INFO - [2025-04-30T00:34:56.672+0000] {dag.py:4138} INFO - Setting next_dagrun for example_bash_operator to 2025-04-29 00:00:00+00:00, run_after=2025-04-30 00:00:00+00:00
[2025-04-30T00:34:56.713+0000] {processor.py:208} INFO - Processing /home/airflow/.local/lib/python3.12/site-packages/airflow/example_dags/example_bash_operator.py took 0.245 seconds
[2025-04-30T00:35:27.260+0000] {processor.py:186} INFO - Started process (PID=662) to work on /home/airflow/.local/lib/python3.12/site-packages/airflow/example_dags/example_bash_operator.py
[2025-04-30T00:35:27.262+0000] {processor.py:914} INFO - Processing file /home/airflow/.local/lib/python3.12/site-packages/airflow/example_dags/example_bash_operator.py for tasks to queue
[2025-04-30T00:35:27.268+0000] {logging_mixin.py:190} INFO - [2025-04-30T00:35:27.267+0000] {dagbag.py:587} INFO - Filling up the DagBag from /home/airflow/.local/lib/python3.12/site-packages/airflow/example_dags/example_bash_operator.py
[2025-04-30T00:35:27.290+0000] {processor.py:925} INFO - DAG(s) 'example_bash_operator' retrieved from /home/airflow/.local/lib/python3.12/site-packages/airflow/example_dags/example_bash_operator.py
[2025-04-30T00:35:27.345+0000] {logging_mixin.py:190} INFO - [2025-04-30T00:35:27.345+0000] {dag.py:3211} INFO - Sync 1 DAGs
[2025-04-30T00:35:27.392+0000] {logging_mixin.py:190} INFO - [2025-04-30T00:35:27.392+0000] {dag.py:4138} INFO - Setting next_dagrun for example_bash_operator to 2025-04-29 00:00:00+00:00, run_after=2025-04-30 00:00:00+00:00
[2025-04-30T00:35:27.429+0000] {processor.py:208} INFO - Processing /home/airflow/.local/lib/python3.12/site-packages/airflow/example_dags/example_bash_operator.py took 0.180 seconds
[2025-04-30T00:35:58.053+0000] {processor.py:186} INFO - Started process (PID=725) to work on /home/airflow/.local/lib/python3.12/site-packages/airflow/example_dags/example_bash_operator.py
[2025-04-30T00:35:58.055+0000] {processor.py:914} INFO - Processing file /home/airflow/.local/lib/python3.12/site-packages/airflow/example_dags/example_bash_operator.py for tasks to queue
[2025-04-30T00:35:58.061+0000] {logging_mixin.py:190} INFO - [2025-04-30T00:35:58.060+0000] {dagbag.py:587} INFO - Filling up the DagBag from /home/airflow/.local/lib/python3.12/site-packages/airflow/example_dags/example_bash_operator.py
[2025-04-30T00:35:58.081+0000] {processor.py:925} INFO - DAG(s) 'example_bash_operator' retrieved from /home/airflow/.local/lib/python3.12/site-packages/airflow/example_dags/example_bash_operator.py
[2025-04-30T00:35:58.131+0000] {logging_mixin.py:190} INFO - [2025-04-30T00:35:58.131+0000] {dag.py:3211} INFO - Sync 1 DAGs
[2025-04-30T00:35:58.185+0000] {logging_mixin.py:190} INFO - [2025-04-30T00:35:58.185+0000] {dag.py:4138} INFO - Setting next_dagrun for example_bash_operator to 2025-04-29 00:00:00+00:00, run_after=2025-04-30 00:00:00+00:00
[2025-04-30T00:35:58.233+0000] {processor.py:208} INFO - Processing /home/airflow/.local/lib/python3.12/site-packages/airflow/example_dags/example_bash_operator.py took 0.191 seconds
[2025-04-30T00:36:28.518+0000] {processor.py:186} INFO - Started process (PID=788) to work on /home/airflow/.local/lib/python3.12/site-packages/airflow/example_dags/example_bash_operator.py
[2025-04-30T00:36:28.520+0000] {processor.py:914} INFO - Processing file /home/airflow/.local/lib/python3.12/site-packages/airflow/example_dags/example_bash_operator.py for tasks to queue
[2025-04-30T00:36:28.527+0000] {logging_mixin.py:190} INFO - [2025-04-30T00:36:28.526+0000] {dagbag.py:587} INFO - Filling up the DagBag from /home/airflow/.local/lib/python3.12/site-packages/airflow/example_dags/example_bash_operator.py
[2025-04-30T00:36:28.549+0000] {processor.py:925} INFO - DAG(s) 'example_bash_operator' retrieved from /home/airflow/.local/lib/python3.12/site-packages/airflow/example_dags/example_bash_operator.py
[2025-04-30T00:36:28.600+0000] {logging_mixin.py:190} INFO - [2025-04-30T00:36:28.600+0000] {dag.py:3211} INFO - Sync 1 DAGs
[2025-04-30T00:36:28.647+0000] {logging_mixin.py:190} INFO - [2025-04-30T00:36:28.646+0000] {dag.py:4138} INFO - Setting next_dagrun for example_bash_operator to 2025-04-29 00:00:00+00:00, run_after=2025-04-30 00:00:00+00:00
[2025-04-30T00:36:28.689+0000] {processor.py:208} INFO - Processing /home/airflow/.local/lib/python3.12/site-packages/airflow/example_dags/example_bash_operator.py took 0.181 seconds
[2025-04-30T00:36:59.242+0000] {processor.py:186} INFO - Started process (PID=851) to work on /home/airflow/.local/lib/python3.12/site-packages/airflow/example_dags/example_bash_operator.py
[2025-04-30T00:36:59.244+0000] {processor.py:914} INFO - Processing file /home/airflow/.local/lib/python3.12/site-packages/airflow/example_dags/example_bash_operator.py for tasks to queue
[2025-04-30T00:36:59.249+0000] {logging_mixin.py:190} INFO - [2025-04-30T00:36:59.248+0000] {dagbag.py:587} INFO - Filling up the DagBag from /home/airflow/.local/lib/python3.12/site-packages/airflow/example_dags/example_bash_operator.py
[2025-04-30T00:36:59.276+0000] {processor.py:925} INFO - DAG(s) 'example_bash_operator' retrieved from /home/airflow/.local/lib/python3.12/site-packages/airflow/example_dags/example_bash_operator.py
[2025-04-30T00:36:59.338+0000] {logging_mixin.py:190} INFO - [2025-04-30T00:36:59.338+0000] {dag.py:3211} INFO - Sync 1 DAGs
[2025-04-30T00:36:59.391+0000] {logging_mixin.py:190} INFO - [2025-04-30T00:36:59.391+0000] {dag.py:4138} INFO - Setting next_dagrun for example_bash_operator to 2025-04-29 00:00:00+00:00, run_after=2025-04-30 00:00:00+00:00
[2025-04-30T00:36:59.432+0000] {processor.py:208} INFO - Processing /home/airflow/.local/lib/python3.12/site-packages/airflow/example_dags/example_bash_operator.py took 0.203 seconds
[2025-04-30T00:37:29.635+0000] {processor.py:186} INFO - Started process (PID=914) to work on /home/airflow/.local/lib/python3.12/site-packages/airflow/example_dags/example_bash_operator.py
[2025-04-30T00:37:29.638+0000] {processor.py:914} INFO - Processing file /home/airflow/.local/lib/python3.12/site-packages/airflow/example_dags/example_bash_operator.py for tasks to queue
[2025-04-30T00:37:29.648+0000] {logging_mixin.py:190} INFO - [2025-04-30T00:37:29.647+0000] {dagbag.py:587} INFO - Filling up the DagBag from /home/airflow/.local/lib/python3.12/site-packages/airflow/example_dags/example_bash_operator.py
[2025-04-30T00:37:29.688+0000] {processor.py:925} INFO - DAG(s) 'example_bash_operator' retrieved from /home/airflow/.local/lib/python3.12/site-packages/airflow/example_dags/example_bash_operator.py
[2025-04-30T00:37:29.756+0000] {logging_mixin.py:190} INFO - [2025-04-30T00:37:29.756+0000] {dag.py:3211} INFO - Sync 1 DAGs
[2025-04-30T00:37:29.823+0000] {logging_mixin.py:190} INFO - [2025-04-30T00:37:29.823+0000] {dag.py:4138} INFO - Setting next_dagrun for example_bash_operator to 2025-04-29 00:00:00+00:00, run_after=2025-04-30 00:00:00+00:00
[2025-04-30T00:37:29.873+0000] {processor.py:208} INFO - Processing /home/airflow/.local/lib/python3.12/site-packages/airflow/example_dags/example_bash_operator.py took 0.249 seconds
[2025-04-30T00:38:00.265+0000] {processor.py:186} INFO - Started process (PID=977) to work on /home/airflow/.local/lib/python3.12/site-packages/airflow/example_dags/example_bash_operator.py
[2025-04-30T00:38:00.268+0000] {processor.py:914} INFO - Processing file /home/airflow/.local/lib/python3.12/site-packages/airflow/example_dags/example_bash_operator.py for tasks to queue
[2025-04-30T00:38:00.274+0000] {logging_mixin.py:190} INFO - [2025-04-30T00:38:00.273+0000] {dagbag.py:587} INFO - Filling up the DagBag from /home/airflow/.local/lib/python3.12/site-packages/airflow/example_dags/example_bash_operator.py
[2025-04-30T00:38:00.303+0000] {processor.py:925} INFO - DAG(s) 'example_bash_operator' retrieved from /home/airflow/.local/lib/python3.12/site-packages/airflow/example_dags/example_bash_operator.py
[2025-04-30T00:38:00.376+0000] {logging_mixin.py:190} INFO - [2025-04-30T00:38:00.375+0000] {dag.py:3211} INFO - Sync 1 DAGs
[2025-04-30T00:38:00.472+0000] {logging_mixin.py:190} INFO - [2025-04-30T00:38:00.471+0000] {dag.py:4138} INFO - Setting next_dagrun for example_bash_operator to 2025-04-29 00:00:00+00:00, run_after=2025-04-30 00:00:00+00:00
[2025-04-30T00:38:00.528+0000] {processor.py:208} INFO - Processing /home/airflow/.local/lib/python3.12/site-packages/airflow/example_dags/example_bash_operator.py took 0.274 seconds
[2025-04-30T00:38:30.869+0000] {processor.py:186} INFO - Started process (PID=1039) to work on /home/airflow/.local/lib/python3.12/site-packages/airflow/example_dags/example_bash_operator.py
[2025-04-30T00:38:30.871+0000] {processor.py:914} INFO - Processing file /home/airflow/.local/lib/python3.12/site-packages/airflow/example_dags/example_bash_operator.py for tasks to queue
[2025-04-30T00:38:30.878+0000] {logging_mixin.py:190} INFO - [2025-04-30T00:38:30.877+0000] {dagbag.py:587} INFO - Filling up the DagBag from /home/airflow/.local/lib/python3.12/site-packages/airflow/example_dags/example_bash_operator.py
[2025-04-30T00:38:30.911+0000] {processor.py:925} INFO - DAG(s) 'example_bash_operator' retrieved from /home/airflow/.local/lib/python3.12/site-packages/airflow/example_dags/example_bash_operator.py
[2025-04-30T00:38:30.974+0000] {logging_mixin.py:190} INFO - [2025-04-30T00:38:30.973+0000] {dag.py:3211} INFO - Sync 1 DAGs
[2025-04-30T00:38:31.026+0000] {logging_mixin.py:190} INFO - [2025-04-30T00:38:31.026+0000] {dag.py:4138} INFO - Setting next_dagrun for example_bash_operator to 2025-04-29 00:00:00+00:00, run_after=2025-04-30 00:00:00+00:00
[2025-04-30T00:38:31.077+0000] {processor.py:208} INFO - Processing /home/airflow/.local/lib/python3.12/site-packages/airflow/example_dags/example_bash_operator.py took 0.226 seconds
[2025-04-30T00:39:01.298+0000] {processor.py:186} INFO - Started process (PID=1101) to work on /home/airflow/.local/lib/python3.12/site-packages/airflow/example_dags/example_bash_operator.py
[2025-04-30T00:39:01.300+0000] {processor.py:914} INFO - Processing file /home/airflow/.local/lib/python3.12/site-packages/airflow/example_dags/example_bash_operator.py for tasks to queue
[2025-04-30T00:39:01.304+0000] {logging_mixin.py:190} INFO - [2025-04-30T00:39:01.303+0000] {dagbag.py:587} INFO - Filling up the DagBag from /home/airflow/.local/lib/python3.12/site-packages/airflow/example_dags/example_bash_operator.py
[2025-04-30T00:39:01.329+0000] {processor.py:925} INFO - DAG(s) 'example_bash_operator' retrieved from /home/airflow/.local/lib/python3.12/site-packages/airflow/example_dags/example_bash_operator.py
[2025-04-30T00:39:01.381+0000] {logging_mixin.py:190} INFO - [2025-04-30T00:39:01.380+0000] {dag.py:3211} INFO - Sync 1 DAGs
[2025-04-30T00:39:01.425+0000] {logging_mixin.py:190} INFO - [2025-04-30T00:39:01.425+0000] {dag.py:4138} INFO - Setting next_dagrun for example_bash_operator to 2025-04-29 00:00:00+00:00, run_after=2025-04-30 00:00:00+00:00
[2025-04-30T00:39:01.462+0000] {processor.py:208} INFO - Processing /home/airflow/.local/lib/python3.12/site-packages/airflow/example_dags/example_bash_operator.py took 0.175 seconds
[2025-04-30T00:39:31.596+0000] {processor.py:186} INFO - Started process (PID=1165) to work on /home/airflow/.local/lib/python3.12/site-packages/airflow/example_dags/example_bash_operator.py
[2025-04-30T00:39:31.599+0000] {processor.py:914} INFO - Processing file /home/airflow/.local/lib/python3.12/site-packages/airflow/example_dags/example_bash_operator.py for tasks to queue
[2025-04-30T00:39:31.605+0000] {logging_mixin.py:190} INFO - [2025-04-30T00:39:31.604+0000] {dagbag.py:587} INFO - Filling up the DagBag from /home/airflow/.local/lib/python3.12/site-packages/airflow/example_dags/example_bash_operator.py
[2025-04-30T00:39:31.643+0000] {processor.py:925} INFO - DAG(s) 'example_bash_operator' retrieved from /home/airflow/.local/lib/python3.12/site-packages/airflow/example_dags/example_bash_operator.py
[2025-04-30T00:39:31.696+0000] {logging_mixin.py:190} INFO - [2025-04-30T00:39:31.696+0000] {dag.py:3211} INFO - Sync 1 DAGs
[2025-04-30T00:39:31.746+0000] {logging_mixin.py:190} INFO - [2025-04-30T00:39:31.745+0000] {dag.py:4138} INFO - Setting next_dagrun for example_bash_operator to 2025-04-29 00:00:00+00:00, run_after=2025-04-30 00:00:00+00:00
[2025-04-30T00:39:31.786+0000] {processor.py:208} INFO - Processing /home/airflow/.local/lib/python3.12/site-packages/airflow/example_dags/example_bash_operator.py took 0.207 seconds
[2025-04-30T00:40:02.401+0000] {processor.py:186} INFO - Started process (PID=1229) to work on /home/airflow/.local/lib/python3.12/site-packages/airflow/example_dags/example_bash_operator.py
[2025-04-30T00:40:02.403+0000] {processor.py:914} INFO - Processing file /home/airflow/.local/lib/python3.12/site-packages/airflow/example_dags/example_bash_operator.py for tasks to queue
[2025-04-30T00:40:02.409+0000] {logging_mixin.py:190} INFO - [2025-04-30T00:40:02.408+0000] {dagbag.py:587} INFO - Filling up the DagBag from /home/airflow/.local/lib/python3.12/site-packages/airflow/example_dags/example_bash_operator.py
[2025-04-30T00:40:02.434+0000] {processor.py:925} INFO - DAG(s) 'example_bash_operator' retrieved from /home/airflow/.local/lib/python3.12/site-packages/airflow/example_dags/example_bash_operator.py
[2025-04-30T00:40:02.491+0000] {logging_mixin.py:190} INFO - [2025-04-30T00:40:02.490+0000] {dag.py:3211} INFO - Sync 1 DAGs
[2025-04-30T00:40:02.542+0000] {logging_mixin.py:190} INFO - [2025-04-30T00:40:02.542+0000] {dag.py:4138} INFO - Setting next_dagrun for example_bash_operator to 2025-04-29 00:00:00+00:00, run_after=2025-04-30 00:00:00+00:00
[2025-04-30T00:40:02.580+0000] {processor.py:208} INFO - Processing /home/airflow/.local/lib/python3.12/site-packages/airflow/example_dags/example_bash_operator.py took 0.190 seconds
[2025-04-30T00:40:33.112+0000] {processor.py:186} INFO - Started process (PID=1298) to work on /home/airflow/.local/lib/python3.12/site-packages/airflow/example_dags/example_bash_operator.py
[2025-04-30T00:40:33.115+0000] {processor.py:914} INFO - Processing file /home/airflow/.local/lib/python3.12/site-packages/airflow/example_dags/example_bash_operator.py for tasks to queue
[2025-04-30T00:40:33.122+0000] {logging_mixin.py:190} INFO - [2025-04-30T00:40:33.121+0000] {dagbag.py:587} INFO - Filling up the DagBag from /home/airflow/.local/lib/python3.12/site-packages/airflow/example_dags/example_bash_operator.py
[2025-04-30T00:40:33.156+0000] {processor.py:925} INFO - DAG(s) 'example_bash_operator' retrieved from /home/airflow/.local/lib/python3.12/site-packages/airflow/example_dags/example_bash_operator.py
[2025-04-30T00:40:33.217+0000] {logging_mixin.py:190} INFO - [2025-04-30T00:40:33.216+0000] {dag.py:3211} INFO - Sync 1 DAGs
[2025-04-30T00:40:33.265+0000] {logging_mixin.py:190} INFO - [2025-04-30T00:40:33.264+0000] {dag.py:4138} INFO - Setting next_dagrun for example_bash_operator to 2025-04-29 00:00:00+00:00, run_after=2025-04-30 00:00:00+00:00
[2025-04-30T00:40:33.308+0000] {processor.py:208} INFO - Processing /home/airflow/.local/lib/python3.12/site-packages/airflow/example_dags/example_bash_operator.py took 0.211 seconds
[2025-04-30T00:41:03.380+0000] {processor.py:186} INFO - Started process (PID=1360) to work on /home/airflow/.local/lib/python3.12/site-packages/airflow/example_dags/example_bash_operator.py
[2025-04-30T00:41:03.382+0000] {processor.py:914} INFO - Processing file /home/airflow/.local/lib/python3.12/site-packages/airflow/example_dags/example_bash_operator.py for tasks to queue
[2025-04-30T00:41:03.387+0000] {logging_mixin.py:190} INFO - [2025-04-30T00:41:03.386+0000] {dagbag.py:587} INFO - Filling up the DagBag from /home/airflow/.local/lib/python3.12/site-packages/airflow/example_dags/example_bash_operator.py
[2025-04-30T00:41:03.413+0000] {processor.py:925} INFO - DAG(s) 'example_bash_operator' retrieved from /home/airflow/.local/lib/python3.12/site-packages/airflow/example_dags/example_bash_operator.py
[2025-04-30T00:41:03.462+0000] {logging_mixin.py:190} INFO - [2025-04-30T00:41:03.462+0000] {dag.py:3211} INFO - Sync 1 DAGs
[2025-04-30T00:41:03.509+0000] {logging_mixin.py:190} INFO - [2025-04-30T00:41:03.509+0000] {dag.py:4138} INFO - Setting next_dagrun for example_bash_operator to 2025-04-29 00:00:00+00:00, run_after=2025-04-30 00:00:00+00:00
[2025-04-30T00:41:03.552+0000] {processor.py:208} INFO - Processing /home/airflow/.local/lib/python3.12/site-packages/airflow/example_dags/example_bash_operator.py took 0.181 seconds
[2025-04-30T00:41:33.761+0000] {processor.py:186} INFO - Started process (PID=1423) to work on /home/airflow/.local/lib/python3.12/site-packages/airflow/example_dags/example_bash_operator.py
[2025-04-30T00:41:33.764+0000] {processor.py:914} INFO - Processing file /home/airflow/.local/lib/python3.12/site-packages/airflow/example_dags/example_bash_operator.py for tasks to queue
[2025-04-30T00:41:33.771+0000] {logging_mixin.py:190} INFO - [2025-04-30T00:41:33.770+0000] {dagbag.py:587} INFO - Filling up the DagBag from /home/airflow/.local/lib/python3.12/site-packages/airflow/example_dags/example_bash_operator.py
[2025-04-30T00:41:33.807+0000] {processor.py:925} INFO - DAG(s) 'example_bash_operator' retrieved from /home/airflow/.local/lib/python3.12/site-packages/airflow/example_dags/example_bash_operator.py
[2025-04-30T00:41:33.878+0000] {logging_mixin.py:190} INFO - [2025-04-30T00:41:33.878+0000] {dag.py:3211} INFO - Sync 1 DAGs
[2025-04-30T00:41:33.952+0000] {logging_mixin.py:190} INFO - [2025-04-30T00:41:33.951+0000] {dag.py:4138} INFO - Setting next_dagrun for example_bash_operator to 2025-04-29 00:00:00+00:00, run_after=2025-04-30 00:00:00+00:00
[2025-04-30T00:41:34.025+0000] {processor.py:208} INFO - Processing /home/airflow/.local/lib/python3.12/site-packages/airflow/example_dags/example_bash_operator.py took 0.279 seconds
[2025-04-30T00:42:04.226+0000] {processor.py:186} INFO - Started process (PID=1490) to work on /home/airflow/.local/lib/python3.12/site-packages/airflow/example_dags/example_bash_operator.py
[2025-04-30T00:42:04.228+0000] {processor.py:914} INFO - Processing file /home/airflow/.local/lib/python3.12/site-packages/airflow/example_dags/example_bash_operator.py for tasks to queue
[2025-04-30T00:42:04.231+0000] {logging_mixin.py:190} INFO - [2025-04-30T00:42:04.230+0000] {dagbag.py:587} INFO - Filling up the DagBag from /home/airflow/.local/lib/python3.12/site-packages/airflow/example_dags/example_bash_operator.py
[2025-04-30T00:42:04.260+0000] {processor.py:925} INFO - DAG(s) 'example_bash_operator' retrieved from /home/airflow/.local/lib/python3.12/site-packages/airflow/example_dags/example_bash_operator.py
[2025-04-30T00:42:04.342+0000] {logging_mixin.py:190} INFO - [2025-04-30T00:42:04.342+0000] {dag.py:3211} INFO - Sync 1 DAGs
[2025-04-30T00:42:04.401+0000] {logging_mixin.py:190} INFO - [2025-04-30T00:42:04.401+0000] {dag.py:4138} INFO - Setting next_dagrun for example_bash_operator to 2025-04-29 00:00:00+00:00, run_after=2025-04-30 00:00:00+00:00
[2025-04-30T00:42:04.447+0000] {processor.py:208} INFO - Processing /home/airflow/.local/lib/python3.12/site-packages/airflow/example_dags/example_bash_operator.py took 0.233 seconds
[2025-04-30T00:42:34.986+0000] {processor.py:186} INFO - Started process (PID=1553) to work on /home/airflow/.local/lib/python3.12/site-packages/airflow/example_dags/example_bash_operator.py
[2025-04-30T00:42:34.991+0000] {processor.py:914} INFO - Processing file /home/airflow/.local/lib/python3.12/site-packages/airflow/example_dags/example_bash_operator.py for tasks to queue
[2025-04-30T00:42:34.997+0000] {logging_mixin.py:190} INFO - [2025-04-30T00:42:34.996+0000] {dagbag.py:587} INFO - Filling up the DagBag from /home/airflow/.local/lib/python3.12/site-packages/airflow/example_dags/example_bash_operator.py
[2025-04-30T00:42:35.060+0000] {processor.py:925} INFO - DAG(s) 'example_bash_operator' retrieved from /home/airflow/.local/lib/python3.12/site-packages/airflow/example_dags/example_bash_operator.py
[2025-04-30T00:42:35.125+0000] {logging_mixin.py:190} INFO - [2025-04-30T00:42:35.124+0000] {dag.py:3211} INFO - Sync 1 DAGs
[2025-04-30T00:42:35.182+0000] {logging_mixin.py:190} INFO - [2025-04-30T00:42:35.182+0000] {dag.py:4138} INFO - Setting next_dagrun for example_bash_operator to 2025-04-29 00:00:00+00:00, run_after=2025-04-30 00:00:00+00:00
[2025-04-30T00:42:35.219+0000] {processor.py:208} INFO - Processing /home/airflow/.local/lib/python3.12/site-packages/airflow/example_dags/example_bash_operator.py took 0.263 seconds
[2025-04-30T00:43:05.493+0000] {processor.py:186} INFO - Started process (PID=1616) to work on /home/airflow/.local/lib/python3.12/site-packages/airflow/example_dags/example_bash_operator.py
[2025-04-30T00:43:05.496+0000] {processor.py:914} INFO - Processing file /home/airflow/.local/lib/python3.12/site-packages/airflow/example_dags/example_bash_operator.py for tasks to queue
[2025-04-30T00:43:05.502+0000] {logging_mixin.py:190} INFO - [2025-04-30T00:43:05.500+0000] {dagbag.py:587} INFO - Filling up the DagBag from /home/airflow/.local/lib/python3.12/site-packages/airflow/example_dags/example_bash_operator.py
[2025-04-30T00:43:05.549+0000] {processor.py:925} INFO - DAG(s) 'example_bash_operator' retrieved from /home/airflow/.local/lib/python3.12/site-packages/airflow/example_dags/example_bash_operator.py
[2025-04-30T00:43:05.645+0000] {logging_mixin.py:190} INFO - [2025-04-30T00:43:05.645+0000] {dag.py:3211} INFO - Sync 1 DAGs
[2025-04-30T00:43:05.704+0000] {logging_mixin.py:190} INFO - [2025-04-30T00:43:05.704+0000] {dag.py:4138} INFO - Setting next_dagrun for example_bash_operator to 2025-04-29 00:00:00+00:00, run_after=2025-04-30 00:00:00+00:00
[2025-04-30T00:43:05.749+0000] {processor.py:208} INFO - Processing /home/airflow/.local/lib/python3.12/site-packages/airflow/example_dags/example_bash_operator.py took 0.278 seconds
[2025-04-30T00:43:36.161+0000] {processor.py:186} INFO - Started process (PID=1680) to work on /home/airflow/.local/lib/python3.12/site-packages/airflow/example_dags/example_bash_operator.py
[2025-04-30T00:43:36.164+0000] {processor.py:914} INFO - Processing file /home/airflow/.local/lib/python3.12/site-packages/airflow/example_dags/example_bash_operator.py for tasks to queue
[2025-04-30T00:43:36.167+0000] {logging_mixin.py:190} INFO - [2025-04-30T00:43:36.166+0000] {dagbag.py:587} INFO - Filling up the DagBag from /home/airflow/.local/lib/python3.12/site-packages/airflow/example_dags/example_bash_operator.py
[2025-04-30T00:43:36.203+0000] {processor.py:925} INFO - DAG(s) 'example_bash_operator' retrieved from /home/airflow/.local/lib/python3.12/site-packages/airflow/example_dags/example_bash_operator.py
[2025-04-30T00:43:36.284+0000] {logging_mixin.py:190} INFO - [2025-04-30T00:43:36.284+0000] {dag.py:3211} INFO - Sync 1 DAGs
[2025-04-30T00:43:36.353+0000] {logging_mixin.py:190} INFO - [2025-04-30T00:43:36.353+0000] {dag.py:4138} INFO - Setting next_dagrun for example_bash_operator to 2025-04-29 00:00:00+00:00, run_after=2025-04-30 00:00:00+00:00
[2025-04-30T00:43:36.406+0000] {processor.py:208} INFO - Processing /home/airflow/.local/lib/python3.12/site-packages/airflow/example_dags/example_bash_operator.py took 0.263 seconds
[2025-04-30T00:44:06.508+0000] {processor.py:186} INFO - Started process (PID=1742) to work on /home/airflow/.local/lib/python3.12/site-packages/airflow/example_dags/example_bash_operator.py
[2025-04-30T00:44:06.509+0000] {processor.py:914} INFO - Processing file /home/airflow/.local/lib/python3.12/site-packages/airflow/example_dags/example_bash_operator.py for tasks to queue
[2025-04-30T00:44:06.511+0000] {logging_mixin.py:190} INFO - [2025-04-30T00:44:06.511+0000] {dagbag.py:587} INFO - Filling up the DagBag from /home/airflow/.local/lib/python3.12/site-packages/airflow/example_dags/example_bash_operator.py
[2025-04-30T00:44:06.529+0000] {processor.py:925} INFO - DAG(s) 'example_bash_operator' retrieved from /home/airflow/.local/lib/python3.12/site-packages/airflow/example_dags/example_bash_operator.py
[2025-04-30T00:44:06.567+0000] {logging_mixin.py:190} INFO - [2025-04-30T00:44:06.567+0000] {dag.py:3211} INFO - Sync 1 DAGs
[2025-04-30T00:44:06.596+0000] {logging_mixin.py:190} INFO - [2025-04-30T00:44:06.596+0000] {dag.py:4138} INFO - Setting next_dagrun for example_bash_operator to 2025-04-29 00:00:00+00:00, run_after=2025-04-30 00:00:00+00:00
[2025-04-30T00:44:06.625+0000] {processor.py:208} INFO - Processing /home/airflow/.local/lib/python3.12/site-packages/airflow/example_dags/example_bash_operator.py took 0.123 seconds
[2025-04-30T00:44:37.299+0000] {processor.py:186} INFO - Started process (PID=1805) to work on /home/airflow/.local/lib/python3.12/site-packages/airflow/example_dags/example_bash_operator.py
[2025-04-30T00:44:37.301+0000] {processor.py:914} INFO - Processing file /home/airflow/.local/lib/python3.12/site-packages/airflow/example_dags/example_bash_operator.py for tasks to queue
[2025-04-30T00:44:37.302+0000] {logging_mixin.py:190} INFO - [2025-04-30T00:44:37.302+0000] {dagbag.py:587} INFO - Filling up the DagBag from /home/airflow/.local/lib/python3.12/site-packages/airflow/example_dags/example_bash_operator.py
[2025-04-30T00:44:37.329+0000] {processor.py:925} INFO - DAG(s) 'example_bash_operator' retrieved from /home/airflow/.local/lib/python3.12/site-packages/airflow/example_dags/example_bash_operator.py
[2025-04-30T00:44:37.384+0000] {logging_mixin.py:190} INFO - [2025-04-30T00:44:37.384+0000] {dag.py:3211} INFO - Sync 1 DAGs
[2025-04-30T00:44:37.430+0000] {logging_mixin.py:190} INFO - [2025-04-30T00:44:37.430+0000] {dag.py:4138} INFO - Setting next_dagrun for example_bash_operator to 2025-04-29 00:00:00+00:00, run_after=2025-04-30 00:00:00+00:00
[2025-04-30T00:44:37.463+0000] {processor.py:208} INFO - Processing /home/airflow/.local/lib/python3.12/site-packages/airflow/example_dags/example_bash_operator.py took 0.172 seconds
[2025-04-30T00:45:08.035+0000] {processor.py:186} INFO - Started process (PID=1868) to work on /home/airflow/.local/lib/python3.12/site-packages/airflow/example_dags/example_bash_operator.py
[2025-04-30T00:45:08.036+0000] {processor.py:914} INFO - Processing file /home/airflow/.local/lib/python3.12/site-packages/airflow/example_dags/example_bash_operator.py for tasks to queue
[2025-04-30T00:45:08.038+0000] {logging_mixin.py:190} INFO - [2025-04-30T00:45:08.037+0000] {dagbag.py:587} INFO - Filling up the DagBag from /home/airflow/.local/lib/python3.12/site-packages/airflow/example_dags/example_bash_operator.py
[2025-04-30T00:45:08.051+0000] {processor.py:925} INFO - DAG(s) 'example_bash_operator' retrieved from /home/airflow/.local/lib/python3.12/site-packages/airflow/example_dags/example_bash_operator.py
[2025-04-30T00:45:08.081+0000] {logging_mixin.py:190} INFO - [2025-04-30T00:45:08.081+0000] {dag.py:3211} INFO - Sync 1 DAGs
[2025-04-30T00:45:08.106+0000] {logging_mixin.py:190} INFO - [2025-04-30T00:45:08.106+0000] {dag.py:4138} INFO - Setting next_dagrun for example_bash_operator to 2025-04-29 00:00:00+00:00, run_after=2025-04-30 00:00:00+00:00
[2025-04-30T00:45:08.132+0000] {processor.py:208} INFO - Processing /home/airflow/.local/lib/python3.12/site-packages/airflow/example_dags/example_bash_operator.py took 0.103 seconds
[2025-04-30T00:45:38.651+0000] {processor.py:186} INFO - Started process (PID=1931) to work on /home/airflow/.local/lib/python3.12/site-packages/airflow/example_dags/example_bash_operator.py
[2025-04-30T00:45:38.653+0000] {processor.py:914} INFO - Processing file /home/airflow/.local/lib/python3.12/site-packages/airflow/example_dags/example_bash_operator.py for tasks to queue
[2025-04-30T00:45:38.656+0000] {logging_mixin.py:190} INFO - [2025-04-30T00:45:38.656+0000] {dagbag.py:587} INFO - Filling up the DagBag from /home/airflow/.local/lib/python3.12/site-packages/airflow/example_dags/example_bash_operator.py
[2025-04-30T00:45:38.684+0000] {processor.py:925} INFO - DAG(s) 'example_bash_operator' retrieved from /home/airflow/.local/lib/python3.12/site-packages/airflow/example_dags/example_bash_operator.py
[2025-04-30T00:45:38.745+0000] {logging_mixin.py:190} INFO - [2025-04-30T00:45:38.745+0000] {dag.py:3211} INFO - Sync 1 DAGs
[2025-04-30T00:45:38.812+0000] {logging_mixin.py:190} INFO - [2025-04-30T00:45:38.811+0000] {dag.py:4138} INFO - Setting next_dagrun for example_bash_operator to 2025-04-29 00:00:00+00:00, run_after=2025-04-30 00:00:00+00:00
[2025-04-30T00:45:38.845+0000] {processor.py:208} INFO - Processing /home/airflow/.local/lib/python3.12/site-packages/airflow/example_dags/example_bash_operator.py took 0.209 seconds
[2025-04-30T00:46:08.937+0000] {processor.py:186} INFO - Started process (PID=1994) to work on /home/airflow/.local/lib/python3.12/site-packages/airflow/example_dags/example_bash_operator.py
[2025-04-30T00:46:08.938+0000] {processor.py:914} INFO - Processing file /home/airflow/.local/lib/python3.12/site-packages/airflow/example_dags/example_bash_operator.py for tasks to queue
[2025-04-30T00:46:08.940+0000] {logging_mixin.py:190} INFO - [2025-04-30T00:46:08.939+0000] {dagbag.py:587} INFO - Filling up the DagBag from /home/airflow/.local/lib/python3.12/site-packages/airflow/example_dags/example_bash_operator.py
[2025-04-30T00:46:08.955+0000] {processor.py:925} INFO - DAG(s) 'example_bash_operator' retrieved from /home/airflow/.local/lib/python3.12/site-packages/airflow/example_dags/example_bash_operator.py
[2025-04-30T00:46:08.990+0000] {logging_mixin.py:190} INFO - [2025-04-30T00:46:08.990+0000] {dag.py:3211} INFO - Sync 1 DAGs
[2025-04-30T00:46:09.020+0000] {logging_mixin.py:190} INFO - [2025-04-30T00:46:09.020+0000] {dag.py:4138} INFO - Setting next_dagrun for example_bash_operator to 2025-04-29 00:00:00+00:00, run_after=2025-04-30 00:00:00+00:00
[2025-04-30T00:46:09.051+0000] {processor.py:208} INFO - Processing /home/airflow/.local/lib/python3.12/site-packages/airflow/example_dags/example_bash_operator.py took 0.121 seconds
[2025-04-30T00:46:39.273+0000] {processor.py:186} INFO - Started process (PID=2057) to work on /home/airflow/.local/lib/python3.12/site-packages/airflow/example_dags/example_bash_operator.py
[2025-04-30T00:46:39.275+0000] {processor.py:914} INFO - Processing file /home/airflow/.local/lib/python3.12/site-packages/airflow/example_dags/example_bash_operator.py for tasks to queue
[2025-04-30T00:46:39.276+0000] {logging_mixin.py:190} INFO - [2025-04-30T00:46:39.276+0000] {dagbag.py:587} INFO - Filling up the DagBag from /home/airflow/.local/lib/python3.12/site-packages/airflow/example_dags/example_bash_operator.py
[2025-04-30T00:46:39.290+0000] {processor.py:925} INFO - DAG(s) 'example_bash_operator' retrieved from /home/airflow/.local/lib/python3.12/site-packages/airflow/example_dags/example_bash_operator.py
[2025-04-30T00:46:39.321+0000] {logging_mixin.py:190} INFO - [2025-04-30T00:46:39.321+0000] {dag.py:3211} INFO - Sync 1 DAGs
[2025-04-30T00:46:39.349+0000] {logging_mixin.py:190} INFO - [2025-04-30T00:46:39.349+0000] {dag.py:4138} INFO - Setting next_dagrun for example_bash_operator to 2025-04-29 00:00:00+00:00, run_after=2025-04-30 00:00:00+00:00
[2025-04-30T00:46:39.378+0000] {processor.py:208} INFO - Processing /home/airflow/.local/lib/python3.12/site-packages/airflow/example_dags/example_bash_operator.py took 0.110 seconds
[2025-04-30T00:47:09.562+0000] {processor.py:186} INFO - Started process (PID=2120) to work on /home/airflow/.local/lib/python3.12/site-packages/airflow/example_dags/example_bash_operator.py
[2025-04-30T00:47:09.564+0000] {processor.py:914} INFO - Processing file /home/airflow/.local/lib/python3.12/site-packages/airflow/example_dags/example_bash_operator.py for tasks to queue
[2025-04-30T00:47:09.565+0000] {logging_mixin.py:190} INFO - [2025-04-30T00:47:09.565+0000] {dagbag.py:587} INFO - Filling up the DagBag from /home/airflow/.local/lib/python3.12/site-packages/airflow/example_dags/example_bash_operator.py
[2025-04-30T00:47:09.579+0000] {processor.py:925} INFO - DAG(s) 'example_bash_operator' retrieved from /home/airflow/.local/lib/python3.12/site-packages/airflow/example_dags/example_bash_operator.py
[2025-04-30T00:47:09.608+0000] {logging_mixin.py:190} INFO - [2025-04-30T00:47:09.608+0000] {dag.py:3211} INFO - Sync 1 DAGs
[2025-04-30T00:47:09.635+0000] {logging_mixin.py:190} INFO - [2025-04-30T00:47:09.635+0000] {dag.py:4138} INFO - Setting next_dagrun for example_bash_operator to 2025-04-29 00:00:00+00:00, run_after=2025-04-30 00:00:00+00:00
[2025-04-30T00:47:09.658+0000] {processor.py:208} INFO - Processing /home/airflow/.local/lib/python3.12/site-packages/airflow/example_dags/example_bash_operator.py took 0.102 seconds
[2025-04-30T00:47:40.457+0000] {processor.py:186} INFO - Started process (PID=2183) to work on /home/airflow/.local/lib/python3.12/site-packages/airflow/example_dags/example_bash_operator.py
[2025-04-30T00:47:40.458+0000] {processor.py:914} INFO - Processing file /home/airflow/.local/lib/python3.12/site-packages/airflow/example_dags/example_bash_operator.py for tasks to queue
[2025-04-30T00:47:40.460+0000] {logging_mixin.py:190} INFO - [2025-04-30T00:47:40.459+0000] {dagbag.py:587} INFO - Filling up the DagBag from /home/airflow/.local/lib/python3.12/site-packages/airflow/example_dags/example_bash_operator.py
[2025-04-30T00:47:40.477+0000] {processor.py:925} INFO - DAG(s) 'example_bash_operator' retrieved from /home/airflow/.local/lib/python3.12/site-packages/airflow/example_dags/example_bash_operator.py
[2025-04-30T00:47:40.511+0000] {logging_mixin.py:190} INFO - [2025-04-30T00:47:40.511+0000] {dag.py:3211} INFO - Sync 1 DAGs
[2025-04-30T00:47:40.539+0000] {logging_mixin.py:190} INFO - [2025-04-30T00:47:40.539+0000] {dag.py:4138} INFO - Setting next_dagrun for example_bash_operator to 2025-04-29 00:00:00+00:00, run_after=2025-04-30 00:00:00+00:00
[2025-04-30T00:47:40.567+0000] {processor.py:208} INFO - Processing /home/airflow/.local/lib/python3.12/site-packages/airflow/example_dags/example_bash_operator.py took 0.118 seconds
[2025-04-30T00:48:10.991+0000] {processor.py:186} INFO - Started process (PID=2246) to work on /home/airflow/.local/lib/python3.12/site-packages/airflow/example_dags/example_bash_operator.py
[2025-04-30T00:48:10.992+0000] {processor.py:914} INFO - Processing file /home/airflow/.local/lib/python3.12/site-packages/airflow/example_dags/example_bash_operator.py for tasks to queue
[2025-04-30T00:48:10.994+0000] {logging_mixin.py:190} INFO - [2025-04-30T00:48:10.994+0000] {dagbag.py:587} INFO - Filling up the DagBag from /home/airflow/.local/lib/python3.12/site-packages/airflow/example_dags/example_bash_operator.py
[2025-04-30T00:48:11.010+0000] {processor.py:925} INFO - DAG(s) 'example_bash_operator' retrieved from /home/airflow/.local/lib/python3.12/site-packages/airflow/example_dags/example_bash_operator.py
[2025-04-30T00:48:11.044+0000] {logging_mixin.py:190} INFO - [2025-04-30T00:48:11.044+0000] {dag.py:3211} INFO - Sync 1 DAGs
[2025-04-30T00:48:11.074+0000] {logging_mixin.py:190} INFO - [2025-04-30T00:48:11.073+0000] {dag.py:4138} INFO - Setting next_dagrun for example_bash_operator to 2025-04-29 00:00:00+00:00, run_after=2025-04-30 00:00:00+00:00
[2025-04-30T00:48:11.100+0000] {processor.py:208} INFO - Processing /home/airflow/.local/lib/python3.12/site-packages/airflow/example_dags/example_bash_operator.py took 0.116 seconds
[2025-04-30T00:48:41.322+0000] {processor.py:186} INFO - Started process (PID=2315) to work on /home/airflow/.local/lib/python3.12/site-packages/airflow/example_dags/example_bash_operator.py
[2025-04-30T00:48:41.324+0000] {processor.py:914} INFO - Processing file /home/airflow/.local/lib/python3.12/site-packages/airflow/example_dags/example_bash_operator.py for tasks to queue
[2025-04-30T00:48:41.326+0000] {logging_mixin.py:190} INFO - [2025-04-30T00:48:41.325+0000] {dagbag.py:587} INFO - Filling up the DagBag from /home/airflow/.local/lib/python3.12/site-packages/airflow/example_dags/example_bash_operator.py
[2025-04-30T00:48:41.350+0000] {processor.py:925} INFO - DAG(s) 'example_bash_operator' retrieved from /home/airflow/.local/lib/python3.12/site-packages/airflow/example_dags/example_bash_operator.py
[2025-04-30T00:48:41.386+0000] {logging_mixin.py:190} INFO - [2025-04-30T00:48:41.386+0000] {dag.py:3211} INFO - Sync 1 DAGs
[2025-04-30T00:48:41.418+0000] {logging_mixin.py:190} INFO - [2025-04-30T00:48:41.418+0000] {dag.py:4138} INFO - Setting next_dagrun for example_bash_operator to 2025-04-29 00:00:00+00:00, run_after=2025-04-30 00:00:00+00:00
[2025-04-30T00:48:41.445+0000] {processor.py:208} INFO - Processing /home/airflow/.local/lib/python3.12/site-packages/airflow/example_dags/example_bash_operator.py took 0.131 seconds
[2025-04-30T00:49:11.825+0000] {processor.py:186} INFO - Started process (PID=2378) to work on /home/airflow/.local/lib/python3.12/site-packages/airflow/example_dags/example_bash_operator.py
[2025-04-30T00:49:11.826+0000] {processor.py:914} INFO - Processing file /home/airflow/.local/lib/python3.12/site-packages/airflow/example_dags/example_bash_operator.py for tasks to queue
[2025-04-30T00:49:11.838+0000] {logging_mixin.py:190} INFO - [2025-04-30T00:49:11.837+0000] {dagbag.py:587} INFO - Filling up the DagBag from /home/airflow/.local/lib/python3.12/site-packages/airflow/example_dags/example_bash_operator.py
[2025-04-30T00:49:11.852+0000] {processor.py:925} INFO - DAG(s) 'example_bash_operator' retrieved from /home/airflow/.local/lib/python3.12/site-packages/airflow/example_dags/example_bash_operator.py
[2025-04-30T00:49:11.887+0000] {logging_mixin.py:190} INFO - [2025-04-30T00:49:11.887+0000] {dag.py:3211} INFO - Sync 1 DAGs
[2025-04-30T00:49:11.922+0000] {logging_mixin.py:190} INFO - [2025-04-30T00:49:11.922+0000] {dag.py:4138} INFO - Setting next_dagrun for example_bash_operator to 2025-04-29 00:00:00+00:00, run_after=2025-04-30 00:00:00+00:00
[2025-04-30T00:49:11.950+0000] {processor.py:208} INFO - Processing /home/airflow/.local/lib/python3.12/site-packages/airflow/example_dags/example_bash_operator.py took 0.132 seconds
[2025-04-30T00:49:42.329+0000] {processor.py:186} INFO - Started process (PID=2441) to work on /home/airflow/.local/lib/python3.12/site-packages/airflow/example_dags/example_bash_operator.py
[2025-04-30T00:49:42.330+0000] {processor.py:914} INFO - Processing file /home/airflow/.local/lib/python3.12/site-packages/airflow/example_dags/example_bash_operator.py for tasks to queue
[2025-04-30T00:49:42.332+0000] {logging_mixin.py:190} INFO - [2025-04-30T00:49:42.332+0000] {dagbag.py:587} INFO - Filling up the DagBag from /home/airflow/.local/lib/python3.12/site-packages/airflow/example_dags/example_bash_operator.py
[2025-04-30T00:49:42.347+0000] {processor.py:925} INFO - DAG(s) 'example_bash_operator' retrieved from /home/airflow/.local/lib/python3.12/site-packages/airflow/example_dags/example_bash_operator.py
[2025-04-30T00:49:42.378+0000] {logging_mixin.py:190} INFO - [2025-04-30T00:49:42.378+0000] {dag.py:3211} INFO - Sync 1 DAGs
[2025-04-30T00:49:42.405+0000] {logging_mixin.py:190} INFO - [2025-04-30T00:49:42.404+0000] {dag.py:4138} INFO - Setting next_dagrun for example_bash_operator to 2025-04-29 00:00:00+00:00, run_after=2025-04-30 00:00:00+00:00
[2025-04-30T00:49:42.430+0000] {processor.py:208} INFO - Processing /home/airflow/.local/lib/python3.12/site-packages/airflow/example_dags/example_bash_operator.py took 0.109 seconds
[2025-04-30T00:50:12.648+0000] {processor.py:186} INFO - Started process (PID=2505) to work on /home/airflow/.local/lib/python3.12/site-packages/airflow/example_dags/example_bash_operator.py
[2025-04-30T00:50:12.649+0000] {processor.py:914} INFO - Processing file /home/airflow/.local/lib/python3.12/site-packages/airflow/example_dags/example_bash_operator.py for tasks to queue
[2025-04-30T00:50:12.651+0000] {logging_mixin.py:190} INFO - [2025-04-30T00:50:12.651+0000] {dagbag.py:587} INFO - Filling up the DagBag from /home/airflow/.local/lib/python3.12/site-packages/airflow/example_dags/example_bash_operator.py
[2025-04-30T00:50:12.665+0000] {processor.py:925} INFO - DAG(s) 'example_bash_operator' retrieved from /home/airflow/.local/lib/python3.12/site-packages/airflow/example_dags/example_bash_operator.py
[2025-04-30T00:50:12.700+0000] {logging_mixin.py:190} INFO - [2025-04-30T00:50:12.699+0000] {dag.py:3211} INFO - Sync 1 DAGs
[2025-04-30T00:50:12.731+0000] {logging_mixin.py:190} INFO - [2025-04-30T00:50:12.731+0000] {dag.py:4138} INFO - Setting next_dagrun for example_bash_operator to 2025-04-29 00:00:00+00:00, run_after=2025-04-30 00:00:00+00:00
[2025-04-30T00:50:12.763+0000] {processor.py:208} INFO - Processing /home/airflow/.local/lib/python3.12/site-packages/airflow/example_dags/example_bash_operator.py took 0.121 seconds
[2025-04-30T00:50:43.640+0000] {processor.py:186} INFO - Started process (PID=2568) to work on /home/airflow/.local/lib/python3.12/site-packages/airflow/example_dags/example_bash_operator.py
[2025-04-30T00:50:43.641+0000] {processor.py:914} INFO - Processing file /home/airflow/.local/lib/python3.12/site-packages/airflow/example_dags/example_bash_operator.py for tasks to queue
[2025-04-30T00:50:43.642+0000] {logging_mixin.py:190} INFO - [2025-04-30T00:50:43.642+0000] {dagbag.py:587} INFO - Filling up the DagBag from /home/airflow/.local/lib/python3.12/site-packages/airflow/example_dags/example_bash_operator.py
[2025-04-30T00:50:43.657+0000] {processor.py:925} INFO - DAG(s) 'example_bash_operator' retrieved from /home/airflow/.local/lib/python3.12/site-packages/airflow/example_dags/example_bash_operator.py
[2025-04-30T00:50:43.686+0000] {logging_mixin.py:190} INFO - [2025-04-30T00:50:43.685+0000] {dag.py:3211} INFO - Sync 1 DAGs
[2025-04-30T00:50:43.713+0000] {logging_mixin.py:190} INFO - [2025-04-30T00:50:43.712+0000] {dag.py:4138} INFO - Setting next_dagrun for example_bash_operator to 2025-04-29 00:00:00+00:00, run_after=2025-04-30 00:00:00+00:00
[2025-04-30T00:50:43.736+0000] {processor.py:208} INFO - Processing /home/airflow/.local/lib/python3.12/site-packages/airflow/example_dags/example_bash_operator.py took 0.103 seconds
[2025-04-30T00:51:14.120+0000] {processor.py:186} INFO - Started process (PID=2631) to work on /home/airflow/.local/lib/python3.12/site-packages/airflow/example_dags/example_bash_operator.py
[2025-04-30T00:51:14.121+0000] {processor.py:914} INFO - Processing file /home/airflow/.local/lib/python3.12/site-packages/airflow/example_dags/example_bash_operator.py for tasks to queue
[2025-04-30T00:51:14.122+0000] {logging_mixin.py:190} INFO - [2025-04-30T00:51:14.122+0000] {dagbag.py:587} INFO - Filling up the DagBag from /home/airflow/.local/lib/python3.12/site-packages/airflow/example_dags/example_bash_operator.py
[2025-04-30T00:51:14.137+0000] {processor.py:925} INFO - DAG(s) 'example_bash_operator' retrieved from /home/airflow/.local/lib/python3.12/site-packages/airflow/example_dags/example_bash_operator.py
[2025-04-30T00:51:14.168+0000] {logging_mixin.py:190} INFO - [2025-04-30T00:51:14.167+0000] {dag.py:3211} INFO - Sync 1 DAGs
[2025-04-30T00:51:14.194+0000] {logging_mixin.py:190} INFO - [2025-04-30T00:51:14.194+0000] {dag.py:4138} INFO - Setting next_dagrun for example_bash_operator to 2025-04-29 00:00:00+00:00, run_after=2025-04-30 00:00:00+00:00
[2025-04-30T00:51:14.218+0000] {processor.py:208} INFO - Processing /home/airflow/.local/lib/python3.12/site-packages/airflow/example_dags/example_bash_operator.py took 0.105 seconds
[2025-04-30T00:51:44.721+0000] {processor.py:186} INFO - Started process (PID=2694) to work on /home/airflow/.local/lib/python3.12/site-packages/airflow/example_dags/example_bash_operator.py
[2025-04-30T00:51:44.722+0000] {processor.py:914} INFO - Processing file /home/airflow/.local/lib/python3.12/site-packages/airflow/example_dags/example_bash_operator.py for tasks to queue
[2025-04-30T00:51:44.723+0000] {logging_mixin.py:190} INFO - [2025-04-30T00:51:44.723+0000] {dagbag.py:587} INFO - Filling up the DagBag from /home/airflow/.local/lib/python3.12/site-packages/airflow/example_dags/example_bash_operator.py
[2025-04-30T00:51:44.739+0000] {processor.py:925} INFO - DAG(s) 'example_bash_operator' retrieved from /home/airflow/.local/lib/python3.12/site-packages/airflow/example_dags/example_bash_operator.py
[2025-04-30T00:51:44.777+0000] {logging_mixin.py:190} INFO - [2025-04-30T00:51:44.777+0000] {dag.py:3211} INFO - Sync 1 DAGs
[2025-04-30T00:51:44.807+0000] {logging_mixin.py:190} INFO - [2025-04-30T00:51:44.807+0000] {dag.py:4138} INFO - Setting next_dagrun for example_bash_operator to 2025-04-29 00:00:00+00:00, run_after=2025-04-30 00:00:00+00:00
[2025-04-30T00:51:44.833+0000] {processor.py:208} INFO - Processing /home/airflow/.local/lib/python3.12/site-packages/airflow/example_dags/example_bash_operator.py took 0.117 seconds
[2025-04-30T00:59:31.621+0000] {processor.py:186} INFO - Started process (PID=2723) to work on /home/airflow/.local/lib/python3.12/site-packages/airflow/example_dags/example_bash_operator.py
[2025-04-30T00:59:31.623+0000] {processor.py:914} INFO - Processing file /home/airflow/.local/lib/python3.12/site-packages/airflow/example_dags/example_bash_operator.py for tasks to queue
[2025-04-30T00:59:31.626+0000] {logging_mixin.py:190} INFO - [2025-04-30T00:59:31.625+0000] {dagbag.py:587} INFO - Filling up the DagBag from /home/airflow/.local/lib/python3.12/site-packages/airflow/example_dags/example_bash_operator.py
[2025-04-30T00:59:31.647+0000] {processor.py:925} INFO - DAG(s) 'example_bash_operator' retrieved from /home/airflow/.local/lib/python3.12/site-packages/airflow/example_dags/example_bash_operator.py
[2025-04-30T00:59:31.712+0000] {logging_mixin.py:190} INFO - [2025-04-30T00:59:31.710+0000] {dag.py:3211} INFO - Sync 1 DAGs
[2025-04-30T00:59:31.768+0000] {logging_mixin.py:190} INFO - [2025-04-30T00:59:31.767+0000] {dag.py:4138} INFO - Setting next_dagrun for example_bash_operator to 2025-04-29 00:00:00+00:00, run_after=2025-04-30 00:00:00+00:00
[2025-04-30T00:59:31.807+0000] {processor.py:208} INFO - Processing /home/airflow/.local/lib/python3.12/site-packages/airflow/example_dags/example_bash_operator.py took 0.195 seconds
[2025-04-30T01:00:02.311+0000] {processor.py:186} INFO - Started process (PID=2786) to work on /home/airflow/.local/lib/python3.12/site-packages/airflow/example_dags/example_bash_operator.py
[2025-04-30T01:00:02.312+0000] {processor.py:914} INFO - Processing file /home/airflow/.local/lib/python3.12/site-packages/airflow/example_dags/example_bash_operator.py for tasks to queue
[2025-04-30T01:00:02.314+0000] {logging_mixin.py:190} INFO - [2025-04-30T01:00:02.313+0000] {dagbag.py:587} INFO - Filling up the DagBag from /home/airflow/.local/lib/python3.12/site-packages/airflow/example_dags/example_bash_operator.py
[2025-04-30T01:00:02.328+0000] {processor.py:925} INFO - DAG(s) 'example_bash_operator' retrieved from /home/airflow/.local/lib/python3.12/site-packages/airflow/example_dags/example_bash_operator.py
[2025-04-30T01:00:02.362+0000] {logging_mixin.py:190} INFO - [2025-04-30T01:00:02.361+0000] {dag.py:3211} INFO - Sync 1 DAGs
[2025-04-30T01:00:02.390+0000] {logging_mixin.py:190} INFO - [2025-04-30T01:00:02.389+0000] {dag.py:4138} INFO - Setting next_dagrun for example_bash_operator to 2025-04-29 00:00:00+00:00, run_after=2025-04-30 00:00:00+00:00
[2025-04-30T01:00:02.409+0000] {processor.py:208} INFO - Processing /home/airflow/.local/lib/python3.12/site-packages/airflow/example_dags/example_bash_operator.py took 0.104 seconds
[2025-04-30T01:00:33.166+0000] {processor.py:186} INFO - Started process (PID=2849) to work on /home/airflow/.local/lib/python3.12/site-packages/airflow/example_dags/example_bash_operator.py
[2025-04-30T01:00:33.167+0000] {processor.py:914} INFO - Processing file /home/airflow/.local/lib/python3.12/site-packages/airflow/example_dags/example_bash_operator.py for tasks to queue
[2025-04-30T01:00:33.169+0000] {logging_mixin.py:190} INFO - [2025-04-30T01:00:33.168+0000] {dagbag.py:587} INFO - Filling up the DagBag from /home/airflow/.local/lib/python3.12/site-packages/airflow/example_dags/example_bash_operator.py
[2025-04-30T01:00:33.186+0000] {processor.py:925} INFO - DAG(s) 'example_bash_operator' retrieved from /home/airflow/.local/lib/python3.12/site-packages/airflow/example_dags/example_bash_operator.py
[2025-04-30T01:00:33.217+0000] {logging_mixin.py:190} INFO - [2025-04-30T01:00:33.217+0000] {dag.py:3211} INFO - Sync 1 DAGs
[2025-04-30T01:00:33.244+0000] {logging_mixin.py:190} INFO - [2025-04-30T01:00:33.243+0000] {dag.py:4138} INFO - Setting next_dagrun for example_bash_operator to 2025-04-29 00:00:00+00:00, run_after=2025-04-30 00:00:00+00:00
[2025-04-30T01:00:33.264+0000] {processor.py:208} INFO - Processing /home/airflow/.local/lib/python3.12/site-packages/airflow/example_dags/example_bash_operator.py took 0.105 seconds
[2025-04-30T01:01:04.567+0000] {processor.py:186} INFO - Started process (PID=2919) to work on /home/airflow/.local/lib/python3.12/site-packages/airflow/example_dags/example_bash_operator.py
[2025-04-30T01:01:04.568+0000] {processor.py:914} INFO - Processing file /home/airflow/.local/lib/python3.12/site-packages/airflow/example_dags/example_bash_operator.py for tasks to queue
[2025-04-30T01:01:04.570+0000] {logging_mixin.py:190} INFO - [2025-04-30T01:01:04.569+0000] {dagbag.py:587} INFO - Filling up the DagBag from /home/airflow/.local/lib/python3.12/site-packages/airflow/example_dags/example_bash_operator.py
[2025-04-30T01:01:04.590+0000] {processor.py:925} INFO - DAG(s) 'example_bash_operator' retrieved from /home/airflow/.local/lib/python3.12/site-packages/airflow/example_dags/example_bash_operator.py
[2025-04-30T01:01:04.628+0000] {logging_mixin.py:190} INFO - [2025-04-30T01:01:04.627+0000] {dag.py:3211} INFO - Sync 1 DAGs
[2025-04-30T01:01:04.659+0000] {logging_mixin.py:190} INFO - [2025-04-30T01:01:04.658+0000] {dag.py:4138} INFO - Setting next_dagrun for example_bash_operator to 2025-04-29 00:00:00+00:00, run_after=2025-04-30 00:00:00+00:00
[2025-04-30T01:01:04.686+0000] {processor.py:208} INFO - Processing /home/airflow/.local/lib/python3.12/site-packages/airflow/example_dags/example_bash_operator.py took 0.127 seconds
[2025-04-30T01:01:35.424+0000] {processor.py:186} INFO - Started process (PID=2982) to work on /home/airflow/.local/lib/python3.12/site-packages/airflow/example_dags/example_bash_operator.py
[2025-04-30T01:01:35.425+0000] {processor.py:914} INFO - Processing file /home/airflow/.local/lib/python3.12/site-packages/airflow/example_dags/example_bash_operator.py for tasks to queue
[2025-04-30T01:01:35.426+0000] {logging_mixin.py:190} INFO - [2025-04-30T01:01:35.426+0000] {dagbag.py:587} INFO - Filling up the DagBag from /home/airflow/.local/lib/python3.12/site-packages/airflow/example_dags/example_bash_operator.py
[2025-04-30T01:01:35.442+0000] {processor.py:925} INFO - DAG(s) 'example_bash_operator' retrieved from /home/airflow/.local/lib/python3.12/site-packages/airflow/example_dags/example_bash_operator.py
[2025-04-30T01:01:35.476+0000] {logging_mixin.py:190} INFO - [2025-04-30T01:01:35.476+0000] {dag.py:3211} INFO - Sync 1 DAGs
[2025-04-30T01:01:35.504+0000] {logging_mixin.py:190} INFO - [2025-04-30T01:01:35.504+0000] {dag.py:4138} INFO - Setting next_dagrun for example_bash_operator to 2025-04-29 00:00:00+00:00, run_after=2025-04-30 00:00:00+00:00
[2025-04-30T01:01:35.526+0000] {processor.py:208} INFO - Processing /home/airflow/.local/lib/python3.12/site-packages/airflow/example_dags/example_bash_operator.py took 0.110 seconds
[2025-04-30T01:02:06.146+0000] {processor.py:186} INFO - Started process (PID=3042) to work on /home/airflow/.local/lib/python3.12/site-packages/airflow/example_dags/example_bash_operator.py
[2025-04-30T01:02:06.147+0000] {processor.py:914} INFO - Processing file /home/airflow/.local/lib/python3.12/site-packages/airflow/example_dags/example_bash_operator.py for tasks to queue
[2025-04-30T01:02:06.148+0000] {logging_mixin.py:190} INFO - [2025-04-30T01:02:06.148+0000] {dagbag.py:587} INFO - Filling up the DagBag from /home/airflow/.local/lib/python3.12/site-packages/airflow/example_dags/example_bash_operator.py
[2025-04-30T01:02:06.161+0000] {processor.py:925} INFO - DAG(s) 'example_bash_operator' retrieved from /home/airflow/.local/lib/python3.12/site-packages/airflow/example_dags/example_bash_operator.py
[2025-04-30T01:02:06.190+0000] {logging_mixin.py:190} INFO - [2025-04-30T01:02:06.190+0000] {dag.py:3211} INFO - Sync 1 DAGs
[2025-04-30T01:02:06.217+0000] {logging_mixin.py:190} INFO - [2025-04-30T01:02:06.216+0000] {dag.py:4138} INFO - Setting next_dagrun for example_bash_operator to 2025-04-29 00:00:00+00:00, run_after=2025-04-30 00:00:00+00:00
[2025-04-30T01:02:06.239+0000] {processor.py:208} INFO - Processing /home/airflow/.local/lib/python3.12/site-packages/airflow/example_dags/example_bash_operator.py took 0.099 seconds
[2025-04-30T01:02:36.390+0000] {processor.py:186} INFO - Started process (PID=3104) to work on /home/airflow/.local/lib/python3.12/site-packages/airflow/example_dags/example_bash_operator.py
[2025-04-30T01:02:36.391+0000] {processor.py:914} INFO - Processing file /home/airflow/.local/lib/python3.12/site-packages/airflow/example_dags/example_bash_operator.py for tasks to queue
[2025-04-30T01:02:36.393+0000] {logging_mixin.py:190} INFO - [2025-04-30T01:02:36.393+0000] {dagbag.py:587} INFO - Filling up the DagBag from /home/airflow/.local/lib/python3.12/site-packages/airflow/example_dags/example_bash_operator.py
[2025-04-30T01:02:36.411+0000] {processor.py:925} INFO - DAG(s) 'example_bash_operator' retrieved from /home/airflow/.local/lib/python3.12/site-packages/airflow/example_dags/example_bash_operator.py
[2025-04-30T01:02:36.451+0000] {logging_mixin.py:190} INFO - [2025-04-30T01:02:36.450+0000] {dag.py:3211} INFO - Sync 1 DAGs
[2025-04-30T01:02:36.492+0000] {logging_mixin.py:190} INFO - [2025-04-30T01:02:36.492+0000] {dag.py:4138} INFO - Setting next_dagrun for example_bash_operator to 2025-04-29 00:00:00+00:00, run_after=2025-04-30 00:00:00+00:00
[2025-04-30T01:02:36.526+0000] {processor.py:208} INFO - Processing /home/airflow/.local/lib/python3.12/site-packages/airflow/example_dags/example_bash_operator.py took 0.143 seconds
[2025-04-30T01:03:07.119+0000] {processor.py:186} INFO - Started process (PID=3167) to work on /home/airflow/.local/lib/python3.12/site-packages/airflow/example_dags/example_bash_operator.py
[2025-04-30T01:03:07.121+0000] {processor.py:914} INFO - Processing file /home/airflow/.local/lib/python3.12/site-packages/airflow/example_dags/example_bash_operator.py for tasks to queue
[2025-04-30T01:03:07.122+0000] {logging_mixin.py:190} INFO - [2025-04-30T01:03:07.122+0000] {dagbag.py:587} INFO - Filling up the DagBag from /home/airflow/.local/lib/python3.12/site-packages/airflow/example_dags/example_bash_operator.py
[2025-04-30T01:03:07.141+0000] {processor.py:925} INFO - DAG(s) 'example_bash_operator' retrieved from /home/airflow/.local/lib/python3.12/site-packages/airflow/example_dags/example_bash_operator.py
[2025-04-30T01:03:07.181+0000] {logging_mixin.py:190} INFO - [2025-04-30T01:03:07.181+0000] {dag.py:3211} INFO - Sync 1 DAGs
[2025-04-30T01:03:07.385+0000] {logging_mixin.py:190} INFO - [2025-04-30T01:03:07.384+0000] {dag.py:4138} INFO - Setting next_dagrun for example_bash_operator to 2025-04-29 00:00:00+00:00, run_after=2025-04-30 00:00:00+00:00
[2025-04-30T01:03:07.407+0000] {processor.py:208} INFO - Processing /home/airflow/.local/lib/python3.12/site-packages/airflow/example_dags/example_bash_operator.py took 0.298 seconds
[2025-04-30T01:03:37.709+0000] {processor.py:186} INFO - Started process (PID=3230) to work on /home/airflow/.local/lib/python3.12/site-packages/airflow/example_dags/example_bash_operator.py
[2025-04-30T01:03:37.710+0000] {processor.py:914} INFO - Processing file /home/airflow/.local/lib/python3.12/site-packages/airflow/example_dags/example_bash_operator.py for tasks to queue
[2025-04-30T01:03:37.712+0000] {logging_mixin.py:190} INFO - [2025-04-30T01:03:37.711+0000] {dagbag.py:587} INFO - Filling up the DagBag from /home/airflow/.local/lib/python3.12/site-packages/airflow/example_dags/example_bash_operator.py
[2025-04-30T01:03:37.729+0000] {processor.py:925} INFO - DAG(s) 'example_bash_operator' retrieved from /home/airflow/.local/lib/python3.12/site-packages/airflow/example_dags/example_bash_operator.py
[2025-04-30T01:03:37.768+0000] {logging_mixin.py:190} INFO - [2025-04-30T01:03:37.767+0000] {dag.py:3211} INFO - Sync 1 DAGs
[2025-04-30T01:03:38.050+0000] {logging_mixin.py:190} INFO - [2025-04-30T01:03:38.049+0000] {dag.py:4138} INFO - Setting next_dagrun for example_bash_operator to 2025-04-29 00:00:00+00:00, run_after=2025-04-30 00:00:00+00:00
[2025-04-30T01:03:38.074+0000] {processor.py:208} INFO - Processing /home/airflow/.local/lib/python3.12/site-packages/airflow/example_dags/example_bash_operator.py took 0.373 seconds
[2025-04-30T01:04:08.274+0000] {processor.py:186} INFO - Started process (PID=3292) to work on /home/airflow/.local/lib/python3.12/site-packages/airflow/example_dags/example_bash_operator.py
[2025-04-30T01:04:08.275+0000] {processor.py:914} INFO - Processing file /home/airflow/.local/lib/python3.12/site-packages/airflow/example_dags/example_bash_operator.py for tasks to queue
[2025-04-30T01:04:08.277+0000] {logging_mixin.py:190} INFO - [2025-04-30T01:04:08.276+0000] {dagbag.py:587} INFO - Filling up the DagBag from /home/airflow/.local/lib/python3.12/site-packages/airflow/example_dags/example_bash_operator.py
[2025-04-30T01:04:08.292+0000] {processor.py:925} INFO - DAG(s) 'example_bash_operator' retrieved from /home/airflow/.local/lib/python3.12/site-packages/airflow/example_dags/example_bash_operator.py
[2025-04-30T01:04:08.322+0000] {logging_mixin.py:190} INFO - [2025-04-30T01:04:08.322+0000] {dag.py:3211} INFO - Sync 1 DAGs
[2025-04-30T01:04:08.586+0000] {logging_mixin.py:190} INFO - [2025-04-30T01:04:08.586+0000] {dag.py:4138} INFO - Setting next_dagrun for example_bash_operator to 2025-04-29 00:00:00+00:00, run_after=2025-04-30 00:00:00+00:00
[2025-04-30T01:04:08.612+0000] {processor.py:208} INFO - Processing /home/airflow/.local/lib/python3.12/site-packages/airflow/example_dags/example_bash_operator.py took 0.344 seconds
[2025-04-30T01:04:39.694+0000] {processor.py:186} INFO - Started process (PID=3356) to work on /home/airflow/.local/lib/python3.12/site-packages/airflow/example_dags/example_bash_operator.py
[2025-04-30T01:04:39.695+0000] {processor.py:914} INFO - Processing file /home/airflow/.local/lib/python3.12/site-packages/airflow/example_dags/example_bash_operator.py for tasks to queue
[2025-04-30T01:04:39.697+0000] {logging_mixin.py:190} INFO - [2025-04-30T01:04:39.696+0000] {dagbag.py:587} INFO - Filling up the DagBag from /home/airflow/.local/lib/python3.12/site-packages/airflow/example_dags/example_bash_operator.py
[2025-04-30T01:04:39.722+0000] {processor.py:925} INFO - DAG(s) 'example_bash_operator' retrieved from /home/airflow/.local/lib/python3.12/site-packages/airflow/example_dags/example_bash_operator.py
[2025-04-30T01:04:39.779+0000] {logging_mixin.py:190} INFO - [2025-04-30T01:04:39.779+0000] {dag.py:3211} INFO - Sync 1 DAGs
[2025-04-30T01:04:39.825+0000] {logging_mixin.py:190} INFO - [2025-04-30T01:04:39.824+0000] {dag.py:4138} INFO - Setting next_dagrun for example_bash_operator to 2025-04-29 00:00:00+00:00, run_after=2025-04-30 00:00:00+00:00
[2025-04-30T01:04:39.847+0000] {processor.py:208} INFO - Processing /home/airflow/.local/lib/python3.12/site-packages/airflow/example_dags/example_bash_operator.py took 0.162 seconds
[2025-04-30T01:05:10.840+0000] {processor.py:186} INFO - Started process (PID=3420) to work on /home/airflow/.local/lib/python3.12/site-packages/airflow/example_dags/example_bash_operator.py
[2025-04-30T01:05:10.841+0000] {processor.py:914} INFO - Processing file /home/airflow/.local/lib/python3.12/site-packages/airflow/example_dags/example_bash_operator.py for tasks to queue
[2025-04-30T01:05:10.843+0000] {logging_mixin.py:190} INFO - [2025-04-30T01:05:10.842+0000] {dagbag.py:587} INFO - Filling up the DagBag from /home/airflow/.local/lib/python3.12/site-packages/airflow/example_dags/example_bash_operator.py
[2025-04-30T01:05:10.862+0000] {processor.py:925} INFO - DAG(s) 'example_bash_operator' retrieved from /home/airflow/.local/lib/python3.12/site-packages/airflow/example_dags/example_bash_operator.py
[2025-04-30T01:05:10.903+0000] {logging_mixin.py:190} INFO - [2025-04-30T01:05:10.902+0000] {dag.py:3211} INFO - Sync 1 DAGs
[2025-04-30T01:05:10.936+0000] {logging_mixin.py:190} INFO - [2025-04-30T01:05:10.936+0000] {dag.py:4138} INFO - Setting next_dagrun for example_bash_operator to 2025-04-29 00:00:00+00:00, run_after=2025-04-30 00:00:00+00:00
[2025-04-30T01:05:10.957+0000] {processor.py:208} INFO - Processing /home/airflow/.local/lib/python3.12/site-packages/airflow/example_dags/example_bash_operator.py took 0.123 seconds
[2025-04-30T01:05:41.361+0000] {processor.py:186} INFO - Started process (PID=3483) to work on /home/airflow/.local/lib/python3.12/site-packages/airflow/example_dags/example_bash_operator.py
[2025-04-30T01:05:41.362+0000] {processor.py:914} INFO - Processing file /home/airflow/.local/lib/python3.12/site-packages/airflow/example_dags/example_bash_operator.py for tasks to queue
[2025-04-30T01:05:41.364+0000] {logging_mixin.py:190} INFO - [2025-04-30T01:05:41.363+0000] {dagbag.py:587} INFO - Filling up the DagBag from /home/airflow/.local/lib/python3.12/site-packages/airflow/example_dags/example_bash_operator.py
[2025-04-30T01:05:41.379+0000] {processor.py:925} INFO - DAG(s) 'example_bash_operator' retrieved from /home/airflow/.local/lib/python3.12/site-packages/airflow/example_dags/example_bash_operator.py
[2025-04-30T01:05:41.428+0000] {logging_mixin.py:190} INFO - [2025-04-30T01:05:41.427+0000] {dag.py:3211} INFO - Sync 1 DAGs
[2025-04-30T01:05:41.459+0000] {logging_mixin.py:190} INFO - [2025-04-30T01:05:41.459+0000] {dag.py:4138} INFO - Setting next_dagrun for example_bash_operator to 2025-04-29 00:00:00+00:00, run_after=2025-04-30 00:00:00+00:00
[2025-04-30T01:05:41.481+0000] {processor.py:208} INFO - Processing /home/airflow/.local/lib/python3.12/site-packages/airflow/example_dags/example_bash_operator.py took 0.127 seconds
[2025-04-30T01:06:12.282+0000] {processor.py:186} INFO - Started process (PID=3546) to work on /home/airflow/.local/lib/python3.12/site-packages/airflow/example_dags/example_bash_operator.py
[2025-04-30T01:06:12.283+0000] {processor.py:914} INFO - Processing file /home/airflow/.local/lib/python3.12/site-packages/airflow/example_dags/example_bash_operator.py for tasks to queue
[2025-04-30T01:06:12.284+0000] {logging_mixin.py:190} INFO - [2025-04-30T01:06:12.284+0000] {dagbag.py:587} INFO - Filling up the DagBag from /home/airflow/.local/lib/python3.12/site-packages/airflow/example_dags/example_bash_operator.py
[2025-04-30T01:06:12.299+0000] {processor.py:925} INFO - DAG(s) 'example_bash_operator' retrieved from /home/airflow/.local/lib/python3.12/site-packages/airflow/example_dags/example_bash_operator.py
[2025-04-30T01:06:12.330+0000] {logging_mixin.py:190} INFO - [2025-04-30T01:06:12.330+0000] {dag.py:3211} INFO - Sync 1 DAGs
[2025-04-30T01:06:12.364+0000] {logging_mixin.py:190} INFO - [2025-04-30T01:06:12.364+0000] {dag.py:4138} INFO - Setting next_dagrun for example_bash_operator to 2025-04-29 00:00:00+00:00, run_after=2025-04-30 00:00:00+00:00
[2025-04-30T01:06:12.392+0000] {processor.py:208} INFO - Processing /home/airflow/.local/lib/python3.12/site-packages/airflow/example_dags/example_bash_operator.py took 0.118 seconds
[2025-04-30T01:06:42.693+0000] {processor.py:186} INFO - Started process (PID=3609) to work on /home/airflow/.local/lib/python3.12/site-packages/airflow/example_dags/example_bash_operator.py
[2025-04-30T01:06:42.695+0000] {processor.py:914} INFO - Processing file /home/airflow/.local/lib/python3.12/site-packages/airflow/example_dags/example_bash_operator.py for tasks to queue
[2025-04-30T01:06:42.697+0000] {logging_mixin.py:190} INFO - [2025-04-30T01:06:42.696+0000] {dagbag.py:587} INFO - Filling up the DagBag from /home/airflow/.local/lib/python3.12/site-packages/airflow/example_dags/example_bash_operator.py
[2025-04-30T01:06:42.711+0000] {processor.py:925} INFO - DAG(s) 'example_bash_operator' retrieved from /home/airflow/.local/lib/python3.12/site-packages/airflow/example_dags/example_bash_operator.py
[2025-04-30T01:06:42.744+0000] {logging_mixin.py:190} INFO - [2025-04-30T01:06:42.744+0000] {dag.py:3211} INFO - Sync 1 DAGs
[2025-04-30T01:06:42.772+0000] {logging_mixin.py:190} INFO - [2025-04-30T01:06:42.771+0000] {dag.py:4138} INFO - Setting next_dagrun for example_bash_operator to 2025-04-29 00:00:00+00:00, run_after=2025-04-30 00:00:00+00:00
[2025-04-30T01:06:42.798+0000] {processor.py:208} INFO - Processing /home/airflow/.local/lib/python3.12/site-packages/airflow/example_dags/example_bash_operator.py took 0.110 seconds
[2025-04-30T01:07:13.763+0000] {processor.py:186} INFO - Started process (PID=3672) to work on /home/airflow/.local/lib/python3.12/site-packages/airflow/example_dags/example_bash_operator.py
[2025-04-30T01:07:13.764+0000] {processor.py:914} INFO - Processing file /home/airflow/.local/lib/python3.12/site-packages/airflow/example_dags/example_bash_operator.py for tasks to queue
[2025-04-30T01:07:13.766+0000] {logging_mixin.py:190} INFO - [2025-04-30T01:07:13.765+0000] {dagbag.py:587} INFO - Filling up the DagBag from /home/airflow/.local/lib/python3.12/site-packages/airflow/example_dags/example_bash_operator.py
[2025-04-30T01:07:13.781+0000] {processor.py:925} INFO - DAG(s) 'example_bash_operator' retrieved from /home/airflow/.local/lib/python3.12/site-packages/airflow/example_dags/example_bash_operator.py
[2025-04-30T01:07:13.811+0000] {logging_mixin.py:190} INFO - [2025-04-30T01:07:13.811+0000] {dag.py:3211} INFO - Sync 1 DAGs
[2025-04-30T01:07:13.836+0000] {logging_mixin.py:190} INFO - [2025-04-30T01:07:13.835+0000] {dag.py:4138} INFO - Setting next_dagrun for example_bash_operator to 2025-04-29 00:00:00+00:00, run_after=2025-04-30 00:00:00+00:00
[2025-04-30T01:07:13.855+0000] {processor.py:208} INFO - Processing /home/airflow/.local/lib/python3.12/site-packages/airflow/example_dags/example_bash_operator.py took 0.099 seconds
[2025-04-30T01:07:44.150+0000] {processor.py:186} INFO - Started process (PID=3735) to work on /home/airflow/.local/lib/python3.12/site-packages/airflow/example_dags/example_bash_operator.py
[2025-04-30T01:07:44.152+0000] {processor.py:914} INFO - Processing file /home/airflow/.local/lib/python3.12/site-packages/airflow/example_dags/example_bash_operator.py for tasks to queue
[2025-04-30T01:07:44.154+0000] {logging_mixin.py:190} INFO - [2025-04-30T01:07:44.154+0000] {dagbag.py:587} INFO - Filling up the DagBag from /home/airflow/.local/lib/python3.12/site-packages/airflow/example_dags/example_bash_operator.py
[2025-04-30T01:07:44.179+0000] {processor.py:925} INFO - DAG(s) 'example_bash_operator' retrieved from /home/airflow/.local/lib/python3.12/site-packages/airflow/example_dags/example_bash_operator.py
[2025-04-30T01:07:44.214+0000] {logging_mixin.py:190} INFO - [2025-04-30T01:07:44.214+0000] {dag.py:3211} INFO - Sync 1 DAGs
[2025-04-30T01:07:44.243+0000] {logging_mixin.py:190} INFO - [2025-04-30T01:07:44.243+0000] {dag.py:4138} INFO - Setting next_dagrun for example_bash_operator to 2025-04-29 00:00:00+00:00, run_after=2025-04-30 00:00:00+00:00
[2025-04-30T01:07:44.269+0000] {processor.py:208} INFO - Processing /home/airflow/.local/lib/python3.12/site-packages/airflow/example_dags/example_bash_operator.py took 0.127 seconds
[2025-04-30T01:08:14.872+0000] {processor.py:186} INFO - Started process (PID=3798) to work on /home/airflow/.local/lib/python3.12/site-packages/airflow/example_dags/example_bash_operator.py
[2025-04-30T01:08:14.874+0000] {processor.py:914} INFO - Processing file /home/airflow/.local/lib/python3.12/site-packages/airflow/example_dags/example_bash_operator.py for tasks to queue
[2025-04-30T01:08:14.876+0000] {logging_mixin.py:190} INFO - [2025-04-30T01:08:14.875+0000] {dagbag.py:587} INFO - Filling up the DagBag from /home/airflow/.local/lib/python3.12/site-packages/airflow/example_dags/example_bash_operator.py
[2025-04-30T01:08:14.892+0000] {processor.py:925} INFO - DAG(s) 'example_bash_operator' retrieved from /home/airflow/.local/lib/python3.12/site-packages/airflow/example_dags/example_bash_operator.py
[2025-04-30T01:08:14.932+0000] {logging_mixin.py:190} INFO - [2025-04-30T01:08:14.932+0000] {dag.py:3211} INFO - Sync 1 DAGs
[2025-04-30T01:08:14.968+0000] {logging_mixin.py:190} INFO - [2025-04-30T01:08:14.968+0000] {dag.py:4138} INFO - Setting next_dagrun for example_bash_operator to 2025-04-29 00:00:00+00:00, run_after=2025-04-30 00:00:00+00:00
[2025-04-30T01:08:14.992+0000] {processor.py:208} INFO - Processing /home/airflow/.local/lib/python3.12/site-packages/airflow/example_dags/example_bash_operator.py took 0.127 seconds
[2025-04-30T01:08:45.789+0000] {processor.py:186} INFO - Started process (PID=3860) to work on /home/airflow/.local/lib/python3.12/site-packages/airflow/example_dags/example_bash_operator.py
[2025-04-30T01:08:45.790+0000] {processor.py:914} INFO - Processing file /home/airflow/.local/lib/python3.12/site-packages/airflow/example_dags/example_bash_operator.py for tasks to queue
[2025-04-30T01:08:45.792+0000] {logging_mixin.py:190} INFO - [2025-04-30T01:08:45.791+0000] {dagbag.py:587} INFO - Filling up the DagBag from /home/airflow/.local/lib/python3.12/site-packages/airflow/example_dags/example_bash_operator.py
[2025-04-30T01:08:45.807+0000] {processor.py:925} INFO - DAG(s) 'example_bash_operator' retrieved from /home/airflow/.local/lib/python3.12/site-packages/airflow/example_dags/example_bash_operator.py
[2025-04-30T01:08:45.837+0000] {logging_mixin.py:190} INFO - [2025-04-30T01:08:45.837+0000] {dag.py:3211} INFO - Sync 1 DAGs
[2025-04-30T01:08:45.865+0000] {logging_mixin.py:190} INFO - [2025-04-30T01:08:45.865+0000] {dag.py:4138} INFO - Setting next_dagrun for example_bash_operator to 2025-04-29 00:00:00+00:00, run_after=2025-04-30 00:00:00+00:00
[2025-04-30T01:08:45.886+0000] {processor.py:208} INFO - Processing /home/airflow/.local/lib/python3.12/site-packages/airflow/example_dags/example_bash_operator.py took 0.105 seconds
[2025-04-30T01:09:17.089+0000] {processor.py:186} INFO - Started process (PID=3922) to work on /home/airflow/.local/lib/python3.12/site-packages/airflow/example_dags/example_bash_operator.py
[2025-04-30T01:09:17.090+0000] {processor.py:914} INFO - Processing file /home/airflow/.local/lib/python3.12/site-packages/airflow/example_dags/example_bash_operator.py for tasks to queue
[2025-04-30T01:09:17.092+0000] {logging_mixin.py:190} INFO - [2025-04-30T01:09:17.092+0000] {dagbag.py:587} INFO - Filling up the DagBag from /home/airflow/.local/lib/python3.12/site-packages/airflow/example_dags/example_bash_operator.py
[2025-04-30T01:09:17.109+0000] {processor.py:925} INFO - DAG(s) 'example_bash_operator' retrieved from /home/airflow/.local/lib/python3.12/site-packages/airflow/example_dags/example_bash_operator.py
[2025-04-30T01:09:17.146+0000] {logging_mixin.py:190} INFO - [2025-04-30T01:09:17.145+0000] {dag.py:3211} INFO - Sync 1 DAGs
[2025-04-30T01:09:17.178+0000] {logging_mixin.py:190} INFO - [2025-04-30T01:09:17.177+0000] {dag.py:4138} INFO - Setting next_dagrun for example_bash_operator to 2025-04-29 00:00:00+00:00, run_after=2025-04-30 00:00:00+00:00
[2025-04-30T01:09:17.203+0000] {processor.py:208} INFO - Processing /home/airflow/.local/lib/python3.12/site-packages/airflow/example_dags/example_bash_operator.py took 0.123 seconds
[2025-04-30T01:09:47.488+0000] {processor.py:186} INFO - Started process (PID=3984) to work on /home/airflow/.local/lib/python3.12/site-packages/airflow/example_dags/example_bash_operator.py
[2025-04-30T01:09:47.489+0000] {processor.py:914} INFO - Processing file /home/airflow/.local/lib/python3.12/site-packages/airflow/example_dags/example_bash_operator.py for tasks to queue
[2025-04-30T01:09:47.491+0000] {logging_mixin.py:190} INFO - [2025-04-30T01:09:47.490+0000] {dagbag.py:587} INFO - Filling up the DagBag from /home/airflow/.local/lib/python3.12/site-packages/airflow/example_dags/example_bash_operator.py
[2025-04-30T01:09:47.506+0000] {processor.py:925} INFO - DAG(s) 'example_bash_operator' retrieved from /home/airflow/.local/lib/python3.12/site-packages/airflow/example_dags/example_bash_operator.py
[2025-04-30T01:09:47.536+0000] {logging_mixin.py:190} INFO - [2025-04-30T01:09:47.536+0000] {dag.py:3211} INFO - Sync 1 DAGs
[2025-04-30T01:09:47.562+0000] {logging_mixin.py:190} INFO - [2025-04-30T01:09:47.562+0000] {dag.py:4138} INFO - Setting next_dagrun for example_bash_operator to 2025-04-29 00:00:00+00:00, run_after=2025-04-30 00:00:00+00:00
[2025-04-30T01:09:47.584+0000] {processor.py:208} INFO - Processing /home/airflow/.local/lib/python3.12/site-packages/airflow/example_dags/example_bash_operator.py took 0.104 seconds
[2025-04-30T01:10:18.241+0000] {processor.py:186} INFO - Started process (PID=4052) to work on /home/airflow/.local/lib/python3.12/site-packages/airflow/example_dags/example_bash_operator.py
[2025-04-30T01:10:18.243+0000] {processor.py:914} INFO - Processing file /home/airflow/.local/lib/python3.12/site-packages/airflow/example_dags/example_bash_operator.py for tasks to queue
[2025-04-30T01:10:18.246+0000] {logging_mixin.py:190} INFO - [2025-04-30T01:10:18.245+0000] {dagbag.py:587} INFO - Filling up the DagBag from /home/airflow/.local/lib/python3.12/site-packages/airflow/example_dags/example_bash_operator.py
[2025-04-30T01:10:18.273+0000] {processor.py:925} INFO - DAG(s) 'example_bash_operator' retrieved from /home/airflow/.local/lib/python3.12/site-packages/airflow/example_dags/example_bash_operator.py
[2025-04-30T01:10:18.312+0000] {logging_mixin.py:190} INFO - [2025-04-30T01:10:18.311+0000] {dag.py:3211} INFO - Sync 1 DAGs
[2025-04-30T01:10:18.340+0000] {logging_mixin.py:190} INFO - [2025-04-30T01:10:18.339+0000] {dag.py:4138} INFO - Setting next_dagrun for example_bash_operator to 2025-04-29 00:00:00+00:00, run_after=2025-04-30 00:00:00+00:00
[2025-04-30T01:10:18.360+0000] {processor.py:208} INFO - Processing /home/airflow/.local/lib/python3.12/site-packages/airflow/example_dags/example_bash_operator.py took 0.126 seconds
[2025-04-30T01:10:49.119+0000] {processor.py:186} INFO - Started process (PID=4114) to work on /home/airflow/.local/lib/python3.12/site-packages/airflow/example_dags/example_bash_operator.py
[2025-04-30T01:10:49.120+0000] {processor.py:914} INFO - Processing file /home/airflow/.local/lib/python3.12/site-packages/airflow/example_dags/example_bash_operator.py for tasks to queue
[2025-04-30T01:10:49.122+0000] {logging_mixin.py:190} INFO - [2025-04-30T01:10:49.122+0000] {dagbag.py:587} INFO - Filling up the DagBag from /home/airflow/.local/lib/python3.12/site-packages/airflow/example_dags/example_bash_operator.py
[2025-04-30T01:10:49.137+0000] {processor.py:925} INFO - DAG(s) 'example_bash_operator' retrieved from /home/airflow/.local/lib/python3.12/site-packages/airflow/example_dags/example_bash_operator.py
[2025-04-30T01:10:49.170+0000] {logging_mixin.py:190} INFO - [2025-04-30T01:10:49.169+0000] {dag.py:3211} INFO - Sync 1 DAGs
[2025-04-30T01:10:49.197+0000] {logging_mixin.py:190} INFO - [2025-04-30T01:10:49.197+0000] {dag.py:4138} INFO - Setting next_dagrun for example_bash_operator to 2025-04-29 00:00:00+00:00, run_after=2025-04-30 00:00:00+00:00
[2025-04-30T01:10:49.220+0000] {processor.py:208} INFO - Processing /home/airflow/.local/lib/python3.12/site-packages/airflow/example_dags/example_bash_operator.py took 0.108 seconds
[2025-04-30T01:11:20.027+0000] {processor.py:186} INFO - Started process (PID=4176) to work on /home/airflow/.local/lib/python3.12/site-packages/airflow/example_dags/example_bash_operator.py
[2025-04-30T01:11:20.028+0000] {processor.py:914} INFO - Processing file /home/airflow/.local/lib/python3.12/site-packages/airflow/example_dags/example_bash_operator.py for tasks to queue
[2025-04-30T01:11:20.031+0000] {logging_mixin.py:190} INFO - [2025-04-30T01:11:20.030+0000] {dagbag.py:587} INFO - Filling up the DagBag from /home/airflow/.local/lib/python3.12/site-packages/airflow/example_dags/example_bash_operator.py
[2025-04-30T01:11:20.046+0000] {processor.py:925} INFO - DAG(s) 'example_bash_operator' retrieved from /home/airflow/.local/lib/python3.12/site-packages/airflow/example_dags/example_bash_operator.py
[2025-04-30T01:11:20.076+0000] {logging_mixin.py:190} INFO - [2025-04-30T01:11:20.076+0000] {dag.py:3211} INFO - Sync 1 DAGs
[2025-04-30T01:11:20.103+0000] {logging_mixin.py:190} INFO - [2025-04-30T01:11:20.103+0000] {dag.py:4138} INFO - Setting next_dagrun for example_bash_operator to 2025-04-29 00:00:00+00:00, run_after=2025-04-30 00:00:00+00:00
[2025-04-30T01:11:20.124+0000] {processor.py:208} INFO - Processing /home/airflow/.local/lib/python3.12/site-packages/airflow/example_dags/example_bash_operator.py took 0.104 seconds
[2025-04-30T01:11:50.769+0000] {processor.py:186} INFO - Started process (PID=4238) to work on /home/airflow/.local/lib/python3.12/site-packages/airflow/example_dags/example_bash_operator.py
[2025-04-30T01:11:50.772+0000] {processor.py:914} INFO - Processing file /home/airflow/.local/lib/python3.12/site-packages/airflow/example_dags/example_bash_operator.py for tasks to queue
[2025-04-30T01:11:50.775+0000] {logging_mixin.py:190} INFO - [2025-04-30T01:11:50.773+0000] {dagbag.py:587} INFO - Filling up the DagBag from /home/airflow/.local/lib/python3.12/site-packages/airflow/example_dags/example_bash_operator.py
[2025-04-30T01:11:50.801+0000] {processor.py:925} INFO - DAG(s) 'example_bash_operator' retrieved from /home/airflow/.local/lib/python3.12/site-packages/airflow/example_dags/example_bash_operator.py
[2025-04-30T01:11:50.850+0000] {logging_mixin.py:190} INFO - [2025-04-30T01:11:50.850+0000] {dag.py:3211} INFO - Sync 1 DAGs
[2025-04-30T01:11:50.892+0000] {logging_mixin.py:190} INFO - [2025-04-30T01:11:50.892+0000] {dag.py:4138} INFO - Setting next_dagrun for example_bash_operator to 2025-04-29 00:00:00+00:00, run_after=2025-04-30 00:00:00+00:00
[2025-04-30T01:11:50.923+0000] {processor.py:208} INFO - Processing /home/airflow/.local/lib/python3.12/site-packages/airflow/example_dags/example_bash_operator.py took 0.166 seconds
[2025-04-30T01:12:21.656+0000] {processor.py:186} INFO - Started process (PID=4300) to work on /home/airflow/.local/lib/python3.12/site-packages/airflow/example_dags/example_bash_operator.py
[2025-04-30T01:12:21.657+0000] {processor.py:914} INFO - Processing file /home/airflow/.local/lib/python3.12/site-packages/airflow/example_dags/example_bash_operator.py for tasks to queue
[2025-04-30T01:12:21.659+0000] {logging_mixin.py:190} INFO - [2025-04-30T01:12:21.658+0000] {dagbag.py:587} INFO - Filling up the DagBag from /home/airflow/.local/lib/python3.12/site-packages/airflow/example_dags/example_bash_operator.py
