[2025-04-30T00:30:53.146+0000] {processor.py:186} INFO - Started process (PID=106) to work on /home/airflow/.local/lib/python3.12/site-packages/airflow/example_dags/example_sensors.py
[2025-04-30T00:30:53.149+0000] {processor.py:914} INFO - Processing file /home/airflow/.local/lib/python3.12/site-packages/airflow/example_dags/example_sensors.py for tasks to queue
[2025-04-30T00:30:53.154+0000] {logging_mixin.py:190} INFO - [2025-04-30T00:30:53.154+0000] {dagbag.py:587} INFO - Filling up the DagBag from /home/airflow/.local/lib/python3.12/site-packages/airflow/example_dags/example_sensors.py
[2025-04-30T00:30:53.188+0000] {processor.py:925} INFO - DAG(s) 'example_sensors' retrieved from /home/airflow/.local/lib/python3.12/site-packages/airflow/example_dags/example_sensors.py
[2025-04-30T00:30:53.415+0000] {logging_mixin.py:190} INFO - [2025-04-30T00:30:53.414+0000] {override.py:1858} INFO - Created Permission View: can edit on DAG:example_sensors
[2025-04-30T00:30:53.437+0000] {logging_mixin.py:190} INFO - [2025-04-30T00:30:53.436+0000] {override.py:1858} INFO - Created Permission View: can read on DAG:example_sensors
[2025-04-30T00:30:53.452+0000] {logging_mixin.py:190} INFO - [2025-04-30T00:30:53.451+0000] {override.py:1858} INFO - Created Permission View: can delete on DAG:example_sensors
[2025-04-30T00:30:53.453+0000] {logging_mixin.py:190} INFO - [2025-04-30T00:30:53.453+0000] {dag.py:3211} INFO - Sync 1 DAGs
[2025-04-30T00:30:53.484+0000] {logging_mixin.py:190} INFO - [2025-04-30T00:30:53.484+0000] {dag.py:3234} INFO - Creating ORM DAG for example_sensors
[2025-04-30T00:30:53.486+0000] {logging_mixin.py:190} INFO - [2025-04-30T00:30:53.485+0000] {dag.py:4138} INFO - Setting next_dagrun for example_sensors to None, run_after=None
[2025-04-30T00:30:53.522+0000] {processor.py:208} INFO - Processing /home/airflow/.local/lib/python3.12/site-packages/airflow/example_dags/example_sensors.py took 0.387 seconds
[2025-04-30T00:31:24.514+0000] {processor.py:186} INFO - Started process (PID=174) to work on /home/airflow/.local/lib/python3.12/site-packages/airflow/example_dags/example_sensors.py
[2025-04-30T00:31:24.516+0000] {processor.py:914} INFO - Processing file /home/airflow/.local/lib/python3.12/site-packages/airflow/example_dags/example_sensors.py for tasks to queue
[2025-04-30T00:31:24.521+0000] {logging_mixin.py:190} INFO - [2025-04-30T00:31:24.521+0000] {dagbag.py:587} INFO - Filling up the DagBag from /home/airflow/.local/lib/python3.12/site-packages/airflow/example_dags/example_sensors.py
[2025-04-30T00:31:24.542+0000] {processor.py:925} INFO - DAG(s) 'example_sensors' retrieved from /home/airflow/.local/lib/python3.12/site-packages/airflow/example_dags/example_sensors.py
[2025-04-30T00:31:24.594+0000] {logging_mixin.py:190} INFO - [2025-04-30T00:31:24.593+0000] {dag.py:3211} INFO - Sync 1 DAGs
[2025-04-30T00:31:24.620+0000] {logging_mixin.py:190} INFO - [2025-04-30T00:31:24.619+0000] {dag.py:4138} INFO - Setting next_dagrun for example_sensors to None, run_after=None
[2025-04-30T00:31:24.656+0000] {processor.py:208} INFO - Processing /home/airflow/.local/lib/python3.12/site-packages/airflow/example_dags/example_sensors.py took 0.153 seconds
[2025-04-30T00:31:55.298+0000] {processor.py:186} INFO - Started process (PID=237) to work on /home/airflow/.local/lib/python3.12/site-packages/airflow/example_dags/example_sensors.py
[2025-04-30T00:31:55.300+0000] {processor.py:914} INFO - Processing file /home/airflow/.local/lib/python3.12/site-packages/airflow/example_dags/example_sensors.py for tasks to queue
[2025-04-30T00:31:55.306+0000] {logging_mixin.py:190} INFO - [2025-04-30T00:31:55.305+0000] {dagbag.py:587} INFO - Filling up the DagBag from /home/airflow/.local/lib/python3.12/site-packages/airflow/example_dags/example_sensors.py
[2025-04-30T00:31:55.332+0000] {processor.py:925} INFO - DAG(s) 'example_sensors' retrieved from /home/airflow/.local/lib/python3.12/site-packages/airflow/example_dags/example_sensors.py
[2025-04-30T00:31:55.398+0000] {logging_mixin.py:190} INFO - [2025-04-30T00:31:55.397+0000] {dag.py:3211} INFO - Sync 1 DAGs
[2025-04-30T00:31:55.435+0000] {logging_mixin.py:190} INFO - [2025-04-30T00:31:55.434+0000] {dag.py:4138} INFO - Setting next_dagrun for example_sensors to None, run_after=None
[2025-04-30T00:31:55.478+0000] {processor.py:208} INFO - Processing /home/airflow/.local/lib/python3.12/site-packages/airflow/example_dags/example_sensors.py took 0.193 seconds
[2025-04-30T00:32:25.902+0000] {processor.py:186} INFO - Started process (PID=300) to work on /home/airflow/.local/lib/python3.12/site-packages/airflow/example_dags/example_sensors.py
[2025-04-30T00:32:25.905+0000] {processor.py:914} INFO - Processing file /home/airflow/.local/lib/python3.12/site-packages/airflow/example_dags/example_sensors.py for tasks to queue
[2025-04-30T00:32:25.910+0000] {logging_mixin.py:190} INFO - [2025-04-30T00:32:25.909+0000] {dagbag.py:587} INFO - Filling up the DagBag from /home/airflow/.local/lib/python3.12/site-packages/airflow/example_dags/example_sensors.py
[2025-04-30T00:32:25.935+0000] {processor.py:925} INFO - DAG(s) 'example_sensors' retrieved from /home/airflow/.local/lib/python3.12/site-packages/airflow/example_dags/example_sensors.py
[2025-04-30T00:32:25.990+0000] {logging_mixin.py:190} INFO - [2025-04-30T00:32:25.990+0000] {dag.py:3211} INFO - Sync 1 DAGs
[2025-04-30T00:32:26.019+0000] {logging_mixin.py:190} INFO - [2025-04-30T00:32:26.019+0000] {dag.py:4138} INFO - Setting next_dagrun for example_sensors to None, run_after=None
[2025-04-30T00:32:26.077+0000] {processor.py:208} INFO - Processing /home/airflow/.local/lib/python3.12/site-packages/airflow/example_dags/example_sensors.py took 0.187 seconds
[2025-04-30T00:32:56.536+0000] {processor.py:186} INFO - Started process (PID=363) to work on /home/airflow/.local/lib/python3.12/site-packages/airflow/example_dags/example_sensors.py
[2025-04-30T00:32:56.538+0000] {processor.py:914} INFO - Processing file /home/airflow/.local/lib/python3.12/site-packages/airflow/example_dags/example_sensors.py for tasks to queue
[2025-04-30T00:32:56.542+0000] {logging_mixin.py:190} INFO - [2025-04-30T00:32:56.542+0000] {dagbag.py:587} INFO - Filling up the DagBag from /home/airflow/.local/lib/python3.12/site-packages/airflow/example_dags/example_sensors.py
[2025-04-30T00:32:56.562+0000] {processor.py:925} INFO - DAG(s) 'example_sensors' retrieved from /home/airflow/.local/lib/python3.12/site-packages/airflow/example_dags/example_sensors.py
[2025-04-30T00:32:56.614+0000] {logging_mixin.py:190} INFO - [2025-04-30T00:32:56.614+0000] {dag.py:3211} INFO - Sync 1 DAGs
[2025-04-30T00:32:56.641+0000] {logging_mixin.py:190} INFO - [2025-04-30T00:32:56.641+0000] {dag.py:4138} INFO - Setting next_dagrun for example_sensors to None, run_after=None
[2025-04-30T00:32:56.681+0000] {processor.py:208} INFO - Processing /home/airflow/.local/lib/python3.12/site-packages/airflow/example_dags/example_sensors.py took 0.156 seconds
[2025-04-30T00:33:26.809+0000] {processor.py:186} INFO - Started process (PID=426) to work on /home/airflow/.local/lib/python3.12/site-packages/airflow/example_dags/example_sensors.py
[2025-04-30T00:33:26.811+0000] {processor.py:914} INFO - Processing file /home/airflow/.local/lib/python3.12/site-packages/airflow/example_dags/example_sensors.py for tasks to queue
[2025-04-30T00:33:26.817+0000] {logging_mixin.py:190} INFO - [2025-04-30T00:33:26.816+0000] {dagbag.py:587} INFO - Filling up the DagBag from /home/airflow/.local/lib/python3.12/site-packages/airflow/example_dags/example_sensors.py
[2025-04-30T00:33:26.838+0000] {processor.py:925} INFO - DAG(s) 'example_sensors' retrieved from /home/airflow/.local/lib/python3.12/site-packages/airflow/example_dags/example_sensors.py
[2025-04-30T00:33:26.896+0000] {logging_mixin.py:190} INFO - [2025-04-30T00:33:26.895+0000] {dag.py:3211} INFO - Sync 1 DAGs
[2025-04-30T00:33:26.937+0000] {logging_mixin.py:190} INFO - [2025-04-30T00:33:26.936+0000] {dag.py:4138} INFO - Setting next_dagrun for example_sensors to None, run_after=None
[2025-04-30T00:33:26.990+0000] {processor.py:208} INFO - Processing /home/airflow/.local/lib/python3.12/site-packages/airflow/example_dags/example_sensors.py took 0.194 seconds
[2025-04-30T00:33:57.376+0000] {processor.py:186} INFO - Started process (PID=490) to work on /home/airflow/.local/lib/python3.12/site-packages/airflow/example_dags/example_sensors.py
[2025-04-30T00:33:57.379+0000] {processor.py:914} INFO - Processing file /home/airflow/.local/lib/python3.12/site-packages/airflow/example_dags/example_sensors.py for tasks to queue
[2025-04-30T00:33:57.384+0000] {logging_mixin.py:190} INFO - [2025-04-30T00:33:57.383+0000] {dagbag.py:587} INFO - Filling up the DagBag from /home/airflow/.local/lib/python3.12/site-packages/airflow/example_dags/example_sensors.py
[2025-04-30T00:33:57.412+0000] {processor.py:925} INFO - DAG(s) 'example_sensors' retrieved from /home/airflow/.local/lib/python3.12/site-packages/airflow/example_dags/example_sensors.py
[2025-04-30T00:33:57.478+0000] {logging_mixin.py:190} INFO - [2025-04-30T00:33:57.477+0000] {dag.py:3211} INFO - Sync 1 DAGs
[2025-04-30T00:33:57.510+0000] {logging_mixin.py:190} INFO - [2025-04-30T00:33:57.510+0000] {dag.py:4138} INFO - Setting next_dagrun for example_sensors to None, run_after=None
[2025-04-30T00:33:57.563+0000] {processor.py:208} INFO - Processing /home/airflow/.local/lib/python3.12/site-packages/airflow/example_dags/example_sensors.py took 0.204 seconds
[2025-04-30T00:34:28.600+0000] {processor.py:186} INFO - Started process (PID=553) to work on /home/airflow/.local/lib/python3.12/site-packages/airflow/example_dags/example_sensors.py
[2025-04-30T00:34:28.602+0000] {processor.py:914} INFO - Processing file /home/airflow/.local/lib/python3.12/site-packages/airflow/example_dags/example_sensors.py for tasks to queue
[2025-04-30T00:34:28.606+0000] {logging_mixin.py:190} INFO - [2025-04-30T00:34:28.606+0000] {dagbag.py:587} INFO - Filling up the DagBag from /home/airflow/.local/lib/python3.12/site-packages/airflow/example_dags/example_sensors.py
[2025-04-30T00:34:28.630+0000] {processor.py:925} INFO - DAG(s) 'example_sensors' retrieved from /home/airflow/.local/lib/python3.12/site-packages/airflow/example_dags/example_sensors.py
[2025-04-30T00:34:28.689+0000] {logging_mixin.py:190} INFO - [2025-04-30T00:34:28.688+0000] {dag.py:3211} INFO - Sync 1 DAGs
[2025-04-30T00:34:28.728+0000] {logging_mixin.py:190} INFO - [2025-04-30T00:34:28.727+0000] {dag.py:4138} INFO - Setting next_dagrun for example_sensors to None, run_after=None
[2025-04-30T00:34:28.777+0000] {processor.py:208} INFO - Processing /home/airflow/.local/lib/python3.12/site-packages/airflow/example_dags/example_sensors.py took 0.190 seconds
[2025-04-30T00:34:59.293+0000] {processor.py:186} INFO - Started process (PID=616) to work on /home/airflow/.local/lib/python3.12/site-packages/airflow/example_dags/example_sensors.py
[2025-04-30T00:34:59.295+0000] {processor.py:914} INFO - Processing file /home/airflow/.local/lib/python3.12/site-packages/airflow/example_dags/example_sensors.py for tasks to queue
[2025-04-30T00:34:59.301+0000] {logging_mixin.py:190} INFO - [2025-04-30T00:34:59.300+0000] {dagbag.py:587} INFO - Filling up the DagBag from /home/airflow/.local/lib/python3.12/site-packages/airflow/example_dags/example_sensors.py
[2025-04-30T00:34:59.326+0000] {processor.py:925} INFO - DAG(s) 'example_sensors' retrieved from /home/airflow/.local/lib/python3.12/site-packages/airflow/example_dags/example_sensors.py
[2025-04-30T00:34:59.388+0000] {logging_mixin.py:190} INFO - [2025-04-30T00:34:59.387+0000] {dag.py:3211} INFO - Sync 1 DAGs
[2025-04-30T00:34:59.423+0000] {logging_mixin.py:190} INFO - [2025-04-30T00:34:59.422+0000] {dag.py:4138} INFO - Setting next_dagrun for example_sensors to None, run_after=None
[2025-04-30T00:34:59.469+0000] {processor.py:208} INFO - Processing /home/airflow/.local/lib/python3.12/site-packages/airflow/example_dags/example_sensors.py took 0.190 seconds
[2025-04-30T00:35:29.723+0000] {processor.py:186} INFO - Started process (PID=679) to work on /home/airflow/.local/lib/python3.12/site-packages/airflow/example_dags/example_sensors.py
[2025-04-30T00:35:29.725+0000] {processor.py:914} INFO - Processing file /home/airflow/.local/lib/python3.12/site-packages/airflow/example_dags/example_sensors.py for tasks to queue
[2025-04-30T00:35:29.730+0000] {logging_mixin.py:190} INFO - [2025-04-30T00:35:29.729+0000] {dagbag.py:587} INFO - Filling up the DagBag from /home/airflow/.local/lib/python3.12/site-packages/airflow/example_dags/example_sensors.py
[2025-04-30T00:35:29.752+0000] {processor.py:925} INFO - DAG(s) 'example_sensors' retrieved from /home/airflow/.local/lib/python3.12/site-packages/airflow/example_dags/example_sensors.py
[2025-04-30T00:35:29.805+0000] {logging_mixin.py:190} INFO - [2025-04-30T00:35:29.804+0000] {dag.py:3211} INFO - Sync 1 DAGs
[2025-04-30T00:35:29.834+0000] {logging_mixin.py:190} INFO - [2025-04-30T00:35:29.834+0000] {dag.py:4138} INFO - Setting next_dagrun for example_sensors to None, run_after=None
[2025-04-30T00:35:29.874+0000] {processor.py:208} INFO - Processing /home/airflow/.local/lib/python3.12/site-packages/airflow/example_dags/example_sensors.py took 0.163 seconds
[2025-04-30T00:36:00.994+0000] {processor.py:186} INFO - Started process (PID=742) to work on /home/airflow/.local/lib/python3.12/site-packages/airflow/example_dags/example_sensors.py
[2025-04-30T00:36:00.997+0000] {processor.py:914} INFO - Processing file /home/airflow/.local/lib/python3.12/site-packages/airflow/example_dags/example_sensors.py for tasks to queue
[2025-04-30T00:36:01.003+0000] {logging_mixin.py:190} INFO - [2025-04-30T00:36:01.002+0000] {dagbag.py:587} INFO - Filling up the DagBag from /home/airflow/.local/lib/python3.12/site-packages/airflow/example_dags/example_sensors.py
[2025-04-30T00:36:01.030+0000] {processor.py:925} INFO - DAG(s) 'example_sensors' retrieved from /home/airflow/.local/lib/python3.12/site-packages/airflow/example_dags/example_sensors.py
[2025-04-30T00:36:01.091+0000] {logging_mixin.py:190} INFO - [2025-04-30T00:36:01.091+0000] {dag.py:3211} INFO - Sync 1 DAGs
[2025-04-30T00:36:01.130+0000] {logging_mixin.py:190} INFO - [2025-04-30T00:36:01.129+0000] {dag.py:4138} INFO - Setting next_dagrun for example_sensors to None, run_after=None
[2025-04-30T00:36:01.194+0000] {processor.py:208} INFO - Processing /home/airflow/.local/lib/python3.12/site-packages/airflow/example_dags/example_sensors.py took 0.213 seconds
[2025-04-30T00:36:31.574+0000] {processor.py:186} INFO - Started process (PID=805) to work on /home/airflow/.local/lib/python3.12/site-packages/airflow/example_dags/example_sensors.py
[2025-04-30T00:36:31.576+0000] {processor.py:914} INFO - Processing file /home/airflow/.local/lib/python3.12/site-packages/airflow/example_dags/example_sensors.py for tasks to queue
[2025-04-30T00:36:31.582+0000] {logging_mixin.py:190} INFO - [2025-04-30T00:36:31.581+0000] {dagbag.py:587} INFO - Filling up the DagBag from /home/airflow/.local/lib/python3.12/site-packages/airflow/example_dags/example_sensors.py
[2025-04-30T00:36:31.604+0000] {processor.py:925} INFO - DAG(s) 'example_sensors' retrieved from /home/airflow/.local/lib/python3.12/site-packages/airflow/example_dags/example_sensors.py
[2025-04-30T00:36:31.656+0000] {logging_mixin.py:190} INFO - [2025-04-30T00:36:31.655+0000] {dag.py:3211} INFO - Sync 1 DAGs
[2025-04-30T00:36:31.682+0000] {logging_mixin.py:190} INFO - [2025-04-30T00:36:31.682+0000] {dag.py:4138} INFO - Setting next_dagrun for example_sensors to None, run_after=None
[2025-04-30T00:36:31.722+0000] {processor.py:208} INFO - Processing /home/airflow/.local/lib/python3.12/site-packages/airflow/example_dags/example_sensors.py took 0.163 seconds
[2025-04-30T00:37:01.933+0000] {processor.py:186} INFO - Started process (PID=868) to work on /home/airflow/.local/lib/python3.12/site-packages/airflow/example_dags/example_sensors.py
[2025-04-30T00:37:01.936+0000] {processor.py:914} INFO - Processing file /home/airflow/.local/lib/python3.12/site-packages/airflow/example_dags/example_sensors.py for tasks to queue
[2025-04-30T00:37:01.944+0000] {logging_mixin.py:190} INFO - [2025-04-30T00:37:01.943+0000] {dagbag.py:587} INFO - Filling up the DagBag from /home/airflow/.local/lib/python3.12/site-packages/airflow/example_dags/example_sensors.py
[2025-04-30T00:37:01.977+0000] {processor.py:925} INFO - DAG(s) 'example_sensors' retrieved from /home/airflow/.local/lib/python3.12/site-packages/airflow/example_dags/example_sensors.py
[2025-04-30T00:37:02.046+0000] {logging_mixin.py:190} INFO - [2025-04-30T00:37:02.045+0000] {dag.py:3211} INFO - Sync 1 DAGs
[2025-04-30T00:37:02.076+0000] {logging_mixin.py:190} INFO - [2025-04-30T00:37:02.075+0000] {dag.py:4138} INFO - Setting next_dagrun for example_sensors to None, run_after=None
[2025-04-30T00:37:02.127+0000] {processor.py:208} INFO - Processing /home/airflow/.local/lib/python3.12/site-packages/airflow/example_dags/example_sensors.py took 0.214 seconds
[2025-04-30T00:37:33.483+0000] {processor.py:186} INFO - Started process (PID=931) to work on /home/airflow/.local/lib/python3.12/site-packages/airflow/example_dags/example_sensors.py
[2025-04-30T00:37:33.486+0000] {processor.py:914} INFO - Processing file /home/airflow/.local/lib/python3.12/site-packages/airflow/example_dags/example_sensors.py for tasks to queue
[2025-04-30T00:37:33.493+0000] {logging_mixin.py:190} INFO - [2025-04-30T00:37:33.492+0000] {dagbag.py:587} INFO - Filling up the DagBag from /home/airflow/.local/lib/python3.12/site-packages/airflow/example_dags/example_sensors.py
[2025-04-30T00:37:33.522+0000] {processor.py:925} INFO - DAG(s) 'example_sensors' retrieved from /home/airflow/.local/lib/python3.12/site-packages/airflow/example_dags/example_sensors.py
[2025-04-30T00:37:33.595+0000] {logging_mixin.py:190} INFO - [2025-04-30T00:37:33.595+0000] {dag.py:3211} INFO - Sync 1 DAGs
[2025-04-30T00:37:33.628+0000] {logging_mixin.py:190} INFO - [2025-04-30T00:37:33.628+0000] {dag.py:4138} INFO - Setting next_dagrun for example_sensors to None, run_after=None
[2025-04-30T00:37:33.668+0000] {processor.py:208} INFO - Processing /home/airflow/.local/lib/python3.12/site-packages/airflow/example_dags/example_sensors.py took 0.202 seconds
[2025-04-30T00:38:04.152+0000] {processor.py:186} INFO - Started process (PID=994) to work on /home/airflow/.local/lib/python3.12/site-packages/airflow/example_dags/example_sensors.py
[2025-04-30T00:38:04.154+0000] {processor.py:914} INFO - Processing file /home/airflow/.local/lib/python3.12/site-packages/airflow/example_dags/example_sensors.py for tasks to queue
[2025-04-30T00:38:04.159+0000] {logging_mixin.py:190} INFO - [2025-04-30T00:38:04.159+0000] {dagbag.py:587} INFO - Filling up the DagBag from /home/airflow/.local/lib/python3.12/site-packages/airflow/example_dags/example_sensors.py
[2025-04-30T00:38:04.187+0000] {processor.py:925} INFO - DAG(s) 'example_sensors' retrieved from /home/airflow/.local/lib/python3.12/site-packages/airflow/example_dags/example_sensors.py
[2025-04-30T00:38:04.248+0000] {logging_mixin.py:190} INFO - [2025-04-30T00:38:04.247+0000] {dag.py:3211} INFO - Sync 1 DAGs
[2025-04-30T00:38:03.755+0000] {logging_mixin.py:190} INFO - [2025-04-30T00:38:03.754+0000] {dag.py:4138} INFO - Setting next_dagrun for example_sensors to None, run_after=None
[2025-04-30T00:38:03.810+0000] {processor.py:208} INFO - Processing /home/airflow/.local/lib/python3.12/site-packages/airflow/example_dags/example_sensors.py took 0.200 seconds
[2025-04-30T00:38:34.626+0000] {processor.py:186} INFO - Started process (PID=1056) to work on /home/airflow/.local/lib/python3.12/site-packages/airflow/example_dags/example_sensors.py
[2025-04-30T00:38:34.628+0000] {processor.py:914} INFO - Processing file /home/airflow/.local/lib/python3.12/site-packages/airflow/example_dags/example_sensors.py for tasks to queue
[2025-04-30T00:38:34.634+0000] {logging_mixin.py:190} INFO - [2025-04-30T00:38:34.633+0000] {dagbag.py:587} INFO - Filling up the DagBag from /home/airflow/.local/lib/python3.12/site-packages/airflow/example_dags/example_sensors.py
[2025-04-30T00:38:34.658+0000] {processor.py:925} INFO - DAG(s) 'example_sensors' retrieved from /home/airflow/.local/lib/python3.12/site-packages/airflow/example_dags/example_sensors.py
[2025-04-30T00:38:34.715+0000] {logging_mixin.py:190} INFO - [2025-04-30T00:38:34.715+0000] {dag.py:3211} INFO - Sync 1 DAGs
[2025-04-30T00:38:34.751+0000] {logging_mixin.py:190} INFO - [2025-04-30T00:38:34.750+0000] {dag.py:4138} INFO - Setting next_dagrun for example_sensors to None, run_after=None
[2025-04-30T00:38:34.793+0000] {processor.py:208} INFO - Processing /home/airflow/.local/lib/python3.12/site-packages/airflow/example_dags/example_sensors.py took 0.182 seconds
[2025-04-30T00:39:06.260+0000] {processor.py:186} INFO - Started process (PID=1128) to work on /home/airflow/.local/lib/python3.12/site-packages/airflow/example_dags/example_sensors.py
[2025-04-30T00:39:06.262+0000] {processor.py:914} INFO - Processing file /home/airflow/.local/lib/python3.12/site-packages/airflow/example_dags/example_sensors.py for tasks to queue
[2025-04-30T00:39:06.269+0000] {logging_mixin.py:190} INFO - [2025-04-30T00:39:06.268+0000] {dagbag.py:587} INFO - Filling up the DagBag from /home/airflow/.local/lib/python3.12/site-packages/airflow/example_dags/example_sensors.py
[2025-04-30T00:39:06.296+0000] {processor.py:925} INFO - DAG(s) 'example_sensors' retrieved from /home/airflow/.local/lib/python3.12/site-packages/airflow/example_dags/example_sensors.py
[2025-04-30T00:39:06.363+0000] {logging_mixin.py:190} INFO - [2025-04-30T00:39:06.363+0000] {dag.py:3211} INFO - Sync 1 DAGs
[2025-04-30T00:39:06.398+0000] {logging_mixin.py:190} INFO - [2025-04-30T00:39:06.398+0000] {dag.py:4138} INFO - Setting next_dagrun for example_sensors to None, run_after=None
[2025-04-30T00:39:06.464+0000] {processor.py:208} INFO - Processing /home/airflow/.local/lib/python3.12/site-packages/airflow/example_dags/example_sensors.py took 0.218 seconds
[2025-04-30T00:39:37.136+0000] {processor.py:186} INFO - Started process (PID=1190) to work on /home/airflow/.local/lib/python3.12/site-packages/airflow/example_dags/example_sensors.py
[2025-04-30T00:39:37.139+0000] {processor.py:914} INFO - Processing file /home/airflow/.local/lib/python3.12/site-packages/airflow/example_dags/example_sensors.py for tasks to queue
[2025-04-30T00:39:37.144+0000] {logging_mixin.py:190} INFO - [2025-04-30T00:39:37.144+0000] {dagbag.py:587} INFO - Filling up the DagBag from /home/airflow/.local/lib/python3.12/site-packages/airflow/example_dags/example_sensors.py
[2025-04-30T00:39:37.174+0000] {processor.py:925} INFO - DAG(s) 'example_sensors' retrieved from /home/airflow/.local/lib/python3.12/site-packages/airflow/example_dags/example_sensors.py
[2025-04-30T00:39:37.248+0000] {logging_mixin.py:190} INFO - [2025-04-30T00:39:37.248+0000] {dag.py:3211} INFO - Sync 1 DAGs
[2025-04-30T00:39:37.287+0000] {logging_mixin.py:190} INFO - [2025-04-30T00:39:37.286+0000] {dag.py:4138} INFO - Setting next_dagrun for example_sensors to None, run_after=None
[2025-04-30T00:39:37.331+0000] {processor.py:208} INFO - Processing /home/airflow/.local/lib/python3.12/site-packages/airflow/example_dags/example_sensors.py took 0.212 seconds
[2025-04-30T00:40:08.124+0000] {processor.py:186} INFO - Started process (PID=1253) to work on /home/airflow/.local/lib/python3.12/site-packages/airflow/example_dags/example_sensors.py
[2025-04-30T00:40:08.126+0000] {processor.py:914} INFO - Processing file /home/airflow/.local/lib/python3.12/site-packages/airflow/example_dags/example_sensors.py for tasks to queue
[2025-04-30T00:40:08.130+0000] {logging_mixin.py:190} INFO - [2025-04-30T00:40:08.130+0000] {dagbag.py:587} INFO - Filling up the DagBag from /home/airflow/.local/lib/python3.12/site-packages/airflow/example_dags/example_sensors.py
[2025-04-30T00:40:08.154+0000] {processor.py:925} INFO - DAG(s) 'example_sensors' retrieved from /home/airflow/.local/lib/python3.12/site-packages/airflow/example_dags/example_sensors.py
[2025-04-30T00:40:08.231+0000] {logging_mixin.py:190} INFO - [2025-04-30T00:40:08.231+0000] {dag.py:3211} INFO - Sync 1 DAGs
[2025-04-30T00:40:08.264+0000] {logging_mixin.py:190} INFO - [2025-04-30T00:40:08.263+0000] {dag.py:4138} INFO - Setting next_dagrun for example_sensors to None, run_after=None
[2025-04-30T00:40:08.302+0000] {processor.py:208} INFO - Processing /home/airflow/.local/lib/python3.12/site-packages/airflow/example_dags/example_sensors.py took 0.192 seconds
[2025-04-30T00:40:38.773+0000] {processor.py:186} INFO - Started process (PID=1316) to work on /home/airflow/.local/lib/python3.12/site-packages/airflow/example_dags/example_sensors.py
[2025-04-30T00:40:38.775+0000] {processor.py:914} INFO - Processing file /home/airflow/.local/lib/python3.12/site-packages/airflow/example_dags/example_sensors.py for tasks to queue
[2025-04-30T00:40:38.780+0000] {logging_mixin.py:190} INFO - [2025-04-30T00:40:38.780+0000] {dagbag.py:587} INFO - Filling up the DagBag from /home/airflow/.local/lib/python3.12/site-packages/airflow/example_dags/example_sensors.py
[2025-04-30T00:40:38.804+0000] {processor.py:925} INFO - DAG(s) 'example_sensors' retrieved from /home/airflow/.local/lib/python3.12/site-packages/airflow/example_dags/example_sensors.py
[2025-04-30T00:40:38.861+0000] {logging_mixin.py:190} INFO - [2025-04-30T00:40:38.861+0000] {dag.py:3211} INFO - Sync 1 DAGs
[2025-04-30T00:40:38.892+0000] {logging_mixin.py:190} INFO - [2025-04-30T00:40:38.892+0000] {dag.py:4138} INFO - Setting next_dagrun for example_sensors to None, run_after=None
[2025-04-30T00:40:38.935+0000] {processor.py:208} INFO - Processing /home/airflow/.local/lib/python3.12/site-packages/airflow/example_dags/example_sensors.py took 0.174 seconds
[2025-04-30T00:41:09.455+0000] {processor.py:186} INFO - Started process (PID=1379) to work on /home/airflow/.local/lib/python3.12/site-packages/airflow/example_dags/example_sensors.py
[2025-04-30T00:41:09.457+0000] {processor.py:914} INFO - Processing file /home/airflow/.local/lib/python3.12/site-packages/airflow/example_dags/example_sensors.py for tasks to queue
[2025-04-30T00:41:09.462+0000] {logging_mixin.py:190} INFO - [2025-04-30T00:41:09.461+0000] {dagbag.py:587} INFO - Filling up the DagBag from /home/airflow/.local/lib/python3.12/site-packages/airflow/example_dags/example_sensors.py
[2025-04-30T00:41:09.484+0000] {processor.py:925} INFO - DAG(s) 'example_sensors' retrieved from /home/airflow/.local/lib/python3.12/site-packages/airflow/example_dags/example_sensors.py
[2025-04-30T00:41:09.541+0000] {logging_mixin.py:190} INFO - [2025-04-30T00:41:09.540+0000] {dag.py:3211} INFO - Sync 1 DAGs
[2025-04-30T00:41:09.573+0000] {logging_mixin.py:190} INFO - [2025-04-30T00:41:09.573+0000] {dag.py:4138} INFO - Setting next_dagrun for example_sensors to None, run_after=None
[2025-04-30T00:41:09.614+0000] {processor.py:208} INFO - Processing /home/airflow/.local/lib/python3.12/site-packages/airflow/example_dags/example_sensors.py took 0.171 seconds
[2025-04-30T00:41:40.337+0000] {processor.py:186} INFO - Started process (PID=1442) to work on /home/airflow/.local/lib/python3.12/site-packages/airflow/example_dags/example_sensors.py
[2025-04-30T00:41:40.340+0000] {processor.py:914} INFO - Processing file /home/airflow/.local/lib/python3.12/site-packages/airflow/example_dags/example_sensors.py for tasks to queue
[2025-04-30T00:41:40.346+0000] {logging_mixin.py:190} INFO - [2025-04-30T00:41:40.345+0000] {dagbag.py:587} INFO - Filling up the DagBag from /home/airflow/.local/lib/python3.12/site-packages/airflow/example_dags/example_sensors.py
[2025-04-30T00:41:40.371+0000] {processor.py:925} INFO - DAG(s) 'example_sensors' retrieved from /home/airflow/.local/lib/python3.12/site-packages/airflow/example_dags/example_sensors.py
[2025-04-30T00:41:40.449+0000] {logging_mixin.py:190} INFO - [2025-04-30T00:41:40.449+0000] {dag.py:3211} INFO - Sync 1 DAGs
[2025-04-30T00:41:40.492+0000] {logging_mixin.py:190} INFO - [2025-04-30T00:41:40.492+0000] {dag.py:4138} INFO - Setting next_dagrun for example_sensors to None, run_after=None
[2025-04-30T00:41:40.561+0000] {processor.py:208} INFO - Processing /home/airflow/.local/lib/python3.12/site-packages/airflow/example_dags/example_sensors.py took 0.238 seconds
[2025-04-30T00:42:11.040+0000] {processor.py:186} INFO - Started process (PID=1509) to work on /home/airflow/.local/lib/python3.12/site-packages/airflow/example_dags/example_sensors.py
[2025-04-30T00:42:11.043+0000] {processor.py:914} INFO - Processing file /home/airflow/.local/lib/python3.12/site-packages/airflow/example_dags/example_sensors.py for tasks to queue
[2025-04-30T00:42:11.047+0000] {logging_mixin.py:190} INFO - [2025-04-30T00:42:11.046+0000] {dagbag.py:587} INFO - Filling up the DagBag from /home/airflow/.local/lib/python3.12/site-packages/airflow/example_dags/example_sensors.py
[2025-04-30T00:42:11.076+0000] {processor.py:925} INFO - DAG(s) 'example_sensors' retrieved from /home/airflow/.local/lib/python3.12/site-packages/airflow/example_dags/example_sensors.py
[2025-04-30T00:42:11.139+0000] {logging_mixin.py:190} INFO - [2025-04-30T00:42:11.138+0000] {dag.py:3211} INFO - Sync 1 DAGs
[2025-04-30T00:42:11.171+0000] {logging_mixin.py:190} INFO - [2025-04-30T00:42:11.170+0000] {dag.py:4138} INFO - Setting next_dagrun for example_sensors to None, run_after=None
[2025-04-30T00:42:11.220+0000] {processor.py:208} INFO - Processing /home/airflow/.local/lib/python3.12/site-packages/airflow/example_dags/example_sensors.py took 0.198 seconds
[2025-04-30T00:42:41.353+0000] {processor.py:186} INFO - Started process (PID=1572) to work on /home/airflow/.local/lib/python3.12/site-packages/airflow/example_dags/example_sensors.py
[2025-04-30T00:42:41.355+0000] {processor.py:914} INFO - Processing file /home/airflow/.local/lib/python3.12/site-packages/airflow/example_dags/example_sensors.py for tasks to queue
[2025-04-30T00:42:41.357+0000] {logging_mixin.py:190} INFO - [2025-04-30T00:42:41.357+0000] {dagbag.py:587} INFO - Filling up the DagBag from /home/airflow/.local/lib/python3.12/site-packages/airflow/example_dags/example_sensors.py
[2025-04-30T00:42:41.384+0000] {processor.py:925} INFO - DAG(s) 'example_sensors' retrieved from /home/airflow/.local/lib/python3.12/site-packages/airflow/example_dags/example_sensors.py
[2025-04-30T00:42:41.439+0000] {logging_mixin.py:190} INFO - [2025-04-30T00:42:41.438+0000] {dag.py:3211} INFO - Sync 1 DAGs
[2025-04-30T00:42:41.472+0000] {logging_mixin.py:190} INFO - [2025-04-30T00:42:41.472+0000] {dag.py:4138} INFO - Setting next_dagrun for example_sensors to None, run_after=None
[2025-04-30T00:42:41.527+0000] {processor.py:208} INFO - Processing /home/airflow/.local/lib/python3.12/site-packages/airflow/example_dags/example_sensors.py took 0.188 seconds
[2025-04-30T00:43:11.972+0000] {processor.py:186} INFO - Started process (PID=1635) to work on /home/airflow/.local/lib/python3.12/site-packages/airflow/example_dags/example_sensors.py
[2025-04-30T00:43:11.974+0000] {processor.py:914} INFO - Processing file /home/airflow/.local/lib/python3.12/site-packages/airflow/example_dags/example_sensors.py for tasks to queue
[2025-04-30T00:43:11.976+0000] {logging_mixin.py:190} INFO - [2025-04-30T00:43:11.976+0000] {dagbag.py:587} INFO - Filling up the DagBag from /home/airflow/.local/lib/python3.12/site-packages/airflow/example_dags/example_sensors.py
[2025-04-30T00:43:12.000+0000] {processor.py:925} INFO - DAG(s) 'example_sensors' retrieved from /home/airflow/.local/lib/python3.12/site-packages/airflow/example_dags/example_sensors.py
[2025-04-30T00:43:12.048+0000] {logging_mixin.py:190} INFO - [2025-04-30T00:43:12.047+0000] {dag.py:3211} INFO - Sync 1 DAGs
[2025-04-30T00:43:12.079+0000] {logging_mixin.py:190} INFO - [2025-04-30T00:43:12.078+0000] {dag.py:4138} INFO - Setting next_dagrun for example_sensors to None, run_after=None
[2025-04-30T00:43:12.123+0000] {processor.py:208} INFO - Processing /home/airflow/.local/lib/python3.12/site-packages/airflow/example_dags/example_sensors.py took 0.164 seconds
[2025-04-30T00:43:44.007+0000] {processor.py:186} INFO - Started process (PID=1698) to work on /home/airflow/.local/lib/python3.12/site-packages/airflow/example_dags/example_sensors.py
[2025-04-30T00:43:44.011+0000] {processor.py:914} INFO - Processing file /home/airflow/.local/lib/python3.12/site-packages/airflow/example_dags/example_sensors.py for tasks to queue
[2025-04-30T00:43:44.016+0000] {logging_mixin.py:190} INFO - [2025-04-30T00:43:44.015+0000] {dagbag.py:587} INFO - Filling up the DagBag from /home/airflow/.local/lib/python3.12/site-packages/airflow/example_dags/example_sensors.py
[2025-04-30T00:43:44.077+0000] {processor.py:925} INFO - DAG(s) 'example_sensors' retrieved from /home/airflow/.local/lib/python3.12/site-packages/airflow/example_dags/example_sensors.py
[2025-04-30T00:43:44.194+0000] {logging_mixin.py:190} INFO - [2025-04-30T00:43:44.193+0000] {dag.py:3211} INFO - Sync 1 DAGs
[2025-04-30T00:43:44.257+0000] {logging_mixin.py:190} INFO - [2025-04-30T00:43:44.257+0000] {dag.py:4138} INFO - Setting next_dagrun for example_sensors to None, run_after=None
[2025-04-30T00:43:44.338+0000] {processor.py:208} INFO - Processing /home/airflow/.local/lib/python3.12/site-packages/airflow/example_dags/example_sensors.py took 0.363 seconds
[2025-04-30T00:44:14.399+0000] {processor.py:186} INFO - Started process (PID=1761) to work on /home/airflow/.local/lib/python3.12/site-packages/airflow/example_dags/example_sensors.py
[2025-04-30T00:44:14.400+0000] {processor.py:914} INFO - Processing file /home/airflow/.local/lib/python3.12/site-packages/airflow/example_dags/example_sensors.py for tasks to queue
[2025-04-30T00:44:14.402+0000] {logging_mixin.py:190} INFO - [2025-04-30T00:44:14.402+0000] {dagbag.py:587} INFO - Filling up the DagBag from /home/airflow/.local/lib/python3.12/site-packages/airflow/example_dags/example_sensors.py
[2025-04-30T00:44:14.419+0000] {processor.py:925} INFO - DAG(s) 'example_sensors' retrieved from /home/airflow/.local/lib/python3.12/site-packages/airflow/example_dags/example_sensors.py
[2025-04-30T00:44:14.452+0000] {logging_mixin.py:190} INFO - [2025-04-30T00:44:14.452+0000] {dag.py:3211} INFO - Sync 1 DAGs
[2025-04-30T00:44:14.472+0000] {logging_mixin.py:190} INFO - [2025-04-30T00:44:14.472+0000] {dag.py:4138} INFO - Setting next_dagrun for example_sensors to None, run_after=None
[2025-04-30T00:44:14.493+0000] {processor.py:208} INFO - Processing /home/airflow/.local/lib/python3.12/site-packages/airflow/example_dags/example_sensors.py took 0.102 seconds
[2025-04-30T00:44:45.291+0000] {processor.py:186} INFO - Started process (PID=1824) to work on /home/airflow/.local/lib/python3.12/site-packages/airflow/example_dags/example_sensors.py
[2025-04-30T00:44:45.293+0000] {processor.py:914} INFO - Processing file /home/airflow/.local/lib/python3.12/site-packages/airflow/example_dags/example_sensors.py for tasks to queue
[2025-04-30T00:44:45.296+0000] {logging_mixin.py:190} INFO - [2025-04-30T00:44:45.295+0000] {dagbag.py:587} INFO - Filling up the DagBag from /home/airflow/.local/lib/python3.12/site-packages/airflow/example_dags/example_sensors.py
[2025-04-30T00:44:45.320+0000] {processor.py:925} INFO - DAG(s) 'example_sensors' retrieved from /home/airflow/.local/lib/python3.12/site-packages/airflow/example_dags/example_sensors.py
[2025-04-30T00:44:45.365+0000] {logging_mixin.py:190} INFO - [2025-04-30T00:44:45.365+0000] {dag.py:3211} INFO - Sync 1 DAGs
[2025-04-30T00:44:45.391+0000] {logging_mixin.py:190} INFO - [2025-04-30T00:44:45.390+0000] {dag.py:4138} INFO - Setting next_dagrun for example_sensors to None, run_after=None
[2025-04-30T00:44:45.424+0000] {processor.py:208} INFO - Processing /home/airflow/.local/lib/python3.12/site-packages/airflow/example_dags/example_sensors.py took 0.146 seconds
[2025-04-30T00:45:15.614+0000] {processor.py:186} INFO - Started process (PID=1887) to work on /home/airflow/.local/lib/python3.12/site-packages/airflow/example_dags/example_sensors.py
[2025-04-30T00:45:15.615+0000] {processor.py:914} INFO - Processing file /home/airflow/.local/lib/python3.12/site-packages/airflow/example_dags/example_sensors.py for tasks to queue
[2025-04-30T00:45:15.617+0000] {logging_mixin.py:190} INFO - [2025-04-30T00:45:15.617+0000] {dagbag.py:587} INFO - Filling up the DagBag from /home/airflow/.local/lib/python3.12/site-packages/airflow/example_dags/example_sensors.py
[2025-04-30T00:45:15.634+0000] {processor.py:925} INFO - DAG(s) 'example_sensors' retrieved from /home/airflow/.local/lib/python3.12/site-packages/airflow/example_dags/example_sensors.py
[2025-04-30T00:45:15.670+0000] {logging_mixin.py:190} INFO - [2025-04-30T00:45:15.670+0000] {dag.py:3211} INFO - Sync 1 DAGs
[2025-04-30T00:45:15.705+0000] {logging_mixin.py:190} INFO - [2025-04-30T00:45:15.705+0000] {dag.py:4138} INFO - Setting next_dagrun for example_sensors to None, run_after=None
[2025-04-30T00:45:15.734+0000] {processor.py:208} INFO - Processing /home/airflow/.local/lib/python3.12/site-packages/airflow/example_dags/example_sensors.py took 0.128 seconds
[2025-04-30T00:45:46.738+0000] {processor.py:186} INFO - Started process (PID=1950) to work on /home/airflow/.local/lib/python3.12/site-packages/airflow/example_dags/example_sensors.py
[2025-04-30T00:45:46.739+0000] {processor.py:914} INFO - Processing file /home/airflow/.local/lib/python3.12/site-packages/airflow/example_dags/example_sensors.py for tasks to queue
[2025-04-30T00:45:46.742+0000] {logging_mixin.py:190} INFO - [2025-04-30T00:45:46.741+0000] {dagbag.py:587} INFO - Filling up the DagBag from /home/airflow/.local/lib/python3.12/site-packages/airflow/example_dags/example_sensors.py
[2025-04-30T00:45:46.761+0000] {processor.py:925} INFO - DAG(s) 'example_sensors' retrieved from /home/airflow/.local/lib/python3.12/site-packages/airflow/example_dags/example_sensors.py
[2025-04-30T00:45:46.805+0000] {logging_mixin.py:190} INFO - [2025-04-30T00:45:46.804+0000] {dag.py:3211} INFO - Sync 1 DAGs
[2025-04-30T00:45:46.829+0000] {logging_mixin.py:190} INFO - [2025-04-30T00:45:46.829+0000] {dag.py:4138} INFO - Setting next_dagrun for example_sensors to None, run_after=None
[2025-04-30T00:45:46.859+0000] {processor.py:208} INFO - Processing /home/airflow/.local/lib/python3.12/site-packages/airflow/example_dags/example_sensors.py took 0.133 seconds
[2025-04-30T00:46:17.060+0000] {processor.py:186} INFO - Started process (PID=2013) to work on /home/airflow/.local/lib/python3.12/site-packages/airflow/example_dags/example_sensors.py
[2025-04-30T00:46:17.061+0000] {processor.py:914} INFO - Processing file /home/airflow/.local/lib/python3.12/site-packages/airflow/example_dags/example_sensors.py for tasks to queue
[2025-04-30T00:46:17.063+0000] {logging_mixin.py:190} INFO - [2025-04-30T00:46:17.062+0000] {dagbag.py:587} INFO - Filling up the DagBag from /home/airflow/.local/lib/python3.12/site-packages/airflow/example_dags/example_sensors.py
[2025-04-30T00:46:17.080+0000] {processor.py:925} INFO - DAG(s) 'example_sensors' retrieved from /home/airflow/.local/lib/python3.12/site-packages/airflow/example_dags/example_sensors.py
[2025-04-30T00:46:17.124+0000] {logging_mixin.py:190} INFO - [2025-04-30T00:46:17.124+0000] {dag.py:3211} INFO - Sync 1 DAGs
[2025-04-30T00:46:17.141+0000] {logging_mixin.py:190} INFO - [2025-04-30T00:46:17.140+0000] {dag.py:4138} INFO - Setting next_dagrun for example_sensors to None, run_after=None
[2025-04-30T00:46:17.168+0000] {processor.py:208} INFO - Processing /home/airflow/.local/lib/python3.12/site-packages/airflow/example_dags/example_sensors.py took 0.117 seconds
[2025-04-30T00:46:47.545+0000] {processor.py:186} INFO - Started process (PID=2082) to work on /home/airflow/.local/lib/python3.12/site-packages/airflow/example_dags/example_sensors.py
[2025-04-30T00:46:47.546+0000] {processor.py:914} INFO - Processing file /home/airflow/.local/lib/python3.12/site-packages/airflow/example_dags/example_sensors.py for tasks to queue
[2025-04-30T00:46:47.547+0000] {logging_mixin.py:190} INFO - [2025-04-30T00:46:47.547+0000] {dagbag.py:587} INFO - Filling up the DagBag from /home/airflow/.local/lib/python3.12/site-packages/airflow/example_dags/example_sensors.py
[2025-04-30T00:46:47.560+0000] {processor.py:925} INFO - DAG(s) 'example_sensors' retrieved from /home/airflow/.local/lib/python3.12/site-packages/airflow/example_dags/example_sensors.py
[2025-04-30T00:46:47.592+0000] {logging_mixin.py:190} INFO - [2025-04-30T00:46:47.592+0000] {dag.py:3211} INFO - Sync 1 DAGs
[2025-04-30T00:46:47.612+0000] {logging_mixin.py:190} INFO - [2025-04-30T00:46:47.612+0000] {dag.py:4138} INFO - Setting next_dagrun for example_sensors to None, run_after=None
[2025-04-30T00:46:47.637+0000] {processor.py:208} INFO - Processing /home/airflow/.local/lib/python3.12/site-packages/airflow/example_dags/example_sensors.py took 0.098 seconds
[2025-04-30T00:47:18.361+0000] {processor.py:186} INFO - Started process (PID=2145) to work on /home/airflow/.local/lib/python3.12/site-packages/airflow/example_dags/example_sensors.py
[2025-04-30T00:47:18.362+0000] {processor.py:914} INFO - Processing file /home/airflow/.local/lib/python3.12/site-packages/airflow/example_dags/example_sensors.py for tasks to queue
[2025-04-30T00:47:18.364+0000] {logging_mixin.py:190} INFO - [2025-04-30T00:47:18.363+0000] {dagbag.py:587} INFO - Filling up the DagBag from /home/airflow/.local/lib/python3.12/site-packages/airflow/example_dags/example_sensors.py
[2025-04-30T00:47:18.376+0000] {processor.py:925} INFO - DAG(s) 'example_sensors' retrieved from /home/airflow/.local/lib/python3.12/site-packages/airflow/example_dags/example_sensors.py
[2025-04-30T00:47:18.405+0000] {logging_mixin.py:190} INFO - [2025-04-30T00:47:18.405+0000] {dag.py:3211} INFO - Sync 1 DAGs
[2025-04-30T00:47:18.421+0000] {logging_mixin.py:190} INFO - [2025-04-30T00:47:18.421+0000] {dag.py:4138} INFO - Setting next_dagrun for example_sensors to None, run_after=None
[2025-04-30T00:47:18.445+0000] {processor.py:208} INFO - Processing /home/airflow/.local/lib/python3.12/site-packages/airflow/example_dags/example_sensors.py took 0.090 seconds
[2025-04-30T00:47:49.657+0000] {processor.py:186} INFO - Started process (PID=2208) to work on /home/airflow/.local/lib/python3.12/site-packages/airflow/example_dags/example_sensors.py
[2025-04-30T00:47:49.659+0000] {processor.py:914} INFO - Processing file /home/airflow/.local/lib/python3.12/site-packages/airflow/example_dags/example_sensors.py for tasks to queue
[2025-04-30T00:47:49.660+0000] {logging_mixin.py:190} INFO - [2025-04-30T00:47:49.660+0000] {dagbag.py:587} INFO - Filling up the DagBag from /home/airflow/.local/lib/python3.12/site-packages/airflow/example_dags/example_sensors.py
[2025-04-30T00:47:49.678+0000] {processor.py:925} INFO - DAG(s) 'example_sensors' retrieved from /home/airflow/.local/lib/python3.12/site-packages/airflow/example_dags/example_sensors.py
[2025-04-30T00:47:49.709+0000] {logging_mixin.py:190} INFO - [2025-04-30T00:47:49.708+0000] {dag.py:3211} INFO - Sync 1 DAGs
[2025-04-30T00:47:49.726+0000] {logging_mixin.py:190} INFO - [2025-04-30T00:47:49.726+0000] {dag.py:4138} INFO - Setting next_dagrun for example_sensors to None, run_after=None
[2025-04-30T00:47:49.751+0000] {processor.py:208} INFO - Processing /home/airflow/.local/lib/python3.12/site-packages/airflow/example_dags/example_sensors.py took 0.100 seconds
[2025-04-30T00:48:20.408+0000] {processor.py:186} INFO - Started process (PID=2271) to work on /home/airflow/.local/lib/python3.12/site-packages/airflow/example_dags/example_sensors.py
[2025-04-30T00:48:20.409+0000] {processor.py:914} INFO - Processing file /home/airflow/.local/lib/python3.12/site-packages/airflow/example_dags/example_sensors.py for tasks to queue
[2025-04-30T00:48:20.412+0000] {logging_mixin.py:190} INFO - [2025-04-30T00:48:20.411+0000] {dagbag.py:587} INFO - Filling up the DagBag from /home/airflow/.local/lib/python3.12/site-packages/airflow/example_dags/example_sensors.py
[2025-04-30T00:48:20.437+0000] {processor.py:925} INFO - DAG(s) 'example_sensors' retrieved from /home/airflow/.local/lib/python3.12/site-packages/airflow/example_dags/example_sensors.py
[2025-04-30T00:48:20.497+0000] {logging_mixin.py:190} INFO - [2025-04-30T00:48:20.497+0000] {dag.py:3211} INFO - Sync 1 DAGs
[2025-04-30T00:48:20.531+0000] {logging_mixin.py:190} INFO - [2025-04-30T00:48:20.530+0000] {dag.py:4138} INFO - Setting next_dagrun for example_sensors to None, run_after=None
[2025-04-30T00:48:20.571+0000] {processor.py:208} INFO - Processing /home/airflow/.local/lib/python3.12/site-packages/airflow/example_dags/example_sensors.py took 0.174 seconds
[2025-04-30T00:48:51.459+0000] {processor.py:186} INFO - Started process (PID=2334) to work on /home/airflow/.local/lib/python3.12/site-packages/airflow/example_dags/example_sensors.py
[2025-04-30T00:48:51.460+0000] {processor.py:914} INFO - Processing file /home/airflow/.local/lib/python3.12/site-packages/airflow/example_dags/example_sensors.py for tasks to queue
[2025-04-30T00:48:51.462+0000] {logging_mixin.py:190} INFO - [2025-04-30T00:48:51.461+0000] {dagbag.py:587} INFO - Filling up the DagBag from /home/airflow/.local/lib/python3.12/site-packages/airflow/example_dags/example_sensors.py
[2025-04-30T00:48:51.474+0000] {processor.py:925} INFO - DAG(s) 'example_sensors' retrieved from /home/airflow/.local/lib/python3.12/site-packages/airflow/example_dags/example_sensors.py
[2025-04-30T00:48:51.503+0000] {logging_mixin.py:190} INFO - [2025-04-30T00:48:51.503+0000] {dag.py:3211} INFO - Sync 1 DAGs
[2025-04-30T00:48:51.517+0000] {logging_mixin.py:190} INFO - [2025-04-30T00:48:51.517+0000] {dag.py:4138} INFO - Setting next_dagrun for example_sensors to None, run_after=None
[2025-04-30T00:48:51.539+0000] {processor.py:208} INFO - Processing /home/airflow/.local/lib/python3.12/site-packages/airflow/example_dags/example_sensors.py took 0.086 seconds
[2025-04-30T00:49:22.175+0000] {processor.py:186} INFO - Started process (PID=2397) to work on /home/airflow/.local/lib/python3.12/site-packages/airflow/example_dags/example_sensors.py
[2025-04-30T00:49:22.176+0000] {processor.py:914} INFO - Processing file /home/airflow/.local/lib/python3.12/site-packages/airflow/example_dags/example_sensors.py for tasks to queue
[2025-04-30T00:49:22.178+0000] {logging_mixin.py:190} INFO - [2025-04-30T00:49:22.178+0000] {dagbag.py:587} INFO - Filling up the DagBag from /home/airflow/.local/lib/python3.12/site-packages/airflow/example_dags/example_sensors.py
[2025-04-30T00:49:22.191+0000] {processor.py:925} INFO - DAG(s) 'example_sensors' retrieved from /home/airflow/.local/lib/python3.12/site-packages/airflow/example_dags/example_sensors.py
[2025-04-30T00:49:22.226+0000] {logging_mixin.py:190} INFO - [2025-04-30T00:49:22.225+0000] {dag.py:3211} INFO - Sync 1 DAGs
[2025-04-30T00:49:22.248+0000] {logging_mixin.py:190} INFO - [2025-04-30T00:49:22.247+0000] {dag.py:4138} INFO - Setting next_dagrun for example_sensors to None, run_after=None
[2025-04-30T00:49:22.274+0000] {processor.py:208} INFO - Processing /home/airflow/.local/lib/python3.12/site-packages/airflow/example_dags/example_sensors.py took 0.106 seconds
[2025-04-30T00:49:52.905+0000] {processor.py:186} INFO - Started process (PID=2460) to work on /home/airflow/.local/lib/python3.12/site-packages/airflow/example_dags/example_sensors.py
[2025-04-30T00:49:52.907+0000] {processor.py:914} INFO - Processing file /home/airflow/.local/lib/python3.12/site-packages/airflow/example_dags/example_sensors.py for tasks to queue
[2025-04-30T00:49:52.908+0000] {logging_mixin.py:190} INFO - [2025-04-30T00:49:52.908+0000] {dagbag.py:587} INFO - Filling up the DagBag from /home/airflow/.local/lib/python3.12/site-packages/airflow/example_dags/example_sensors.py
[2025-04-30T00:49:52.922+0000] {processor.py:925} INFO - DAG(s) 'example_sensors' retrieved from /home/airflow/.local/lib/python3.12/site-packages/airflow/example_dags/example_sensors.py
[2025-04-30T00:49:52.959+0000] {logging_mixin.py:190} INFO - [2025-04-30T00:49:52.959+0000] {dag.py:3211} INFO - Sync 1 DAGs
[2025-04-30T00:49:52.980+0000] {logging_mixin.py:190} INFO - [2025-04-30T00:49:52.980+0000] {dag.py:4138} INFO - Setting next_dagrun for example_sensors to None, run_after=None
[2025-04-30T00:49:53.008+0000] {processor.py:208} INFO - Processing /home/airflow/.local/lib/python3.12/site-packages/airflow/example_dags/example_sensors.py took 0.110 seconds
[2025-04-30T00:50:23.485+0000] {processor.py:186} INFO - Started process (PID=2524) to work on /home/airflow/.local/lib/python3.12/site-packages/airflow/example_dags/example_sensors.py
[2025-04-30T00:50:23.486+0000] {processor.py:914} INFO - Processing file /home/airflow/.local/lib/python3.12/site-packages/airflow/example_dags/example_sensors.py for tasks to queue
[2025-04-30T00:50:23.488+0000] {logging_mixin.py:190} INFO - [2025-04-30T00:50:23.487+0000] {dagbag.py:587} INFO - Filling up the DagBag from /home/airflow/.local/lib/python3.12/site-packages/airflow/example_dags/example_sensors.py
[2025-04-30T00:50:23.501+0000] {processor.py:925} INFO - DAG(s) 'example_sensors' retrieved from /home/airflow/.local/lib/python3.12/site-packages/airflow/example_dags/example_sensors.py
[2025-04-30T00:50:23.531+0000] {logging_mixin.py:190} INFO - [2025-04-30T00:50:23.531+0000] {dag.py:3211} INFO - Sync 1 DAGs
[2025-04-30T00:50:23.548+0000] {logging_mixin.py:190} INFO - [2025-04-30T00:50:23.548+0000] {dag.py:4138} INFO - Setting next_dagrun for example_sensors to None, run_after=None
[2025-04-30T00:50:23.571+0000] {processor.py:208} INFO - Processing /home/airflow/.local/lib/python3.12/site-packages/airflow/example_dags/example_sensors.py took 0.094 seconds
[2025-04-30T00:50:54.130+0000] {processor.py:186} INFO - Started process (PID=2587) to work on /home/airflow/.local/lib/python3.12/site-packages/airflow/example_dags/example_sensors.py
[2025-04-30T00:50:54.132+0000] {processor.py:914} INFO - Processing file /home/airflow/.local/lib/python3.12/site-packages/airflow/example_dags/example_sensors.py for tasks to queue
[2025-04-30T00:50:54.133+0000] {logging_mixin.py:190} INFO - [2025-04-30T00:50:54.133+0000] {dagbag.py:587} INFO - Filling up the DagBag from /home/airflow/.local/lib/python3.12/site-packages/airflow/example_dags/example_sensors.py
[2025-04-30T00:50:54.148+0000] {processor.py:925} INFO - DAG(s) 'example_sensors' retrieved from /home/airflow/.local/lib/python3.12/site-packages/airflow/example_dags/example_sensors.py
[2025-04-30T00:50:54.182+0000] {logging_mixin.py:190} INFO - [2025-04-30T00:50:54.181+0000] {dag.py:3211} INFO - Sync 1 DAGs
[2025-04-30T00:50:54.205+0000] {logging_mixin.py:190} INFO - [2025-04-30T00:50:54.204+0000] {dag.py:4138} INFO - Setting next_dagrun for example_sensors to None, run_after=None
[2025-04-30T00:50:54.239+0000] {processor.py:208} INFO - Processing /home/airflow/.local/lib/python3.12/site-packages/airflow/example_dags/example_sensors.py took 0.118 seconds
[2025-04-30T00:51:24.513+0000] {processor.py:186} INFO - Started process (PID=2650) to work on /home/airflow/.local/lib/python3.12/site-packages/airflow/example_dags/example_sensors.py
[2025-04-30T00:51:24.515+0000] {processor.py:914} INFO - Processing file /home/airflow/.local/lib/python3.12/site-packages/airflow/example_dags/example_sensors.py for tasks to queue
[2025-04-30T00:51:24.517+0000] {logging_mixin.py:190} INFO - [2025-04-30T00:51:24.516+0000] {dagbag.py:587} INFO - Filling up the DagBag from /home/airflow/.local/lib/python3.12/site-packages/airflow/example_dags/example_sensors.py
[2025-04-30T00:51:24.532+0000] {processor.py:925} INFO - DAG(s) 'example_sensors' retrieved from /home/airflow/.local/lib/python3.12/site-packages/airflow/example_dags/example_sensors.py
[2025-04-30T00:51:24.565+0000] {logging_mixin.py:190} INFO - [2025-04-30T00:51:24.565+0000] {dag.py:3211} INFO - Sync 1 DAGs
[2025-04-30T00:51:24.585+0000] {logging_mixin.py:190} INFO - [2025-04-30T00:51:24.584+0000] {dag.py:4138} INFO - Setting next_dagrun for example_sensors to None, run_after=None
[2025-04-30T00:51:24.611+0000] {processor.py:208} INFO - Processing /home/airflow/.local/lib/python3.12/site-packages/airflow/example_dags/example_sensors.py took 0.105 seconds
[2025-04-30T00:59:33.241+0000] {processor.py:186} INFO - Started process (PID=2737) to work on /home/airflow/.local/lib/python3.12/site-packages/airflow/example_dags/example_sensors.py
[2025-04-30T00:59:33.243+0000] {processor.py:914} INFO - Processing file /home/airflow/.local/lib/python3.12/site-packages/airflow/example_dags/example_sensors.py for tasks to queue
[2025-04-30T00:59:33.245+0000] {logging_mixin.py:190} INFO - [2025-04-30T00:59:33.244+0000] {dagbag.py:587} INFO - Filling up the DagBag from /home/airflow/.local/lib/python3.12/site-packages/airflow/example_dags/example_sensors.py
[2025-04-30T00:59:33.272+0000] {processor.py:925} INFO - DAG(s) 'example_sensors' retrieved from /home/airflow/.local/lib/python3.12/site-packages/airflow/example_dags/example_sensors.py
[2025-04-30T00:59:33.325+0000] {logging_mixin.py:190} INFO - [2025-04-30T00:59:33.325+0000] {dag.py:3211} INFO - Sync 1 DAGs
[2025-04-30T00:59:33.357+0000] {logging_mixin.py:190} INFO - [2025-04-30T00:59:33.357+0000] {dag.py:4138} INFO - Setting next_dagrun for example_sensors to None, run_after=None
[2025-04-30T00:59:33.405+0000] {processor.py:208} INFO - Processing /home/airflow/.local/lib/python3.12/site-packages/airflow/example_dags/example_sensors.py took 0.176 seconds
[2025-04-30T01:00:03.541+0000] {processor.py:186} INFO - Started process (PID=2799) to work on /home/airflow/.local/lib/python3.12/site-packages/airflow/example_dags/example_sensors.py
[2025-04-30T01:00:03.542+0000] {processor.py:914} INFO - Processing file /home/airflow/.local/lib/python3.12/site-packages/airflow/example_dags/example_sensors.py for tasks to queue
[2025-04-30T01:00:03.543+0000] {logging_mixin.py:190} INFO - [2025-04-30T01:00:03.543+0000] {dagbag.py:587} INFO - Filling up the DagBag from /home/airflow/.local/lib/python3.12/site-packages/airflow/example_dags/example_sensors.py
[2025-04-30T01:00:03.557+0000] {processor.py:925} INFO - DAG(s) 'example_sensors' retrieved from /home/airflow/.local/lib/python3.12/site-packages/airflow/example_dags/example_sensors.py
[2025-04-30T01:00:03.586+0000] {logging_mixin.py:190} INFO - [2025-04-30T01:00:03.586+0000] {dag.py:3211} INFO - Sync 1 DAGs
[2025-04-30T01:00:03.602+0000] {logging_mixin.py:190} INFO - [2025-04-30T01:00:03.602+0000] {dag.py:4138} INFO - Setting next_dagrun for example_sensors to None, run_after=None
[2025-04-30T01:00:03.626+0000] {processor.py:208} INFO - Processing /home/airflow/.local/lib/python3.12/site-packages/airflow/example_dags/example_sensors.py took 0.092 seconds
[2025-04-30T01:00:34.085+0000] {processor.py:186} INFO - Started process (PID=2862) to work on /home/airflow/.local/lib/python3.12/site-packages/airflow/example_dags/example_sensors.py
[2025-04-30T01:00:34.085+0000] {processor.py:914} INFO - Processing file /home/airflow/.local/lib/python3.12/site-packages/airflow/example_dags/example_sensors.py for tasks to queue
[2025-04-30T01:00:34.087+0000] {logging_mixin.py:190} INFO - [2025-04-30T01:00:34.086+0000] {dagbag.py:587} INFO - Filling up the DagBag from /home/airflow/.local/lib/python3.12/site-packages/airflow/example_dags/example_sensors.py
[2025-04-30T01:00:34.099+0000] {processor.py:925} INFO - DAG(s) 'example_sensors' retrieved from /home/airflow/.local/lib/python3.12/site-packages/airflow/example_dags/example_sensors.py
[2025-04-30T01:00:34.128+0000] {logging_mixin.py:190} INFO - [2025-04-30T01:00:34.128+0000] {dag.py:3211} INFO - Sync 1 DAGs
[2025-04-30T01:00:34.143+0000] {logging_mixin.py:190} INFO - [2025-04-30T01:00:34.143+0000] {dag.py:4138} INFO - Setting next_dagrun for example_sensors to None, run_after=None
[2025-04-30T01:00:34.163+0000] {processor.py:208} INFO - Processing /home/airflow/.local/lib/python3.12/site-packages/airflow/example_dags/example_sensors.py took 0.084 seconds
[2025-04-30T01:01:05.766+0000] {processor.py:186} INFO - Started process (PID=2932) to work on /home/airflow/.local/lib/python3.12/site-packages/airflow/example_dags/example_sensors.py
[2025-04-30T01:01:05.767+0000] {processor.py:914} INFO - Processing file /home/airflow/.local/lib/python3.12/site-packages/airflow/example_dags/example_sensors.py for tasks to queue
[2025-04-30T01:01:05.768+0000] {logging_mixin.py:190} INFO - [2025-04-30T01:01:05.768+0000] {dagbag.py:587} INFO - Filling up the DagBag from /home/airflow/.local/lib/python3.12/site-packages/airflow/example_dags/example_sensors.py
[2025-04-30T01:01:05.782+0000] {processor.py:925} INFO - DAG(s) 'example_sensors' retrieved from /home/airflow/.local/lib/python3.12/site-packages/airflow/example_dags/example_sensors.py
[2025-04-30T01:01:05.814+0000] {logging_mixin.py:190} INFO - [2025-04-30T01:01:05.814+0000] {dag.py:3211} INFO - Sync 1 DAGs
[2025-04-30T01:01:05.831+0000] {logging_mixin.py:190} INFO - [2025-04-30T01:01:05.831+0000] {dag.py:4138} INFO - Setting next_dagrun for example_sensors to None, run_after=None
[2025-04-30T01:01:05.859+0000] {processor.py:208} INFO - Processing /home/airflow/.local/lib/python3.12/site-packages/airflow/example_dags/example_sensors.py took 0.101 seconds
[2025-04-30T01:01:36.612+0000] {processor.py:186} INFO - Started process (PID=2995) to work on /home/airflow/.local/lib/python3.12/site-packages/airflow/example_dags/example_sensors.py
[2025-04-30T01:01:36.613+0000] {processor.py:914} INFO - Processing file /home/airflow/.local/lib/python3.12/site-packages/airflow/example_dags/example_sensors.py for tasks to queue
[2025-04-30T01:01:36.615+0000] {logging_mixin.py:190} INFO - [2025-04-30T01:01:36.615+0000] {dagbag.py:587} INFO - Filling up the DagBag from /home/airflow/.local/lib/python3.12/site-packages/airflow/example_dags/example_sensors.py
[2025-04-30T01:01:36.638+0000] {processor.py:925} INFO - DAG(s) 'example_sensors' retrieved from /home/airflow/.local/lib/python3.12/site-packages/airflow/example_dags/example_sensors.py
[2025-04-30T01:01:36.675+0000] {logging_mixin.py:190} INFO - [2025-04-30T01:01:36.675+0000] {dag.py:3211} INFO - Sync 1 DAGs
[2025-04-30T01:01:36.697+0000] {logging_mixin.py:190} INFO - [2025-04-30T01:01:36.697+0000] {dag.py:4138} INFO - Setting next_dagrun for example_sensors to None, run_after=None
[2025-04-30T01:01:36.726+0000] {processor.py:208} INFO - Processing /home/airflow/.local/lib/python3.12/site-packages/airflow/example_dags/example_sensors.py took 0.122 seconds
[2025-04-30T01:02:07.548+0000] {processor.py:186} INFO - Started process (PID=3058) to work on /home/airflow/.local/lib/python3.12/site-packages/airflow/example_dags/example_sensors.py
[2025-04-30T01:02:07.549+0000] {processor.py:914} INFO - Processing file /home/airflow/.local/lib/python3.12/site-packages/airflow/example_dags/example_sensors.py for tasks to queue
[2025-04-30T01:02:07.551+0000] {logging_mixin.py:190} INFO - [2025-04-30T01:02:07.550+0000] {dagbag.py:587} INFO - Filling up the DagBag from /home/airflow/.local/lib/python3.12/site-packages/airflow/example_dags/example_sensors.py
[2025-04-30T01:02:07.562+0000] {processor.py:925} INFO - DAG(s) 'example_sensors' retrieved from /home/airflow/.local/lib/python3.12/site-packages/airflow/example_dags/example_sensors.py
[2025-04-30T01:02:07.590+0000] {logging_mixin.py:190} INFO - [2025-04-30T01:02:07.589+0000] {dag.py:3211} INFO - Sync 1 DAGs
[2025-04-30T01:02:07.607+0000] {logging_mixin.py:190} INFO - [2025-04-30T01:02:07.606+0000] {dag.py:4138} INFO - Setting next_dagrun for example_sensors to None, run_after=None
[2025-04-30T01:02:07.627+0000] {processor.py:208} INFO - Processing /home/airflow/.local/lib/python3.12/site-packages/airflow/example_dags/example_sensors.py took 0.085 seconds
[2025-04-30T01:02:37.989+0000] {processor.py:186} INFO - Started process (PID=3121) to work on /home/airflow/.local/lib/python3.12/site-packages/airflow/example_dags/example_sensors.py
[2025-04-30T01:02:37.990+0000] {processor.py:914} INFO - Processing file /home/airflow/.local/lib/python3.12/site-packages/airflow/example_dags/example_sensors.py for tasks to queue
[2025-04-30T01:02:37.992+0000] {logging_mixin.py:190} INFO - [2025-04-30T01:02:37.992+0000] {dagbag.py:587} INFO - Filling up the DagBag from /home/airflow/.local/lib/python3.12/site-packages/airflow/example_dags/example_sensors.py
[2025-04-30T01:02:38.008+0000] {processor.py:925} INFO - DAG(s) 'example_sensors' retrieved from /home/airflow/.local/lib/python3.12/site-packages/airflow/example_dags/example_sensors.py
[2025-04-30T01:02:38.038+0000] {logging_mixin.py:190} INFO - [2025-04-30T01:02:38.038+0000] {dag.py:3211} INFO - Sync 1 DAGs
[2025-04-30T01:02:38.055+0000] {logging_mixin.py:190} INFO - [2025-04-30T01:02:38.055+0000] {dag.py:4138} INFO - Setting next_dagrun for example_sensors to None, run_after=None
[2025-04-30T01:02:38.078+0000] {processor.py:208} INFO - Processing /home/airflow/.local/lib/python3.12/site-packages/airflow/example_dags/example_sensors.py took 0.097 seconds
[2025-04-30T01:03:09.203+0000] {processor.py:186} INFO - Started process (PID=3184) to work on /home/airflow/.local/lib/python3.12/site-packages/airflow/example_dags/example_sensors.py
[2025-04-30T01:03:09.204+0000] {processor.py:914} INFO - Processing file /home/airflow/.local/lib/python3.12/site-packages/airflow/example_dags/example_sensors.py for tasks to queue
[2025-04-30T01:03:09.206+0000] {logging_mixin.py:190} INFO - [2025-04-30T01:03:09.205+0000] {dagbag.py:587} INFO - Filling up the DagBag from /home/airflow/.local/lib/python3.12/site-packages/airflow/example_dags/example_sensors.py
[2025-04-30T01:03:09.220+0000] {processor.py:925} INFO - DAG(s) 'example_sensors' retrieved from /home/airflow/.local/lib/python3.12/site-packages/airflow/example_dags/example_sensors.py
[2025-04-30T01:03:09.267+0000] {logging_mixin.py:190} INFO - [2025-04-30T01:03:09.266+0000] {dag.py:3211} INFO - Sync 1 DAGs
[2025-04-30T01:03:09.292+0000] {logging_mixin.py:190} INFO - [2025-04-30T01:03:09.291+0000] {dag.py:4138} INFO - Setting next_dagrun for example_sensors to None, run_after=None
[2025-04-30T01:03:09.327+0000] {processor.py:208} INFO - Processing /home/airflow/.local/lib/python3.12/site-packages/airflow/example_dags/example_sensors.py took 0.132 seconds
[2025-04-30T01:03:42.059+0000] {processor.py:186} INFO - Started process (PID=3247) to work on /home/airflow/.local/lib/python3.12/site-packages/airflow/example_dags/example_sensors.py
[2025-04-30T01:03:42.060+0000] {processor.py:914} INFO - Processing file /home/airflow/.local/lib/python3.12/site-packages/airflow/example_dags/example_sensors.py for tasks to queue
[2025-04-30T01:03:42.061+0000] {logging_mixin.py:190} INFO - [2025-04-30T01:03:42.061+0000] {dagbag.py:587} INFO - Filling up the DagBag from /home/airflow/.local/lib/python3.12/site-packages/airflow/example_dags/example_sensors.py
[2025-04-30T01:03:42.073+0000] {processor.py:925} INFO - DAG(s) 'example_sensors' retrieved from /home/airflow/.local/lib/python3.12/site-packages/airflow/example_dags/example_sensors.py
[2025-04-30T01:03:42.340+0000] {logging_mixin.py:190} INFO - [2025-04-30T01:03:42.339+0000] {dag.py:3211} INFO - Sync 1 DAGs
[2025-04-30T01:03:42.361+0000] {logging_mixin.py:190} INFO - [2025-04-30T01:03:42.361+0000] {dag.py:4138} INFO - Setting next_dagrun for example_sensors to None, run_after=None
[2025-04-30T01:03:42.382+0000] {processor.py:208} INFO - Processing /home/airflow/.local/lib/python3.12/site-packages/airflow/example_dags/example_sensors.py took 0.330 seconds
[2025-04-30T01:04:13.098+0000] {processor.py:186} INFO - Started process (PID=3310) to work on /home/airflow/.local/lib/python3.12/site-packages/airflow/example_dags/example_sensors.py
[2025-04-30T01:04:13.099+0000] {processor.py:914} INFO - Processing file /home/airflow/.local/lib/python3.12/site-packages/airflow/example_dags/example_sensors.py for tasks to queue
[2025-04-30T01:04:13.100+0000] {logging_mixin.py:190} INFO - [2025-04-30T01:04:13.100+0000] {dagbag.py:587} INFO - Filling up the DagBag from /home/airflow/.local/lib/python3.12/site-packages/airflow/example_dags/example_sensors.py
[2025-04-30T01:04:13.112+0000] {processor.py:925} INFO - DAG(s) 'example_sensors' retrieved from /home/airflow/.local/lib/python3.12/site-packages/airflow/example_dags/example_sensors.py
[2025-04-30T01:04:13.389+0000] {logging_mixin.py:190} INFO - [2025-04-30T01:04:13.389+0000] {dag.py:3211} INFO - Sync 1 DAGs
[2025-04-30T01:04:13.404+0000] {logging_mixin.py:190} INFO - [2025-04-30T01:04:13.403+0000] {dag.py:4138} INFO - Setting next_dagrun for example_sensors to None, run_after=None
[2025-04-30T01:04:13.422+0000] {processor.py:208} INFO - Processing /home/airflow/.local/lib/python3.12/site-packages/airflow/example_dags/example_sensors.py took 0.331 seconds
[2025-04-30T01:04:44.346+0000] {processor.py:186} INFO - Started process (PID=3374) to work on /home/airflow/.local/lib/python3.12/site-packages/airflow/example_dags/example_sensors.py
[2025-04-30T01:04:44.347+0000] {processor.py:914} INFO - Processing file /home/airflow/.local/lib/python3.12/site-packages/airflow/example_dags/example_sensors.py for tasks to queue
[2025-04-30T01:04:44.349+0000] {logging_mixin.py:190} INFO - [2025-04-30T01:04:44.349+0000] {dagbag.py:587} INFO - Filling up the DagBag from /home/airflow/.local/lib/python3.12/site-packages/airflow/example_dags/example_sensors.py
[2025-04-30T01:04:44.363+0000] {processor.py:925} INFO - DAG(s) 'example_sensors' retrieved from /home/airflow/.local/lib/python3.12/site-packages/airflow/example_dags/example_sensors.py
[2025-04-30T01:04:44.394+0000] {logging_mixin.py:190} INFO - [2025-04-30T01:04:44.394+0000] {dag.py:3211} INFO - Sync 1 DAGs
[2025-04-30T01:04:44.410+0000] {logging_mixin.py:190} INFO - [2025-04-30T01:04:44.410+0000] {dag.py:4138} INFO - Setting next_dagrun for example_sensors to None, run_after=None
[2025-04-30T01:04:44.434+0000] {processor.py:208} INFO - Processing /home/airflow/.local/lib/python3.12/site-packages/airflow/example_dags/example_sensors.py took 0.095 seconds
[2025-04-30T01:05:15.099+0000] {processor.py:186} INFO - Started process (PID=3437) to work on /home/airflow/.local/lib/python3.12/site-packages/airflow/example_dags/example_sensors.py
[2025-04-30T01:05:15.101+0000] {processor.py:914} INFO - Processing file /home/airflow/.local/lib/python3.12/site-packages/airflow/example_dags/example_sensors.py for tasks to queue
[2025-04-30T01:05:15.103+0000] {logging_mixin.py:190} INFO - [2025-04-30T01:05:15.102+0000] {dagbag.py:587} INFO - Filling up the DagBag from /home/airflow/.local/lib/python3.12/site-packages/airflow/example_dags/example_sensors.py
[2025-04-30T01:05:15.116+0000] {processor.py:925} INFO - DAG(s) 'example_sensors' retrieved from /home/airflow/.local/lib/python3.12/site-packages/airflow/example_dags/example_sensors.py
[2025-04-30T01:05:15.144+0000] {logging_mixin.py:190} INFO - [2025-04-30T01:05:15.144+0000] {dag.py:3211} INFO - Sync 1 DAGs
[2025-04-30T01:05:15.160+0000] {logging_mixin.py:190} INFO - [2025-04-30T01:05:15.159+0000] {dag.py:4138} INFO - Setting next_dagrun for example_sensors to None, run_after=None
[2025-04-30T01:05:15.185+0000] {processor.py:208} INFO - Processing /home/airflow/.local/lib/python3.12/site-packages/airflow/example_dags/example_sensors.py took 0.093 seconds
[2025-04-30T01:05:45.701+0000] {processor.py:186} INFO - Started process (PID=3500) to work on /home/airflow/.local/lib/python3.12/site-packages/airflow/example_dags/example_sensors.py
[2025-04-30T01:05:45.703+0000] {processor.py:914} INFO - Processing file /home/airflow/.local/lib/python3.12/site-packages/airflow/example_dags/example_sensors.py for tasks to queue
[2025-04-30T01:05:45.705+0000] {logging_mixin.py:190} INFO - [2025-04-30T01:05:45.704+0000] {dagbag.py:587} INFO - Filling up the DagBag from /home/airflow/.local/lib/python3.12/site-packages/airflow/example_dags/example_sensors.py
[2025-04-30T01:05:45.718+0000] {processor.py:925} INFO - DAG(s) 'example_sensors' retrieved from /home/airflow/.local/lib/python3.12/site-packages/airflow/example_dags/example_sensors.py
[2025-04-30T01:05:45.748+0000] {logging_mixin.py:190} INFO - [2025-04-30T01:05:45.747+0000] {dag.py:3211} INFO - Sync 1 DAGs
[2025-04-30T01:05:45.765+0000] {logging_mixin.py:190} INFO - [2025-04-30T01:05:45.765+0000] {dag.py:4138} INFO - Setting next_dagrun for example_sensors to None, run_after=None
[2025-04-30T01:05:45.788+0000] {processor.py:208} INFO - Processing /home/airflow/.local/lib/python3.12/site-packages/airflow/example_dags/example_sensors.py took 0.093 seconds
[2025-04-30T01:06:16.553+0000] {processor.py:186} INFO - Started process (PID=3563) to work on /home/airflow/.local/lib/python3.12/site-packages/airflow/example_dags/example_sensors.py
[2025-04-30T01:06:16.554+0000] {processor.py:914} INFO - Processing file /home/airflow/.local/lib/python3.12/site-packages/airflow/example_dags/example_sensors.py for tasks to queue
[2025-04-30T01:06:16.555+0000] {logging_mixin.py:190} INFO - [2025-04-30T01:06:16.555+0000] {dagbag.py:587} INFO - Filling up the DagBag from /home/airflow/.local/lib/python3.12/site-packages/airflow/example_dags/example_sensors.py
[2025-04-30T01:06:16.569+0000] {processor.py:925} INFO - DAG(s) 'example_sensors' retrieved from /home/airflow/.local/lib/python3.12/site-packages/airflow/example_dags/example_sensors.py
[2025-04-30T01:06:16.598+0000] {logging_mixin.py:190} INFO - [2025-04-30T01:06:16.598+0000] {dag.py:3211} INFO - Sync 1 DAGs
[2025-04-30T01:06:16.615+0000] {logging_mixin.py:190} INFO - [2025-04-30T01:06:16.615+0000] {dag.py:4138} INFO - Setting next_dagrun for example_sensors to None, run_after=None
[2025-04-30T01:06:16.636+0000] {processor.py:208} INFO - Processing /home/airflow/.local/lib/python3.12/site-packages/airflow/example_dags/example_sensors.py took 0.090 seconds
[2025-04-30T01:06:47.239+0000] {processor.py:186} INFO - Started process (PID=3626) to work on /home/airflow/.local/lib/python3.12/site-packages/airflow/example_dags/example_sensors.py
[2025-04-30T01:06:47.240+0000] {processor.py:914} INFO - Processing file /home/airflow/.local/lib/python3.12/site-packages/airflow/example_dags/example_sensors.py for tasks to queue
[2025-04-30T01:06:47.242+0000] {logging_mixin.py:190} INFO - [2025-04-30T01:06:47.241+0000] {dagbag.py:587} INFO - Filling up the DagBag from /home/airflow/.local/lib/python3.12/site-packages/airflow/example_dags/example_sensors.py
[2025-04-30T01:06:47.253+0000] {processor.py:925} INFO - DAG(s) 'example_sensors' retrieved from /home/airflow/.local/lib/python3.12/site-packages/airflow/example_dags/example_sensors.py
[2025-04-30T01:06:47.281+0000] {logging_mixin.py:190} INFO - [2025-04-30T01:06:47.280+0000] {dag.py:3211} INFO - Sync 1 DAGs
[2025-04-30T01:06:47.298+0000] {logging_mixin.py:190} INFO - [2025-04-30T01:06:47.298+0000] {dag.py:4138} INFO - Setting next_dagrun for example_sensors to None, run_after=None
[2025-04-30T01:06:47.321+0000] {processor.py:208} INFO - Processing /home/airflow/.local/lib/python3.12/site-packages/airflow/example_dags/example_sensors.py took 0.088 seconds
[2025-04-30T01:07:17.525+0000] {processor.py:186} INFO - Started process (PID=3689) to work on /home/airflow/.local/lib/python3.12/site-packages/airflow/example_dags/example_sensors.py
[2025-04-30T01:07:17.526+0000] {processor.py:914} INFO - Processing file /home/airflow/.local/lib/python3.12/site-packages/airflow/example_dags/example_sensors.py for tasks to queue
[2025-04-30T01:07:17.528+0000] {logging_mixin.py:190} INFO - [2025-04-30T01:07:17.527+0000] {dagbag.py:587} INFO - Filling up the DagBag from /home/airflow/.local/lib/python3.12/site-packages/airflow/example_dags/example_sensors.py
[2025-04-30T01:07:17.541+0000] {processor.py:925} INFO - DAG(s) 'example_sensors' retrieved from /home/airflow/.local/lib/python3.12/site-packages/airflow/example_dags/example_sensors.py
[2025-04-30T01:07:17.572+0000] {logging_mixin.py:190} INFO - [2025-04-30T01:07:17.572+0000] {dag.py:3211} INFO - Sync 1 DAGs
[2025-04-30T01:07:17.587+0000] {logging_mixin.py:190} INFO - [2025-04-30T01:07:17.587+0000] {dag.py:4138} INFO - Setting next_dagrun for example_sensors to None, run_after=None
[2025-04-30T01:07:17.610+0000] {processor.py:208} INFO - Processing /home/airflow/.local/lib/python3.12/site-packages/airflow/example_dags/example_sensors.py took 0.091 seconds
[2025-04-30T01:07:48.517+0000] {processor.py:186} INFO - Started process (PID=3752) to work on /home/airflow/.local/lib/python3.12/site-packages/airflow/example_dags/example_sensors.py
[2025-04-30T01:07:48.518+0000] {processor.py:914} INFO - Processing file /home/airflow/.local/lib/python3.12/site-packages/airflow/example_dags/example_sensors.py for tasks to queue
[2025-04-30T01:07:48.520+0000] {logging_mixin.py:190} INFO - [2025-04-30T01:07:48.520+0000] {dagbag.py:587} INFO - Filling up the DagBag from /home/airflow/.local/lib/python3.12/site-packages/airflow/example_dags/example_sensors.py
[2025-04-30T01:07:48.536+0000] {processor.py:925} INFO - DAG(s) 'example_sensors' retrieved from /home/airflow/.local/lib/python3.12/site-packages/airflow/example_dags/example_sensors.py
[2025-04-30T01:07:48.567+0000] {logging_mixin.py:190} INFO - [2025-04-30T01:07:48.566+0000] {dag.py:3211} INFO - Sync 1 DAGs
[2025-04-30T01:07:48.585+0000] {logging_mixin.py:190} INFO - [2025-04-30T01:07:48.585+0000] {dag.py:4138} INFO - Setting next_dagrun for example_sensors to None, run_after=None
[2025-04-30T01:07:48.610+0000] {processor.py:208} INFO - Processing /home/airflow/.local/lib/python3.12/site-packages/airflow/example_dags/example_sensors.py took 0.100 seconds
[2025-04-30T01:08:19.064+0000] {processor.py:186} INFO - Started process (PID=3814) to work on /home/airflow/.local/lib/python3.12/site-packages/airflow/example_dags/example_sensors.py
[2025-04-30T01:08:19.065+0000] {processor.py:914} INFO - Processing file /home/airflow/.local/lib/python3.12/site-packages/airflow/example_dags/example_sensors.py for tasks to queue
[2025-04-30T01:08:19.067+0000] {logging_mixin.py:190} INFO - [2025-04-30T01:08:19.066+0000] {dagbag.py:587} INFO - Filling up the DagBag from /home/airflow/.local/lib/python3.12/site-packages/airflow/example_dags/example_sensors.py
[2025-04-30T01:08:19.082+0000] {processor.py:925} INFO - DAG(s) 'example_sensors' retrieved from /home/airflow/.local/lib/python3.12/site-packages/airflow/example_dags/example_sensors.py
[2025-04-30T01:08:19.117+0000] {logging_mixin.py:190} INFO - [2025-04-30T01:08:19.117+0000] {dag.py:3211} INFO - Sync 1 DAGs
[2025-04-30T01:08:19.138+0000] {logging_mixin.py:190} INFO - [2025-04-30T01:08:19.137+0000] {dag.py:4138} INFO - Setting next_dagrun for example_sensors to None, run_after=None
[2025-04-30T01:08:19.175+0000] {processor.py:208} INFO - Processing /home/airflow/.local/lib/python3.12/site-packages/airflow/example_dags/example_sensors.py took 0.119 seconds
[2025-04-30T01:08:50.078+0000] {processor.py:186} INFO - Started process (PID=3882) to work on /home/airflow/.local/lib/python3.12/site-packages/airflow/example_dags/example_sensors.py
[2025-04-30T01:08:50.079+0000] {processor.py:914} INFO - Processing file /home/airflow/.local/lib/python3.12/site-packages/airflow/example_dags/example_sensors.py for tasks to queue
[2025-04-30T01:08:50.080+0000] {logging_mixin.py:190} INFO - [2025-04-30T01:08:50.080+0000] {dagbag.py:587} INFO - Filling up the DagBag from /home/airflow/.local/lib/python3.12/site-packages/airflow/example_dags/example_sensors.py
[2025-04-30T01:08:50.095+0000] {processor.py:925} INFO - DAG(s) 'example_sensors' retrieved from /home/airflow/.local/lib/python3.12/site-packages/airflow/example_dags/example_sensors.py
[2025-04-30T01:08:50.133+0000] {logging_mixin.py:190} INFO - [2025-04-30T01:08:50.133+0000] {dag.py:3211} INFO - Sync 1 DAGs
[2025-04-30T01:08:50.158+0000] {logging_mixin.py:190} INFO - [2025-04-30T01:08:50.158+0000] {dag.py:4138} INFO - Setting next_dagrun for example_sensors to None, run_after=None
[2025-04-30T01:08:50.183+0000] {processor.py:208} INFO - Processing /home/airflow/.local/lib/python3.12/site-packages/airflow/example_dags/example_sensors.py took 0.112 seconds
[2025-04-30T01:09:20.386+0000] {processor.py:186} INFO - Started process (PID=3944) to work on /home/airflow/.local/lib/python3.12/site-packages/airflow/example_dags/example_sensors.py
[2025-04-30T01:09:20.387+0000] {processor.py:914} INFO - Processing file /home/airflow/.local/lib/python3.12/site-packages/airflow/example_dags/example_sensors.py for tasks to queue
[2025-04-30T01:09:20.389+0000] {logging_mixin.py:190} INFO - [2025-04-30T01:09:20.389+0000] {dagbag.py:587} INFO - Filling up the DagBag from /home/airflow/.local/lib/python3.12/site-packages/airflow/example_dags/example_sensors.py
[2025-04-30T01:09:20.408+0000] {processor.py:925} INFO - DAG(s) 'example_sensors' retrieved from /home/airflow/.local/lib/python3.12/site-packages/airflow/example_dags/example_sensors.py
[2025-04-30T01:09:20.445+0000] {logging_mixin.py:190} INFO - [2025-04-30T01:09:20.445+0000] {dag.py:3211} INFO - Sync 1 DAGs
[2025-04-30T01:09:20.465+0000] {logging_mixin.py:190} INFO - [2025-04-30T01:09:20.465+0000] {dag.py:4138} INFO - Setting next_dagrun for example_sensors to None, run_after=None
[2025-04-30T01:09:20.491+0000] {processor.py:208} INFO - Processing /home/airflow/.local/lib/python3.12/site-packages/airflow/example_dags/example_sensors.py took 0.114 seconds
[2025-04-30T01:09:50.590+0000] {processor.py:186} INFO - Started process (PID=4006) to work on /home/airflow/.local/lib/python3.12/site-packages/airflow/example_dags/example_sensors.py
[2025-04-30T01:09:50.591+0000] {processor.py:914} INFO - Processing file /home/airflow/.local/lib/python3.12/site-packages/airflow/example_dags/example_sensors.py for tasks to queue
[2025-04-30T01:09:50.592+0000] {logging_mixin.py:190} INFO - [2025-04-30T01:09:50.592+0000] {dagbag.py:587} INFO - Filling up the DagBag from /home/airflow/.local/lib/python3.12/site-packages/airflow/example_dags/example_sensors.py
[2025-04-30T01:09:50.606+0000] {processor.py:925} INFO - DAG(s) 'example_sensors' retrieved from /home/airflow/.local/lib/python3.12/site-packages/airflow/example_dags/example_sensors.py
[2025-04-30T01:09:50.638+0000] {logging_mixin.py:190} INFO - [2025-04-30T01:09:50.638+0000] {dag.py:3211} INFO - Sync 1 DAGs
[2025-04-30T01:09:50.657+0000] {logging_mixin.py:190} INFO - [2025-04-30T01:09:50.656+0000] {dag.py:4138} INFO - Setting next_dagrun for example_sensors to None, run_after=None
[2025-04-30T01:09:50.680+0000] {processor.py:208} INFO - Processing /home/airflow/.local/lib/python3.12/site-packages/airflow/example_dags/example_sensors.py took 0.097 seconds
[2025-04-30T01:10:21.350+0000] {processor.py:186} INFO - Started process (PID=4068) to work on /home/airflow/.local/lib/python3.12/site-packages/airflow/example_dags/example_sensors.py
[2025-04-30T01:10:21.351+0000] {processor.py:914} INFO - Processing file /home/airflow/.local/lib/python3.12/site-packages/airflow/example_dags/example_sensors.py for tasks to queue
[2025-04-30T01:10:21.353+0000] {logging_mixin.py:190} INFO - [2025-04-30T01:10:21.353+0000] {dagbag.py:587} INFO - Filling up the DagBag from /home/airflow/.local/lib/python3.12/site-packages/airflow/example_dags/example_sensors.py
[2025-04-30T01:10:21.369+0000] {processor.py:925} INFO - DAG(s) 'example_sensors' retrieved from /home/airflow/.local/lib/python3.12/site-packages/airflow/example_dags/example_sensors.py
[2025-04-30T01:10:21.404+0000] {logging_mixin.py:190} INFO - [2025-04-30T01:10:21.404+0000] {dag.py:3211} INFO - Sync 1 DAGs
[2025-04-30T01:10:21.421+0000] {logging_mixin.py:190} INFO - [2025-04-30T01:10:21.421+0000] {dag.py:4138} INFO - Setting next_dagrun for example_sensors to None, run_after=None
[2025-04-30T01:10:21.467+0000] {processor.py:208} INFO - Processing /home/airflow/.local/lib/python3.12/site-packages/airflow/example_dags/example_sensors.py took 0.125 seconds
[2025-04-30T01:10:52.379+0000] {processor.py:186} INFO - Started process (PID=4130) to work on /home/airflow/.local/lib/python3.12/site-packages/airflow/example_dags/example_sensors.py
[2025-04-30T01:10:52.380+0000] {processor.py:914} INFO - Processing file /home/airflow/.local/lib/python3.12/site-packages/airflow/example_dags/example_sensors.py for tasks to queue
[2025-04-30T01:10:52.382+0000] {logging_mixin.py:190} INFO - [2025-04-30T01:10:52.381+0000] {dagbag.py:587} INFO - Filling up the DagBag from /home/airflow/.local/lib/python3.12/site-packages/airflow/example_dags/example_sensors.py
[2025-04-30T01:10:52.400+0000] {processor.py:925} INFO - DAG(s) 'example_sensors' retrieved from /home/airflow/.local/lib/python3.12/site-packages/airflow/example_dags/example_sensors.py
[2025-04-30T01:10:52.438+0000] {logging_mixin.py:190} INFO - [2025-04-30T01:10:52.437+0000] {dag.py:3211} INFO - Sync 1 DAGs
[2025-04-30T01:10:52.457+0000] {logging_mixin.py:190} INFO - [2025-04-30T01:10:52.457+0000] {dag.py:4138} INFO - Setting next_dagrun for example_sensors to None, run_after=None
[2025-04-30T01:10:52.483+0000] {processor.py:208} INFO - Processing /home/airflow/.local/lib/python3.12/site-packages/airflow/example_dags/example_sensors.py took 0.113 seconds
[2025-04-30T01:11:23.232+0000] {processor.py:186} INFO - Started process (PID=4192) to work on /home/airflow/.local/lib/python3.12/site-packages/airflow/example_dags/example_sensors.py
[2025-04-30T01:11:23.233+0000] {processor.py:914} INFO - Processing file /home/airflow/.local/lib/python3.12/site-packages/airflow/example_dags/example_sensors.py for tasks to queue
[2025-04-30T01:11:23.235+0000] {logging_mixin.py:190} INFO - [2025-04-30T01:11:23.235+0000] {dagbag.py:587} INFO - Filling up the DagBag from /home/airflow/.local/lib/python3.12/site-packages/airflow/example_dags/example_sensors.py
[2025-04-30T01:11:23.253+0000] {processor.py:925} INFO - DAG(s) 'example_sensors' retrieved from /home/airflow/.local/lib/python3.12/site-packages/airflow/example_dags/example_sensors.py
[2025-04-30T01:11:23.287+0000] {logging_mixin.py:190} INFO - [2025-04-30T01:11:23.287+0000] {dag.py:3211} INFO - Sync 1 DAGs
[2025-04-30T01:11:23.306+0000] {logging_mixin.py:190} INFO - [2025-04-30T01:11:23.305+0000] {dag.py:4138} INFO - Setting next_dagrun for example_sensors to None, run_after=None
[2025-04-30T01:11:23.338+0000] {processor.py:208} INFO - Processing /home/airflow/.local/lib/python3.12/site-packages/airflow/example_dags/example_sensors.py took 0.113 seconds
[2025-04-30T01:11:54.136+0000] {processor.py:186} INFO - Started process (PID=4254) to work on /home/airflow/.local/lib/python3.12/site-packages/airflow/example_dags/example_sensors.py
[2025-04-30T01:11:54.138+0000] {processor.py:914} INFO - Processing file /home/airflow/.local/lib/python3.12/site-packages/airflow/example_dags/example_sensors.py for tasks to queue
[2025-04-30T01:11:54.141+0000] {logging_mixin.py:190} INFO - [2025-04-30T01:11:54.140+0000] {dagbag.py:587} INFO - Filling up the DagBag from /home/airflow/.local/lib/python3.12/site-packages/airflow/example_dags/example_sensors.py
[2025-04-30T01:11:54.164+0000] {processor.py:925} INFO - DAG(s) 'example_sensors' retrieved from /home/airflow/.local/lib/python3.12/site-packages/airflow/example_dags/example_sensors.py
[2025-04-30T01:11:54.211+0000] {logging_mixin.py:190} INFO - [2025-04-30T01:11:54.211+0000] {dag.py:3211} INFO - Sync 1 DAGs
[2025-04-30T01:11:54.229+0000] {logging_mixin.py:190} INFO - [2025-04-30T01:11:54.229+0000] {dag.py:4138} INFO - Setting next_dagrun for example_sensors to None, run_after=None
[2025-04-30T01:11:54.254+0000] {processor.py:208} INFO - Processing /home/airflow/.local/lib/python3.12/site-packages/airflow/example_dags/example_sensors.py took 0.130 seconds
