[2025-04-30T00:30:57.059+0000] {processor.py:186} INFO - Started process (PID=125) to work on /home/airflow/.local/lib/python3.12/site-packages/airflow/example_dags/example_sla_dag.py
[2025-04-30T00:30:57.061+0000] {processor.py:914} INFO - Processing file /home/airflow/.local/lib/python3.12/site-packages/airflow/example_dags/example_sla_dag.py for tasks to queue
[2025-04-30T00:30:57.066+0000] {logging_mixin.py:190} INFO - [2025-04-30T00:30:57.066+0000] {dagbag.py:587} INFO - Filling up the DagBag from /home/airflow/.local/lib/python3.12/site-packages/airflow/example_dags/example_sla_dag.py
[2025-04-30T00:30:57.086+0000] {processor.py:925} INFO - DAG(s) 'example_sla_dag' retrieved from /home/airflow/.local/lib/python3.12/site-packages/airflow/example_dags/example_sla_dag.py
[2025-04-30T00:30:57.305+0000] {logging_mixin.py:190} INFO - [2025-04-30T00:30:57.304+0000] {override.py:1858} INFO - Created Permission View: can edit on DAG:example_sla_dag
[2025-04-30T00:30:57.325+0000] {logging_mixin.py:190} INFO - [2025-04-30T00:30:57.325+0000] {override.py:1858} INFO - Created Permission View: can read on DAG:example_sla_dag
[2025-04-30T00:30:57.338+0000] {logging_mixin.py:190} INFO - [2025-04-30T00:30:57.338+0000] {override.py:1858} INFO - Created Permission View: can delete on DAG:example_sla_dag
[2025-04-30T00:30:57.340+0000] {logging_mixin.py:190} INFO - [2025-04-30T00:30:57.340+0000] {dag.py:3211} INFO - Sync 1 DAGs
[2025-04-30T00:30:57.374+0000] {logging_mixin.py:190} INFO - [2025-04-30T00:30:57.374+0000] {dag.py:3234} INFO - Creating ORM DAG for example_sla_dag
[2025-04-30T00:30:57.403+0000] {logging_mixin.py:190} INFO - [2025-04-30T00:30:57.402+0000] {dag.py:4138} INFO - Setting next_dagrun for example_sla_dag to 2025-04-30 00:28:00+00:00, run_after=2025-04-30 00:30:00+00:00
[2025-04-30T00:30:57.436+0000] {processor.py:208} INFO - Processing /home/airflow/.local/lib/python3.12/site-packages/airflow/example_dags/example_sla_dag.py took 0.388 seconds
[2025-04-30T00:31:28.127+0000] {processor.py:186} INFO - Started process (PID=188) to work on /home/airflow/.local/lib/python3.12/site-packages/airflow/example_dags/example_sla_dag.py
[2025-04-30T00:31:28.130+0000] {processor.py:914} INFO - Processing file /home/airflow/.local/lib/python3.12/site-packages/airflow/example_dags/example_sla_dag.py for tasks to queue
[2025-04-30T00:31:28.138+0000] {logging_mixin.py:190} INFO - [2025-04-30T00:31:28.137+0000] {dagbag.py:587} INFO - Filling up the DagBag from /home/airflow/.local/lib/python3.12/site-packages/airflow/example_dags/example_sla_dag.py
[2025-04-30T00:31:28.169+0000] {processor.py:925} INFO - DAG(s) 'example_sla_dag' retrieved from /home/airflow/.local/lib/python3.12/site-packages/airflow/example_dags/example_sla_dag.py
[2025-04-30T00:31:28.232+0000] {logging_mixin.py:190} INFO - [2025-04-30T00:31:28.231+0000] {dag.py:3211} INFO - Sync 1 DAGs
[2025-04-30T00:31:28.315+0000] {logging_mixin.py:190} INFO - [2025-04-30T00:31:28.314+0000] {dag.py:4138} INFO - Setting next_dagrun for example_sla_dag to 2025-04-30 00:28:00+00:00, run_after=2025-04-30 00:30:00+00:00
[2025-04-30T00:31:28.359+0000] {processor.py:208} INFO - Processing /home/airflow/.local/lib/python3.12/site-packages/airflow/example_dags/example_sla_dag.py took 0.251 seconds
[2025-04-30T00:31:58.648+0000] {processor.py:186} INFO - Started process (PID=251) to work on /home/airflow/.local/lib/python3.12/site-packages/airflow/example_dags/example_sla_dag.py
[2025-04-30T00:31:58.650+0000] {processor.py:914} INFO - Processing file /home/airflow/.local/lib/python3.12/site-packages/airflow/example_dags/example_sla_dag.py for tasks to queue
[2025-04-30T00:31:58.655+0000] {logging_mixin.py:190} INFO - [2025-04-30T00:31:58.654+0000] {dagbag.py:587} INFO - Filling up the DagBag from /home/airflow/.local/lib/python3.12/site-packages/airflow/example_dags/example_sla_dag.py
[2025-04-30T00:31:58.676+0000] {processor.py:925} INFO - DAG(s) 'example_sla_dag' retrieved from /home/airflow/.local/lib/python3.12/site-packages/airflow/example_dags/example_sla_dag.py
[2025-04-30T00:31:58.715+0000] {logging_mixin.py:190} INFO - [2025-04-30T00:31:58.714+0000] {dag.py:3211} INFO - Sync 1 DAGs
[2025-04-30T00:31:58.768+0000] {logging_mixin.py:190} INFO - [2025-04-30T00:31:58.767+0000] {dag.py:4138} INFO - Setting next_dagrun for example_sla_dag to 2025-04-30 00:28:00+00:00, run_after=2025-04-30 00:30:00+00:00
[2025-04-30T00:31:58.806+0000] {processor.py:208} INFO - Processing /home/airflow/.local/lib/python3.12/site-packages/airflow/example_dags/example_sla_dag.py took 0.171 seconds
[2025-04-30T00:32:29.185+0000] {processor.py:186} INFO - Started process (PID=314) to work on /home/airflow/.local/lib/python3.12/site-packages/airflow/example_dags/example_sla_dag.py
[2025-04-30T00:32:29.188+0000] {processor.py:914} INFO - Processing file /home/airflow/.local/lib/python3.12/site-packages/airflow/example_dags/example_sla_dag.py for tasks to queue
[2025-04-30T00:32:29.192+0000] {logging_mixin.py:190} INFO - [2025-04-30T00:32:29.192+0000] {dagbag.py:587} INFO - Filling up the DagBag from /home/airflow/.local/lib/python3.12/site-packages/airflow/example_dags/example_sla_dag.py
[2025-04-30T00:32:29.211+0000] {processor.py:925} INFO - DAG(s) 'example_sla_dag' retrieved from /home/airflow/.local/lib/python3.12/site-packages/airflow/example_dags/example_sla_dag.py
[2025-04-30T00:32:29.245+0000] {logging_mixin.py:190} INFO - [2025-04-30T00:32:29.244+0000] {dag.py:3211} INFO - Sync 1 DAGs
[2025-04-30T00:32:29.294+0000] {logging_mixin.py:190} INFO - [2025-04-30T00:32:29.293+0000] {dag.py:4138} INFO - Setting next_dagrun for example_sla_dag to 2025-04-30 00:30:00+00:00, run_after=2025-04-30 00:32:00+00:00
[2025-04-30T00:32:29.337+0000] {processor.py:208} INFO - Processing /home/airflow/.local/lib/python3.12/site-packages/airflow/example_dags/example_sla_dag.py took 0.163 seconds
[2025-04-30T00:32:59.870+0000] {processor.py:186} INFO - Started process (PID=377) to work on /home/airflow/.local/lib/python3.12/site-packages/airflow/example_dags/example_sla_dag.py
[2025-04-30T00:32:59.873+0000] {processor.py:914} INFO - Processing file /home/airflow/.local/lib/python3.12/site-packages/airflow/example_dags/example_sla_dag.py for tasks to queue
[2025-04-30T00:32:59.878+0000] {logging_mixin.py:190} INFO - [2025-04-30T00:32:59.877+0000] {dagbag.py:587} INFO - Filling up the DagBag from /home/airflow/.local/lib/python3.12/site-packages/airflow/example_dags/example_sla_dag.py
[2025-04-30T00:32:59.900+0000] {processor.py:925} INFO - DAG(s) 'example_sla_dag' retrieved from /home/airflow/.local/lib/python3.12/site-packages/airflow/example_dags/example_sla_dag.py
[2025-04-30T00:32:59.943+0000] {logging_mixin.py:190} INFO - [2025-04-30T00:32:59.942+0000] {dag.py:3211} INFO - Sync 1 DAGs
[2025-04-30T00:33:00.005+0000] {logging_mixin.py:190} INFO - [2025-04-30T00:33:00.004+0000] {dag.py:4138} INFO - Setting next_dagrun for example_sla_dag to 2025-04-30 00:30:00+00:00, run_after=2025-04-30 00:32:00+00:00
[2025-04-30T00:33:00.047+0000] {processor.py:208} INFO - Processing /home/airflow/.local/lib/python3.12/site-packages/airflow/example_dags/example_sla_dag.py took 0.190 seconds
[2025-04-30T00:33:30.702+0000] {processor.py:186} INFO - Started process (PID=440) to work on /home/airflow/.local/lib/python3.12/site-packages/airflow/example_dags/example_sla_dag.py
[2025-04-30T00:33:30.704+0000] {processor.py:914} INFO - Processing file /home/airflow/.local/lib/python3.12/site-packages/airflow/example_dags/example_sla_dag.py for tasks to queue
[2025-04-30T00:33:30.708+0000] {logging_mixin.py:190} INFO - [2025-04-30T00:33:30.708+0000] {dagbag.py:587} INFO - Filling up the DagBag from /home/airflow/.local/lib/python3.12/site-packages/airflow/example_dags/example_sla_dag.py
[2025-04-30T00:33:30.726+0000] {processor.py:925} INFO - DAG(s) 'example_sla_dag' retrieved from /home/airflow/.local/lib/python3.12/site-packages/airflow/example_dags/example_sla_dag.py
[2025-04-30T00:33:30.762+0000] {logging_mixin.py:190} INFO - [2025-04-30T00:33:30.762+0000] {dag.py:3211} INFO - Sync 1 DAGs
[2025-04-30T00:33:30.802+0000] {logging_mixin.py:190} INFO - [2025-04-30T00:33:30.802+0000] {dag.py:4138} INFO - Setting next_dagrun for example_sla_dag to 2025-04-30 00:30:00+00:00, run_after=2025-04-30 00:32:00+00:00
[2025-04-30T00:33:30.844+0000] {processor.py:208} INFO - Processing /home/airflow/.local/lib/python3.12/site-packages/airflow/example_dags/example_sla_dag.py took 0.155 seconds
[2025-04-30T00:34:01.576+0000] {processor.py:186} INFO - Started process (PID=504) to work on /home/airflow/.local/lib/python3.12/site-packages/airflow/example_dags/example_sla_dag.py
[2025-04-30T00:34:01.578+0000] {processor.py:914} INFO - Processing file /home/airflow/.local/lib/python3.12/site-packages/airflow/example_dags/example_sla_dag.py for tasks to queue
[2025-04-30T00:34:01.582+0000] {logging_mixin.py:190} INFO - [2025-04-30T00:34:01.581+0000] {dagbag.py:587} INFO - Filling up the DagBag from /home/airflow/.local/lib/python3.12/site-packages/airflow/example_dags/example_sla_dag.py
[2025-04-30T00:34:01.607+0000] {processor.py:925} INFO - DAG(s) 'example_sla_dag' retrieved from /home/airflow/.local/lib/python3.12/site-packages/airflow/example_dags/example_sla_dag.py
[2025-04-30T00:34:01.650+0000] {logging_mixin.py:190} INFO - [2025-04-30T00:34:01.650+0000] {dag.py:3211} INFO - Sync 1 DAGs
[2025-04-30T00:34:01.698+0000] {logging_mixin.py:190} INFO - [2025-04-30T00:34:01.698+0000] {dag.py:4138} INFO - Setting next_dagrun for example_sla_dag to 2025-04-30 00:32:00+00:00, run_after=2025-04-30 00:34:00+00:00
[2025-04-30T00:34:01.743+0000] {processor.py:208} INFO - Processing /home/airflow/.local/lib/python3.12/site-packages/airflow/example_dags/example_sla_dag.py took 0.178 seconds
[2025-04-30T00:34:32.390+0000] {processor.py:186} INFO - Started process (PID=567) to work on /home/airflow/.local/lib/python3.12/site-packages/airflow/example_dags/example_sla_dag.py
[2025-04-30T00:34:32.393+0000] {processor.py:914} INFO - Processing file /home/airflow/.local/lib/python3.12/site-packages/airflow/example_dags/example_sla_dag.py for tasks to queue
[2025-04-30T00:34:32.407+0000] {logging_mixin.py:190} INFO - [2025-04-30T00:34:32.406+0000] {dagbag.py:587} INFO - Filling up the DagBag from /home/airflow/.local/lib/python3.12/site-packages/airflow/example_dags/example_sla_dag.py
[2025-04-30T00:34:32.443+0000] {processor.py:925} INFO - DAG(s) 'example_sla_dag' retrieved from /home/airflow/.local/lib/python3.12/site-packages/airflow/example_dags/example_sla_dag.py
[2025-04-30T00:34:32.548+0000] {logging_mixin.py:190} INFO - [2025-04-30T00:34:32.547+0000] {dag.py:3211} INFO - Sync 1 DAGs
[2025-04-30T00:34:32.654+0000] {logging_mixin.py:190} INFO - [2025-04-30T00:34:32.654+0000] {dag.py:4138} INFO - Setting next_dagrun for example_sla_dag to 2025-04-30 00:32:00+00:00, run_after=2025-04-30 00:34:00+00:00
[2025-04-30T00:34:32.716+0000] {processor.py:208} INFO - Processing /home/airflow/.local/lib/python3.12/site-packages/airflow/example_dags/example_sla_dag.py took 0.346 seconds
[2025-04-30T00:35:03.055+0000] {processor.py:186} INFO - Started process (PID=629) to work on /home/airflow/.local/lib/python3.12/site-packages/airflow/example_dags/example_sla_dag.py
[2025-04-30T00:35:03.060+0000] {processor.py:914} INFO - Processing file /home/airflow/.local/lib/python3.12/site-packages/airflow/example_dags/example_sla_dag.py for tasks to queue
[2025-04-30T00:35:03.072+0000] {logging_mixin.py:190} INFO - [2025-04-30T00:35:03.070+0000] {dagbag.py:587} INFO - Filling up the DagBag from /home/airflow/.local/lib/python3.12/site-packages/airflow/example_dags/example_sla_dag.py
[2025-04-30T00:35:03.118+0000] {processor.py:925} INFO - DAG(s) 'example_sla_dag' retrieved from /home/airflow/.local/lib/python3.12/site-packages/airflow/example_dags/example_sla_dag.py
[2025-04-30T00:35:03.216+0000] {logging_mixin.py:190} INFO - [2025-04-30T00:35:03.216+0000] {dag.py:3211} INFO - Sync 1 DAGs
[2025-04-30T00:35:03.289+0000] {logging_mixin.py:190} INFO - [2025-04-30T00:35:03.289+0000] {dag.py:4138} INFO - Setting next_dagrun for example_sla_dag to 2025-04-30 00:32:00+00:00, run_after=2025-04-30 00:34:00+00:00
[2025-04-30T00:35:03.344+0000] {processor.py:208} INFO - Processing /home/airflow/.local/lib/python3.12/site-packages/airflow/example_dags/example_sla_dag.py took 0.317 seconds
[2025-04-30T00:35:34.184+0000] {processor.py:186} INFO - Started process (PID=693) to work on /home/airflow/.local/lib/python3.12/site-packages/airflow/example_dags/example_sla_dag.py
[2025-04-30T00:35:34.187+0000] {processor.py:914} INFO - Processing file /home/airflow/.local/lib/python3.12/site-packages/airflow/example_dags/example_sla_dag.py for tasks to queue
[2025-04-30T00:35:34.198+0000] {logging_mixin.py:190} INFO - [2025-04-30T00:35:34.197+0000] {dagbag.py:587} INFO - Filling up the DagBag from /home/airflow/.local/lib/python3.12/site-packages/airflow/example_dags/example_sla_dag.py
[2025-04-30T00:35:34.239+0000] {processor.py:925} INFO - DAG(s) 'example_sla_dag' retrieved from /home/airflow/.local/lib/python3.12/site-packages/airflow/example_dags/example_sla_dag.py
[2025-04-30T00:35:34.314+0000] {logging_mixin.py:190} INFO - [2025-04-30T00:35:34.313+0000] {dag.py:3211} INFO - Sync 1 DAGs
[2025-04-30T00:35:34.394+0000] {logging_mixin.py:190} INFO - [2025-04-30T00:35:34.393+0000] {dag.py:4138} INFO - Setting next_dagrun for example_sla_dag to 2025-04-30 00:32:00+00:00, run_after=2025-04-30 00:34:00+00:00
[2025-04-30T00:35:34.444+0000] {processor.py:208} INFO - Processing /home/airflow/.local/lib/python3.12/site-packages/airflow/example_dags/example_sla_dag.py took 0.282 seconds
[2025-04-30T00:36:04.540+0000] {processor.py:186} INFO - Started process (PID=755) to work on /home/airflow/.local/lib/python3.12/site-packages/airflow/example_dags/example_sla_dag.py
[2025-04-30T00:36:04.542+0000] {processor.py:914} INFO - Processing file /home/airflow/.local/lib/python3.12/site-packages/airflow/example_dags/example_sla_dag.py for tasks to queue
[2025-04-30T00:36:04.548+0000] {logging_mixin.py:190} INFO - [2025-04-30T00:36:04.547+0000] {dagbag.py:587} INFO - Filling up the DagBag from /home/airflow/.local/lib/python3.12/site-packages/airflow/example_dags/example_sla_dag.py
[2025-04-30T00:36:04.583+0000] {processor.py:925} INFO - DAG(s) 'example_sla_dag' retrieved from /home/airflow/.local/lib/python3.12/site-packages/airflow/example_dags/example_sla_dag.py
[2025-04-30T00:36:04.633+0000] {logging_mixin.py:190} INFO - [2025-04-30T00:36:04.632+0000] {dag.py:3211} INFO - Sync 1 DAGs
[2025-04-30T00:36:04.699+0000] {logging_mixin.py:190} INFO - [2025-04-30T00:36:04.699+0000] {dag.py:4138} INFO - Setting next_dagrun for example_sla_dag to 2025-04-30 00:34:00+00:00, run_after=2025-04-30 00:36:00+00:00
[2025-04-30T00:36:04.743+0000] {processor.py:208} INFO - Processing /home/airflow/.local/lib/python3.12/site-packages/airflow/example_dags/example_sla_dag.py took 0.215 seconds
[2025-04-30T00:36:35.432+0000] {processor.py:186} INFO - Started process (PID=818) to work on /home/airflow/.local/lib/python3.12/site-packages/airflow/example_dags/example_sla_dag.py
[2025-04-30T00:36:35.448+0000] {processor.py:914} INFO - Processing file /home/airflow/.local/lib/python3.12/site-packages/airflow/example_dags/example_sla_dag.py for tasks to queue
[2025-04-30T00:36:35.458+0000] {logging_mixin.py:190} INFO - [2025-04-30T00:36:35.457+0000] {dagbag.py:587} INFO - Filling up the DagBag from /home/airflow/.local/lib/python3.12/site-packages/airflow/example_dags/example_sla_dag.py
[2025-04-30T00:36:35.518+0000] {processor.py:925} INFO - DAG(s) 'example_sla_dag' retrieved from /home/airflow/.local/lib/python3.12/site-packages/airflow/example_dags/example_sla_dag.py
[2025-04-30T00:36:35.619+0000] {logging_mixin.py:190} INFO - [2025-04-30T00:36:35.618+0000] {dag.py:3211} INFO - Sync 1 DAGs
[2025-04-30T00:36:35.735+0000] {logging_mixin.py:190} INFO - [2025-04-30T00:36:35.734+0000] {dag.py:4138} INFO - Setting next_dagrun for example_sla_dag to 2025-04-30 00:34:00+00:00, run_after=2025-04-30 00:36:00+00:00
[2025-04-30T00:36:35.795+0000] {processor.py:208} INFO - Processing /home/airflow/.local/lib/python3.12/site-packages/airflow/example_dags/example_sla_dag.py took 0.384 seconds
[2025-04-30T00:37:06.198+0000] {processor.py:186} INFO - Started process (PID=881) to work on /home/airflow/.local/lib/python3.12/site-packages/airflow/example_dags/example_sla_dag.py
[2025-04-30T00:37:06.200+0000] {processor.py:914} INFO - Processing file /home/airflow/.local/lib/python3.12/site-packages/airflow/example_dags/example_sla_dag.py for tasks to queue
[2025-04-30T00:37:06.204+0000] {logging_mixin.py:190} INFO - [2025-04-30T00:37:06.204+0000] {dagbag.py:587} INFO - Filling up the DagBag from /home/airflow/.local/lib/python3.12/site-packages/airflow/example_dags/example_sla_dag.py
[2025-04-30T00:37:06.225+0000] {processor.py:925} INFO - DAG(s) 'example_sla_dag' retrieved from /home/airflow/.local/lib/python3.12/site-packages/airflow/example_dags/example_sla_dag.py
[2025-04-30T00:37:06.269+0000] {logging_mixin.py:190} INFO - [2025-04-30T00:37:06.268+0000] {dag.py:3211} INFO - Sync 1 DAGs
[2025-04-30T00:37:06.316+0000] {logging_mixin.py:190} INFO - [2025-04-30T00:37:06.316+0000] {dag.py:4138} INFO - Setting next_dagrun for example_sla_dag to 2025-04-30 00:34:00+00:00, run_after=2025-04-30 00:36:00+00:00
[2025-04-30T00:37:06.353+0000] {processor.py:208} INFO - Processing /home/airflow/.local/lib/python3.12/site-packages/airflow/example_dags/example_sla_dag.py took 0.165 seconds
[2025-04-30T00:37:37.020+0000] {processor.py:186} INFO - Started process (PID=946) to work on /home/airflow/.local/lib/python3.12/site-packages/airflow/example_dags/example_sla_dag.py
[2025-04-30T00:37:37.023+0000] {processor.py:914} INFO - Processing file /home/airflow/.local/lib/python3.12/site-packages/airflow/example_dags/example_sla_dag.py for tasks to queue
[2025-04-30T00:37:37.029+0000] {logging_mixin.py:190} INFO - [2025-04-30T00:37:37.028+0000] {dagbag.py:587} INFO - Filling up the DagBag from /home/airflow/.local/lib/python3.12/site-packages/airflow/example_dags/example_sla_dag.py
[2025-04-30T00:37:37.057+0000] {processor.py:925} INFO - DAG(s) 'example_sla_dag' retrieved from /home/airflow/.local/lib/python3.12/site-packages/airflow/example_dags/example_sla_dag.py
[2025-04-30T00:37:37.105+0000] {logging_mixin.py:190} INFO - [2025-04-30T00:37:37.104+0000] {dag.py:3211} INFO - Sync 1 DAGs
[2025-04-30T00:37:37.180+0000] {logging_mixin.py:190} INFO - [2025-04-30T00:37:37.179+0000] {dag.py:4138} INFO - Setting next_dagrun for example_sla_dag to 2025-04-30 00:34:00+00:00, run_after=2025-04-30 00:36:00+00:00
[2025-04-30T00:37:37.226+0000] {processor.py:208} INFO - Processing /home/airflow/.local/lib/python3.12/site-packages/airflow/example_dags/example_sla_dag.py took 0.224 seconds
[2025-04-30T00:38:08.483+0000] {processor.py:186} INFO - Started process (PID=1015) to work on /home/airflow/.local/lib/python3.12/site-packages/airflow/example_dags/example_sla_dag.py
[2025-04-30T00:38:08.499+0000] {processor.py:914} INFO - Processing file /home/airflow/.local/lib/python3.12/site-packages/airflow/example_dags/example_sla_dag.py for tasks to queue
[2025-04-30T00:38:08.509+0000] {logging_mixin.py:190} INFO - [2025-04-30T00:38:08.507+0000] {dagbag.py:587} INFO - Filling up the DagBag from /home/airflow/.local/lib/python3.12/site-packages/airflow/example_dags/example_sla_dag.py
[2025-04-30T00:38:08.550+0000] {processor.py:925} INFO - DAG(s) 'example_sla_dag' retrieved from /home/airflow/.local/lib/python3.12/site-packages/airflow/example_dags/example_sla_dag.py
[2025-04-30T00:38:08.604+0000] {logging_mixin.py:190} INFO - [2025-04-30T00:38:08.604+0000] {dag.py:3211} INFO - Sync 1 DAGs
[2025-04-30T00:38:08.664+0000] {logging_mixin.py:190} INFO - [2025-04-30T00:38:08.664+0000] {dag.py:4138} INFO - Setting next_dagrun for example_sla_dag to 2025-04-30 00:36:00+00:00, run_after=2025-04-30 00:38:00+00:00
[2025-04-30T00:38:08.705+0000] {processor.py:208} INFO - Processing /home/airflow/.local/lib/python3.12/site-packages/airflow/example_dags/example_sla_dag.py took 0.236 seconds
[2025-04-30T00:38:39.498+0000] {processor.py:186} INFO - Started process (PID=1079) to work on /home/airflow/.local/lib/python3.12/site-packages/airflow/example_dags/example_sla_dag.py
[2025-04-30T00:38:39.500+0000] {processor.py:914} INFO - Processing file /home/airflow/.local/lib/python3.12/site-packages/airflow/example_dags/example_sla_dag.py for tasks to queue
[2025-04-30T00:38:39.507+0000] {logging_mixin.py:190} INFO - [2025-04-30T00:38:39.506+0000] {dagbag.py:587} INFO - Filling up the DagBag from /home/airflow/.local/lib/python3.12/site-packages/airflow/example_dags/example_sla_dag.py
[2025-04-30T00:38:39.545+0000] {processor.py:925} INFO - DAG(s) 'example_sla_dag' retrieved from /home/airflow/.local/lib/python3.12/site-packages/airflow/example_dags/example_sla_dag.py
[2025-04-30T00:38:39.597+0000] {logging_mixin.py:190} INFO - [2025-04-30T00:38:39.597+0000] {dag.py:3211} INFO - Sync 1 DAGs
[2025-04-30T00:38:39.682+0000] {logging_mixin.py:190} INFO - [2025-04-30T00:38:39.679+0000] {dag.py:4138} INFO - Setting next_dagrun for example_sla_dag to 2025-04-30 00:36:00+00:00, run_after=2025-04-30 00:38:00+00:00
[2025-04-30T00:38:39.741+0000] {processor.py:208} INFO - Processing /home/airflow/.local/lib/python3.12/site-packages/airflow/example_dags/example_sla_dag.py took 0.257 seconds
[2025-04-30T00:39:10.877+0000] {processor.py:186} INFO - Started process (PID=1142) to work on /home/airflow/.local/lib/python3.12/site-packages/airflow/example_dags/example_sla_dag.py
[2025-04-30T00:39:10.879+0000] {processor.py:914} INFO - Processing file /home/airflow/.local/lib/python3.12/site-packages/airflow/example_dags/example_sla_dag.py for tasks to queue
[2025-04-30T00:39:10.887+0000] {logging_mixin.py:190} INFO - [2025-04-30T00:39:10.886+0000] {dagbag.py:587} INFO - Filling up the DagBag from /home/airflow/.local/lib/python3.12/site-packages/airflow/example_dags/example_sla_dag.py
[2025-04-30T00:39:10.915+0000] {processor.py:925} INFO - DAG(s) 'example_sla_dag' retrieved from /home/airflow/.local/lib/python3.12/site-packages/airflow/example_dags/example_sla_dag.py
[2025-04-30T00:39:10.957+0000] {logging_mixin.py:190} INFO - [2025-04-30T00:39:10.956+0000] {dag.py:3211} INFO - Sync 1 DAGs
[2025-04-30T00:39:11.017+0000] {logging_mixin.py:190} INFO - [2025-04-30T00:39:11.016+0000] {dag.py:4138} INFO - Setting next_dagrun for example_sla_dag to 2025-04-30 00:36:00+00:00, run_after=2025-04-30 00:38:00+00:00
[2025-04-30T00:39:11.064+0000] {processor.py:208} INFO - Processing /home/airflow/.local/lib/python3.12/site-packages/airflow/example_dags/example_sla_dag.py took 0.199 seconds
[2025-04-30T00:39:41.668+0000] {processor.py:186} INFO - Started process (PID=1205) to work on /home/airflow/.local/lib/python3.12/site-packages/airflow/example_dags/example_sla_dag.py
[2025-04-30T00:39:41.670+0000] {processor.py:914} INFO - Processing file /home/airflow/.local/lib/python3.12/site-packages/airflow/example_dags/example_sla_dag.py for tasks to queue
[2025-04-30T00:39:41.674+0000] {logging_mixin.py:190} INFO - [2025-04-30T00:39:41.674+0000] {dagbag.py:587} INFO - Filling up the DagBag from /home/airflow/.local/lib/python3.12/site-packages/airflow/example_dags/example_sla_dag.py
[2025-04-30T00:39:41.696+0000] {processor.py:925} INFO - DAG(s) 'example_sla_dag' retrieved from /home/airflow/.local/lib/python3.12/site-packages/airflow/example_dags/example_sla_dag.py
[2025-04-30T00:39:41.738+0000] {logging_mixin.py:190} INFO - [2025-04-30T00:39:41.737+0000] {dag.py:3211} INFO - Sync 1 DAGs
[2025-04-30T00:39:41.798+0000] {logging_mixin.py:190} INFO - [2025-04-30T00:39:41.798+0000] {dag.py:4138} INFO - Setting next_dagrun for example_sla_dag to 2025-04-30 00:36:00+00:00, run_after=2025-04-30 00:38:00+00:00
[2025-04-30T00:39:41.848+0000] {processor.py:208} INFO - Processing /home/airflow/.local/lib/python3.12/site-packages/airflow/example_dags/example_sla_dag.py took 0.192 seconds
[2025-04-30T00:40:12.038+0000] {processor.py:186} INFO - Started process (PID=1267) to work on /home/airflow/.local/lib/python3.12/site-packages/airflow/example_dags/example_sla_dag.py
[2025-04-30T00:40:12.040+0000] {processor.py:914} INFO - Processing file /home/airflow/.local/lib/python3.12/site-packages/airflow/example_dags/example_sla_dag.py for tasks to queue
[2025-04-30T00:40:12.047+0000] {logging_mixin.py:190} INFO - [2025-04-30T00:40:12.046+0000] {dagbag.py:587} INFO - Filling up the DagBag from /home/airflow/.local/lib/python3.12/site-packages/airflow/example_dags/example_sla_dag.py
[2025-04-30T00:40:12.074+0000] {processor.py:925} INFO - DAG(s) 'example_sla_dag' retrieved from /home/airflow/.local/lib/python3.12/site-packages/airflow/example_dags/example_sla_dag.py
[2025-04-30T00:40:12.110+0000] {logging_mixin.py:190} INFO - [2025-04-30T00:40:12.110+0000] {dag.py:3211} INFO - Sync 1 DAGs
[2025-04-30T00:40:12.156+0000] {logging_mixin.py:190} INFO - [2025-04-30T00:40:12.156+0000] {dag.py:4138} INFO - Setting next_dagrun for example_sla_dag to 2025-04-30 00:38:00+00:00, run_after=2025-04-30 00:40:00+00:00
[2025-04-30T00:40:12.198+0000] {processor.py:208} INFO - Processing /home/airflow/.local/lib/python3.12/site-packages/airflow/example_dags/example_sla_dag.py took 0.176 seconds
[2025-04-30T00:40:42.407+0000] {processor.py:186} INFO - Started process (PID=1329) to work on /home/airflow/.local/lib/python3.12/site-packages/airflow/example_dags/example_sla_dag.py
[2025-04-30T00:40:42.412+0000] {processor.py:914} INFO - Processing file /home/airflow/.local/lib/python3.12/site-packages/airflow/example_dags/example_sla_dag.py for tasks to queue
[2025-04-30T00:40:42.425+0000] {logging_mixin.py:190} INFO - [2025-04-30T00:40:42.424+0000] {dagbag.py:587} INFO - Filling up the DagBag from /home/airflow/.local/lib/python3.12/site-packages/airflow/example_dags/example_sla_dag.py
[2025-04-30T00:40:42.452+0000] {processor.py:925} INFO - DAG(s) 'example_sla_dag' retrieved from /home/airflow/.local/lib/python3.12/site-packages/airflow/example_dags/example_sla_dag.py
[2025-04-30T00:40:42.503+0000] {logging_mixin.py:190} INFO - [2025-04-30T00:40:42.502+0000] {dag.py:3211} INFO - Sync 1 DAGs
[2025-04-30T00:40:42.627+0000] {logging_mixin.py:190} INFO - [2025-04-30T00:40:42.627+0000] {dag.py:4138} INFO - Setting next_dagrun for example_sla_dag to 2025-04-30 00:38:00+00:00, run_after=2025-04-30 00:40:00+00:00
[2025-04-30T00:40:42.669+0000] {processor.py:208} INFO - Processing /home/airflow/.local/lib/python3.12/site-packages/airflow/example_dags/example_sla_dag.py took 0.299 seconds
[2025-04-30T00:41:13.299+0000] {processor.py:186} INFO - Started process (PID=1393) to work on /home/airflow/.local/lib/python3.12/site-packages/airflow/example_dags/example_sla_dag.py
[2025-04-30T00:41:13.310+0000] {processor.py:914} INFO - Processing file /home/airflow/.local/lib/python3.12/site-packages/airflow/example_dags/example_sla_dag.py for tasks to queue
[2025-04-30T00:41:13.323+0000] {logging_mixin.py:190} INFO - [2025-04-30T00:41:13.320+0000] {dagbag.py:587} INFO - Filling up the DagBag from /home/airflow/.local/lib/python3.12/site-packages/airflow/example_dags/example_sla_dag.py
[2025-04-30T00:41:13.356+0000] {processor.py:925} INFO - DAG(s) 'example_sla_dag' retrieved from /home/airflow/.local/lib/python3.12/site-packages/airflow/example_dags/example_sla_dag.py
[2025-04-30T00:41:13.395+0000] {logging_mixin.py:190} INFO - [2025-04-30T00:41:13.395+0000] {dag.py:3211} INFO - Sync 1 DAGs
[2025-04-30T00:41:13.458+0000] {logging_mixin.py:190} INFO - [2025-04-30T00:41:13.458+0000] {dag.py:4138} INFO - Setting next_dagrun for example_sla_dag to 2025-04-30 00:38:00+00:00, run_after=2025-04-30 00:40:00+00:00
[2025-04-30T00:41:13.510+0000] {processor.py:208} INFO - Processing /home/airflow/.local/lib/python3.12/site-packages/airflow/example_dags/example_sla_dag.py took 0.251 seconds
[2025-04-30T00:41:43.790+0000] {processor.py:186} INFO - Started process (PID=1455) to work on /home/airflow/.local/lib/python3.12/site-packages/airflow/example_dags/example_sla_dag.py
[2025-04-30T00:41:43.793+0000] {processor.py:914} INFO - Processing file /home/airflow/.local/lib/python3.12/site-packages/airflow/example_dags/example_sla_dag.py for tasks to queue
[2025-04-30T00:41:43.800+0000] {logging_mixin.py:190} INFO - [2025-04-30T00:41:43.799+0000] {dagbag.py:587} INFO - Filling up the DagBag from /home/airflow/.local/lib/python3.12/site-packages/airflow/example_dags/example_sla_dag.py
[2025-04-30T00:41:43.828+0000] {processor.py:925} INFO - DAG(s) 'example_sla_dag' retrieved from /home/airflow/.local/lib/python3.12/site-packages/airflow/example_dags/example_sla_dag.py
[2025-04-30T00:41:43.878+0000] {logging_mixin.py:190} INFO - [2025-04-30T00:41:43.878+0000] {dag.py:3211} INFO - Sync 1 DAGs
[2025-04-30T00:41:43.948+0000] {logging_mixin.py:190} INFO - [2025-04-30T00:41:43.947+0000] {dag.py:4138} INFO - Setting next_dagrun for example_sla_dag to 2025-04-30 00:38:00+00:00, run_after=2025-04-30 00:40:00+00:00
[2025-04-30T00:41:44.006+0000] {processor.py:208} INFO - Processing /home/airflow/.local/lib/python3.12/site-packages/airflow/example_dags/example_sla_dag.py took 0.230 seconds
[2025-04-30T00:42:14.230+0000] {processor.py:186} INFO - Started process (PID=1522) to work on /home/airflow/.local/lib/python3.12/site-packages/airflow/example_dags/example_sla_dag.py
[2025-04-30T00:42:14.232+0000] {processor.py:914} INFO - Processing file /home/airflow/.local/lib/python3.12/site-packages/airflow/example_dags/example_sla_dag.py for tasks to queue
[2025-04-30T00:42:14.234+0000] {logging_mixin.py:190} INFO - [2025-04-30T00:42:14.234+0000] {dagbag.py:587} INFO - Filling up the DagBag from /home/airflow/.local/lib/python3.12/site-packages/airflow/example_dags/example_sla_dag.py
[2025-04-30T00:42:14.252+0000] {processor.py:925} INFO - DAG(s) 'example_sla_dag' retrieved from /home/airflow/.local/lib/python3.12/site-packages/airflow/example_dags/example_sla_dag.py
[2025-04-30T00:42:14.290+0000] {logging_mixin.py:190} INFO - [2025-04-30T00:42:14.289+0000] {dag.py:3211} INFO - Sync 1 DAGs
[2025-04-30T00:42:14.340+0000] {logging_mixin.py:190} INFO - [2025-04-30T00:42:14.340+0000] {dag.py:4138} INFO - Setting next_dagrun for example_sla_dag to 2025-04-30 00:40:00+00:00, run_after=2025-04-30 00:42:00+00:00
[2025-04-30T00:42:14.377+0000] {processor.py:208} INFO - Processing /home/airflow/.local/lib/python3.12/site-packages/airflow/example_dags/example_sla_dag.py took 0.156 seconds
[2025-04-30T00:42:45.053+0000] {processor.py:186} INFO - Started process (PID=1585) to work on /home/airflow/.local/lib/python3.12/site-packages/airflow/example_dags/example_sla_dag.py
[2025-04-30T00:42:45.055+0000] {processor.py:914} INFO - Processing file /home/airflow/.local/lib/python3.12/site-packages/airflow/example_dags/example_sla_dag.py for tasks to queue
[2025-04-30T00:42:45.059+0000] {logging_mixin.py:190} INFO - [2025-04-30T00:42:45.058+0000] {dagbag.py:587} INFO - Filling up the DagBag from /home/airflow/.local/lib/python3.12/site-packages/airflow/example_dags/example_sla_dag.py
[2025-04-30T00:42:45.088+0000] {processor.py:925} INFO - DAG(s) 'example_sla_dag' retrieved from /home/airflow/.local/lib/python3.12/site-packages/airflow/example_dags/example_sla_dag.py
[2025-04-30T00:42:45.147+0000] {logging_mixin.py:190} INFO - [2025-04-30T00:42:45.147+0000] {dag.py:3211} INFO - Sync 1 DAGs
[2025-04-30T00:42:45.211+0000] {logging_mixin.py:190} INFO - [2025-04-30T00:42:45.210+0000] {dag.py:4138} INFO - Setting next_dagrun for example_sla_dag to 2025-04-30 00:40:00+00:00, run_after=2025-04-30 00:42:00+00:00
[2025-04-30T00:42:45.250+0000] {processor.py:208} INFO - Processing /home/airflow/.local/lib/python3.12/site-packages/airflow/example_dags/example_sla_dag.py took 0.212 seconds
[2025-04-30T00:43:15.688+0000] {processor.py:186} INFO - Started process (PID=1648) to work on /home/airflow/.local/lib/python3.12/site-packages/airflow/example_dags/example_sla_dag.py
[2025-04-30T00:43:15.691+0000] {processor.py:914} INFO - Processing file /home/airflow/.local/lib/python3.12/site-packages/airflow/example_dags/example_sla_dag.py for tasks to queue
[2025-04-30T00:43:15.696+0000] {logging_mixin.py:190} INFO - [2025-04-30T00:43:15.695+0000] {dagbag.py:587} INFO - Filling up the DagBag from /home/airflow/.local/lib/python3.12/site-packages/airflow/example_dags/example_sla_dag.py
[2025-04-30T00:43:15.722+0000] {processor.py:925} INFO - DAG(s) 'example_sla_dag' retrieved from /home/airflow/.local/lib/python3.12/site-packages/airflow/example_dags/example_sla_dag.py
[2025-04-30T00:43:15.776+0000] {logging_mixin.py:190} INFO - [2025-04-30T00:43:15.776+0000] {dag.py:3211} INFO - Sync 1 DAGs
[2025-04-30T00:43:15.853+0000] {logging_mixin.py:190} INFO - [2025-04-30T00:43:15.853+0000] {dag.py:4138} INFO - Setting next_dagrun for example_sla_dag to 2025-04-30 00:40:00+00:00, run_after=2025-04-30 00:42:00+00:00
[2025-04-30T00:43:15.907+0000] {processor.py:208} INFO - Processing /home/airflow/.local/lib/python3.12/site-packages/airflow/example_dags/example_sla_dag.py took 0.231 seconds
[2025-04-30T00:43:46.929+0000] {processor.py:186} INFO - Started process (PID=1711) to work on /home/airflow/.local/lib/python3.12/site-packages/airflow/example_dags/example_sla_dag.py
[2025-04-30T00:43:46.931+0000] {processor.py:914} INFO - Processing file /home/airflow/.local/lib/python3.12/site-packages/airflow/example_dags/example_sla_dag.py for tasks to queue
[2025-04-30T00:43:46.934+0000] {logging_mixin.py:190} INFO - [2025-04-30T00:43:46.933+0000] {dagbag.py:587} INFO - Filling up the DagBag from /home/airflow/.local/lib/python3.12/site-packages/airflow/example_dags/example_sla_dag.py
[2025-04-30T00:43:46.957+0000] {processor.py:925} INFO - DAG(s) 'example_sla_dag' retrieved from /home/airflow/.local/lib/python3.12/site-packages/airflow/example_dags/example_sla_dag.py
[2025-04-30T00:43:46.994+0000] {logging_mixin.py:190} INFO - [2025-04-30T00:43:46.994+0000] {dag.py:3211} INFO - Sync 1 DAGs
[2025-04-30T00:43:47.043+0000] {logging_mixin.py:190} INFO - [2025-04-30T00:43:47.043+0000] {dag.py:4138} INFO - Setting next_dagrun for example_sla_dag to 2025-04-30 00:40:00+00:00, run_after=2025-04-30 00:42:00+00:00
[2025-04-30T00:43:47.077+0000] {processor.py:208} INFO - Processing /home/airflow/.local/lib/python3.12/site-packages/airflow/example_dags/example_sla_dag.py took 0.165 seconds
[2025-04-30T00:44:17.222+0000] {processor.py:186} INFO - Started process (PID=1773) to work on /home/airflow/.local/lib/python3.12/site-packages/airflow/example_dags/example_sla_dag.py
[2025-04-30T00:44:17.224+0000] {processor.py:914} INFO - Processing file /home/airflow/.local/lib/python3.12/site-packages/airflow/example_dags/example_sla_dag.py for tasks to queue
[2025-04-30T00:44:17.226+0000] {logging_mixin.py:190} INFO - [2025-04-30T00:44:17.225+0000] {dagbag.py:587} INFO - Filling up the DagBag from /home/airflow/.local/lib/python3.12/site-packages/airflow/example_dags/example_sla_dag.py
[2025-04-30T00:44:17.239+0000] {processor.py:925} INFO - DAG(s) 'example_sla_dag' retrieved from /home/airflow/.local/lib/python3.12/site-packages/airflow/example_dags/example_sla_dag.py
[2025-04-30T00:44:17.260+0000] {logging_mixin.py:190} INFO - [2025-04-30T00:44:17.260+0000] {dag.py:3211} INFO - Sync 1 DAGs
[2025-04-30T00:44:17.292+0000] {logging_mixin.py:190} INFO - [2025-04-30T00:44:17.292+0000] {dag.py:4138} INFO - Setting next_dagrun for example_sla_dag to 2025-04-30 00:42:00+00:00, run_after=2025-04-30 00:44:00+00:00
[2025-04-30T00:44:17.312+0000] {processor.py:208} INFO - Processing /home/airflow/.local/lib/python3.12/site-packages/airflow/example_dags/example_sla_dag.py took 0.099 seconds
[2025-04-30T00:44:48.191+0000] {processor.py:186} INFO - Started process (PID=1836) to work on /home/airflow/.local/lib/python3.12/site-packages/airflow/example_dags/example_sla_dag.py
[2025-04-30T00:44:48.192+0000] {processor.py:914} INFO - Processing file /home/airflow/.local/lib/python3.12/site-packages/airflow/example_dags/example_sla_dag.py for tasks to queue
[2025-04-30T00:44:48.194+0000] {logging_mixin.py:190} INFO - [2025-04-30T00:44:48.193+0000] {dagbag.py:587} INFO - Filling up the DagBag from /home/airflow/.local/lib/python3.12/site-packages/airflow/example_dags/example_sla_dag.py
[2025-04-30T00:44:48.211+0000] {processor.py:925} INFO - DAG(s) 'example_sla_dag' retrieved from /home/airflow/.local/lib/python3.12/site-packages/airflow/example_dags/example_sla_dag.py
[2025-04-30T00:44:48.238+0000] {logging_mixin.py:190} INFO - [2025-04-30T00:44:48.238+0000] {dag.py:3211} INFO - Sync 1 DAGs
[2025-04-30T00:44:48.274+0000] {logging_mixin.py:190} INFO - [2025-04-30T00:44:48.273+0000] {dag.py:4138} INFO - Setting next_dagrun for example_sla_dag to 2025-04-30 00:42:00+00:00, run_after=2025-04-30 00:44:00+00:00
[2025-04-30T00:44:48.300+0000] {processor.py:208} INFO - Processing /home/airflow/.local/lib/python3.12/site-packages/airflow/example_dags/example_sla_dag.py took 0.117 seconds
[2025-04-30T00:45:18.680+0000] {processor.py:186} INFO - Started process (PID=1899) to work on /home/airflow/.local/lib/python3.12/site-packages/airflow/example_dags/example_sla_dag.py
[2025-04-30T00:45:18.681+0000] {processor.py:914} INFO - Processing file /home/airflow/.local/lib/python3.12/site-packages/airflow/example_dags/example_sla_dag.py for tasks to queue
[2025-04-30T00:45:18.683+0000] {logging_mixin.py:190} INFO - [2025-04-30T00:45:18.682+0000] {dagbag.py:587} INFO - Filling up the DagBag from /home/airflow/.local/lib/python3.12/site-packages/airflow/example_dags/example_sla_dag.py
[2025-04-30T00:45:18.694+0000] {processor.py:925} INFO - DAG(s) 'example_sla_dag' retrieved from /home/airflow/.local/lib/python3.12/site-packages/airflow/example_dags/example_sla_dag.py
[2025-04-30T00:45:18.719+0000] {logging_mixin.py:190} INFO - [2025-04-30T00:45:18.719+0000] {dag.py:3211} INFO - Sync 1 DAGs
[2025-04-30T00:45:18.753+0000] {logging_mixin.py:190} INFO - [2025-04-30T00:45:18.753+0000] {dag.py:4138} INFO - Setting next_dagrun for example_sla_dag to 2025-04-30 00:42:00+00:00, run_after=2025-04-30 00:44:00+00:00
[2025-04-30T00:45:18.775+0000] {processor.py:208} INFO - Processing /home/airflow/.local/lib/python3.12/site-packages/airflow/example_dags/example_sla_dag.py took 0.101 seconds
[2025-04-30T00:45:49.663+0000] {processor.py:186} INFO - Started process (PID=1968) to work on /home/airflow/.local/lib/python3.12/site-packages/airflow/example_dags/example_sla_dag.py
[2025-04-30T00:45:49.664+0000] {processor.py:914} INFO - Processing file /home/airflow/.local/lib/python3.12/site-packages/airflow/example_dags/example_sla_dag.py for tasks to queue
[2025-04-30T00:45:49.665+0000] {logging_mixin.py:190} INFO - [2025-04-30T00:45:49.665+0000] {dagbag.py:587} INFO - Filling up the DagBag from /home/airflow/.local/lib/python3.12/site-packages/airflow/example_dags/example_sla_dag.py
[2025-04-30T00:45:49.678+0000] {processor.py:925} INFO - DAG(s) 'example_sla_dag' retrieved from /home/airflow/.local/lib/python3.12/site-packages/airflow/example_dags/example_sla_dag.py
[2025-04-30T00:45:49.700+0000] {logging_mixin.py:190} INFO - [2025-04-30T00:45:49.699+0000] {dag.py:3211} INFO - Sync 1 DAGs
[2025-04-30T00:45:49.735+0000] {logging_mixin.py:190} INFO - [2025-04-30T00:45:49.735+0000] {dag.py:4138} INFO - Setting next_dagrun for example_sla_dag to 2025-04-30 00:42:00+00:00, run_after=2025-04-30 00:44:00+00:00
[2025-04-30T00:45:49.757+0000] {processor.py:208} INFO - Processing /home/airflow/.local/lib/python3.12/site-packages/airflow/example_dags/example_sla_dag.py took 0.100 seconds
[2025-04-30T00:46:20.190+0000] {processor.py:186} INFO - Started process (PID=2031) to work on /home/airflow/.local/lib/python3.12/site-packages/airflow/example_dags/example_sla_dag.py
[2025-04-30T00:46:20.191+0000] {processor.py:914} INFO - Processing file /home/airflow/.local/lib/python3.12/site-packages/airflow/example_dags/example_sla_dag.py for tasks to queue
[2025-04-30T00:46:20.193+0000] {logging_mixin.py:190} INFO - [2025-04-30T00:46:20.192+0000] {dagbag.py:587} INFO - Filling up the DagBag from /home/airflow/.local/lib/python3.12/site-packages/airflow/example_dags/example_sla_dag.py
[2025-04-30T00:46:20.204+0000] {processor.py:925} INFO - DAG(s) 'example_sla_dag' retrieved from /home/airflow/.local/lib/python3.12/site-packages/airflow/example_dags/example_sla_dag.py
[2025-04-30T00:46:20.227+0000] {logging_mixin.py:190} INFO - [2025-04-30T00:46:20.227+0000] {dag.py:3211} INFO - Sync 1 DAGs
[2025-04-30T00:46:20.261+0000] {logging_mixin.py:190} INFO - [2025-04-30T00:46:20.261+0000] {dag.py:4138} INFO - Setting next_dagrun for example_sla_dag to 2025-04-30 00:44:00+00:00, run_after=2025-04-30 00:46:00+00:00
[2025-04-30T00:46:20.287+0000] {processor.py:208} INFO - Processing /home/airflow/.local/lib/python3.12/site-packages/airflow/example_dags/example_sla_dag.py took 0.105 seconds
[2025-04-30T00:46:50.536+0000] {processor.py:186} INFO - Started process (PID=2094) to work on /home/airflow/.local/lib/python3.12/site-packages/airflow/example_dags/example_sla_dag.py
[2025-04-30T00:46:50.537+0000] {processor.py:914} INFO - Processing file /home/airflow/.local/lib/python3.12/site-packages/airflow/example_dags/example_sla_dag.py for tasks to queue
[2025-04-30T00:46:50.539+0000] {logging_mixin.py:190} INFO - [2025-04-30T00:46:50.538+0000] {dagbag.py:587} INFO - Filling up the DagBag from /home/airflow/.local/lib/python3.12/site-packages/airflow/example_dags/example_sla_dag.py
[2025-04-30T00:46:50.550+0000] {processor.py:925} INFO - DAG(s) 'example_sla_dag' retrieved from /home/airflow/.local/lib/python3.12/site-packages/airflow/example_dags/example_sla_dag.py
[2025-04-30T00:46:50.575+0000] {logging_mixin.py:190} INFO - [2025-04-30T00:46:50.575+0000] {dag.py:3211} INFO - Sync 1 DAGs
[2025-04-30T00:46:50.607+0000] {logging_mixin.py:190} INFO - [2025-04-30T00:46:50.607+0000] {dag.py:4138} INFO - Setting next_dagrun for example_sla_dag to 2025-04-30 00:44:00+00:00, run_after=2025-04-30 00:46:00+00:00
[2025-04-30T00:46:50.630+0000] {processor.py:208} INFO - Processing /home/airflow/.local/lib/python3.12/site-packages/airflow/example_dags/example_sla_dag.py took 0.101 seconds
[2025-04-30T00:47:21.334+0000] {processor.py:186} INFO - Started process (PID=2157) to work on /home/airflow/.local/lib/python3.12/site-packages/airflow/example_dags/example_sla_dag.py
[2025-04-30T00:47:21.335+0000] {processor.py:914} INFO - Processing file /home/airflow/.local/lib/python3.12/site-packages/airflow/example_dags/example_sla_dag.py for tasks to queue
[2025-04-30T00:47:21.337+0000] {logging_mixin.py:190} INFO - [2025-04-30T00:47:21.337+0000] {dagbag.py:587} INFO - Filling up the DagBag from /home/airflow/.local/lib/python3.12/site-packages/airflow/example_dags/example_sla_dag.py
[2025-04-30T00:47:21.349+0000] {processor.py:925} INFO - DAG(s) 'example_sla_dag' retrieved from /home/airflow/.local/lib/python3.12/site-packages/airflow/example_dags/example_sla_dag.py
[2025-04-30T00:47:21.374+0000] {logging_mixin.py:190} INFO - [2025-04-30T00:47:21.373+0000] {dag.py:3211} INFO - Sync 1 DAGs
[2025-04-30T00:47:21.405+0000] {logging_mixin.py:190} INFO - [2025-04-30T00:47:21.405+0000] {dag.py:4138} INFO - Setting next_dagrun for example_sla_dag to 2025-04-30 00:44:00+00:00, run_after=2025-04-30 00:46:00+00:00
[2025-04-30T00:47:21.428+0000] {processor.py:208} INFO - Processing /home/airflow/.local/lib/python3.12/site-packages/airflow/example_dags/example_sla_dag.py took 0.100 seconds
[2025-04-30T00:47:51.567+0000] {processor.py:186} INFO - Started process (PID=2220) to work on /home/airflow/.local/lib/python3.12/site-packages/airflow/example_dags/example_sla_dag.py
[2025-04-30T00:47:51.568+0000] {processor.py:914} INFO - Processing file /home/airflow/.local/lib/python3.12/site-packages/airflow/example_dags/example_sla_dag.py for tasks to queue
[2025-04-30T00:47:51.570+0000] {logging_mixin.py:190} INFO - [2025-04-30T00:47:51.570+0000] {dagbag.py:587} INFO - Filling up the DagBag from /home/airflow/.local/lib/python3.12/site-packages/airflow/example_dags/example_sla_dag.py
[2025-04-30T00:47:51.585+0000] {processor.py:925} INFO - DAG(s) 'example_sla_dag' retrieved from /home/airflow/.local/lib/python3.12/site-packages/airflow/example_dags/example_sla_dag.py
[2025-04-30T00:47:51.612+0000] {logging_mixin.py:190} INFO - [2025-04-30T00:47:51.611+0000] {dag.py:3211} INFO - Sync 1 DAGs
[2025-04-30T00:47:51.645+0000] {logging_mixin.py:190} INFO - [2025-04-30T00:47:51.644+0000] {dag.py:4138} INFO - Setting next_dagrun for example_sla_dag to 2025-04-30 00:44:00+00:00, run_after=2025-04-30 00:46:00+00:00
[2025-04-30T00:47:51.668+0000] {processor.py:208} INFO - Processing /home/airflow/.local/lib/python3.12/site-packages/airflow/example_dags/example_sla_dag.py took 0.110 seconds
[2025-04-30T00:48:22.621+0000] {processor.py:186} INFO - Started process (PID=2283) to work on /home/airflow/.local/lib/python3.12/site-packages/airflow/example_dags/example_sla_dag.py
[2025-04-30T00:48:22.623+0000] {processor.py:914} INFO - Processing file /home/airflow/.local/lib/python3.12/site-packages/airflow/example_dags/example_sla_dag.py for tasks to queue
[2025-04-30T00:48:22.625+0000] {logging_mixin.py:190} INFO - [2025-04-30T00:48:22.624+0000] {dagbag.py:587} INFO - Filling up the DagBag from /home/airflow/.local/lib/python3.12/site-packages/airflow/example_dags/example_sla_dag.py
[2025-04-30T00:48:22.637+0000] {processor.py:925} INFO - DAG(s) 'example_sla_dag' retrieved from /home/airflow/.local/lib/python3.12/site-packages/airflow/example_dags/example_sla_dag.py
[2025-04-30T00:48:22.661+0000] {logging_mixin.py:190} INFO - [2025-04-30T00:48:22.661+0000] {dag.py:3211} INFO - Sync 1 DAGs
[2025-04-30T00:48:22.695+0000] {logging_mixin.py:190} INFO - [2025-04-30T00:48:22.695+0000] {dag.py:4138} INFO - Setting next_dagrun for example_sla_dag to 2025-04-30 00:46:00+00:00, run_after=2025-04-30 00:48:00+00:00
[2025-04-30T00:48:22.719+0000] {processor.py:208} INFO - Processing /home/airflow/.local/lib/python3.12/site-packages/airflow/example_dags/example_sla_dag.py took 0.106 seconds
[2025-04-30T00:48:53.603+0000] {processor.py:186} INFO - Started process (PID=2346) to work on /home/airflow/.local/lib/python3.12/site-packages/airflow/example_dags/example_sla_dag.py
[2025-04-30T00:48:53.604+0000] {processor.py:914} INFO - Processing file /home/airflow/.local/lib/python3.12/site-packages/airflow/example_dags/example_sla_dag.py for tasks to queue
[2025-04-30T00:48:53.606+0000] {logging_mixin.py:190} INFO - [2025-04-30T00:48:53.605+0000] {dagbag.py:587} INFO - Filling up the DagBag from /home/airflow/.local/lib/python3.12/site-packages/airflow/example_dags/example_sla_dag.py
[2025-04-30T00:48:53.621+0000] {processor.py:925} INFO - DAG(s) 'example_sla_dag' retrieved from /home/airflow/.local/lib/python3.12/site-packages/airflow/example_dags/example_sla_dag.py
[2025-04-30T00:48:53.647+0000] {logging_mixin.py:190} INFO - [2025-04-30T00:48:53.647+0000] {dag.py:3211} INFO - Sync 1 DAGs
[2025-04-30T00:48:53.680+0000] {logging_mixin.py:190} INFO - [2025-04-30T00:48:53.680+0000] {dag.py:4138} INFO - Setting next_dagrun for example_sla_dag to 2025-04-30 00:46:00+00:00, run_after=2025-04-30 00:48:00+00:00
[2025-04-30T00:48:53.703+0000] {processor.py:208} INFO - Processing /home/airflow/.local/lib/python3.12/site-packages/airflow/example_dags/example_sla_dag.py took 0.109 seconds
[2025-04-30T00:49:24.124+0000] {processor.py:186} INFO - Started process (PID=2409) to work on /home/airflow/.local/lib/python3.12/site-packages/airflow/example_dags/example_sla_dag.py
[2025-04-30T00:49:24.125+0000] {processor.py:914} INFO - Processing file /home/airflow/.local/lib/python3.12/site-packages/airflow/example_dags/example_sla_dag.py for tasks to queue
[2025-04-30T00:49:24.127+0000] {logging_mixin.py:190} INFO - [2025-04-30T00:49:24.126+0000] {dagbag.py:587} INFO - Filling up the DagBag from /home/airflow/.local/lib/python3.12/site-packages/airflow/example_dags/example_sla_dag.py
[2025-04-30T00:49:24.137+0000] {processor.py:925} INFO - DAG(s) 'example_sla_dag' retrieved from /home/airflow/.local/lib/python3.12/site-packages/airflow/example_dags/example_sla_dag.py
[2025-04-30T00:49:24.159+0000] {logging_mixin.py:190} INFO - [2025-04-30T00:49:24.159+0000] {dag.py:3211} INFO - Sync 1 DAGs
[2025-04-30T00:49:24.188+0000] {logging_mixin.py:190} INFO - [2025-04-30T00:49:24.188+0000] {dag.py:4138} INFO - Setting next_dagrun for example_sla_dag to 2025-04-30 00:46:00+00:00, run_after=2025-04-30 00:48:00+00:00
[2025-04-30T00:49:24.209+0000] {processor.py:208} INFO - Processing /home/airflow/.local/lib/python3.12/site-packages/airflow/example_dags/example_sla_dag.py took 0.094 seconds
[2025-04-30T00:49:54.889+0000] {processor.py:186} INFO - Started process (PID=2472) to work on /home/airflow/.local/lib/python3.12/site-packages/airflow/example_dags/example_sla_dag.py
[2025-04-30T00:49:54.891+0000] {processor.py:914} INFO - Processing file /home/airflow/.local/lib/python3.12/site-packages/airflow/example_dags/example_sla_dag.py for tasks to queue
[2025-04-30T00:49:54.892+0000] {logging_mixin.py:190} INFO - [2025-04-30T00:49:54.892+0000] {dagbag.py:587} INFO - Filling up the DagBag from /home/airflow/.local/lib/python3.12/site-packages/airflow/example_dags/example_sla_dag.py
[2025-04-30T00:49:54.906+0000] {processor.py:925} INFO - DAG(s) 'example_sla_dag' retrieved from /home/airflow/.local/lib/python3.12/site-packages/airflow/example_dags/example_sla_dag.py
[2025-04-30T00:49:54.933+0000] {logging_mixin.py:190} INFO - [2025-04-30T00:49:54.933+0000] {dag.py:3211} INFO - Sync 1 DAGs
[2025-04-30T00:49:54.973+0000] {logging_mixin.py:190} INFO - [2025-04-30T00:49:54.973+0000] {dag.py:4138} INFO - Setting next_dagrun for example_sla_dag to 2025-04-30 00:46:00+00:00, run_after=2025-04-30 00:48:00+00:00
[2025-04-30T00:49:55.001+0000] {processor.py:208} INFO - Processing /home/airflow/.local/lib/python3.12/site-packages/airflow/example_dags/example_sla_dag.py took 0.118 seconds
[2025-04-30T00:50:25.343+0000] {processor.py:186} INFO - Started process (PID=2536) to work on /home/airflow/.local/lib/python3.12/site-packages/airflow/example_dags/example_sla_dag.py
[2025-04-30T00:50:25.344+0000] {processor.py:914} INFO - Processing file /home/airflow/.local/lib/python3.12/site-packages/airflow/example_dags/example_sla_dag.py for tasks to queue
[2025-04-30T00:50:25.347+0000] {logging_mixin.py:190} INFO - [2025-04-30T00:50:25.346+0000] {dagbag.py:587} INFO - Filling up the DagBag from /home/airflow/.local/lib/python3.12/site-packages/airflow/example_dags/example_sla_dag.py
[2025-04-30T00:50:25.360+0000] {processor.py:925} INFO - DAG(s) 'example_sla_dag' retrieved from /home/airflow/.local/lib/python3.12/site-packages/airflow/example_dags/example_sla_dag.py
[2025-04-30T00:50:25.383+0000] {logging_mixin.py:190} INFO - [2025-04-30T00:50:25.383+0000] {dag.py:3211} INFO - Sync 1 DAGs
[2025-04-30T00:50:25.416+0000] {logging_mixin.py:190} INFO - [2025-04-30T00:50:25.415+0000] {dag.py:4138} INFO - Setting next_dagrun for example_sla_dag to 2025-04-30 00:48:00+00:00, run_after=2025-04-30 00:50:00+00:00
[2025-04-30T00:50:25.437+0000] {processor.py:208} INFO - Processing /home/airflow/.local/lib/python3.12/site-packages/airflow/example_dags/example_sla_dag.py took 0.103 seconds
[2025-04-30T00:50:56.165+0000] {processor.py:186} INFO - Started process (PID=2599) to work on /home/airflow/.local/lib/python3.12/site-packages/airflow/example_dags/example_sla_dag.py
[2025-04-30T00:50:56.166+0000] {processor.py:914} INFO - Processing file /home/airflow/.local/lib/python3.12/site-packages/airflow/example_dags/example_sla_dag.py for tasks to queue
[2025-04-30T00:50:56.168+0000] {logging_mixin.py:190} INFO - [2025-04-30T00:50:56.168+0000] {dagbag.py:587} INFO - Filling up the DagBag from /home/airflow/.local/lib/python3.12/site-packages/airflow/example_dags/example_sla_dag.py
[2025-04-30T00:50:56.189+0000] {processor.py:925} INFO - DAG(s) 'example_sla_dag' retrieved from /home/airflow/.local/lib/python3.12/site-packages/airflow/example_dags/example_sla_dag.py
[2025-04-30T00:50:56.220+0000] {logging_mixin.py:190} INFO - [2025-04-30T00:50:56.219+0000] {dag.py:3211} INFO - Sync 1 DAGs
[2025-04-30T00:50:56.262+0000] {logging_mixin.py:190} INFO - [2025-04-30T00:50:56.262+0000] {dag.py:4138} INFO - Setting next_dagrun for example_sla_dag to 2025-04-30 00:48:00+00:00, run_after=2025-04-30 00:50:00+00:00
[2025-04-30T00:50:56.288+0000] {processor.py:208} INFO - Processing /home/airflow/.local/lib/python3.12/site-packages/airflow/example_dags/example_sla_dag.py took 0.131 seconds
[2025-04-30T00:51:26.584+0000] {processor.py:186} INFO - Started process (PID=2662) to work on /home/airflow/.local/lib/python3.12/site-packages/airflow/example_dags/example_sla_dag.py
[2025-04-30T00:51:26.585+0000] {processor.py:914} INFO - Processing file /home/airflow/.local/lib/python3.12/site-packages/airflow/example_dags/example_sla_dag.py for tasks to queue
[2025-04-30T00:51:26.586+0000] {logging_mixin.py:190} INFO - [2025-04-30T00:51:26.586+0000] {dagbag.py:587} INFO - Filling up the DagBag from /home/airflow/.local/lib/python3.12/site-packages/airflow/example_dags/example_sla_dag.py
[2025-04-30T00:51:26.598+0000] {processor.py:925} INFO - DAG(s) 'example_sla_dag' retrieved from /home/airflow/.local/lib/python3.12/site-packages/airflow/example_dags/example_sla_dag.py
[2025-04-30T00:51:26.619+0000] {logging_mixin.py:190} INFO - [2025-04-30T00:51:26.619+0000] {dag.py:3211} INFO - Sync 1 DAGs
[2025-04-30T00:51:26.646+0000] {logging_mixin.py:190} INFO - [2025-04-30T00:51:26.646+0000] {dag.py:4138} INFO - Setting next_dagrun for example_sla_dag to 2025-04-30 00:48:00+00:00, run_after=2025-04-30 00:50:00+00:00
[2025-04-30T00:51:26.668+0000] {processor.py:208} INFO - Processing /home/airflow/.local/lib/python3.12/site-packages/airflow/example_dags/example_sla_dag.py took 0.091 seconds
[2025-04-30T00:59:35.597+0000] {processor.py:186} INFO - Started process (PID=2750) to work on /home/airflow/.local/lib/python3.12/site-packages/airflow/example_dags/example_sla_dag.py
[2025-04-30T00:59:35.598+0000] {processor.py:914} INFO - Processing file /home/airflow/.local/lib/python3.12/site-packages/airflow/example_dags/example_sla_dag.py for tasks to queue
[2025-04-30T00:59:35.600+0000] {logging_mixin.py:190} INFO - [2025-04-30T00:59:35.599+0000] {dagbag.py:587} INFO - Filling up the DagBag from /home/airflow/.local/lib/python3.12/site-packages/airflow/example_dags/example_sla_dag.py
[2025-04-30T00:59:35.617+0000] {processor.py:925} INFO - DAG(s) 'example_sla_dag' retrieved from /home/airflow/.local/lib/python3.12/site-packages/airflow/example_dags/example_sla_dag.py
[2025-04-30T00:59:35.647+0000] {logging_mixin.py:190} INFO - [2025-04-30T00:59:35.647+0000] {dag.py:3211} INFO - Sync 1 DAGs
[2025-04-30T00:59:35.700+0000] {logging_mixin.py:190} INFO - [2025-04-30T00:59:35.699+0000] {dag.py:4138} INFO - Setting next_dagrun for example_sla_dag to 2025-04-30 00:56:00+00:00, run_after=2025-04-30 00:58:00+00:00
[2025-04-30T00:59:35.737+0000] {processor.py:208} INFO - Processing /home/airflow/.local/lib/python3.12/site-packages/airflow/example_dags/example_sla_dag.py took 0.148 seconds
[2025-04-30T01:00:06.099+0000] {processor.py:186} INFO - Started process (PID=2819) to work on /home/airflow/.local/lib/python3.12/site-packages/airflow/example_dags/example_sla_dag.py
[2025-04-30T01:00:06.101+0000] {processor.py:914} INFO - Processing file /home/airflow/.local/lib/python3.12/site-packages/airflow/example_dags/example_sla_dag.py for tasks to queue
[2025-04-30T01:00:06.102+0000] {logging_mixin.py:190} INFO - [2025-04-30T01:00:06.102+0000] {dagbag.py:587} INFO - Filling up the DagBag from /home/airflow/.local/lib/python3.12/site-packages/airflow/example_dags/example_sla_dag.py
[2025-04-30T01:00:06.114+0000] {processor.py:925} INFO - DAG(s) 'example_sla_dag' retrieved from /home/airflow/.local/lib/python3.12/site-packages/airflow/example_dags/example_sla_dag.py
[2025-04-30T01:00:06.141+0000] {logging_mixin.py:190} INFO - [2025-04-30T01:00:06.141+0000] {dag.py:3211} INFO - Sync 1 DAGs
[2025-04-30T01:00:06.176+0000] {logging_mixin.py:190} INFO - [2025-04-30T01:00:06.176+0000] {dag.py:4138} INFO - Setting next_dagrun for example_sla_dag to 2025-04-30 00:58:00+00:00, run_after=2025-04-30 01:00:00+00:00
[2025-04-30T01:00:06.197+0000] {processor.py:208} INFO - Processing /home/airflow/.local/lib/python3.12/site-packages/airflow/example_dags/example_sla_dag.py took 0.105 seconds
[2025-04-30T01:00:36.400+0000] {processor.py:186} INFO - Started process (PID=2882) to work on /home/airflow/.local/lib/python3.12/site-packages/airflow/example_dags/example_sla_dag.py
[2025-04-30T01:00:36.401+0000] {processor.py:914} INFO - Processing file /home/airflow/.local/lib/python3.12/site-packages/airflow/example_dags/example_sla_dag.py for tasks to queue
[2025-04-30T01:00:36.403+0000] {logging_mixin.py:190} INFO - [2025-04-30T01:00:36.402+0000] {dagbag.py:587} INFO - Filling up the DagBag from /home/airflow/.local/lib/python3.12/site-packages/airflow/example_dags/example_sla_dag.py
[2025-04-30T01:00:36.415+0000] {processor.py:925} INFO - DAG(s) 'example_sla_dag' retrieved from /home/airflow/.local/lib/python3.12/site-packages/airflow/example_dags/example_sla_dag.py
[2025-04-30T01:00:36.440+0000] {logging_mixin.py:190} INFO - [2025-04-30T01:00:36.440+0000] {dag.py:3211} INFO - Sync 1 DAGs
[2025-04-30T01:00:36.480+0000] {logging_mixin.py:190} INFO - [2025-04-30T01:00:36.480+0000] {dag.py:4138} INFO - Setting next_dagrun for example_sla_dag to 2025-04-30 00:58:00+00:00, run_after=2025-04-30 01:00:00+00:00
[2025-04-30T01:00:36.502+0000] {processor.py:208} INFO - Processing /home/airflow/.local/lib/python3.12/site-packages/airflow/example_dags/example_sla_dag.py took 0.110 seconds
[2025-04-30T01:01:07.141+0000] {processor.py:186} INFO - Started process (PID=2946) to work on /home/airflow/.local/lib/python3.12/site-packages/airflow/example_dags/example_sla_dag.py
[2025-04-30T01:01:07.142+0000] {processor.py:914} INFO - Processing file /home/airflow/.local/lib/python3.12/site-packages/airflow/example_dags/example_sla_dag.py for tasks to queue
[2025-04-30T01:01:07.144+0000] {logging_mixin.py:190} INFO - [2025-04-30T01:01:07.143+0000] {dagbag.py:587} INFO - Filling up the DagBag from /home/airflow/.local/lib/python3.12/site-packages/airflow/example_dags/example_sla_dag.py
[2025-04-30T01:01:07.158+0000] {processor.py:925} INFO - DAG(s) 'example_sla_dag' retrieved from /home/airflow/.local/lib/python3.12/site-packages/airflow/example_dags/example_sla_dag.py
[2025-04-30T01:01:07.186+0000] {logging_mixin.py:190} INFO - [2025-04-30T01:01:07.186+0000] {dag.py:3211} INFO - Sync 1 DAGs
[2025-04-30T01:01:07.227+0000] {logging_mixin.py:190} INFO - [2025-04-30T01:01:07.227+0000] {dag.py:4138} INFO - Setting next_dagrun for example_sla_dag to 2025-04-30 00:58:00+00:00, run_after=2025-04-30 01:00:00+00:00
[2025-04-30T01:01:07.252+0000] {processor.py:208} INFO - Processing /home/airflow/.local/lib/python3.12/site-packages/airflow/example_dags/example_sla_dag.py took 0.118 seconds
[2025-04-30T01:01:38.663+0000] {processor.py:186} INFO - Started process (PID=3009) to work on /home/airflow/.local/lib/python3.12/site-packages/airflow/example_dags/example_sla_dag.py
[2025-04-30T01:01:38.664+0000] {processor.py:914} INFO - Processing file /home/airflow/.local/lib/python3.12/site-packages/airflow/example_dags/example_sla_dag.py for tasks to queue
[2025-04-30T01:01:38.666+0000] {logging_mixin.py:190} INFO - [2025-04-30T01:01:38.666+0000] {dagbag.py:587} INFO - Filling up the DagBag from /home/airflow/.local/lib/python3.12/site-packages/airflow/example_dags/example_sla_dag.py
[2025-04-30T01:01:38.678+0000] {processor.py:925} INFO - DAG(s) 'example_sla_dag' retrieved from /home/airflow/.local/lib/python3.12/site-packages/airflow/example_dags/example_sla_dag.py
[2025-04-30T01:01:38.701+0000] {logging_mixin.py:190} INFO - [2025-04-30T01:01:38.700+0000] {dag.py:3211} INFO - Sync 1 DAGs
[2025-04-30T01:01:38.729+0000] {logging_mixin.py:190} INFO - [2025-04-30T01:01:38.728+0000] {dag.py:4138} INFO - Setting next_dagrun for example_sla_dag to 2025-04-30 00:58:00+00:00, run_after=2025-04-30 01:00:00+00:00
[2025-04-30T01:01:38.752+0000] {processor.py:208} INFO - Processing /home/airflow/.local/lib/python3.12/site-packages/airflow/example_dags/example_sla_dag.py took 0.095 seconds
[2025-04-30T01:02:09.457+0000] {processor.py:186} INFO - Started process (PID=3072) to work on /home/airflow/.local/lib/python3.12/site-packages/airflow/example_dags/example_sla_dag.py
[2025-04-30T01:02:09.458+0000] {processor.py:914} INFO - Processing file /home/airflow/.local/lib/python3.12/site-packages/airflow/example_dags/example_sla_dag.py for tasks to queue
[2025-04-30T01:02:09.461+0000] {logging_mixin.py:190} INFO - [2025-04-30T01:02:09.460+0000] {dagbag.py:587} INFO - Filling up the DagBag from /home/airflow/.local/lib/python3.12/site-packages/airflow/example_dags/example_sla_dag.py
[2025-04-30T01:02:09.475+0000] {processor.py:925} INFO - DAG(s) 'example_sla_dag' retrieved from /home/airflow/.local/lib/python3.12/site-packages/airflow/example_dags/example_sla_dag.py
[2025-04-30T01:02:09.504+0000] {logging_mixin.py:190} INFO - [2025-04-30T01:02:09.503+0000] {dag.py:3211} INFO - Sync 1 DAGs
[2025-04-30T01:02:09.544+0000] {logging_mixin.py:190} INFO - [2025-04-30T01:02:09.543+0000] {dag.py:4138} INFO - Setting next_dagrun for example_sla_dag to 2025-04-30 01:00:00+00:00, run_after=2025-04-30 01:02:00+00:00
[2025-04-30T01:02:09.743+0000] {processor.py:208} INFO - Processing /home/airflow/.local/lib/python3.12/site-packages/airflow/example_dags/example_sla_dag.py took 0.295 seconds
[2025-04-30T01:02:40.457+0000] {processor.py:186} INFO - Started process (PID=3136) to work on /home/airflow/.local/lib/python3.12/site-packages/airflow/example_dags/example_sla_dag.py
[2025-04-30T01:02:40.458+0000] {processor.py:914} INFO - Processing file /home/airflow/.local/lib/python3.12/site-packages/airflow/example_dags/example_sla_dag.py for tasks to queue
[2025-04-30T01:02:40.460+0000] {logging_mixin.py:190} INFO - [2025-04-30T01:02:40.459+0000] {dagbag.py:587} INFO - Filling up the DagBag from /home/airflow/.local/lib/python3.12/site-packages/airflow/example_dags/example_sla_dag.py
[2025-04-30T01:02:40.472+0000] {processor.py:925} INFO - DAG(s) 'example_sla_dag' retrieved from /home/airflow/.local/lib/python3.12/site-packages/airflow/example_dags/example_sla_dag.py
[2025-04-30T01:02:40.494+0000] {logging_mixin.py:190} INFO - [2025-04-30T01:02:40.494+0000] {dag.py:3211} INFO - Sync 1 DAGs
[2025-04-30T01:02:40.520+0000] {logging_mixin.py:190} INFO - [2025-04-30T01:02:40.520+0000] {dag.py:4138} INFO - Setting next_dagrun for example_sla_dag to 2025-04-30 01:00:00+00:00, run_after=2025-04-30 01:02:00+00:00
[2025-04-30T01:02:40.542+0000] {processor.py:208} INFO - Processing /home/airflow/.local/lib/python3.12/site-packages/airflow/example_dags/example_sla_dag.py took 0.094 seconds
[2025-04-30T01:03:11.678+0000] {processor.py:186} INFO - Started process (PID=3199) to work on /home/airflow/.local/lib/python3.12/site-packages/airflow/example_dags/example_sla_dag.py
[2025-04-30T01:03:11.680+0000] {processor.py:914} INFO - Processing file /home/airflow/.local/lib/python3.12/site-packages/airflow/example_dags/example_sla_dag.py for tasks to queue
[2025-04-30T01:03:11.681+0000] {logging_mixin.py:190} INFO - [2025-04-30T01:03:11.681+0000] {dagbag.py:587} INFO - Filling up the DagBag from /home/airflow/.local/lib/python3.12/site-packages/airflow/example_dags/example_sla_dag.py
[2025-04-30T01:03:11.693+0000] {processor.py:925} INFO - DAG(s) 'example_sla_dag' retrieved from /home/airflow/.local/lib/python3.12/site-packages/airflow/example_dags/example_sla_dag.py
[2025-04-30T01:03:11.718+0000] {logging_mixin.py:190} INFO - [2025-04-30T01:03:11.718+0000] {dag.py:3211} INFO - Sync 1 DAGs
[2025-04-30T01:03:11.746+0000] {logging_mixin.py:190} INFO - [2025-04-30T01:03:11.746+0000] {dag.py:4138} INFO - Setting next_dagrun for example_sla_dag to 2025-04-30 01:00:00+00:00, run_after=2025-04-30 01:02:00+00:00
[2025-04-30T01:03:11.771+0000] {processor.py:208} INFO - Processing /home/airflow/.local/lib/python3.12/site-packages/airflow/example_dags/example_sla_dag.py took 0.099 seconds
[2025-04-30T01:03:44.133+0000] {processor.py:186} INFO - Started process (PID=3262) to work on /home/airflow/.local/lib/python3.12/site-packages/airflow/example_dags/example_sla_dag.py
[2025-04-30T01:03:44.135+0000] {processor.py:914} INFO - Processing file /home/airflow/.local/lib/python3.12/site-packages/airflow/example_dags/example_sla_dag.py for tasks to queue
[2025-04-30T01:03:44.136+0000] {logging_mixin.py:190} INFO - [2025-04-30T01:03:44.136+0000] {dagbag.py:587} INFO - Filling up the DagBag from /home/airflow/.local/lib/python3.12/site-packages/airflow/example_dags/example_sla_dag.py
[2025-04-30T01:03:44.148+0000] {processor.py:925} INFO - DAG(s) 'example_sla_dag' retrieved from /home/airflow/.local/lib/python3.12/site-packages/airflow/example_dags/example_sla_dag.py
[2025-04-30T01:03:44.172+0000] {logging_mixin.py:190} INFO - [2025-04-30T01:03:44.171+0000] {dag.py:3211} INFO - Sync 1 DAGs
[2025-04-30T01:03:44.199+0000] {logging_mixin.py:190} INFO - [2025-04-30T01:03:44.199+0000] {dag.py:4138} INFO - Setting next_dagrun for example_sla_dag to 2025-04-30 01:00:00+00:00, run_after=2025-04-30 01:02:00+00:00
[2025-04-30T01:03:44.220+0000] {processor.py:208} INFO - Processing /home/airflow/.local/lib/python3.12/site-packages/airflow/example_dags/example_sla_dag.py took 0.094 seconds
[2025-04-30T01:04:15.661+0000] {processor.py:186} INFO - Started process (PID=3325) to work on /home/airflow/.local/lib/python3.12/site-packages/airflow/example_dags/example_sla_dag.py
[2025-04-30T01:04:15.662+0000] {processor.py:914} INFO - Processing file /home/airflow/.local/lib/python3.12/site-packages/airflow/example_dags/example_sla_dag.py for tasks to queue
[2025-04-30T01:04:15.664+0000] {logging_mixin.py:190} INFO - [2025-04-30T01:04:15.663+0000] {dagbag.py:587} INFO - Filling up the DagBag from /home/airflow/.local/lib/python3.12/site-packages/airflow/example_dags/example_sla_dag.py
[2025-04-30T01:04:15.677+0000] {processor.py:925} INFO - DAG(s) 'example_sla_dag' retrieved from /home/airflow/.local/lib/python3.12/site-packages/airflow/example_dags/example_sla_dag.py
[2025-04-30T01:04:15.700+0000] {logging_mixin.py:190} INFO - [2025-04-30T01:04:15.699+0000] {dag.py:3211} INFO - Sync 1 DAGs
[2025-04-30T01:04:15.725+0000] {logging_mixin.py:190} INFO - [2025-04-30T01:04:15.725+0000] {dag.py:4138} INFO - Setting next_dagrun for example_sla_dag to 2025-04-30 01:02:00+00:00, run_after=2025-04-30 01:04:00+00:00
[2025-04-30T01:04:15.750+0000] {processor.py:208} INFO - Processing /home/airflow/.local/lib/python3.12/site-packages/airflow/example_dags/example_sla_dag.py took 0.097 seconds
[2025-04-30T01:04:46.636+0000] {processor.py:186} INFO - Started process (PID=3388) to work on /home/airflow/.local/lib/python3.12/site-packages/airflow/example_dags/example_sla_dag.py
[2025-04-30T01:04:46.638+0000] {processor.py:914} INFO - Processing file /home/airflow/.local/lib/python3.12/site-packages/airflow/example_dags/example_sla_dag.py for tasks to queue
[2025-04-30T01:04:46.639+0000] {logging_mixin.py:190} INFO - [2025-04-30T01:04:46.639+0000] {dagbag.py:587} INFO - Filling up the DagBag from /home/airflow/.local/lib/python3.12/site-packages/airflow/example_dags/example_sla_dag.py
[2025-04-30T01:04:46.651+0000] {processor.py:925} INFO - DAG(s) 'example_sla_dag' retrieved from /home/airflow/.local/lib/python3.12/site-packages/airflow/example_dags/example_sla_dag.py
[2025-04-30T01:04:46.676+0000] {logging_mixin.py:190} INFO - [2025-04-30T01:04:46.676+0000] {dag.py:3211} INFO - Sync 1 DAGs
[2025-04-30T01:04:46.707+0000] {logging_mixin.py:190} INFO - [2025-04-30T01:04:46.707+0000] {dag.py:4138} INFO - Setting next_dagrun for example_sla_dag to 2025-04-30 01:02:00+00:00, run_after=2025-04-30 01:04:00+00:00
[2025-04-30T01:04:46.732+0000] {processor.py:208} INFO - Processing /home/airflow/.local/lib/python3.12/site-packages/airflow/example_dags/example_sla_dag.py took 0.102 seconds
[2025-04-30T01:05:17.275+0000] {processor.py:186} INFO - Started process (PID=3451) to work on /home/airflow/.local/lib/python3.12/site-packages/airflow/example_dags/example_sla_dag.py
[2025-04-30T01:05:17.276+0000] {processor.py:914} INFO - Processing file /home/airflow/.local/lib/python3.12/site-packages/airflow/example_dags/example_sla_dag.py for tasks to queue
[2025-04-30T01:05:17.278+0000] {logging_mixin.py:190} INFO - [2025-04-30T01:05:17.278+0000] {dagbag.py:587} INFO - Filling up the DagBag from /home/airflow/.local/lib/python3.12/site-packages/airflow/example_dags/example_sla_dag.py
[2025-04-30T01:05:17.292+0000] {processor.py:925} INFO - DAG(s) 'example_sla_dag' retrieved from /home/airflow/.local/lib/python3.12/site-packages/airflow/example_dags/example_sla_dag.py
[2025-04-30T01:05:17.316+0000] {logging_mixin.py:190} INFO - [2025-04-30T01:05:17.315+0000] {dag.py:3211} INFO - Sync 1 DAGs
[2025-04-30T01:05:17.351+0000] {logging_mixin.py:190} INFO - [2025-04-30T01:05:17.351+0000] {dag.py:4138} INFO - Setting next_dagrun for example_sla_dag to 2025-04-30 01:02:00+00:00, run_after=2025-04-30 01:04:00+00:00
[2025-04-30T01:05:17.376+0000] {processor.py:208} INFO - Processing /home/airflow/.local/lib/python3.12/site-packages/airflow/example_dags/example_sla_dag.py took 0.109 seconds
[2025-04-30T01:05:47.956+0000] {processor.py:186} INFO - Started process (PID=3514) to work on /home/airflow/.local/lib/python3.12/site-packages/airflow/example_dags/example_sla_dag.py
[2025-04-30T01:05:47.957+0000] {processor.py:914} INFO - Processing file /home/airflow/.local/lib/python3.12/site-packages/airflow/example_dags/example_sla_dag.py for tasks to queue
[2025-04-30T01:05:47.959+0000] {logging_mixin.py:190} INFO - [2025-04-30T01:05:47.959+0000] {dagbag.py:587} INFO - Filling up the DagBag from /home/airflow/.local/lib/python3.12/site-packages/airflow/example_dags/example_sla_dag.py
[2025-04-30T01:05:47.973+0000] {processor.py:925} INFO - DAG(s) 'example_sla_dag' retrieved from /home/airflow/.local/lib/python3.12/site-packages/airflow/example_dags/example_sla_dag.py
[2025-04-30T01:05:47.998+0000] {logging_mixin.py:190} INFO - [2025-04-30T01:05:47.998+0000] {dag.py:3211} INFO - Sync 1 DAGs
[2025-04-30T01:05:48.029+0000] {logging_mixin.py:190} INFO - [2025-04-30T01:05:48.028+0000] {dag.py:4138} INFO - Setting next_dagrun for example_sla_dag to 2025-04-30 01:02:00+00:00, run_after=2025-04-30 01:04:00+00:00
[2025-04-30T01:05:48.054+0000] {processor.py:208} INFO - Processing /home/airflow/.local/lib/python3.12/site-packages/airflow/example_dags/example_sla_dag.py took 0.105 seconds
[2025-04-30T01:06:18.998+0000] {processor.py:186} INFO - Started process (PID=3577) to work on /home/airflow/.local/lib/python3.12/site-packages/airflow/example_dags/example_sla_dag.py
[2025-04-30T01:06:18.999+0000] {processor.py:914} INFO - Processing file /home/airflow/.local/lib/python3.12/site-packages/airflow/example_dags/example_sla_dag.py for tasks to queue
[2025-04-30T01:06:19.000+0000] {logging_mixin.py:190} INFO - [2025-04-30T01:06:19.000+0000] {dagbag.py:587} INFO - Filling up the DagBag from /home/airflow/.local/lib/python3.12/site-packages/airflow/example_dags/example_sla_dag.py
[2025-04-30T01:06:19.012+0000] {processor.py:925} INFO - DAG(s) 'example_sla_dag' retrieved from /home/airflow/.local/lib/python3.12/site-packages/airflow/example_dags/example_sla_dag.py
[2025-04-30T01:06:19.039+0000] {logging_mixin.py:190} INFO - [2025-04-30T01:06:19.039+0000] {dag.py:3211} INFO - Sync 1 DAGs
[2025-04-30T01:06:19.070+0000] {logging_mixin.py:190} INFO - [2025-04-30T01:06:19.069+0000] {dag.py:4138} INFO - Setting next_dagrun for example_sla_dag to 2025-04-30 01:04:00+00:00, run_after=2025-04-30 01:06:00+00:00
[2025-04-30T01:06:19.096+0000] {processor.py:208} INFO - Processing /home/airflow/.local/lib/python3.12/site-packages/airflow/example_dags/example_sla_dag.py took 0.106 seconds
[2025-04-30T01:06:49.310+0000] {processor.py:186} INFO - Started process (PID=3640) to work on /home/airflow/.local/lib/python3.12/site-packages/airflow/example_dags/example_sla_dag.py
[2025-04-30T01:06:49.311+0000] {processor.py:914} INFO - Processing file /home/airflow/.local/lib/python3.12/site-packages/airflow/example_dags/example_sla_dag.py for tasks to queue
[2025-04-30T01:06:49.313+0000] {logging_mixin.py:190} INFO - [2025-04-30T01:06:49.313+0000] {dagbag.py:587} INFO - Filling up the DagBag from /home/airflow/.local/lib/python3.12/site-packages/airflow/example_dags/example_sla_dag.py
[2025-04-30T01:06:49.325+0000] {processor.py:925} INFO - DAG(s) 'example_sla_dag' retrieved from /home/airflow/.local/lib/python3.12/site-packages/airflow/example_dags/example_sla_dag.py
[2025-04-30T01:06:49.349+0000] {logging_mixin.py:190} INFO - [2025-04-30T01:06:49.349+0000] {dag.py:3211} INFO - Sync 1 DAGs
[2025-04-30T01:06:49.380+0000] {logging_mixin.py:190} INFO - [2025-04-30T01:06:49.379+0000] {dag.py:4138} INFO - Setting next_dagrun for example_sla_dag to 2025-04-30 01:04:00+00:00, run_after=2025-04-30 01:06:00+00:00
[2025-04-30T01:06:49.402+0000] {processor.py:208} INFO - Processing /home/airflow/.local/lib/python3.12/site-packages/airflow/example_dags/example_sla_dag.py took 0.098 seconds
[2025-04-30T01:07:19.772+0000] {processor.py:186} INFO - Started process (PID=3703) to work on /home/airflow/.local/lib/python3.12/site-packages/airflow/example_dags/example_sla_dag.py
[2025-04-30T01:07:19.773+0000] {processor.py:914} INFO - Processing file /home/airflow/.local/lib/python3.12/site-packages/airflow/example_dags/example_sla_dag.py for tasks to queue
[2025-04-30T01:07:19.775+0000] {logging_mixin.py:190} INFO - [2025-04-30T01:07:19.774+0000] {dagbag.py:587} INFO - Filling up the DagBag from /home/airflow/.local/lib/python3.12/site-packages/airflow/example_dags/example_sla_dag.py
[2025-04-30T01:07:19.786+0000] {processor.py:925} INFO - DAG(s) 'example_sla_dag' retrieved from /home/airflow/.local/lib/python3.12/site-packages/airflow/example_dags/example_sla_dag.py
[2025-04-30T01:07:19.806+0000] {logging_mixin.py:190} INFO - [2025-04-30T01:07:19.805+0000] {dag.py:3211} INFO - Sync 1 DAGs
[2025-04-30T01:07:19.847+0000] {logging_mixin.py:190} INFO - [2025-04-30T01:07:19.847+0000] {dag.py:4138} INFO - Setting next_dagrun for example_sla_dag to 2025-04-30 01:04:00+00:00, run_after=2025-04-30 01:06:00+00:00
[2025-04-30T01:07:19.876+0000] {processor.py:208} INFO - Processing /home/airflow/.local/lib/python3.12/site-packages/airflow/example_dags/example_sla_dag.py took 0.111 seconds
[2025-04-30T01:07:50.783+0000] {processor.py:186} INFO - Started process (PID=3766) to work on /home/airflow/.local/lib/python3.12/site-packages/airflow/example_dags/example_sla_dag.py
[2025-04-30T01:07:50.784+0000] {processor.py:914} INFO - Processing file /home/airflow/.local/lib/python3.12/site-packages/airflow/example_dags/example_sla_dag.py for tasks to queue
[2025-04-30T01:07:50.786+0000] {logging_mixin.py:190} INFO - [2025-04-30T01:07:50.786+0000] {dagbag.py:587} INFO - Filling up the DagBag from /home/airflow/.local/lib/python3.12/site-packages/airflow/example_dags/example_sla_dag.py
[2025-04-30T01:07:50.798+0000] {processor.py:925} INFO - DAG(s) 'example_sla_dag' retrieved from /home/airflow/.local/lib/python3.12/site-packages/airflow/example_dags/example_sla_dag.py
[2025-04-30T01:07:50.820+0000] {logging_mixin.py:190} INFO - [2025-04-30T01:07:50.820+0000] {dag.py:3211} INFO - Sync 1 DAGs
[2025-04-30T01:07:50.851+0000] {logging_mixin.py:190} INFO - [2025-04-30T01:07:50.851+0000] {dag.py:4138} INFO - Setting next_dagrun for example_sla_dag to 2025-04-30 01:04:00+00:00, run_after=2025-04-30 01:06:00+00:00
[2025-04-30T01:07:50.872+0000] {processor.py:208} INFO - Processing /home/airflow/.local/lib/python3.12/site-packages/airflow/example_dags/example_sla_dag.py took 0.097 seconds
[2025-04-30T01:08:21.370+0000] {processor.py:186} INFO - Started process (PID=3834) to work on /home/airflow/.local/lib/python3.12/site-packages/airflow/example_dags/example_sla_dag.py
[2025-04-30T01:08:21.371+0000] {processor.py:914} INFO - Processing file /home/airflow/.local/lib/python3.12/site-packages/airflow/example_dags/example_sla_dag.py for tasks to queue
[2025-04-30T01:08:21.372+0000] {logging_mixin.py:190} INFO - [2025-04-30T01:08:21.372+0000] {dagbag.py:587} INFO - Filling up the DagBag from /home/airflow/.local/lib/python3.12/site-packages/airflow/example_dags/example_sla_dag.py
[2025-04-30T01:08:21.385+0000] {processor.py:925} INFO - DAG(s) 'example_sla_dag' retrieved from /home/airflow/.local/lib/python3.12/site-packages/airflow/example_dags/example_sla_dag.py
[2025-04-30T01:08:21.407+0000] {logging_mixin.py:190} INFO - [2025-04-30T01:08:21.407+0000] {dag.py:3211} INFO - Sync 1 DAGs
[2025-04-30T01:08:21.438+0000] {logging_mixin.py:190} INFO - [2025-04-30T01:08:21.438+0000] {dag.py:4138} INFO - Setting next_dagrun for example_sla_dag to 2025-04-30 01:06:00+00:00, run_after=2025-04-30 01:08:00+00:00
[2025-04-30T01:08:21.459+0000] {processor.py:208} INFO - Processing /home/airflow/.local/lib/python3.12/site-packages/airflow/example_dags/example_sla_dag.py took 0.097 seconds
[2025-04-30T01:08:52.550+0000] {processor.py:186} INFO - Started process (PID=3896) to work on /home/airflow/.local/lib/python3.12/site-packages/airflow/example_dags/example_sla_dag.py
[2025-04-30T01:08:52.551+0000] {processor.py:914} INFO - Processing file /home/airflow/.local/lib/python3.12/site-packages/airflow/example_dags/example_sla_dag.py for tasks to queue
[2025-04-30T01:08:52.555+0000] {logging_mixin.py:190} INFO - [2025-04-30T01:08:52.553+0000] {dagbag.py:587} INFO - Filling up the DagBag from /home/airflow/.local/lib/python3.12/site-packages/airflow/example_dags/example_sla_dag.py
[2025-04-30T01:08:52.569+0000] {processor.py:925} INFO - DAG(s) 'example_sla_dag' retrieved from /home/airflow/.local/lib/python3.12/site-packages/airflow/example_dags/example_sla_dag.py
[2025-04-30T01:08:52.596+0000] {logging_mixin.py:190} INFO - [2025-04-30T01:08:52.596+0000] {dag.py:3211} INFO - Sync 1 DAGs
[2025-04-30T01:08:52.633+0000] {logging_mixin.py:190} INFO - [2025-04-30T01:08:52.632+0000] {dag.py:4138} INFO - Setting next_dagrun for example_sla_dag to 2025-04-30 01:06:00+00:00, run_after=2025-04-30 01:08:00+00:00
[2025-04-30T01:08:52.656+0000] {processor.py:208} INFO - Processing /home/airflow/.local/lib/python3.12/site-packages/airflow/example_dags/example_sla_dag.py took 0.115 seconds
[2025-04-30T01:09:23.723+0000] {processor.py:186} INFO - Started process (PID=3958) to work on /home/airflow/.local/lib/python3.12/site-packages/airflow/example_dags/example_sla_dag.py
[2025-04-30T01:09:23.725+0000] {processor.py:914} INFO - Processing file /home/airflow/.local/lib/python3.12/site-packages/airflow/example_dags/example_sla_dag.py for tasks to queue
[2025-04-30T01:09:23.726+0000] {logging_mixin.py:190} INFO - [2025-04-30T01:09:23.726+0000] {dagbag.py:587} INFO - Filling up the DagBag from /home/airflow/.local/lib/python3.12/site-packages/airflow/example_dags/example_sla_dag.py
[2025-04-30T01:09:23.740+0000] {processor.py:925} INFO - DAG(s) 'example_sla_dag' retrieved from /home/airflow/.local/lib/python3.12/site-packages/airflow/example_dags/example_sla_dag.py
[2025-04-30T01:09:23.764+0000] {logging_mixin.py:190} INFO - [2025-04-30T01:09:23.764+0000] {dag.py:3211} INFO - Sync 1 DAGs
[2025-04-30T01:09:23.799+0000] {logging_mixin.py:190} INFO - [2025-04-30T01:09:23.798+0000] {dag.py:4138} INFO - Setting next_dagrun for example_sla_dag to 2025-04-30 01:06:00+00:00, run_after=2025-04-30 01:08:00+00:00
[2025-04-30T01:09:23.823+0000] {processor.py:208} INFO - Processing /home/airflow/.local/lib/python3.12/site-packages/airflow/example_dags/example_sla_dag.py took 0.108 seconds
[2025-04-30T01:09:55.071+0000] {processor.py:186} INFO - Started process (PID=4020) to work on /home/airflow/.local/lib/python3.12/site-packages/airflow/example_dags/example_sla_dag.py
[2025-04-30T01:09:55.073+0000] {processor.py:914} INFO - Processing file /home/airflow/.local/lib/python3.12/site-packages/airflow/example_dags/example_sla_dag.py for tasks to queue
[2025-04-30T01:09:55.075+0000] {logging_mixin.py:190} INFO - [2025-04-30T01:09:55.074+0000] {dagbag.py:587} INFO - Filling up the DagBag from /home/airflow/.local/lib/python3.12/site-packages/airflow/example_dags/example_sla_dag.py
[2025-04-30T01:09:55.090+0000] {processor.py:925} INFO - DAG(s) 'example_sla_dag' retrieved from /home/airflow/.local/lib/python3.12/site-packages/airflow/example_dags/example_sla_dag.py
[2025-04-30T01:09:55.120+0000] {logging_mixin.py:190} INFO - [2025-04-30T01:09:55.119+0000] {dag.py:3211} INFO - Sync 1 DAGs
[2025-04-30T01:09:55.157+0000] {logging_mixin.py:190} INFO - [2025-04-30T01:09:55.157+0000] {dag.py:4138} INFO - Setting next_dagrun for example_sla_dag to 2025-04-30 01:06:00+00:00, run_after=2025-04-30 01:08:00+00:00
[2025-04-30T01:09:55.181+0000] {processor.py:208} INFO - Processing /home/airflow/.local/lib/python3.12/site-packages/airflow/example_dags/example_sla_dag.py took 0.118 seconds
[2025-04-30T01:10:25.857+0000] {processor.py:186} INFO - Started process (PID=4082) to work on /home/airflow/.local/lib/python3.12/site-packages/airflow/example_dags/example_sla_dag.py
[2025-04-30T01:10:25.859+0000] {processor.py:914} INFO - Processing file /home/airflow/.local/lib/python3.12/site-packages/airflow/example_dags/example_sla_dag.py for tasks to queue
[2025-04-30T01:10:25.861+0000] {logging_mixin.py:190} INFO - [2025-04-30T01:10:25.860+0000] {dagbag.py:587} INFO - Filling up the DagBag from /home/airflow/.local/lib/python3.12/site-packages/airflow/example_dags/example_sla_dag.py
[2025-04-30T01:10:25.880+0000] {processor.py:925} INFO - DAG(s) 'example_sla_dag' retrieved from /home/airflow/.local/lib/python3.12/site-packages/airflow/example_dags/example_sla_dag.py
[2025-04-30T01:10:25.902+0000] {logging_mixin.py:190} INFO - [2025-04-30T01:10:25.902+0000] {dag.py:3211} INFO - Sync 1 DAGs
[2025-04-30T01:10:25.937+0000] {logging_mixin.py:190} INFO - [2025-04-30T01:10:25.937+0000] {dag.py:4138} INFO - Setting next_dagrun for example_sla_dag to 2025-04-30 01:08:00+00:00, run_after=2025-04-30 01:10:00+00:00
[2025-04-30T01:10:25.959+0000] {processor.py:208} INFO - Processing /home/airflow/.local/lib/python3.12/site-packages/airflow/example_dags/example_sla_dag.py took 0.109 seconds
[2025-04-30T01:10:56.844+0000] {processor.py:186} INFO - Started process (PID=4144) to work on /home/airflow/.local/lib/python3.12/site-packages/airflow/example_dags/example_sla_dag.py
[2025-04-30T01:10:56.846+0000] {processor.py:914} INFO - Processing file /home/airflow/.local/lib/python3.12/site-packages/airflow/example_dags/example_sla_dag.py for tasks to queue
[2025-04-30T01:10:56.848+0000] {logging_mixin.py:190} INFO - [2025-04-30T01:10:56.847+0000] {dagbag.py:587} INFO - Filling up the DagBag from /home/airflow/.local/lib/python3.12/site-packages/airflow/example_dags/example_sla_dag.py
[2025-04-30T01:10:56.863+0000] {processor.py:925} INFO - DAG(s) 'example_sla_dag' retrieved from /home/airflow/.local/lib/python3.12/site-packages/airflow/example_dags/example_sla_dag.py
[2025-04-30T01:10:56.886+0000] {logging_mixin.py:190} INFO - [2025-04-30T01:10:56.885+0000] {dag.py:3211} INFO - Sync 1 DAGs
[2025-04-30T01:10:56.914+0000] {logging_mixin.py:190} INFO - [2025-04-30T01:10:56.914+0000] {dag.py:4138} INFO - Setting next_dagrun for example_sla_dag to 2025-04-30 01:08:00+00:00, run_after=2025-04-30 01:10:00+00:00
[2025-04-30T01:10:56.934+0000] {processor.py:208} INFO - Processing /home/airflow/.local/lib/python3.12/site-packages/airflow/example_dags/example_sla_dag.py took 0.099 seconds
[2025-04-30T01:11:27.509+0000] {processor.py:186} INFO - Started process (PID=4206) to work on /home/airflow/.local/lib/python3.12/site-packages/airflow/example_dags/example_sla_dag.py
[2025-04-30T01:11:27.511+0000] {processor.py:914} INFO - Processing file /home/airflow/.local/lib/python3.12/site-packages/airflow/example_dags/example_sla_dag.py for tasks to queue
[2025-04-30T01:11:27.512+0000] {logging_mixin.py:190} INFO - [2025-04-30T01:11:27.512+0000] {dagbag.py:587} INFO - Filling up the DagBag from /home/airflow/.local/lib/python3.12/site-packages/airflow/example_dags/example_sla_dag.py
[2025-04-30T01:11:27.524+0000] {processor.py:925} INFO - DAG(s) 'example_sla_dag' retrieved from /home/airflow/.local/lib/python3.12/site-packages/airflow/example_dags/example_sla_dag.py
[2025-04-30T01:11:27.548+0000] {logging_mixin.py:190} INFO - [2025-04-30T01:11:27.547+0000] {dag.py:3211} INFO - Sync 1 DAGs
[2025-04-30T01:11:27.578+0000] {logging_mixin.py:190} INFO - [2025-04-30T01:11:27.578+0000] {dag.py:4138} INFO - Setting next_dagrun for example_sla_dag to 2025-04-30 01:08:00+00:00, run_after=2025-04-30 01:10:00+00:00
[2025-04-30T01:11:27.603+0000] {processor.py:208} INFO - Processing /home/airflow/.local/lib/python3.12/site-packages/airflow/example_dags/example_sla_dag.py took 0.100 seconds
[2025-04-30T01:11:58.570+0000] {processor.py:186} INFO - Started process (PID=4268) to work on /home/airflow/.local/lib/python3.12/site-packages/airflow/example_dags/example_sla_dag.py
[2025-04-30T01:11:58.571+0000] {processor.py:914} INFO - Processing file /home/airflow/.local/lib/python3.12/site-packages/airflow/example_dags/example_sla_dag.py for tasks to queue
[2025-04-30T01:11:58.573+0000] {logging_mixin.py:190} INFO - [2025-04-30T01:11:58.573+0000] {dagbag.py:587} INFO - Filling up the DagBag from /home/airflow/.local/lib/python3.12/site-packages/airflow/example_dags/example_sla_dag.py
[2025-04-30T01:11:58.586+0000] {processor.py:925} INFO - DAG(s) 'example_sla_dag' retrieved from /home/airflow/.local/lib/python3.12/site-packages/airflow/example_dags/example_sla_dag.py
[2025-04-30T01:11:58.608+0000] {logging_mixin.py:190} INFO - [2025-04-30T01:11:58.608+0000] {dag.py:3211} INFO - Sync 1 DAGs
[2025-04-30T01:11:58.640+0000] {logging_mixin.py:190} INFO - [2025-04-30T01:11:58.640+0000] {dag.py:4138} INFO - Setting next_dagrun for example_sla_dag to 2025-04-30 01:08:00+00:00, run_after=2025-04-30 01:10:00+00:00
[2025-04-30T01:11:58.661+0000] {processor.py:208} INFO - Processing /home/airflow/.local/lib/python3.12/site-packages/airflow/example_dags/example_sla_dag.py took 0.098 seconds
