[2025-04-30T00:30:51.539+0000] {processor.py:186} INFO - Started process (PID=94) to work on /home/airflow/.local/lib/python3.12/site-packages/airflow/example_dags/example_latest_only_with_trigger.py
[2025-04-30T00:30:51.541+0000] {processor.py:914} INFO - Processing file /home/airflow/.local/lib/python3.12/site-packages/airflow/example_dags/example_latest_only_with_trigger.py for tasks to queue
[2025-04-30T00:30:51.547+0000] {logging_mixin.py:190} INFO - [2025-04-30T00:30:51.546+0000] {dagbag.py:587} INFO - Filling up the DagBag from /home/airflow/.local/lib/python3.12/site-packages/airflow/example_dags/example_latest_only_with_trigger.py
[2025-04-30T00:30:51.569+0000] {processor.py:925} INFO - DAG(s) 'latest_only_with_trigger' retrieved from /home/airflow/.local/lib/python3.12/site-packages/airflow/example_dags/example_latest_only_with_trigger.py
[2025-04-30T00:30:51.803+0000] {logging_mixin.py:190} INFO - [2025-04-30T00:30:51.802+0000] {override.py:1858} INFO - Created Permission View: can edit on DAG:latest_only_with_trigger
[2025-04-30T00:30:51.824+0000] {logging_mixin.py:190} INFO - [2025-04-30T00:30:51.823+0000] {override.py:1858} INFO - Created Permission View: can read on DAG:latest_only_with_trigger
[2025-04-30T00:30:51.840+0000] {logging_mixin.py:190} INFO - [2025-04-30T00:30:51.839+0000] {override.py:1858} INFO - Created Permission View: can delete on DAG:latest_only_with_trigger
[2025-04-30T00:30:51.841+0000] {logging_mixin.py:190} INFO - [2025-04-30T00:30:51.841+0000] {dag.py:3211} INFO - Sync 1 DAGs
[2025-04-30T00:30:51.872+0000] {logging_mixin.py:190} INFO - [2025-04-30T00:30:51.872+0000] {dag.py:3234} INFO - Creating ORM DAG for latest_only_with_trigger
[2025-04-30T00:30:51.893+0000] {logging_mixin.py:190} INFO - [2025-04-30T00:30:51.892+0000] {dag.py:4138} INFO - Setting next_dagrun for latest_only_with_trigger to 2025-04-29 20:00:00+00:00, run_after=2025-04-30 00:00:00+00:00
[2025-04-30T00:30:51.927+0000] {processor.py:208} INFO - Processing /home/airflow/.local/lib/python3.12/site-packages/airflow/example_dags/example_latest_only_with_trigger.py took 0.401 seconds
[2025-04-30T00:31:22.090+0000] {processor.py:186} INFO - Started process (PID=157) to work on /home/airflow/.local/lib/python3.12/site-packages/airflow/example_dags/example_latest_only_with_trigger.py
[2025-04-30T00:31:22.093+0000] {processor.py:914} INFO - Processing file /home/airflow/.local/lib/python3.12/site-packages/airflow/example_dags/example_latest_only_with_trigger.py for tasks to queue
[2025-04-30T00:31:22.097+0000] {logging_mixin.py:190} INFO - [2025-04-30T00:31:22.097+0000] {dagbag.py:587} INFO - Filling up the DagBag from /home/airflow/.local/lib/python3.12/site-packages/airflow/example_dags/example_latest_only_with_trigger.py
[2025-04-30T00:31:22.114+0000] {processor.py:925} INFO - DAG(s) 'latest_only_with_trigger' retrieved from /home/airflow/.local/lib/python3.12/site-packages/airflow/example_dags/example_latest_only_with_trigger.py
[2025-04-30T00:31:22.157+0000] {logging_mixin.py:190} INFO - [2025-04-30T00:31:22.156+0000] {dag.py:3211} INFO - Sync 1 DAGs
[2025-04-30T00:31:22.223+0000] {logging_mixin.py:190} INFO - [2025-04-30T00:31:22.223+0000] {dag.py:4138} INFO - Setting next_dagrun for latest_only_with_trigger to 2025-04-29 20:00:00+00:00, run_after=2025-04-30 00:00:00+00:00
[2025-04-30T00:31:22.271+0000] {processor.py:208} INFO - Processing /home/airflow/.local/lib/python3.12/site-packages/airflow/example_dags/example_latest_only_with_trigger.py took 0.192 seconds
[2025-04-30T00:31:52.843+0000] {processor.py:186} INFO - Started process (PID=220) to work on /home/airflow/.local/lib/python3.12/site-packages/airflow/example_dags/example_latest_only_with_trigger.py
[2025-04-30T00:31:52.846+0000] {processor.py:914} INFO - Processing file /home/airflow/.local/lib/python3.12/site-packages/airflow/example_dags/example_latest_only_with_trigger.py for tasks to queue
[2025-04-30T00:31:52.850+0000] {logging_mixin.py:190} INFO - [2025-04-30T00:31:52.850+0000] {dagbag.py:587} INFO - Filling up the DagBag from /home/airflow/.local/lib/python3.12/site-packages/airflow/example_dags/example_latest_only_with_trigger.py
[2025-04-30T00:31:52.865+0000] {processor.py:925} INFO - DAG(s) 'latest_only_with_trigger' retrieved from /home/airflow/.local/lib/python3.12/site-packages/airflow/example_dags/example_latest_only_with_trigger.py
[2025-04-30T00:31:52.904+0000] {logging_mixin.py:190} INFO - [2025-04-30T00:31:52.904+0000] {dag.py:3211} INFO - Sync 1 DAGs
[2025-04-30T00:31:52.953+0000] {logging_mixin.py:190} INFO - [2025-04-30T00:31:52.952+0000] {dag.py:4138} INFO - Setting next_dagrun for latest_only_with_trigger to 2025-04-29 20:00:00+00:00, run_after=2025-04-30 00:00:00+00:00
[2025-04-30T00:31:52.994+0000] {processor.py:208} INFO - Processing /home/airflow/.local/lib/python3.12/site-packages/airflow/example_dags/example_latest_only_with_trigger.py took 0.163 seconds
[2025-04-30T00:32:23.403+0000] {processor.py:186} INFO - Started process (PID=289) to work on /home/airflow/.local/lib/python3.12/site-packages/airflow/example_dags/example_latest_only_with_trigger.py
[2025-04-30T00:32:23.405+0000] {processor.py:914} INFO - Processing file /home/airflow/.local/lib/python3.12/site-packages/airflow/example_dags/example_latest_only_with_trigger.py for tasks to queue
[2025-04-30T00:32:23.411+0000] {logging_mixin.py:190} INFO - [2025-04-30T00:32:23.410+0000] {dagbag.py:587} INFO - Filling up the DagBag from /home/airflow/.local/lib/python3.12/site-packages/airflow/example_dags/example_latest_only_with_trigger.py
[2025-04-30T00:32:23.425+0000] {processor.py:925} INFO - DAG(s) 'latest_only_with_trigger' retrieved from /home/airflow/.local/lib/python3.12/site-packages/airflow/example_dags/example_latest_only_with_trigger.py
[2025-04-30T00:32:23.469+0000] {logging_mixin.py:190} INFO - [2025-04-30T00:32:23.469+0000] {dag.py:3211} INFO - Sync 1 DAGs
[2025-04-30T00:32:23.525+0000] {logging_mixin.py:190} INFO - [2025-04-30T00:32:23.524+0000] {dag.py:4138} INFO - Setting next_dagrun for latest_only_with_trigger to 2025-04-29 20:00:00+00:00, run_after=2025-04-30 00:00:00+00:00
[2025-04-30T00:32:23.582+0000] {processor.py:208} INFO - Processing /home/airflow/.local/lib/python3.12/site-packages/airflow/example_dags/example_latest_only_with_trigger.py took 0.191 seconds
[2025-04-30T00:32:54.694+0000] {processor.py:186} INFO - Started process (PID=352) to work on /home/airflow/.local/lib/python3.12/site-packages/airflow/example_dags/example_latest_only_with_trigger.py
[2025-04-30T00:32:54.696+0000] {processor.py:914} INFO - Processing file /home/airflow/.local/lib/python3.12/site-packages/airflow/example_dags/example_latest_only_with_trigger.py for tasks to queue
[2025-04-30T00:32:54.701+0000] {logging_mixin.py:190} INFO - [2025-04-30T00:32:54.700+0000] {dagbag.py:587} INFO - Filling up the DagBag from /home/airflow/.local/lib/python3.12/site-packages/airflow/example_dags/example_latest_only_with_trigger.py
[2025-04-30T00:32:54.715+0000] {processor.py:925} INFO - DAG(s) 'latest_only_with_trigger' retrieved from /home/airflow/.local/lib/python3.12/site-packages/airflow/example_dags/example_latest_only_with_trigger.py
[2025-04-30T00:32:54.759+0000] {logging_mixin.py:190} INFO - [2025-04-30T00:32:54.759+0000] {dag.py:3211} INFO - Sync 1 DAGs
[2025-04-30T00:32:54.816+0000] {logging_mixin.py:190} INFO - [2025-04-30T00:32:54.816+0000] {dag.py:4138} INFO - Setting next_dagrun for latest_only_with_trigger to 2025-04-29 20:00:00+00:00, run_after=2025-04-30 00:00:00+00:00
[2025-04-30T00:32:54.858+0000] {processor.py:208} INFO - Processing /home/airflow/.local/lib/python3.12/site-packages/airflow/example_dags/example_latest_only_with_trigger.py took 0.175 seconds
[2025-04-30T00:33:25.328+0000] {processor.py:186} INFO - Started process (PID=415) to work on /home/airflow/.local/lib/python3.12/site-packages/airflow/example_dags/example_latest_only_with_trigger.py
[2025-04-30T00:33:25.331+0000] {processor.py:914} INFO - Processing file /home/airflow/.local/lib/python3.12/site-packages/airflow/example_dags/example_latest_only_with_trigger.py for tasks to queue
[2025-04-30T00:33:25.337+0000] {logging_mixin.py:190} INFO - [2025-04-30T00:33:25.336+0000] {dagbag.py:587} INFO - Filling up the DagBag from /home/airflow/.local/lib/python3.12/site-packages/airflow/example_dags/example_latest_only_with_trigger.py
[2025-04-30T00:33:25.357+0000] {processor.py:925} INFO - DAG(s) 'latest_only_with_trigger' retrieved from /home/airflow/.local/lib/python3.12/site-packages/airflow/example_dags/example_latest_only_with_trigger.py
[2025-04-30T00:33:25.407+0000] {logging_mixin.py:190} INFO - [2025-04-30T00:33:25.406+0000] {dag.py:3211} INFO - Sync 1 DAGs
[2025-04-30T00:33:25.464+0000] {logging_mixin.py:190} INFO - [2025-04-30T00:33:25.464+0000] {dag.py:4138} INFO - Setting next_dagrun for latest_only_with_trigger to 2025-04-29 20:00:00+00:00, run_after=2025-04-30 00:00:00+00:00
[2025-04-30T00:33:25.530+0000] {processor.py:208} INFO - Processing /home/airflow/.local/lib/python3.12/site-packages/airflow/example_dags/example_latest_only_with_trigger.py took 0.215 seconds
[2025-04-30T00:33:55.887+0000] {processor.py:186} INFO - Started process (PID=479) to work on /home/airflow/.local/lib/python3.12/site-packages/airflow/example_dags/example_latest_only_with_trigger.py
[2025-04-30T00:33:55.889+0000] {processor.py:914} INFO - Processing file /home/airflow/.local/lib/python3.12/site-packages/airflow/example_dags/example_latest_only_with_trigger.py for tasks to queue
[2025-04-30T00:33:55.894+0000] {logging_mixin.py:190} INFO - [2025-04-30T00:33:55.893+0000] {dagbag.py:587} INFO - Filling up the DagBag from /home/airflow/.local/lib/python3.12/site-packages/airflow/example_dags/example_latest_only_with_trigger.py
[2025-04-30T00:33:55.908+0000] {processor.py:925} INFO - DAG(s) 'latest_only_with_trigger' retrieved from /home/airflow/.local/lib/python3.12/site-packages/airflow/example_dags/example_latest_only_with_trigger.py
[2025-04-30T00:33:55.953+0000] {logging_mixin.py:190} INFO - [2025-04-30T00:33:55.953+0000] {dag.py:3211} INFO - Sync 1 DAGs
[2025-04-30T00:33:56.003+0000] {logging_mixin.py:190} INFO - [2025-04-30T00:33:56.003+0000] {dag.py:4138} INFO - Setting next_dagrun for latest_only_with_trigger to 2025-04-29 20:00:00+00:00, run_after=2025-04-30 00:00:00+00:00
[2025-04-30T00:33:56.041+0000] {processor.py:208} INFO - Processing /home/airflow/.local/lib/python3.12/site-packages/airflow/example_dags/example_latest_only_with_trigger.py took 0.166 seconds
[2025-04-30T00:34:26.842+0000] {processor.py:186} INFO - Started process (PID=542) to work on /home/airflow/.local/lib/python3.12/site-packages/airflow/example_dags/example_latest_only_with_trigger.py
[2025-04-30T00:34:26.844+0000] {processor.py:914} INFO - Processing file /home/airflow/.local/lib/python3.12/site-packages/airflow/example_dags/example_latest_only_with_trigger.py for tasks to queue
[2025-04-30T00:34:26.849+0000] {logging_mixin.py:190} INFO - [2025-04-30T00:34:26.848+0000] {dagbag.py:587} INFO - Filling up the DagBag from /home/airflow/.local/lib/python3.12/site-packages/airflow/example_dags/example_latest_only_with_trigger.py
[2025-04-30T00:34:26.863+0000] {processor.py:925} INFO - DAG(s) 'latest_only_with_trigger' retrieved from /home/airflow/.local/lib/python3.12/site-packages/airflow/example_dags/example_latest_only_with_trigger.py
[2025-04-30T00:34:26.902+0000] {logging_mixin.py:190} INFO - [2025-04-30T00:34:26.901+0000] {dag.py:3211} INFO - Sync 1 DAGs
[2025-04-30T00:34:26.956+0000] {logging_mixin.py:190} INFO - [2025-04-30T00:34:26.955+0000] {dag.py:4138} INFO - Setting next_dagrun for latest_only_with_trigger to 2025-04-29 20:00:00+00:00, run_after=2025-04-30 00:00:00+00:00
[2025-04-30T00:34:27.002+0000] {processor.py:208} INFO - Processing /home/airflow/.local/lib/python3.12/site-packages/airflow/example_dags/example_latest_only_with_trigger.py took 0.171 seconds
[2025-04-30T00:34:57.320+0000] {processor.py:186} INFO - Started process (PID=605) to work on /home/airflow/.local/lib/python3.12/site-packages/airflow/example_dags/example_latest_only_with_trigger.py
[2025-04-30T00:34:57.323+0000] {processor.py:914} INFO - Processing file /home/airflow/.local/lib/python3.12/site-packages/airflow/example_dags/example_latest_only_with_trigger.py for tasks to queue
[2025-04-30T00:34:57.332+0000] {logging_mixin.py:190} INFO - [2025-04-30T00:34:57.331+0000] {dagbag.py:587} INFO - Filling up the DagBag from /home/airflow/.local/lib/python3.12/site-packages/airflow/example_dags/example_latest_only_with_trigger.py
[2025-04-30T00:34:57.357+0000] {processor.py:925} INFO - DAG(s) 'latest_only_with_trigger' retrieved from /home/airflow/.local/lib/python3.12/site-packages/airflow/example_dags/example_latest_only_with_trigger.py
[2025-04-30T00:34:57.402+0000] {logging_mixin.py:190} INFO - [2025-04-30T00:34:57.401+0000] {dag.py:3211} INFO - Sync 1 DAGs
[2025-04-30T00:34:57.446+0000] {logging_mixin.py:190} INFO - [2025-04-30T00:34:57.445+0000] {dag.py:4138} INFO - Setting next_dagrun for latest_only_with_trigger to 2025-04-29 20:00:00+00:00, run_after=2025-04-30 00:00:00+00:00
[2025-04-30T00:34:57.479+0000] {processor.py:208} INFO - Processing /home/airflow/.local/lib/python3.12/site-packages/airflow/example_dags/example_latest_only_with_trigger.py took 0.178 seconds
[2025-04-30T00:35:27.931+0000] {processor.py:186} INFO - Started process (PID=667) to work on /home/airflow/.local/lib/python3.12/site-packages/airflow/example_dags/example_latest_only_with_trigger.py
[2025-04-30T00:35:27.933+0000] {processor.py:914} INFO - Processing file /home/airflow/.local/lib/python3.12/site-packages/airflow/example_dags/example_latest_only_with_trigger.py for tasks to queue
[2025-04-30T00:35:27.939+0000] {logging_mixin.py:190} INFO - [2025-04-30T00:35:27.938+0000] {dagbag.py:587} INFO - Filling up the DagBag from /home/airflow/.local/lib/python3.12/site-packages/airflow/example_dags/example_latest_only_with_trigger.py
[2025-04-30T00:35:27.958+0000] {processor.py:925} INFO - DAG(s) 'latest_only_with_trigger' retrieved from /home/airflow/.local/lib/python3.12/site-packages/airflow/example_dags/example_latest_only_with_trigger.py
[2025-04-30T00:35:28.012+0000] {logging_mixin.py:190} INFO - [2025-04-30T00:35:28.012+0000] {dag.py:3211} INFO - Sync 1 DAGs
[2025-04-30T00:35:28.070+0000] {logging_mixin.py:190} INFO - [2025-04-30T00:35:28.069+0000] {dag.py:4138} INFO - Setting next_dagrun for latest_only_with_trigger to 2025-04-29 20:00:00+00:00, run_after=2025-04-30 00:00:00+00:00
[2025-04-30T00:35:28.124+0000] {processor.py:208} INFO - Processing /home/airflow/.local/lib/python3.12/site-packages/airflow/example_dags/example_latest_only_with_trigger.py took 0.208 seconds
[2025-04-30T00:35:58.580+0000] {processor.py:186} INFO - Started process (PID=730) to work on /home/airflow/.local/lib/python3.12/site-packages/airflow/example_dags/example_latest_only_with_trigger.py
[2025-04-30T00:35:58.582+0000] {processor.py:914} INFO - Processing file /home/airflow/.local/lib/python3.12/site-packages/airflow/example_dags/example_latest_only_with_trigger.py for tasks to queue
[2025-04-30T00:35:58.586+0000] {logging_mixin.py:190} INFO - [2025-04-30T00:35:58.585+0000] {dagbag.py:587} INFO - Filling up the DagBag from /home/airflow/.local/lib/python3.12/site-packages/airflow/example_dags/example_latest_only_with_trigger.py
[2025-04-30T00:35:58.601+0000] {processor.py:925} INFO - DAG(s) 'latest_only_with_trigger' retrieved from /home/airflow/.local/lib/python3.12/site-packages/airflow/example_dags/example_latest_only_with_trigger.py
[2025-04-30T00:35:58.648+0000] {logging_mixin.py:190} INFO - [2025-04-30T00:35:58.648+0000] {dag.py:3211} INFO - Sync 1 DAGs
[2025-04-30T00:35:58.709+0000] {logging_mixin.py:190} INFO - [2025-04-30T00:35:58.709+0000] {dag.py:4138} INFO - Setting next_dagrun for latest_only_with_trigger to 2025-04-29 20:00:00+00:00, run_after=2025-04-30 00:00:00+00:00
[2025-04-30T00:35:58.765+0000] {processor.py:208} INFO - Processing /home/airflow/.local/lib/python3.12/site-packages/airflow/example_dags/example_latest_only_with_trigger.py took 0.197 seconds
[2025-04-30T00:36:29.259+0000] {processor.py:186} INFO - Started process (PID=793) to work on /home/airflow/.local/lib/python3.12/site-packages/airflow/example_dags/example_latest_only_with_trigger.py
[2025-04-30T00:36:29.261+0000] {processor.py:914} INFO - Processing file /home/airflow/.local/lib/python3.12/site-packages/airflow/example_dags/example_latest_only_with_trigger.py for tasks to queue
[2025-04-30T00:36:29.266+0000] {logging_mixin.py:190} INFO - [2025-04-30T00:36:29.265+0000] {dagbag.py:587} INFO - Filling up the DagBag from /home/airflow/.local/lib/python3.12/site-packages/airflow/example_dags/example_latest_only_with_trigger.py
[2025-04-30T00:36:29.282+0000] {processor.py:925} INFO - DAG(s) 'latest_only_with_trigger' retrieved from /home/airflow/.local/lib/python3.12/site-packages/airflow/example_dags/example_latest_only_with_trigger.py
[2025-04-30T00:36:29.326+0000] {logging_mixin.py:190} INFO - [2025-04-30T00:36:29.325+0000] {dag.py:3211} INFO - Sync 1 DAGs
[2025-04-30T00:36:29.377+0000] {logging_mixin.py:190} INFO - [2025-04-30T00:36:29.376+0000] {dag.py:4138} INFO - Setting next_dagrun for latest_only_with_trigger to 2025-04-29 20:00:00+00:00, run_after=2025-04-30 00:00:00+00:00
[2025-04-30T00:36:29.416+0000] {processor.py:208} INFO - Processing /home/airflow/.local/lib/python3.12/site-packages/airflow/example_dags/example_latest_only_with_trigger.py took 0.170 seconds
[2025-04-30T00:36:59.747+0000] {processor.py:186} INFO - Started process (PID=856) to work on /home/airflow/.local/lib/python3.12/site-packages/airflow/example_dags/example_latest_only_with_trigger.py
[2025-04-30T00:36:59.749+0000] {processor.py:914} INFO - Processing file /home/airflow/.local/lib/python3.12/site-packages/airflow/example_dags/example_latest_only_with_trigger.py for tasks to queue
[2025-04-30T00:36:59.755+0000] {logging_mixin.py:190} INFO - [2025-04-30T00:36:59.754+0000] {dagbag.py:587} INFO - Filling up the DagBag from /home/airflow/.local/lib/python3.12/site-packages/airflow/example_dags/example_latest_only_with_trigger.py
[2025-04-30T00:36:59.773+0000] {processor.py:925} INFO - DAG(s) 'latest_only_with_trigger' retrieved from /home/airflow/.local/lib/python3.12/site-packages/airflow/example_dags/example_latest_only_with_trigger.py
[2025-04-30T00:36:59.819+0000] {logging_mixin.py:190} INFO - [2025-04-30T00:36:59.819+0000] {dag.py:3211} INFO - Sync 1 DAGs
[2025-04-30T00:36:59.879+0000] {logging_mixin.py:190} INFO - [2025-04-30T00:36:59.879+0000] {dag.py:4138} INFO - Setting next_dagrun for latest_only_with_trigger to 2025-04-29 20:00:00+00:00, run_after=2025-04-30 00:00:00+00:00
[2025-04-30T00:36:59.960+0000] {processor.py:208} INFO - Processing /home/airflow/.local/lib/python3.12/site-packages/airflow/example_dags/example_latest_only_with_trigger.py took 0.230 seconds
[2025-04-30T00:37:30.801+0000] {processor.py:186} INFO - Started process (PID=919) to work on /home/airflow/.local/lib/python3.12/site-packages/airflow/example_dags/example_latest_only_with_trigger.py
[2025-04-30T00:37:30.803+0000] {processor.py:914} INFO - Processing file /home/airflow/.local/lib/python3.12/site-packages/airflow/example_dags/example_latest_only_with_trigger.py for tasks to queue
[2025-04-30T00:37:30.811+0000] {logging_mixin.py:190} INFO - [2025-04-30T00:37:30.811+0000] {dagbag.py:587} INFO - Filling up the DagBag from /home/airflow/.local/lib/python3.12/site-packages/airflow/example_dags/example_latest_only_with_trigger.py
[2025-04-30T00:37:30.834+0000] {processor.py:925} INFO - DAG(s) 'latest_only_with_trigger' retrieved from /home/airflow/.local/lib/python3.12/site-packages/airflow/example_dags/example_latest_only_with_trigger.py
[2025-04-30T00:37:30.902+0000] {logging_mixin.py:190} INFO - [2025-04-30T00:37:30.901+0000] {dag.py:3211} INFO - Sync 1 DAGs
[2025-04-30T00:37:30.956+0000] {logging_mixin.py:190} INFO - [2025-04-30T00:37:30.955+0000] {dag.py:4138} INFO - Setting next_dagrun for latest_only_with_trigger to 2025-04-29 20:00:00+00:00, run_after=2025-04-30 00:00:00+00:00
[2025-04-30T00:37:31.002+0000] {processor.py:208} INFO - Processing /home/airflow/.local/lib/python3.12/site-packages/airflow/example_dags/example_latest_only_with_trigger.py took 0.218 seconds
[2025-04-30T00:38:01.317+0000] {processor.py:186} INFO - Started process (PID=982) to work on /home/airflow/.local/lib/python3.12/site-packages/airflow/example_dags/example_latest_only_with_trigger.py
[2025-04-30T00:38:01.320+0000] {processor.py:914} INFO - Processing file /home/airflow/.local/lib/python3.12/site-packages/airflow/example_dags/example_latest_only_with_trigger.py for tasks to queue
[2025-04-30T00:38:01.326+0000] {logging_mixin.py:190} INFO - [2025-04-30T00:38:01.325+0000] {dagbag.py:587} INFO - Filling up the DagBag from /home/airflow/.local/lib/python3.12/site-packages/airflow/example_dags/example_latest_only_with_trigger.py
[2025-04-30T00:38:01.347+0000] {processor.py:925} INFO - DAG(s) 'latest_only_with_trigger' retrieved from /home/airflow/.local/lib/python3.12/site-packages/airflow/example_dags/example_latest_only_with_trigger.py
[2025-04-30T00:38:01.395+0000] {logging_mixin.py:190} INFO - [2025-04-30T00:38:01.395+0000] {dag.py:3211} INFO - Sync 1 DAGs
[2025-04-30T00:38:01.452+0000] {logging_mixin.py:190} INFO - [2025-04-30T00:38:01.451+0000] {dag.py:4138} INFO - Setting next_dagrun for latest_only_with_trigger to 2025-04-29 20:00:00+00:00, run_after=2025-04-30 00:00:00+00:00
[2025-04-30T00:38:01.490+0000] {processor.py:208} INFO - Processing /home/airflow/.local/lib/python3.12/site-packages/airflow/example_dags/example_latest_only_with_trigger.py took 0.192 seconds
[2025-04-30T00:38:32.380+0000] {processor.py:186} INFO - Started process (PID=1046) to work on /home/airflow/.local/lib/python3.12/site-packages/airflow/example_dags/example_latest_only_with_trigger.py
[2025-04-30T00:38:32.383+0000] {processor.py:914} INFO - Processing file /home/airflow/.local/lib/python3.12/site-packages/airflow/example_dags/example_latest_only_with_trigger.py for tasks to queue
[2025-04-30T00:38:32.391+0000] {logging_mixin.py:190} INFO - [2025-04-30T00:38:32.390+0000] {dagbag.py:587} INFO - Filling up the DagBag from /home/airflow/.local/lib/python3.12/site-packages/airflow/example_dags/example_latest_only_with_trigger.py
[2025-04-30T00:38:32.410+0000] {processor.py:925} INFO - DAG(s) 'latest_only_with_trigger' retrieved from /home/airflow/.local/lib/python3.12/site-packages/airflow/example_dags/example_latest_only_with_trigger.py
[2025-04-30T00:38:32.456+0000] {logging_mixin.py:190} INFO - [2025-04-30T00:38:32.455+0000] {dag.py:3211} INFO - Sync 1 DAGs
[2025-04-30T00:38:32.509+0000] {logging_mixin.py:190} INFO - [2025-04-30T00:38:32.509+0000] {dag.py:4138} INFO - Setting next_dagrun for latest_only_with_trigger to 2025-04-29 20:00:00+00:00, run_after=2025-04-30 00:00:00+00:00
[2025-04-30T00:38:32.554+0000] {processor.py:208} INFO - Processing /home/airflow/.local/lib/python3.12/site-packages/airflow/example_dags/example_latest_only_with_trigger.py took 0.190 seconds
[2025-04-30T00:39:03.324+0000] {processor.py:186} INFO - Started process (PID=1109) to work on /home/airflow/.local/lib/python3.12/site-packages/airflow/example_dags/example_latest_only_with_trigger.py
[2025-04-30T00:39:03.326+0000] {processor.py:914} INFO - Processing file /home/airflow/.local/lib/python3.12/site-packages/airflow/example_dags/example_latest_only_with_trigger.py for tasks to queue
[2025-04-30T00:39:03.331+0000] {logging_mixin.py:190} INFO - [2025-04-30T00:39:03.331+0000] {dagbag.py:587} INFO - Filling up the DagBag from /home/airflow/.local/lib/python3.12/site-packages/airflow/example_dags/example_latest_only_with_trigger.py
[2025-04-30T00:39:03.346+0000] {processor.py:925} INFO - DAG(s) 'latest_only_with_trigger' retrieved from /home/airflow/.local/lib/python3.12/site-packages/airflow/example_dags/example_latest_only_with_trigger.py
[2025-04-30T00:39:03.390+0000] {logging_mixin.py:190} INFO - [2025-04-30T00:39:03.389+0000] {dag.py:3211} INFO - Sync 1 DAGs
[2025-04-30T00:39:03.437+0000] {logging_mixin.py:190} INFO - [2025-04-30T00:39:03.437+0000] {dag.py:4138} INFO - Setting next_dagrun for latest_only_with_trigger to 2025-04-29 20:00:00+00:00, run_after=2025-04-30 00:00:00+00:00
[2025-04-30T00:39:03.475+0000] {processor.py:208} INFO - Processing /home/airflow/.local/lib/python3.12/site-packages/airflow/example_dags/example_latest_only_with_trigger.py took 0.163 seconds
[2025-04-30T00:39:34.382+0000] {processor.py:186} INFO - Started process (PID=1178) to work on /home/airflow/.local/lib/python3.12/site-packages/airflow/example_dags/example_latest_only_with_trigger.py
[2025-04-30T00:39:34.385+0000] {processor.py:914} INFO - Processing file /home/airflow/.local/lib/python3.12/site-packages/airflow/example_dags/example_latest_only_with_trigger.py for tasks to queue
[2025-04-30T00:39:34.389+0000] {logging_mixin.py:190} INFO - [2025-04-30T00:39:34.389+0000] {dagbag.py:587} INFO - Filling up the DagBag from /home/airflow/.local/lib/python3.12/site-packages/airflow/example_dags/example_latest_only_with_trigger.py
[2025-04-30T00:39:34.404+0000] {processor.py:925} INFO - DAG(s) 'latest_only_with_trigger' retrieved from /home/airflow/.local/lib/python3.12/site-packages/airflow/example_dags/example_latest_only_with_trigger.py
[2025-04-30T00:39:34.449+0000] {logging_mixin.py:190} INFO - [2025-04-30T00:39:34.448+0000] {dag.py:3211} INFO - Sync 1 DAGs
[2025-04-30T00:39:34.506+0000] {logging_mixin.py:190} INFO - [2025-04-30T00:39:34.505+0000] {dag.py:4138} INFO - Setting next_dagrun for latest_only_with_trigger to 2025-04-29 20:00:00+00:00, run_after=2025-04-30 00:00:00+00:00
[2025-04-30T00:39:34.573+0000] {processor.py:208} INFO - Processing /home/airflow/.local/lib/python3.12/site-packages/airflow/example_dags/example_latest_only_with_trigger.py took 0.203 seconds
[2025-04-30T00:40:05.224+0000] {processor.py:186} INFO - Started process (PID=1241) to work on /home/airflow/.local/lib/python3.12/site-packages/airflow/example_dags/example_latest_only_with_trigger.py
[2025-04-30T00:40:05.227+0000] {processor.py:914} INFO - Processing file /home/airflow/.local/lib/python3.12/site-packages/airflow/example_dags/example_latest_only_with_trigger.py for tasks to queue
[2025-04-30T00:40:05.237+0000] {logging_mixin.py:190} INFO - [2025-04-30T00:40:05.235+0000] {dagbag.py:587} INFO - Filling up the DagBag from /home/airflow/.local/lib/python3.12/site-packages/airflow/example_dags/example_latest_only_with_trigger.py
[2025-04-30T00:40:05.255+0000] {processor.py:925} INFO - DAG(s) 'latest_only_with_trigger' retrieved from /home/airflow/.local/lib/python3.12/site-packages/airflow/example_dags/example_latest_only_with_trigger.py
[2025-04-30T00:40:05.305+0000] {logging_mixin.py:190} INFO - [2025-04-30T00:40:05.304+0000] {dag.py:3211} INFO - Sync 1 DAGs
[2025-04-30T00:40:05.364+0000] {logging_mixin.py:190} INFO - [2025-04-30T00:40:05.363+0000] {dag.py:4138} INFO - Setting next_dagrun for latest_only_with_trigger to 2025-04-29 20:00:00+00:00, run_after=2025-04-30 00:00:00+00:00
[2025-04-30T00:40:05.412+0000] {processor.py:208} INFO - Processing /home/airflow/.local/lib/python3.12/site-packages/airflow/example_dags/example_latest_only_with_trigger.py took 0.203 seconds
[2025-04-30T00:40:35.504+0000] {processor.py:186} INFO - Started process (PID=1304) to work on /home/airflow/.local/lib/python3.12/site-packages/airflow/example_dags/example_latest_only_with_trigger.py
[2025-04-30T00:40:35.506+0000] {processor.py:914} INFO - Processing file /home/airflow/.local/lib/python3.12/site-packages/airflow/example_dags/example_latest_only_with_trigger.py for tasks to queue
[2025-04-30T00:40:35.511+0000] {logging_mixin.py:190} INFO - [2025-04-30T00:40:35.510+0000] {dagbag.py:587} INFO - Filling up the DagBag from /home/airflow/.local/lib/python3.12/site-packages/airflow/example_dags/example_latest_only_with_trigger.py
[2025-04-30T00:40:35.526+0000] {processor.py:925} INFO - DAG(s) 'latest_only_with_trigger' retrieved from /home/airflow/.local/lib/python3.12/site-packages/airflow/example_dags/example_latest_only_with_trigger.py
[2025-04-30T00:40:35.572+0000] {logging_mixin.py:190} INFO - [2025-04-30T00:40:35.572+0000] {dag.py:3211} INFO - Sync 1 DAGs
[2025-04-30T00:40:35.624+0000] {logging_mixin.py:190} INFO - [2025-04-30T00:40:35.624+0000] {dag.py:4138} INFO - Setting next_dagrun for latest_only_with_trigger to 2025-04-29 20:00:00+00:00, run_after=2025-04-30 00:00:00+00:00
[2025-04-30T00:40:35.666+0000] {processor.py:208} INFO - Processing /home/airflow/.local/lib/python3.12/site-packages/airflow/example_dags/example_latest_only_with_trigger.py took 0.174 seconds
[2025-04-30T00:41:05.957+0000] {processor.py:186} INFO - Started process (PID=1366) to work on /home/airflow/.local/lib/python3.12/site-packages/airflow/example_dags/example_latest_only_with_trigger.py
[2025-04-30T00:41:05.960+0000] {processor.py:914} INFO - Processing file /home/airflow/.local/lib/python3.12/site-packages/airflow/example_dags/example_latest_only_with_trigger.py for tasks to queue
[2025-04-30T00:41:05.966+0000] {logging_mixin.py:190} INFO - [2025-04-30T00:41:05.965+0000] {dagbag.py:587} INFO - Filling up the DagBag from /home/airflow/.local/lib/python3.12/site-packages/airflow/example_dags/example_latest_only_with_trigger.py
[2025-04-30T00:41:05.985+0000] {processor.py:925} INFO - DAG(s) 'latest_only_with_trigger' retrieved from /home/airflow/.local/lib/python3.12/site-packages/airflow/example_dags/example_latest_only_with_trigger.py
[2025-04-30T00:41:06.038+0000] {logging_mixin.py:190} INFO - [2025-04-30T00:41:06.037+0000] {dag.py:3211} INFO - Sync 1 DAGs
[2025-04-30T00:41:06.102+0000] {logging_mixin.py:190} INFO - [2025-04-30T00:41:06.101+0000] {dag.py:4138} INFO - Setting next_dagrun for latest_only_with_trigger to 2025-04-29 20:00:00+00:00, run_after=2025-04-30 00:00:00+00:00
[2025-04-30T00:41:06.143+0000] {processor.py:208} INFO - Processing /home/airflow/.local/lib/python3.12/site-packages/airflow/example_dags/example_latest_only_with_trigger.py took 0.199 seconds
[2025-04-30T00:41:36.298+0000] {processor.py:186} INFO - Started process (PID=1429) to work on /home/airflow/.local/lib/python3.12/site-packages/airflow/example_dags/example_latest_only_with_trigger.py
[2025-04-30T00:41:36.300+0000] {processor.py:914} INFO - Processing file /home/airflow/.local/lib/python3.12/site-packages/airflow/example_dags/example_latest_only_with_trigger.py for tasks to queue
[2025-04-30T00:41:36.305+0000] {logging_mixin.py:190} INFO - [2025-04-30T00:41:36.304+0000] {dagbag.py:587} INFO - Filling up the DagBag from /home/airflow/.local/lib/python3.12/site-packages/airflow/example_dags/example_latest_only_with_trigger.py
[2025-04-30T00:41:36.319+0000] {processor.py:925} INFO - DAG(s) 'latest_only_with_trigger' retrieved from /home/airflow/.local/lib/python3.12/site-packages/airflow/example_dags/example_latest_only_with_trigger.py
[2025-04-30T00:41:36.358+0000] {logging_mixin.py:190} INFO - [2025-04-30T00:41:36.358+0000] {dag.py:3211} INFO - Sync 1 DAGs
[2025-04-30T00:41:36.407+0000] {logging_mixin.py:190} INFO - [2025-04-30T00:41:36.406+0000] {dag.py:4138} INFO - Setting next_dagrun for latest_only_with_trigger to 2025-04-29 20:00:00+00:00, run_after=2025-04-30 00:00:00+00:00
[2025-04-30T00:41:36.444+0000] {processor.py:208} INFO - Processing /home/airflow/.local/lib/python3.12/site-packages/airflow/example_dags/example_latest_only_with_trigger.py took 0.157 seconds
[2025-04-30T00:42:07.180+0000] {processor.py:186} INFO - Started process (PID=1496) to work on /home/airflow/.local/lib/python3.12/site-packages/airflow/example_dags/example_latest_only_with_trigger.py
[2025-04-30T00:42:07.182+0000] {processor.py:914} INFO - Processing file /home/airflow/.local/lib/python3.12/site-packages/airflow/example_dags/example_latest_only_with_trigger.py for tasks to queue
[2025-04-30T00:42:07.185+0000] {logging_mixin.py:190} INFO - [2025-04-30T00:42:07.185+0000] {dagbag.py:587} INFO - Filling up the DagBag from /home/airflow/.local/lib/python3.12/site-packages/airflow/example_dags/example_latest_only_with_trigger.py
[2025-04-30T00:42:07.205+0000] {processor.py:925} INFO - DAG(s) 'latest_only_with_trigger' retrieved from /home/airflow/.local/lib/python3.12/site-packages/airflow/example_dags/example_latest_only_with_trigger.py
[2025-04-30T00:42:07.266+0000] {logging_mixin.py:190} INFO - [2025-04-30T00:42:07.266+0000] {dag.py:3211} INFO - Sync 1 DAGs
[2025-04-30T00:42:07.329+0000] {logging_mixin.py:190} INFO - [2025-04-30T00:42:07.329+0000] {dag.py:4138} INFO - Setting next_dagrun for latest_only_with_trigger to 2025-04-29 20:00:00+00:00, run_after=2025-04-30 00:00:00+00:00
[2025-04-30T00:42:07.368+0000] {processor.py:208} INFO - Processing /home/airflow/.local/lib/python3.12/site-packages/airflow/example_dags/example_latest_only_with_trigger.py took 0.201 seconds
[2025-04-30T00:42:38.152+0000] {processor.py:186} INFO - Started process (PID=1559) to work on /home/airflow/.local/lib/python3.12/site-packages/airflow/example_dags/example_latest_only_with_trigger.py
[2025-04-30T00:42:38.154+0000] {processor.py:914} INFO - Processing file /home/airflow/.local/lib/python3.12/site-packages/airflow/example_dags/example_latest_only_with_trigger.py for tasks to queue
[2025-04-30T00:42:38.158+0000] {logging_mixin.py:190} INFO - [2025-04-30T00:42:38.157+0000] {dagbag.py:587} INFO - Filling up the DagBag from /home/airflow/.local/lib/python3.12/site-packages/airflow/example_dags/example_latest_only_with_trigger.py
[2025-04-30T00:42:38.175+0000] {processor.py:925} INFO - DAG(s) 'latest_only_with_trigger' retrieved from /home/airflow/.local/lib/python3.12/site-packages/airflow/example_dags/example_latest_only_with_trigger.py
[2025-04-30T00:42:38.216+0000] {logging_mixin.py:190} INFO - [2025-04-30T00:42:38.216+0000] {dag.py:3211} INFO - Sync 1 DAGs
[2025-04-30T00:42:38.265+0000] {logging_mixin.py:190} INFO - [2025-04-30T00:42:38.265+0000] {dag.py:4138} INFO - Setting next_dagrun for latest_only_with_trigger to 2025-04-29 20:00:00+00:00, run_after=2025-04-30 00:00:00+00:00
[2025-04-30T00:42:38.307+0000] {processor.py:208} INFO - Processing /home/airflow/.local/lib/python3.12/site-packages/airflow/example_dags/example_latest_only_with_trigger.py took 0.167 seconds
[2025-04-30T00:43:09.079+0000] {processor.py:186} INFO - Started process (PID=1622) to work on /home/airflow/.local/lib/python3.12/site-packages/airflow/example_dags/example_latest_only_with_trigger.py
[2025-04-30T00:43:09.081+0000] {processor.py:914} INFO - Processing file /home/airflow/.local/lib/python3.12/site-packages/airflow/example_dags/example_latest_only_with_trigger.py for tasks to queue
[2025-04-30T00:43:09.083+0000] {logging_mixin.py:190} INFO - [2025-04-30T00:43:09.083+0000] {dagbag.py:587} INFO - Filling up the DagBag from /home/airflow/.local/lib/python3.12/site-packages/airflow/example_dags/example_latest_only_with_trigger.py
[2025-04-30T00:43:09.098+0000] {processor.py:925} INFO - DAG(s) 'latest_only_with_trigger' retrieved from /home/airflow/.local/lib/python3.12/site-packages/airflow/example_dags/example_latest_only_with_trigger.py
[2025-04-30T00:43:09.141+0000] {logging_mixin.py:190} INFO - [2025-04-30T00:43:09.141+0000] {dag.py:3211} INFO - Sync 1 DAGs
[2025-04-30T00:43:09.182+0000] {logging_mixin.py:190} INFO - [2025-04-30T00:43:09.181+0000] {dag.py:4138} INFO - Setting next_dagrun for latest_only_with_trigger to 2025-04-29 20:00:00+00:00, run_after=2025-04-30 00:00:00+00:00
[2025-04-30T00:43:09.222+0000] {processor.py:208} INFO - Processing /home/airflow/.local/lib/python3.12/site-packages/airflow/example_dags/example_latest_only_with_trigger.py took 0.154 seconds
[2025-04-30T00:43:39.444+0000] {processor.py:186} INFO - Started process (PID=1685) to work on /home/airflow/.local/lib/python3.12/site-packages/airflow/example_dags/example_latest_only_with_trigger.py
[2025-04-30T00:43:39.448+0000] {processor.py:914} INFO - Processing file /home/airflow/.local/lib/python3.12/site-packages/airflow/example_dags/example_latest_only_with_trigger.py for tasks to queue
[2025-04-30T00:43:39.452+0000] {logging_mixin.py:190} INFO - [2025-04-30T00:43:39.451+0000] {dagbag.py:587} INFO - Filling up the DagBag from /home/airflow/.local/lib/python3.12/site-packages/airflow/example_dags/example_latest_only_with_trigger.py
[2025-04-30T00:43:39.484+0000] {processor.py:925} INFO - DAG(s) 'latest_only_with_trigger' retrieved from /home/airflow/.local/lib/python3.12/site-packages/airflow/example_dags/example_latest_only_with_trigger.py
[2025-04-30T00:43:39.552+0000] {logging_mixin.py:190} INFO - [2025-04-30T00:43:39.552+0000] {dag.py:3211} INFO - Sync 1 DAGs
[2025-04-30T00:43:39.628+0000] {logging_mixin.py:190} INFO - [2025-04-30T00:43:39.627+0000] {dag.py:4138} INFO - Setting next_dagrun for latest_only_with_trigger to 2025-04-29 20:00:00+00:00, run_after=2025-04-30 00:00:00+00:00
[2025-04-30T00:43:39.686+0000] {processor.py:208} INFO - Processing /home/airflow/.local/lib/python3.12/site-packages/airflow/example_dags/example_latest_only_with_trigger.py took 0.263 seconds
[2025-04-30T00:44:10.006+0000] {processor.py:186} INFO - Started process (PID=1747) to work on /home/airflow/.local/lib/python3.12/site-packages/airflow/example_dags/example_latest_only_with_trigger.py
[2025-04-30T00:44:10.007+0000] {processor.py:914} INFO - Processing file /home/airflow/.local/lib/python3.12/site-packages/airflow/example_dags/example_latest_only_with_trigger.py for tasks to queue
[2025-04-30T00:44:10.008+0000] {logging_mixin.py:190} INFO - [2025-04-30T00:44:10.008+0000] {dagbag.py:587} INFO - Filling up the DagBag from /home/airflow/.local/lib/python3.12/site-packages/airflow/example_dags/example_latest_only_with_trigger.py
[2025-04-30T00:44:10.019+0000] {processor.py:925} INFO - DAG(s) 'latest_only_with_trigger' retrieved from /home/airflow/.local/lib/python3.12/site-packages/airflow/example_dags/example_latest_only_with_trigger.py
[2025-04-30T00:44:10.042+0000] {logging_mixin.py:190} INFO - [2025-04-30T00:44:10.042+0000] {dag.py:3211} INFO - Sync 1 DAGs
[2025-04-30T00:44:10.068+0000] {logging_mixin.py:190} INFO - [2025-04-30T00:44:10.068+0000] {dag.py:4138} INFO - Setting next_dagrun for latest_only_with_trigger to 2025-04-29 20:00:00+00:00, run_after=2025-04-30 00:00:00+00:00
[2025-04-30T00:44:10.092+0000] {processor.py:208} INFO - Processing /home/airflow/.local/lib/python3.12/site-packages/airflow/example_dags/example_latest_only_with_trigger.py took 0.094 seconds
[2025-04-30T00:44:40.955+0000] {processor.py:186} INFO - Started process (PID=1811) to work on /home/airflow/.local/lib/python3.12/site-packages/airflow/example_dags/example_latest_only_with_trigger.py
[2025-04-30T00:44:40.957+0000] {processor.py:914} INFO - Processing file /home/airflow/.local/lib/python3.12/site-packages/airflow/example_dags/example_latest_only_with_trigger.py for tasks to queue
[2025-04-30T00:44:40.959+0000] {logging_mixin.py:190} INFO - [2025-04-30T00:44:40.958+0000] {dagbag.py:587} INFO - Filling up the DagBag from /home/airflow/.local/lib/python3.12/site-packages/airflow/example_dags/example_latest_only_with_trigger.py
[2025-04-30T00:44:40.972+0000] {processor.py:925} INFO - DAG(s) 'latest_only_with_trigger' retrieved from /home/airflow/.local/lib/python3.12/site-packages/airflow/example_dags/example_latest_only_with_trigger.py
[2025-04-30T00:44:41.007+0000] {logging_mixin.py:190} INFO - [2025-04-30T00:44:41.006+0000] {dag.py:3211} INFO - Sync 1 DAGs
[2025-04-30T00:44:41.047+0000] {logging_mixin.py:190} INFO - [2025-04-30T00:44:41.047+0000] {dag.py:4138} INFO - Setting next_dagrun for latest_only_with_trigger to 2025-04-29 20:00:00+00:00, run_after=2025-04-30 00:00:00+00:00
[2025-04-30T00:44:41.079+0000] {processor.py:208} INFO - Processing /home/airflow/.local/lib/python3.12/site-packages/airflow/example_dags/example_latest_only_with_trigger.py took 0.133 seconds
[2025-04-30T00:45:11.626+0000] {processor.py:186} INFO - Started process (PID=1874) to work on /home/airflow/.local/lib/python3.12/site-packages/airflow/example_dags/example_latest_only_with_trigger.py
[2025-04-30T00:45:11.628+0000] {processor.py:914} INFO - Processing file /home/airflow/.local/lib/python3.12/site-packages/airflow/example_dags/example_latest_only_with_trigger.py for tasks to queue
[2025-04-30T00:45:11.630+0000] {logging_mixin.py:190} INFO - [2025-04-30T00:45:11.630+0000] {dagbag.py:587} INFO - Filling up the DagBag from /home/airflow/.local/lib/python3.12/site-packages/airflow/example_dags/example_latest_only_with_trigger.py
[2025-04-30T00:45:11.658+0000] {processor.py:925} INFO - DAG(s) 'latest_only_with_trigger' retrieved from /home/airflow/.local/lib/python3.12/site-packages/airflow/example_dags/example_latest_only_with_trigger.py
[2025-04-30T00:45:11.699+0000] {logging_mixin.py:190} INFO - [2025-04-30T00:45:11.699+0000] {dag.py:3211} INFO - Sync 1 DAGs
[2025-04-30T00:45:11.751+0000] {logging_mixin.py:190} INFO - [2025-04-30T00:45:11.751+0000] {dag.py:4138} INFO - Setting next_dagrun for latest_only_with_trigger to 2025-04-29 20:00:00+00:00, run_after=2025-04-30 00:00:00+00:00
[2025-04-30T00:45:11.798+0000] {processor.py:208} INFO - Processing /home/airflow/.local/lib/python3.12/site-packages/airflow/example_dags/example_latest_only_with_trigger.py took 0.183 seconds
[2025-04-30T00:45:42.540+0000] {processor.py:186} INFO - Started process (PID=1937) to work on /home/airflow/.local/lib/python3.12/site-packages/airflow/example_dags/example_latest_only_with_trigger.py
[2025-04-30T00:45:42.543+0000] {processor.py:914} INFO - Processing file /home/airflow/.local/lib/python3.12/site-packages/airflow/example_dags/example_latest_only_with_trigger.py for tasks to queue
[2025-04-30T00:45:42.547+0000] {logging_mixin.py:190} INFO - [2025-04-30T00:45:42.546+0000] {dagbag.py:587} INFO - Filling up the DagBag from /home/airflow/.local/lib/python3.12/site-packages/airflow/example_dags/example_latest_only_with_trigger.py
[2025-04-30T00:45:42.585+0000] {processor.py:925} INFO - DAG(s) 'latest_only_with_trigger' retrieved from /home/airflow/.local/lib/python3.12/site-packages/airflow/example_dags/example_latest_only_with_trigger.py
[2025-04-30T00:45:42.640+0000] {logging_mixin.py:190} INFO - [2025-04-30T00:45:42.639+0000] {dag.py:3211} INFO - Sync 1 DAGs
[2025-04-30T00:45:42.706+0000] {logging_mixin.py:190} INFO - [2025-04-30T00:45:42.706+0000] {dag.py:4138} INFO - Setting next_dagrun for latest_only_with_trigger to 2025-04-29 20:00:00+00:00, run_after=2025-04-30 00:00:00+00:00
[2025-04-30T00:45:42.780+0000] {processor.py:208} INFO - Processing /home/airflow/.local/lib/python3.12/site-packages/airflow/example_dags/example_latest_only_with_trigger.py took 0.257 seconds
[2025-04-30T00:46:13.823+0000] {processor.py:186} INFO - Started process (PID=2000) to work on /home/airflow/.local/lib/python3.12/site-packages/airflow/example_dags/example_latest_only_with_trigger.py
[2025-04-30T00:46:13.825+0000] {processor.py:914} INFO - Processing file /home/airflow/.local/lib/python3.12/site-packages/airflow/example_dags/example_latest_only_with_trigger.py for tasks to queue
[2025-04-30T00:46:13.828+0000] {logging_mixin.py:190} INFO - [2025-04-30T00:46:13.828+0000] {dagbag.py:587} INFO - Filling up the DagBag from /home/airflow/.local/lib/python3.12/site-packages/airflow/example_dags/example_latest_only_with_trigger.py
[2025-04-30T00:46:13.837+0000] {processor.py:925} INFO - DAG(s) 'latest_only_with_trigger' retrieved from /home/airflow/.local/lib/python3.12/site-packages/airflow/example_dags/example_latest_only_with_trigger.py
[2025-04-30T00:46:13.864+0000] {logging_mixin.py:190} INFO - [2025-04-30T00:46:13.864+0000] {dag.py:3211} INFO - Sync 1 DAGs
[2025-04-30T00:46:13.891+0000] {logging_mixin.py:190} INFO - [2025-04-30T00:46:13.891+0000] {dag.py:4138} INFO - Setting next_dagrun for latest_only_with_trigger to 2025-04-29 20:00:00+00:00, run_after=2025-04-30 00:00:00+00:00
[2025-04-30T00:46:13.915+0000] {processor.py:208} INFO - Processing /home/airflow/.local/lib/python3.12/site-packages/airflow/example_dags/example_latest_only_with_trigger.py took 0.098 seconds
[2025-04-30T00:46:44.218+0000] {processor.py:186} INFO - Started process (PID=2062) to work on /home/airflow/.local/lib/python3.12/site-packages/airflow/example_dags/example_latest_only_with_trigger.py
[2025-04-30T00:46:44.220+0000] {processor.py:914} INFO - Processing file /home/airflow/.local/lib/python3.12/site-packages/airflow/example_dags/example_latest_only_with_trigger.py for tasks to queue
[2025-04-30T00:46:44.221+0000] {logging_mixin.py:190} INFO - [2025-04-30T00:46:44.221+0000] {dagbag.py:587} INFO - Filling up the DagBag from /home/airflow/.local/lib/python3.12/site-packages/airflow/example_dags/example_latest_only_with_trigger.py
[2025-04-30T00:46:44.230+0000] {processor.py:925} INFO - DAG(s) 'latest_only_with_trigger' retrieved from /home/airflow/.local/lib/python3.12/site-packages/airflow/example_dags/example_latest_only_with_trigger.py
[2025-04-30T00:46:44.252+0000] {logging_mixin.py:190} INFO - [2025-04-30T00:46:44.252+0000] {dag.py:3211} INFO - Sync 1 DAGs
[2025-04-30T00:46:44.278+0000] {logging_mixin.py:190} INFO - [2025-04-30T00:46:44.278+0000] {dag.py:4138} INFO - Setting next_dagrun for latest_only_with_trigger to 2025-04-29 20:00:00+00:00, run_after=2025-04-30 00:00:00+00:00
[2025-04-30T00:46:44.300+0000] {processor.py:208} INFO - Processing /home/airflow/.local/lib/python3.12/site-packages/airflow/example_dags/example_latest_only_with_trigger.py took 0.088 seconds
[2025-04-30T00:47:14.998+0000] {processor.py:186} INFO - Started process (PID=2132) to work on /home/airflow/.local/lib/python3.12/site-packages/airflow/example_dags/example_latest_only_with_trigger.py
[2025-04-30T00:47:14.999+0000] {processor.py:914} INFO - Processing file /home/airflow/.local/lib/python3.12/site-packages/airflow/example_dags/example_latest_only_with_trigger.py for tasks to queue
[2025-04-30T00:47:15.001+0000] {logging_mixin.py:190} INFO - [2025-04-30T00:47:15.001+0000] {dagbag.py:587} INFO - Filling up the DagBag from /home/airflow/.local/lib/python3.12/site-packages/airflow/example_dags/example_latest_only_with_trigger.py
[2025-04-30T00:47:15.010+0000] {processor.py:925} INFO - DAG(s) 'latest_only_with_trigger' retrieved from /home/airflow/.local/lib/python3.12/site-packages/airflow/example_dags/example_latest_only_with_trigger.py
[2025-04-30T00:47:15.034+0000] {logging_mixin.py:190} INFO - [2025-04-30T00:47:15.034+0000] {dag.py:3211} INFO - Sync 1 DAGs
[2025-04-30T00:47:15.058+0000] {logging_mixin.py:190} INFO - [2025-04-30T00:47:15.058+0000] {dag.py:4138} INFO - Setting next_dagrun for latest_only_with_trigger to 2025-04-29 20:00:00+00:00, run_after=2025-04-30 00:00:00+00:00
[2025-04-30T00:47:15.082+0000] {processor.py:208} INFO - Processing /home/airflow/.local/lib/python3.12/site-packages/airflow/example_dags/example_latest_only_with_trigger.py took 0.090 seconds
[2025-04-30T00:47:45.962+0000] {processor.py:186} INFO - Started process (PID=2195) to work on /home/airflow/.local/lib/python3.12/site-packages/airflow/example_dags/example_latest_only_with_trigger.py
[2025-04-30T00:47:45.963+0000] {processor.py:914} INFO - Processing file /home/airflow/.local/lib/python3.12/site-packages/airflow/example_dags/example_latest_only_with_trigger.py for tasks to queue
[2025-04-30T00:47:45.966+0000] {logging_mixin.py:190} INFO - [2025-04-30T00:47:45.965+0000] {dagbag.py:587} INFO - Filling up the DagBag from /home/airflow/.local/lib/python3.12/site-packages/airflow/example_dags/example_latest_only_with_trigger.py
[2025-04-30T00:47:45.978+0000] {processor.py:925} INFO - DAG(s) 'latest_only_with_trigger' retrieved from /home/airflow/.local/lib/python3.12/site-packages/airflow/example_dags/example_latest_only_with_trigger.py
[2025-04-30T00:47:46.008+0000] {logging_mixin.py:190} INFO - [2025-04-30T00:47:46.007+0000] {dag.py:3211} INFO - Sync 1 DAGs
[2025-04-30T00:47:46.043+0000] {logging_mixin.py:190} INFO - [2025-04-30T00:47:46.043+0000] {dag.py:4138} INFO - Setting next_dagrun for latest_only_with_trigger to 2025-04-29 20:00:00+00:00, run_after=2025-04-30 00:00:00+00:00
[2025-04-30T00:47:46.072+0000] {processor.py:208} INFO - Processing /home/airflow/.local/lib/python3.12/site-packages/airflow/example_dags/example_latest_only_with_trigger.py took 0.118 seconds
[2025-04-30T00:48:16.373+0000] {processor.py:186} INFO - Started process (PID=2257) to work on /home/airflow/.local/lib/python3.12/site-packages/airflow/example_dags/example_latest_only_with_trigger.py
[2025-04-30T00:48:16.374+0000] {processor.py:914} INFO - Processing file /home/airflow/.local/lib/python3.12/site-packages/airflow/example_dags/example_latest_only_with_trigger.py for tasks to queue
[2025-04-30T00:48:16.376+0000] {logging_mixin.py:190} INFO - [2025-04-30T00:48:16.376+0000] {dagbag.py:587} INFO - Filling up the DagBag from /home/airflow/.local/lib/python3.12/site-packages/airflow/example_dags/example_latest_only_with_trigger.py
[2025-04-30T00:48:16.390+0000] {processor.py:925} INFO - DAG(s) 'latest_only_with_trigger' retrieved from /home/airflow/.local/lib/python3.12/site-packages/airflow/example_dags/example_latest_only_with_trigger.py
[2025-04-30T00:48:16.417+0000] {logging_mixin.py:190} INFO - [2025-04-30T00:48:16.417+0000] {dag.py:3211} INFO - Sync 1 DAGs
[2025-04-30T00:48:16.450+0000] {logging_mixin.py:190} INFO - [2025-04-30T00:48:16.450+0000] {dag.py:4138} INFO - Setting next_dagrun for latest_only_with_trigger to 2025-04-29 20:00:00+00:00, run_after=2025-04-30 00:00:00+00:00
[2025-04-30T00:48:16.476+0000] {processor.py:208} INFO - Processing /home/airflow/.local/lib/python3.12/site-packages/airflow/example_dags/example_latest_only_with_trigger.py took 0.116 seconds
[2025-04-30T00:48:46.746+0000] {processor.py:186} INFO - Started process (PID=2320) to work on /home/airflow/.local/lib/python3.12/site-packages/airflow/example_dags/example_latest_only_with_trigger.py
[2025-04-30T00:48:46.747+0000] {processor.py:914} INFO - Processing file /home/airflow/.local/lib/python3.12/site-packages/airflow/example_dags/example_latest_only_with_trigger.py for tasks to queue
[2025-04-30T00:48:46.749+0000] {logging_mixin.py:190} INFO - [2025-04-30T00:48:46.748+0000] {dagbag.py:587} INFO - Filling up the DagBag from /home/airflow/.local/lib/python3.12/site-packages/airflow/example_dags/example_latest_only_with_trigger.py
[2025-04-30T00:48:46.758+0000] {processor.py:925} INFO - DAG(s) 'latest_only_with_trigger' retrieved from /home/airflow/.local/lib/python3.12/site-packages/airflow/example_dags/example_latest_only_with_trigger.py
[2025-04-30T00:48:46.781+0000] {logging_mixin.py:190} INFO - [2025-04-30T00:48:46.780+0000] {dag.py:3211} INFO - Sync 1 DAGs
[2025-04-30T00:48:46.805+0000] {logging_mixin.py:190} INFO - [2025-04-30T00:48:46.805+0000] {dag.py:4138} INFO - Setting next_dagrun for latest_only_with_trigger to 2025-04-29 20:00:00+00:00, run_after=2025-04-30 00:00:00+00:00
[2025-04-30T00:48:46.827+0000] {processor.py:208} INFO - Processing /home/airflow/.local/lib/python3.12/site-packages/airflow/example_dags/example_latest_only_with_trigger.py took 0.087 seconds
[2025-04-30T00:49:17.175+0000] {processor.py:186} INFO - Started process (PID=2383) to work on /home/airflow/.local/lib/python3.12/site-packages/airflow/example_dags/example_latest_only_with_trigger.py
[2025-04-30T00:49:17.177+0000] {processor.py:914} INFO - Processing file /home/airflow/.local/lib/python3.12/site-packages/airflow/example_dags/example_latest_only_with_trigger.py for tasks to queue
[2025-04-30T00:49:17.178+0000] {logging_mixin.py:190} INFO - [2025-04-30T00:49:17.178+0000] {dagbag.py:587} INFO - Filling up the DagBag from /home/airflow/.local/lib/python3.12/site-packages/airflow/example_dags/example_latest_only_with_trigger.py
[2025-04-30T00:49:17.187+0000] {processor.py:925} INFO - DAG(s) 'latest_only_with_trigger' retrieved from /home/airflow/.local/lib/python3.12/site-packages/airflow/example_dags/example_latest_only_with_trigger.py
[2025-04-30T00:49:17.210+0000] {logging_mixin.py:190} INFO - [2025-04-30T00:49:17.209+0000] {dag.py:3211} INFO - Sync 1 DAGs
[2025-04-30T00:49:17.236+0000] {logging_mixin.py:190} INFO - [2025-04-30T00:49:17.236+0000] {dag.py:4138} INFO - Setting next_dagrun for latest_only_with_trigger to 2025-04-29 20:00:00+00:00, run_after=2025-04-30 00:00:00+00:00
[2025-04-30T00:49:17.257+0000] {processor.py:208} INFO - Processing /home/airflow/.local/lib/python3.12/site-packages/airflow/example_dags/example_latest_only_with_trigger.py took 0.088 seconds
[2025-04-30T00:49:47.657+0000] {processor.py:186} INFO - Started process (PID=2446) to work on /home/airflow/.local/lib/python3.12/site-packages/airflow/example_dags/example_latest_only_with_trigger.py
[2025-04-30T00:49:47.658+0000] {processor.py:914} INFO - Processing file /home/airflow/.local/lib/python3.12/site-packages/airflow/example_dags/example_latest_only_with_trigger.py for tasks to queue
[2025-04-30T00:49:47.659+0000] {logging_mixin.py:190} INFO - [2025-04-30T00:49:47.659+0000] {dagbag.py:587} INFO - Filling up the DagBag from /home/airflow/.local/lib/python3.12/site-packages/airflow/example_dags/example_latest_only_with_trigger.py
[2025-04-30T00:49:47.668+0000] {processor.py:925} INFO - DAG(s) 'latest_only_with_trigger' retrieved from /home/airflow/.local/lib/python3.12/site-packages/airflow/example_dags/example_latest_only_with_trigger.py
[2025-04-30T00:49:47.691+0000] {logging_mixin.py:190} INFO - [2025-04-30T00:49:47.691+0000] {dag.py:3211} INFO - Sync 1 DAGs
[2025-04-30T00:49:47.716+0000] {logging_mixin.py:190} INFO - [2025-04-30T00:49:47.716+0000] {dag.py:4138} INFO - Setting next_dagrun for latest_only_with_trigger to 2025-04-29 20:00:00+00:00, run_after=2025-04-30 00:00:00+00:00
[2025-04-30T00:49:47.737+0000] {processor.py:208} INFO - Processing /home/airflow/.local/lib/python3.12/site-packages/airflow/example_dags/example_latest_only_with_trigger.py took 0.086 seconds
[2025-04-30T00:50:17.998+0000] {processor.py:186} INFO - Started process (PID=2510) to work on /home/airflow/.local/lib/python3.12/site-packages/airflow/example_dags/example_latest_only_with_trigger.py
[2025-04-30T00:50:17.999+0000] {processor.py:914} INFO - Processing file /home/airflow/.local/lib/python3.12/site-packages/airflow/example_dags/example_latest_only_with_trigger.py for tasks to queue
[2025-04-30T00:50:18.001+0000] {logging_mixin.py:190} INFO - [2025-04-30T00:50:18.000+0000] {dagbag.py:587} INFO - Filling up the DagBag from /home/airflow/.local/lib/python3.12/site-packages/airflow/example_dags/example_latest_only_with_trigger.py
[2025-04-30T00:50:18.010+0000] {processor.py:925} INFO - DAG(s) 'latest_only_with_trigger' retrieved from /home/airflow/.local/lib/python3.12/site-packages/airflow/example_dags/example_latest_only_with_trigger.py
[2025-04-30T00:50:18.032+0000] {logging_mixin.py:190} INFO - [2025-04-30T00:50:18.032+0000] {dag.py:3211} INFO - Sync 1 DAGs
[2025-04-30T00:50:18.057+0000] {logging_mixin.py:190} INFO - [2025-04-30T00:50:18.057+0000] {dag.py:4138} INFO - Setting next_dagrun for latest_only_with_trigger to 2025-04-29 20:00:00+00:00, run_after=2025-04-30 00:00:00+00:00
[2025-04-30T00:50:18.076+0000] {processor.py:208} INFO - Processing /home/airflow/.local/lib/python3.12/site-packages/airflow/example_dags/example_latest_only_with_trigger.py took 0.084 seconds
[2025-04-30T00:50:49.096+0000] {processor.py:186} INFO - Started process (PID=2573) to work on /home/airflow/.local/lib/python3.12/site-packages/airflow/example_dags/example_latest_only_with_trigger.py
[2025-04-30T00:50:49.098+0000] {processor.py:914} INFO - Processing file /home/airflow/.local/lib/python3.12/site-packages/airflow/example_dags/example_latest_only_with_trigger.py for tasks to queue
[2025-04-30T00:50:49.100+0000] {logging_mixin.py:190} INFO - [2025-04-30T00:50:49.099+0000] {dagbag.py:587} INFO - Filling up the DagBag from /home/airflow/.local/lib/python3.12/site-packages/airflow/example_dags/example_latest_only_with_trigger.py
[2025-04-30T00:50:49.119+0000] {processor.py:925} INFO - DAG(s) 'latest_only_with_trigger' retrieved from /home/airflow/.local/lib/python3.12/site-packages/airflow/example_dags/example_latest_only_with_trigger.py
[2025-04-30T00:50:49.151+0000] {logging_mixin.py:190} INFO - [2025-04-30T00:50:49.151+0000] {dag.py:3211} INFO - Sync 1 DAGs
[2025-04-30T00:50:49.193+0000] {logging_mixin.py:190} INFO - [2025-04-30T00:50:49.192+0000] {dag.py:4138} INFO - Setting next_dagrun for latest_only_with_trigger to 2025-04-29 20:00:00+00:00, run_after=2025-04-30 00:00:00+00:00
[2025-04-30T00:50:49.226+0000] {processor.py:208} INFO - Processing /home/airflow/.local/lib/python3.12/site-packages/airflow/example_dags/example_latest_only_with_trigger.py took 0.142 seconds
[2025-04-30T00:51:19.497+0000] {processor.py:186} INFO - Started process (PID=2636) to work on /home/airflow/.local/lib/python3.12/site-packages/airflow/example_dags/example_latest_only_with_trigger.py
[2025-04-30T00:51:19.500+0000] {processor.py:914} INFO - Processing file /home/airflow/.local/lib/python3.12/site-packages/airflow/example_dags/example_latest_only_with_trigger.py for tasks to queue
[2025-04-30T00:51:19.503+0000] {logging_mixin.py:190} INFO - [2025-04-30T00:51:19.502+0000] {dagbag.py:587} INFO - Filling up the DagBag from /home/airflow/.local/lib/python3.12/site-packages/airflow/example_dags/example_latest_only_with_trigger.py
[2025-04-30T00:51:19.522+0000] {processor.py:925} INFO - DAG(s) 'latest_only_with_trigger' retrieved from /home/airflow/.local/lib/python3.12/site-packages/airflow/example_dags/example_latest_only_with_trigger.py
[2025-04-30T00:51:19.558+0000] {logging_mixin.py:190} INFO - [2025-04-30T00:51:19.558+0000] {dag.py:3211} INFO - Sync 1 DAGs
[2025-04-30T00:51:19.604+0000] {logging_mixin.py:190} INFO - [2025-04-30T00:51:19.604+0000] {dag.py:4138} INFO - Setting next_dagrun for latest_only_with_trigger to 2025-04-29 20:00:00+00:00, run_after=2025-04-30 00:00:00+00:00
[2025-04-30T00:51:19.635+0000] {processor.py:208} INFO - Processing /home/airflow/.local/lib/python3.12/site-packages/airflow/example_dags/example_latest_only_with_trigger.py took 0.146 seconds
[2025-04-30T00:51:50.590+0000] {processor.py:186} INFO - Started process (PID=2699) to work on /home/airflow/.local/lib/python3.12/site-packages/airflow/example_dags/example_latest_only_with_trigger.py
[2025-04-30T00:51:50.593+0000] {processor.py:914} INFO - Processing file /home/airflow/.local/lib/python3.12/site-packages/airflow/example_dags/example_latest_only_with_trigger.py for tasks to queue
[2025-04-30T00:51:50.596+0000] {logging_mixin.py:190} INFO - [2025-04-30T00:51:50.595+0000] {dagbag.py:587} INFO - Filling up the DagBag from /home/airflow/.local/lib/python3.12/site-packages/airflow/example_dags/example_latest_only_with_trigger.py
[2025-04-30T00:51:50.637+0000] {processor.py:925} INFO - DAG(s) 'latest_only_with_trigger' retrieved from /home/airflow/.local/lib/python3.12/site-packages/airflow/example_dags/example_latest_only_with_trigger.py
[2025-04-30T00:51:50.732+0000] {logging_mixin.py:190} INFO - [2025-04-30T00:51:50.732+0000] {dag.py:3211} INFO - Sync 1 DAGs
[2025-04-30T00:51:50.877+0000] {logging_mixin.py:190} INFO - [2025-04-30T00:51:50.877+0000] {dag.py:4138} INFO - Setting next_dagrun for latest_only_with_trigger to 2025-04-29 20:00:00+00:00, run_after=2025-04-30 00:00:00+00:00
[2025-04-30T00:51:50.962+0000] {processor.py:208} INFO - Processing /home/airflow/.local/lib/python3.12/site-packages/airflow/example_dags/example_latest_only_with_trigger.py took 0.394 seconds
[2025-04-30T00:59:32.218+0000] {processor.py:186} INFO - Started process (PID=2728) to work on /home/airflow/.local/lib/python3.12/site-packages/airflow/example_dags/example_latest_only_with_trigger.py
[2025-04-30T00:59:32.224+0000] {processor.py:914} INFO - Processing file /home/airflow/.local/lib/python3.12/site-packages/airflow/example_dags/example_latest_only_with_trigger.py for tasks to queue
[2025-04-30T00:59:32.227+0000] {logging_mixin.py:190} INFO - [2025-04-30T00:59:32.226+0000] {dagbag.py:587} INFO - Filling up the DagBag from /home/airflow/.local/lib/python3.12/site-packages/airflow/example_dags/example_latest_only_with_trigger.py
[2025-04-30T00:59:32.249+0000] {processor.py:925} INFO - DAG(s) 'latest_only_with_trigger' retrieved from /home/airflow/.local/lib/python3.12/site-packages/airflow/example_dags/example_latest_only_with_trigger.py
[2025-04-30T00:59:32.308+0000] {logging_mixin.py:190} INFO - [2025-04-30T00:59:32.307+0000] {dag.py:3211} INFO - Sync 1 DAGs
[2025-04-30T00:59:32.358+0000] {logging_mixin.py:190} INFO - [2025-04-30T00:59:32.358+0000] {dag.py:4138} INFO - Setting next_dagrun for latest_only_with_trigger to 2025-04-29 20:00:00+00:00, run_after=2025-04-30 00:00:00+00:00
[2025-04-30T00:59:32.401+0000] {processor.py:208} INFO - Processing /home/airflow/.local/lib/python3.12/site-packages/airflow/example_dags/example_latest_only_with_trigger.py took 0.194 seconds
[2025-04-30T01:00:02.623+0000] {processor.py:186} INFO - Started process (PID=2791) to work on /home/airflow/.local/lib/python3.12/site-packages/airflow/example_dags/example_latest_only_with_trigger.py
[2025-04-30T01:00:02.624+0000] {processor.py:914} INFO - Processing file /home/airflow/.local/lib/python3.12/site-packages/airflow/example_dags/example_latest_only_with_trigger.py for tasks to queue
[2025-04-30T01:00:02.626+0000] {logging_mixin.py:190} INFO - [2025-04-30T01:00:02.625+0000] {dagbag.py:587} INFO - Filling up the DagBag from /home/airflow/.local/lib/python3.12/site-packages/airflow/example_dags/example_latest_only_with_trigger.py
[2025-04-30T01:00:02.636+0000] {processor.py:925} INFO - DAG(s) 'latest_only_with_trigger' retrieved from /home/airflow/.local/lib/python3.12/site-packages/airflow/example_dags/example_latest_only_with_trigger.py
[2025-04-30T01:00:02.659+0000] {logging_mixin.py:190} INFO - [2025-04-30T01:00:02.659+0000] {dag.py:3211} INFO - Sync 1 DAGs
[2025-04-30T01:00:02.685+0000] {logging_mixin.py:190} INFO - [2025-04-30T01:00:02.685+0000] {dag.py:4138} INFO - Setting next_dagrun for latest_only_with_trigger to 2025-04-29 20:00:00+00:00, run_after=2025-04-30 00:00:00+00:00
[2025-04-30T01:00:02.705+0000] {processor.py:208} INFO - Processing /home/airflow/.local/lib/python3.12/site-packages/airflow/example_dags/example_latest_only_with_trigger.py took 0.090 seconds
[2025-04-30T01:00:33.503+0000] {processor.py:186} INFO - Started process (PID=2854) to work on /home/airflow/.local/lib/python3.12/site-packages/airflow/example_dags/example_latest_only_with_trigger.py
[2025-04-30T01:00:33.504+0000] {processor.py:914} INFO - Processing file /home/airflow/.local/lib/python3.12/site-packages/airflow/example_dags/example_latest_only_with_trigger.py for tasks to queue
[2025-04-30T01:00:33.506+0000] {logging_mixin.py:190} INFO - [2025-04-30T01:00:33.505+0000] {dagbag.py:587} INFO - Filling up the DagBag from /home/airflow/.local/lib/python3.12/site-packages/airflow/example_dags/example_latest_only_with_trigger.py
[2025-04-30T01:00:33.515+0000] {processor.py:925} INFO - DAG(s) 'latest_only_with_trigger' retrieved from /home/airflow/.local/lib/python3.12/site-packages/airflow/example_dags/example_latest_only_with_trigger.py
[2025-04-30T01:00:33.538+0000] {logging_mixin.py:190} INFO - [2025-04-30T01:00:33.538+0000] {dag.py:3211} INFO - Sync 1 DAGs
[2025-04-30T01:00:33.564+0000] {logging_mixin.py:190} INFO - [2025-04-30T01:00:33.564+0000] {dag.py:4138} INFO - Setting next_dagrun for latest_only_with_trigger to 2025-04-29 20:00:00+00:00, run_after=2025-04-30 00:00:00+00:00
[2025-04-30T01:00:33.585+0000] {processor.py:208} INFO - Processing /home/airflow/.local/lib/python3.12/site-packages/airflow/example_dags/example_latest_only_with_trigger.py took 0.088 seconds
[2025-04-30T01:01:04.918+0000] {processor.py:186} INFO - Started process (PID=2924) to work on /home/airflow/.local/lib/python3.12/site-packages/airflow/example_dags/example_latest_only_with_trigger.py
[2025-04-30T01:01:04.920+0000] {processor.py:914} INFO - Processing file /home/airflow/.local/lib/python3.12/site-packages/airflow/example_dags/example_latest_only_with_trigger.py for tasks to queue
[2025-04-30T01:01:04.923+0000] {logging_mixin.py:190} INFO - [2025-04-30T01:01:04.922+0000] {dagbag.py:587} INFO - Filling up the DagBag from /home/airflow/.local/lib/python3.12/site-packages/airflow/example_dags/example_latest_only_with_trigger.py
[2025-04-30T01:01:04.940+0000] {processor.py:925} INFO - DAG(s) 'latest_only_with_trigger' retrieved from /home/airflow/.local/lib/python3.12/site-packages/airflow/example_dags/example_latest_only_with_trigger.py
[2025-04-30T01:01:04.977+0000] {logging_mixin.py:190} INFO - [2025-04-30T01:01:04.976+0000] {dag.py:3211} INFO - Sync 1 DAGs
[2025-04-30T01:01:05.011+0000] {logging_mixin.py:190} INFO - [2025-04-30T01:01:05.011+0000] {dag.py:4138} INFO - Setting next_dagrun for latest_only_with_trigger to 2025-04-29 20:00:00+00:00, run_after=2025-04-30 00:00:00+00:00
[2025-04-30T01:01:05.041+0000] {processor.py:208} INFO - Processing /home/airflow/.local/lib/python3.12/site-packages/airflow/example_dags/example_latest_only_with_trigger.py took 0.133 seconds
[2025-04-30T01:01:35.812+0000] {processor.py:186} INFO - Started process (PID=2987) to work on /home/airflow/.local/lib/python3.12/site-packages/airflow/example_dags/example_latest_only_with_trigger.py
[2025-04-30T01:01:35.813+0000] {processor.py:914} INFO - Processing file /home/airflow/.local/lib/python3.12/site-packages/airflow/example_dags/example_latest_only_with_trigger.py for tasks to queue
[2025-04-30T01:01:35.815+0000] {logging_mixin.py:190} INFO - [2025-04-30T01:01:35.814+0000] {dagbag.py:587} INFO - Filling up the DagBag from /home/airflow/.local/lib/python3.12/site-packages/airflow/example_dags/example_latest_only_with_trigger.py
[2025-04-30T01:01:35.825+0000] {processor.py:925} INFO - DAG(s) 'latest_only_with_trigger' retrieved from /home/airflow/.local/lib/python3.12/site-packages/airflow/example_dags/example_latest_only_with_trigger.py
[2025-04-30T01:01:35.848+0000] {logging_mixin.py:190} INFO - [2025-04-30T01:01:35.848+0000] {dag.py:3211} INFO - Sync 1 DAGs
[2025-04-30T01:01:35.876+0000] {logging_mixin.py:190} INFO - [2025-04-30T01:01:35.876+0000] {dag.py:4138} INFO - Setting next_dagrun for latest_only_with_trigger to 2025-04-29 20:00:00+00:00, run_after=2025-04-30 00:00:00+00:00
[2025-04-30T01:01:35.900+0000] {processor.py:208} INFO - Processing /home/airflow/.local/lib/python3.12/site-packages/airflow/example_dags/example_latest_only_with_trigger.py took 0.096 seconds
[2025-04-30T01:02:06.880+0000] {processor.py:186} INFO - Started process (PID=3050) to work on /home/airflow/.local/lib/python3.12/site-packages/airflow/example_dags/example_latest_only_with_trigger.py
[2025-04-30T01:02:06.882+0000] {processor.py:914} INFO - Processing file /home/airflow/.local/lib/python3.12/site-packages/airflow/example_dags/example_latest_only_with_trigger.py for tasks to queue
[2025-04-30T01:02:06.884+0000] {logging_mixin.py:190} INFO - [2025-04-30T01:02:06.883+0000] {dagbag.py:587} INFO - Filling up the DagBag from /home/airflow/.local/lib/python3.12/site-packages/airflow/example_dags/example_latest_only_with_trigger.py
[2025-04-30T01:02:06.894+0000] {processor.py:925} INFO - DAG(s) 'latest_only_with_trigger' retrieved from /home/airflow/.local/lib/python3.12/site-packages/airflow/example_dags/example_latest_only_with_trigger.py
[2025-04-30T01:02:06.919+0000] {logging_mixin.py:190} INFO - [2025-04-30T01:02:06.919+0000] {dag.py:3211} INFO - Sync 1 DAGs
[2025-04-30T01:02:06.944+0000] {logging_mixin.py:190} INFO - [2025-04-30T01:02:06.944+0000] {dag.py:4138} INFO - Setting next_dagrun for latest_only_with_trigger to 2025-04-29 20:00:00+00:00, run_after=2025-04-30 00:00:00+00:00
[2025-04-30T01:02:06.964+0000] {processor.py:208} INFO - Processing /home/airflow/.local/lib/python3.12/site-packages/airflow/example_dags/example_latest_only_with_trigger.py took 0.090 seconds
[2025-04-30T01:02:37.233+0000] {processor.py:186} INFO - Started process (PID=3111) to work on /home/airflow/.local/lib/python3.12/site-packages/airflow/example_dags/example_latest_only_with_trigger.py
[2025-04-30T01:02:37.235+0000] {processor.py:914} INFO - Processing file /home/airflow/.local/lib/python3.12/site-packages/airflow/example_dags/example_latest_only_with_trigger.py for tasks to queue
[2025-04-30T01:02:37.236+0000] {logging_mixin.py:190} INFO - [2025-04-30T01:02:37.236+0000] {dagbag.py:587} INFO - Filling up the DagBag from /home/airflow/.local/lib/python3.12/site-packages/airflow/example_dags/example_latest_only_with_trigger.py
[2025-04-30T01:02:37.247+0000] {processor.py:925} INFO - DAG(s) 'latest_only_with_trigger' retrieved from /home/airflow/.local/lib/python3.12/site-packages/airflow/example_dags/example_latest_only_with_trigger.py
[2025-04-30T01:02:37.270+0000] {logging_mixin.py:190} INFO - [2025-04-30T01:02:37.270+0000] {dag.py:3211} INFO - Sync 1 DAGs
[2025-04-30T01:02:37.294+0000] {logging_mixin.py:190} INFO - [2025-04-30T01:02:37.294+0000] {dag.py:4138} INFO - Setting next_dagrun for latest_only_with_trigger to 2025-04-29 20:00:00+00:00, run_after=2025-04-30 00:00:00+00:00
[2025-04-30T01:02:37.317+0000] {processor.py:208} INFO - Processing /home/airflow/.local/lib/python3.12/site-packages/airflow/example_dags/example_latest_only_with_trigger.py took 0.091 seconds
[2025-04-30T01:03:08.271+0000] {processor.py:186} INFO - Started process (PID=3173) to work on /home/airflow/.local/lib/python3.12/site-packages/airflow/example_dags/example_latest_only_with_trigger.py
[2025-04-30T01:03:08.273+0000] {processor.py:914} INFO - Processing file /home/airflow/.local/lib/python3.12/site-packages/airflow/example_dags/example_latest_only_with_trigger.py for tasks to queue
[2025-04-30T01:03:08.275+0000] {logging_mixin.py:190} INFO - [2025-04-30T01:03:08.274+0000] {dagbag.py:587} INFO - Filling up the DagBag from /home/airflow/.local/lib/python3.12/site-packages/airflow/example_dags/example_latest_only_with_trigger.py
[2025-04-30T01:03:08.287+0000] {processor.py:925} INFO - DAG(s) 'latest_only_with_trigger' retrieved from /home/airflow/.local/lib/python3.12/site-packages/airflow/example_dags/example_latest_only_with_trigger.py
[2025-04-30T01:03:08.314+0000] {logging_mixin.py:190} INFO - [2025-04-30T01:03:08.313+0000] {dag.py:3211} INFO - Sync 1 DAGs
[2025-04-30T01:03:08.339+0000] {logging_mixin.py:190} INFO - [2025-04-30T01:03:08.339+0000] {dag.py:4138} INFO - Setting next_dagrun for latest_only_with_trigger to 2025-04-29 20:00:00+00:00, run_after=2025-04-30 00:00:00+00:00
[2025-04-30T01:03:08.362+0000] {processor.py:208} INFO - Processing /home/airflow/.local/lib/python3.12/site-packages/airflow/example_dags/example_latest_only_with_trigger.py took 0.097 seconds
[2025-04-30T01:03:39.670+0000] {processor.py:186} INFO - Started process (PID=3236) to work on /home/airflow/.local/lib/python3.12/site-packages/airflow/example_dags/example_latest_only_with_trigger.py
[2025-04-30T01:03:39.671+0000] {processor.py:914} INFO - Processing file /home/airflow/.local/lib/python3.12/site-packages/airflow/example_dags/example_latest_only_with_trigger.py for tasks to queue
[2025-04-30T01:03:39.674+0000] {logging_mixin.py:190} INFO - [2025-04-30T01:03:39.673+0000] {dagbag.py:587} INFO - Filling up the DagBag from /home/airflow/.local/lib/python3.12/site-packages/airflow/example_dags/example_latest_only_with_trigger.py
[2025-04-30T01:03:39.686+0000] {processor.py:925} INFO - DAG(s) 'latest_only_with_trigger' retrieved from /home/airflow/.local/lib/python3.12/site-packages/airflow/example_dags/example_latest_only_with_trigger.py
[2025-04-30T01:03:39.719+0000] {logging_mixin.py:190} INFO - [2025-04-30T01:03:39.719+0000] {dag.py:3211} INFO - Sync 1 DAGs
[2025-04-30T01:03:40.054+0000] {logging_mixin.py:190} INFO - [2025-04-30T01:03:40.054+0000] {dag.py:4138} INFO - Setting next_dagrun for latest_only_with_trigger to 2025-04-29 20:00:00+00:00, run_after=2025-04-30 00:00:00+00:00
[2025-04-30T01:03:40.083+0000] {processor.py:208} INFO - Processing /home/airflow/.local/lib/python3.12/site-packages/airflow/example_dags/example_latest_only_with_trigger.py took 0.423 seconds
[2025-04-30T01:04:10.206+0000] {processor.py:186} INFO - Started process (PID=3299) to work on /home/airflow/.local/lib/python3.12/site-packages/airflow/example_dags/example_latest_only_with_trigger.py
[2025-04-30T01:04:10.207+0000] {processor.py:914} INFO - Processing file /home/airflow/.local/lib/python3.12/site-packages/airflow/example_dags/example_latest_only_with_trigger.py for tasks to queue
[2025-04-30T01:04:10.209+0000] {logging_mixin.py:190} INFO - [2025-04-30T01:04:10.209+0000] {dagbag.py:587} INFO - Filling up the DagBag from /home/airflow/.local/lib/python3.12/site-packages/airflow/example_dags/example_latest_only_with_trigger.py
[2025-04-30T01:04:10.219+0000] {processor.py:925} INFO - DAG(s) 'latest_only_with_trigger' retrieved from /home/airflow/.local/lib/python3.12/site-packages/airflow/example_dags/example_latest_only_with_trigger.py
[2025-04-30T01:04:10.242+0000] {logging_mixin.py:190} INFO - [2025-04-30T01:04:10.242+0000] {dag.py:3211} INFO - Sync 1 DAGs
[2025-04-30T01:04:10.471+0000] {logging_mixin.py:190} INFO - [2025-04-30T01:04:10.471+0000] {dag.py:4138} INFO - Setting next_dagrun for latest_only_with_trigger to 2025-04-29 20:00:00+00:00, run_after=2025-04-30 00:00:00+00:00
[2025-04-30T01:04:10.500+0000] {processor.py:208} INFO - Processing /home/airflow/.local/lib/python3.12/site-packages/airflow/example_dags/example_latest_only_with_trigger.py took 0.300 seconds
[2025-04-30T01:04:41.315+0000] {processor.py:186} INFO - Started process (PID=3362) to work on /home/airflow/.local/lib/python3.12/site-packages/airflow/example_dags/example_latest_only_with_trigger.py
[2025-04-30T01:04:41.317+0000] {processor.py:914} INFO - Processing file /home/airflow/.local/lib/python3.12/site-packages/airflow/example_dags/example_latest_only_with_trigger.py for tasks to queue
[2025-04-30T01:04:41.318+0000] {logging_mixin.py:190} INFO - [2025-04-30T01:04:41.318+0000] {dagbag.py:587} INFO - Filling up the DagBag from /home/airflow/.local/lib/python3.12/site-packages/airflow/example_dags/example_latest_only_with_trigger.py
[2025-04-30T01:04:41.328+0000] {processor.py:925} INFO - DAG(s) 'latest_only_with_trigger' retrieved from /home/airflow/.local/lib/python3.12/site-packages/airflow/example_dags/example_latest_only_with_trigger.py
[2025-04-30T01:04:41.355+0000] {logging_mixin.py:190} INFO - [2025-04-30T01:04:41.354+0000] {dag.py:3211} INFO - Sync 1 DAGs
[2025-04-30T01:04:41.385+0000] {logging_mixin.py:190} INFO - [2025-04-30T01:04:41.384+0000] {dag.py:4138} INFO - Setting next_dagrun for latest_only_with_trigger to 2025-04-29 20:00:00+00:00, run_after=2025-04-30 00:00:00+00:00
[2025-04-30T01:04:41.411+0000] {processor.py:208} INFO - Processing /home/airflow/.local/lib/python3.12/site-packages/airflow/example_dags/example_latest_only_with_trigger.py took 0.103 seconds
[2025-04-30T01:05:12.216+0000] {processor.py:186} INFO - Started process (PID=3425) to work on /home/airflow/.local/lib/python3.12/site-packages/airflow/example_dags/example_latest_only_with_trigger.py
[2025-04-30T01:05:12.217+0000] {processor.py:914} INFO - Processing file /home/airflow/.local/lib/python3.12/site-packages/airflow/example_dags/example_latest_only_with_trigger.py for tasks to queue
[2025-04-30T01:05:12.218+0000] {logging_mixin.py:190} INFO - [2025-04-30T01:05:12.218+0000] {dagbag.py:587} INFO - Filling up the DagBag from /home/airflow/.local/lib/python3.12/site-packages/airflow/example_dags/example_latest_only_with_trigger.py
[2025-04-30T01:05:12.226+0000] {processor.py:925} INFO - DAG(s) 'latest_only_with_trigger' retrieved from /home/airflow/.local/lib/python3.12/site-packages/airflow/example_dags/example_latest_only_with_trigger.py
[2025-04-30T01:05:12.247+0000] {logging_mixin.py:190} INFO - [2025-04-30T01:05:12.247+0000] {dag.py:3211} INFO - Sync 1 DAGs
[2025-04-30T01:05:12.270+0000] {logging_mixin.py:190} INFO - [2025-04-30T01:05:12.270+0000] {dag.py:4138} INFO - Setting next_dagrun for latest_only_with_trigger to 2025-04-29 20:00:00+00:00, run_after=2025-04-30 00:00:00+00:00
[2025-04-30T01:05:12.291+0000] {processor.py:208} INFO - Processing /home/airflow/.local/lib/python3.12/site-packages/airflow/example_dags/example_latest_only_with_trigger.py took 0.081 seconds
[2025-04-30T01:05:42.718+0000] {processor.py:186} INFO - Started process (PID=3488) to work on /home/airflow/.local/lib/python3.12/site-packages/airflow/example_dags/example_latest_only_with_trigger.py
[2025-04-30T01:05:42.720+0000] {processor.py:914} INFO - Processing file /home/airflow/.local/lib/python3.12/site-packages/airflow/example_dags/example_latest_only_with_trigger.py for tasks to queue
[2025-04-30T01:05:42.721+0000] {logging_mixin.py:190} INFO - [2025-04-30T01:05:42.721+0000] {dagbag.py:587} INFO - Filling up the DagBag from /home/airflow/.local/lib/python3.12/site-packages/airflow/example_dags/example_latest_only_with_trigger.py
[2025-04-30T01:05:42.731+0000] {processor.py:925} INFO - DAG(s) 'latest_only_with_trigger' retrieved from /home/airflow/.local/lib/python3.12/site-packages/airflow/example_dags/example_latest_only_with_trigger.py
[2025-04-30T01:05:42.758+0000] {logging_mixin.py:190} INFO - [2025-04-30T01:05:42.757+0000] {dag.py:3211} INFO - Sync 1 DAGs
[2025-04-30T01:05:42.787+0000] {logging_mixin.py:190} INFO - [2025-04-30T01:05:42.787+0000] {dag.py:4138} INFO - Setting next_dagrun for latest_only_with_trigger to 2025-04-29 20:00:00+00:00, run_after=2025-04-30 00:00:00+00:00
[2025-04-30T01:05:42.814+0000] {processor.py:208} INFO - Processing /home/airflow/.local/lib/python3.12/site-packages/airflow/example_dags/example_latest_only_with_trigger.py took 0.103 seconds
[2025-04-30T01:06:13.652+0000] {processor.py:186} INFO - Started process (PID=3551) to work on /home/airflow/.local/lib/python3.12/site-packages/airflow/example_dags/example_latest_only_with_trigger.py
[2025-04-30T01:06:13.654+0000] {processor.py:914} INFO - Processing file /home/airflow/.local/lib/python3.12/site-packages/airflow/example_dags/example_latest_only_with_trigger.py for tasks to queue
[2025-04-30T01:06:13.655+0000] {logging_mixin.py:190} INFO - [2025-04-30T01:06:13.655+0000] {dagbag.py:587} INFO - Filling up the DagBag from /home/airflow/.local/lib/python3.12/site-packages/airflow/example_dags/example_latest_only_with_trigger.py
[2025-04-30T01:06:13.668+0000] {processor.py:925} INFO - DAG(s) 'latest_only_with_trigger' retrieved from /home/airflow/.local/lib/python3.12/site-packages/airflow/example_dags/example_latest_only_with_trigger.py
[2025-04-30T01:06:13.690+0000] {logging_mixin.py:190} INFO - [2025-04-30T01:06:13.689+0000] {dag.py:3211} INFO - Sync 1 DAGs
[2025-04-30T01:06:13.715+0000] {logging_mixin.py:190} INFO - [2025-04-30T01:06:13.715+0000] {dag.py:4138} INFO - Setting next_dagrun for latest_only_with_trigger to 2025-04-29 20:00:00+00:00, run_after=2025-04-30 00:00:00+00:00
[2025-04-30T01:06:13.737+0000] {processor.py:208} INFO - Processing /home/airflow/.local/lib/python3.12/site-packages/airflow/example_dags/example_latest_only_with_trigger.py took 0.091 seconds
[2025-04-30T01:06:44.197+0000] {processor.py:186} INFO - Started process (PID=3614) to work on /home/airflow/.local/lib/python3.12/site-packages/airflow/example_dags/example_latest_only_with_trigger.py
[2025-04-30T01:06:44.199+0000] {processor.py:914} INFO - Processing file /home/airflow/.local/lib/python3.12/site-packages/airflow/example_dags/example_latest_only_with_trigger.py for tasks to queue
[2025-04-30T01:06:44.201+0000] {logging_mixin.py:190} INFO - [2025-04-30T01:06:44.200+0000] {dagbag.py:587} INFO - Filling up the DagBag from /home/airflow/.local/lib/python3.12/site-packages/airflow/example_dags/example_latest_only_with_trigger.py
[2025-04-30T01:06:44.216+0000] {processor.py:925} INFO - DAG(s) 'latest_only_with_trigger' retrieved from /home/airflow/.local/lib/python3.12/site-packages/airflow/example_dags/example_latest_only_with_trigger.py
[2025-04-30T01:06:44.247+0000] {logging_mixin.py:190} INFO - [2025-04-30T01:06:44.247+0000] {dag.py:3211} INFO - Sync 1 DAGs
[2025-04-30T01:06:44.280+0000] {logging_mixin.py:190} INFO - [2025-04-30T01:06:44.279+0000] {dag.py:4138} INFO - Setting next_dagrun for latest_only_with_trigger to 2025-04-29 20:00:00+00:00, run_after=2025-04-30 00:00:00+00:00
[2025-04-30T01:06:44.306+0000] {processor.py:208} INFO - Processing /home/airflow/.local/lib/python3.12/site-packages/airflow/example_dags/example_latest_only_with_trigger.py took 0.117 seconds
[2025-04-30T01:07:15.193+0000] {processor.py:186} INFO - Started process (PID=3677) to work on /home/airflow/.local/lib/python3.12/site-packages/airflow/example_dags/example_latest_only_with_trigger.py
[2025-04-30T01:07:15.194+0000] {processor.py:914} INFO - Processing file /home/airflow/.local/lib/python3.12/site-packages/airflow/example_dags/example_latest_only_with_trigger.py for tasks to queue
[2025-04-30T01:07:15.196+0000] {logging_mixin.py:190} INFO - [2025-04-30T01:07:15.196+0000] {dagbag.py:587} INFO - Filling up the DagBag from /home/airflow/.local/lib/python3.12/site-packages/airflow/example_dags/example_latest_only_with_trigger.py
[2025-04-30T01:07:15.205+0000] {processor.py:925} INFO - DAG(s) 'latest_only_with_trigger' retrieved from /home/airflow/.local/lib/python3.12/site-packages/airflow/example_dags/example_latest_only_with_trigger.py
[2025-04-30T01:07:15.233+0000] {logging_mixin.py:190} INFO - [2025-04-30T01:07:15.232+0000] {dag.py:3211} INFO - Sync 1 DAGs
[2025-04-30T01:07:15.258+0000] {logging_mixin.py:190} INFO - [2025-04-30T01:07:15.258+0000] {dag.py:4138} INFO - Setting next_dagrun for latest_only_with_trigger to 2025-04-29 20:00:00+00:00, run_after=2025-04-30 00:00:00+00:00
[2025-04-30T01:07:15.281+0000] {processor.py:208} INFO - Processing /home/airflow/.local/lib/python3.12/site-packages/airflow/example_dags/example_latest_only_with_trigger.py took 0.095 seconds
[2025-04-30T01:07:45.519+0000] {processor.py:186} INFO - Started process (PID=3740) to work on /home/airflow/.local/lib/python3.12/site-packages/airflow/example_dags/example_latest_only_with_trigger.py
[2025-04-30T01:07:45.521+0000] {processor.py:914} INFO - Processing file /home/airflow/.local/lib/python3.12/site-packages/airflow/example_dags/example_latest_only_with_trigger.py for tasks to queue
[2025-04-30T01:07:45.526+0000] {logging_mixin.py:190} INFO - [2025-04-30T01:07:45.525+0000] {dagbag.py:587} INFO - Filling up the DagBag from /home/airflow/.local/lib/python3.12/site-packages/airflow/example_dags/example_latest_only_with_trigger.py
[2025-04-30T01:07:45.537+0000] {processor.py:925} INFO - DAG(s) 'latest_only_with_trigger' retrieved from /home/airflow/.local/lib/python3.12/site-packages/airflow/example_dags/example_latest_only_with_trigger.py
[2025-04-30T01:07:45.562+0000] {logging_mixin.py:190} INFO - [2025-04-30T01:07:45.562+0000] {dag.py:3211} INFO - Sync 1 DAGs
[2025-04-30T01:07:45.590+0000] {logging_mixin.py:190} INFO - [2025-04-30T01:07:45.590+0000] {dag.py:4138} INFO - Setting next_dagrun for latest_only_with_trigger to 2025-04-29 20:00:00+00:00, run_after=2025-04-30 00:00:00+00:00
[2025-04-30T01:07:45.615+0000] {processor.py:208} INFO - Processing /home/airflow/.local/lib/python3.12/site-packages/airflow/example_dags/example_latest_only_with_trigger.py took 0.104 seconds
[2025-04-30T01:08:16.222+0000] {processor.py:186} INFO - Started process (PID=3803) to work on /home/airflow/.local/lib/python3.12/site-packages/airflow/example_dags/example_latest_only_with_trigger.py
[2025-04-30T01:08:16.224+0000] {processor.py:914} INFO - Processing file /home/airflow/.local/lib/python3.12/site-packages/airflow/example_dags/example_latest_only_with_trigger.py for tasks to queue
[2025-04-30T01:08:16.225+0000] {logging_mixin.py:190} INFO - [2025-04-30T01:08:16.225+0000] {dagbag.py:587} INFO - Filling up the DagBag from /home/airflow/.local/lib/python3.12/site-packages/airflow/example_dags/example_latest_only_with_trigger.py
[2025-04-30T01:08:16.234+0000] {processor.py:925} INFO - DAG(s) 'latest_only_with_trigger' retrieved from /home/airflow/.local/lib/python3.12/site-packages/airflow/example_dags/example_latest_only_with_trigger.py
[2025-04-30T01:08:16.257+0000] {logging_mixin.py:190} INFO - [2025-04-30T01:08:16.257+0000] {dag.py:3211} INFO - Sync 1 DAGs
[2025-04-30T01:08:16.287+0000] {logging_mixin.py:190} INFO - [2025-04-30T01:08:16.286+0000] {dag.py:4138} INFO - Setting next_dagrun for latest_only_with_trigger to 2025-04-29 20:00:00+00:00, run_after=2025-04-30 00:00:00+00:00
[2025-04-30T01:08:16.312+0000] {processor.py:208} INFO - Processing /home/airflow/.local/lib/python3.12/site-packages/airflow/example_dags/example_latest_only_with_trigger.py took 0.096 seconds
[2025-04-30T01:08:47.224+0000] {processor.py:186} INFO - Started process (PID=3865) to work on /home/airflow/.local/lib/python3.12/site-packages/airflow/example_dags/example_latest_only_with_trigger.py
[2025-04-30T01:08:47.226+0000] {processor.py:914} INFO - Processing file /home/airflow/.local/lib/python3.12/site-packages/airflow/example_dags/example_latest_only_with_trigger.py for tasks to queue
[2025-04-30T01:08:47.228+0000] {logging_mixin.py:190} INFO - [2025-04-30T01:08:47.227+0000] {dagbag.py:587} INFO - Filling up the DagBag from /home/airflow/.local/lib/python3.12/site-packages/airflow/example_dags/example_latest_only_with_trigger.py
[2025-04-30T01:08:47.240+0000] {processor.py:925} INFO - DAG(s) 'latest_only_with_trigger' retrieved from /home/airflow/.local/lib/python3.12/site-packages/airflow/example_dags/example_latest_only_with_trigger.py
[2025-04-30T01:08:47.268+0000] {logging_mixin.py:190} INFO - [2025-04-30T01:08:47.268+0000] {dag.py:3211} INFO - Sync 1 DAGs
[2025-04-30T01:08:47.308+0000] {logging_mixin.py:190} INFO - [2025-04-30T01:08:47.308+0000] {dag.py:4138} INFO - Setting next_dagrun for latest_only_with_trigger to 2025-04-29 20:00:00+00:00, run_after=2025-04-30 00:00:00+00:00
[2025-04-30T01:08:47.335+0000] {processor.py:208} INFO - Processing /home/airflow/.local/lib/python3.12/site-packages/airflow/example_dags/example_latest_only_with_trigger.py took 0.123 seconds
[2025-04-30T01:09:17.527+0000] {processor.py:186} INFO - Started process (PID=3927) to work on /home/airflow/.local/lib/python3.12/site-packages/airflow/example_dags/example_latest_only_with_trigger.py
[2025-04-30T01:09:17.528+0000] {processor.py:914} INFO - Processing file /home/airflow/.local/lib/python3.12/site-packages/airflow/example_dags/example_latest_only_with_trigger.py for tasks to queue
[2025-04-30T01:09:17.530+0000] {logging_mixin.py:190} INFO - [2025-04-30T01:09:17.530+0000] {dagbag.py:587} INFO - Filling up the DagBag from /home/airflow/.local/lib/python3.12/site-packages/airflow/example_dags/example_latest_only_with_trigger.py
[2025-04-30T01:09:17.543+0000] {processor.py:925} INFO - DAG(s) 'latest_only_with_trigger' retrieved from /home/airflow/.local/lib/python3.12/site-packages/airflow/example_dags/example_latest_only_with_trigger.py
[2025-04-30T01:09:17.567+0000] {logging_mixin.py:190} INFO - [2025-04-30T01:09:17.567+0000] {dag.py:3211} INFO - Sync 1 DAGs
[2025-04-30T01:09:17.594+0000] {logging_mixin.py:190} INFO - [2025-04-30T01:09:17.594+0000] {dag.py:4138} INFO - Setting next_dagrun for latest_only_with_trigger to 2025-04-29 20:00:00+00:00, run_after=2025-04-30 00:00:00+00:00
[2025-04-30T01:09:17.618+0000] {processor.py:208} INFO - Processing /home/airflow/.local/lib/python3.12/site-packages/airflow/example_dags/example_latest_only_with_trigger.py took 0.098 seconds
[2025-04-30T01:09:47.869+0000] {processor.py:186} INFO - Started process (PID=3989) to work on /home/airflow/.local/lib/python3.12/site-packages/airflow/example_dags/example_latest_only_with_trigger.py
[2025-04-30T01:09:47.870+0000] {processor.py:914} INFO - Processing file /home/airflow/.local/lib/python3.12/site-packages/airflow/example_dags/example_latest_only_with_trigger.py for tasks to queue
[2025-04-30T01:09:47.872+0000] {logging_mixin.py:190} INFO - [2025-04-30T01:09:47.871+0000] {dagbag.py:587} INFO - Filling up the DagBag from /home/airflow/.local/lib/python3.12/site-packages/airflow/example_dags/example_latest_only_with_trigger.py
[2025-04-30T01:09:47.880+0000] {processor.py:925} INFO - DAG(s) 'latest_only_with_trigger' retrieved from /home/airflow/.local/lib/python3.12/site-packages/airflow/example_dags/example_latest_only_with_trigger.py
[2025-04-30T01:09:47.909+0000] {logging_mixin.py:190} INFO - [2025-04-30T01:09:47.909+0000] {dag.py:3211} INFO - Sync 1 DAGs
[2025-04-30T01:09:47.943+0000] {logging_mixin.py:190} INFO - [2025-04-30T01:09:47.942+0000] {dag.py:4138} INFO - Setting next_dagrun for latest_only_with_trigger to 2025-04-29 20:00:00+00:00, run_after=2025-04-30 00:00:00+00:00
[2025-04-30T01:09:47.963+0000] {processor.py:208} INFO - Processing /home/airflow/.local/lib/python3.12/site-packages/airflow/example_dags/example_latest_only_with_trigger.py took 0.101 seconds
[2025-04-30T01:10:18.546+0000] {processor.py:186} INFO - Started process (PID=4057) to work on /home/airflow/.local/lib/python3.12/site-packages/airflow/example_dags/example_latest_only_with_trigger.py
[2025-04-30T01:10:18.547+0000] {processor.py:914} INFO - Processing file /home/airflow/.local/lib/python3.12/site-packages/airflow/example_dags/example_latest_only_with_trigger.py for tasks to queue
[2025-04-30T01:10:18.548+0000] {logging_mixin.py:190} INFO - [2025-04-30T01:10:18.548+0000] {dagbag.py:587} INFO - Filling up the DagBag from /home/airflow/.local/lib/python3.12/site-packages/airflow/example_dags/example_latest_only_with_trigger.py
[2025-04-30T01:10:18.558+0000] {processor.py:925} INFO - DAG(s) 'latest_only_with_trigger' retrieved from /home/airflow/.local/lib/python3.12/site-packages/airflow/example_dags/example_latest_only_with_trigger.py
[2025-04-30T01:10:18.583+0000] {logging_mixin.py:190} INFO - [2025-04-30T01:10:18.582+0000] {dag.py:3211} INFO - Sync 1 DAGs
[2025-04-30T01:10:18.611+0000] {logging_mixin.py:190} INFO - [2025-04-30T01:10:18.611+0000] {dag.py:4138} INFO - Setting next_dagrun for latest_only_with_trigger to 2025-04-29 20:00:00+00:00, run_after=2025-04-30 00:00:00+00:00
[2025-04-30T01:10:18.633+0000] {processor.py:208} INFO - Processing /home/airflow/.local/lib/python3.12/site-packages/airflow/example_dags/example_latest_only_with_trigger.py took 0.095 seconds
[2025-04-30T01:10:49.518+0000] {processor.py:186} INFO - Started process (PID=4119) to work on /home/airflow/.local/lib/python3.12/site-packages/airflow/example_dags/example_latest_only_with_trigger.py
[2025-04-30T01:10:49.520+0000] {processor.py:914} INFO - Processing file /home/airflow/.local/lib/python3.12/site-packages/airflow/example_dags/example_latest_only_with_trigger.py for tasks to queue
[2025-04-30T01:10:49.521+0000] {logging_mixin.py:190} INFO - [2025-04-30T01:10:49.521+0000] {dagbag.py:587} INFO - Filling up the DagBag from /home/airflow/.local/lib/python3.12/site-packages/airflow/example_dags/example_latest_only_with_trigger.py
[2025-04-30T01:10:49.532+0000] {processor.py:925} INFO - DAG(s) 'latest_only_with_trigger' retrieved from /home/airflow/.local/lib/python3.12/site-packages/airflow/example_dags/example_latest_only_with_trigger.py
[2025-04-30T01:10:49.557+0000] {logging_mixin.py:190} INFO - [2025-04-30T01:10:49.557+0000] {dag.py:3211} INFO - Sync 1 DAGs
[2025-04-30T01:10:49.586+0000] {logging_mixin.py:190} INFO - [2025-04-30T01:10:49.585+0000] {dag.py:4138} INFO - Setting next_dagrun for latest_only_with_trigger to 2025-04-29 20:00:00+00:00, run_after=2025-04-30 00:00:00+00:00
[2025-04-30T01:10:49.608+0000] {processor.py:208} INFO - Processing /home/airflow/.local/lib/python3.12/site-packages/airflow/example_dags/example_latest_only_with_trigger.py took 0.097 seconds
[2025-04-30T01:11:20.440+0000] {processor.py:186} INFO - Started process (PID=4181) to work on /home/airflow/.local/lib/python3.12/site-packages/airflow/example_dags/example_latest_only_with_trigger.py
[2025-04-30T01:11:20.442+0000] {processor.py:914} INFO - Processing file /home/airflow/.local/lib/python3.12/site-packages/airflow/example_dags/example_latest_only_with_trigger.py for tasks to queue
[2025-04-30T01:11:20.443+0000] {logging_mixin.py:190} INFO - [2025-04-30T01:11:20.443+0000] {dagbag.py:587} INFO - Filling up the DagBag from /home/airflow/.local/lib/python3.12/site-packages/airflow/example_dags/example_latest_only_with_trigger.py
[2025-04-30T01:11:20.452+0000] {processor.py:925} INFO - DAG(s) 'latest_only_with_trigger' retrieved from /home/airflow/.local/lib/python3.12/site-packages/airflow/example_dags/example_latest_only_with_trigger.py
[2025-04-30T01:11:20.473+0000] {logging_mixin.py:190} INFO - [2025-04-30T01:11:20.473+0000] {dag.py:3211} INFO - Sync 1 DAGs
[2025-04-30T01:11:20.497+0000] {logging_mixin.py:190} INFO - [2025-04-30T01:11:20.497+0000] {dag.py:4138} INFO - Setting next_dagrun for latest_only_with_trigger to 2025-04-29 20:00:00+00:00, run_after=2025-04-30 00:00:00+00:00
[2025-04-30T01:11:20.515+0000] {processor.py:208} INFO - Processing /home/airflow/.local/lib/python3.12/site-packages/airflow/example_dags/example_latest_only_with_trigger.py took 0.082 seconds
[2025-04-30T01:11:51.198+0000] {processor.py:186} INFO - Started process (PID=4243) to work on /home/airflow/.local/lib/python3.12/site-packages/airflow/example_dags/example_latest_only_with_trigger.py
[2025-04-30T01:11:51.200+0000] {processor.py:914} INFO - Processing file /home/airflow/.local/lib/python3.12/site-packages/airflow/example_dags/example_latest_only_with_trigger.py for tasks to queue
[2025-04-30T01:11:51.202+0000] {logging_mixin.py:190} INFO - [2025-04-30T01:11:51.201+0000] {dagbag.py:587} INFO - Filling up the DagBag from /home/airflow/.local/lib/python3.12/site-packages/airflow/example_dags/example_latest_only_with_trigger.py
[2025-04-30T01:11:51.218+0000] {processor.py:925} INFO - DAG(s) 'latest_only_with_trigger' retrieved from /home/airflow/.local/lib/python3.12/site-packages/airflow/example_dags/example_latest_only_with_trigger.py
[2025-04-30T01:11:51.252+0000] {logging_mixin.py:190} INFO - [2025-04-30T01:11:51.251+0000] {dag.py:3211} INFO - Sync 1 DAGs
[2025-04-30T01:11:51.298+0000] {logging_mixin.py:190} INFO - [2025-04-30T01:11:51.298+0000] {dag.py:4138} INFO - Setting next_dagrun for latest_only_with_trigger to 2025-04-29 20:00:00+00:00, run_after=2025-04-30 00:00:00+00:00
[2025-04-30T01:11:51.329+0000] {processor.py:208} INFO - Processing /home/airflow/.local/lib/python3.12/site-packages/airflow/example_dags/example_latest_only_with_trigger.py took 0.142 seconds
