[2025-04-30T00:30:56.086+0000] {processor.py:186} INFO - Started process (PID=121) to work on /home/airflow/.local/lib/python3.12/site-packages/airflow/example_dags/example_task_group_decorator.py
[2025-04-30T00:30:56.089+0000] {processor.py:914} INFO - Processing file /home/airflow/.local/lib/python3.12/site-packages/airflow/example_dags/example_task_group_decorator.py for tasks to queue
[2025-04-30T00:30:56.094+0000] {logging_mixin.py:190} INFO - [2025-04-30T00:30:56.093+0000] {dagbag.py:587} INFO - Filling up the DagBag from /home/airflow/.local/lib/python3.12/site-packages/airflow/example_dags/example_task_group_decorator.py
[2025-04-30T00:30:56.141+0000] {processor.py:925} INFO - DAG(s) 'example_task_group_decorator' retrieved from /home/airflow/.local/lib/python3.12/site-packages/airflow/example_dags/example_task_group_decorator.py
[2025-04-30T00:30:56.376+0000] {logging_mixin.py:190} INFO - [2025-04-30T00:30:56.375+0000] {override.py:1858} INFO - Created Permission View: can edit on DAG:example_task_group_decorator
[2025-04-30T00:30:56.399+0000] {logging_mixin.py:190} INFO - [2025-04-30T00:30:56.398+0000] {override.py:1858} INFO - Created Permission View: can read on DAG:example_task_group_decorator
[2025-04-30T00:30:56.416+0000] {logging_mixin.py:190} INFO - [2025-04-30T00:30:56.415+0000] {override.py:1858} INFO - Created Permission View: can delete on DAG:example_task_group_decorator
[2025-04-30T00:30:56.418+0000] {logging_mixin.py:190} INFO - [2025-04-30T00:30:56.417+0000] {dag.py:3211} INFO - Sync 1 DAGs
[2025-04-30T00:30:56.447+0000] {logging_mixin.py:190} INFO - [2025-04-30T00:30:56.447+0000] {dag.py:3234} INFO - Creating ORM DAG for example_task_group_decorator
[2025-04-30T00:30:56.467+0000] {logging_mixin.py:190} INFO - [2025-04-30T00:30:56.466+0000] {dag.py:4138} INFO - Setting next_dagrun for example_task_group_decorator to 2025-04-29 00:00:00+00:00, run_after=2025-04-30 00:00:00+00:00
[2025-04-30T00:30:56.500+0000] {processor.py:208} INFO - Processing /home/airflow/.local/lib/python3.12/site-packages/airflow/example_dags/example_task_group_decorator.py took 0.434 seconds
[2025-04-30T00:31:27.334+0000] {processor.py:186} INFO - Started process (PID=184) to work on /home/airflow/.local/lib/python3.12/site-packages/airflow/example_dags/example_task_group_decorator.py
[2025-04-30T00:31:27.336+0000] {processor.py:914} INFO - Processing file /home/airflow/.local/lib/python3.12/site-packages/airflow/example_dags/example_task_group_decorator.py for tasks to queue
[2025-04-30T00:31:27.341+0000] {logging_mixin.py:190} INFO - [2025-04-30T00:31:27.340+0000] {dagbag.py:587} INFO - Filling up the DagBag from /home/airflow/.local/lib/python3.12/site-packages/airflow/example_dags/example_task_group_decorator.py
[2025-04-30T00:31:27.375+0000] {processor.py:925} INFO - DAG(s) 'example_task_group_decorator' retrieved from /home/airflow/.local/lib/python3.12/site-packages/airflow/example_dags/example_task_group_decorator.py
[2025-04-30T00:31:27.442+0000] {logging_mixin.py:190} INFO - [2025-04-30T00:31:27.442+0000] {dag.py:3211} INFO - Sync 1 DAGs
[2025-04-30T00:31:27.490+0000] {logging_mixin.py:190} INFO - [2025-04-30T00:31:27.490+0000] {dag.py:4138} INFO - Setting next_dagrun for example_task_group_decorator to 2025-04-29 00:00:00+00:00, run_after=2025-04-30 00:00:00+00:00
[2025-04-30T00:31:27.531+0000] {processor.py:208} INFO - Processing /home/airflow/.local/lib/python3.12/site-packages/airflow/example_dags/example_task_group_decorator.py took 0.207 seconds
[2025-04-30T00:31:57.951+0000] {processor.py:186} INFO - Started process (PID=247) to work on /home/airflow/.local/lib/python3.12/site-packages/airflow/example_dags/example_task_group_decorator.py
[2025-04-30T00:31:57.953+0000] {processor.py:914} INFO - Processing file /home/airflow/.local/lib/python3.12/site-packages/airflow/example_dags/example_task_group_decorator.py for tasks to queue
[2025-04-30T00:31:57.959+0000] {logging_mixin.py:190} INFO - [2025-04-30T00:31:57.958+0000] {dagbag.py:587} INFO - Filling up the DagBag from /home/airflow/.local/lib/python3.12/site-packages/airflow/example_dags/example_task_group_decorator.py
[2025-04-30T00:31:57.995+0000] {processor.py:925} INFO - DAG(s) 'example_task_group_decorator' retrieved from /home/airflow/.local/lib/python3.12/site-packages/airflow/example_dags/example_task_group_decorator.py
[2025-04-30T00:31:58.059+0000] {logging_mixin.py:190} INFO - [2025-04-30T00:31:58.059+0000] {dag.py:3211} INFO - Sync 1 DAGs
[2025-04-30T00:31:58.116+0000] {logging_mixin.py:190} INFO - [2025-04-30T00:31:58.116+0000] {dag.py:4138} INFO - Setting next_dagrun for example_task_group_decorator to 2025-04-29 00:00:00+00:00, run_after=2025-04-30 00:00:00+00:00
[2025-04-30T00:31:58.162+0000] {processor.py:208} INFO - Processing /home/airflow/.local/lib/python3.12/site-packages/airflow/example_dags/example_task_group_decorator.py took 0.224 seconds
[2025-04-30T00:32:28.494+0000] {processor.py:186} INFO - Started process (PID=309) to work on /home/airflow/.local/lib/python3.12/site-packages/airflow/example_dags/example_task_group_decorator.py
[2025-04-30T00:32:28.497+0000] {processor.py:914} INFO - Processing file /home/airflow/.local/lib/python3.12/site-packages/airflow/example_dags/example_task_group_decorator.py for tasks to queue
[2025-04-30T00:32:28.502+0000] {logging_mixin.py:190} INFO - [2025-04-30T00:32:28.501+0000] {dagbag.py:587} INFO - Filling up the DagBag from /home/airflow/.local/lib/python3.12/site-packages/airflow/example_dags/example_task_group_decorator.py
[2025-04-30T00:32:28.539+0000] {processor.py:925} INFO - DAG(s) 'example_task_group_decorator' retrieved from /home/airflow/.local/lib/python3.12/site-packages/airflow/example_dags/example_task_group_decorator.py
[2025-04-30T00:32:28.589+0000] {logging_mixin.py:190} INFO - [2025-04-30T00:32:28.589+0000] {dag.py:3211} INFO - Sync 1 DAGs
[2025-04-30T00:32:28.633+0000] {logging_mixin.py:190} INFO - [2025-04-30T00:32:28.632+0000] {dag.py:4138} INFO - Setting next_dagrun for example_task_group_decorator to 2025-04-29 00:00:00+00:00, run_after=2025-04-30 00:00:00+00:00
[2025-04-30T00:32:28.670+0000] {processor.py:208} INFO - Processing /home/airflow/.local/lib/python3.12/site-packages/airflow/example_dags/example_task_group_decorator.py took 0.191 seconds
[2025-04-30T00:32:59.138+0000] {processor.py:186} INFO - Started process (PID=372) to work on /home/airflow/.local/lib/python3.12/site-packages/airflow/example_dags/example_task_group_decorator.py
[2025-04-30T00:32:59.142+0000] {processor.py:914} INFO - Processing file /home/airflow/.local/lib/python3.12/site-packages/airflow/example_dags/example_task_group_decorator.py for tasks to queue
[2025-04-30T00:32:59.154+0000] {logging_mixin.py:190} INFO - [2025-04-30T00:32:59.153+0000] {dagbag.py:587} INFO - Filling up the DagBag from /home/airflow/.local/lib/python3.12/site-packages/airflow/example_dags/example_task_group_decorator.py
[2025-04-30T00:32:59.229+0000] {processor.py:925} INFO - DAG(s) 'example_task_group_decorator' retrieved from /home/airflow/.local/lib/python3.12/site-packages/airflow/example_dags/example_task_group_decorator.py
[2025-04-30T00:32:59.297+0000] {logging_mixin.py:190} INFO - [2025-04-30T00:32:59.296+0000] {dag.py:3211} INFO - Sync 1 DAGs
[2025-04-30T00:32:59.359+0000] {logging_mixin.py:190} INFO - [2025-04-30T00:32:59.358+0000] {dag.py:4138} INFO - Setting next_dagrun for example_task_group_decorator to 2025-04-29 00:00:00+00:00, run_after=2025-04-30 00:00:00+00:00
[2025-04-30T00:32:59.399+0000] {processor.py:208} INFO - Processing /home/airflow/.local/lib/python3.12/site-packages/airflow/example_dags/example_task_group_decorator.py took 0.288 seconds
[2025-04-30T00:33:29.648+0000] {processor.py:186} INFO - Started process (PID=435) to work on /home/airflow/.local/lib/python3.12/site-packages/airflow/example_dags/example_task_group_decorator.py
[2025-04-30T00:33:29.650+0000] {processor.py:914} INFO - Processing file /home/airflow/.local/lib/python3.12/site-packages/airflow/example_dags/example_task_group_decorator.py for tasks to queue
[2025-04-30T00:33:29.654+0000] {logging_mixin.py:190} INFO - [2025-04-30T00:33:29.654+0000] {dagbag.py:587} INFO - Filling up the DagBag from /home/airflow/.local/lib/python3.12/site-packages/airflow/example_dags/example_task_group_decorator.py
[2025-04-30T00:33:29.687+0000] {processor.py:925} INFO - DAG(s) 'example_task_group_decorator' retrieved from /home/airflow/.local/lib/python3.12/site-packages/airflow/example_dags/example_task_group_decorator.py
[2025-04-30T00:33:29.741+0000] {logging_mixin.py:190} INFO - [2025-04-30T00:33:29.740+0000] {dag.py:3211} INFO - Sync 1 DAGs
[2025-04-30T00:33:29.790+0000] {logging_mixin.py:190} INFO - [2025-04-30T00:33:29.790+0000] {dag.py:4138} INFO - Setting next_dagrun for example_task_group_decorator to 2025-04-29 00:00:00+00:00, run_after=2025-04-30 00:00:00+00:00
[2025-04-30T00:33:29.830+0000] {processor.py:208} INFO - Processing /home/airflow/.local/lib/python3.12/site-packages/airflow/example_dags/example_task_group_decorator.py took 0.195 seconds
[2025-04-30T00:34:00.090+0000] {processor.py:186} INFO - Started process (PID=499) to work on /home/airflow/.local/lib/python3.12/site-packages/airflow/example_dags/example_task_group_decorator.py
[2025-04-30T00:34:00.092+0000] {processor.py:914} INFO - Processing file /home/airflow/.local/lib/python3.12/site-packages/airflow/example_dags/example_task_group_decorator.py for tasks to queue
[2025-04-30T00:34:00.097+0000] {logging_mixin.py:190} INFO - [2025-04-30T00:34:00.096+0000] {dagbag.py:587} INFO - Filling up the DagBag from /home/airflow/.local/lib/python3.12/site-packages/airflow/example_dags/example_task_group_decorator.py
[2025-04-30T00:34:00.138+0000] {processor.py:925} INFO - DAG(s) 'example_task_group_decorator' retrieved from /home/airflow/.local/lib/python3.12/site-packages/airflow/example_dags/example_task_group_decorator.py
[2025-04-30T00:34:00.195+0000] {logging_mixin.py:190} INFO - [2025-04-30T00:34:00.195+0000] {dag.py:3211} INFO - Sync 1 DAGs
[2025-04-30T00:34:00.256+0000] {logging_mixin.py:190} INFO - [2025-04-30T00:34:00.255+0000] {dag.py:4138} INFO - Setting next_dagrun for example_task_group_decorator to 2025-04-29 00:00:00+00:00, run_after=2025-04-30 00:00:00+00:00
[2025-04-30T00:34:00.298+0000] {processor.py:208} INFO - Processing /home/airflow/.local/lib/python3.12/site-packages/airflow/example_dags/example_task_group_decorator.py took 0.220 seconds
[2025-04-30T00:34:30.436+0000] {processor.py:186} INFO - Started process (PID=562) to work on /home/airflow/.local/lib/python3.12/site-packages/airflow/example_dags/example_task_group_decorator.py
[2025-04-30T00:34:30.438+0000] {processor.py:914} INFO - Processing file /home/airflow/.local/lib/python3.12/site-packages/airflow/example_dags/example_task_group_decorator.py for tasks to queue
[2025-04-30T00:34:30.444+0000] {logging_mixin.py:190} INFO - [2025-04-30T00:34:30.443+0000] {dagbag.py:587} INFO - Filling up the DagBag from /home/airflow/.local/lib/python3.12/site-packages/airflow/example_dags/example_task_group_decorator.py
[2025-04-30T00:34:30.486+0000] {processor.py:925} INFO - DAG(s) 'example_task_group_decorator' retrieved from /home/airflow/.local/lib/python3.12/site-packages/airflow/example_dags/example_task_group_decorator.py
[2025-04-30T00:34:30.551+0000] {logging_mixin.py:190} INFO - [2025-04-30T00:34:30.550+0000] {dag.py:3211} INFO - Sync 1 DAGs
[2025-04-30T00:34:30.614+0000] {logging_mixin.py:190} INFO - [2025-04-30T00:34:30.613+0000] {dag.py:4138} INFO - Setting next_dagrun for example_task_group_decorator to 2025-04-29 00:00:00+00:00, run_after=2025-04-30 00:00:00+00:00
[2025-04-30T00:34:30.658+0000] {processor.py:208} INFO - Processing /home/airflow/.local/lib/python3.12/site-packages/airflow/example_dags/example_task_group_decorator.py took 0.234 seconds
[2025-04-30T00:35:00.831+0000] {processor.py:186} INFO - Started process (PID=624) to work on /home/airflow/.local/lib/python3.12/site-packages/airflow/example_dags/example_task_group_decorator.py
[2025-04-30T00:35:00.834+0000] {processor.py:914} INFO - Processing file /home/airflow/.local/lib/python3.12/site-packages/airflow/example_dags/example_task_group_decorator.py for tasks to queue
[2025-04-30T00:35:00.840+0000] {logging_mixin.py:190} INFO - [2025-04-30T00:35:00.840+0000] {dagbag.py:587} INFO - Filling up the DagBag from /home/airflow/.local/lib/python3.12/site-packages/airflow/example_dags/example_task_group_decorator.py
[2025-04-30T00:35:00.870+0000] {processor.py:925} INFO - DAG(s) 'example_task_group_decorator' retrieved from /home/airflow/.local/lib/python3.12/site-packages/airflow/example_dags/example_task_group_decorator.py
[2025-04-30T00:35:00.919+0000] {logging_mixin.py:190} INFO - [2025-04-30T00:35:00.919+0000] {dag.py:3211} INFO - Sync 1 DAGs
[2025-04-30T00:35:00.968+0000] {logging_mixin.py:190} INFO - [2025-04-30T00:35:00.967+0000] {dag.py:4138} INFO - Setting next_dagrun for example_task_group_decorator to 2025-04-29 00:00:00+00:00, run_after=2025-04-30 00:00:00+00:00
[2025-04-30T00:35:01.006+0000] {processor.py:208} INFO - Processing /home/airflow/.local/lib/python3.12/site-packages/airflow/example_dags/example_task_group_decorator.py took 0.198 seconds
[2025-04-30T00:35:31.397+0000] {processor.py:186} INFO - Started process (PID=687) to work on /home/airflow/.local/lib/python3.12/site-packages/airflow/example_dags/example_task_group_decorator.py
[2025-04-30T00:35:31.399+0000] {processor.py:914} INFO - Processing file /home/airflow/.local/lib/python3.12/site-packages/airflow/example_dags/example_task_group_decorator.py for tasks to queue
[2025-04-30T00:35:31.405+0000] {logging_mixin.py:190} INFO - [2025-04-30T00:35:31.404+0000] {dagbag.py:587} INFO - Filling up the DagBag from /home/airflow/.local/lib/python3.12/site-packages/airflow/example_dags/example_task_group_decorator.py
[2025-04-30T00:35:31.452+0000] {processor.py:925} INFO - DAG(s) 'example_task_group_decorator' retrieved from /home/airflow/.local/lib/python3.12/site-packages/airflow/example_dags/example_task_group_decorator.py
[2025-04-30T00:35:31.519+0000] {logging_mixin.py:190} INFO - [2025-04-30T00:35:31.518+0000] {dag.py:3211} INFO - Sync 1 DAGs
[2025-04-30T00:35:31.578+0000] {logging_mixin.py:190} INFO - [2025-04-30T00:35:31.578+0000] {dag.py:4138} INFO - Setting next_dagrun for example_task_group_decorator to 2025-04-29 00:00:00+00:00, run_after=2025-04-30 00:00:00+00:00
[2025-04-30T00:35:31.624+0000] {processor.py:208} INFO - Processing /home/airflow/.local/lib/python3.12/site-packages/airflow/example_dags/example_task_group_decorator.py took 0.240 seconds
[2025-04-30T00:36:02.384+0000] {processor.py:186} INFO - Started process (PID=750) to work on /home/airflow/.local/lib/python3.12/site-packages/airflow/example_dags/example_task_group_decorator.py
[2025-04-30T00:36:02.386+0000] {processor.py:914} INFO - Processing file /home/airflow/.local/lib/python3.12/site-packages/airflow/example_dags/example_task_group_decorator.py for tasks to queue
[2025-04-30T00:36:02.391+0000] {logging_mixin.py:190} INFO - [2025-04-30T00:36:02.390+0000] {dagbag.py:587} INFO - Filling up the DagBag from /home/airflow/.local/lib/python3.12/site-packages/airflow/example_dags/example_task_group_decorator.py
[2025-04-30T00:36:02.432+0000] {processor.py:925} INFO - DAG(s) 'example_task_group_decorator' retrieved from /home/airflow/.local/lib/python3.12/site-packages/airflow/example_dags/example_task_group_decorator.py
[2025-04-30T00:36:02.501+0000] {logging_mixin.py:190} INFO - [2025-04-30T00:36:02.500+0000] {dag.py:3211} INFO - Sync 1 DAGs
[2025-04-30T00:36:02.558+0000] {logging_mixin.py:190} INFO - [2025-04-30T00:36:02.558+0000] {dag.py:4138} INFO - Setting next_dagrun for example_task_group_decorator to 2025-04-29 00:00:00+00:00, run_after=2025-04-30 00:00:00+00:00
[2025-04-30T00:36:02.630+0000] {processor.py:208} INFO - Processing /home/airflow/.local/lib/python3.12/site-packages/airflow/example_dags/example_task_group_decorator.py took 0.258 seconds
[2025-04-30T00:36:32.922+0000] {processor.py:186} INFO - Started process (PID=813) to work on /home/airflow/.local/lib/python3.12/site-packages/airflow/example_dags/example_task_group_decorator.py
[2025-04-30T00:36:32.924+0000] {processor.py:914} INFO - Processing file /home/airflow/.local/lib/python3.12/site-packages/airflow/example_dags/example_task_group_decorator.py for tasks to queue
[2025-04-30T00:36:32.930+0000] {logging_mixin.py:190} INFO - [2025-04-30T00:36:32.929+0000] {dagbag.py:587} INFO - Filling up the DagBag from /home/airflow/.local/lib/python3.12/site-packages/airflow/example_dags/example_task_group_decorator.py
[2025-04-30T00:36:32.964+0000] {processor.py:925} INFO - DAG(s) 'example_task_group_decorator' retrieved from /home/airflow/.local/lib/python3.12/site-packages/airflow/example_dags/example_task_group_decorator.py
[2025-04-30T00:36:33.043+0000] {logging_mixin.py:190} INFO - [2025-04-30T00:36:33.042+0000] {dag.py:3211} INFO - Sync 1 DAGs
[2025-04-30T00:36:33.126+0000] {logging_mixin.py:190} INFO - [2025-04-30T00:36:33.125+0000] {dag.py:4138} INFO - Setting next_dagrun for example_task_group_decorator to 2025-04-29 00:00:00+00:00, run_after=2025-04-30 00:00:00+00:00
[2025-04-30T00:36:33.176+0000] {processor.py:208} INFO - Processing /home/airflow/.local/lib/python3.12/site-packages/airflow/example_dags/example_task_group_decorator.py took 0.266 seconds
[2025-04-30T00:37:03.563+0000] {processor.py:186} INFO - Started process (PID=876) to work on /home/airflow/.local/lib/python3.12/site-packages/airflow/example_dags/example_task_group_decorator.py
[2025-04-30T00:37:03.565+0000] {processor.py:914} INFO - Processing file /home/airflow/.local/lib/python3.12/site-packages/airflow/example_dags/example_task_group_decorator.py for tasks to queue
[2025-04-30T00:37:03.570+0000] {logging_mixin.py:190} INFO - [2025-04-30T00:37:03.569+0000] {dagbag.py:587} INFO - Filling up the DagBag from /home/airflow/.local/lib/python3.12/site-packages/airflow/example_dags/example_task_group_decorator.py
[2025-04-30T00:37:03.617+0000] {processor.py:925} INFO - DAG(s) 'example_task_group_decorator' retrieved from /home/airflow/.local/lib/python3.12/site-packages/airflow/example_dags/example_task_group_decorator.py
[2025-04-30T00:37:03.725+0000] {logging_mixin.py:190} INFO - [2025-04-30T00:37:03.725+0000] {dag.py:3211} INFO - Sync 1 DAGs
[2025-04-30T00:37:03.809+0000] {logging_mixin.py:190} INFO - [2025-04-30T00:37:03.809+0000] {dag.py:4138} INFO - Setting next_dagrun for example_task_group_decorator to 2025-04-29 00:00:00+00:00, run_after=2025-04-30 00:00:00+00:00
[2025-04-30T00:37:03.854+0000] {processor.py:208} INFO - Processing /home/airflow/.local/lib/python3.12/site-packages/airflow/example_dags/example_task_group_decorator.py took 0.304 seconds
[2025-04-30T00:37:34.680+0000] {processor.py:186} INFO - Started process (PID=939) to work on /home/airflow/.local/lib/python3.12/site-packages/airflow/example_dags/example_task_group_decorator.py
[2025-04-30T00:37:34.682+0000] {processor.py:914} INFO - Processing file /home/airflow/.local/lib/python3.12/site-packages/airflow/example_dags/example_task_group_decorator.py for tasks to queue
[2025-04-30T00:37:34.687+0000] {logging_mixin.py:190} INFO - [2025-04-30T00:37:34.686+0000] {dagbag.py:587} INFO - Filling up the DagBag from /home/airflow/.local/lib/python3.12/site-packages/airflow/example_dags/example_task_group_decorator.py
[2025-04-30T00:37:34.727+0000] {processor.py:925} INFO - DAG(s) 'example_task_group_decorator' retrieved from /home/airflow/.local/lib/python3.12/site-packages/airflow/example_dags/example_task_group_decorator.py
[2025-04-30T00:37:34.789+0000] {logging_mixin.py:190} INFO - [2025-04-30T00:37:34.789+0000] {dag.py:3211} INFO - Sync 1 DAGs
[2025-04-30T00:37:34.841+0000] {logging_mixin.py:190} INFO - [2025-04-30T00:37:34.841+0000] {dag.py:4138} INFO - Setting next_dagrun for example_task_group_decorator to 2025-04-29 00:00:00+00:00, run_after=2025-04-30 00:00:00+00:00
[2025-04-30T00:37:34.889+0000] {processor.py:208} INFO - Processing /home/airflow/.local/lib/python3.12/site-packages/airflow/example_dags/example_task_group_decorator.py took 0.222 seconds
[2025-04-30T00:38:05.163+0000] {processor.py:186} INFO - Started process (PID=1002) to work on /home/airflow/.local/lib/python3.12/site-packages/airflow/example_dags/example_task_group_decorator.py
[2025-04-30T00:38:05.165+0000] {processor.py:914} INFO - Processing file /home/airflow/.local/lib/python3.12/site-packages/airflow/example_dags/example_task_group_decorator.py for tasks to queue
[2025-04-30T00:38:05.170+0000] {logging_mixin.py:190} INFO - [2025-04-30T00:38:05.169+0000] {dagbag.py:587} INFO - Filling up the DagBag from /home/airflow/.local/lib/python3.12/site-packages/airflow/example_dags/example_task_group_decorator.py
[2025-04-30T00:38:05.208+0000] {processor.py:925} INFO - DAG(s) 'example_task_group_decorator' retrieved from /home/airflow/.local/lib/python3.12/site-packages/airflow/example_dags/example_task_group_decorator.py
[2025-04-30T00:38:05.267+0000] {logging_mixin.py:190} INFO - [2025-04-30T00:38:05.266+0000] {dag.py:3211} INFO - Sync 1 DAGs
[2025-04-30T00:38:05.327+0000] {logging_mixin.py:190} INFO - [2025-04-30T00:38:05.327+0000] {dag.py:4138} INFO - Setting next_dagrun for example_task_group_decorator to 2025-04-29 00:00:00+00:00, run_after=2025-04-30 00:00:00+00:00
[2025-04-30T00:38:05.374+0000] {processor.py:208} INFO - Processing /home/airflow/.local/lib/python3.12/site-packages/airflow/example_dags/example_task_group_decorator.py took 0.222 seconds
[2025-04-30T00:38:36.047+0000] {processor.py:186} INFO - Started process (PID=1066) to work on /home/airflow/.local/lib/python3.12/site-packages/airflow/example_dags/example_task_group_decorator.py
[2025-04-30T00:38:36.049+0000] {processor.py:914} INFO - Processing file /home/airflow/.local/lib/python3.12/site-packages/airflow/example_dags/example_task_group_decorator.py for tasks to queue
[2025-04-30T00:38:36.054+0000] {logging_mixin.py:190} INFO - [2025-04-30T00:38:36.053+0000] {dagbag.py:587} INFO - Filling up the DagBag from /home/airflow/.local/lib/python3.12/site-packages/airflow/example_dags/example_task_group_decorator.py
[2025-04-30T00:38:36.092+0000] {processor.py:925} INFO - DAG(s) 'example_task_group_decorator' retrieved from /home/airflow/.local/lib/python3.12/site-packages/airflow/example_dags/example_task_group_decorator.py
[2025-04-30T00:38:36.162+0000] {logging_mixin.py:190} INFO - [2025-04-30T00:38:36.161+0000] {dag.py:3211} INFO - Sync 1 DAGs
[2025-04-30T00:38:36.220+0000] {logging_mixin.py:190} INFO - [2025-04-30T00:38:36.220+0000] {dag.py:4138} INFO - Setting next_dagrun for example_task_group_decorator to 2025-04-29 00:00:00+00:00, run_after=2025-04-30 00:00:00+00:00
[2025-04-30T00:38:36.266+0000] {processor.py:208} INFO - Processing /home/airflow/.local/lib/python3.12/site-packages/airflow/example_dags/example_task_group_decorator.py took 0.233 seconds
[2025-04-30T00:39:07.412+0000] {processor.py:186} INFO - Started process (PID=1135) to work on /home/airflow/.local/lib/python3.12/site-packages/airflow/example_dags/example_task_group_decorator.py
[2025-04-30T00:39:07.415+0000] {processor.py:914} INFO - Processing file /home/airflow/.local/lib/python3.12/site-packages/airflow/example_dags/example_task_group_decorator.py for tasks to queue
[2025-04-30T00:39:07.421+0000] {logging_mixin.py:190} INFO - [2025-04-30T00:39:07.420+0000] {dagbag.py:587} INFO - Filling up the DagBag from /home/airflow/.local/lib/python3.12/site-packages/airflow/example_dags/example_task_group_decorator.py
[2025-04-30T00:39:07.458+0000] {processor.py:925} INFO - DAG(s) 'example_task_group_decorator' retrieved from /home/airflow/.local/lib/python3.12/site-packages/airflow/example_dags/example_task_group_decorator.py
[2025-04-30T00:39:07.514+0000] {logging_mixin.py:190} INFO - [2025-04-30T00:39:07.514+0000] {dag.py:3211} INFO - Sync 1 DAGs
[2025-04-30T00:39:07.568+0000] {logging_mixin.py:190} INFO - [2025-04-30T00:39:07.568+0000] {dag.py:4138} INFO - Setting next_dagrun for example_task_group_decorator to 2025-04-29 00:00:00+00:00, run_after=2025-04-30 00:00:00+00:00
[2025-04-30T00:39:07.620+0000] {processor.py:208} INFO - Processing /home/airflow/.local/lib/python3.12/site-packages/airflow/example_dags/example_task_group_decorator.py took 0.220 seconds
[2025-04-30T00:39:38.225+0000] {processor.py:186} INFO - Started process (PID=1198) to work on /home/airflow/.local/lib/python3.12/site-packages/airflow/example_dags/example_task_group_decorator.py
[2025-04-30T00:39:38.227+0000] {processor.py:914} INFO - Processing file /home/airflow/.local/lib/python3.12/site-packages/airflow/example_dags/example_task_group_decorator.py for tasks to queue
[2025-04-30T00:39:38.232+0000] {logging_mixin.py:190} INFO - [2025-04-30T00:39:38.231+0000] {dagbag.py:587} INFO - Filling up the DagBag from /home/airflow/.local/lib/python3.12/site-packages/airflow/example_dags/example_task_group_decorator.py
[2025-04-30T00:39:38.269+0000] {processor.py:925} INFO - DAG(s) 'example_task_group_decorator' retrieved from /home/airflow/.local/lib/python3.12/site-packages/airflow/example_dags/example_task_group_decorator.py
[2025-04-30T00:39:38.321+0000] {logging_mixin.py:190} INFO - [2025-04-30T00:39:38.321+0000] {dag.py:3211} INFO - Sync 1 DAGs
[2025-04-30T00:39:38.372+0000] {logging_mixin.py:190} INFO - [2025-04-30T00:39:38.372+0000] {dag.py:4138} INFO - Setting next_dagrun for example_task_group_decorator to 2025-04-29 00:00:00+00:00, run_after=2025-04-30 00:00:00+00:00
[2025-04-30T00:39:38.420+0000] {processor.py:208} INFO - Processing /home/airflow/.local/lib/python3.12/site-packages/airflow/example_dags/example_task_group_decorator.py took 0.209 seconds
[2025-04-30T00:40:09.182+0000] {processor.py:186} INFO - Started process (PID=1261) to work on /home/airflow/.local/lib/python3.12/site-packages/airflow/example_dags/example_task_group_decorator.py
[2025-04-30T00:40:09.185+0000] {processor.py:914} INFO - Processing file /home/airflow/.local/lib/python3.12/site-packages/airflow/example_dags/example_task_group_decorator.py for tasks to queue
[2025-04-30T00:40:09.190+0000] {logging_mixin.py:190} INFO - [2025-04-30T00:40:09.190+0000] {dagbag.py:587} INFO - Filling up the DagBag from /home/airflow/.local/lib/python3.12/site-packages/airflow/example_dags/example_task_group_decorator.py
[2025-04-30T00:40:09.233+0000] {processor.py:925} INFO - DAG(s) 'example_task_group_decorator' retrieved from /home/airflow/.local/lib/python3.12/site-packages/airflow/example_dags/example_task_group_decorator.py
[2025-04-30T00:40:09.292+0000] {logging_mixin.py:190} INFO - [2025-04-30T00:40:09.291+0000] {dag.py:3211} INFO - Sync 1 DAGs
[2025-04-30T00:40:09.348+0000] {logging_mixin.py:190} INFO - [2025-04-30T00:40:09.348+0000] {dag.py:4138} INFO - Setting next_dagrun for example_task_group_decorator to 2025-04-29 00:00:00+00:00, run_after=2025-04-30 00:00:00+00:00
[2025-04-30T00:40:09.391+0000] {processor.py:208} INFO - Processing /home/airflow/.local/lib/python3.12/site-packages/airflow/example_dags/example_task_group_decorator.py took 0.222 seconds
[2025-04-30T00:40:39.756+0000] {processor.py:186} INFO - Started process (PID=1324) to work on /home/airflow/.local/lib/python3.12/site-packages/airflow/example_dags/example_task_group_decorator.py
[2025-04-30T00:40:39.758+0000] {processor.py:914} INFO - Processing file /home/airflow/.local/lib/python3.12/site-packages/airflow/example_dags/example_task_group_decorator.py for tasks to queue
[2025-04-30T00:40:39.763+0000] {logging_mixin.py:190} INFO - [2025-04-30T00:40:39.762+0000] {dagbag.py:587} INFO - Filling up the DagBag from /home/airflow/.local/lib/python3.12/site-packages/airflow/example_dags/example_task_group_decorator.py
[2025-04-30T00:40:39.795+0000] {processor.py:925} INFO - DAG(s) 'example_task_group_decorator' retrieved from /home/airflow/.local/lib/python3.12/site-packages/airflow/example_dags/example_task_group_decorator.py
[2025-04-30T00:40:39.844+0000] {logging_mixin.py:190} INFO - [2025-04-30T00:40:39.844+0000] {dag.py:3211} INFO - Sync 1 DAGs
[2025-04-30T00:40:39.889+0000] {logging_mixin.py:190} INFO - [2025-04-30T00:40:39.888+0000] {dag.py:4138} INFO - Setting next_dagrun for example_task_group_decorator to 2025-04-29 00:00:00+00:00, run_after=2025-04-30 00:00:00+00:00
[2025-04-30T00:40:39.926+0000] {processor.py:208} INFO - Processing /home/airflow/.local/lib/python3.12/site-packages/airflow/example_dags/example_task_group_decorator.py took 0.183 seconds
[2025-04-30T00:41:10.489+0000] {processor.py:186} INFO - Started process (PID=1387) to work on /home/airflow/.local/lib/python3.12/site-packages/airflow/example_dags/example_task_group_decorator.py
[2025-04-30T00:41:10.492+0000] {processor.py:914} INFO - Processing file /home/airflow/.local/lib/python3.12/site-packages/airflow/example_dags/example_task_group_decorator.py for tasks to queue
[2025-04-30T00:41:10.499+0000] {logging_mixin.py:190} INFO - [2025-04-30T00:41:10.498+0000] {dagbag.py:587} INFO - Filling up the DagBag from /home/airflow/.local/lib/python3.12/site-packages/airflow/example_dags/example_task_group_decorator.py
[2025-04-30T00:41:10.543+0000] {processor.py:925} INFO - DAG(s) 'example_task_group_decorator' retrieved from /home/airflow/.local/lib/python3.12/site-packages/airflow/example_dags/example_task_group_decorator.py
[2025-04-30T00:41:10.614+0000] {logging_mixin.py:190} INFO - [2025-04-30T00:41:10.613+0000] {dag.py:3211} INFO - Sync 1 DAGs
[2025-04-30T00:41:10.687+0000] {logging_mixin.py:190} INFO - [2025-04-30T00:41:10.687+0000] {dag.py:4138} INFO - Setting next_dagrun for example_task_group_decorator to 2025-04-29 00:00:00+00:00, run_after=2025-04-30 00:00:00+00:00
[2025-04-30T00:41:10.751+0000] {processor.py:208} INFO - Processing /home/airflow/.local/lib/python3.12/site-packages/airflow/example_dags/example_task_group_decorator.py took 0.278 seconds
[2025-04-30T00:41:41.888+0000] {processor.py:186} INFO - Started process (PID=1450) to work on /home/airflow/.local/lib/python3.12/site-packages/airflow/example_dags/example_task_group_decorator.py
[2025-04-30T00:41:41.890+0000] {processor.py:914} INFO - Processing file /home/airflow/.local/lib/python3.12/site-packages/airflow/example_dags/example_task_group_decorator.py for tasks to queue
[2025-04-30T00:41:41.894+0000] {logging_mixin.py:190} INFO - [2025-04-30T00:41:41.894+0000] {dagbag.py:587} INFO - Filling up the DagBag from /home/airflow/.local/lib/python3.12/site-packages/airflow/example_dags/example_task_group_decorator.py
[2025-04-30T00:41:41.930+0000] {processor.py:925} INFO - DAG(s) 'example_task_group_decorator' retrieved from /home/airflow/.local/lib/python3.12/site-packages/airflow/example_dags/example_task_group_decorator.py
[2025-04-30T00:41:41.981+0000] {logging_mixin.py:190} INFO - [2025-04-30T00:41:41.980+0000] {dag.py:3211} INFO - Sync 1 DAGs
[2025-04-30T00:41:42.024+0000] {logging_mixin.py:190} INFO - [2025-04-30T00:41:42.024+0000] {dag.py:4138} INFO - Setting next_dagrun for example_task_group_decorator to 2025-04-29 00:00:00+00:00, run_after=2025-04-30 00:00:00+00:00
[2025-04-30T00:41:42.068+0000] {processor.py:208} INFO - Processing /home/airflow/.local/lib/python3.12/site-packages/airflow/example_dags/example_task_group_decorator.py took 0.193 seconds
[2025-04-30T00:42:12.456+0000] {processor.py:186} INFO - Started process (PID=1517) to work on /home/airflow/.local/lib/python3.12/site-packages/airflow/example_dags/example_task_group_decorator.py
[2025-04-30T00:42:12.459+0000] {processor.py:914} INFO - Processing file /home/airflow/.local/lib/python3.12/site-packages/airflow/example_dags/example_task_group_decorator.py for tasks to queue
[2025-04-30T00:42:12.462+0000] {logging_mixin.py:190} INFO - [2025-04-30T00:42:12.461+0000] {dagbag.py:587} INFO - Filling up the DagBag from /home/airflow/.local/lib/python3.12/site-packages/airflow/example_dags/example_task_group_decorator.py
[2025-04-30T00:42:12.501+0000] {processor.py:925} INFO - DAG(s) 'example_task_group_decorator' retrieved from /home/airflow/.local/lib/python3.12/site-packages/airflow/example_dags/example_task_group_decorator.py
[2025-04-30T00:42:12.559+0000] {logging_mixin.py:190} INFO - [2025-04-30T00:42:12.558+0000] {dag.py:3211} INFO - Sync 1 DAGs
[2025-04-30T00:42:12.607+0000] {logging_mixin.py:190} INFO - [2025-04-30T00:42:12.607+0000] {dag.py:4138} INFO - Setting next_dagrun for example_task_group_decorator to 2025-04-29 00:00:00+00:00, run_after=2025-04-30 00:00:00+00:00
[2025-04-30T00:42:12.654+0000] {processor.py:208} INFO - Processing /home/airflow/.local/lib/python3.12/site-packages/airflow/example_dags/example_task_group_decorator.py took 0.210 seconds
[2025-04-30T00:42:43.417+0000] {processor.py:186} INFO - Started process (PID=1580) to work on /home/airflow/.local/lib/python3.12/site-packages/airflow/example_dags/example_task_group_decorator.py
[2025-04-30T00:42:43.420+0000] {processor.py:914} INFO - Processing file /home/airflow/.local/lib/python3.12/site-packages/airflow/example_dags/example_task_group_decorator.py for tasks to queue
[2025-04-30T00:42:43.425+0000] {logging_mixin.py:190} INFO - [2025-04-30T00:42:43.424+0000] {dagbag.py:587} INFO - Filling up the DagBag from /home/airflow/.local/lib/python3.12/site-packages/airflow/example_dags/example_task_group_decorator.py
[2025-04-30T00:42:43.478+0000] {processor.py:925} INFO - DAG(s) 'example_task_group_decorator' retrieved from /home/airflow/.local/lib/python3.12/site-packages/airflow/example_dags/example_task_group_decorator.py
[2025-04-30T00:42:43.552+0000] {logging_mixin.py:190} INFO - [2025-04-30T00:42:43.552+0000] {dag.py:3211} INFO - Sync 1 DAGs
[2025-04-30T00:42:43.606+0000] {logging_mixin.py:190} INFO - [2025-04-30T00:42:43.606+0000] {dag.py:4138} INFO - Setting next_dagrun for example_task_group_decorator to 2025-04-29 00:00:00+00:00, run_after=2025-04-30 00:00:00+00:00
[2025-04-30T00:42:43.647+0000] {processor.py:208} INFO - Processing /home/airflow/.local/lib/python3.12/site-packages/airflow/example_dags/example_task_group_decorator.py took 0.244 seconds
[2025-04-30T00:43:14.110+0000] {processor.py:186} INFO - Started process (PID=1643) to work on /home/airflow/.local/lib/python3.12/site-packages/airflow/example_dags/example_task_group_decorator.py
[2025-04-30T00:43:14.113+0000] {processor.py:914} INFO - Processing file /home/airflow/.local/lib/python3.12/site-packages/airflow/example_dags/example_task_group_decorator.py for tasks to queue
[2025-04-30T00:43:14.116+0000] {logging_mixin.py:190} INFO - [2025-04-30T00:43:14.115+0000] {dagbag.py:587} INFO - Filling up the DagBag from /home/airflow/.local/lib/python3.12/site-packages/airflow/example_dags/example_task_group_decorator.py
[2025-04-30T00:43:14.154+0000] {processor.py:925} INFO - DAG(s) 'example_task_group_decorator' retrieved from /home/airflow/.local/lib/python3.12/site-packages/airflow/example_dags/example_task_group_decorator.py
[2025-04-30T00:43:14.211+0000] {logging_mixin.py:190} INFO - [2025-04-30T00:43:14.210+0000] {dag.py:3211} INFO - Sync 1 DAGs
[2025-04-30T00:43:14.267+0000] {logging_mixin.py:190} INFO - [2025-04-30T00:43:14.266+0000] {dag.py:4138} INFO - Setting next_dagrun for example_task_group_decorator to 2025-04-29 00:00:00+00:00, run_after=2025-04-30 00:00:00+00:00
[2025-04-30T00:43:14.304+0000] {processor.py:208} INFO - Processing /home/airflow/.local/lib/python3.12/site-packages/airflow/example_dags/example_task_group_decorator.py took 0.205 seconds
[2025-04-30T00:43:45.968+0000] {processor.py:186} INFO - Started process (PID=1706) to work on /home/airflow/.local/lib/python3.12/site-packages/airflow/example_dags/example_task_group_decorator.py
[2025-04-30T00:43:45.971+0000] {processor.py:914} INFO - Processing file /home/airflow/.local/lib/python3.12/site-packages/airflow/example_dags/example_task_group_decorator.py for tasks to queue
[2025-04-30T00:43:45.974+0000] {logging_mixin.py:190} INFO - [2025-04-30T00:43:45.973+0000] {dagbag.py:587} INFO - Filling up the DagBag from /home/airflow/.local/lib/python3.12/site-packages/airflow/example_dags/example_task_group_decorator.py
[2025-04-30T00:43:46.014+0000] {processor.py:925} INFO - DAG(s) 'example_task_group_decorator' retrieved from /home/airflow/.local/lib/python3.12/site-packages/airflow/example_dags/example_task_group_decorator.py
[2025-04-30T00:43:46.074+0000] {logging_mixin.py:190} INFO - [2025-04-30T00:43:46.074+0000] {dag.py:3211} INFO - Sync 1 DAGs
[2025-04-30T00:43:46.134+0000] {logging_mixin.py:190} INFO - [2025-04-30T00:43:46.133+0000] {dag.py:4138} INFO - Setting next_dagrun for example_task_group_decorator to 2025-04-29 00:00:00+00:00, run_after=2025-04-30 00:00:00+00:00
[2025-04-30T00:43:46.212+0000] {processor.py:208} INFO - Processing /home/airflow/.local/lib/python3.12/site-packages/airflow/example_dags/example_task_group_decorator.py took 0.256 seconds
[2025-04-30T00:44:16.279+0000] {processor.py:186} INFO - Started process (PID=1769) to work on /home/airflow/.local/lib/python3.12/site-packages/airflow/example_dags/example_task_group_decorator.py
[2025-04-30T00:44:16.282+0000] {processor.py:914} INFO - Processing file /home/airflow/.local/lib/python3.12/site-packages/airflow/example_dags/example_task_group_decorator.py for tasks to queue
[2025-04-30T00:44:16.283+0000] {logging_mixin.py:190} INFO - [2025-04-30T00:44:16.283+0000] {dagbag.py:587} INFO - Filling up the DagBag from /home/airflow/.local/lib/python3.12/site-packages/airflow/example_dags/example_task_group_decorator.py
[2025-04-30T00:44:16.306+0000] {processor.py:925} INFO - DAG(s) 'example_task_group_decorator' retrieved from /home/airflow/.local/lib/python3.12/site-packages/airflow/example_dags/example_task_group_decorator.py
[2025-04-30T00:44:16.337+0000] {logging_mixin.py:190} INFO - [2025-04-30T00:44:16.337+0000] {dag.py:3211} INFO - Sync 1 DAGs
[2025-04-30T00:44:16.366+0000] {logging_mixin.py:190} INFO - [2025-04-30T00:44:16.365+0000] {dag.py:4138} INFO - Setting next_dagrun for example_task_group_decorator to 2025-04-29 00:00:00+00:00, run_after=2025-04-30 00:00:00+00:00
[2025-04-30T00:44:16.392+0000] {processor.py:208} INFO - Processing /home/airflow/.local/lib/python3.12/site-packages/airflow/example_dags/example_task_group_decorator.py took 0.120 seconds
[2025-04-30T00:44:46.831+0000] {processor.py:186} INFO - Started process (PID=1832) to work on /home/airflow/.local/lib/python3.12/site-packages/airflow/example_dags/example_task_group_decorator.py
[2025-04-30T00:44:46.833+0000] {processor.py:914} INFO - Processing file /home/airflow/.local/lib/python3.12/site-packages/airflow/example_dags/example_task_group_decorator.py for tasks to queue
[2025-04-30T00:44:46.835+0000] {logging_mixin.py:190} INFO - [2025-04-30T00:44:46.835+0000] {dagbag.py:587} INFO - Filling up the DagBag from /home/airflow/.local/lib/python3.12/site-packages/airflow/example_dags/example_task_group_decorator.py
[2025-04-30T00:44:46.863+0000] {processor.py:925} INFO - DAG(s) 'example_task_group_decorator' retrieved from /home/airflow/.local/lib/python3.12/site-packages/airflow/example_dags/example_task_group_decorator.py
[2025-04-30T00:44:46.905+0000] {logging_mixin.py:190} INFO - [2025-04-30T00:44:46.905+0000] {dag.py:3211} INFO - Sync 1 DAGs
[2025-04-30T00:44:46.944+0000] {logging_mixin.py:190} INFO - [2025-04-30T00:44:46.944+0000] {dag.py:4138} INFO - Setting next_dagrun for example_task_group_decorator to 2025-04-29 00:00:00+00:00, run_after=2025-04-30 00:00:00+00:00
[2025-04-30T00:44:46.976+0000] {processor.py:208} INFO - Processing /home/airflow/.local/lib/python3.12/site-packages/airflow/example_dags/example_task_group_decorator.py took 0.155 seconds
[2025-04-30T00:45:17.394+0000] {processor.py:186} INFO - Started process (PID=1895) to work on /home/airflow/.local/lib/python3.12/site-packages/airflow/example_dags/example_task_group_decorator.py
[2025-04-30T00:45:17.395+0000] {processor.py:914} INFO - Processing file /home/airflow/.local/lib/python3.12/site-packages/airflow/example_dags/example_task_group_decorator.py for tasks to queue
[2025-04-30T00:45:17.396+0000] {logging_mixin.py:190} INFO - [2025-04-30T00:45:17.396+0000] {dagbag.py:587} INFO - Filling up the DagBag from /home/airflow/.local/lib/python3.12/site-packages/airflow/example_dags/example_task_group_decorator.py
[2025-04-30T00:45:17.417+0000] {processor.py:925} INFO - DAG(s) 'example_task_group_decorator' retrieved from /home/airflow/.local/lib/python3.12/site-packages/airflow/example_dags/example_task_group_decorator.py
[2025-04-30T00:45:17.446+0000] {logging_mixin.py:190} INFO - [2025-04-30T00:45:17.446+0000] {dag.py:3211} INFO - Sync 1 DAGs
[2025-04-30T00:45:17.473+0000] {logging_mixin.py:190} INFO - [2025-04-30T00:45:17.472+0000] {dag.py:4138} INFO - Setting next_dagrun for example_task_group_decorator to 2025-04-29 00:00:00+00:00, run_after=2025-04-30 00:00:00+00:00
[2025-04-30T00:45:17.497+0000] {processor.py:208} INFO - Processing /home/airflow/.local/lib/python3.12/site-packages/airflow/example_dags/example_task_group_decorator.py took 0.110 seconds
[2025-04-30T00:45:48.358+0000] {processor.py:186} INFO - Started process (PID=1958) to work on /home/airflow/.local/lib/python3.12/site-packages/airflow/example_dags/example_task_group_decorator.py
[2025-04-30T00:45:48.360+0000] {processor.py:914} INFO - Processing file /home/airflow/.local/lib/python3.12/site-packages/airflow/example_dags/example_task_group_decorator.py for tasks to queue
[2025-04-30T00:45:48.362+0000] {logging_mixin.py:190} INFO - [2025-04-30T00:45:48.361+0000] {dagbag.py:587} INFO - Filling up the DagBag from /home/airflow/.local/lib/python3.12/site-packages/airflow/example_dags/example_task_group_decorator.py
[2025-04-30T00:45:48.382+0000] {processor.py:925} INFO - DAG(s) 'example_task_group_decorator' retrieved from /home/airflow/.local/lib/python3.12/site-packages/airflow/example_dags/example_task_group_decorator.py
[2025-04-30T00:45:48.411+0000] {logging_mixin.py:190} INFO - [2025-04-30T00:45:48.410+0000] {dag.py:3211} INFO - Sync 1 DAGs
[2025-04-30T00:45:48.439+0000] {logging_mixin.py:190} INFO - [2025-04-30T00:45:48.439+0000] {dag.py:4138} INFO - Setting next_dagrun for example_task_group_decorator to 2025-04-29 00:00:00+00:00, run_after=2025-04-30 00:00:00+00:00
[2025-04-30T00:45:48.462+0000] {processor.py:208} INFO - Processing /home/airflow/.local/lib/python3.12/site-packages/airflow/example_dags/example_task_group_decorator.py took 0.110 seconds
[2025-04-30T00:46:18.804+0000] {processor.py:186} INFO - Started process (PID=2027) to work on /home/airflow/.local/lib/python3.12/site-packages/airflow/example_dags/example_task_group_decorator.py
[2025-04-30T00:46:18.806+0000] {processor.py:914} INFO - Processing file /home/airflow/.local/lib/python3.12/site-packages/airflow/example_dags/example_task_group_decorator.py for tasks to queue
[2025-04-30T00:46:18.807+0000] {logging_mixin.py:190} INFO - [2025-04-30T00:46:18.807+0000] {dagbag.py:587} INFO - Filling up the DagBag from /home/airflow/.local/lib/python3.12/site-packages/airflow/example_dags/example_task_group_decorator.py
[2025-04-30T00:46:18.829+0000] {processor.py:925} INFO - DAG(s) 'example_task_group_decorator' retrieved from /home/airflow/.local/lib/python3.12/site-packages/airflow/example_dags/example_task_group_decorator.py
[2025-04-30T00:46:18.860+0000] {logging_mixin.py:190} INFO - [2025-04-30T00:46:18.860+0000] {dag.py:3211} INFO - Sync 1 DAGs
[2025-04-30T00:46:18.899+0000] {logging_mixin.py:190} INFO - [2025-04-30T00:46:18.898+0000] {dag.py:4138} INFO - Setting next_dagrun for example_task_group_decorator to 2025-04-29 00:00:00+00:00, run_after=2025-04-30 00:00:00+00:00
[2025-04-30T00:46:18.924+0000] {processor.py:208} INFO - Processing /home/airflow/.local/lib/python3.12/site-packages/airflow/example_dags/example_task_group_decorator.py took 0.128 seconds
[2025-04-30T00:46:49.231+0000] {processor.py:186} INFO - Started process (PID=2090) to work on /home/airflow/.local/lib/python3.12/site-packages/airflow/example_dags/example_task_group_decorator.py
[2025-04-30T00:46:49.232+0000] {processor.py:914} INFO - Processing file /home/airflow/.local/lib/python3.12/site-packages/airflow/example_dags/example_task_group_decorator.py for tasks to queue
[2025-04-30T00:46:49.233+0000] {logging_mixin.py:190} INFO - [2025-04-30T00:46:49.233+0000] {dagbag.py:587} INFO - Filling up the DagBag from /home/airflow/.local/lib/python3.12/site-packages/airflow/example_dags/example_task_group_decorator.py
[2025-04-30T00:46:49.251+0000] {processor.py:925} INFO - DAG(s) 'example_task_group_decorator' retrieved from /home/airflow/.local/lib/python3.12/site-packages/airflow/example_dags/example_task_group_decorator.py
[2025-04-30T00:46:49.282+0000] {logging_mixin.py:190} INFO - [2025-04-30T00:46:49.282+0000] {dag.py:3211} INFO - Sync 1 DAGs
[2025-04-30T00:46:49.309+0000] {logging_mixin.py:190} INFO - [2025-04-30T00:46:49.308+0000] {dag.py:4138} INFO - Setting next_dagrun for example_task_group_decorator to 2025-04-29 00:00:00+00:00, run_after=2025-04-30 00:00:00+00:00
[2025-04-30T00:46:49.335+0000] {processor.py:208} INFO - Processing /home/airflow/.local/lib/python3.12/site-packages/airflow/example_dags/example_task_group_decorator.py took 0.112 seconds
[2025-04-30T00:47:20.052+0000] {processor.py:186} INFO - Started process (PID=2153) to work on /home/airflow/.local/lib/python3.12/site-packages/airflow/example_dags/example_task_group_decorator.py
[2025-04-30T00:47:20.054+0000] {processor.py:914} INFO - Processing file /home/airflow/.local/lib/python3.12/site-packages/airflow/example_dags/example_task_group_decorator.py for tasks to queue
[2025-04-30T00:47:20.056+0000] {logging_mixin.py:190} INFO - [2025-04-30T00:47:20.055+0000] {dagbag.py:587} INFO - Filling up the DagBag from /home/airflow/.local/lib/python3.12/site-packages/airflow/example_dags/example_task_group_decorator.py
[2025-04-30T00:47:20.077+0000] {processor.py:925} INFO - DAG(s) 'example_task_group_decorator' retrieved from /home/airflow/.local/lib/python3.12/site-packages/airflow/example_dags/example_task_group_decorator.py
[2025-04-30T00:47:20.107+0000] {logging_mixin.py:190} INFO - [2025-04-30T00:47:20.107+0000] {dag.py:3211} INFO - Sync 1 DAGs
[2025-04-30T00:47:20.134+0000] {logging_mixin.py:190} INFO - [2025-04-30T00:47:20.133+0000] {dag.py:4138} INFO - Setting next_dagrun for example_task_group_decorator to 2025-04-29 00:00:00+00:00, run_after=2025-04-30 00:00:00+00:00
[2025-04-30T00:47:20.156+0000] {processor.py:208} INFO - Processing /home/airflow/.local/lib/python3.12/site-packages/airflow/example_dags/example_task_group_decorator.py took 0.109 seconds
[2025-04-30T00:47:50.266+0000] {processor.py:186} INFO - Started process (PID=2216) to work on /home/airflow/.local/lib/python3.12/site-packages/airflow/example_dags/example_task_group_decorator.py
[2025-04-30T00:47:50.267+0000] {processor.py:914} INFO - Processing file /home/airflow/.local/lib/python3.12/site-packages/airflow/example_dags/example_task_group_decorator.py for tasks to queue
[2025-04-30T00:47:50.269+0000] {logging_mixin.py:190} INFO - [2025-04-30T00:47:50.268+0000] {dagbag.py:587} INFO - Filling up the DagBag from /home/airflow/.local/lib/python3.12/site-packages/airflow/example_dags/example_task_group_decorator.py
[2025-04-30T00:47:50.289+0000] {processor.py:925} INFO - DAG(s) 'example_task_group_decorator' retrieved from /home/airflow/.local/lib/python3.12/site-packages/airflow/example_dags/example_task_group_decorator.py
[2025-04-30T00:47:50.321+0000] {logging_mixin.py:190} INFO - [2025-04-30T00:47:50.320+0000] {dag.py:3211} INFO - Sync 1 DAGs
[2025-04-30T00:47:50.349+0000] {logging_mixin.py:190} INFO - [2025-04-30T00:47:50.349+0000] {dag.py:4138} INFO - Setting next_dagrun for example_task_group_decorator to 2025-04-29 00:00:00+00:00, run_after=2025-04-30 00:00:00+00:00
[2025-04-30T00:47:50.375+0000] {processor.py:208} INFO - Processing /home/airflow/.local/lib/python3.12/site-packages/airflow/example_dags/example_task_group_decorator.py took 0.116 seconds
[2025-04-30T00:48:21.267+0000] {processor.py:186} INFO - Started process (PID=2279) to work on /home/airflow/.local/lib/python3.12/site-packages/airflow/example_dags/example_task_group_decorator.py
[2025-04-30T00:48:21.268+0000] {processor.py:914} INFO - Processing file /home/airflow/.local/lib/python3.12/site-packages/airflow/example_dags/example_task_group_decorator.py for tasks to queue
[2025-04-30T00:48:21.270+0000] {logging_mixin.py:190} INFO - [2025-04-30T00:48:21.270+0000] {dagbag.py:587} INFO - Filling up the DagBag from /home/airflow/.local/lib/python3.12/site-packages/airflow/example_dags/example_task_group_decorator.py
[2025-04-30T00:48:21.303+0000] {processor.py:925} INFO - DAG(s) 'example_task_group_decorator' retrieved from /home/airflow/.local/lib/python3.12/site-packages/airflow/example_dags/example_task_group_decorator.py
[2025-04-30T00:48:21.351+0000] {logging_mixin.py:190} INFO - [2025-04-30T00:48:21.350+0000] {dag.py:3211} INFO - Sync 1 DAGs
[2025-04-30T00:48:21.392+0000] {logging_mixin.py:190} INFO - [2025-04-30T00:48:21.391+0000] {dag.py:4138} INFO - Setting next_dagrun for example_task_group_decorator to 2025-04-29 00:00:00+00:00, run_after=2025-04-30 00:00:00+00:00
[2025-04-30T00:48:21.424+0000] {processor.py:208} INFO - Processing /home/airflow/.local/lib/python3.12/site-packages/airflow/example_dags/example_task_group_decorator.py took 0.167 seconds
[2025-04-30T00:48:52.238+0000] {processor.py:186} INFO - Started process (PID=2342) to work on /home/airflow/.local/lib/python3.12/site-packages/airflow/example_dags/example_task_group_decorator.py
[2025-04-30T00:48:52.240+0000] {processor.py:914} INFO - Processing file /home/airflow/.local/lib/python3.12/site-packages/airflow/example_dags/example_task_group_decorator.py for tasks to queue
[2025-04-30T00:48:52.242+0000] {logging_mixin.py:190} INFO - [2025-04-30T00:48:52.242+0000] {dagbag.py:587} INFO - Filling up the DagBag from /home/airflow/.local/lib/python3.12/site-packages/airflow/example_dags/example_task_group_decorator.py
[2025-04-30T00:48:52.266+0000] {processor.py:925} INFO - DAG(s) 'example_task_group_decorator' retrieved from /home/airflow/.local/lib/python3.12/site-packages/airflow/example_dags/example_task_group_decorator.py
[2025-04-30T00:48:52.299+0000] {logging_mixin.py:190} INFO - [2025-04-30T00:48:52.299+0000] {dag.py:3211} INFO - Sync 1 DAGs
[2025-04-30T00:48:52.332+0000] {logging_mixin.py:190} INFO - [2025-04-30T00:48:52.332+0000] {dag.py:4138} INFO - Setting next_dagrun for example_task_group_decorator to 2025-04-29 00:00:00+00:00, run_after=2025-04-30 00:00:00+00:00
[2025-04-30T00:48:52.361+0000] {processor.py:208} INFO - Processing /home/airflow/.local/lib/python3.12/site-packages/airflow/example_dags/example_task_group_decorator.py took 0.130 seconds
[2025-04-30T00:49:22.787+0000] {processor.py:186} INFO - Started process (PID=2405) to work on /home/airflow/.local/lib/python3.12/site-packages/airflow/example_dags/example_task_group_decorator.py
[2025-04-30T00:49:22.788+0000] {processor.py:914} INFO - Processing file /home/airflow/.local/lib/python3.12/site-packages/airflow/example_dags/example_task_group_decorator.py for tasks to queue
[2025-04-30T00:49:22.789+0000] {logging_mixin.py:190} INFO - [2025-04-30T00:49:22.789+0000] {dagbag.py:587} INFO - Filling up the DagBag from /home/airflow/.local/lib/python3.12/site-packages/airflow/example_dags/example_task_group_decorator.py
[2025-04-30T00:49:22.811+0000] {processor.py:925} INFO - DAG(s) 'example_task_group_decorator' retrieved from /home/airflow/.local/lib/python3.12/site-packages/airflow/example_dags/example_task_group_decorator.py
[2025-04-30T00:49:22.850+0000] {logging_mixin.py:190} INFO - [2025-04-30T00:49:22.849+0000] {dag.py:3211} INFO - Sync 1 DAGs
[2025-04-30T00:49:22.886+0000] {logging_mixin.py:190} INFO - [2025-04-30T00:49:22.886+0000] {dag.py:4138} INFO - Setting next_dagrun for example_task_group_decorator to 2025-04-29 00:00:00+00:00, run_after=2025-04-30 00:00:00+00:00
[2025-04-30T00:49:22.910+0000] {processor.py:208} INFO - Processing /home/airflow/.local/lib/python3.12/site-packages/airflow/example_dags/example_task_group_decorator.py took 0.131 seconds
[2025-04-30T00:49:53.570+0000] {processor.py:186} INFO - Started process (PID=2468) to work on /home/airflow/.local/lib/python3.12/site-packages/airflow/example_dags/example_task_group_decorator.py
[2025-04-30T00:49:53.572+0000] {processor.py:914} INFO - Processing file /home/airflow/.local/lib/python3.12/site-packages/airflow/example_dags/example_task_group_decorator.py for tasks to queue
[2025-04-30T00:49:53.573+0000] {logging_mixin.py:190} INFO - [2025-04-30T00:49:53.573+0000] {dagbag.py:587} INFO - Filling up the DagBag from /home/airflow/.local/lib/python3.12/site-packages/airflow/example_dags/example_task_group_decorator.py
[2025-04-30T00:49:53.595+0000] {processor.py:925} INFO - DAG(s) 'example_task_group_decorator' retrieved from /home/airflow/.local/lib/python3.12/site-packages/airflow/example_dags/example_task_group_decorator.py
[2025-04-30T00:49:53.626+0000] {logging_mixin.py:190} INFO - [2025-04-30T00:49:53.626+0000] {dag.py:3211} INFO - Sync 1 DAGs
[2025-04-30T00:49:53.662+0000] {logging_mixin.py:190} INFO - [2025-04-30T00:49:53.662+0000] {dag.py:4138} INFO - Setting next_dagrun for example_task_group_decorator to 2025-04-29 00:00:00+00:00, run_after=2025-04-30 00:00:00+00:00
[2025-04-30T00:49:53.689+0000] {processor.py:208} INFO - Processing /home/airflow/.local/lib/python3.12/site-packages/airflow/example_dags/example_task_group_decorator.py took 0.125 seconds
[2025-04-30T00:50:24.045+0000] {processor.py:186} INFO - Started process (PID=2532) to work on /home/airflow/.local/lib/python3.12/site-packages/airflow/example_dags/example_task_group_decorator.py
[2025-04-30T00:50:24.047+0000] {processor.py:914} INFO - Processing file /home/airflow/.local/lib/python3.12/site-packages/airflow/example_dags/example_task_group_decorator.py for tasks to queue
[2025-04-30T00:50:24.048+0000] {logging_mixin.py:190} INFO - [2025-04-30T00:50:24.048+0000] {dagbag.py:587} INFO - Filling up the DagBag from /home/airflow/.local/lib/python3.12/site-packages/airflow/example_dags/example_task_group_decorator.py
[2025-04-30T00:50:24.070+0000] {processor.py:925} INFO - DAG(s) 'example_task_group_decorator' retrieved from /home/airflow/.local/lib/python3.12/site-packages/airflow/example_dags/example_task_group_decorator.py
[2025-04-30T00:50:24.107+0000] {logging_mixin.py:190} INFO - [2025-04-30T00:50:24.106+0000] {dag.py:3211} INFO - Sync 1 DAGs
[2025-04-30T00:50:24.137+0000] {logging_mixin.py:190} INFO - [2025-04-30T00:50:24.137+0000] {dag.py:4138} INFO - Setting next_dagrun for example_task_group_decorator to 2025-04-29 00:00:00+00:00, run_after=2025-04-30 00:00:00+00:00
[2025-04-30T00:50:24.161+0000] {processor.py:208} INFO - Processing /home/airflow/.local/lib/python3.12/site-packages/airflow/example_dags/example_task_group_decorator.py took 0.123 seconds
[2025-04-30T00:50:54.832+0000] {processor.py:186} INFO - Started process (PID=2595) to work on /home/airflow/.local/lib/python3.12/site-packages/airflow/example_dags/example_task_group_decorator.py
[2025-04-30T00:50:54.834+0000] {processor.py:914} INFO - Processing file /home/airflow/.local/lib/python3.12/site-packages/airflow/example_dags/example_task_group_decorator.py for tasks to queue
[2025-04-30T00:50:54.836+0000] {logging_mixin.py:190} INFO - [2025-04-30T00:50:54.835+0000] {dagbag.py:587} INFO - Filling up the DagBag from /home/airflow/.local/lib/python3.12/site-packages/airflow/example_dags/example_task_group_decorator.py
[2025-04-30T00:50:54.865+0000] {processor.py:925} INFO - DAG(s) 'example_task_group_decorator' retrieved from /home/airflow/.local/lib/python3.12/site-packages/airflow/example_dags/example_task_group_decorator.py
[2025-04-30T00:50:54.907+0000] {logging_mixin.py:190} INFO - [2025-04-30T00:50:54.907+0000] {dag.py:3211} INFO - Sync 1 DAGs
[2025-04-30T00:50:54.941+0000] {logging_mixin.py:190} INFO - [2025-04-30T00:50:54.940+0000] {dag.py:4138} INFO - Setting next_dagrun for example_task_group_decorator to 2025-04-29 00:00:00+00:00, run_after=2025-04-30 00:00:00+00:00
[2025-04-30T00:50:54.969+0000] {processor.py:208} INFO - Processing /home/airflow/.local/lib/python3.12/site-packages/airflow/example_dags/example_task_group_decorator.py took 0.145 seconds
[2025-04-30T00:51:25.269+0000] {processor.py:186} INFO - Started process (PID=2658) to work on /home/airflow/.local/lib/python3.12/site-packages/airflow/example_dags/example_task_group_decorator.py
[2025-04-30T00:51:25.270+0000] {processor.py:914} INFO - Processing file /home/airflow/.local/lib/python3.12/site-packages/airflow/example_dags/example_task_group_decorator.py for tasks to queue
[2025-04-30T00:51:25.272+0000] {logging_mixin.py:190} INFO - [2025-04-30T00:51:25.271+0000] {dagbag.py:587} INFO - Filling up the DagBag from /home/airflow/.local/lib/python3.12/site-packages/airflow/example_dags/example_task_group_decorator.py
[2025-04-30T00:51:25.294+0000] {processor.py:925} INFO - DAG(s) 'example_task_group_decorator' retrieved from /home/airflow/.local/lib/python3.12/site-packages/airflow/example_dags/example_task_group_decorator.py
[2025-04-30T00:51:25.332+0000] {logging_mixin.py:190} INFO - [2025-04-30T00:51:25.331+0000] {dag.py:3211} INFO - Sync 1 DAGs
[2025-04-30T00:51:25.363+0000] {logging_mixin.py:190} INFO - [2025-04-30T00:51:25.362+0000] {dag.py:4138} INFO - Setting next_dagrun for example_task_group_decorator to 2025-04-29 00:00:00+00:00, run_after=2025-04-30 00:00:00+00:00
[2025-04-30T00:51:25.391+0000] {processor.py:208} INFO - Processing /home/airflow/.local/lib/python3.12/site-packages/airflow/example_dags/example_task_group_decorator.py took 0.129 seconds
[2025-04-30T00:59:34.966+0000] {processor.py:186} INFO - Started process (PID=2746) to work on /home/airflow/.local/lib/python3.12/site-packages/airflow/example_dags/example_task_group_decorator.py
[2025-04-30T00:59:34.968+0000] {processor.py:914} INFO - Processing file /home/airflow/.local/lib/python3.12/site-packages/airflow/example_dags/example_task_group_decorator.py for tasks to queue
[2025-04-30T00:59:34.971+0000] {logging_mixin.py:190} INFO - [2025-04-30T00:59:34.970+0000] {dagbag.py:587} INFO - Filling up the DagBag from /home/airflow/.local/lib/python3.12/site-packages/airflow/example_dags/example_task_group_decorator.py
[2025-04-30T00:59:35.020+0000] {processor.py:925} INFO - DAG(s) 'example_task_group_decorator' retrieved from /home/airflow/.local/lib/python3.12/site-packages/airflow/example_dags/example_task_group_decorator.py
[2025-04-30T00:59:35.077+0000] {logging_mixin.py:190} INFO - [2025-04-30T00:59:35.076+0000] {dag.py:3211} INFO - Sync 1 DAGs
[2025-04-30T00:59:35.123+0000] {logging_mixin.py:190} INFO - [2025-04-30T00:59:35.122+0000] {dag.py:4138} INFO - Setting next_dagrun for example_task_group_decorator to 2025-04-29 00:00:00+00:00, run_after=2025-04-30 00:00:00+00:00
[2025-04-30T00:59:35.156+0000] {processor.py:208} INFO - Processing /home/airflow/.local/lib/python3.12/site-packages/airflow/example_dags/example_task_group_decorator.py took 0.205 seconds
[2025-04-30T01:00:05.441+0000] {processor.py:186} INFO - Started process (PID=2808) to work on /home/airflow/.local/lib/python3.12/site-packages/airflow/example_dags/example_task_group_decorator.py
[2025-04-30T01:00:05.443+0000] {processor.py:914} INFO - Processing file /home/airflow/.local/lib/python3.12/site-packages/airflow/example_dags/example_task_group_decorator.py for tasks to queue
[2025-04-30T01:00:05.445+0000] {logging_mixin.py:190} INFO - [2025-04-30T01:00:05.444+0000] {dagbag.py:587} INFO - Filling up the DagBag from /home/airflow/.local/lib/python3.12/site-packages/airflow/example_dags/example_task_group_decorator.py
[2025-04-30T01:00:05.475+0000] {processor.py:925} INFO - DAG(s) 'example_task_group_decorator' retrieved from /home/airflow/.local/lib/python3.12/site-packages/airflow/example_dags/example_task_group_decorator.py
[2025-04-30T01:00:05.519+0000] {logging_mixin.py:190} INFO - [2025-04-30T01:00:05.518+0000] {dag.py:3211} INFO - Sync 1 DAGs
[2025-04-30T01:00:05.552+0000] {logging_mixin.py:190} INFO - [2025-04-30T01:00:05.551+0000] {dag.py:4138} INFO - Setting next_dagrun for example_task_group_decorator to 2025-04-29 00:00:00+00:00, run_after=2025-04-30 00:00:00+00:00
[2025-04-30T01:00:05.578+0000] {processor.py:208} INFO - Processing /home/airflow/.local/lib/python3.12/site-packages/airflow/example_dags/example_task_group_decorator.py took 0.147 seconds
[2025-04-30T01:00:35.999+0000] {processor.py:186} INFO - Started process (PID=2877) to work on /home/airflow/.local/lib/python3.12/site-packages/airflow/example_dags/example_task_group_decorator.py
[2025-04-30T01:00:36.000+0000] {processor.py:914} INFO - Processing file /home/airflow/.local/lib/python3.12/site-packages/airflow/example_dags/example_task_group_decorator.py for tasks to queue
[2025-04-30T01:00:36.002+0000] {logging_mixin.py:190} INFO - [2025-04-30T01:00:36.002+0000] {dagbag.py:587} INFO - Filling up the DagBag from /home/airflow/.local/lib/python3.12/site-packages/airflow/example_dags/example_task_group_decorator.py
[2025-04-30T01:00:36.021+0000] {processor.py:925} INFO - DAG(s) 'example_task_group_decorator' retrieved from /home/airflow/.local/lib/python3.12/site-packages/airflow/example_dags/example_task_group_decorator.py
[2025-04-30T01:00:36.048+0000] {logging_mixin.py:190} INFO - [2025-04-30T01:00:36.048+0000] {dag.py:3211} INFO - Sync 1 DAGs
[2025-04-30T01:00:36.074+0000] {logging_mixin.py:190} INFO - [2025-04-30T01:00:36.074+0000] {dag.py:4138} INFO - Setting next_dagrun for example_task_group_decorator to 2025-04-29 00:00:00+00:00, run_after=2025-04-30 00:00:00+00:00
[2025-04-30T01:00:36.092+0000] {processor.py:208} INFO - Processing /home/airflow/.local/lib/python3.12/site-packages/airflow/example_dags/example_task_group_decorator.py took 0.100 seconds
[2025-04-30T01:01:06.611+0000] {processor.py:186} INFO - Started process (PID=2941) to work on /home/airflow/.local/lib/python3.12/site-packages/airflow/example_dags/example_task_group_decorator.py
[2025-04-30T01:01:06.612+0000] {processor.py:914} INFO - Processing file /home/airflow/.local/lib/python3.12/site-packages/airflow/example_dags/example_task_group_decorator.py for tasks to queue
[2025-04-30T01:01:06.614+0000] {logging_mixin.py:190} INFO - [2025-04-30T01:01:06.614+0000] {dagbag.py:587} INFO - Filling up the DagBag from /home/airflow/.local/lib/python3.12/site-packages/airflow/example_dags/example_task_group_decorator.py
[2025-04-30T01:01:06.633+0000] {processor.py:925} INFO - DAG(s) 'example_task_group_decorator' retrieved from /home/airflow/.local/lib/python3.12/site-packages/airflow/example_dags/example_task_group_decorator.py
[2025-04-30T01:01:06.663+0000] {logging_mixin.py:190} INFO - [2025-04-30T01:01:06.663+0000] {dag.py:3211} INFO - Sync 1 DAGs
[2025-04-30T01:01:06.688+0000] {logging_mixin.py:190} INFO - [2025-04-30T01:01:06.688+0000] {dag.py:4138} INFO - Setting next_dagrun for example_task_group_decorator to 2025-04-29 00:00:00+00:00, run_after=2025-04-30 00:00:00+00:00
[2025-04-30T01:01:06.710+0000] {processor.py:208} INFO - Processing /home/airflow/.local/lib/python3.12/site-packages/airflow/example_dags/example_task_group_decorator.py took 0.105 seconds
[2025-04-30T01:01:38.400+0000] {processor.py:186} INFO - Started process (PID=3005) to work on /home/airflow/.local/lib/python3.12/site-packages/airflow/example_dags/example_task_group_decorator.py
[2025-04-30T01:01:38.401+0000] {processor.py:914} INFO - Processing file /home/airflow/.local/lib/python3.12/site-packages/airflow/example_dags/example_task_group_decorator.py for tasks to queue
[2025-04-30T01:01:38.402+0000] {logging_mixin.py:190} INFO - [2025-04-30T01:01:38.402+0000] {dagbag.py:587} INFO - Filling up the DagBag from /home/airflow/.local/lib/python3.12/site-packages/airflow/example_dags/example_task_group_decorator.py
[2025-04-30T01:01:38.423+0000] {processor.py:925} INFO - DAG(s) 'example_task_group_decorator' retrieved from /home/airflow/.local/lib/python3.12/site-packages/airflow/example_dags/example_task_group_decorator.py
[2025-04-30T01:01:38.454+0000] {logging_mixin.py:190} INFO - [2025-04-30T01:01:38.453+0000] {dag.py:3211} INFO - Sync 1 DAGs
[2025-04-30T01:01:38.481+0000] {logging_mixin.py:190} INFO - [2025-04-30T01:01:38.481+0000] {dag.py:4138} INFO - Setting next_dagrun for example_task_group_decorator to 2025-04-29 00:00:00+00:00, run_after=2025-04-30 00:00:00+00:00
[2025-04-30T01:01:38.506+0000] {processor.py:208} INFO - Processing /home/airflow/.local/lib/python3.12/site-packages/airflow/example_dags/example_task_group_decorator.py took 0.113 seconds
[2025-04-30T01:02:08.935+0000] {processor.py:186} INFO - Started process (PID=3068) to work on /home/airflow/.local/lib/python3.12/site-packages/airflow/example_dags/example_task_group_decorator.py
[2025-04-30T01:02:08.937+0000] {processor.py:914} INFO - Processing file /home/airflow/.local/lib/python3.12/site-packages/airflow/example_dags/example_task_group_decorator.py for tasks to queue
[2025-04-30T01:02:08.938+0000] {logging_mixin.py:190} INFO - [2025-04-30T01:02:08.938+0000] {dagbag.py:587} INFO - Filling up the DagBag from /home/airflow/.local/lib/python3.12/site-packages/airflow/example_dags/example_task_group_decorator.py
[2025-04-30T01:02:08.958+0000] {processor.py:925} INFO - DAG(s) 'example_task_group_decorator' retrieved from /home/airflow/.local/lib/python3.12/site-packages/airflow/example_dags/example_task_group_decorator.py
[2025-04-30T01:02:08.992+0000] {logging_mixin.py:190} INFO - [2025-04-30T01:02:08.992+0000] {dag.py:3211} INFO - Sync 1 DAGs
[2025-04-30T01:02:09.019+0000] {logging_mixin.py:190} INFO - [2025-04-30T01:02:09.019+0000] {dag.py:4138} INFO - Setting next_dagrun for example_task_group_decorator to 2025-04-29 00:00:00+00:00, run_after=2025-04-30 00:00:00+00:00
[2025-04-30T01:02:09.214+0000] {processor.py:208} INFO - Processing /home/airflow/.local/lib/python3.12/site-packages/airflow/example_dags/example_task_group_decorator.py took 0.285 seconds
[2025-04-30T01:02:40.155+0000] {processor.py:186} INFO - Started process (PID=3131) to work on /home/airflow/.local/lib/python3.12/site-packages/airflow/example_dags/example_task_group_decorator.py
[2025-04-30T01:02:40.157+0000] {processor.py:914} INFO - Processing file /home/airflow/.local/lib/python3.12/site-packages/airflow/example_dags/example_task_group_decorator.py for tasks to queue
[2025-04-30T01:02:40.159+0000] {logging_mixin.py:190} INFO - [2025-04-30T01:02:40.158+0000] {dagbag.py:587} INFO - Filling up the DagBag from /home/airflow/.local/lib/python3.12/site-packages/airflow/example_dags/example_task_group_decorator.py
[2025-04-30T01:02:40.177+0000] {processor.py:925} INFO - DAG(s) 'example_task_group_decorator' retrieved from /home/airflow/.local/lib/python3.12/site-packages/airflow/example_dags/example_task_group_decorator.py
[2025-04-30T01:02:40.208+0000] {logging_mixin.py:190} INFO - [2025-04-30T01:02:40.207+0000] {dag.py:3211} INFO - Sync 1 DAGs
[2025-04-30T01:02:40.233+0000] {logging_mixin.py:190} INFO - [2025-04-30T01:02:40.233+0000] {dag.py:4138} INFO - Setting next_dagrun for example_task_group_decorator to 2025-04-29 00:00:00+00:00, run_after=2025-04-30 00:00:00+00:00
[2025-04-30T01:02:40.255+0000] {processor.py:208} INFO - Processing /home/airflow/.local/lib/python3.12/site-packages/airflow/example_dags/example_task_group_decorator.py took 0.106 seconds
[2025-04-30T01:03:11.411+0000] {processor.py:186} INFO - Started process (PID=3195) to work on /home/airflow/.local/lib/python3.12/site-packages/airflow/example_dags/example_task_group_decorator.py
[2025-04-30T01:03:11.412+0000] {processor.py:914} INFO - Processing file /home/airflow/.local/lib/python3.12/site-packages/airflow/example_dags/example_task_group_decorator.py for tasks to queue
[2025-04-30T01:03:11.415+0000] {logging_mixin.py:190} INFO - [2025-04-30T01:03:11.415+0000] {dagbag.py:587} INFO - Filling up the DagBag from /home/airflow/.local/lib/python3.12/site-packages/airflow/example_dags/example_task_group_decorator.py
[2025-04-30T01:03:11.433+0000] {processor.py:925} INFO - DAG(s) 'example_task_group_decorator' retrieved from /home/airflow/.local/lib/python3.12/site-packages/airflow/example_dags/example_task_group_decorator.py
[2025-04-30T01:03:11.460+0000] {logging_mixin.py:190} INFO - [2025-04-30T01:03:11.460+0000] {dag.py:3211} INFO - Sync 1 DAGs
[2025-04-30T01:03:11.488+0000] {logging_mixin.py:190} INFO - [2025-04-30T01:03:11.488+0000] {dag.py:4138} INFO - Setting next_dagrun for example_task_group_decorator to 2025-04-29 00:00:00+00:00, run_after=2025-04-30 00:00:00+00:00
[2025-04-30T01:03:11.510+0000] {processor.py:208} INFO - Processing /home/airflow/.local/lib/python3.12/site-packages/airflow/example_dags/example_task_group_decorator.py took 0.106 seconds
[2025-04-30T01:03:43.849+0000] {processor.py:186} INFO - Started process (PID=3258) to work on /home/airflow/.local/lib/python3.12/site-packages/airflow/example_dags/example_task_group_decorator.py
[2025-04-30T01:03:43.850+0000] {processor.py:914} INFO - Processing file /home/airflow/.local/lib/python3.12/site-packages/airflow/example_dags/example_task_group_decorator.py for tasks to queue
[2025-04-30T01:03:43.852+0000] {logging_mixin.py:190} INFO - [2025-04-30T01:03:43.852+0000] {dagbag.py:587} INFO - Filling up the DagBag from /home/airflow/.local/lib/python3.12/site-packages/airflow/example_dags/example_task_group_decorator.py
[2025-04-30T01:03:43.878+0000] {processor.py:925} INFO - DAG(s) 'example_task_group_decorator' retrieved from /home/airflow/.local/lib/python3.12/site-packages/airflow/example_dags/example_task_group_decorator.py
[2025-04-30T01:03:43.917+0000] {logging_mixin.py:190} INFO - [2025-04-30T01:03:43.917+0000] {dag.py:3211} INFO - Sync 1 DAGs
[2025-04-30T01:03:43.945+0000] {logging_mixin.py:190} INFO - [2025-04-30T01:03:43.945+0000] {dag.py:4138} INFO - Setting next_dagrun for example_task_group_decorator to 2025-04-29 00:00:00+00:00, run_after=2025-04-30 00:00:00+00:00
[2025-04-30T01:03:43.967+0000] {processor.py:208} INFO - Processing /home/airflow/.local/lib/python3.12/site-packages/airflow/example_dags/example_task_group_decorator.py took 0.127 seconds
[2025-04-30T01:04:15.293+0000] {processor.py:186} INFO - Started process (PID=3321) to work on /home/airflow/.local/lib/python3.12/site-packages/airflow/example_dags/example_task_group_decorator.py
[2025-04-30T01:04:15.294+0000] {processor.py:914} INFO - Processing file /home/airflow/.local/lib/python3.12/site-packages/airflow/example_dags/example_task_group_decorator.py for tasks to queue
[2025-04-30T01:04:15.296+0000] {logging_mixin.py:190} INFO - [2025-04-30T01:04:15.295+0000] {dagbag.py:587} INFO - Filling up the DagBag from /home/airflow/.local/lib/python3.12/site-packages/airflow/example_dags/example_task_group_decorator.py
[2025-04-30T01:04:15.316+0000] {processor.py:925} INFO - DAG(s) 'example_task_group_decorator' retrieved from /home/airflow/.local/lib/python3.12/site-packages/airflow/example_dags/example_task_group_decorator.py
[2025-04-30T01:04:15.344+0000] {logging_mixin.py:190} INFO - [2025-04-30T01:04:15.344+0000] {dag.py:3211} INFO - Sync 1 DAGs
[2025-04-30T01:04:15.367+0000] {logging_mixin.py:190} INFO - [2025-04-30T01:04:15.367+0000] {dag.py:4138} INFO - Setting next_dagrun for example_task_group_decorator to 2025-04-29 00:00:00+00:00, run_after=2025-04-30 00:00:00+00:00
[2025-04-30T01:04:15.388+0000] {processor.py:208} INFO - Processing /home/airflow/.local/lib/python3.12/site-packages/airflow/example_dags/example_task_group_decorator.py took 0.103 seconds
[2025-04-30T01:04:46.343+0000] {processor.py:186} INFO - Started process (PID=3384) to work on /home/airflow/.local/lib/python3.12/site-packages/airflow/example_dags/example_task_group_decorator.py
[2025-04-30T01:04:46.344+0000] {processor.py:914} INFO - Processing file /home/airflow/.local/lib/python3.12/site-packages/airflow/example_dags/example_task_group_decorator.py for tasks to queue
[2025-04-30T01:04:46.346+0000] {logging_mixin.py:190} INFO - [2025-04-30T01:04:46.345+0000] {dagbag.py:587} INFO - Filling up the DagBag from /home/airflow/.local/lib/python3.12/site-packages/airflow/example_dags/example_task_group_decorator.py
[2025-04-30T01:04:46.378+0000] {processor.py:925} INFO - DAG(s) 'example_task_group_decorator' retrieved from /home/airflow/.local/lib/python3.12/site-packages/airflow/example_dags/example_task_group_decorator.py
[2025-04-30T01:04:46.420+0000] {logging_mixin.py:190} INFO - [2025-04-30T01:04:46.420+0000] {dag.py:3211} INFO - Sync 1 DAGs
[2025-04-30T01:04:46.447+0000] {logging_mixin.py:190} INFO - [2025-04-30T01:04:46.446+0000] {dag.py:4138} INFO - Setting next_dagrun for example_task_group_decorator to 2025-04-29 00:00:00+00:00, run_after=2025-04-30 00:00:00+00:00
[2025-04-30T01:04:46.469+0000] {processor.py:208} INFO - Processing /home/airflow/.local/lib/python3.12/site-packages/airflow/example_dags/example_task_group_decorator.py took 0.137 seconds
[2025-04-30T01:05:16.999+0000] {processor.py:186} INFO - Started process (PID=3447) to work on /home/airflow/.local/lib/python3.12/site-packages/airflow/example_dags/example_task_group_decorator.py
[2025-04-30T01:05:17.000+0000] {processor.py:914} INFO - Processing file /home/airflow/.local/lib/python3.12/site-packages/airflow/example_dags/example_task_group_decorator.py for tasks to queue
[2025-04-30T01:05:17.002+0000] {logging_mixin.py:190} INFO - [2025-04-30T01:05:17.002+0000] {dagbag.py:587} INFO - Filling up the DagBag from /home/airflow/.local/lib/python3.12/site-packages/airflow/example_dags/example_task_group_decorator.py
[2025-04-30T01:05:17.020+0000] {processor.py:925} INFO - DAG(s) 'example_task_group_decorator' retrieved from /home/airflow/.local/lib/python3.12/site-packages/airflow/example_dags/example_task_group_decorator.py
[2025-04-30T01:05:17.049+0000] {logging_mixin.py:190} INFO - [2025-04-30T01:05:17.048+0000] {dag.py:3211} INFO - Sync 1 DAGs
[2025-04-30T01:05:17.073+0000] {logging_mixin.py:190} INFO - [2025-04-30T01:05:17.073+0000] {dag.py:4138} INFO - Setting next_dagrun for example_task_group_decorator to 2025-04-29 00:00:00+00:00, run_after=2025-04-30 00:00:00+00:00
[2025-04-30T01:05:17.094+0000] {processor.py:208} INFO - Processing /home/airflow/.local/lib/python3.12/site-packages/airflow/example_dags/example_task_group_decorator.py took 0.103 seconds
[2025-04-30T01:05:47.663+0000] {processor.py:186} INFO - Started process (PID=3510) to work on /home/airflow/.local/lib/python3.12/site-packages/airflow/example_dags/example_task_group_decorator.py
[2025-04-30T01:05:47.664+0000] {processor.py:914} INFO - Processing file /home/airflow/.local/lib/python3.12/site-packages/airflow/example_dags/example_task_group_decorator.py for tasks to queue
[2025-04-30T01:05:47.665+0000] {logging_mixin.py:190} INFO - [2025-04-30T01:05:47.665+0000] {dagbag.py:587} INFO - Filling up the DagBag from /home/airflow/.local/lib/python3.12/site-packages/airflow/example_dags/example_task_group_decorator.py
[2025-04-30T01:05:47.685+0000] {processor.py:925} INFO - DAG(s) 'example_task_group_decorator' retrieved from /home/airflow/.local/lib/python3.12/site-packages/airflow/example_dags/example_task_group_decorator.py
[2025-04-30T01:05:47.720+0000] {logging_mixin.py:190} INFO - [2025-04-30T01:05:47.719+0000] {dag.py:3211} INFO - Sync 1 DAGs
[2025-04-30T01:05:47.748+0000] {logging_mixin.py:190} INFO - [2025-04-30T01:05:47.748+0000] {dag.py:4138} INFO - Setting next_dagrun for example_task_group_decorator to 2025-04-29 00:00:00+00:00, run_after=2025-04-30 00:00:00+00:00
[2025-04-30T01:05:47.771+0000] {processor.py:208} INFO - Processing /home/airflow/.local/lib/python3.12/site-packages/airflow/example_dags/example_task_group_decorator.py took 0.115 seconds
[2025-04-30T01:06:18.672+0000] {processor.py:186} INFO - Started process (PID=3573) to work on /home/airflow/.local/lib/python3.12/site-packages/airflow/example_dags/example_task_group_decorator.py
[2025-04-30T01:06:18.673+0000] {processor.py:914} INFO - Processing file /home/airflow/.local/lib/python3.12/site-packages/airflow/example_dags/example_task_group_decorator.py for tasks to queue
[2025-04-30T01:06:18.674+0000] {logging_mixin.py:190} INFO - [2025-04-30T01:06:18.674+0000] {dagbag.py:587} INFO - Filling up the DagBag from /home/airflow/.local/lib/python3.12/site-packages/airflow/example_dags/example_task_group_decorator.py
[2025-04-30T01:06:18.694+0000] {processor.py:925} INFO - DAG(s) 'example_task_group_decorator' retrieved from /home/airflow/.local/lib/python3.12/site-packages/airflow/example_dags/example_task_group_decorator.py
[2025-04-30T01:06:18.725+0000] {logging_mixin.py:190} INFO - [2025-04-30T01:06:18.724+0000] {dag.py:3211} INFO - Sync 1 DAGs
[2025-04-30T01:06:18.750+0000] {logging_mixin.py:190} INFO - [2025-04-30T01:06:18.750+0000] {dag.py:4138} INFO - Setting next_dagrun for example_task_group_decorator to 2025-04-29 00:00:00+00:00, run_after=2025-04-30 00:00:00+00:00
[2025-04-30T01:06:18.775+0000] {processor.py:208} INFO - Processing /home/airflow/.local/lib/python3.12/site-packages/airflow/example_dags/example_task_group_decorator.py took 0.109 seconds
[2025-04-30T01:06:49.003+0000] {processor.py:186} INFO - Started process (PID=3636) to work on /home/airflow/.local/lib/python3.12/site-packages/airflow/example_dags/example_task_group_decorator.py
[2025-04-30T01:06:49.004+0000] {processor.py:914} INFO - Processing file /home/airflow/.local/lib/python3.12/site-packages/airflow/example_dags/example_task_group_decorator.py for tasks to queue
[2025-04-30T01:06:49.006+0000] {logging_mixin.py:190} INFO - [2025-04-30T01:06:49.005+0000] {dagbag.py:587} INFO - Filling up the DagBag from /home/airflow/.local/lib/python3.12/site-packages/airflow/example_dags/example_task_group_decorator.py
[2025-04-30T01:06:49.025+0000] {processor.py:925} INFO - DAG(s) 'example_task_group_decorator' retrieved from /home/airflow/.local/lib/python3.12/site-packages/airflow/example_dags/example_task_group_decorator.py
[2025-04-30T01:06:49.055+0000] {logging_mixin.py:190} INFO - [2025-04-30T01:06:49.055+0000] {dag.py:3211} INFO - Sync 1 DAGs
[2025-04-30T01:06:49.080+0000] {logging_mixin.py:190} INFO - [2025-04-30T01:06:49.080+0000] {dag.py:4138} INFO - Setting next_dagrun for example_task_group_decorator to 2025-04-29 00:00:00+00:00, run_after=2025-04-30 00:00:00+00:00
[2025-04-30T01:06:49.105+0000] {processor.py:208} INFO - Processing /home/airflow/.local/lib/python3.12/site-packages/airflow/example_dags/example_task_group_decorator.py took 0.110 seconds
[2025-04-30T01:07:19.407+0000] {processor.py:186} INFO - Started process (PID=3699) to work on /home/airflow/.local/lib/python3.12/site-packages/airflow/example_dags/example_task_group_decorator.py
[2025-04-30T01:07:19.408+0000] {processor.py:914} INFO - Processing file /home/airflow/.local/lib/python3.12/site-packages/airflow/example_dags/example_task_group_decorator.py for tasks to queue
[2025-04-30T01:07:19.409+0000] {logging_mixin.py:190} INFO - [2025-04-30T01:07:19.409+0000] {dagbag.py:587} INFO - Filling up the DagBag from /home/airflow/.local/lib/python3.12/site-packages/airflow/example_dags/example_task_group_decorator.py
[2025-04-30T01:07:19.427+0000] {processor.py:925} INFO - DAG(s) 'example_task_group_decorator' retrieved from /home/airflow/.local/lib/python3.12/site-packages/airflow/example_dags/example_task_group_decorator.py
[2025-04-30T01:07:19.453+0000] {logging_mixin.py:190} INFO - [2025-04-30T01:07:19.453+0000] {dag.py:3211} INFO - Sync 1 DAGs
[2025-04-30T01:07:19.477+0000] {logging_mixin.py:190} INFO - [2025-04-30T01:07:19.477+0000] {dag.py:4138} INFO - Setting next_dagrun for example_task_group_decorator to 2025-04-29 00:00:00+00:00, run_after=2025-04-30 00:00:00+00:00
[2025-04-30T01:07:19.497+0000] {processor.py:208} INFO - Processing /home/airflow/.local/lib/python3.12/site-packages/airflow/example_dags/example_task_group_decorator.py took 0.096 seconds
[2025-04-30T01:07:50.512+0000] {processor.py:186} INFO - Started process (PID=3762) to work on /home/airflow/.local/lib/python3.12/site-packages/airflow/example_dags/example_task_group_decorator.py
[2025-04-30T01:07:50.513+0000] {processor.py:914} INFO - Processing file /home/airflow/.local/lib/python3.12/site-packages/airflow/example_dags/example_task_group_decorator.py for tasks to queue
[2025-04-30T01:07:50.514+0000] {logging_mixin.py:190} INFO - [2025-04-30T01:07:50.514+0000] {dagbag.py:587} INFO - Filling up the DagBag from /home/airflow/.local/lib/python3.12/site-packages/airflow/example_dags/example_task_group_decorator.py
[2025-04-30T01:07:50.532+0000] {processor.py:925} INFO - DAG(s) 'example_task_group_decorator' retrieved from /home/airflow/.local/lib/python3.12/site-packages/airflow/example_dags/example_task_group_decorator.py
[2025-04-30T01:07:50.562+0000] {logging_mixin.py:190} INFO - [2025-04-30T01:07:50.562+0000] {dag.py:3211} INFO - Sync 1 DAGs
[2025-04-30T01:07:50.588+0000] {logging_mixin.py:190} INFO - [2025-04-30T01:07:50.588+0000] {dag.py:4138} INFO - Setting next_dagrun for example_task_group_decorator to 2025-04-29 00:00:00+00:00, run_after=2025-04-30 00:00:00+00:00
[2025-04-30T01:07:50.610+0000] {processor.py:208} INFO - Processing /home/airflow/.local/lib/python3.12/site-packages/airflow/example_dags/example_task_group_decorator.py took 0.105 seconds
[2025-04-30T01:08:21.084+0000] {processor.py:186} INFO - Started process (PID=3830) to work on /home/airflow/.local/lib/python3.12/site-packages/airflow/example_dags/example_task_group_decorator.py
[2025-04-30T01:08:21.085+0000] {processor.py:914} INFO - Processing file /home/airflow/.local/lib/python3.12/site-packages/airflow/example_dags/example_task_group_decorator.py for tasks to queue
[2025-04-30T01:08:21.086+0000] {logging_mixin.py:190} INFO - [2025-04-30T01:08:21.086+0000] {dagbag.py:587} INFO - Filling up the DagBag from /home/airflow/.local/lib/python3.12/site-packages/airflow/example_dags/example_task_group_decorator.py
[2025-04-30T01:08:21.106+0000] {processor.py:925} INFO - DAG(s) 'example_task_group_decorator' retrieved from /home/airflow/.local/lib/python3.12/site-packages/airflow/example_dags/example_task_group_decorator.py
[2025-04-30T01:08:21.137+0000] {logging_mixin.py:190} INFO - [2025-04-30T01:08:21.137+0000] {dag.py:3211} INFO - Sync 1 DAGs
[2025-04-30T01:08:21.164+0000] {logging_mixin.py:190} INFO - [2025-04-30T01:08:21.163+0000] {dag.py:4138} INFO - Setting next_dagrun for example_task_group_decorator to 2025-04-29 00:00:00+00:00, run_after=2025-04-30 00:00:00+00:00
[2025-04-30T01:08:21.188+0000] {processor.py:208} INFO - Processing /home/airflow/.local/lib/python3.12/site-packages/airflow/example_dags/example_task_group_decorator.py took 0.110 seconds
[2025-04-30T01:08:52.253+0000] {processor.py:186} INFO - Started process (PID=3892) to work on /home/airflow/.local/lib/python3.12/site-packages/airflow/example_dags/example_task_group_decorator.py
[2025-04-30T01:08:52.254+0000] {processor.py:914} INFO - Processing file /home/airflow/.local/lib/python3.12/site-packages/airflow/example_dags/example_task_group_decorator.py for tasks to queue
[2025-04-30T01:08:52.256+0000] {logging_mixin.py:190} INFO - [2025-04-30T01:08:52.255+0000] {dagbag.py:587} INFO - Filling up the DagBag from /home/airflow/.local/lib/python3.12/site-packages/airflow/example_dags/example_task_group_decorator.py
[2025-04-30T01:08:52.277+0000] {processor.py:925} INFO - DAG(s) 'example_task_group_decorator' retrieved from /home/airflow/.local/lib/python3.12/site-packages/airflow/example_dags/example_task_group_decorator.py
[2025-04-30T01:08:52.308+0000] {logging_mixin.py:190} INFO - [2025-04-30T01:08:52.307+0000] {dag.py:3211} INFO - Sync 1 DAGs
[2025-04-30T01:08:52.336+0000] {logging_mixin.py:190} INFO - [2025-04-30T01:08:52.335+0000] {dag.py:4138} INFO - Setting next_dagrun for example_task_group_decorator to 2025-04-29 00:00:00+00:00, run_after=2025-04-30 00:00:00+00:00
[2025-04-30T01:08:52.361+0000] {processor.py:208} INFO - Processing /home/airflow/.local/lib/python3.12/site-packages/airflow/example_dags/example_task_group_decorator.py took 0.115 seconds
[2025-04-30T01:09:23.426+0000] {processor.py:186} INFO - Started process (PID=3954) to work on /home/airflow/.local/lib/python3.12/site-packages/airflow/example_dags/example_task_group_decorator.py
[2025-04-30T01:09:23.427+0000] {processor.py:914} INFO - Processing file /home/airflow/.local/lib/python3.12/site-packages/airflow/example_dags/example_task_group_decorator.py for tasks to queue
[2025-04-30T01:09:23.429+0000] {logging_mixin.py:190} INFO - [2025-04-30T01:09:23.429+0000] {dagbag.py:587} INFO - Filling up the DagBag from /home/airflow/.local/lib/python3.12/site-packages/airflow/example_dags/example_task_group_decorator.py
[2025-04-30T01:09:23.448+0000] {processor.py:925} INFO - DAG(s) 'example_task_group_decorator' retrieved from /home/airflow/.local/lib/python3.12/site-packages/airflow/example_dags/example_task_group_decorator.py
[2025-04-30T01:09:23.485+0000] {logging_mixin.py:190} INFO - [2025-04-30T01:09:23.485+0000] {dag.py:3211} INFO - Sync 1 DAGs
[2025-04-30T01:09:23.514+0000] {logging_mixin.py:190} INFO - [2025-04-30T01:09:23.513+0000] {dag.py:4138} INFO - Setting next_dagrun for example_task_group_decorator to 2025-04-29 00:00:00+00:00, run_after=2025-04-30 00:00:00+00:00
[2025-04-30T01:09:23.538+0000] {processor.py:208} INFO - Processing /home/airflow/.local/lib/python3.12/site-packages/airflow/example_dags/example_task_group_decorator.py took 0.119 seconds
[2025-04-30T01:09:54.725+0000] {processor.py:186} INFO - Started process (PID=4016) to work on /home/airflow/.local/lib/python3.12/site-packages/airflow/example_dags/example_task_group_decorator.py
[2025-04-30T01:09:54.726+0000] {processor.py:914} INFO - Processing file /home/airflow/.local/lib/python3.12/site-packages/airflow/example_dags/example_task_group_decorator.py for tasks to queue
[2025-04-30T01:09:54.728+0000] {logging_mixin.py:190} INFO - [2025-04-30T01:09:54.728+0000] {dagbag.py:587} INFO - Filling up the DagBag from /home/airflow/.local/lib/python3.12/site-packages/airflow/example_dags/example_task_group_decorator.py
[2025-04-30T01:09:54.755+0000] {processor.py:925} INFO - DAG(s) 'example_task_group_decorator' retrieved from /home/airflow/.local/lib/python3.12/site-packages/airflow/example_dags/example_task_group_decorator.py
[2025-04-30T01:09:54.792+0000] {logging_mixin.py:190} INFO - [2025-04-30T01:09:54.792+0000] {dag.py:3211} INFO - Sync 1 DAGs
[2025-04-30T01:09:54.822+0000] {logging_mixin.py:190} INFO - [2025-04-30T01:09:54.822+0000] {dag.py:4138} INFO - Setting next_dagrun for example_task_group_decorator to 2025-04-29 00:00:00+00:00, run_after=2025-04-30 00:00:00+00:00
[2025-04-30T01:09:54.843+0000] {processor.py:208} INFO - Processing /home/airflow/.local/lib/python3.12/site-packages/airflow/example_dags/example_task_group_decorator.py took 0.126 seconds
[2025-04-30T01:10:25.550+0000] {processor.py:186} INFO - Started process (PID=4078) to work on /home/airflow/.local/lib/python3.12/site-packages/airflow/example_dags/example_task_group_decorator.py
[2025-04-30T01:10:25.552+0000] {processor.py:914} INFO - Processing file /home/airflow/.local/lib/python3.12/site-packages/airflow/example_dags/example_task_group_decorator.py for tasks to queue
[2025-04-30T01:10:25.554+0000] {logging_mixin.py:190} INFO - [2025-04-30T01:10:25.553+0000] {dagbag.py:587} INFO - Filling up the DagBag from /home/airflow/.local/lib/python3.12/site-packages/airflow/example_dags/example_task_group_decorator.py
[2025-04-30T01:10:25.577+0000] {processor.py:925} INFO - DAG(s) 'example_task_group_decorator' retrieved from /home/airflow/.local/lib/python3.12/site-packages/airflow/example_dags/example_task_group_decorator.py
[2025-04-30T01:10:25.612+0000] {logging_mixin.py:190} INFO - [2025-04-30T01:10:25.612+0000] {dag.py:3211} INFO - Sync 1 DAGs
[2025-04-30T01:10:25.644+0000] {logging_mixin.py:190} INFO - [2025-04-30T01:10:25.643+0000] {dag.py:4138} INFO - Setting next_dagrun for example_task_group_decorator to 2025-04-29 00:00:00+00:00, run_after=2025-04-30 00:00:00+00:00
[2025-04-30T01:10:25.666+0000] {processor.py:208} INFO - Processing /home/airflow/.local/lib/python3.12/site-packages/airflow/example_dags/example_task_group_decorator.py took 0.126 seconds
[2025-04-30T01:10:56.536+0000] {processor.py:186} INFO - Started process (PID=4140) to work on /home/airflow/.local/lib/python3.12/site-packages/airflow/example_dags/example_task_group_decorator.py
[2025-04-30T01:10:56.537+0000] {processor.py:914} INFO - Processing file /home/airflow/.local/lib/python3.12/site-packages/airflow/example_dags/example_task_group_decorator.py for tasks to queue
[2025-04-30T01:10:56.538+0000] {logging_mixin.py:190} INFO - [2025-04-30T01:10:56.538+0000] {dagbag.py:587} INFO - Filling up the DagBag from /home/airflow/.local/lib/python3.12/site-packages/airflow/example_dags/example_task_group_decorator.py
[2025-04-30T01:10:56.558+0000] {processor.py:925} INFO - DAG(s) 'example_task_group_decorator' retrieved from /home/airflow/.local/lib/python3.12/site-packages/airflow/example_dags/example_task_group_decorator.py
[2025-04-30T01:10:56.592+0000] {logging_mixin.py:190} INFO - [2025-04-30T01:10:56.592+0000] {dag.py:3211} INFO - Sync 1 DAGs
[2025-04-30T01:10:56.622+0000] {logging_mixin.py:190} INFO - [2025-04-30T01:10:56.621+0000] {dag.py:4138} INFO - Setting next_dagrun for example_task_group_decorator to 2025-04-29 00:00:00+00:00, run_after=2025-04-30 00:00:00+00:00
[2025-04-30T01:10:56.644+0000] {processor.py:208} INFO - Processing /home/airflow/.local/lib/python3.12/site-packages/airflow/example_dags/example_task_group_decorator.py took 0.114 seconds
[2025-04-30T01:11:27.185+0000] {processor.py:186} INFO - Started process (PID=4202) to work on /home/airflow/.local/lib/python3.12/site-packages/airflow/example_dags/example_task_group_decorator.py
[2025-04-30T01:11:27.186+0000] {processor.py:914} INFO - Processing file /home/airflow/.local/lib/python3.12/site-packages/airflow/example_dags/example_task_group_decorator.py for tasks to queue
[2025-04-30T01:11:27.187+0000] {logging_mixin.py:190} INFO - [2025-04-30T01:11:27.187+0000] {dagbag.py:587} INFO - Filling up the DagBag from /home/airflow/.local/lib/python3.12/site-packages/airflow/example_dags/example_task_group_decorator.py
[2025-04-30T01:11:27.207+0000] {processor.py:925} INFO - DAG(s) 'example_task_group_decorator' retrieved from /home/airflow/.local/lib/python3.12/site-packages/airflow/example_dags/example_task_group_decorator.py
[2025-04-30T01:11:27.234+0000] {logging_mixin.py:190} INFO - [2025-04-30T01:11:27.234+0000] {dag.py:3211} INFO - Sync 1 DAGs
[2025-04-30T01:11:27.259+0000] {logging_mixin.py:190} INFO - [2025-04-30T01:11:27.259+0000] {dag.py:4138} INFO - Setting next_dagrun for example_task_group_decorator to 2025-04-29 00:00:00+00:00, run_after=2025-04-30 00:00:00+00:00
[2025-04-30T01:11:27.279+0000] {processor.py:208} INFO - Processing /home/airflow/.local/lib/python3.12/site-packages/airflow/example_dags/example_task_group_decorator.py took 0.101 seconds
[2025-04-30T01:11:58.271+0000] {processor.py:186} INFO - Started process (PID=4264) to work on /home/airflow/.local/lib/python3.12/site-packages/airflow/example_dags/example_task_group_decorator.py
[2025-04-30T01:11:58.273+0000] {processor.py:914} INFO - Processing file /home/airflow/.local/lib/python3.12/site-packages/airflow/example_dags/example_task_group_decorator.py for tasks to queue
[2025-04-30T01:11:58.274+0000] {logging_mixin.py:190} INFO - [2025-04-30T01:11:58.274+0000] {dagbag.py:587} INFO - Filling up the DagBag from /home/airflow/.local/lib/python3.12/site-packages/airflow/example_dags/example_task_group_decorator.py
[2025-04-30T01:11:58.294+0000] {processor.py:925} INFO - DAG(s) 'example_task_group_decorator' retrieved from /home/airflow/.local/lib/python3.12/site-packages/airflow/example_dags/example_task_group_decorator.py
[2025-04-30T01:11:58.327+0000] {logging_mixin.py:190} INFO - [2025-04-30T01:11:58.326+0000] {dag.py:3211} INFO - Sync 1 DAGs
[2025-04-30T01:11:58.355+0000] {logging_mixin.py:190} INFO - [2025-04-30T01:11:58.355+0000] {dag.py:4138} INFO - Setting next_dagrun for example_task_group_decorator to 2025-04-29 00:00:00+00:00, run_after=2025-04-30 00:00:00+00:00
[2025-04-30T01:11:58.377+0000] {processor.py:208} INFO - Processing /home/airflow/.local/lib/python3.12/site-packages/airflow/example_dags/example_task_group_decorator.py took 0.112 seconds
