[2025-04-30T00:30:51.118+0000] {processor.py:186} INFO - Started process (PID=93) to work on /home/airflow/.local/lib/python3.12/site-packages/airflow/example_dags/example_display_name.py
[2025-04-30T00:30:51.121+0000] {processor.py:914} INFO - Processing file /home/airflow/.local/lib/python3.12/site-packages/airflow/example_dags/example_display_name.py for tasks to queue
[2025-04-30T00:30:51.126+0000] {logging_mixin.py:190} INFO - [2025-04-30T00:30:51.125+0000] {dagbag.py:587} INFO - Filling up the DagBag from /home/airflow/.local/lib/python3.12/site-packages/airflow/example_dags/example_display_name.py
[2025-04-30T00:30:51.153+0000] {processor.py:925} INFO - DAG(s) 'example_display_name' retrieved from /home/airflow/.local/lib/python3.12/site-packages/airflow/example_dags/example_display_name.py
[2025-04-30T00:30:51.392+0000] {logging_mixin.py:190} INFO - [2025-04-30T00:30:51.390+0000] {override.py:1858} INFO - Created Permission View: can edit on DAG:example_display_name
[2025-04-30T00:30:51.413+0000] {logging_mixin.py:190} INFO - [2025-04-30T00:30:51.413+0000] {override.py:1858} INFO - Created Permission View: can read on DAG:example_display_name
[2025-04-30T00:30:51.427+0000] {logging_mixin.py:190} INFO - [2025-04-30T00:30:51.426+0000] {override.py:1858} INFO - Created Permission View: can delete on DAG:example_display_name
[2025-04-30T00:30:51.429+0000] {logging_mixin.py:190} INFO - [2025-04-30T00:30:51.428+0000] {dag.py:3211} INFO - Sync 1 DAGs
[2025-04-30T00:30:51.455+0000] {logging_mixin.py:190} INFO - [2025-04-30T00:30:51.455+0000] {dag.py:3234} INFO - Creating ORM DAG for example_display_name
[2025-04-30T00:30:51.457+0000] {logging_mixin.py:190} INFO - [2025-04-30T00:30:51.457+0000] {dag.py:4138} INFO - Setting next_dagrun for example_display_name to None, run_after=None
[2025-04-30T00:30:51.493+0000] {processor.py:208} INFO - Processing /home/airflow/.local/lib/python3.12/site-packages/airflow/example_dags/example_display_name.py took 0.390 seconds
[2025-04-30T00:31:22.039+0000] {processor.py:186} INFO - Started process (PID=156) to work on /home/airflow/.local/lib/python3.12/site-packages/airflow/example_dags/example_display_name.py
[2025-04-30T00:31:22.041+0000] {processor.py:914} INFO - Processing file /home/airflow/.local/lib/python3.12/site-packages/airflow/example_dags/example_display_name.py for tasks to queue
[2025-04-30T00:31:22.046+0000] {logging_mixin.py:190} INFO - [2025-04-30T00:31:22.045+0000] {dagbag.py:587} INFO - Filling up the DagBag from /home/airflow/.local/lib/python3.12/site-packages/airflow/example_dags/example_display_name.py
[2025-04-30T00:31:22.062+0000] {processor.py:925} INFO - DAG(s) 'example_display_name' retrieved from /home/airflow/.local/lib/python3.12/site-packages/airflow/example_dags/example_display_name.py
[2025-04-30T00:31:22.101+0000] {logging_mixin.py:190} INFO - [2025-04-30T00:31:22.101+0000] {dag.py:3211} INFO - Sync 1 DAGs
[2025-04-30T00:31:22.133+0000] {logging_mixin.py:190} INFO - [2025-04-30T00:31:22.132+0000] {dag.py:4138} INFO - Setting next_dagrun for example_display_name to None, run_after=None
[2025-04-30T00:31:22.175+0000] {processor.py:208} INFO - Processing /home/airflow/.local/lib/python3.12/site-packages/airflow/example_dags/example_display_name.py took 0.149 seconds
[2025-04-30T00:31:52.814+0000] {processor.py:186} INFO - Started process (PID=219) to work on /home/airflow/.local/lib/python3.12/site-packages/airflow/example_dags/example_display_name.py
[2025-04-30T00:31:52.817+0000] {processor.py:914} INFO - Processing file /home/airflow/.local/lib/python3.12/site-packages/airflow/example_dags/example_display_name.py for tasks to queue
[2025-04-30T00:31:52.821+0000] {logging_mixin.py:190} INFO - [2025-04-30T00:31:52.821+0000] {dagbag.py:587} INFO - Filling up the DagBag from /home/airflow/.local/lib/python3.12/site-packages/airflow/example_dags/example_display_name.py
[2025-04-30T00:31:52.836+0000] {processor.py:925} INFO - DAG(s) 'example_display_name' retrieved from /home/airflow/.local/lib/python3.12/site-packages/airflow/example_dags/example_display_name.py
[2025-04-30T00:31:52.874+0000] {logging_mixin.py:190} INFO - [2025-04-30T00:31:52.874+0000] {dag.py:3211} INFO - Sync 1 DAGs
[2025-04-30T00:31:52.903+0000] {logging_mixin.py:190} INFO - [2025-04-30T00:31:52.903+0000] {dag.py:4138} INFO - Setting next_dagrun for example_display_name to None, run_after=None
[2025-04-30T00:31:52.940+0000] {processor.py:208} INFO - Processing /home/airflow/.local/lib/python3.12/site-packages/airflow/example_dags/example_display_name.py took 0.138 seconds
[2025-04-30T00:32:23.340+0000] {processor.py:186} INFO - Started process (PID=288) to work on /home/airflow/.local/lib/python3.12/site-packages/airflow/example_dags/example_display_name.py
[2025-04-30T00:32:23.343+0000] {processor.py:914} INFO - Processing file /home/airflow/.local/lib/python3.12/site-packages/airflow/example_dags/example_display_name.py for tasks to queue
[2025-04-30T00:32:23.349+0000] {logging_mixin.py:190} INFO - [2025-04-30T00:32:23.348+0000] {dagbag.py:587} INFO - Filling up the DagBag from /home/airflow/.local/lib/python3.12/site-packages/airflow/example_dags/example_display_name.py
[2025-04-30T00:32:23.368+0000] {processor.py:925} INFO - DAG(s) 'example_display_name' retrieved from /home/airflow/.local/lib/python3.12/site-packages/airflow/example_dags/example_display_name.py
[2025-04-30T00:32:23.407+0000] {logging_mixin.py:190} INFO - [2025-04-30T00:32:23.407+0000] {dag.py:3211} INFO - Sync 1 DAGs
[2025-04-30T00:32:23.444+0000] {logging_mixin.py:190} INFO - [2025-04-30T00:32:23.444+0000] {dag.py:4138} INFO - Setting next_dagrun for example_display_name to None, run_after=None
[2025-04-30T00:32:23.485+0000] {processor.py:208} INFO - Processing /home/airflow/.local/lib/python3.12/site-packages/airflow/example_dags/example_display_name.py took 0.158 seconds
[2025-04-30T00:32:54.646+0000] {processor.py:186} INFO - Started process (PID=351) to work on /home/airflow/.local/lib/python3.12/site-packages/airflow/example_dags/example_display_name.py
[2025-04-30T00:32:54.648+0000] {processor.py:914} INFO - Processing file /home/airflow/.local/lib/python3.12/site-packages/airflow/example_dags/example_display_name.py for tasks to queue
[2025-04-30T00:32:54.653+0000] {logging_mixin.py:190} INFO - [2025-04-30T00:32:54.652+0000] {dagbag.py:587} INFO - Filling up the DagBag from /home/airflow/.local/lib/python3.12/site-packages/airflow/example_dags/example_display_name.py
[2025-04-30T00:32:54.667+0000] {processor.py:925} INFO - DAG(s) 'example_display_name' retrieved from /home/airflow/.local/lib/python3.12/site-packages/airflow/example_dags/example_display_name.py
[2025-04-30T00:32:54.702+0000] {logging_mixin.py:190} INFO - [2025-04-30T00:32:54.701+0000] {dag.py:3211} INFO - Sync 1 DAGs
[2025-04-30T00:32:54.731+0000] {logging_mixin.py:190} INFO - [2025-04-30T00:32:54.731+0000] {dag.py:4138} INFO - Setting next_dagrun for example_display_name to None, run_after=None
[2025-04-30T00:32:54.774+0000] {processor.py:208} INFO - Processing /home/airflow/.local/lib/python3.12/site-packages/airflow/example_dags/example_display_name.py took 0.139 seconds
[2025-04-30T00:33:25.165+0000] {processor.py:186} INFO - Started process (PID=414) to work on /home/airflow/.local/lib/python3.12/site-packages/airflow/example_dags/example_display_name.py
[2025-04-30T00:33:25.168+0000] {processor.py:914} INFO - Processing file /home/airflow/.local/lib/python3.12/site-packages/airflow/example_dags/example_display_name.py for tasks to queue
[2025-04-30T00:33:25.173+0000] {logging_mixin.py:190} INFO - [2025-04-30T00:33:25.172+0000] {dagbag.py:587} INFO - Filling up the DagBag from /home/airflow/.local/lib/python3.12/site-packages/airflow/example_dags/example_display_name.py
[2025-04-30T00:33:25.191+0000] {processor.py:925} INFO - DAG(s) 'example_display_name' retrieved from /home/airflow/.local/lib/python3.12/site-packages/airflow/example_dags/example_display_name.py
[2025-04-30T00:33:25.235+0000] {logging_mixin.py:190} INFO - [2025-04-30T00:33:25.234+0000] {dag.py:3211} INFO - Sync 1 DAGs
[2025-04-30T00:33:25.269+0000] {logging_mixin.py:190} INFO - [2025-04-30T00:33:25.268+0000] {dag.py:4138} INFO - Setting next_dagrun for example_display_name to None, run_after=None
[2025-04-30T00:33:25.318+0000] {processor.py:208} INFO - Processing /home/airflow/.local/lib/python3.12/site-packages/airflow/example_dags/example_display_name.py took 0.168 seconds
[2025-04-30T00:33:55.785+0000] {processor.py:186} INFO - Started process (PID=478) to work on /home/airflow/.local/lib/python3.12/site-packages/airflow/example_dags/example_display_name.py
[2025-04-30T00:33:55.787+0000] {processor.py:914} INFO - Processing file /home/airflow/.local/lib/python3.12/site-packages/airflow/example_dags/example_display_name.py for tasks to queue
[2025-04-30T00:33:55.793+0000] {logging_mixin.py:190} INFO - [2025-04-30T00:33:55.792+0000] {dagbag.py:587} INFO - Filling up the DagBag from /home/airflow/.local/lib/python3.12/site-packages/airflow/example_dags/example_display_name.py
[2025-04-30T00:33:55.807+0000] {processor.py:925} INFO - DAG(s) 'example_display_name' retrieved from /home/airflow/.local/lib/python3.12/site-packages/airflow/example_dags/example_display_name.py
[2025-04-30T00:33:55.847+0000] {logging_mixin.py:190} INFO - [2025-04-30T00:33:55.846+0000] {dag.py:3211} INFO - Sync 1 DAGs
[2025-04-30T00:33:55.882+0000] {logging_mixin.py:190} INFO - [2025-04-30T00:33:55.881+0000] {dag.py:4138} INFO - Setting next_dagrun for example_display_name to None, run_after=None
[2025-04-30T00:33:55.919+0000] {processor.py:208} INFO - Processing /home/airflow/.local/lib/python3.12/site-packages/airflow/example_dags/example_display_name.py took 0.144 seconds
[2025-04-30T00:34:26.616+0000] {processor.py:186} INFO - Started process (PID=541) to work on /home/airflow/.local/lib/python3.12/site-packages/airflow/example_dags/example_display_name.py
[2025-04-30T00:34:26.619+0000] {processor.py:914} INFO - Processing file /home/airflow/.local/lib/python3.12/site-packages/airflow/example_dags/example_display_name.py for tasks to queue
[2025-04-30T00:34:26.626+0000] {logging_mixin.py:190} INFO - [2025-04-30T00:34:26.625+0000] {dagbag.py:587} INFO - Filling up the DagBag from /home/airflow/.local/lib/python3.12/site-packages/airflow/example_dags/example_display_name.py
[2025-04-30T00:34:26.653+0000] {processor.py:925} INFO - DAG(s) 'example_display_name' retrieved from /home/airflow/.local/lib/python3.12/site-packages/airflow/example_dags/example_display_name.py
[2025-04-30T00:34:26.698+0000] {logging_mixin.py:190} INFO - [2025-04-30T00:34:26.697+0000] {dag.py:3211} INFO - Sync 1 DAGs
[2025-04-30T00:34:26.742+0000] {logging_mixin.py:190} INFO - [2025-04-30T00:34:26.742+0000] {dag.py:4138} INFO - Setting next_dagrun for example_display_name to None, run_after=None
[2025-04-30T00:34:26.787+0000] {processor.py:208} INFO - Processing /home/airflow/.local/lib/python3.12/site-packages/airflow/example_dags/example_display_name.py took 0.190 seconds
[2025-04-30T00:34:57.049+0000] {processor.py:186} INFO - Started process (PID=603) to work on /home/airflow/.local/lib/python3.12/site-packages/airflow/example_dags/example_display_name.py
[2025-04-30T00:34:57.052+0000] {processor.py:914} INFO - Processing file /home/airflow/.local/lib/python3.12/site-packages/airflow/example_dags/example_display_name.py for tasks to queue
[2025-04-30T00:34:57.059+0000] {logging_mixin.py:190} INFO - [2025-04-30T00:34:57.058+0000] {dagbag.py:587} INFO - Filling up the DagBag from /home/airflow/.local/lib/python3.12/site-packages/airflow/example_dags/example_display_name.py
[2025-04-30T00:34:57.076+0000] {processor.py:925} INFO - DAG(s) 'example_display_name' retrieved from /home/airflow/.local/lib/python3.12/site-packages/airflow/example_dags/example_display_name.py
[2025-04-30T00:34:57.121+0000] {logging_mixin.py:190} INFO - [2025-04-30T00:34:57.120+0000] {dag.py:3211} INFO - Sync 1 DAGs
[2025-04-30T00:34:57.161+0000] {logging_mixin.py:190} INFO - [2025-04-30T00:34:57.160+0000] {dag.py:4138} INFO - Setting next_dagrun for example_display_name to None, run_after=None
[2025-04-30T00:34:57.222+0000] {processor.py:208} INFO - Processing /home/airflow/.local/lib/python3.12/site-packages/airflow/example_dags/example_display_name.py took 0.186 seconds
[2025-04-30T00:35:27.710+0000] {processor.py:186} INFO - Started process (PID=666) to work on /home/airflow/.local/lib/python3.12/site-packages/airflow/example_dags/example_display_name.py
[2025-04-30T00:35:27.712+0000] {processor.py:914} INFO - Processing file /home/airflow/.local/lib/python3.12/site-packages/airflow/example_dags/example_display_name.py for tasks to queue
[2025-04-30T00:35:27.716+0000] {logging_mixin.py:190} INFO - [2025-04-30T00:35:27.715+0000] {dagbag.py:587} INFO - Filling up the DagBag from /home/airflow/.local/lib/python3.12/site-packages/airflow/example_dags/example_display_name.py
[2025-04-30T00:35:27.729+0000] {processor.py:925} INFO - DAG(s) 'example_display_name' retrieved from /home/airflow/.local/lib/python3.12/site-packages/airflow/example_dags/example_display_name.py
[2025-04-30T00:35:27.767+0000] {logging_mixin.py:190} INFO - [2025-04-30T00:35:27.766+0000] {dag.py:3211} INFO - Sync 1 DAGs
[2025-04-30T00:35:27.796+0000] {logging_mixin.py:190} INFO - [2025-04-30T00:35:27.796+0000] {dag.py:4138} INFO - Setting next_dagrun for example_display_name to None, run_after=None
[2025-04-30T00:35:27.843+0000] {processor.py:208} INFO - Processing /home/airflow/.local/lib/python3.12/site-packages/airflow/example_dags/example_display_name.py took 0.143 seconds
[2025-04-30T00:35:58.534+0000] {processor.py:186} INFO - Started process (PID=729) to work on /home/airflow/.local/lib/python3.12/site-packages/airflow/example_dags/example_display_name.py
[2025-04-30T00:35:58.536+0000] {processor.py:914} INFO - Processing file /home/airflow/.local/lib/python3.12/site-packages/airflow/example_dags/example_display_name.py for tasks to queue
[2025-04-30T00:35:58.542+0000] {logging_mixin.py:190} INFO - [2025-04-30T00:35:58.541+0000] {dagbag.py:587} INFO - Filling up the DagBag from /home/airflow/.local/lib/python3.12/site-packages/airflow/example_dags/example_display_name.py
[2025-04-30T00:35:58.557+0000] {processor.py:925} INFO - DAG(s) 'example_display_name' retrieved from /home/airflow/.local/lib/python3.12/site-packages/airflow/example_dags/example_display_name.py
[2025-04-30T00:35:58.595+0000] {logging_mixin.py:190} INFO - [2025-04-30T00:35:58.595+0000] {dag.py:3211} INFO - Sync 1 DAGs
[2025-04-30T00:35:58.629+0000] {logging_mixin.py:190} INFO - [2025-04-30T00:35:58.629+0000] {dag.py:4138} INFO - Setting next_dagrun for example_display_name to None, run_after=None
[2025-04-30T00:35:58.675+0000] {processor.py:208} INFO - Processing /home/airflow/.local/lib/python3.12/site-packages/airflow/example_dags/example_display_name.py took 0.153 seconds
[2025-04-30T00:36:28.994+0000] {processor.py:186} INFO - Started process (PID=792) to work on /home/airflow/.local/lib/python3.12/site-packages/airflow/example_dags/example_display_name.py
[2025-04-30T00:36:28.997+0000] {processor.py:914} INFO - Processing file /home/airflow/.local/lib/python3.12/site-packages/airflow/example_dags/example_display_name.py for tasks to queue
[2025-04-30T00:36:29.005+0000] {logging_mixin.py:190} INFO - [2025-04-30T00:36:29.004+0000] {dagbag.py:587} INFO - Filling up the DagBag from /home/airflow/.local/lib/python3.12/site-packages/airflow/example_dags/example_display_name.py
[2025-04-30T00:36:29.030+0000] {processor.py:925} INFO - DAG(s) 'example_display_name' retrieved from /home/airflow/.local/lib/python3.12/site-packages/airflow/example_dags/example_display_name.py
[2025-04-30T00:36:29.087+0000] {logging_mixin.py:190} INFO - [2025-04-30T00:36:29.086+0000] {dag.py:3211} INFO - Sync 1 DAGs
[2025-04-30T00:36:29.125+0000] {logging_mixin.py:190} INFO - [2025-04-30T00:36:29.125+0000] {dag.py:4138} INFO - Setting next_dagrun for example_display_name to None, run_after=None
[2025-04-30T00:36:29.173+0000] {processor.py:208} INFO - Processing /home/airflow/.local/lib/python3.12/site-packages/airflow/example_dags/example_display_name.py took 0.193 seconds
[2025-04-30T00:36:59.696+0000] {processor.py:186} INFO - Started process (PID=855) to work on /home/airflow/.local/lib/python3.12/site-packages/airflow/example_dags/example_display_name.py
[2025-04-30T00:36:59.699+0000] {processor.py:914} INFO - Processing file /home/airflow/.local/lib/python3.12/site-packages/airflow/example_dags/example_display_name.py for tasks to queue
[2025-04-30T00:36:59.706+0000] {logging_mixin.py:190} INFO - [2025-04-30T00:36:59.705+0000] {dagbag.py:587} INFO - Filling up the DagBag from /home/airflow/.local/lib/python3.12/site-packages/airflow/example_dags/example_display_name.py
[2025-04-30T00:36:59.723+0000] {processor.py:925} INFO - DAG(s) 'example_display_name' retrieved from /home/airflow/.local/lib/python3.12/site-packages/airflow/example_dags/example_display_name.py
[2025-04-30T00:36:59.771+0000] {logging_mixin.py:190} INFO - [2025-04-30T00:36:59.771+0000] {dag.py:3211} INFO - Sync 1 DAGs
[2025-04-30T00:36:59.806+0000] {logging_mixin.py:190} INFO - [2025-04-30T00:36:59.806+0000] {dag.py:4138} INFO - Setting next_dagrun for example_display_name to None, run_after=None
[2025-04-30T00:36:59.851+0000] {processor.py:208} INFO - Processing /home/airflow/.local/lib/python3.12/site-packages/airflow/example_dags/example_display_name.py took 0.171 seconds
[2025-04-30T00:37:30.540+0000] {processor.py:186} INFO - Started process (PID=918) to work on /home/airflow/.local/lib/python3.12/site-packages/airflow/example_dags/example_display_name.py
[2025-04-30T00:37:30.542+0000] {processor.py:914} INFO - Processing file /home/airflow/.local/lib/python3.12/site-packages/airflow/example_dags/example_display_name.py for tasks to queue
[2025-04-30T00:37:30.549+0000] {logging_mixin.py:190} INFO - [2025-04-30T00:37:30.548+0000] {dagbag.py:587} INFO - Filling up the DagBag from /home/airflow/.local/lib/python3.12/site-packages/airflow/example_dags/example_display_name.py
[2025-04-30T00:37:30.568+0000] {processor.py:925} INFO - DAG(s) 'example_display_name' retrieved from /home/airflow/.local/lib/python3.12/site-packages/airflow/example_dags/example_display_name.py
[2025-04-30T00:37:30.614+0000] {logging_mixin.py:190} INFO - [2025-04-30T00:37:30.613+0000] {dag.py:3211} INFO - Sync 1 DAGs
[2025-04-30T00:37:30.661+0000] {logging_mixin.py:190} INFO - [2025-04-30T00:37:30.661+0000] {dag.py:4138} INFO - Setting next_dagrun for example_display_name to None, run_after=None
[2025-04-30T00:37:30.706+0000] {processor.py:208} INFO - Processing /home/airflow/.local/lib/python3.12/site-packages/airflow/example_dags/example_display_name.py took 0.180 seconds
[2025-04-30T00:38:01.149+0000] {processor.py:186} INFO - Started process (PID=981) to work on /home/airflow/.local/lib/python3.12/site-packages/airflow/example_dags/example_display_name.py
[2025-04-30T00:38:01.151+0000] {processor.py:914} INFO - Processing file /home/airflow/.local/lib/python3.12/site-packages/airflow/example_dags/example_display_name.py for tasks to queue
[2025-04-30T00:38:01.157+0000] {logging_mixin.py:190} INFO - [2025-04-30T00:38:01.156+0000] {dagbag.py:587} INFO - Filling up the DagBag from /home/airflow/.local/lib/python3.12/site-packages/airflow/example_dags/example_display_name.py
[2025-04-30T00:38:01.174+0000] {processor.py:925} INFO - DAG(s) 'example_display_name' retrieved from /home/airflow/.local/lib/python3.12/site-packages/airflow/example_dags/example_display_name.py
[2025-04-30T00:38:01.223+0000] {logging_mixin.py:190} INFO - [2025-04-30T00:38:01.223+0000] {dag.py:3211} INFO - Sync 1 DAGs
[2025-04-30T00:38:01.270+0000] {logging_mixin.py:190} INFO - [2025-04-30T00:38:01.269+0000] {dag.py:4138} INFO - Setting next_dagrun for example_display_name to None, run_after=None
[2025-04-30T00:38:01.320+0000] {processor.py:208} INFO - Processing /home/airflow/.local/lib/python3.12/site-packages/airflow/example_dags/example_display_name.py took 0.185 seconds
[2025-04-30T00:38:32.271+0000] {processor.py:186} INFO - Started process (PID=1045) to work on /home/airflow/.local/lib/python3.12/site-packages/airflow/example_dags/example_display_name.py
[2025-04-30T00:38:32.273+0000] {processor.py:914} INFO - Processing file /home/airflow/.local/lib/python3.12/site-packages/airflow/example_dags/example_display_name.py for tasks to queue
[2025-04-30T00:38:32.280+0000] {logging_mixin.py:190} INFO - [2025-04-30T00:38:32.280+0000] {dagbag.py:587} INFO - Filling up the DagBag from /home/airflow/.local/lib/python3.12/site-packages/airflow/example_dags/example_display_name.py
[2025-04-30T00:38:32.299+0000] {processor.py:925} INFO - DAG(s) 'example_display_name' retrieved from /home/airflow/.local/lib/python3.12/site-packages/airflow/example_dags/example_display_name.py
[2025-04-30T00:38:32.352+0000] {logging_mixin.py:190} INFO - [2025-04-30T00:38:32.351+0000] {dag.py:3211} INFO - Sync 1 DAGs
[2025-04-30T00:38:32.394+0000] {logging_mixin.py:190} INFO - [2025-04-30T00:38:32.393+0000] {dag.py:4138} INFO - Setting next_dagrun for example_display_name to None, run_after=None
[2025-04-30T00:38:32.440+0000] {processor.py:208} INFO - Processing /home/airflow/.local/lib/python3.12/site-packages/airflow/example_dags/example_display_name.py took 0.181 seconds
[2025-04-30T00:39:03.206+0000] {processor.py:186} INFO - Started process (PID=1108) to work on /home/airflow/.local/lib/python3.12/site-packages/airflow/example_dags/example_display_name.py
[2025-04-30T00:39:03.208+0000] {processor.py:914} INFO - Processing file /home/airflow/.local/lib/python3.12/site-packages/airflow/example_dags/example_display_name.py for tasks to queue
[2025-04-30T00:39:03.213+0000] {logging_mixin.py:190} INFO - [2025-04-30T00:39:03.212+0000] {dagbag.py:587} INFO - Filling up the DagBag from /home/airflow/.local/lib/python3.12/site-packages/airflow/example_dags/example_display_name.py
[2025-04-30T00:39:03.228+0000] {processor.py:925} INFO - DAG(s) 'example_display_name' retrieved from /home/airflow/.local/lib/python3.12/site-packages/airflow/example_dags/example_display_name.py
[2025-04-30T00:39:03.269+0000] {logging_mixin.py:190} INFO - [2025-04-30T00:39:03.269+0000] {dag.py:3211} INFO - Sync 1 DAGs
[2025-04-30T00:39:03.308+0000] {logging_mixin.py:190} INFO - [2025-04-30T00:39:03.308+0000] {dag.py:4138} INFO - Setting next_dagrun for example_display_name to None, run_after=None
[2025-04-30T00:39:03.345+0000] {processor.py:208} INFO - Processing /home/airflow/.local/lib/python3.12/site-packages/airflow/example_dags/example_display_name.py took 0.151 seconds
[2025-04-30T00:39:34.163+0000] {processor.py:186} INFO - Started process (PID=1177) to work on /home/airflow/.local/lib/python3.12/site-packages/airflow/example_dags/example_display_name.py
[2025-04-30T00:39:34.166+0000] {processor.py:914} INFO - Processing file /home/airflow/.local/lib/python3.12/site-packages/airflow/example_dags/example_display_name.py for tasks to queue
[2025-04-30T00:39:34.172+0000] {logging_mixin.py:190} INFO - [2025-04-30T00:39:34.171+0000] {dagbag.py:587} INFO - Filling up the DagBag from /home/airflow/.local/lib/python3.12/site-packages/airflow/example_dags/example_display_name.py
[2025-04-30T00:39:34.192+0000] {processor.py:925} INFO - DAG(s) 'example_display_name' retrieved from /home/airflow/.local/lib/python3.12/site-packages/airflow/example_dags/example_display_name.py
[2025-04-30T00:39:34.233+0000] {logging_mixin.py:190} INFO - [2025-04-30T00:39:34.232+0000] {dag.py:3211} INFO - Sync 1 DAGs
[2025-04-30T00:39:34.263+0000] {logging_mixin.py:190} INFO - [2025-04-30T00:39:34.263+0000] {dag.py:4138} INFO - Setting next_dagrun for example_display_name to None, run_after=None
[2025-04-30T00:39:34.299+0000] {processor.py:208} INFO - Processing /home/airflow/.local/lib/python3.12/site-packages/airflow/example_dags/example_display_name.py took 0.155 seconds
[2025-04-30T00:40:05.002+0000] {processor.py:186} INFO - Started process (PID=1240) to work on /home/airflow/.local/lib/python3.12/site-packages/airflow/example_dags/example_display_name.py
[2025-04-30T00:40:05.006+0000] {processor.py:914} INFO - Processing file /home/airflow/.local/lib/python3.12/site-packages/airflow/example_dags/example_display_name.py for tasks to queue
[2025-04-30T00:40:05.011+0000] {logging_mixin.py:190} INFO - [2025-04-30T00:40:05.011+0000] {dagbag.py:587} INFO - Filling up the DagBag from /home/airflow/.local/lib/python3.12/site-packages/airflow/example_dags/example_display_name.py
[2025-04-30T00:40:05.030+0000] {processor.py:925} INFO - DAG(s) 'example_display_name' retrieved from /home/airflow/.local/lib/python3.12/site-packages/airflow/example_dags/example_display_name.py
[2025-04-30T00:40:05.071+0000] {logging_mixin.py:190} INFO - [2025-04-30T00:40:05.071+0000] {dag.py:3211} INFO - Sync 1 DAGs
[2025-04-30T00:40:05.104+0000] {logging_mixin.py:190} INFO - [2025-04-30T00:40:05.104+0000] {dag.py:4138} INFO - Setting next_dagrun for example_display_name to None, run_after=None
[2025-04-30T00:40:05.152+0000] {processor.py:208} INFO - Processing /home/airflow/.local/lib/python3.12/site-packages/airflow/example_dags/example_display_name.py took 0.164 seconds
[2025-04-30T00:40:35.280+0000] {processor.py:186} INFO - Started process (PID=1302) to work on /home/airflow/.local/lib/python3.12/site-packages/airflow/example_dags/example_display_name.py
[2025-04-30T00:40:35.283+0000] {processor.py:914} INFO - Processing file /home/airflow/.local/lib/python3.12/site-packages/airflow/example_dags/example_display_name.py for tasks to queue
[2025-04-30T00:40:35.290+0000] {logging_mixin.py:190} INFO - [2025-04-30T00:40:35.289+0000] {dagbag.py:587} INFO - Filling up the DagBag from /home/airflow/.local/lib/python3.12/site-packages/airflow/example_dags/example_display_name.py
[2025-04-30T00:40:35.312+0000] {processor.py:925} INFO - DAG(s) 'example_display_name' retrieved from /home/airflow/.local/lib/python3.12/site-packages/airflow/example_dags/example_display_name.py
[2025-04-30T00:40:35.364+0000] {logging_mixin.py:190} INFO - [2025-04-30T00:40:35.364+0000] {dag.py:3211} INFO - Sync 1 DAGs
[2025-04-30T00:40:35.388+0000] {logging_mixin.py:190} INFO - [2025-04-30T00:40:35.387+0000] {dag.py:4138} INFO - Setting next_dagrun for example_display_name to None, run_after=None
[2025-04-30T00:40:35.424+0000] {processor.py:208} INFO - Processing /home/airflow/.local/lib/python3.12/site-packages/airflow/example_dags/example_display_name.py took 0.161 seconds
[2025-04-30T00:41:05.694+0000] {processor.py:186} INFO - Started process (PID=1365) to work on /home/airflow/.local/lib/python3.12/site-packages/airflow/example_dags/example_display_name.py
[2025-04-30T00:41:05.697+0000] {processor.py:914} INFO - Processing file /home/airflow/.local/lib/python3.12/site-packages/airflow/example_dags/example_display_name.py for tasks to queue
[2025-04-30T00:41:05.703+0000] {logging_mixin.py:190} INFO - [2025-04-30T00:41:05.702+0000] {dagbag.py:587} INFO - Filling up the DagBag from /home/airflow/.local/lib/python3.12/site-packages/airflow/example_dags/example_display_name.py
[2025-04-30T00:41:05.722+0000] {processor.py:925} INFO - DAG(s) 'example_display_name' retrieved from /home/airflow/.local/lib/python3.12/site-packages/airflow/example_dags/example_display_name.py
[2025-04-30T00:41:05.770+0000] {logging_mixin.py:190} INFO - [2025-04-30T00:41:05.770+0000] {dag.py:3211} INFO - Sync 1 DAGs
[2025-04-30T00:41:05.808+0000] {logging_mixin.py:190} INFO - [2025-04-30T00:41:05.807+0000] {dag.py:4138} INFO - Setting next_dagrun for example_display_name to None, run_after=None
[2025-04-30T00:41:05.855+0000] {processor.py:208} INFO - Processing /home/airflow/.local/lib/python3.12/site-packages/airflow/example_dags/example_display_name.py took 0.178 seconds
[2025-04-30T00:41:36.071+0000] {processor.py:186} INFO - Started process (PID=1428) to work on /home/airflow/.local/lib/python3.12/site-packages/airflow/example_dags/example_display_name.py
[2025-04-30T00:41:36.074+0000] {processor.py:914} INFO - Processing file /home/airflow/.local/lib/python3.12/site-packages/airflow/example_dags/example_display_name.py for tasks to queue
[2025-04-30T00:41:36.079+0000] {logging_mixin.py:190} INFO - [2025-04-30T00:41:36.078+0000] {dagbag.py:587} INFO - Filling up the DagBag from /home/airflow/.local/lib/python3.12/site-packages/airflow/example_dags/example_display_name.py
[2025-04-30T00:41:36.094+0000] {processor.py:925} INFO - DAG(s) 'example_display_name' retrieved from /home/airflow/.local/lib/python3.12/site-packages/airflow/example_dags/example_display_name.py
[2025-04-30T00:41:36.136+0000] {logging_mixin.py:190} INFO - [2025-04-30T00:41:36.135+0000] {dag.py:3211} INFO - Sync 1 DAGs
[2025-04-30T00:41:36.167+0000] {logging_mixin.py:190} INFO - [2025-04-30T00:41:36.167+0000] {dag.py:4138} INFO - Setting next_dagrun for example_display_name to None, run_after=None
[2025-04-30T00:41:36.216+0000] {processor.py:208} INFO - Processing /home/airflow/.local/lib/python3.12/site-packages/airflow/example_dags/example_display_name.py took 0.158 seconds
[2025-04-30T00:42:07.055+0000] {processor.py:186} INFO - Started process (PID=1495) to work on /home/airflow/.local/lib/python3.12/site-packages/airflow/example_dags/example_display_name.py
[2025-04-30T00:42:07.057+0000] {processor.py:914} INFO - Processing file /home/airflow/.local/lib/python3.12/site-packages/airflow/example_dags/example_display_name.py for tasks to queue
[2025-04-30T00:42:07.061+0000] {logging_mixin.py:190} INFO - [2025-04-30T00:42:07.060+0000] {dagbag.py:587} INFO - Filling up the DagBag from /home/airflow/.local/lib/python3.12/site-packages/airflow/example_dags/example_display_name.py
[2025-04-30T00:42:07.078+0000] {processor.py:925} INFO - DAG(s) 'example_display_name' retrieved from /home/airflow/.local/lib/python3.12/site-packages/airflow/example_dags/example_display_name.py
[2025-04-30T00:42:07.122+0000] {logging_mixin.py:190} INFO - [2025-04-30T00:42:07.121+0000] {dag.py:3211} INFO - Sync 1 DAGs
[2025-04-30T00:42:07.160+0000] {logging_mixin.py:190} INFO - [2025-04-30T00:42:07.159+0000] {dag.py:4138} INFO - Setting next_dagrun for example_display_name to None, run_after=None
[2025-04-30T00:42:07.201+0000] {processor.py:208} INFO - Processing /home/airflow/.local/lib/python3.12/site-packages/airflow/example_dags/example_display_name.py took 0.160 seconds
[2025-04-30T00:42:37.945+0000] {processor.py:186} INFO - Started process (PID=1558) to work on /home/airflow/.local/lib/python3.12/site-packages/airflow/example_dags/example_display_name.py
[2025-04-30T00:42:37.947+0000] {processor.py:914} INFO - Processing file /home/airflow/.local/lib/python3.12/site-packages/airflow/example_dags/example_display_name.py for tasks to queue
[2025-04-30T00:42:37.950+0000] {logging_mixin.py:190} INFO - [2025-04-30T00:42:37.950+0000] {dagbag.py:587} INFO - Filling up the DagBag from /home/airflow/.local/lib/python3.12/site-packages/airflow/example_dags/example_display_name.py
[2025-04-30T00:42:37.967+0000] {processor.py:925} INFO - DAG(s) 'example_display_name' retrieved from /home/airflow/.local/lib/python3.12/site-packages/airflow/example_dags/example_display_name.py
[2025-04-30T00:42:38.014+0000] {logging_mixin.py:190} INFO - [2025-04-30T00:42:38.014+0000] {dag.py:3211} INFO - Sync 1 DAGs
[2025-04-30T00:42:38.046+0000] {logging_mixin.py:190} INFO - [2025-04-30T00:42:38.046+0000] {dag.py:4138} INFO - Setting next_dagrun for example_display_name to None, run_after=None
[2025-04-30T00:42:38.088+0000] {processor.py:208} INFO - Processing /home/airflow/.local/lib/python3.12/site-packages/airflow/example_dags/example_display_name.py took 0.155 seconds
[2025-04-30T00:43:08.296+0000] {processor.py:186} INFO - Started process (PID=1620) to work on /home/airflow/.local/lib/python3.12/site-packages/airflow/example_dags/example_display_name.py
[2025-04-30T00:43:08.298+0000] {processor.py:914} INFO - Processing file /home/airflow/.local/lib/python3.12/site-packages/airflow/example_dags/example_display_name.py for tasks to queue
[2025-04-30T00:43:08.301+0000] {logging_mixin.py:190} INFO - [2025-04-30T00:43:08.300+0000] {dagbag.py:587} INFO - Filling up the DagBag from /home/airflow/.local/lib/python3.12/site-packages/airflow/example_dags/example_display_name.py
[2025-04-30T00:43:08.323+0000] {processor.py:925} INFO - DAG(s) 'example_display_name' retrieved from /home/airflow/.local/lib/python3.12/site-packages/airflow/example_dags/example_display_name.py
[2025-04-30T00:43:08.360+0000] {logging_mixin.py:190} INFO - [2025-04-30T00:43:08.360+0000] {dag.py:3211} INFO - Sync 1 DAGs
[2025-04-30T00:43:08.385+0000] {logging_mixin.py:190} INFO - [2025-04-30T00:43:08.384+0000] {dag.py:4138} INFO - Setting next_dagrun for example_display_name to None, run_after=None
[2025-04-30T00:43:08.432+0000] {processor.py:208} INFO - Processing /home/airflow/.local/lib/python3.12/site-packages/airflow/example_dags/example_display_name.py took 0.153 seconds
[2025-04-30T00:43:38.599+0000] {processor.py:186} INFO - Started process (PID=1682) to work on /home/airflow/.local/lib/python3.12/site-packages/airflow/example_dags/example_display_name.py
[2025-04-30T00:43:38.604+0000] {processor.py:914} INFO - Processing file /home/airflow/.local/lib/python3.12/site-packages/airflow/example_dags/example_display_name.py for tasks to queue
[2025-04-30T00:43:38.610+0000] {logging_mixin.py:190} INFO - [2025-04-30T00:43:38.608+0000] {dagbag.py:587} INFO - Filling up the DagBag from /home/airflow/.local/lib/python3.12/site-packages/airflow/example_dags/example_display_name.py
[2025-04-30T00:43:38.645+0000] {processor.py:925} INFO - DAG(s) 'example_display_name' retrieved from /home/airflow/.local/lib/python3.12/site-packages/airflow/example_dags/example_display_name.py
[2025-04-30T00:43:38.747+0000] {logging_mixin.py:190} INFO - [2025-04-30T00:43:38.746+0000] {dag.py:3211} INFO - Sync 1 DAGs
[2025-04-30T00:43:38.822+0000] {logging_mixin.py:190} INFO - [2025-04-30T00:43:38.821+0000] {dag.py:4138} INFO - Setting next_dagrun for example_display_name to None, run_after=None
[2025-04-30T00:43:38.925+0000] {processor.py:208} INFO - Processing /home/airflow/.local/lib/python3.12/site-packages/airflow/example_dags/example_display_name.py took 0.354 seconds
[2025-04-30T00:44:09.886+0000] {processor.py:186} INFO - Started process (PID=1746) to work on /home/airflow/.local/lib/python3.12/site-packages/airflow/example_dags/example_display_name.py
[2025-04-30T00:44:09.887+0000] {processor.py:914} INFO - Processing file /home/airflow/.local/lib/python3.12/site-packages/airflow/example_dags/example_display_name.py for tasks to queue
[2025-04-30T00:44:09.888+0000] {logging_mixin.py:190} INFO - [2025-04-30T00:44:09.888+0000] {dagbag.py:587} INFO - Filling up the DagBag from /home/airflow/.local/lib/python3.12/site-packages/airflow/example_dags/example_display_name.py
[2025-04-30T00:44:09.898+0000] {processor.py:925} INFO - DAG(s) 'example_display_name' retrieved from /home/airflow/.local/lib/python3.12/site-packages/airflow/example_dags/example_display_name.py
[2025-04-30T00:44:09.924+0000] {logging_mixin.py:190} INFO - [2025-04-30T00:44:09.924+0000] {dag.py:3211} INFO - Sync 1 DAGs
[2025-04-30T00:44:09.942+0000] {logging_mixin.py:190} INFO - [2025-04-30T00:44:09.942+0000] {dag.py:4138} INFO - Setting next_dagrun for example_display_name to None, run_after=None
[2025-04-30T00:44:09.965+0000] {processor.py:208} INFO - Processing /home/airflow/.local/lib/python3.12/site-packages/airflow/example_dags/example_display_name.py took 0.086 seconds
[2025-04-30T00:44:40.877+0000] {processor.py:186} INFO - Started process (PID=1810) to work on /home/airflow/.local/lib/python3.12/site-packages/airflow/example_dags/example_display_name.py
[2025-04-30T00:44:40.879+0000] {processor.py:914} INFO - Processing file /home/airflow/.local/lib/python3.12/site-packages/airflow/example_dags/example_display_name.py for tasks to queue
[2025-04-30T00:44:40.881+0000] {logging_mixin.py:190} INFO - [2025-04-30T00:44:40.881+0000] {dagbag.py:587} INFO - Filling up the DagBag from /home/airflow/.local/lib/python3.12/site-packages/airflow/example_dags/example_display_name.py
[2025-04-30T00:44:40.894+0000] {processor.py:925} INFO - DAG(s) 'example_display_name' retrieved from /home/airflow/.local/lib/python3.12/site-packages/airflow/example_dags/example_display_name.py
[2025-04-30T00:44:40.925+0000] {logging_mixin.py:190} INFO - [2025-04-30T00:44:40.925+0000] {dag.py:3211} INFO - Sync 1 DAGs
[2025-04-30T00:44:40.948+0000] {logging_mixin.py:190} INFO - [2025-04-30T00:44:40.948+0000] {dag.py:4138} INFO - Setting next_dagrun for example_display_name to None, run_after=None
[2025-04-30T00:44:40.976+0000] {processor.py:208} INFO - Processing /home/airflow/.local/lib/python3.12/site-packages/airflow/example_dags/example_display_name.py took 0.108 seconds
[2025-04-30T00:45:11.485+0000] {processor.py:186} INFO - Started process (PID=1873) to work on /home/airflow/.local/lib/python3.12/site-packages/airflow/example_dags/example_display_name.py
[2025-04-30T00:45:11.486+0000] {processor.py:914} INFO - Processing file /home/airflow/.local/lib/python3.12/site-packages/airflow/example_dags/example_display_name.py for tasks to queue
[2025-04-30T00:45:11.488+0000] {logging_mixin.py:190} INFO - [2025-04-30T00:45:11.488+0000] {dagbag.py:587} INFO - Filling up the DagBag from /home/airflow/.local/lib/python3.12/site-packages/airflow/example_dags/example_display_name.py
[2025-04-30T00:45:11.498+0000] {processor.py:925} INFO - DAG(s) 'example_display_name' retrieved from /home/airflow/.local/lib/python3.12/site-packages/airflow/example_dags/example_display_name.py
[2025-04-30T00:45:11.526+0000] {logging_mixin.py:190} INFO - [2025-04-30T00:45:11.525+0000] {dag.py:3211} INFO - Sync 1 DAGs
[2025-04-30T00:45:11.549+0000] {logging_mixin.py:190} INFO - [2025-04-30T00:45:11.548+0000] {dag.py:4138} INFO - Setting next_dagrun for example_display_name to None, run_after=None
[2025-04-30T00:45:11.578+0000] {processor.py:208} INFO - Processing /home/airflow/.local/lib/python3.12/site-packages/airflow/example_dags/example_display_name.py took 0.100 seconds
[2025-04-30T00:45:42.836+0000] {processor.py:186} INFO - Started process (PID=1936) to work on /home/airflow/.local/lib/python3.12/site-packages/airflow/example_dags/example_display_name.py
[2025-04-30T00:45:42.838+0000] {processor.py:914} INFO - Processing file /home/airflow/.local/lib/python3.12/site-packages/airflow/example_dags/example_display_name.py for tasks to queue
[2025-04-30T00:45:42.842+0000] {logging_mixin.py:190} INFO - [2025-04-30T00:45:42.841+0000] {dagbag.py:587} INFO - Filling up the DagBag from /home/airflow/.local/lib/python3.12/site-packages/airflow/example_dags/example_display_name.py
[2025-04-30T00:45:42.867+0000] {processor.py:925} INFO - DAG(s) 'example_display_name' retrieved from /home/airflow/.local/lib/python3.12/site-packages/airflow/example_dags/example_display_name.py
[2025-04-30T00:45:42.937+0000] {logging_mixin.py:190} INFO - [2025-04-30T00:45:42.936+0000] {dag.py:3211} INFO - Sync 1 DAGs
[2025-04-30T00:45:42.976+0000] {logging_mixin.py:190} INFO - [2025-04-30T00:45:42.975+0000] {dag.py:4138} INFO - Setting next_dagrun for example_display_name to None, run_after=None
[2025-04-30T00:45:43.030+0000] {processor.py:208} INFO - Processing /home/airflow/.local/lib/python3.12/site-packages/airflow/example_dags/example_display_name.py took 0.217 seconds
[2025-04-30T00:46:12.538+0000] {processor.py:186} INFO - Started process (PID=1997) to work on /home/airflow/.local/lib/python3.12/site-packages/airflow/example_dags/example_display_name.py
[2025-04-30T00:46:12.539+0000] {processor.py:914} INFO - Processing file /home/airflow/.local/lib/python3.12/site-packages/airflow/example_dags/example_display_name.py for tasks to queue
[2025-04-30T00:46:12.541+0000] {logging_mixin.py:190} INFO - [2025-04-30T00:46:12.541+0000] {dagbag.py:587} INFO - Filling up the DagBag from /home/airflow/.local/lib/python3.12/site-packages/airflow/example_dags/example_display_name.py
[2025-04-30T00:46:12.549+0000] {processor.py:925} INFO - DAG(s) 'example_display_name' retrieved from /home/airflow/.local/lib/python3.12/site-packages/airflow/example_dags/example_display_name.py
[2025-04-30T00:46:12.574+0000] {logging_mixin.py:190} INFO - [2025-04-30T00:46:12.574+0000] {dag.py:3211} INFO - Sync 1 DAGs
[2025-04-30T00:46:12.591+0000] {logging_mixin.py:190} INFO - [2025-04-30T00:46:12.591+0000] {dag.py:4138} INFO - Setting next_dagrun for example_display_name to None, run_after=None
[2025-04-30T00:46:12.615+0000] {processor.py:208} INFO - Processing /home/airflow/.local/lib/python3.12/site-packages/airflow/example_dags/example_display_name.py took 0.085 seconds
[2025-04-30T00:46:43.064+0000] {processor.py:186} INFO - Started process (PID=2060) to work on /home/airflow/.local/lib/python3.12/site-packages/airflow/example_dags/example_display_name.py
[2025-04-30T00:46:43.065+0000] {processor.py:914} INFO - Processing file /home/airflow/.local/lib/python3.12/site-packages/airflow/example_dags/example_display_name.py for tasks to queue
[2025-04-30T00:46:43.067+0000] {logging_mixin.py:190} INFO - [2025-04-30T00:46:43.067+0000] {dagbag.py:587} INFO - Filling up the DagBag from /home/airflow/.local/lib/python3.12/site-packages/airflow/example_dags/example_display_name.py
[2025-04-30T00:46:43.076+0000] {processor.py:925} INFO - DAG(s) 'example_display_name' retrieved from /home/airflow/.local/lib/python3.12/site-packages/airflow/example_dags/example_display_name.py
[2025-04-30T00:46:43.099+0000] {logging_mixin.py:190} INFO - [2025-04-30T00:46:43.099+0000] {dag.py:3211} INFO - Sync 1 DAGs
[2025-04-30T00:46:43.115+0000] {logging_mixin.py:190} INFO - [2025-04-30T00:46:43.115+0000] {dag.py:4138} INFO - Setting next_dagrun for example_display_name to None, run_after=None
[2025-04-30T00:46:43.143+0000] {processor.py:208} INFO - Processing /home/airflow/.local/lib/python3.12/site-packages/airflow/example_dags/example_display_name.py took 0.085 seconds
[2025-04-30T00:47:13.729+0000] {processor.py:186} INFO - Started process (PID=2123) to work on /home/airflow/.local/lib/python3.12/site-packages/airflow/example_dags/example_display_name.py
[2025-04-30T00:47:13.730+0000] {processor.py:914} INFO - Processing file /home/airflow/.local/lib/python3.12/site-packages/airflow/example_dags/example_display_name.py for tasks to queue
[2025-04-30T00:47:13.732+0000] {logging_mixin.py:190} INFO - [2025-04-30T00:47:13.732+0000] {dagbag.py:587} INFO - Filling up the DagBag from /home/airflow/.local/lib/python3.12/site-packages/airflow/example_dags/example_display_name.py
[2025-04-30T00:47:13.742+0000] {processor.py:925} INFO - DAG(s) 'example_display_name' retrieved from /home/airflow/.local/lib/python3.12/site-packages/airflow/example_dags/example_display_name.py
[2025-04-30T00:47:13.773+0000] {logging_mixin.py:190} INFO - [2025-04-30T00:47:13.773+0000] {dag.py:3211} INFO - Sync 1 DAGs
[2025-04-30T00:47:13.794+0000] {logging_mixin.py:190} INFO - [2025-04-30T00:47:13.793+0000] {dag.py:4138} INFO - Setting next_dagrun for example_display_name to None, run_after=None
[2025-04-30T00:47:13.823+0000] {processor.py:208} INFO - Processing /home/airflow/.local/lib/python3.12/site-packages/airflow/example_dags/example_display_name.py took 0.102 seconds
[2025-04-30T00:47:44.669+0000] {processor.py:186} INFO - Started process (PID=2192) to work on /home/airflow/.local/lib/python3.12/site-packages/airflow/example_dags/example_display_name.py
[2025-04-30T00:47:44.670+0000] {processor.py:914} INFO - Processing file /home/airflow/.local/lib/python3.12/site-packages/airflow/example_dags/example_display_name.py for tasks to queue
[2025-04-30T00:47:44.672+0000] {logging_mixin.py:190} INFO - [2025-04-30T00:47:44.672+0000] {dagbag.py:587} INFO - Filling up the DagBag from /home/airflow/.local/lib/python3.12/site-packages/airflow/example_dags/example_display_name.py
[2025-04-30T00:47:44.682+0000] {processor.py:925} INFO - DAG(s) 'example_display_name' retrieved from /home/airflow/.local/lib/python3.12/site-packages/airflow/example_dags/example_display_name.py
[2025-04-30T00:47:44.713+0000] {logging_mixin.py:190} INFO - [2025-04-30T00:47:44.713+0000] {dag.py:3211} INFO - Sync 1 DAGs
[2025-04-30T00:47:44.735+0000] {logging_mixin.py:190} INFO - [2025-04-30T00:47:44.734+0000] {dag.py:4138} INFO - Setting next_dagrun for example_display_name to None, run_after=None
[2025-04-30T00:47:44.760+0000] {processor.py:208} INFO - Processing /home/airflow/.local/lib/python3.12/site-packages/airflow/example_dags/example_display_name.py took 0.098 seconds
[2025-04-30T00:48:15.205+0000] {processor.py:186} INFO - Started process (PID=2255) to work on /home/airflow/.local/lib/python3.12/site-packages/airflow/example_dags/example_display_name.py
[2025-04-30T00:48:15.207+0000] {processor.py:914} INFO - Processing file /home/airflow/.local/lib/python3.12/site-packages/airflow/example_dags/example_display_name.py for tasks to queue
[2025-04-30T00:48:15.208+0000] {logging_mixin.py:190} INFO - [2025-04-30T00:48:15.208+0000] {dagbag.py:587} INFO - Filling up the DagBag from /home/airflow/.local/lib/python3.12/site-packages/airflow/example_dags/example_display_name.py
[2025-04-30T00:48:15.218+0000] {processor.py:925} INFO - DAG(s) 'example_display_name' retrieved from /home/airflow/.local/lib/python3.12/site-packages/airflow/example_dags/example_display_name.py
[2025-04-30T00:48:15.246+0000] {logging_mixin.py:190} INFO - [2025-04-30T00:48:15.245+0000] {dag.py:3211} INFO - Sync 1 DAGs
[2025-04-30T00:48:15.268+0000] {logging_mixin.py:190} INFO - [2025-04-30T00:48:15.268+0000] {dag.py:4138} INFO - Setting next_dagrun for example_display_name to None, run_after=None
[2025-04-30T00:48:15.296+0000] {processor.py:208} INFO - Processing /home/airflow/.local/lib/python3.12/site-packages/airflow/example_dags/example_display_name.py took 0.097 seconds
[2025-04-30T00:48:45.583+0000] {processor.py:186} INFO - Started process (PID=2318) to work on /home/airflow/.local/lib/python3.12/site-packages/airflow/example_dags/example_display_name.py
[2025-04-30T00:48:45.589+0000] {processor.py:914} INFO - Processing file /home/airflow/.local/lib/python3.12/site-packages/airflow/example_dags/example_display_name.py for tasks to queue
[2025-04-30T00:48:45.591+0000] {logging_mixin.py:190} INFO - [2025-04-30T00:48:45.591+0000] {dagbag.py:587} INFO - Filling up the DagBag from /home/airflow/.local/lib/python3.12/site-packages/airflow/example_dags/example_display_name.py
[2025-04-30T00:48:45.599+0000] {processor.py:925} INFO - DAG(s) 'example_display_name' retrieved from /home/airflow/.local/lib/python3.12/site-packages/airflow/example_dags/example_display_name.py
[2025-04-30T00:48:45.622+0000] {logging_mixin.py:190} INFO - [2025-04-30T00:48:45.622+0000] {dag.py:3211} INFO - Sync 1 DAGs
[2025-04-30T00:48:45.637+0000] {logging_mixin.py:190} INFO - [2025-04-30T00:48:45.637+0000] {dag.py:4138} INFO - Setting next_dagrun for example_display_name to None, run_after=None
[2025-04-30T00:48:45.659+0000] {processor.py:208} INFO - Processing /home/airflow/.local/lib/python3.12/site-packages/airflow/example_dags/example_display_name.py took 0.081 seconds
[2025-04-30T00:49:16.046+0000] {processor.py:186} INFO - Started process (PID=2381) to work on /home/airflow/.local/lib/python3.12/site-packages/airflow/example_dags/example_display_name.py
[2025-04-30T00:49:16.048+0000] {processor.py:914} INFO - Processing file /home/airflow/.local/lib/python3.12/site-packages/airflow/example_dags/example_display_name.py for tasks to queue
[2025-04-30T00:49:16.049+0000] {logging_mixin.py:190} INFO - [2025-04-30T00:49:16.049+0000] {dagbag.py:587} INFO - Filling up the DagBag from /home/airflow/.local/lib/python3.12/site-packages/airflow/example_dags/example_display_name.py
[2025-04-30T00:49:16.058+0000] {processor.py:925} INFO - DAG(s) 'example_display_name' retrieved from /home/airflow/.local/lib/python3.12/site-packages/airflow/example_dags/example_display_name.py
[2025-04-30T00:49:16.080+0000] {logging_mixin.py:190} INFO - [2025-04-30T00:49:16.080+0000] {dag.py:3211} INFO - Sync 1 DAGs
[2025-04-30T00:49:16.095+0000] {logging_mixin.py:190} INFO - [2025-04-30T00:49:16.095+0000] {dag.py:4138} INFO - Setting next_dagrun for example_display_name to None, run_after=None
[2025-04-30T00:49:16.124+0000] {processor.py:208} INFO - Processing /home/airflow/.local/lib/python3.12/site-packages/airflow/example_dags/example_display_name.py took 0.086 seconds
[2025-04-30T00:49:46.503+0000] {processor.py:186} INFO - Started process (PID=2444) to work on /home/airflow/.local/lib/python3.12/site-packages/airflow/example_dags/example_display_name.py
[2025-04-30T00:49:46.505+0000] {processor.py:914} INFO - Processing file /home/airflow/.local/lib/python3.12/site-packages/airflow/example_dags/example_display_name.py for tasks to queue
[2025-04-30T00:49:46.506+0000] {logging_mixin.py:190} INFO - [2025-04-30T00:49:46.506+0000] {dagbag.py:587} INFO - Filling up the DagBag from /home/airflow/.local/lib/python3.12/site-packages/airflow/example_dags/example_display_name.py
[2025-04-30T00:49:46.516+0000] {processor.py:925} INFO - DAG(s) 'example_display_name' retrieved from /home/airflow/.local/lib/python3.12/site-packages/airflow/example_dags/example_display_name.py
[2025-04-30T00:49:46.538+0000] {logging_mixin.py:190} INFO - [2025-04-30T00:49:46.537+0000] {dag.py:3211} INFO - Sync 1 DAGs
[2025-04-30T00:49:46.553+0000] {logging_mixin.py:190} INFO - [2025-04-30T00:49:46.553+0000] {dag.py:4138} INFO - Setting next_dagrun for example_display_name to None, run_after=None
[2025-04-30T00:49:46.574+0000] {processor.py:208} INFO - Processing /home/airflow/.local/lib/python3.12/site-packages/airflow/example_dags/example_display_name.py took 0.078 seconds
[2025-04-30T00:50:16.856+0000] {processor.py:186} INFO - Started process (PID=2508) to work on /home/airflow/.local/lib/python3.12/site-packages/airflow/example_dags/example_display_name.py
[2025-04-30T00:50:16.858+0000] {processor.py:914} INFO - Processing file /home/airflow/.local/lib/python3.12/site-packages/airflow/example_dags/example_display_name.py for tasks to queue
[2025-04-30T00:50:16.859+0000] {logging_mixin.py:190} INFO - [2025-04-30T00:50:16.859+0000] {dagbag.py:587} INFO - Filling up the DagBag from /home/airflow/.local/lib/python3.12/site-packages/airflow/example_dags/example_display_name.py
[2025-04-30T00:50:16.872+0000] {processor.py:925} INFO - DAG(s) 'example_display_name' retrieved from /home/airflow/.local/lib/python3.12/site-packages/airflow/example_dags/example_display_name.py
[2025-04-30T00:50:16.896+0000] {logging_mixin.py:190} INFO - [2025-04-30T00:50:16.895+0000] {dag.py:3211} INFO - Sync 1 DAGs
[2025-04-30T00:50:16.915+0000] {logging_mixin.py:190} INFO - [2025-04-30T00:50:16.915+0000] {dag.py:4138} INFO - Setting next_dagrun for example_display_name to None, run_after=None
[2025-04-30T00:50:16.944+0000] {processor.py:208} INFO - Processing /home/airflow/.local/lib/python3.12/site-packages/airflow/example_dags/example_display_name.py took 0.096 seconds
[2025-04-30T00:50:47.914+0000] {processor.py:186} INFO - Started process (PID=2571) to work on /home/airflow/.local/lib/python3.12/site-packages/airflow/example_dags/example_display_name.py
[2025-04-30T00:50:47.916+0000] {processor.py:914} INFO - Processing file /home/airflow/.local/lib/python3.12/site-packages/airflow/example_dags/example_display_name.py for tasks to queue
[2025-04-30T00:50:47.918+0000] {logging_mixin.py:190} INFO - [2025-04-30T00:50:47.918+0000] {dagbag.py:587} INFO - Filling up the DagBag from /home/airflow/.local/lib/python3.12/site-packages/airflow/example_dags/example_display_name.py
[2025-04-30T00:50:47.931+0000] {processor.py:925} INFO - DAG(s) 'example_display_name' retrieved from /home/airflow/.local/lib/python3.12/site-packages/airflow/example_dags/example_display_name.py
[2025-04-30T00:50:47.970+0000] {logging_mixin.py:190} INFO - [2025-04-30T00:50:47.970+0000] {dag.py:3211} INFO - Sync 1 DAGs
[2025-04-30T00:50:47.996+0000] {logging_mixin.py:190} INFO - [2025-04-30T00:50:47.996+0000] {dag.py:4138} INFO - Setting next_dagrun for example_display_name to None, run_after=None
[2025-04-30T00:50:48.028+0000] {processor.py:208} INFO - Processing /home/airflow/.local/lib/python3.12/site-packages/airflow/example_dags/example_display_name.py took 0.123 seconds
[2025-04-30T00:51:18.330+0000] {processor.py:186} INFO - Started process (PID=2634) to work on /home/airflow/.local/lib/python3.12/site-packages/airflow/example_dags/example_display_name.py
[2025-04-30T00:51:18.331+0000] {processor.py:914} INFO - Processing file /home/airflow/.local/lib/python3.12/site-packages/airflow/example_dags/example_display_name.py for tasks to queue
[2025-04-30T00:51:18.333+0000] {logging_mixin.py:190} INFO - [2025-04-30T00:51:18.332+0000] {dagbag.py:587} INFO - Filling up the DagBag from /home/airflow/.local/lib/python3.12/site-packages/airflow/example_dags/example_display_name.py
[2025-04-30T00:51:18.345+0000] {processor.py:925} INFO - DAG(s) 'example_display_name' retrieved from /home/airflow/.local/lib/python3.12/site-packages/airflow/example_dags/example_display_name.py
[2025-04-30T00:51:18.379+0000] {logging_mixin.py:190} INFO - [2025-04-30T00:51:18.378+0000] {dag.py:3211} INFO - Sync 1 DAGs
[2025-04-30T00:51:18.407+0000] {logging_mixin.py:190} INFO - [2025-04-30T00:51:18.407+0000] {dag.py:4138} INFO - Setting next_dagrun for example_display_name to None, run_after=None
[2025-04-30T00:51:18.435+0000] {processor.py:208} INFO - Processing /home/airflow/.local/lib/python3.12/site-packages/airflow/example_dags/example_display_name.py took 0.114 seconds
[2025-04-30T00:51:48.965+0000] {processor.py:186} INFO - Started process (PID=2697) to work on /home/airflow/.local/lib/python3.12/site-packages/airflow/example_dags/example_display_name.py
[2025-04-30T00:51:48.967+0000] {processor.py:914} INFO - Processing file /home/airflow/.local/lib/python3.12/site-packages/airflow/example_dags/example_display_name.py for tasks to queue
[2025-04-30T00:51:48.969+0000] {logging_mixin.py:190} INFO - [2025-04-30T00:51:48.968+0000] {dagbag.py:587} INFO - Filling up the DagBag from /home/airflow/.local/lib/python3.12/site-packages/airflow/example_dags/example_display_name.py
[2025-04-30T00:51:48.989+0000] {processor.py:925} INFO - DAG(s) 'example_display_name' retrieved from /home/airflow/.local/lib/python3.12/site-packages/airflow/example_dags/example_display_name.py
[2025-04-30T00:51:49.029+0000] {logging_mixin.py:190} INFO - [2025-04-30T00:51:49.029+0000] {dag.py:3211} INFO - Sync 1 DAGs
[2025-04-30T00:51:49.066+0000] {logging_mixin.py:190} INFO - [2025-04-30T00:51:49.065+0000] {dag.py:4138} INFO - Setting next_dagrun for example_display_name to None, run_after=None
[2025-04-30T00:51:49.092+0000] {processor.py:208} INFO - Processing /home/airflow/.local/lib/python3.12/site-packages/airflow/example_dags/example_display_name.py took 0.138 seconds
[2025-04-30T00:59:32.090+0000] {processor.py:186} INFO - Started process (PID=2727) to work on /home/airflow/.local/lib/python3.12/site-packages/airflow/example_dags/example_display_name.py
[2025-04-30T00:59:32.093+0000] {processor.py:914} INFO - Processing file /home/airflow/.local/lib/python3.12/site-packages/airflow/example_dags/example_display_name.py for tasks to queue
[2025-04-30T00:59:32.097+0000] {logging_mixin.py:190} INFO - [2025-04-30T00:59:32.096+0000] {dagbag.py:587} INFO - Filling up the DagBag from /home/airflow/.local/lib/python3.12/site-packages/airflow/example_dags/example_display_name.py
[2025-04-30T00:59:32.116+0000] {processor.py:925} INFO - DAG(s) 'example_display_name' retrieved from /home/airflow/.local/lib/python3.12/site-packages/airflow/example_dags/example_display_name.py
[2025-04-30T00:59:32.162+0000] {logging_mixin.py:190} INFO - [2025-04-30T00:59:32.162+0000] {dag.py:3211} INFO - Sync 1 DAGs
[2025-04-30T00:59:32.196+0000] {logging_mixin.py:190} INFO - [2025-04-30T00:59:32.195+0000] {dag.py:4138} INFO - Setting next_dagrun for example_display_name to None, run_after=None
[2025-04-30T00:59:32.246+0000] {processor.py:208} INFO - Processing /home/airflow/.local/lib/python3.12/site-packages/airflow/example_dags/example_display_name.py took 0.169 seconds
[2025-04-30T01:00:02.574+0000] {processor.py:186} INFO - Started process (PID=2790) to work on /home/airflow/.local/lib/python3.12/site-packages/airflow/example_dags/example_display_name.py
[2025-04-30T01:00:02.575+0000] {processor.py:914} INFO - Processing file /home/airflow/.local/lib/python3.12/site-packages/airflow/example_dags/example_display_name.py for tasks to queue
[2025-04-30T01:00:02.577+0000] {logging_mixin.py:190} INFO - [2025-04-30T01:00:02.577+0000] {dagbag.py:587} INFO - Filling up the DagBag from /home/airflow/.local/lib/python3.12/site-packages/airflow/example_dags/example_display_name.py
[2025-04-30T01:00:02.586+0000] {processor.py:925} INFO - DAG(s) 'example_display_name' retrieved from /home/airflow/.local/lib/python3.12/site-packages/airflow/example_dags/example_display_name.py
[2025-04-30T01:00:02.609+0000] {logging_mixin.py:190} INFO - [2025-04-30T01:00:02.609+0000] {dag.py:3211} INFO - Sync 1 DAGs
[2025-04-30T01:00:02.625+0000] {logging_mixin.py:190} INFO - [2025-04-30T01:00:02.625+0000] {dag.py:4138} INFO - Setting next_dagrun for example_display_name to None, run_after=None
[2025-04-30T01:00:02.647+0000] {processor.py:208} INFO - Processing /home/airflow/.local/lib/python3.12/site-packages/airflow/example_dags/example_display_name.py took 0.079 seconds
[2025-04-30T01:00:33.447+0000] {processor.py:186} INFO - Started process (PID=2853) to work on /home/airflow/.local/lib/python3.12/site-packages/airflow/example_dags/example_display_name.py
[2025-04-30T01:00:33.448+0000] {processor.py:914} INFO - Processing file /home/airflow/.local/lib/python3.12/site-packages/airflow/example_dags/example_display_name.py for tasks to queue
[2025-04-30T01:00:33.449+0000] {logging_mixin.py:190} INFO - [2025-04-30T01:00:33.449+0000] {dagbag.py:587} INFO - Filling up the DagBag from /home/airflow/.local/lib/python3.12/site-packages/airflow/example_dags/example_display_name.py
[2025-04-30T01:00:33.459+0000] {processor.py:925} INFO - DAG(s) 'example_display_name' retrieved from /home/airflow/.local/lib/python3.12/site-packages/airflow/example_dags/example_display_name.py
[2025-04-30T01:00:33.482+0000] {logging_mixin.py:190} INFO - [2025-04-30T01:00:33.482+0000] {dag.py:3211} INFO - Sync 1 DAGs
[2025-04-30T01:00:33.498+0000] {logging_mixin.py:190} INFO - [2025-04-30T01:00:33.498+0000] {dag.py:4138} INFO - Setting next_dagrun for example_display_name to None, run_after=None
[2025-04-30T01:00:33.519+0000] {processor.py:208} INFO - Processing /home/airflow/.local/lib/python3.12/site-packages/airflow/example_dags/example_display_name.py took 0.081 seconds
[2025-04-30T01:01:04.875+0000] {processor.py:186} INFO - Started process (PID=2923) to work on /home/airflow/.local/lib/python3.12/site-packages/airflow/example_dags/example_display_name.py
[2025-04-30T01:01:04.877+0000] {processor.py:914} INFO - Processing file /home/airflow/.local/lib/python3.12/site-packages/airflow/example_dags/example_display_name.py for tasks to queue
[2025-04-30T01:01:04.881+0000] {logging_mixin.py:190} INFO - [2025-04-30T01:01:04.880+0000] {dagbag.py:587} INFO - Filling up the DagBag from /home/airflow/.local/lib/python3.12/site-packages/airflow/example_dags/example_display_name.py
[2025-04-30T01:01:04.899+0000] {processor.py:925} INFO - DAG(s) 'example_display_name' retrieved from /home/airflow/.local/lib/python3.12/site-packages/airflow/example_dags/example_display_name.py
[2025-04-30T01:01:04.938+0000] {logging_mixin.py:190} INFO - [2025-04-30T01:01:04.938+0000] {dag.py:3211} INFO - Sync 1 DAGs
[2025-04-30T01:01:04.968+0000] {logging_mixin.py:190} INFO - [2025-04-30T01:01:04.968+0000] {dag.py:4138} INFO - Setting next_dagrun for example_display_name to None, run_after=None
[2025-04-30T01:01:04.998+0000] {processor.py:208} INFO - Processing /home/airflow/.local/lib/python3.12/site-packages/airflow/example_dags/example_display_name.py took 0.133 seconds
[2025-04-30T01:01:35.694+0000] {processor.py:186} INFO - Started process (PID=2986) to work on /home/airflow/.local/lib/python3.12/site-packages/airflow/example_dags/example_display_name.py
[2025-04-30T01:01:35.695+0000] {processor.py:914} INFO - Processing file /home/airflow/.local/lib/python3.12/site-packages/airflow/example_dags/example_display_name.py for tasks to queue
[2025-04-30T01:01:35.696+0000] {logging_mixin.py:190} INFO - [2025-04-30T01:01:35.696+0000] {dagbag.py:587} INFO - Filling up the DagBag from /home/airflow/.local/lib/python3.12/site-packages/airflow/example_dags/example_display_name.py
[2025-04-30T01:01:35.704+0000] {processor.py:925} INFO - DAG(s) 'example_display_name' retrieved from /home/airflow/.local/lib/python3.12/site-packages/airflow/example_dags/example_display_name.py
[2025-04-30T01:01:35.727+0000] {logging_mixin.py:190} INFO - [2025-04-30T01:01:35.727+0000] {dag.py:3211} INFO - Sync 1 DAGs
[2025-04-30T01:01:35.742+0000] {logging_mixin.py:190} INFO - [2025-04-30T01:01:35.742+0000] {dag.py:4138} INFO - Setting next_dagrun for example_display_name to None, run_after=None
[2025-04-30T01:01:35.764+0000] {processor.py:208} INFO - Processing /home/airflow/.local/lib/python3.12/site-packages/airflow/example_dags/example_display_name.py took 0.076 seconds
[2025-04-30T01:02:06.765+0000] {processor.py:186} INFO - Started process (PID=3049) to work on /home/airflow/.local/lib/python3.12/site-packages/airflow/example_dags/example_display_name.py
[2025-04-30T01:02:06.766+0000] {processor.py:914} INFO - Processing file /home/airflow/.local/lib/python3.12/site-packages/airflow/example_dags/example_display_name.py for tasks to queue
[2025-04-30T01:02:06.768+0000] {logging_mixin.py:190} INFO - [2025-04-30T01:02:06.768+0000] {dagbag.py:587} INFO - Filling up the DagBag from /home/airflow/.local/lib/python3.12/site-packages/airflow/example_dags/example_display_name.py
[2025-04-30T01:02:06.785+0000] {processor.py:925} INFO - DAG(s) 'example_display_name' retrieved from /home/airflow/.local/lib/python3.12/site-packages/airflow/example_dags/example_display_name.py
[2025-04-30T01:02:06.806+0000] {logging_mixin.py:190} INFO - [2025-04-30T01:02:06.806+0000] {dag.py:3211} INFO - Sync 1 DAGs
[2025-04-30T01:02:06.820+0000] {logging_mixin.py:190} INFO - [2025-04-30T01:02:06.820+0000] {dag.py:4138} INFO - Setting next_dagrun for example_display_name to None, run_after=None
[2025-04-30T01:02:06.840+0000] {processor.py:208} INFO - Processing /home/airflow/.local/lib/python3.12/site-packages/airflow/example_dags/example_display_name.py took 0.081 seconds
[2025-04-30T01:02:37.214+0000] {processor.py:186} INFO - Started process (PID=3110) to work on /home/airflow/.local/lib/python3.12/site-packages/airflow/example_dags/example_display_name.py
[2025-04-30T01:02:37.215+0000] {processor.py:914} INFO - Processing file /home/airflow/.local/lib/python3.12/site-packages/airflow/example_dags/example_display_name.py for tasks to queue
[2025-04-30T01:02:37.217+0000] {logging_mixin.py:190} INFO - [2025-04-30T01:02:37.217+0000] {dagbag.py:587} INFO - Filling up the DagBag from /home/airflow/.local/lib/python3.12/site-packages/airflow/example_dags/example_display_name.py
[2025-04-30T01:02:37.227+0000] {processor.py:925} INFO - DAG(s) 'example_display_name' retrieved from /home/airflow/.local/lib/python3.12/site-packages/airflow/example_dags/example_display_name.py
[2025-04-30T01:02:37.250+0000] {logging_mixin.py:190} INFO - [2025-04-30T01:02:37.249+0000] {dag.py:3211} INFO - Sync 1 DAGs
[2025-04-30T01:02:37.266+0000] {logging_mixin.py:190} INFO - [2025-04-30T01:02:37.266+0000] {dag.py:4138} INFO - Setting next_dagrun for example_display_name to None, run_after=None
[2025-04-30T01:02:37.287+0000] {processor.py:208} INFO - Processing /home/airflow/.local/lib/python3.12/site-packages/airflow/example_dags/example_display_name.py took 0.080 seconds
[2025-04-30T01:03:08.271+0000] {processor.py:186} INFO - Started process (PID=3172) to work on /home/airflow/.local/lib/python3.12/site-packages/airflow/example_dags/example_display_name.py
[2025-04-30T01:03:08.273+0000] {processor.py:914} INFO - Processing file /home/airflow/.local/lib/python3.12/site-packages/airflow/example_dags/example_display_name.py for tasks to queue
[2025-04-30T01:03:08.275+0000] {logging_mixin.py:190} INFO - [2025-04-30T01:03:08.274+0000] {dagbag.py:587} INFO - Filling up the DagBag from /home/airflow/.local/lib/python3.12/site-packages/airflow/example_dags/example_display_name.py
[2025-04-30T01:03:08.285+0000] {processor.py:925} INFO - DAG(s) 'example_display_name' retrieved from /home/airflow/.local/lib/python3.12/site-packages/airflow/example_dags/example_display_name.py
[2025-04-30T01:03:08.312+0000] {logging_mixin.py:190} INFO - [2025-04-30T01:03:08.312+0000] {dag.py:3211} INFO - Sync 1 DAGs
[2025-04-30T01:03:08.328+0000] {logging_mixin.py:190} INFO - [2025-04-30T01:03:08.328+0000] {dag.py:4138} INFO - Setting next_dagrun for example_display_name to None, run_after=None
[2025-04-30T01:03:08.352+0000] {processor.py:208} INFO - Processing /home/airflow/.local/lib/python3.12/site-packages/airflow/example_dags/example_display_name.py took 0.087 seconds
[2025-04-30T01:03:39.258+0000] {processor.py:186} INFO - Started process (PID=3235) to work on /home/airflow/.local/lib/python3.12/site-packages/airflow/example_dags/example_display_name.py
[2025-04-30T01:03:39.260+0000] {processor.py:914} INFO - Processing file /home/airflow/.local/lib/python3.12/site-packages/airflow/example_dags/example_display_name.py for tasks to queue
[2025-04-30T01:03:39.263+0000] {logging_mixin.py:190} INFO - [2025-04-30T01:03:39.262+0000] {dagbag.py:587} INFO - Filling up the DagBag from /home/airflow/.local/lib/python3.12/site-packages/airflow/example_dags/example_display_name.py
[2025-04-30T01:03:39.275+0000] {processor.py:925} INFO - DAG(s) 'example_display_name' retrieved from /home/airflow/.local/lib/python3.12/site-packages/airflow/example_dags/example_display_name.py
[2025-04-30T01:03:39.309+0000] {logging_mixin.py:190} INFO - [2025-04-30T01:03:39.309+0000] {dag.py:3211} INFO - Sync 1 DAGs
[2025-04-30T01:03:39.570+0000] {logging_mixin.py:190} INFO - [2025-04-30T01:03:39.570+0000] {dag.py:4138} INFO - Setting next_dagrun for example_display_name to None, run_after=None
[2025-04-30T01:03:39.603+0000] {processor.py:208} INFO - Processing /home/airflow/.local/lib/python3.12/site-packages/airflow/example_dags/example_display_name.py took 0.355 seconds
[2025-04-30T01:04:09.848+0000] {processor.py:186} INFO - Started process (PID=3298) to work on /home/airflow/.local/lib/python3.12/site-packages/airflow/example_dags/example_display_name.py
[2025-04-30T01:04:09.850+0000] {processor.py:914} INFO - Processing file /home/airflow/.local/lib/python3.12/site-packages/airflow/example_dags/example_display_name.py for tasks to queue
[2025-04-30T01:04:09.852+0000] {logging_mixin.py:190} INFO - [2025-04-30T01:04:09.852+0000] {dagbag.py:587} INFO - Filling up the DagBag from /home/airflow/.local/lib/python3.12/site-packages/airflow/example_dags/example_display_name.py
[2025-04-30T01:04:09.861+0000] {processor.py:925} INFO - DAG(s) 'example_display_name' retrieved from /home/airflow/.local/lib/python3.12/site-packages/airflow/example_dags/example_display_name.py
[2025-04-30T01:04:09.890+0000] {logging_mixin.py:190} INFO - [2025-04-30T01:04:09.890+0000] {dag.py:3211} INFO - Sync 1 DAGs
[2025-04-30T01:04:09.912+0000] {logging_mixin.py:190} INFO - [2025-04-30T01:04:09.911+0000] {dag.py:4138} INFO - Setting next_dagrun for example_display_name to None, run_after=None
[2025-04-30T01:04:10.151+0000] {processor.py:208} INFO - Processing /home/airflow/.local/lib/python3.12/site-packages/airflow/example_dags/example_display_name.py took 0.311 seconds
[2025-04-30T01:04:40.272+0000] {processor.py:186} INFO - Started process (PID=3361) to work on /home/airflow/.local/lib/python3.12/site-packages/airflow/example_dags/example_display_name.py
[2025-04-30T01:04:40.273+0000] {processor.py:914} INFO - Processing file /home/airflow/.local/lib/python3.12/site-packages/airflow/example_dags/example_display_name.py for tasks to queue
[2025-04-30T01:04:40.275+0000] {logging_mixin.py:190} INFO - [2025-04-30T01:04:40.275+0000] {dagbag.py:587} INFO - Filling up the DagBag from /home/airflow/.local/lib/python3.12/site-packages/airflow/example_dags/example_display_name.py
[2025-04-30T01:04:40.285+0000] {processor.py:925} INFO - DAG(s) 'example_display_name' retrieved from /home/airflow/.local/lib/python3.12/site-packages/airflow/example_dags/example_display_name.py
[2025-04-30T01:04:40.312+0000] {logging_mixin.py:190} INFO - [2025-04-30T01:04:40.311+0000] {dag.py:3211} INFO - Sync 1 DAGs
[2025-04-30T01:04:40.337+0000] {logging_mixin.py:190} INFO - [2025-04-30T01:04:40.336+0000] {dag.py:4138} INFO - Setting next_dagrun for example_display_name to None, run_after=None
[2025-04-30T01:04:40.368+0000] {processor.py:208} INFO - Processing /home/airflow/.local/lib/python3.12/site-packages/airflow/example_dags/example_display_name.py took 0.103 seconds
[2025-04-30T01:05:11.114+0000] {processor.py:186} INFO - Started process (PID=3424) to work on /home/airflow/.local/lib/python3.12/site-packages/airflow/example_dags/example_display_name.py
[2025-04-30T01:05:11.115+0000] {processor.py:914} INFO - Processing file /home/airflow/.local/lib/python3.12/site-packages/airflow/example_dags/example_display_name.py for tasks to queue
[2025-04-30T01:05:11.116+0000] {logging_mixin.py:190} INFO - [2025-04-30T01:05:11.116+0000] {dagbag.py:587} INFO - Filling up the DagBag from /home/airflow/.local/lib/python3.12/site-packages/airflow/example_dags/example_display_name.py
[2025-04-30T01:05:11.124+0000] {processor.py:925} INFO - DAG(s) 'example_display_name' retrieved from /home/airflow/.local/lib/python3.12/site-packages/airflow/example_dags/example_display_name.py
[2025-04-30T01:05:11.145+0000] {logging_mixin.py:190} INFO - [2025-04-30T01:05:11.145+0000] {dag.py:3211} INFO - Sync 1 DAGs
[2025-04-30T01:05:11.166+0000] {logging_mixin.py:190} INFO - [2025-04-30T01:05:11.166+0000] {dag.py:4138} INFO - Setting next_dagrun for example_display_name to None, run_after=None
[2025-04-30T01:05:11.189+0000] {processor.py:208} INFO - Processing /home/airflow/.local/lib/python3.12/site-packages/airflow/example_dags/example_display_name.py took 0.082 seconds
[2025-04-30T01:05:41.638+0000] {processor.py:186} INFO - Started process (PID=3487) to work on /home/airflow/.local/lib/python3.12/site-packages/airflow/example_dags/example_display_name.py
[2025-04-30T01:05:41.639+0000] {processor.py:914} INFO - Processing file /home/airflow/.local/lib/python3.12/site-packages/airflow/example_dags/example_display_name.py for tasks to queue
[2025-04-30T01:05:41.641+0000] {logging_mixin.py:190} INFO - [2025-04-30T01:05:41.640+0000] {dagbag.py:587} INFO - Filling up the DagBag from /home/airflow/.local/lib/python3.12/site-packages/airflow/example_dags/example_display_name.py
[2025-04-30T01:05:41.648+0000] {processor.py:925} INFO - DAG(s) 'example_display_name' retrieved from /home/airflow/.local/lib/python3.12/site-packages/airflow/example_dags/example_display_name.py
[2025-04-30T01:05:41.670+0000] {logging_mixin.py:190} INFO - [2025-04-30T01:05:41.670+0000] {dag.py:3211} INFO - Sync 1 DAGs
[2025-04-30T01:05:41.686+0000] {logging_mixin.py:190} INFO - [2025-04-30T01:05:41.686+0000] {dag.py:4138} INFO - Setting next_dagrun for example_display_name to None, run_after=None
[2025-04-30T01:05:41.708+0000] {processor.py:208} INFO - Processing /home/airflow/.local/lib/python3.12/site-packages/airflow/example_dags/example_display_name.py took 0.077 seconds
[2025-04-30T01:06:12.565+0000] {processor.py:186} INFO - Started process (PID=3550) to work on /home/airflow/.local/lib/python3.12/site-packages/airflow/example_dags/example_display_name.py
[2025-04-30T01:06:12.566+0000] {processor.py:914} INFO - Processing file /home/airflow/.local/lib/python3.12/site-packages/airflow/example_dags/example_display_name.py for tasks to queue
[2025-04-30T01:06:12.568+0000] {logging_mixin.py:190} INFO - [2025-04-30T01:06:12.567+0000] {dagbag.py:587} INFO - Filling up the DagBag from /home/airflow/.local/lib/python3.12/site-packages/airflow/example_dags/example_display_name.py
[2025-04-30T01:06:12.577+0000] {processor.py:925} INFO - DAG(s) 'example_display_name' retrieved from /home/airflow/.local/lib/python3.12/site-packages/airflow/example_dags/example_display_name.py
[2025-04-30T01:06:12.599+0000] {logging_mixin.py:190} INFO - [2025-04-30T01:06:12.599+0000] {dag.py:3211} INFO - Sync 1 DAGs
[2025-04-30T01:06:12.617+0000] {logging_mixin.py:190} INFO - [2025-04-30T01:06:12.617+0000] {dag.py:4138} INFO - Setting next_dagrun for example_display_name to None, run_after=None
[2025-04-30T01:06:12.640+0000] {processor.py:208} INFO - Processing /home/airflow/.local/lib/python3.12/site-packages/airflow/example_dags/example_display_name.py took 0.082 seconds
[2025-04-30T01:06:43.106+0000] {processor.py:186} INFO - Started process (PID=3613) to work on /home/airflow/.local/lib/python3.12/site-packages/airflow/example_dags/example_display_name.py
[2025-04-30T01:06:43.108+0000] {processor.py:914} INFO - Processing file /home/airflow/.local/lib/python3.12/site-packages/airflow/example_dags/example_display_name.py for tasks to queue
[2025-04-30T01:06:43.110+0000] {logging_mixin.py:190} INFO - [2025-04-30T01:06:43.109+0000] {dagbag.py:587} INFO - Filling up the DagBag from /home/airflow/.local/lib/python3.12/site-packages/airflow/example_dags/example_display_name.py
[2025-04-30T01:06:43.119+0000] {processor.py:925} INFO - DAG(s) 'example_display_name' retrieved from /home/airflow/.local/lib/python3.12/site-packages/airflow/example_dags/example_display_name.py
[2025-04-30T01:06:43.142+0000] {logging_mixin.py:190} INFO - [2025-04-30T01:06:43.142+0000] {dag.py:3211} INFO - Sync 1 DAGs
[2025-04-30T01:06:43.160+0000] {logging_mixin.py:190} INFO - [2025-04-30T01:06:43.160+0000] {dag.py:4138} INFO - Setting next_dagrun for example_display_name to None, run_after=None
[2025-04-30T01:06:43.181+0000] {processor.py:208} INFO - Processing /home/airflow/.local/lib/python3.12/site-packages/airflow/example_dags/example_display_name.py took 0.082 seconds
[2025-04-30T01:07:14.033+0000] {processor.py:186} INFO - Started process (PID=3676) to work on /home/airflow/.local/lib/python3.12/site-packages/airflow/example_dags/example_display_name.py
[2025-04-30T01:07:14.035+0000] {processor.py:914} INFO - Processing file /home/airflow/.local/lib/python3.12/site-packages/airflow/example_dags/example_display_name.py for tasks to queue
[2025-04-30T01:07:14.037+0000] {logging_mixin.py:190} INFO - [2025-04-30T01:07:14.036+0000] {dagbag.py:587} INFO - Filling up the DagBag from /home/airflow/.local/lib/python3.12/site-packages/airflow/example_dags/example_display_name.py
[2025-04-30T01:07:14.046+0000] {processor.py:925} INFO - DAG(s) 'example_display_name' retrieved from /home/airflow/.local/lib/python3.12/site-packages/airflow/example_dags/example_display_name.py
[2025-04-30T01:07:14.070+0000] {logging_mixin.py:190} INFO - [2025-04-30T01:07:14.070+0000] {dag.py:3211} INFO - Sync 1 DAGs
[2025-04-30T01:07:14.086+0000] {logging_mixin.py:190} INFO - [2025-04-30T01:07:14.086+0000] {dag.py:4138} INFO - Setting next_dagrun for example_display_name to None, run_after=None
[2025-04-30T01:07:14.108+0000] {processor.py:208} INFO - Processing /home/airflow/.local/lib/python3.12/site-packages/airflow/example_dags/example_display_name.py took 0.082 seconds
[2025-04-30T01:07:44.328+0000] {processor.py:186} INFO - Started process (PID=3738) to work on /home/airflow/.local/lib/python3.12/site-packages/airflow/example_dags/example_display_name.py
[2025-04-30T01:07:44.329+0000] {processor.py:914} INFO - Processing file /home/airflow/.local/lib/python3.12/site-packages/airflow/example_dags/example_display_name.py for tasks to queue
[2025-04-30T01:07:44.331+0000] {logging_mixin.py:190} INFO - [2025-04-30T01:07:44.331+0000] {dagbag.py:587} INFO - Filling up the DagBag from /home/airflow/.local/lib/python3.12/site-packages/airflow/example_dags/example_display_name.py
[2025-04-30T01:07:44.340+0000] {processor.py:925} INFO - DAG(s) 'example_display_name' retrieved from /home/airflow/.local/lib/python3.12/site-packages/airflow/example_dags/example_display_name.py
[2025-04-30T01:07:44.365+0000] {logging_mixin.py:190} INFO - [2025-04-30T01:07:44.364+0000] {dag.py:3211} INFO - Sync 1 DAGs
[2025-04-30T01:07:44.383+0000] {logging_mixin.py:190} INFO - [2025-04-30T01:07:44.382+0000] {dag.py:4138} INFO - Setting next_dagrun for example_display_name to None, run_after=None
[2025-04-30T01:07:44.405+0000] {processor.py:208} INFO - Processing /home/airflow/.local/lib/python3.12/site-packages/airflow/example_dags/example_display_name.py took 0.085 seconds
[2025-04-30T01:08:15.184+0000] {processor.py:186} INFO - Started process (PID=3802) to work on /home/airflow/.local/lib/python3.12/site-packages/airflow/example_dags/example_display_name.py
[2025-04-30T01:08:15.185+0000] {processor.py:914} INFO - Processing file /home/airflow/.local/lib/python3.12/site-packages/airflow/example_dags/example_display_name.py for tasks to queue
[2025-04-30T01:08:15.187+0000] {logging_mixin.py:190} INFO - [2025-04-30T01:08:15.186+0000] {dagbag.py:587} INFO - Filling up the DagBag from /home/airflow/.local/lib/python3.12/site-packages/airflow/example_dags/example_display_name.py
[2025-04-30T01:08:15.197+0000] {processor.py:925} INFO - DAG(s) 'example_display_name' retrieved from /home/airflow/.local/lib/python3.12/site-packages/airflow/example_dags/example_display_name.py
[2025-04-30T01:08:15.218+0000] {logging_mixin.py:190} INFO - [2025-04-30T01:08:15.218+0000] {dag.py:3211} INFO - Sync 1 DAGs
[2025-04-30T01:08:15.234+0000] {logging_mixin.py:190} INFO - [2025-04-30T01:08:15.234+0000] {dag.py:4138} INFO - Setting next_dagrun for example_display_name to None, run_after=None
[2025-04-30T01:08:15.260+0000] {processor.py:208} INFO - Processing /home/airflow/.local/lib/python3.12/site-packages/airflow/example_dags/example_display_name.py took 0.084 seconds
[2025-04-30T01:08:46.075+0000] {processor.py:186} INFO - Started process (PID=3864) to work on /home/airflow/.local/lib/python3.12/site-packages/airflow/example_dags/example_display_name.py
[2025-04-30T01:08:46.077+0000] {processor.py:914} INFO - Processing file /home/airflow/.local/lib/python3.12/site-packages/airflow/example_dags/example_display_name.py for tasks to queue
[2025-04-30T01:08:46.078+0000] {logging_mixin.py:190} INFO - [2025-04-30T01:08:46.078+0000] {dagbag.py:587} INFO - Filling up the DagBag from /home/airflow/.local/lib/python3.12/site-packages/airflow/example_dags/example_display_name.py
[2025-04-30T01:08:46.086+0000] {processor.py:925} INFO - DAG(s) 'example_display_name' retrieved from /home/airflow/.local/lib/python3.12/site-packages/airflow/example_dags/example_display_name.py
[2025-04-30T01:08:46.112+0000] {logging_mixin.py:190} INFO - [2025-04-30T01:08:46.111+0000] {dag.py:3211} INFO - Sync 1 DAGs
[2025-04-30T01:08:46.134+0000] {logging_mixin.py:190} INFO - [2025-04-30T01:08:46.133+0000] {dag.py:4138} INFO - Setting next_dagrun for example_display_name to None, run_after=None
[2025-04-30T01:08:46.160+0000] {processor.py:208} INFO - Processing /home/airflow/.local/lib/python3.12/site-packages/airflow/example_dags/example_display_name.py took 0.091 seconds
[2025-04-30T01:09:17.395+0000] {processor.py:186} INFO - Started process (PID=3926) to work on /home/airflow/.local/lib/python3.12/site-packages/airflow/example_dags/example_display_name.py
[2025-04-30T01:09:17.396+0000] {processor.py:914} INFO - Processing file /home/airflow/.local/lib/python3.12/site-packages/airflow/example_dags/example_display_name.py for tasks to queue
[2025-04-30T01:09:17.398+0000] {logging_mixin.py:190} INFO - [2025-04-30T01:09:17.397+0000] {dagbag.py:587} INFO - Filling up the DagBag from /home/airflow/.local/lib/python3.12/site-packages/airflow/example_dags/example_display_name.py
[2025-04-30T01:09:17.407+0000] {processor.py:925} INFO - DAG(s) 'example_display_name' retrieved from /home/airflow/.local/lib/python3.12/site-packages/airflow/example_dags/example_display_name.py
[2025-04-30T01:09:17.433+0000] {logging_mixin.py:190} INFO - [2025-04-30T01:09:17.432+0000] {dag.py:3211} INFO - Sync 1 DAGs
[2025-04-30T01:09:17.450+0000] {logging_mixin.py:190} INFO - [2025-04-30T01:09:17.449+0000] {dag.py:4138} INFO - Setting next_dagrun for example_display_name to None, run_after=None
[2025-04-30T01:09:17.472+0000] {processor.py:208} INFO - Processing /home/airflow/.local/lib/python3.12/site-packages/airflow/example_dags/example_display_name.py took 0.085 seconds
[2025-04-30T01:09:47.753+0000] {processor.py:186} INFO - Started process (PID=3988) to work on /home/airflow/.local/lib/python3.12/site-packages/airflow/example_dags/example_display_name.py
[2025-04-30T01:09:47.754+0000] {processor.py:914} INFO - Processing file /home/airflow/.local/lib/python3.12/site-packages/airflow/example_dags/example_display_name.py for tasks to queue
[2025-04-30T01:09:47.756+0000] {logging_mixin.py:190} INFO - [2025-04-30T01:09:47.756+0000] {dagbag.py:587} INFO - Filling up the DagBag from /home/airflow/.local/lib/python3.12/site-packages/airflow/example_dags/example_display_name.py
[2025-04-30T01:09:47.766+0000] {processor.py:925} INFO - DAG(s) 'example_display_name' retrieved from /home/airflow/.local/lib/python3.12/site-packages/airflow/example_dags/example_display_name.py
[2025-04-30T01:09:47.789+0000] {logging_mixin.py:190} INFO - [2025-04-30T01:09:47.789+0000] {dag.py:3211} INFO - Sync 1 DAGs
[2025-04-30T01:09:47.806+0000] {logging_mixin.py:190} INFO - [2025-04-30T01:09:47.805+0000] {dag.py:4138} INFO - Setting next_dagrun for example_display_name to None, run_after=None
[2025-04-30T01:09:47.825+0000] {processor.py:208} INFO - Processing /home/airflow/.local/lib/python3.12/site-packages/airflow/example_dags/example_display_name.py took 0.080 seconds
[2025-04-30T01:10:18.516+0000] {processor.py:186} INFO - Started process (PID=4056) to work on /home/airflow/.local/lib/python3.12/site-packages/airflow/example_dags/example_display_name.py
[2025-04-30T01:10:18.518+0000] {processor.py:914} INFO - Processing file /home/airflow/.local/lib/python3.12/site-packages/airflow/example_dags/example_display_name.py for tasks to queue
[2025-04-30T01:10:18.519+0000] {logging_mixin.py:190} INFO - [2025-04-30T01:10:18.519+0000] {dagbag.py:587} INFO - Filling up the DagBag from /home/airflow/.local/lib/python3.12/site-packages/airflow/example_dags/example_display_name.py
[2025-04-30T01:10:18.529+0000] {processor.py:925} INFO - DAG(s) 'example_display_name' retrieved from /home/airflow/.local/lib/python3.12/site-packages/airflow/example_dags/example_display_name.py
[2025-04-30T01:10:18.552+0000] {logging_mixin.py:190} INFO - [2025-04-30T01:10:18.551+0000] {dag.py:3211} INFO - Sync 1 DAGs
[2025-04-30T01:10:18.569+0000] {logging_mixin.py:190} INFO - [2025-04-30T01:10:18.568+0000] {dag.py:4138} INFO - Setting next_dagrun for example_display_name to None, run_after=None
[2025-04-30T01:10:18.590+0000] {processor.py:208} INFO - Processing /home/airflow/.local/lib/python3.12/site-packages/airflow/example_dags/example_display_name.py took 0.080 seconds
[2025-04-30T01:10:49.392+0000] {processor.py:186} INFO - Started process (PID=4118) to work on /home/airflow/.local/lib/python3.12/site-packages/airflow/example_dags/example_display_name.py
[2025-04-30T01:10:49.393+0000] {processor.py:914} INFO - Processing file /home/airflow/.local/lib/python3.12/site-packages/airflow/example_dags/example_display_name.py for tasks to queue
[2025-04-30T01:10:49.395+0000] {logging_mixin.py:190} INFO - [2025-04-30T01:10:49.394+0000] {dagbag.py:587} INFO - Filling up the DagBag from /home/airflow/.local/lib/python3.12/site-packages/airflow/example_dags/example_display_name.py
[2025-04-30T01:10:49.406+0000] {processor.py:925} INFO - DAG(s) 'example_display_name' retrieved from /home/airflow/.local/lib/python3.12/site-packages/airflow/example_dags/example_display_name.py
[2025-04-30T01:10:49.433+0000] {logging_mixin.py:190} INFO - [2025-04-30T01:10:49.432+0000] {dag.py:3211} INFO - Sync 1 DAGs
[2025-04-30T01:10:49.449+0000] {logging_mixin.py:190} INFO - [2025-04-30T01:10:49.449+0000] {dag.py:4138} INFO - Setting next_dagrun for example_display_name to None, run_after=None
[2025-04-30T01:10:49.470+0000] {processor.py:208} INFO - Processing /home/airflow/.local/lib/python3.12/site-packages/airflow/example_dags/example_display_name.py took 0.084 seconds
[2025-04-30T01:11:20.313+0000] {processor.py:186} INFO - Started process (PID=4180) to work on /home/airflow/.local/lib/python3.12/site-packages/airflow/example_dags/example_display_name.py
[2025-04-30T01:11:20.314+0000] {processor.py:914} INFO - Processing file /home/airflow/.local/lib/python3.12/site-packages/airflow/example_dags/example_display_name.py for tasks to queue
[2025-04-30T01:11:20.316+0000] {logging_mixin.py:190} INFO - [2025-04-30T01:11:20.315+0000] {dagbag.py:587} INFO - Filling up the DagBag from /home/airflow/.local/lib/python3.12/site-packages/airflow/example_dags/example_display_name.py
[2025-04-30T01:11:20.325+0000] {processor.py:925} INFO - DAG(s) 'example_display_name' retrieved from /home/airflow/.local/lib/python3.12/site-packages/airflow/example_dags/example_display_name.py
[2025-04-30T01:11:20.351+0000] {logging_mixin.py:190} INFO - [2025-04-30T01:11:20.351+0000] {dag.py:3211} INFO - Sync 1 DAGs
[2025-04-30T01:11:20.368+0000] {logging_mixin.py:190} INFO - [2025-04-30T01:11:20.367+0000] {dag.py:4138} INFO - Setting next_dagrun for example_display_name to None, run_after=None
[2025-04-30T01:11:20.390+0000] {processor.py:208} INFO - Processing /home/airflow/.local/lib/python3.12/site-packages/airflow/example_dags/example_display_name.py took 0.083 seconds
[2025-04-30T01:11:51.187+0000] {processor.py:186} INFO - Started process (PID=4242) to work on /home/airflow/.local/lib/python3.12/site-packages/airflow/example_dags/example_display_name.py
[2025-04-30T01:11:51.188+0000] {processor.py:914} INFO - Processing file /home/airflow/.local/lib/python3.12/site-packages/airflow/example_dags/example_display_name.py for tasks to queue
[2025-04-30T01:11:51.190+0000] {logging_mixin.py:190} INFO - [2025-04-30T01:11:51.190+0000] {dagbag.py:587} INFO - Filling up the DagBag from /home/airflow/.local/lib/python3.12/site-packages/airflow/example_dags/example_display_name.py
[2025-04-30T01:11:51.207+0000] {processor.py:925} INFO - DAG(s) 'example_display_name' retrieved from /home/airflow/.local/lib/python3.12/site-packages/airflow/example_dags/example_display_name.py
[2025-04-30T01:11:51.240+0000] {logging_mixin.py:190} INFO - [2025-04-30T01:11:51.240+0000] {dag.py:3211} INFO - Sync 1 DAGs
[2025-04-30T01:11:51.265+0000] {logging_mixin.py:190} INFO - [2025-04-30T01:11:51.264+0000] {dag.py:4138} INFO - Setting next_dagrun for example_display_name to None, run_after=None
[2025-04-30T01:11:51.297+0000] {processor.py:208} INFO - Processing /home/airflow/.local/lib/python3.12/site-packages/airflow/example_dags/example_display_name.py took 0.122 seconds
