[2025-04-30T00:30:45.650+0000] {processor.py:186} INFO - Started process (PID=75) to work on /home/airflow/.local/lib/python3.12/site-packages/airflow/example_dags/example_trigger_target_dag.py
[2025-04-30T00:30:45.653+0000] {processor.py:914} INFO - Processing file /home/airflow/.local/lib/python3.12/site-packages/airflow/example_dags/example_trigger_target_dag.py for tasks to queue
[2025-04-30T00:30:45.658+0000] {logging_mixin.py:190} INFO - [2025-04-30T00:30:45.658+0000] {dagbag.py:587} INFO - Filling up the DagBag from /home/airflow/.local/lib/python3.12/site-packages/airflow/example_dags/example_trigger_target_dag.py
[2025-04-30T00:30:45.691+0000] {processor.py:925} INFO - DAG(s) 'example_trigger_target_dag' retrieved from /home/airflow/.local/lib/python3.12/site-packages/airflow/example_dags/example_trigger_target_dag.py
[2025-04-30T00:30:46.200+0000] {logging_mixin.py:190} INFO - [2025-04-30T00:30:46.198+0000] {override.py:1858} INFO - Created Permission View: can edit on DAG:example_trigger_target_dag
[2025-04-30T00:30:46.221+0000] {logging_mixin.py:190} INFO - [2025-04-30T00:30:46.220+0000] {override.py:1858} INFO - Created Permission View: can read on DAG:example_trigger_target_dag
[2025-04-30T00:30:46.241+0000] {logging_mixin.py:190} INFO - [2025-04-30T00:30:46.240+0000] {override.py:1858} INFO - Created Permission View: can delete on DAG:example_trigger_target_dag
[2025-04-30T00:30:46.243+0000] {logging_mixin.py:190} INFO - [2025-04-30T00:30:46.242+0000] {dag.py:3211} INFO - Sync 1 DAGs
[2025-04-30T00:30:46.270+0000] {logging_mixin.py:190} INFO - [2025-04-30T00:30:46.270+0000] {dag.py:3234} INFO - Creating ORM DAG for example_trigger_target_dag
[2025-04-30T00:30:46.272+0000] {logging_mixin.py:190} INFO - [2025-04-30T00:30:46.272+0000] {dag.py:4138} INFO - Setting next_dagrun for example_trigger_target_dag to None, run_after=None
[2025-04-30T00:30:46.312+0000] {processor.py:208} INFO - Processing /home/airflow/.local/lib/python3.12/site-packages/airflow/example_dags/example_trigger_target_dag.py took 0.681 seconds
[2025-04-30T00:31:16.404+0000] {processor.py:186} INFO - Started process (PID=138) to work on /home/airflow/.local/lib/python3.12/site-packages/airflow/example_dags/example_trigger_target_dag.py
[2025-04-30T00:31:16.407+0000] {processor.py:914} INFO - Processing file /home/airflow/.local/lib/python3.12/site-packages/airflow/example_dags/example_trigger_target_dag.py for tasks to queue
[2025-04-30T00:31:16.414+0000] {logging_mixin.py:190} INFO - [2025-04-30T00:31:16.413+0000] {dagbag.py:587} INFO - Filling up the DagBag from /home/airflow/.local/lib/python3.12/site-packages/airflow/example_dags/example_trigger_target_dag.py
[2025-04-30T00:31:16.432+0000] {processor.py:925} INFO - DAG(s) 'example_trigger_target_dag' retrieved from /home/airflow/.local/lib/python3.12/site-packages/airflow/example_dags/example_trigger_target_dag.py
[2025-04-30T00:31:16.479+0000] {logging_mixin.py:190} INFO - [2025-04-30T00:31:16.478+0000] {dag.py:3211} INFO - Sync 1 DAGs
[2025-04-30T00:31:16.511+0000] {logging_mixin.py:190} INFO - [2025-04-30T00:31:16.511+0000] {dag.py:4138} INFO - Setting next_dagrun for example_trigger_target_dag to None, run_after=None
[2025-04-30T00:31:16.553+0000] {processor.py:208} INFO - Processing /home/airflow/.local/lib/python3.12/site-packages/airflow/example_dags/example_trigger_target_dag.py took 0.164 seconds
[2025-04-30T00:31:46.904+0000] {processor.py:186} INFO - Started process (PID=201) to work on /home/airflow/.local/lib/python3.12/site-packages/airflow/example_dags/example_trigger_target_dag.py
[2025-04-30T00:31:46.907+0000] {processor.py:914} INFO - Processing file /home/airflow/.local/lib/python3.12/site-packages/airflow/example_dags/example_trigger_target_dag.py for tasks to queue
[2025-04-30T00:31:46.912+0000] {logging_mixin.py:190} INFO - [2025-04-30T00:31:46.911+0000] {dagbag.py:587} INFO - Filling up the DagBag from /home/airflow/.local/lib/python3.12/site-packages/airflow/example_dags/example_trigger_target_dag.py
[2025-04-30T00:31:46.928+0000] {processor.py:925} INFO - DAG(s) 'example_trigger_target_dag' retrieved from /home/airflow/.local/lib/python3.12/site-packages/airflow/example_dags/example_trigger_target_dag.py
[2025-04-30T00:31:46.969+0000] {logging_mixin.py:190} INFO - [2025-04-30T00:31:46.968+0000] {dag.py:3211} INFO - Sync 1 DAGs
[2025-04-30T00:31:46.998+0000] {logging_mixin.py:190} INFO - [2025-04-30T00:31:46.998+0000] {dag.py:4138} INFO - Setting next_dagrun for example_trigger_target_dag to None, run_after=None
[2025-04-30T00:31:47.038+0000] {processor.py:208} INFO - Processing /home/airflow/.local/lib/python3.12/site-packages/airflow/example_dags/example_trigger_target_dag.py took 0.146 seconds
[2025-04-30T00:32:17.167+0000] {processor.py:186} INFO - Started process (PID=264) to work on /home/airflow/.local/lib/python3.12/site-packages/airflow/example_dags/example_trigger_target_dag.py
[2025-04-30T00:32:17.170+0000] {processor.py:914} INFO - Processing file /home/airflow/.local/lib/python3.12/site-packages/airflow/example_dags/example_trigger_target_dag.py for tasks to queue
[2025-04-30T00:32:17.175+0000] {logging_mixin.py:190} INFO - [2025-04-30T00:32:17.174+0000] {dagbag.py:587} INFO - Filling up the DagBag from /home/airflow/.local/lib/python3.12/site-packages/airflow/example_dags/example_trigger_target_dag.py
[2025-04-30T00:32:17.191+0000] {processor.py:925} INFO - DAG(s) 'example_trigger_target_dag' retrieved from /home/airflow/.local/lib/python3.12/site-packages/airflow/example_dags/example_trigger_target_dag.py
[2025-04-30T00:32:17.234+0000] {logging_mixin.py:190} INFO - [2025-04-30T00:32:17.234+0000] {dag.py:3211} INFO - Sync 1 DAGs
[2025-04-30T00:32:17.265+0000] {logging_mixin.py:190} INFO - [2025-04-30T00:32:17.264+0000] {dag.py:4138} INFO - Setting next_dagrun for example_trigger_target_dag to None, run_after=None
[2025-04-30T00:32:17.313+0000] {processor.py:208} INFO - Processing /home/airflow/.local/lib/python3.12/site-packages/airflow/example_dags/example_trigger_target_dag.py took 0.160 seconds
[2025-04-30T00:32:47.741+0000] {processor.py:186} INFO - Started process (PID=327) to work on /home/airflow/.local/lib/python3.12/site-packages/airflow/example_dags/example_trigger_target_dag.py
[2025-04-30T00:32:47.743+0000] {processor.py:914} INFO - Processing file /home/airflow/.local/lib/python3.12/site-packages/airflow/example_dags/example_trigger_target_dag.py for tasks to queue
[2025-04-30T00:32:47.752+0000] {logging_mixin.py:190} INFO - [2025-04-30T00:32:47.751+0000] {dagbag.py:587} INFO - Filling up the DagBag from /home/airflow/.local/lib/python3.12/site-packages/airflow/example_dags/example_trigger_target_dag.py
[2025-04-30T00:32:47.773+0000] {processor.py:925} INFO - DAG(s) 'example_trigger_target_dag' retrieved from /home/airflow/.local/lib/python3.12/site-packages/airflow/example_dags/example_trigger_target_dag.py
[2025-04-30T00:32:47.823+0000] {logging_mixin.py:190} INFO - [2025-04-30T00:32:47.823+0000] {dag.py:3211} INFO - Sync 1 DAGs
[2025-04-30T00:32:47.860+0000] {logging_mixin.py:190} INFO - [2025-04-30T00:32:47.860+0000] {dag.py:4138} INFO - Setting next_dagrun for example_trigger_target_dag to None, run_after=None
[2025-04-30T00:32:47.911+0000] {processor.py:208} INFO - Processing /home/airflow/.local/lib/python3.12/site-packages/airflow/example_dags/example_trigger_target_dag.py took 0.184 seconds
[2025-04-30T00:33:18.383+0000] {processor.py:186} INFO - Started process (PID=390) to work on /home/airflow/.local/lib/python3.12/site-packages/airflow/example_dags/example_trigger_target_dag.py
[2025-04-30T00:33:18.385+0000] {processor.py:914} INFO - Processing file /home/airflow/.local/lib/python3.12/site-packages/airflow/example_dags/example_trigger_target_dag.py for tasks to queue
[2025-04-30T00:33:18.393+0000] {logging_mixin.py:190} INFO - [2025-04-30T00:33:18.392+0000] {dagbag.py:587} INFO - Filling up the DagBag from /home/airflow/.local/lib/python3.12/site-packages/airflow/example_dags/example_trigger_target_dag.py
[2025-04-30T00:33:18.414+0000] {processor.py:925} INFO - DAG(s) 'example_trigger_target_dag' retrieved from /home/airflow/.local/lib/python3.12/site-packages/airflow/example_dags/example_trigger_target_dag.py
[2025-04-30T00:33:18.453+0000] {logging_mixin.py:190} INFO - [2025-04-30T00:33:18.453+0000] {dag.py:3211} INFO - Sync 1 DAGs
[2025-04-30T00:33:18.484+0000] {logging_mixin.py:190} INFO - [2025-04-30T00:33:18.484+0000] {dag.py:4138} INFO - Setting next_dagrun for example_trigger_target_dag to None, run_after=None
[2025-04-30T00:33:18.524+0000] {processor.py:208} INFO - Processing /home/airflow/.local/lib/python3.12/site-packages/airflow/example_dags/example_trigger_target_dag.py took 0.156 seconds
[2025-04-30T00:33:49.169+0000] {processor.py:186} INFO - Started process (PID=460) to work on /home/airflow/.local/lib/python3.12/site-packages/airflow/example_dags/example_trigger_target_dag.py
[2025-04-30T00:33:49.172+0000] {processor.py:914} INFO - Processing file /home/airflow/.local/lib/python3.12/site-packages/airflow/example_dags/example_trigger_target_dag.py for tasks to queue
[2025-04-30T00:33:49.179+0000] {logging_mixin.py:190} INFO - [2025-04-30T00:33:49.178+0000] {dagbag.py:587} INFO - Filling up the DagBag from /home/airflow/.local/lib/python3.12/site-packages/airflow/example_dags/example_trigger_target_dag.py
[2025-04-30T00:33:49.199+0000] {processor.py:925} INFO - DAG(s) 'example_trigger_target_dag' retrieved from /home/airflow/.local/lib/python3.12/site-packages/airflow/example_dags/example_trigger_target_dag.py
[2025-04-30T00:33:49.238+0000] {logging_mixin.py:190} INFO - [2025-04-30T00:33:49.238+0000] {dag.py:3211} INFO - Sync 1 DAGs
[2025-04-30T00:33:49.268+0000] {logging_mixin.py:190} INFO - [2025-04-30T00:33:49.268+0000] {dag.py:4138} INFO - Setting next_dagrun for example_trigger_target_dag to None, run_after=None
[2025-04-30T00:33:49.307+0000] {processor.py:208} INFO - Processing /home/airflow/.local/lib/python3.12/site-packages/airflow/example_dags/example_trigger_target_dag.py took 0.148 seconds
[2025-04-30T00:34:20.022+0000] {processor.py:186} INFO - Started process (PID=523) to work on /home/airflow/.local/lib/python3.12/site-packages/airflow/example_dags/example_trigger_target_dag.py
[2025-04-30T00:34:20.025+0000] {processor.py:914} INFO - Processing file /home/airflow/.local/lib/python3.12/site-packages/airflow/example_dags/example_trigger_target_dag.py for tasks to queue
[2025-04-30T00:34:20.032+0000] {logging_mixin.py:190} INFO - [2025-04-30T00:34:20.031+0000] {dagbag.py:587} INFO - Filling up the DagBag from /home/airflow/.local/lib/python3.12/site-packages/airflow/example_dags/example_trigger_target_dag.py
[2025-04-30T00:34:20.050+0000] {processor.py:925} INFO - DAG(s) 'example_trigger_target_dag' retrieved from /home/airflow/.local/lib/python3.12/site-packages/airflow/example_dags/example_trigger_target_dag.py
[2025-04-30T00:34:20.091+0000] {logging_mixin.py:190} INFO - [2025-04-30T00:34:20.090+0000] {dag.py:3211} INFO - Sync 1 DAGs
[2025-04-30T00:34:20.120+0000] {logging_mixin.py:190} INFO - [2025-04-30T00:34:20.120+0000] {dag.py:4138} INFO - Setting next_dagrun for example_trigger_target_dag to None, run_after=None
[2025-04-30T00:34:20.159+0000] {processor.py:208} INFO - Processing /home/airflow/.local/lib/python3.12/site-packages/airflow/example_dags/example_trigger_target_dag.py took 0.145 seconds
[2025-04-30T00:34:50.358+0000] {processor.py:186} INFO - Started process (PID=586) to work on /home/airflow/.local/lib/python3.12/site-packages/airflow/example_dags/example_trigger_target_dag.py
[2025-04-30T00:34:50.360+0000] {processor.py:914} INFO - Processing file /home/airflow/.local/lib/python3.12/site-packages/airflow/example_dags/example_trigger_target_dag.py for tasks to queue
[2025-04-30T00:34:50.366+0000] {logging_mixin.py:190} INFO - [2025-04-30T00:34:50.366+0000] {dagbag.py:587} INFO - Filling up the DagBag from /home/airflow/.local/lib/python3.12/site-packages/airflow/example_dags/example_trigger_target_dag.py
[2025-04-30T00:34:50.387+0000] {processor.py:925} INFO - DAG(s) 'example_trigger_target_dag' retrieved from /home/airflow/.local/lib/python3.12/site-packages/airflow/example_dags/example_trigger_target_dag.py
[2025-04-30T00:34:50.434+0000] {logging_mixin.py:190} INFO - [2025-04-30T00:34:50.433+0000] {dag.py:3211} INFO - Sync 1 DAGs
[2025-04-30T00:34:50.470+0000] {logging_mixin.py:190} INFO - [2025-04-30T00:34:50.469+0000] {dag.py:4138} INFO - Setting next_dagrun for example_trigger_target_dag to None, run_after=None
[2025-04-30T00:34:50.519+0000] {processor.py:208} INFO - Processing /home/airflow/.local/lib/python3.12/site-packages/airflow/example_dags/example_trigger_target_dag.py took 0.176 seconds
[2025-04-30T00:35:20.925+0000] {processor.py:186} INFO - Started process (PID=649) to work on /home/airflow/.local/lib/python3.12/site-packages/airflow/example_dags/example_trigger_target_dag.py
[2025-04-30T00:35:20.926+0000] {processor.py:914} INFO - Processing file /home/airflow/.local/lib/python3.12/site-packages/airflow/example_dags/example_trigger_target_dag.py for tasks to queue
[2025-04-30T00:35:20.932+0000] {logging_mixin.py:190} INFO - [2025-04-30T00:35:20.932+0000] {dagbag.py:587} INFO - Filling up the DagBag from /home/airflow/.local/lib/python3.12/site-packages/airflow/example_dags/example_trigger_target_dag.py
[2025-04-30T00:35:20.953+0000] {processor.py:925} INFO - DAG(s) 'example_trigger_target_dag' retrieved from /home/airflow/.local/lib/python3.12/site-packages/airflow/example_dags/example_trigger_target_dag.py
[2025-04-30T00:35:20.995+0000] {logging_mixin.py:190} INFO - [2025-04-30T00:35:20.995+0000] {dag.py:3211} INFO - Sync 1 DAGs
[2025-04-30T00:35:21.028+0000] {logging_mixin.py:190} INFO - [2025-04-30T00:35:21.027+0000] {dag.py:4138} INFO - Setting next_dagrun for example_trigger_target_dag to None, run_after=None
[2025-04-30T00:35:21.074+0000] {processor.py:208} INFO - Processing /home/airflow/.local/lib/python3.12/site-packages/airflow/example_dags/example_trigger_target_dag.py took 0.165 seconds
[2025-04-30T00:35:51.939+0000] {processor.py:186} INFO - Started process (PID=712) to work on /home/airflow/.local/lib/python3.12/site-packages/airflow/example_dags/example_trigger_target_dag.py
[2025-04-30T00:35:51.943+0000] {processor.py:914} INFO - Processing file /home/airflow/.local/lib/python3.12/site-packages/airflow/example_dags/example_trigger_target_dag.py for tasks to queue
[2025-04-30T00:35:51.950+0000] {logging_mixin.py:190} INFO - [2025-04-30T00:35:51.949+0000] {dagbag.py:587} INFO - Filling up the DagBag from /home/airflow/.local/lib/python3.12/site-packages/airflow/example_dags/example_trigger_target_dag.py
[2025-04-30T00:35:51.968+0000] {processor.py:925} INFO - DAG(s) 'example_trigger_target_dag' retrieved from /home/airflow/.local/lib/python3.12/site-packages/airflow/example_dags/example_trigger_target_dag.py
[2025-04-30T00:35:52.019+0000] {logging_mixin.py:190} INFO - [2025-04-30T00:35:52.018+0000] {dag.py:3211} INFO - Sync 1 DAGs
[2025-04-30T00:35:52.059+0000] {logging_mixin.py:190} INFO - [2025-04-30T00:35:52.059+0000] {dag.py:4138} INFO - Setting next_dagrun for example_trigger_target_dag to None, run_after=None
[2025-04-30T00:35:52.109+0000] {processor.py:208} INFO - Processing /home/airflow/.local/lib/python3.12/site-packages/airflow/example_dags/example_trigger_target_dag.py took 0.182 seconds
[2025-04-30T00:36:22.417+0000] {processor.py:186} INFO - Started process (PID=775) to work on /home/airflow/.local/lib/python3.12/site-packages/airflow/example_dags/example_trigger_target_dag.py
[2025-04-30T00:36:22.420+0000] {processor.py:914} INFO - Processing file /home/airflow/.local/lib/python3.12/site-packages/airflow/example_dags/example_trigger_target_dag.py for tasks to queue
[2025-04-30T00:36:22.427+0000] {logging_mixin.py:190} INFO - [2025-04-30T00:36:22.426+0000] {dagbag.py:587} INFO - Filling up the DagBag from /home/airflow/.local/lib/python3.12/site-packages/airflow/example_dags/example_trigger_target_dag.py
[2025-04-30T00:36:22.445+0000] {processor.py:925} INFO - DAG(s) 'example_trigger_target_dag' retrieved from /home/airflow/.local/lib/python3.12/site-packages/airflow/example_dags/example_trigger_target_dag.py
[2025-04-30T00:36:22.492+0000] {logging_mixin.py:190} INFO - [2025-04-30T00:36:22.491+0000] {dag.py:3211} INFO - Sync 1 DAGs
[2025-04-30T00:36:22.536+0000] {logging_mixin.py:190} INFO - [2025-04-30T00:36:22.535+0000] {dag.py:4138} INFO - Setting next_dagrun for example_trigger_target_dag to None, run_after=None
[2025-04-30T00:36:22.578+0000] {processor.py:208} INFO - Processing /home/airflow/.local/lib/python3.12/site-packages/airflow/example_dags/example_trigger_target_dag.py took 0.178 seconds
[2025-04-30T00:36:53.145+0000] {processor.py:186} INFO - Started process (PID=838) to work on /home/airflow/.local/lib/python3.12/site-packages/airflow/example_dags/example_trigger_target_dag.py
[2025-04-30T00:36:53.147+0000] {processor.py:914} INFO - Processing file /home/airflow/.local/lib/python3.12/site-packages/airflow/example_dags/example_trigger_target_dag.py for tasks to queue
[2025-04-30T00:36:53.156+0000] {logging_mixin.py:190} INFO - [2025-04-30T00:36:53.155+0000] {dagbag.py:587} INFO - Filling up the DagBag from /home/airflow/.local/lib/python3.12/site-packages/airflow/example_dags/example_trigger_target_dag.py
[2025-04-30T00:36:53.179+0000] {processor.py:925} INFO - DAG(s) 'example_trigger_target_dag' retrieved from /home/airflow/.local/lib/python3.12/site-packages/airflow/example_dags/example_trigger_target_dag.py
[2025-04-30T00:36:53.228+0000] {logging_mixin.py:190} INFO - [2025-04-30T00:36:53.228+0000] {dag.py:3211} INFO - Sync 1 DAGs
[2025-04-30T00:36:53.274+0000] {logging_mixin.py:190} INFO - [2025-04-30T00:36:53.273+0000] {dag.py:4138} INFO - Setting next_dagrun for example_trigger_target_dag to None, run_after=None
[2025-04-30T00:36:53.330+0000] {processor.py:208} INFO - Processing /home/airflow/.local/lib/python3.12/site-packages/airflow/example_dags/example_trigger_target_dag.py took 0.196 seconds
[2025-04-30T00:37:24.059+0000] {processor.py:186} INFO - Started process (PID=901) to work on /home/airflow/.local/lib/python3.12/site-packages/airflow/example_dags/example_trigger_target_dag.py
[2025-04-30T00:37:24.062+0000] {processor.py:914} INFO - Processing file /home/airflow/.local/lib/python3.12/site-packages/airflow/example_dags/example_trigger_target_dag.py for tasks to queue
[2025-04-30T00:37:24.071+0000] {logging_mixin.py:190} INFO - [2025-04-30T00:37:24.070+0000] {dagbag.py:587} INFO - Filling up the DagBag from /home/airflow/.local/lib/python3.12/site-packages/airflow/example_dags/example_trigger_target_dag.py
[2025-04-30T00:37:24.099+0000] {processor.py:925} INFO - DAG(s) 'example_trigger_target_dag' retrieved from /home/airflow/.local/lib/python3.12/site-packages/airflow/example_dags/example_trigger_target_dag.py
[2025-04-30T00:37:24.149+0000] {logging_mixin.py:190} INFO - [2025-04-30T00:37:24.148+0000] {dag.py:3211} INFO - Sync 1 DAGs
[2025-04-30T00:37:24.188+0000] {logging_mixin.py:190} INFO - [2025-04-30T00:37:24.187+0000] {dag.py:4138} INFO - Setting next_dagrun for example_trigger_target_dag to None, run_after=None
[2025-04-30T00:37:24.242+0000] {processor.py:208} INFO - Processing /home/airflow/.local/lib/python3.12/site-packages/airflow/example_dags/example_trigger_target_dag.py took 0.203 seconds
[2025-04-30T00:37:54.710+0000] {processor.py:186} INFO - Started process (PID=964) to work on /home/airflow/.local/lib/python3.12/site-packages/airflow/example_dags/example_trigger_target_dag.py
[2025-04-30T00:37:54.713+0000] {processor.py:914} INFO - Processing file /home/airflow/.local/lib/python3.12/site-packages/airflow/example_dags/example_trigger_target_dag.py for tasks to queue
[2025-04-30T00:37:54.722+0000] {logging_mixin.py:190} INFO - [2025-04-30T00:37:54.721+0000] {dagbag.py:587} INFO - Filling up the DagBag from /home/airflow/.local/lib/python3.12/site-packages/airflow/example_dags/example_trigger_target_dag.py
[2025-04-30T00:37:54.751+0000] {processor.py:925} INFO - DAG(s) 'example_trigger_target_dag' retrieved from /home/airflow/.local/lib/python3.12/site-packages/airflow/example_dags/example_trigger_target_dag.py
[2025-04-30T00:37:54.799+0000] {logging_mixin.py:190} INFO - [2025-04-30T00:37:54.798+0000] {dag.py:3211} INFO - Sync 1 DAGs
[2025-04-30T00:37:54.834+0000] {logging_mixin.py:190} INFO - [2025-04-30T00:37:54.834+0000] {dag.py:4138} INFO - Setting next_dagrun for example_trigger_target_dag to None, run_after=None
[2025-04-30T00:37:54.874+0000] {processor.py:208} INFO - Processing /home/airflow/.local/lib/python3.12/site-packages/airflow/example_dags/example_trigger_target_dag.py took 0.178 seconds
[2025-04-30T00:38:25.022+0000] {processor.py:186} INFO - Started process (PID=1027) to work on /home/airflow/.local/lib/python3.12/site-packages/airflow/example_dags/example_trigger_target_dag.py
[2025-04-30T00:38:25.025+0000] {processor.py:914} INFO - Processing file /home/airflow/.local/lib/python3.12/site-packages/airflow/example_dags/example_trigger_target_dag.py for tasks to queue
[2025-04-30T00:38:25.031+0000] {logging_mixin.py:190} INFO - [2025-04-30T00:38:25.030+0000] {dagbag.py:587} INFO - Filling up the DagBag from /home/airflow/.local/lib/python3.12/site-packages/airflow/example_dags/example_trigger_target_dag.py
[2025-04-30T00:38:25.061+0000] {processor.py:925} INFO - DAG(s) 'example_trigger_target_dag' retrieved from /home/airflow/.local/lib/python3.12/site-packages/airflow/example_dags/example_trigger_target_dag.py
[2025-04-30T00:38:25.101+0000] {logging_mixin.py:190} INFO - [2025-04-30T00:38:25.101+0000] {dag.py:3211} INFO - Sync 1 DAGs
[2025-04-30T00:38:25.133+0000] {logging_mixin.py:190} INFO - [2025-04-30T00:38:25.132+0000] {dag.py:4138} INFO - Setting next_dagrun for example_trigger_target_dag to None, run_after=None
[2025-04-30T00:38:25.175+0000] {processor.py:208} INFO - Processing /home/airflow/.local/lib/python3.12/site-packages/airflow/example_dags/example_trigger_target_dag.py took 0.169 seconds
[2025-04-30T00:38:55.383+0000] {processor.py:186} INFO - Started process (PID=1090) to work on /home/airflow/.local/lib/python3.12/site-packages/airflow/example_dags/example_trigger_target_dag.py
[2025-04-30T00:38:55.389+0000] {processor.py:914} INFO - Processing file /home/airflow/.local/lib/python3.12/site-packages/airflow/example_dags/example_trigger_target_dag.py for tasks to queue
[2025-04-30T00:38:55.407+0000] {logging_mixin.py:190} INFO - [2025-04-30T00:38:55.405+0000] {dagbag.py:587} INFO - Filling up the DagBag from /home/airflow/.local/lib/python3.12/site-packages/airflow/example_dags/example_trigger_target_dag.py
[2025-04-30T00:38:55.459+0000] {processor.py:925} INFO - DAG(s) 'example_trigger_target_dag' retrieved from /home/airflow/.local/lib/python3.12/site-packages/airflow/example_dags/example_trigger_target_dag.py
[2025-04-30T00:38:55.578+0000] {logging_mixin.py:190} INFO - [2025-04-30T00:38:55.578+0000] {dag.py:3211} INFO - Sync 1 DAGs
[2025-04-30T00:38:55.620+0000] {logging_mixin.py:190} INFO - [2025-04-30T00:38:55.619+0000] {dag.py:4138} INFO - Setting next_dagrun for example_trigger_target_dag to None, run_after=None
[2025-04-30T00:38:55.669+0000] {processor.py:208} INFO - Processing /home/airflow/.local/lib/python3.12/site-packages/airflow/example_dags/example_trigger_target_dag.py took 0.315 seconds
[2025-04-30T00:39:26.345+0000] {processor.py:186} INFO - Started process (PID=1153) to work on /home/airflow/.local/lib/python3.12/site-packages/airflow/example_dags/example_trigger_target_dag.py
[2025-04-30T00:39:26.348+0000] {processor.py:914} INFO - Processing file /home/airflow/.local/lib/python3.12/site-packages/airflow/example_dags/example_trigger_target_dag.py for tasks to queue
[2025-04-30T00:39:26.353+0000] {logging_mixin.py:190} INFO - [2025-04-30T00:39:26.352+0000] {dagbag.py:587} INFO - Filling up the DagBag from /home/airflow/.local/lib/python3.12/site-packages/airflow/example_dags/example_trigger_target_dag.py
[2025-04-30T00:39:26.370+0000] {processor.py:925} INFO - DAG(s) 'example_trigger_target_dag' retrieved from /home/airflow/.local/lib/python3.12/site-packages/airflow/example_dags/example_trigger_target_dag.py
[2025-04-30T00:39:26.412+0000] {logging_mixin.py:190} INFO - [2025-04-30T00:39:26.412+0000] {dag.py:3211} INFO - Sync 1 DAGs
[2025-04-30T00:39:26.443+0000] {logging_mixin.py:190} INFO - [2025-04-30T00:39:26.442+0000] {dag.py:4138} INFO - Setting next_dagrun for example_trigger_target_dag to None, run_after=None
[2025-04-30T00:39:26.485+0000] {processor.py:208} INFO - Processing /home/airflow/.local/lib/python3.12/site-packages/airflow/example_dags/example_trigger_target_dag.py took 0.165 seconds
[2025-04-30T00:39:56.892+0000] {processor.py:186} INFO - Started process (PID=1217) to work on /home/airflow/.local/lib/python3.12/site-packages/airflow/example_dags/example_trigger_target_dag.py
[2025-04-30T00:39:56.895+0000] {processor.py:914} INFO - Processing file /home/airflow/.local/lib/python3.12/site-packages/airflow/example_dags/example_trigger_target_dag.py for tasks to queue
[2025-04-30T00:39:56.903+0000] {logging_mixin.py:190} INFO - [2025-04-30T00:39:56.902+0000] {dagbag.py:587} INFO - Filling up the DagBag from /home/airflow/.local/lib/python3.12/site-packages/airflow/example_dags/example_trigger_target_dag.py
[2025-04-30T00:39:56.931+0000] {processor.py:925} INFO - DAG(s) 'example_trigger_target_dag' retrieved from /home/airflow/.local/lib/python3.12/site-packages/airflow/example_dags/example_trigger_target_dag.py
[2025-04-30T00:39:56.998+0000] {logging_mixin.py:190} INFO - [2025-04-30T00:39:56.998+0000] {dag.py:3211} INFO - Sync 1 DAGs
[2025-04-30T00:39:57.029+0000] {logging_mixin.py:190} INFO - [2025-04-30T00:39:57.029+0000] {dag.py:4138} INFO - Setting next_dagrun for example_trigger_target_dag to None, run_after=None
[2025-04-30T00:39:57.068+0000] {processor.py:208} INFO - Processing /home/airflow/.local/lib/python3.12/site-packages/airflow/example_dags/example_trigger_target_dag.py took 0.197 seconds
[2025-04-30T00:40:27.289+0000] {processor.py:186} INFO - Started process (PID=1280) to work on /home/airflow/.local/lib/python3.12/site-packages/airflow/example_dags/example_trigger_target_dag.py
[2025-04-30T00:40:27.291+0000] {processor.py:914} INFO - Processing file /home/airflow/.local/lib/python3.12/site-packages/airflow/example_dags/example_trigger_target_dag.py for tasks to queue
[2025-04-30T00:40:27.296+0000] {logging_mixin.py:190} INFO - [2025-04-30T00:40:27.295+0000] {dagbag.py:587} INFO - Filling up the DagBag from /home/airflow/.local/lib/python3.12/site-packages/airflow/example_dags/example_trigger_target_dag.py
[2025-04-30T00:40:27.323+0000] {processor.py:925} INFO - DAG(s) 'example_trigger_target_dag' retrieved from /home/airflow/.local/lib/python3.12/site-packages/airflow/example_dags/example_trigger_target_dag.py
[2025-04-30T00:40:27.369+0000] {logging_mixin.py:190} INFO - [2025-04-30T00:40:27.368+0000] {dag.py:3211} INFO - Sync 1 DAGs
[2025-04-30T00:40:27.403+0000] {logging_mixin.py:190} INFO - [2025-04-30T00:40:27.402+0000] {dag.py:4138} INFO - Setting next_dagrun for example_trigger_target_dag to None, run_after=None
[2025-04-30T00:40:27.446+0000] {processor.py:208} INFO - Processing /home/airflow/.local/lib/python3.12/site-packages/airflow/example_dags/example_trigger_target_dag.py took 0.170 seconds
[2025-04-30T00:40:57.604+0000] {processor.py:186} INFO - Started process (PID=1343) to work on /home/airflow/.local/lib/python3.12/site-packages/airflow/example_dags/example_trigger_target_dag.py
[2025-04-30T00:40:57.607+0000] {processor.py:914} INFO - Processing file /home/airflow/.local/lib/python3.12/site-packages/airflow/example_dags/example_trigger_target_dag.py for tasks to queue
[2025-04-30T00:40:57.613+0000] {logging_mixin.py:190} INFO - [2025-04-30T00:40:57.612+0000] {dagbag.py:587} INFO - Filling up the DagBag from /home/airflow/.local/lib/python3.12/site-packages/airflow/example_dags/example_trigger_target_dag.py
[2025-04-30T00:40:57.640+0000] {processor.py:925} INFO - DAG(s) 'example_trigger_target_dag' retrieved from /home/airflow/.local/lib/python3.12/site-packages/airflow/example_dags/example_trigger_target_dag.py
[2025-04-30T00:40:57.696+0000] {logging_mixin.py:190} INFO - [2025-04-30T00:40:57.695+0000] {dag.py:3211} INFO - Sync 1 DAGs
[2025-04-30T00:40:57.735+0000] {logging_mixin.py:190} INFO - [2025-04-30T00:40:57.734+0000] {dag.py:4138} INFO - Setting next_dagrun for example_trigger_target_dag to None, run_after=None
[2025-04-30T00:40:57.789+0000] {processor.py:208} INFO - Processing /home/airflow/.local/lib/python3.12/site-packages/airflow/example_dags/example_trigger_target_dag.py took 0.205 seconds
[2025-04-30T00:41:28.093+0000] {processor.py:186} INFO - Started process (PID=1406) to work on /home/airflow/.local/lib/python3.12/site-packages/airflow/example_dags/example_trigger_target_dag.py
[2025-04-30T00:41:28.095+0000] {processor.py:914} INFO - Processing file /home/airflow/.local/lib/python3.12/site-packages/airflow/example_dags/example_trigger_target_dag.py for tasks to queue
[2025-04-30T00:41:28.100+0000] {logging_mixin.py:190} INFO - [2025-04-30T00:41:28.099+0000] {dagbag.py:587} INFO - Filling up the DagBag from /home/airflow/.local/lib/python3.12/site-packages/airflow/example_dags/example_trigger_target_dag.py
[2025-04-30T00:41:28.116+0000] {processor.py:925} INFO - DAG(s) 'example_trigger_target_dag' retrieved from /home/airflow/.local/lib/python3.12/site-packages/airflow/example_dags/example_trigger_target_dag.py
[2025-04-30T00:41:28.163+0000] {logging_mixin.py:190} INFO - [2025-04-30T00:41:28.163+0000] {dag.py:3211} INFO - Sync 1 DAGs
[2025-04-30T00:41:28.197+0000] {logging_mixin.py:190} INFO - [2025-04-30T00:41:28.197+0000] {dag.py:4138} INFO - Setting next_dagrun for example_trigger_target_dag to None, run_after=None
[2025-04-30T00:41:28.245+0000] {processor.py:208} INFO - Processing /home/airflow/.local/lib/python3.12/site-packages/airflow/example_dags/example_trigger_target_dag.py took 0.166 seconds
[2025-04-30T00:41:58.677+0000] {processor.py:186} INFO - Started process (PID=1479) to work on /home/airflow/.local/lib/python3.12/site-packages/airflow/example_dags/example_trigger_target_dag.py
[2025-04-30T00:41:58.680+0000] {processor.py:914} INFO - Processing file /home/airflow/.local/lib/python3.12/site-packages/airflow/example_dags/example_trigger_target_dag.py for tasks to queue
[2025-04-30T00:41:58.684+0000] {logging_mixin.py:190} INFO - [2025-04-30T00:41:58.683+0000] {dagbag.py:587} INFO - Filling up the DagBag from /home/airflow/.local/lib/python3.12/site-packages/airflow/example_dags/example_trigger_target_dag.py
[2025-04-30T00:41:58.705+0000] {processor.py:925} INFO - DAG(s) 'example_trigger_target_dag' retrieved from /home/airflow/.local/lib/python3.12/site-packages/airflow/example_dags/example_trigger_target_dag.py
[2025-04-30T00:41:58.763+0000] {logging_mixin.py:190} INFO - [2025-04-30T00:41:58.762+0000] {dag.py:3211} INFO - Sync 1 DAGs
[2025-04-30T00:41:58.804+0000] {logging_mixin.py:190} INFO - [2025-04-30T00:41:58.803+0000] {dag.py:4138} INFO - Setting next_dagrun for example_trigger_target_dag to None, run_after=None
[2025-04-30T00:41:58.847+0000] {processor.py:208} INFO - Processing /home/airflow/.local/lib/python3.12/site-packages/airflow/example_dags/example_trigger_target_dag.py took 0.182 seconds
[2025-04-30T00:42:29.189+0000] {processor.py:186} INFO - Started process (PID=1542) to work on /home/airflow/.local/lib/python3.12/site-packages/airflow/example_dags/example_trigger_target_dag.py
[2025-04-30T00:42:29.194+0000] {processor.py:914} INFO - Processing file /home/airflow/.local/lib/python3.12/site-packages/airflow/example_dags/example_trigger_target_dag.py for tasks to queue
[2025-04-30T00:42:29.200+0000] {logging_mixin.py:190} INFO - [2025-04-30T00:42:29.199+0000] {dagbag.py:587} INFO - Filling up the DagBag from /home/airflow/.local/lib/python3.12/site-packages/airflow/example_dags/example_trigger_target_dag.py
[2025-04-30T00:42:29.222+0000] {processor.py:925} INFO - DAG(s) 'example_trigger_target_dag' retrieved from /home/airflow/.local/lib/python3.12/site-packages/airflow/example_dags/example_trigger_target_dag.py
[2025-04-30T00:42:29.271+0000] {logging_mixin.py:190} INFO - [2025-04-30T00:42:29.270+0000] {dag.py:3211} INFO - Sync 1 DAGs
[2025-04-30T00:42:29.304+0000] {logging_mixin.py:190} INFO - [2025-04-30T00:42:29.303+0000] {dag.py:4138} INFO - Setting next_dagrun for example_trigger_target_dag to None, run_after=None
[2025-04-30T00:42:29.346+0000] {processor.py:208} INFO - Processing /home/airflow/.local/lib/python3.12/site-packages/airflow/example_dags/example_trigger_target_dag.py took 0.191 seconds
[2025-04-30T00:42:59.861+0000] {processor.py:186} INFO - Started process (PID=1605) to work on /home/airflow/.local/lib/python3.12/site-packages/airflow/example_dags/example_trigger_target_dag.py
[2025-04-30T00:42:59.863+0000] {processor.py:914} INFO - Processing file /home/airflow/.local/lib/python3.12/site-packages/airflow/example_dags/example_trigger_target_dag.py for tasks to queue
[2025-04-30T00:42:59.867+0000] {logging_mixin.py:190} INFO - [2025-04-30T00:42:59.866+0000] {dagbag.py:587} INFO - Filling up the DagBag from /home/airflow/.local/lib/python3.12/site-packages/airflow/example_dags/example_trigger_target_dag.py
[2025-04-30T00:42:59.884+0000] {processor.py:925} INFO - DAG(s) 'example_trigger_target_dag' retrieved from /home/airflow/.local/lib/python3.12/site-packages/airflow/example_dags/example_trigger_target_dag.py
[2025-04-30T00:42:59.926+0000] {logging_mixin.py:190} INFO - [2025-04-30T00:42:59.926+0000] {dag.py:3211} INFO - Sync 1 DAGs
[2025-04-30T00:42:59.958+0000] {logging_mixin.py:190} INFO - [2025-04-30T00:42:59.957+0000] {dag.py:4138} INFO - Setting next_dagrun for example_trigger_target_dag to None, run_after=None
[2025-04-30T00:43:00.004+0000] {processor.py:208} INFO - Processing /home/airflow/.local/lib/python3.12/site-packages/airflow/example_dags/example_trigger_target_dag.py took 0.160 seconds
[2025-04-30T00:43:30.260+0000] {processor.py:186} INFO - Started process (PID=1668) to work on /home/airflow/.local/lib/python3.12/site-packages/airflow/example_dags/example_trigger_target_dag.py
[2025-04-30T00:43:30.265+0000] {processor.py:914} INFO - Processing file /home/airflow/.local/lib/python3.12/site-packages/airflow/example_dags/example_trigger_target_dag.py for tasks to queue
[2025-04-30T00:43:30.271+0000] {logging_mixin.py:190} INFO - [2025-04-30T00:43:30.270+0000] {dagbag.py:587} INFO - Filling up the DagBag from /home/airflow/.local/lib/python3.12/site-packages/airflow/example_dags/example_trigger_target_dag.py
[2025-04-30T00:43:30.308+0000] {processor.py:925} INFO - DAG(s) 'example_trigger_target_dag' retrieved from /home/airflow/.local/lib/python3.12/site-packages/airflow/example_dags/example_trigger_target_dag.py
[2025-04-30T00:43:30.411+0000] {logging_mixin.py:190} INFO - [2025-04-30T00:43:30.409+0000] {dag.py:3211} INFO - Sync 1 DAGs
[2025-04-30T00:43:30.509+0000] {logging_mixin.py:190} INFO - [2025-04-30T00:43:30.507+0000] {dag.py:4138} INFO - Setting next_dagrun for example_trigger_target_dag to None, run_after=None
[2025-04-30T00:43:30.616+0000] {processor.py:208} INFO - Processing /home/airflow/.local/lib/python3.12/site-packages/airflow/example_dags/example_trigger_target_dag.py took 0.381 seconds
[2025-04-30T00:44:00.701+0000] {processor.py:186} INFO - Started process (PID=1731) to work on /home/airflow/.local/lib/python3.12/site-packages/airflow/example_dags/example_trigger_target_dag.py
[2025-04-30T00:44:00.703+0000] {processor.py:914} INFO - Processing file /home/airflow/.local/lib/python3.12/site-packages/airflow/example_dags/example_trigger_target_dag.py for tasks to queue
[2025-04-30T00:44:00.704+0000] {logging_mixin.py:190} INFO - [2025-04-30T00:44:00.704+0000] {dagbag.py:587} INFO - Filling up the DagBag from /home/airflow/.local/lib/python3.12/site-packages/airflow/example_dags/example_trigger_target_dag.py
[2025-04-30T00:44:00.714+0000] {processor.py:925} INFO - DAG(s) 'example_trigger_target_dag' retrieved from /home/airflow/.local/lib/python3.12/site-packages/airflow/example_dags/example_trigger_target_dag.py
[2025-04-30T00:44:00.739+0000] {logging_mixin.py:190} INFO - [2025-04-30T00:44:00.738+0000] {dag.py:3211} INFO - Sync 1 DAGs
[2025-04-30T00:44:00.756+0000] {logging_mixin.py:190} INFO - [2025-04-30T00:44:00.756+0000] {dag.py:4138} INFO - Setting next_dagrun for example_trigger_target_dag to None, run_after=None
[2025-04-30T00:44:00.779+0000] {processor.py:208} INFO - Processing /home/airflow/.local/lib/python3.12/site-packages/airflow/example_dags/example_trigger_target_dag.py took 0.084 seconds
[2025-04-30T00:44:31.325+0000] {processor.py:186} INFO - Started process (PID=1794) to work on /home/airflow/.local/lib/python3.12/site-packages/airflow/example_dags/example_trigger_target_dag.py
[2025-04-30T00:44:31.326+0000] {processor.py:914} INFO - Processing file /home/airflow/.local/lib/python3.12/site-packages/airflow/example_dags/example_trigger_target_dag.py for tasks to queue
[2025-04-30T00:44:31.328+0000] {logging_mixin.py:190} INFO - [2025-04-30T00:44:31.328+0000] {dagbag.py:587} INFO - Filling up the DagBag from /home/airflow/.local/lib/python3.12/site-packages/airflow/example_dags/example_trigger_target_dag.py
[2025-04-30T00:44:31.338+0000] {processor.py:925} INFO - DAG(s) 'example_trigger_target_dag' retrieved from /home/airflow/.local/lib/python3.12/site-packages/airflow/example_dags/example_trigger_target_dag.py
[2025-04-30T00:44:31.367+0000] {logging_mixin.py:190} INFO - [2025-04-30T00:44:31.367+0000] {dag.py:3211} INFO - Sync 1 DAGs
[2025-04-30T00:44:31.394+0000] {logging_mixin.py:190} INFO - [2025-04-30T00:44:31.393+0000] {dag.py:4138} INFO - Setting next_dagrun for example_trigger_target_dag to None, run_after=None
[2025-04-30T00:44:31.421+0000] {processor.py:208} INFO - Processing /home/airflow/.local/lib/python3.12/site-packages/airflow/example_dags/example_trigger_target_dag.py took 0.104 seconds
[2025-04-30T00:45:02.070+0000] {processor.py:186} INFO - Started process (PID=1857) to work on /home/airflow/.local/lib/python3.12/site-packages/airflow/example_dags/example_trigger_target_dag.py
[2025-04-30T00:45:02.072+0000] {processor.py:914} INFO - Processing file /home/airflow/.local/lib/python3.12/site-packages/airflow/example_dags/example_trigger_target_dag.py for tasks to queue
[2025-04-30T00:45:02.074+0000] {logging_mixin.py:190} INFO - [2025-04-30T00:45:02.073+0000] {dagbag.py:587} INFO - Filling up the DagBag from /home/airflow/.local/lib/python3.12/site-packages/airflow/example_dags/example_trigger_target_dag.py
[2025-04-30T00:45:02.083+0000] {processor.py:925} INFO - DAG(s) 'example_trigger_target_dag' retrieved from /home/airflow/.local/lib/python3.12/site-packages/airflow/example_dags/example_trigger_target_dag.py
[2025-04-30T00:45:02.115+0000] {logging_mixin.py:190} INFO - [2025-04-30T00:45:02.115+0000] {dag.py:3211} INFO - Sync 1 DAGs
[2025-04-30T00:45:02.139+0000] {logging_mixin.py:190} INFO - [2025-04-30T00:45:02.139+0000] {dag.py:4138} INFO - Setting next_dagrun for example_trigger_target_dag to None, run_after=None
[2025-04-30T00:45:02.168+0000] {processor.py:208} INFO - Processing /home/airflow/.local/lib/python3.12/site-packages/airflow/example_dags/example_trigger_target_dag.py took 0.105 seconds
[2025-04-30T00:45:32.677+0000] {processor.py:186} INFO - Started process (PID=1920) to work on /home/airflow/.local/lib/python3.12/site-packages/airflow/example_dags/example_trigger_target_dag.py
[2025-04-30T00:45:32.678+0000] {processor.py:914} INFO - Processing file /home/airflow/.local/lib/python3.12/site-packages/airflow/example_dags/example_trigger_target_dag.py for tasks to queue
[2025-04-30T00:45:32.680+0000] {logging_mixin.py:190} INFO - [2025-04-30T00:45:32.680+0000] {dagbag.py:587} INFO - Filling up the DagBag from /home/airflow/.local/lib/python3.12/site-packages/airflow/example_dags/example_trigger_target_dag.py
[2025-04-30T00:45:32.690+0000] {processor.py:925} INFO - DAG(s) 'example_trigger_target_dag' retrieved from /home/airflow/.local/lib/python3.12/site-packages/airflow/example_dags/example_trigger_target_dag.py
[2025-04-30T00:45:32.719+0000] {logging_mixin.py:190} INFO - [2025-04-30T00:45:32.718+0000] {dag.py:3211} INFO - Sync 1 DAGs
[2025-04-30T00:45:32.739+0000] {logging_mixin.py:190} INFO - [2025-04-30T00:45:32.738+0000] {dag.py:4138} INFO - Setting next_dagrun for example_trigger_target_dag to None, run_after=None
[2025-04-30T00:45:32.768+0000] {processor.py:208} INFO - Processing /home/airflow/.local/lib/python3.12/site-packages/airflow/example_dags/example_trigger_target_dag.py took 0.100 seconds
[2025-04-30T00:46:03.264+0000] {processor.py:186} INFO - Started process (PID=1983) to work on /home/airflow/.local/lib/python3.12/site-packages/airflow/example_dags/example_trigger_target_dag.py
[2025-04-30T00:46:03.266+0000] {processor.py:914} INFO - Processing file /home/airflow/.local/lib/python3.12/site-packages/airflow/example_dags/example_trigger_target_dag.py for tasks to queue
[2025-04-30T00:46:03.269+0000] {logging_mixin.py:190} INFO - [2025-04-30T00:46:03.268+0000] {dagbag.py:587} INFO - Filling up the DagBag from /home/airflow/.local/lib/python3.12/site-packages/airflow/example_dags/example_trigger_target_dag.py
[2025-04-30T00:46:03.279+0000] {processor.py:925} INFO - DAG(s) 'example_trigger_target_dag' retrieved from /home/airflow/.local/lib/python3.12/site-packages/airflow/example_dags/example_trigger_target_dag.py
[2025-04-30T00:46:03.308+0000] {logging_mixin.py:190} INFO - [2025-04-30T00:46:03.308+0000] {dag.py:3211} INFO - Sync 1 DAGs
[2025-04-30T00:46:03.333+0000] {logging_mixin.py:190} INFO - [2025-04-30T00:46:03.333+0000] {dag.py:4138} INFO - Setting next_dagrun for example_trigger_target_dag to None, run_after=None
[2025-04-30T00:46:03.358+0000] {processor.py:208} INFO - Processing /home/airflow/.local/lib/python3.12/site-packages/airflow/example_dags/example_trigger_target_dag.py took 0.105 seconds
[2025-04-30T00:46:33.470+0000] {processor.py:186} INFO - Started process (PID=2046) to work on /home/airflow/.local/lib/python3.12/site-packages/airflow/example_dags/example_trigger_target_dag.py
[2025-04-30T00:46:33.471+0000] {processor.py:914} INFO - Processing file /home/airflow/.local/lib/python3.12/site-packages/airflow/example_dags/example_trigger_target_dag.py for tasks to queue
[2025-04-30T00:46:33.473+0000] {logging_mixin.py:190} INFO - [2025-04-30T00:46:33.472+0000] {dagbag.py:587} INFO - Filling up the DagBag from /home/airflow/.local/lib/python3.12/site-packages/airflow/example_dags/example_trigger_target_dag.py
[2025-04-30T00:46:33.481+0000] {processor.py:925} INFO - DAG(s) 'example_trigger_target_dag' retrieved from /home/airflow/.local/lib/python3.12/site-packages/airflow/example_dags/example_trigger_target_dag.py
[2025-04-30T00:46:33.504+0000] {logging_mixin.py:190} INFO - [2025-04-30T00:46:33.504+0000] {dag.py:3211} INFO - Sync 1 DAGs
[2025-04-30T00:46:33.520+0000] {logging_mixin.py:190} INFO - [2025-04-30T00:46:33.520+0000] {dag.py:4138} INFO - Setting next_dagrun for example_trigger_target_dag to None, run_after=None
[2025-04-30T00:46:33.552+0000] {processor.py:208} INFO - Processing /home/airflow/.local/lib/python3.12/site-packages/airflow/example_dags/example_trigger_target_dag.py took 0.088 seconds
[2025-04-30T00:47:03.721+0000] {processor.py:186} INFO - Started process (PID=2109) to work on /home/airflow/.local/lib/python3.12/site-packages/airflow/example_dags/example_trigger_target_dag.py
[2025-04-30T00:47:03.722+0000] {processor.py:914} INFO - Processing file /home/airflow/.local/lib/python3.12/site-packages/airflow/example_dags/example_trigger_target_dag.py for tasks to queue
[2025-04-30T00:47:03.725+0000] {logging_mixin.py:190} INFO - [2025-04-30T00:47:03.724+0000] {dagbag.py:587} INFO - Filling up the DagBag from /home/airflow/.local/lib/python3.12/site-packages/airflow/example_dags/example_trigger_target_dag.py
[2025-04-30T00:47:03.737+0000] {processor.py:925} INFO - DAG(s) 'example_trigger_target_dag' retrieved from /home/airflow/.local/lib/python3.12/site-packages/airflow/example_dags/example_trigger_target_dag.py
[2025-04-30T00:47:03.763+0000] {logging_mixin.py:190} INFO - [2025-04-30T00:47:03.763+0000] {dag.py:3211} INFO - Sync 1 DAGs
[2025-04-30T00:47:03.788+0000] {logging_mixin.py:190} INFO - [2025-04-30T00:47:03.787+0000] {dag.py:4138} INFO - Setting next_dagrun for example_trigger_target_dag to None, run_after=None
[2025-04-30T00:47:03.816+0000] {processor.py:208} INFO - Processing /home/airflow/.local/lib/python3.12/site-packages/airflow/example_dags/example_trigger_target_dag.py took 0.103 seconds
[2025-04-30T00:47:33.999+0000] {processor.py:186} INFO - Started process (PID=2172) to work on /home/airflow/.local/lib/python3.12/site-packages/airflow/example_dags/example_trigger_target_dag.py
[2025-04-30T00:47:34.000+0000] {processor.py:914} INFO - Processing file /home/airflow/.local/lib/python3.12/site-packages/airflow/example_dags/example_trigger_target_dag.py for tasks to queue
[2025-04-30T00:47:34.003+0000] {logging_mixin.py:190} INFO - [2025-04-30T00:47:34.002+0000] {dagbag.py:587} INFO - Filling up the DagBag from /home/airflow/.local/lib/python3.12/site-packages/airflow/example_dags/example_trigger_target_dag.py
[2025-04-30T00:47:34.011+0000] {processor.py:925} INFO - DAG(s) 'example_trigger_target_dag' retrieved from /home/airflow/.local/lib/python3.12/site-packages/airflow/example_dags/example_trigger_target_dag.py
[2025-04-30T00:47:34.033+0000] {logging_mixin.py:190} INFO - [2025-04-30T00:47:34.033+0000] {dag.py:3211} INFO - Sync 1 DAGs
[2025-04-30T00:47:34.049+0000] {logging_mixin.py:190} INFO - [2025-04-30T00:47:34.049+0000] {dag.py:4138} INFO - Setting next_dagrun for example_trigger_target_dag to None, run_after=None
[2025-04-30T00:47:34.073+0000] {processor.py:208} INFO - Processing /home/airflow/.local/lib/python3.12/site-packages/airflow/example_dags/example_trigger_target_dag.py took 0.082 seconds
[2025-04-30T00:48:04.516+0000] {processor.py:186} INFO - Started process (PID=2235) to work on /home/airflow/.local/lib/python3.12/site-packages/airflow/example_dags/example_trigger_target_dag.py
[2025-04-30T00:48:04.518+0000] {processor.py:914} INFO - Processing file /home/airflow/.local/lib/python3.12/site-packages/airflow/example_dags/example_trigger_target_dag.py for tasks to queue
[2025-04-30T00:48:04.520+0000] {logging_mixin.py:190} INFO - [2025-04-30T00:48:04.519+0000] {dagbag.py:587} INFO - Filling up the DagBag from /home/airflow/.local/lib/python3.12/site-packages/airflow/example_dags/example_trigger_target_dag.py
[2025-04-30T00:48:04.530+0000] {processor.py:925} INFO - DAG(s) 'example_trigger_target_dag' retrieved from /home/airflow/.local/lib/python3.12/site-packages/airflow/example_dags/example_trigger_target_dag.py
[2025-04-30T00:48:04.554+0000] {logging_mixin.py:190} INFO - [2025-04-30T00:48:04.554+0000] {dag.py:3211} INFO - Sync 1 DAGs
[2025-04-30T00:48:04.575+0000] {logging_mixin.py:190} INFO - [2025-04-30T00:48:04.575+0000] {dag.py:4138} INFO - Setting next_dagrun for example_trigger_target_dag to None, run_after=None
[2025-04-30T00:48:04.603+0000] {processor.py:208} INFO - Processing /home/airflow/.local/lib/python3.12/site-packages/airflow/example_dags/example_trigger_target_dag.py took 0.093 seconds
[2025-04-30T00:48:34.861+0000] {processor.py:186} INFO - Started process (PID=2298) to work on /home/airflow/.local/lib/python3.12/site-packages/airflow/example_dags/example_trigger_target_dag.py
[2025-04-30T00:48:34.863+0000] {processor.py:914} INFO - Processing file /home/airflow/.local/lib/python3.12/site-packages/airflow/example_dags/example_trigger_target_dag.py for tasks to queue
[2025-04-30T00:48:34.864+0000] {logging_mixin.py:190} INFO - [2025-04-30T00:48:34.864+0000] {dagbag.py:587} INFO - Filling up the DagBag from /home/airflow/.local/lib/python3.12/site-packages/airflow/example_dags/example_trigger_target_dag.py
[2025-04-30T00:48:34.873+0000] {processor.py:925} INFO - DAG(s) 'example_trigger_target_dag' retrieved from /home/airflow/.local/lib/python3.12/site-packages/airflow/example_dags/example_trigger_target_dag.py
[2025-04-30T00:48:34.901+0000] {logging_mixin.py:190} INFO - [2025-04-30T00:48:34.901+0000] {dag.py:3211} INFO - Sync 1 DAGs
[2025-04-30T00:48:34.919+0000] {logging_mixin.py:190} INFO - [2025-04-30T00:48:34.919+0000] {dag.py:4138} INFO - Setting next_dagrun for example_trigger_target_dag to None, run_after=None
[2025-04-30T00:48:34.944+0000] {processor.py:208} INFO - Processing /home/airflow/.local/lib/python3.12/site-packages/airflow/example_dags/example_trigger_target_dag.py took 0.090 seconds
[2025-04-30T00:49:05.091+0000] {processor.py:186} INFO - Started process (PID=2362) to work on /home/airflow/.local/lib/python3.12/site-packages/airflow/example_dags/example_trigger_target_dag.py
[2025-04-30T00:49:05.092+0000] {processor.py:914} INFO - Processing file /home/airflow/.local/lib/python3.12/site-packages/airflow/example_dags/example_trigger_target_dag.py for tasks to queue
[2025-04-30T00:49:05.094+0000] {logging_mixin.py:190} INFO - [2025-04-30T00:49:05.094+0000] {dagbag.py:587} INFO - Filling up the DagBag from /home/airflow/.local/lib/python3.12/site-packages/airflow/example_dags/example_trigger_target_dag.py
[2025-04-30T00:49:05.103+0000] {processor.py:925} INFO - DAG(s) 'example_trigger_target_dag' retrieved from /home/airflow/.local/lib/python3.12/site-packages/airflow/example_dags/example_trigger_target_dag.py
[2025-04-30T00:49:05.126+0000] {logging_mixin.py:190} INFO - [2025-04-30T00:49:05.125+0000] {dag.py:3211} INFO - Sync 1 DAGs
[2025-04-30T00:49:05.144+0000] {logging_mixin.py:190} INFO - [2025-04-30T00:49:05.144+0000] {dag.py:4138} INFO - Setting next_dagrun for example_trigger_target_dag to None, run_after=None
[2025-04-30T00:49:05.170+0000] {processor.py:208} INFO - Processing /home/airflow/.local/lib/python3.12/site-packages/airflow/example_dags/example_trigger_target_dag.py took 0.086 seconds
[2025-04-30T00:49:35.460+0000] {processor.py:186} INFO - Started process (PID=2424) to work on /home/airflow/.local/lib/python3.12/site-packages/airflow/example_dags/example_trigger_target_dag.py
[2025-04-30T00:49:35.461+0000] {processor.py:914} INFO - Processing file /home/airflow/.local/lib/python3.12/site-packages/airflow/example_dags/example_trigger_target_dag.py for tasks to queue
[2025-04-30T00:49:35.464+0000] {logging_mixin.py:190} INFO - [2025-04-30T00:49:35.463+0000] {dagbag.py:587} INFO - Filling up the DagBag from /home/airflow/.local/lib/python3.12/site-packages/airflow/example_dags/example_trigger_target_dag.py
[2025-04-30T00:49:35.474+0000] {processor.py:925} INFO - DAG(s) 'example_trigger_target_dag' retrieved from /home/airflow/.local/lib/python3.12/site-packages/airflow/example_dags/example_trigger_target_dag.py
[2025-04-30T00:49:35.500+0000] {logging_mixin.py:190} INFO - [2025-04-30T00:49:35.500+0000] {dag.py:3211} INFO - Sync 1 DAGs
[2025-04-30T00:49:35.520+0000] {logging_mixin.py:190} INFO - [2025-04-30T00:49:35.520+0000] {dag.py:4138} INFO - Setting next_dagrun for example_trigger_target_dag to None, run_after=None
[2025-04-30T00:49:35.541+0000] {processor.py:208} INFO - Processing /home/airflow/.local/lib/python3.12/site-packages/airflow/example_dags/example_trigger_target_dag.py took 0.091 seconds
[2025-04-30T00:50:05.773+0000] {processor.py:186} INFO - Started process (PID=2487) to work on /home/airflow/.local/lib/python3.12/site-packages/airflow/example_dags/example_trigger_target_dag.py
[2025-04-30T00:50:05.774+0000] {processor.py:914} INFO - Processing file /home/airflow/.local/lib/python3.12/site-packages/airflow/example_dags/example_trigger_target_dag.py for tasks to queue
[2025-04-30T00:50:05.776+0000] {logging_mixin.py:190} INFO - [2025-04-30T00:50:05.776+0000] {dagbag.py:587} INFO - Filling up the DagBag from /home/airflow/.local/lib/python3.12/site-packages/airflow/example_dags/example_trigger_target_dag.py
[2025-04-30T00:50:05.785+0000] {processor.py:925} INFO - DAG(s) 'example_trigger_target_dag' retrieved from /home/airflow/.local/lib/python3.12/site-packages/airflow/example_dags/example_trigger_target_dag.py
[2025-04-30T00:50:05.807+0000] {logging_mixin.py:190} INFO - [2025-04-30T00:50:05.807+0000] {dag.py:3211} INFO - Sync 1 DAGs
[2025-04-30T00:50:05.824+0000] {logging_mixin.py:190} INFO - [2025-04-30T00:50:05.823+0000] {dag.py:4138} INFO - Setting next_dagrun for example_trigger_target_dag to None, run_after=None
[2025-04-30T00:50:05.854+0000] {processor.py:208} INFO - Processing /home/airflow/.local/lib/python3.12/site-packages/airflow/example_dags/example_trigger_target_dag.py took 0.089 seconds
[2025-04-30T00:50:36.789+0000] {processor.py:186} INFO - Started process (PID=2557) to work on /home/airflow/.local/lib/python3.12/site-packages/airflow/example_dags/example_trigger_target_dag.py
[2025-04-30T00:50:36.791+0000] {processor.py:914} INFO - Processing file /home/airflow/.local/lib/python3.12/site-packages/airflow/example_dags/example_trigger_target_dag.py for tasks to queue
[2025-04-30T00:50:36.793+0000] {logging_mixin.py:190} INFO - [2025-04-30T00:50:36.793+0000] {dagbag.py:587} INFO - Filling up the DagBag from /home/airflow/.local/lib/python3.12/site-packages/airflow/example_dags/example_trigger_target_dag.py
[2025-04-30T00:50:36.802+0000] {processor.py:925} INFO - DAG(s) 'example_trigger_target_dag' retrieved from /home/airflow/.local/lib/python3.12/site-packages/airflow/example_dags/example_trigger_target_dag.py
[2025-04-30T00:50:36.838+0000] {logging_mixin.py:190} INFO - [2025-04-30T00:50:36.837+0000] {dag.py:3211} INFO - Sync 1 DAGs
[2025-04-30T00:50:36.865+0000] {logging_mixin.py:190} INFO - [2025-04-30T00:50:36.864+0000] {dag.py:4138} INFO - Setting next_dagrun for example_trigger_target_dag to None, run_after=None
[2025-04-30T00:50:36.892+0000] {processor.py:208} INFO - Processing /home/airflow/.local/lib/python3.12/site-packages/airflow/example_dags/example_trigger_target_dag.py took 0.108 seconds
[2025-04-30T00:51:07.387+0000] {processor.py:186} INFO - Started process (PID=2620) to work on /home/airflow/.local/lib/python3.12/site-packages/airflow/example_dags/example_trigger_target_dag.py
[2025-04-30T00:51:07.389+0000] {processor.py:914} INFO - Processing file /home/airflow/.local/lib/python3.12/site-packages/airflow/example_dags/example_trigger_target_dag.py for tasks to queue
[2025-04-30T00:51:07.391+0000] {logging_mixin.py:190} INFO - [2025-04-30T00:51:07.390+0000] {dagbag.py:587} INFO - Filling up the DagBag from /home/airflow/.local/lib/python3.12/site-packages/airflow/example_dags/example_trigger_target_dag.py
[2025-04-30T00:51:07.403+0000] {processor.py:925} INFO - DAG(s) 'example_trigger_target_dag' retrieved from /home/airflow/.local/lib/python3.12/site-packages/airflow/example_dags/example_trigger_target_dag.py
[2025-04-30T00:51:07.432+0000] {logging_mixin.py:190} INFO - [2025-04-30T00:51:07.431+0000] {dag.py:3211} INFO - Sync 1 DAGs
[2025-04-30T00:51:07.452+0000] {logging_mixin.py:190} INFO - [2025-04-30T00:51:07.452+0000] {dag.py:4138} INFO - Setting next_dagrun for example_trigger_target_dag to None, run_after=None
[2025-04-30T00:51:07.475+0000] {processor.py:208} INFO - Processing /home/airflow/.local/lib/python3.12/site-packages/airflow/example_dags/example_trigger_target_dag.py took 0.095 seconds
[2025-04-30T00:51:37.967+0000] {processor.py:186} INFO - Started process (PID=2683) to work on /home/airflow/.local/lib/python3.12/site-packages/airflow/example_dags/example_trigger_target_dag.py
[2025-04-30T00:51:37.968+0000] {processor.py:914} INFO - Processing file /home/airflow/.local/lib/python3.12/site-packages/airflow/example_dags/example_trigger_target_dag.py for tasks to queue
[2025-04-30T00:51:37.970+0000] {logging_mixin.py:190} INFO - [2025-04-30T00:51:37.970+0000] {dagbag.py:587} INFO - Filling up the DagBag from /home/airflow/.local/lib/python3.12/site-packages/airflow/example_dags/example_trigger_target_dag.py
[2025-04-30T00:51:37.979+0000] {processor.py:925} INFO - DAG(s) 'example_trigger_target_dag' retrieved from /home/airflow/.local/lib/python3.12/site-packages/airflow/example_dags/example_trigger_target_dag.py
[2025-04-30T00:51:38.002+0000] {logging_mixin.py:190} INFO - [2025-04-30T00:51:38.001+0000] {dag.py:3211} INFO - Sync 1 DAGs
[2025-04-30T00:51:38.017+0000] {logging_mixin.py:190} INFO - [2025-04-30T00:51:38.017+0000] {dag.py:4138} INFO - Setting next_dagrun for example_trigger_target_dag to None, run_after=None
[2025-04-30T00:51:38.038+0000] {processor.py:208} INFO - Processing /home/airflow/.local/lib/python3.12/site-packages/airflow/example_dags/example_trigger_target_dag.py took 0.078 seconds
[2025-04-30T00:59:30.401+0000] {processor.py:186} INFO - Started process (PID=2711) to work on /home/airflow/.local/lib/python3.12/site-packages/airflow/example_dags/example_trigger_target_dag.py
[2025-04-30T00:59:30.403+0000] {processor.py:914} INFO - Processing file /home/airflow/.local/lib/python3.12/site-packages/airflow/example_dags/example_trigger_target_dag.py for tasks to queue
[2025-04-30T00:59:30.407+0000] {logging_mixin.py:190} INFO - [2025-04-30T00:59:30.406+0000] {dagbag.py:587} INFO - Filling up the DagBag from /home/airflow/.local/lib/python3.12/site-packages/airflow/example_dags/example_trigger_target_dag.py
[2025-04-30T00:59:30.434+0000] {processor.py:925} INFO - DAG(s) 'example_trigger_target_dag' retrieved from /home/airflow/.local/lib/python3.12/site-packages/airflow/example_dags/example_trigger_target_dag.py
[2025-04-30T00:59:30.484+0000] {logging_mixin.py:190} INFO - [2025-04-30T00:59:30.483+0000] {dag.py:3211} INFO - Sync 1 DAGs
[2025-04-30T00:59:29.592+0000] {logging_mixin.py:190} INFO - [2025-04-30T00:59:29.591+0000] {dag.py:4138} INFO - Setting next_dagrun for example_trigger_target_dag to None, run_after=None
[2025-04-30T00:59:29.663+0000] {processor.py:208} INFO - Processing /home/airflow/.local/lib/python3.12/site-packages/airflow/example_dags/example_trigger_target_dag.py took 0.213 seconds
[2025-04-30T01:00:00.142+0000] {processor.py:186} INFO - Started process (PID=2772) to work on /home/airflow/.local/lib/python3.12/site-packages/airflow/example_dags/example_trigger_target_dag.py
[2025-04-30T01:00:00.143+0000] {processor.py:914} INFO - Processing file /home/airflow/.local/lib/python3.12/site-packages/airflow/example_dags/example_trigger_target_dag.py for tasks to queue
[2025-04-30T01:00:00.145+0000] {logging_mixin.py:190} INFO - [2025-04-30T01:00:00.144+0000] {dagbag.py:587} INFO - Filling up the DagBag from /home/airflow/.local/lib/python3.12/site-packages/airflow/example_dags/example_trigger_target_dag.py
[2025-04-30T01:00:00.153+0000] {processor.py:925} INFO - DAG(s) 'example_trigger_target_dag' retrieved from /home/airflow/.local/lib/python3.12/site-packages/airflow/example_dags/example_trigger_target_dag.py
[2025-04-30T01:00:00.179+0000] {logging_mixin.py:190} INFO - [2025-04-30T01:00:00.179+0000] {dag.py:3211} INFO - Sync 1 DAGs
[2025-04-30T01:00:00.198+0000] {logging_mixin.py:190} INFO - [2025-04-30T01:00:00.197+0000] {dag.py:4138} INFO - Setting next_dagrun for example_trigger_target_dag to None, run_after=None
[2025-04-30T01:00:00.228+0000] {processor.py:208} INFO - Processing /home/airflow/.local/lib/python3.12/site-packages/airflow/example_dags/example_trigger_target_dag.py took 0.095 seconds
[2025-04-30T01:00:30.462+0000] {processor.py:186} INFO - Started process (PID=2832) to work on /home/airflow/.local/lib/python3.12/site-packages/airflow/example_dags/example_trigger_target_dag.py
[2025-04-30T01:00:30.464+0000] {processor.py:914} INFO - Processing file /home/airflow/.local/lib/python3.12/site-packages/airflow/example_dags/example_trigger_target_dag.py for tasks to queue
[2025-04-30T01:00:30.465+0000] {logging_mixin.py:190} INFO - [2025-04-30T01:00:30.465+0000] {dagbag.py:587} INFO - Filling up the DagBag from /home/airflow/.local/lib/python3.12/site-packages/airflow/example_dags/example_trigger_target_dag.py
[2025-04-30T01:00:30.474+0000] {processor.py:925} INFO - DAG(s) 'example_trigger_target_dag' retrieved from /home/airflow/.local/lib/python3.12/site-packages/airflow/example_dags/example_trigger_target_dag.py
[2025-04-30T01:00:30.499+0000] {logging_mixin.py:190} INFO - [2025-04-30T01:00:30.499+0000] {dag.py:3211} INFO - Sync 1 DAGs
[2025-04-30T01:00:30.517+0000] {logging_mixin.py:190} INFO - [2025-04-30T01:00:30.517+0000] {dag.py:4138} INFO - Setting next_dagrun for example_trigger_target_dag to None, run_after=None
[2025-04-30T01:00:30.542+0000] {processor.py:208} INFO - Processing /home/airflow/.local/lib/python3.12/site-packages/airflow/example_dags/example_trigger_target_dag.py took 0.087 seconds
[2025-04-30T01:01:00.691+0000] {processor.py:186} INFO - Started process (PID=2895) to work on /home/airflow/.local/lib/python3.12/site-packages/airflow/example_dags/example_trigger_target_dag.py
[2025-04-30T01:01:00.693+0000] {processor.py:914} INFO - Processing file /home/airflow/.local/lib/python3.12/site-packages/airflow/example_dags/example_trigger_target_dag.py for tasks to queue
[2025-04-30T01:01:00.695+0000] {logging_mixin.py:190} INFO - [2025-04-30T01:01:00.694+0000] {dagbag.py:587} INFO - Filling up the DagBag from /home/airflow/.local/lib/python3.12/site-packages/airflow/example_dags/example_trigger_target_dag.py
[2025-04-30T01:01:00.706+0000] {processor.py:925} INFO - DAG(s) 'example_trigger_target_dag' retrieved from /home/airflow/.local/lib/python3.12/site-packages/airflow/example_dags/example_trigger_target_dag.py
[2025-04-30T01:01:00.738+0000] {logging_mixin.py:190} INFO - [2025-04-30T01:01:00.738+0000] {dag.py:3211} INFO - Sync 1 DAGs
[2025-04-30T01:01:00.756+0000] {logging_mixin.py:190} INFO - [2025-04-30T01:01:00.756+0000] {dag.py:4138} INFO - Setting next_dagrun for example_trigger_target_dag to None, run_after=None
[2025-04-30T01:01:00.780+0000] {processor.py:208} INFO - Processing /home/airflow/.local/lib/python3.12/site-packages/airflow/example_dags/example_trigger_target_dag.py took 0.097 seconds
[2025-04-30T01:01:31.569+0000] {processor.py:186} INFO - Started process (PID=2959) to work on /home/airflow/.local/lib/python3.12/site-packages/airflow/example_dags/example_trigger_target_dag.py
[2025-04-30T01:01:31.570+0000] {processor.py:914} INFO - Processing file /home/airflow/.local/lib/python3.12/site-packages/airflow/example_dags/example_trigger_target_dag.py for tasks to queue
[2025-04-30T01:01:31.572+0000] {logging_mixin.py:190} INFO - [2025-04-30T01:01:31.572+0000] {dagbag.py:587} INFO - Filling up the DagBag from /home/airflow/.local/lib/python3.12/site-packages/airflow/example_dags/example_trigger_target_dag.py
[2025-04-30T01:01:31.580+0000] {processor.py:925} INFO - DAG(s) 'example_trigger_target_dag' retrieved from /home/airflow/.local/lib/python3.12/site-packages/airflow/example_dags/example_trigger_target_dag.py
[2025-04-30T01:01:31.603+0000] {logging_mixin.py:190} INFO - [2025-04-30T01:01:31.603+0000] {dag.py:3211} INFO - Sync 1 DAGs
[2025-04-30T01:01:31.618+0000] {logging_mixin.py:190} INFO - [2025-04-30T01:01:31.617+0000] {dag.py:4138} INFO - Setting next_dagrun for example_trigger_target_dag to None, run_after=None
[2025-04-30T01:01:31.638+0000] {processor.py:208} INFO - Processing /home/airflow/.local/lib/python3.12/site-packages/airflow/example_dags/example_trigger_target_dag.py took 0.076 seconds
[2025-04-30T01:02:02.008+0000] {processor.py:186} INFO - Started process (PID=3022) to work on /home/airflow/.local/lib/python3.12/site-packages/airflow/example_dags/example_trigger_target_dag.py
[2025-04-30T01:02:02.010+0000] {processor.py:914} INFO - Processing file /home/airflow/.local/lib/python3.12/site-packages/airflow/example_dags/example_trigger_target_dag.py for tasks to queue
[2025-04-30T01:02:02.012+0000] {logging_mixin.py:190} INFO - [2025-04-30T01:02:02.011+0000] {dagbag.py:587} INFO - Filling up the DagBag from /home/airflow/.local/lib/python3.12/site-packages/airflow/example_dags/example_trigger_target_dag.py
[2025-04-30T01:02:02.019+0000] {processor.py:925} INFO - DAG(s) 'example_trigger_target_dag' retrieved from /home/airflow/.local/lib/python3.12/site-packages/airflow/example_dags/example_trigger_target_dag.py
[2025-04-30T01:02:02.042+0000] {logging_mixin.py:190} INFO - [2025-04-30T01:02:02.042+0000] {dag.py:3211} INFO - Sync 1 DAGs
[2025-04-30T01:02:02.057+0000] {logging_mixin.py:190} INFO - [2025-04-30T01:02:02.057+0000] {dag.py:4138} INFO - Setting next_dagrun for example_trigger_target_dag to None, run_after=None
[2025-04-30T01:02:02.080+0000] {processor.py:208} INFO - Processing /home/airflow/.local/lib/python3.12/site-packages/airflow/example_dags/example_trigger_target_dag.py took 0.079 seconds
[2025-04-30T01:02:32.429+0000] {processor.py:186} INFO - Started process (PID=3091) to work on /home/airflow/.local/lib/python3.12/site-packages/airflow/example_dags/example_trigger_target_dag.py
[2025-04-30T01:02:32.431+0000] {processor.py:914} INFO - Processing file /home/airflow/.local/lib/python3.12/site-packages/airflow/example_dags/example_trigger_target_dag.py for tasks to queue
[2025-04-30T01:02:32.433+0000] {logging_mixin.py:190} INFO - [2025-04-30T01:02:32.432+0000] {dagbag.py:587} INFO - Filling up the DagBag from /home/airflow/.local/lib/python3.12/site-packages/airflow/example_dags/example_trigger_target_dag.py
[2025-04-30T01:02:32.441+0000] {processor.py:925} INFO - DAG(s) 'example_trigger_target_dag' retrieved from /home/airflow/.local/lib/python3.12/site-packages/airflow/example_dags/example_trigger_target_dag.py
[2025-04-30T01:02:32.467+0000] {logging_mixin.py:190} INFO - [2025-04-30T01:02:32.466+0000] {dag.py:3211} INFO - Sync 1 DAGs
[2025-04-30T01:02:32.483+0000] {logging_mixin.py:190} INFO - [2025-04-30T01:02:32.482+0000] {dag.py:4138} INFO - Setting next_dagrun for example_trigger_target_dag to None, run_after=None
[2025-04-30T01:02:32.505+0000] {processor.py:208} INFO - Processing /home/airflow/.local/lib/python3.12/site-packages/airflow/example_dags/example_trigger_target_dag.py took 0.087 seconds
[2025-04-30T01:03:03.207+0000] {processor.py:186} INFO - Started process (PID=3154) to work on /home/airflow/.local/lib/python3.12/site-packages/airflow/example_dags/example_trigger_target_dag.py
[2025-04-30T01:03:03.209+0000] {processor.py:914} INFO - Processing file /home/airflow/.local/lib/python3.12/site-packages/airflow/example_dags/example_trigger_target_dag.py for tasks to queue
[2025-04-30T01:03:03.211+0000] {logging_mixin.py:190} INFO - [2025-04-30T01:03:03.211+0000] {dagbag.py:587} INFO - Filling up the DagBag from /home/airflow/.local/lib/python3.12/site-packages/airflow/example_dags/example_trigger_target_dag.py
[2025-04-30T01:03:03.219+0000] {processor.py:925} INFO - DAG(s) 'example_trigger_target_dag' retrieved from /home/airflow/.local/lib/python3.12/site-packages/airflow/example_dags/example_trigger_target_dag.py
[2025-04-30T01:03:03.246+0000] {logging_mixin.py:190} INFO - [2025-04-30T01:03:03.246+0000] {dag.py:3211} INFO - Sync 1 DAGs
[2025-04-30T01:03:03.459+0000] {logging_mixin.py:190} INFO - [2025-04-30T01:03:03.459+0000] {dag.py:4138} INFO - Setting next_dagrun for example_trigger_target_dag to None, run_after=None
[2025-04-30T01:03:03.489+0000] {processor.py:208} INFO - Processing /home/airflow/.local/lib/python3.12/site-packages/airflow/example_dags/example_trigger_target_dag.py took 0.289 seconds
[2025-04-30T01:03:33.809+0000] {processor.py:186} INFO - Started process (PID=3217) to work on /home/airflow/.local/lib/python3.12/site-packages/airflow/example_dags/example_trigger_target_dag.py
[2025-04-30T01:03:33.811+0000] {processor.py:914} INFO - Processing file /home/airflow/.local/lib/python3.12/site-packages/airflow/example_dags/example_trigger_target_dag.py for tasks to queue
[2025-04-30T01:03:33.813+0000] {logging_mixin.py:190} INFO - [2025-04-30T01:03:33.812+0000] {dagbag.py:587} INFO - Filling up the DagBag from /home/airflow/.local/lib/python3.12/site-packages/airflow/example_dags/example_trigger_target_dag.py
[2025-04-30T01:03:33.822+0000] {processor.py:925} INFO - DAG(s) 'example_trigger_target_dag' retrieved from /home/airflow/.local/lib/python3.12/site-packages/airflow/example_dags/example_trigger_target_dag.py
[2025-04-30T01:03:33.842+0000] {logging_mixin.py:190} INFO - [2025-04-30T01:03:33.842+0000] {dag.py:3211} INFO - Sync 1 DAGs
[2025-04-30T01:03:33.858+0000] {logging_mixin.py:190} INFO - [2025-04-30T01:03:33.857+0000] {dag.py:4138} INFO - Setting next_dagrun for example_trigger_target_dag to None, run_after=None
[2025-04-30T01:03:34.064+0000] {processor.py:208} INFO - Processing /home/airflow/.local/lib/python3.12/site-packages/airflow/example_dags/example_trigger_target_dag.py took 0.262 seconds
[2025-04-30T01:04:04.177+0000] {processor.py:186} INFO - Started process (PID=3280) to work on /home/airflow/.local/lib/python3.12/site-packages/airflow/example_dags/example_trigger_target_dag.py
[2025-04-30T01:04:04.179+0000] {processor.py:914} INFO - Processing file /home/airflow/.local/lib/python3.12/site-packages/airflow/example_dags/example_trigger_target_dag.py for tasks to queue
[2025-04-30T01:04:04.181+0000] {logging_mixin.py:190} INFO - [2025-04-30T01:04:04.180+0000] {dagbag.py:587} INFO - Filling up the DagBag from /home/airflow/.local/lib/python3.12/site-packages/airflow/example_dags/example_trigger_target_dag.py
[2025-04-30T01:04:04.189+0000] {processor.py:925} INFO - DAG(s) 'example_trigger_target_dag' retrieved from /home/airflow/.local/lib/python3.12/site-packages/airflow/example_dags/example_trigger_target_dag.py
[2025-04-30T01:04:04.212+0000] {logging_mixin.py:190} INFO - [2025-04-30T01:04:04.211+0000] {dag.py:3211} INFO - Sync 1 DAGs
[2025-04-30T01:04:04.227+0000] {logging_mixin.py:190} INFO - [2025-04-30T01:04:04.227+0000] {dag.py:4138} INFO - Setting next_dagrun for example_trigger_target_dag to None, run_after=None
[2025-04-30T01:04:04.251+0000] {processor.py:208} INFO - Processing /home/airflow/.local/lib/python3.12/site-packages/airflow/example_dags/example_trigger_target_dag.py took 0.080 seconds
[2025-04-30T01:04:34.735+0000] {processor.py:186} INFO - Started process (PID=3343) to work on /home/airflow/.local/lib/python3.12/site-packages/airflow/example_dags/example_trigger_target_dag.py
[2025-04-30T01:04:34.736+0000] {processor.py:914} INFO - Processing file /home/airflow/.local/lib/python3.12/site-packages/airflow/example_dags/example_trigger_target_dag.py for tasks to queue
[2025-04-30T01:04:34.738+0000] {logging_mixin.py:190} INFO - [2025-04-30T01:04:34.737+0000] {dagbag.py:587} INFO - Filling up the DagBag from /home/airflow/.local/lib/python3.12/site-packages/airflow/example_dags/example_trigger_target_dag.py
[2025-04-30T01:04:34.749+0000] {processor.py:925} INFO - DAG(s) 'example_trigger_target_dag' retrieved from /home/airflow/.local/lib/python3.12/site-packages/airflow/example_dags/example_trigger_target_dag.py
[2025-04-30T01:04:34.776+0000] {logging_mixin.py:190} INFO - [2025-04-30T01:04:34.776+0000] {dag.py:3211} INFO - Sync 1 DAGs
[2025-04-30T01:04:34.793+0000] {logging_mixin.py:190} INFO - [2025-04-30T01:04:34.793+0000] {dag.py:4138} INFO - Setting next_dagrun for example_trigger_target_dag to None, run_after=None
[2025-04-30T01:04:34.826+0000] {processor.py:208} INFO - Processing /home/airflow/.local/lib/python3.12/site-packages/airflow/example_dags/example_trigger_target_dag.py took 0.100 seconds
[2025-04-30T01:05:05.683+0000] {processor.py:186} INFO - Started process (PID=3406) to work on /home/airflow/.local/lib/python3.12/site-packages/airflow/example_dags/example_trigger_target_dag.py
[2025-04-30T01:05:05.684+0000] {processor.py:914} INFO - Processing file /home/airflow/.local/lib/python3.12/site-packages/airflow/example_dags/example_trigger_target_dag.py for tasks to queue
[2025-04-30T01:05:05.686+0000] {logging_mixin.py:190} INFO - [2025-04-30T01:05:05.686+0000] {dagbag.py:587} INFO - Filling up the DagBag from /home/airflow/.local/lib/python3.12/site-packages/airflow/example_dags/example_trigger_target_dag.py
[2025-04-30T01:05:05.694+0000] {processor.py:925} INFO - DAG(s) 'example_trigger_target_dag' retrieved from /home/airflow/.local/lib/python3.12/site-packages/airflow/example_dags/example_trigger_target_dag.py
[2025-04-30T01:05:05.716+0000] {logging_mixin.py:190} INFO - [2025-04-30T01:05:05.716+0000] {dag.py:3211} INFO - Sync 1 DAGs
[2025-04-30T01:05:05.732+0000] {logging_mixin.py:190} INFO - [2025-04-30T01:05:05.732+0000] {dag.py:4138} INFO - Setting next_dagrun for example_trigger_target_dag to None, run_after=None
[2025-04-30T01:05:05.762+0000] {processor.py:208} INFO - Processing /home/airflow/.local/lib/python3.12/site-packages/airflow/example_dags/example_trigger_target_dag.py took 0.085 seconds
[2025-04-30T01:05:36.311+0000] {processor.py:186} INFO - Started process (PID=3469) to work on /home/airflow/.local/lib/python3.12/site-packages/airflow/example_dags/example_trigger_target_dag.py
[2025-04-30T01:05:36.312+0000] {processor.py:914} INFO - Processing file /home/airflow/.local/lib/python3.12/site-packages/airflow/example_dags/example_trigger_target_dag.py for tasks to queue
[2025-04-30T01:05:36.313+0000] {logging_mixin.py:190} INFO - [2025-04-30T01:05:36.313+0000] {dagbag.py:587} INFO - Filling up the DagBag from /home/airflow/.local/lib/python3.12/site-packages/airflow/example_dags/example_trigger_target_dag.py
[2025-04-30T01:05:36.322+0000] {processor.py:925} INFO - DAG(s) 'example_trigger_target_dag' retrieved from /home/airflow/.local/lib/python3.12/site-packages/airflow/example_dags/example_trigger_target_dag.py
[2025-04-30T01:05:36.343+0000] {logging_mixin.py:190} INFO - [2025-04-30T01:05:36.343+0000] {dag.py:3211} INFO - Sync 1 DAGs
[2025-04-30T01:05:36.362+0000] {logging_mixin.py:190} INFO - [2025-04-30T01:05:36.362+0000] {dag.py:4138} INFO - Setting next_dagrun for example_trigger_target_dag to None, run_after=None
[2025-04-30T01:05:36.383+0000] {processor.py:208} INFO - Processing /home/airflow/.local/lib/python3.12/site-packages/airflow/example_dags/example_trigger_target_dag.py took 0.078 seconds
[2025-04-30T01:06:06.971+0000] {processor.py:186} INFO - Started process (PID=3532) to work on /home/airflow/.local/lib/python3.12/site-packages/airflow/example_dags/example_trigger_target_dag.py
[2025-04-30T01:06:06.973+0000] {processor.py:914} INFO - Processing file /home/airflow/.local/lib/python3.12/site-packages/airflow/example_dags/example_trigger_target_dag.py for tasks to queue
[2025-04-30T01:06:06.974+0000] {logging_mixin.py:190} INFO - [2025-04-30T01:06:06.974+0000] {dagbag.py:587} INFO - Filling up the DagBag from /home/airflow/.local/lib/python3.12/site-packages/airflow/example_dags/example_trigger_target_dag.py
[2025-04-30T01:06:06.987+0000] {processor.py:925} INFO - DAG(s) 'example_trigger_target_dag' retrieved from /home/airflow/.local/lib/python3.12/site-packages/airflow/example_dags/example_trigger_target_dag.py
[2025-04-30T01:06:07.015+0000] {logging_mixin.py:190} INFO - [2025-04-30T01:06:07.015+0000] {dag.py:3211} INFO - Sync 1 DAGs
[2025-04-30T01:06:07.048+0000] {logging_mixin.py:190} INFO - [2025-04-30T01:06:07.048+0000] {dag.py:4138} INFO - Setting next_dagrun for example_trigger_target_dag to None, run_after=None
[2025-04-30T01:06:07.110+0000] {processor.py:208} INFO - Processing /home/airflow/.local/lib/python3.12/site-packages/airflow/example_dags/example_trigger_target_dag.py took 0.149 seconds
[2025-04-30T01:06:38.121+0000] {processor.py:186} INFO - Started process (PID=3595) to work on /home/airflow/.local/lib/python3.12/site-packages/airflow/example_dags/example_trigger_target_dag.py
[2025-04-30T01:06:38.122+0000] {processor.py:914} INFO - Processing file /home/airflow/.local/lib/python3.12/site-packages/airflow/example_dags/example_trigger_target_dag.py for tasks to queue
[2025-04-30T01:06:38.124+0000] {logging_mixin.py:190} INFO - [2025-04-30T01:06:38.123+0000] {dagbag.py:587} INFO - Filling up the DagBag from /home/airflow/.local/lib/python3.12/site-packages/airflow/example_dags/example_trigger_target_dag.py
[2025-04-30T01:06:38.133+0000] {processor.py:925} INFO - DAG(s) 'example_trigger_target_dag' retrieved from /home/airflow/.local/lib/python3.12/site-packages/airflow/example_dags/example_trigger_target_dag.py
[2025-04-30T01:06:38.157+0000] {logging_mixin.py:190} INFO - [2025-04-30T01:06:38.156+0000] {dag.py:3211} INFO - Sync 1 DAGs
[2025-04-30T01:06:38.173+0000] {logging_mixin.py:190} INFO - [2025-04-30T01:06:38.173+0000] {dag.py:4138} INFO - Setting next_dagrun for example_trigger_target_dag to None, run_after=None
[2025-04-30T01:06:38.205+0000] {processor.py:208} INFO - Processing /home/airflow/.local/lib/python3.12/site-packages/airflow/example_dags/example_trigger_target_dag.py took 0.090 seconds
[2025-04-30T01:07:08.309+0000] {processor.py:186} INFO - Started process (PID=3658) to work on /home/airflow/.local/lib/python3.12/site-packages/airflow/example_dags/example_trigger_target_dag.py
[2025-04-30T01:07:08.310+0000] {processor.py:914} INFO - Processing file /home/airflow/.local/lib/python3.12/site-packages/airflow/example_dags/example_trigger_target_dag.py for tasks to queue
[2025-04-30T01:07:08.312+0000] {logging_mixin.py:190} INFO - [2025-04-30T01:07:08.311+0000] {dagbag.py:587} INFO - Filling up the DagBag from /home/airflow/.local/lib/python3.12/site-packages/airflow/example_dags/example_trigger_target_dag.py
[2025-04-30T01:07:08.321+0000] {processor.py:925} INFO - DAG(s) 'example_trigger_target_dag' retrieved from /home/airflow/.local/lib/python3.12/site-packages/airflow/example_dags/example_trigger_target_dag.py
[2025-04-30T01:07:08.344+0000] {logging_mixin.py:190} INFO - [2025-04-30T01:07:08.344+0000] {dag.py:3211} INFO - Sync 1 DAGs
[2025-04-30T01:07:08.359+0000] {logging_mixin.py:190} INFO - [2025-04-30T01:07:08.359+0000] {dag.py:4138} INFO - Setting next_dagrun for example_trigger_target_dag to None, run_after=None
[2025-04-30T01:07:08.382+0000] {processor.py:208} INFO - Processing /home/airflow/.local/lib/python3.12/site-packages/airflow/example_dags/example_trigger_target_dag.py took 0.079 seconds
[2025-04-30T01:07:38.798+0000] {processor.py:186} INFO - Started process (PID=3721) to work on /home/airflow/.local/lib/python3.12/site-packages/airflow/example_dags/example_trigger_target_dag.py
[2025-04-30T01:07:38.799+0000] {processor.py:914} INFO - Processing file /home/airflow/.local/lib/python3.12/site-packages/airflow/example_dags/example_trigger_target_dag.py for tasks to queue
[2025-04-30T01:07:38.801+0000] {logging_mixin.py:190} INFO - [2025-04-30T01:07:38.800+0000] {dagbag.py:587} INFO - Filling up the DagBag from /home/airflow/.local/lib/python3.12/site-packages/airflow/example_dags/example_trigger_target_dag.py
[2025-04-30T01:07:38.810+0000] {processor.py:925} INFO - DAG(s) 'example_trigger_target_dag' retrieved from /home/airflow/.local/lib/python3.12/site-packages/airflow/example_dags/example_trigger_target_dag.py
[2025-04-30T01:07:38.834+0000] {logging_mixin.py:190} INFO - [2025-04-30T01:07:38.833+0000] {dag.py:3211} INFO - Sync 1 DAGs
[2025-04-30T01:07:38.850+0000] {logging_mixin.py:190} INFO - [2025-04-30T01:07:38.850+0000] {dag.py:4138} INFO - Setting next_dagrun for example_trigger_target_dag to None, run_after=None
[2025-04-30T01:07:38.874+0000] {processor.py:208} INFO - Processing /home/airflow/.local/lib/python3.12/site-packages/airflow/example_dags/example_trigger_target_dag.py took 0.083 seconds
[2025-04-30T01:08:09.601+0000] {processor.py:186} INFO - Started process (PID=3784) to work on /home/airflow/.local/lib/python3.12/site-packages/airflow/example_dags/example_trigger_target_dag.py
[2025-04-30T01:08:09.602+0000] {processor.py:914} INFO - Processing file /home/airflow/.local/lib/python3.12/site-packages/airflow/example_dags/example_trigger_target_dag.py for tasks to queue
[2025-04-30T01:08:09.604+0000] {logging_mixin.py:190} INFO - [2025-04-30T01:08:09.603+0000] {dagbag.py:587} INFO - Filling up the DagBag from /home/airflow/.local/lib/python3.12/site-packages/airflow/example_dags/example_trigger_target_dag.py
[2025-04-30T01:08:09.612+0000] {processor.py:925} INFO - DAG(s) 'example_trigger_target_dag' retrieved from /home/airflow/.local/lib/python3.12/site-packages/airflow/example_dags/example_trigger_target_dag.py
[2025-04-30T01:08:09.635+0000] {logging_mixin.py:190} INFO - [2025-04-30T01:08:09.634+0000] {dag.py:3211} INFO - Sync 1 DAGs
[2025-04-30T01:08:09.650+0000] {logging_mixin.py:190} INFO - [2025-04-30T01:08:09.650+0000] {dag.py:4138} INFO - Setting next_dagrun for example_trigger_target_dag to None, run_after=None
[2025-04-30T01:08:09.672+0000] {processor.py:208} INFO - Processing /home/airflow/.local/lib/python3.12/site-packages/airflow/example_dags/example_trigger_target_dag.py took 0.076 seconds
[2025-04-30T01:08:40.432+0000] {processor.py:186} INFO - Started process (PID=3846) to work on /home/airflow/.local/lib/python3.12/site-packages/airflow/example_dags/example_trigger_target_dag.py
[2025-04-30T01:08:40.434+0000] {processor.py:914} INFO - Processing file /home/airflow/.local/lib/python3.12/site-packages/airflow/example_dags/example_trigger_target_dag.py for tasks to queue
[2025-04-30T01:08:40.437+0000] {logging_mixin.py:190} INFO - [2025-04-30T01:08:40.436+0000] {dagbag.py:587} INFO - Filling up the DagBag from /home/airflow/.local/lib/python3.12/site-packages/airflow/example_dags/example_trigger_target_dag.py
[2025-04-30T01:08:40.450+0000] {processor.py:925} INFO - DAG(s) 'example_trigger_target_dag' retrieved from /home/airflow/.local/lib/python3.12/site-packages/airflow/example_dags/example_trigger_target_dag.py
[2025-04-30T01:08:40.478+0000] {logging_mixin.py:190} INFO - [2025-04-30T01:08:40.478+0000] {dag.py:3211} INFO - Sync 1 DAGs
[2025-04-30T01:08:40.504+0000] {logging_mixin.py:190} INFO - [2025-04-30T01:08:40.504+0000] {dag.py:4138} INFO - Setting next_dagrun for example_trigger_target_dag to None, run_after=None
[2025-04-30T01:08:40.528+0000] {processor.py:208} INFO - Processing /home/airflow/.local/lib/python3.12/site-packages/airflow/example_dags/example_trigger_target_dag.py took 0.105 seconds
[2025-04-30T01:09:10.676+0000] {processor.py:186} INFO - Started process (PID=3908) to work on /home/airflow/.local/lib/python3.12/site-packages/airflow/example_dags/example_trigger_target_dag.py
[2025-04-30T01:09:10.677+0000] {processor.py:914} INFO - Processing file /home/airflow/.local/lib/python3.12/site-packages/airflow/example_dags/example_trigger_target_dag.py for tasks to queue
[2025-04-30T01:09:10.679+0000] {logging_mixin.py:190} INFO - [2025-04-30T01:09:10.678+0000] {dagbag.py:587} INFO - Filling up the DagBag from /home/airflow/.local/lib/python3.12/site-packages/airflow/example_dags/example_trigger_target_dag.py
[2025-04-30T01:09:10.690+0000] {processor.py:925} INFO - DAG(s) 'example_trigger_target_dag' retrieved from /home/airflow/.local/lib/python3.12/site-packages/airflow/example_dags/example_trigger_target_dag.py
[2025-04-30T01:09:10.714+0000] {logging_mixin.py:190} INFO - [2025-04-30T01:09:10.714+0000] {dag.py:3211} INFO - Sync 1 DAGs
[2025-04-30T01:09:10.732+0000] {logging_mixin.py:190} INFO - [2025-04-30T01:09:10.731+0000] {dag.py:4138} INFO - Setting next_dagrun for example_trigger_target_dag to None, run_after=None
[2025-04-30T01:09:10.762+0000] {processor.py:208} INFO - Processing /home/airflow/.local/lib/python3.12/site-packages/airflow/example_dags/example_trigger_target_dag.py took 0.093 seconds
[2025-04-30T01:09:41.809+0000] {processor.py:186} INFO - Started process (PID=3970) to work on /home/airflow/.local/lib/python3.12/site-packages/airflow/example_dags/example_trigger_target_dag.py
[2025-04-30T01:09:41.810+0000] {processor.py:914} INFO - Processing file /home/airflow/.local/lib/python3.12/site-packages/airflow/example_dags/example_trigger_target_dag.py for tasks to queue
[2025-04-30T01:09:41.812+0000] {logging_mixin.py:190} INFO - [2025-04-30T01:09:41.812+0000] {dagbag.py:587} INFO - Filling up the DagBag from /home/airflow/.local/lib/python3.12/site-packages/airflow/example_dags/example_trigger_target_dag.py
[2025-04-30T01:09:41.821+0000] {processor.py:925} INFO - DAG(s) 'example_trigger_target_dag' retrieved from /home/airflow/.local/lib/python3.12/site-packages/airflow/example_dags/example_trigger_target_dag.py
[2025-04-30T01:09:41.847+0000] {logging_mixin.py:190} INFO - [2025-04-30T01:09:41.847+0000] {dag.py:3211} INFO - Sync 1 DAGs
[2025-04-30T01:09:41.868+0000] {logging_mixin.py:190} INFO - [2025-04-30T01:09:41.867+0000] {dag.py:4138} INFO - Setting next_dagrun for example_trigger_target_dag to None, run_after=None
[2025-04-30T01:09:41.894+0000] {processor.py:208} INFO - Processing /home/airflow/.local/lib/python3.12/site-packages/airflow/example_dags/example_trigger_target_dag.py took 0.094 seconds
[2025-04-30T01:10:12.868+0000] {processor.py:186} INFO - Started process (PID=4032) to work on /home/airflow/.local/lib/python3.12/site-packages/airflow/example_dags/example_trigger_target_dag.py
[2025-04-30T01:10:12.870+0000] {processor.py:914} INFO - Processing file /home/airflow/.local/lib/python3.12/site-packages/airflow/example_dags/example_trigger_target_dag.py for tasks to queue
[2025-04-30T01:10:12.871+0000] {logging_mixin.py:190} INFO - [2025-04-30T01:10:12.871+0000] {dagbag.py:587} INFO - Filling up the DagBag from /home/airflow/.local/lib/python3.12/site-packages/airflow/example_dags/example_trigger_target_dag.py
[2025-04-30T01:10:12.881+0000] {processor.py:925} INFO - DAG(s) 'example_trigger_target_dag' retrieved from /home/airflow/.local/lib/python3.12/site-packages/airflow/example_dags/example_trigger_target_dag.py
[2025-04-30T01:10:12.905+0000] {logging_mixin.py:190} INFO - [2025-04-30T01:10:12.905+0000] {dag.py:3211} INFO - Sync 1 DAGs
[2025-04-30T01:10:12.923+0000] {logging_mixin.py:190} INFO - [2025-04-30T01:10:12.923+0000] {dag.py:4138} INFO - Setting next_dagrun for example_trigger_target_dag to None, run_after=None
[2025-04-30T01:10:12.954+0000] {processor.py:208} INFO - Processing /home/airflow/.local/lib/python3.12/site-packages/airflow/example_dags/example_trigger_target_dag.py took 0.093 seconds
[2025-04-30T01:10:43.942+0000] {processor.py:186} INFO - Started process (PID=4094) to work on /home/airflow/.local/lib/python3.12/site-packages/airflow/example_dags/example_trigger_target_dag.py
[2025-04-30T01:10:43.943+0000] {processor.py:914} INFO - Processing file /home/airflow/.local/lib/python3.12/site-packages/airflow/example_dags/example_trigger_target_dag.py for tasks to queue
[2025-04-30T01:10:43.945+0000] {logging_mixin.py:190} INFO - [2025-04-30T01:10:43.945+0000] {dagbag.py:587} INFO - Filling up the DagBag from /home/airflow/.local/lib/python3.12/site-packages/airflow/example_dags/example_trigger_target_dag.py
[2025-04-30T01:10:43.955+0000] {processor.py:925} INFO - DAG(s) 'example_trigger_target_dag' retrieved from /home/airflow/.local/lib/python3.12/site-packages/airflow/example_dags/example_trigger_target_dag.py
[2025-04-30T01:10:43.978+0000] {logging_mixin.py:190} INFO - [2025-04-30T01:10:43.978+0000] {dag.py:3211} INFO - Sync 1 DAGs
[2025-04-30T01:10:43.995+0000] {logging_mixin.py:190} INFO - [2025-04-30T01:10:43.995+0000] {dag.py:4138} INFO - Setting next_dagrun for example_trigger_target_dag to None, run_after=None
[2025-04-30T01:10:44.017+0000] {processor.py:208} INFO - Processing /home/airflow/.local/lib/python3.12/site-packages/airflow/example_dags/example_trigger_target_dag.py took 0.083 seconds
[2025-04-30T01:11:14.809+0000] {processor.py:186} INFO - Started process (PID=4156) to work on /home/airflow/.local/lib/python3.12/site-packages/airflow/example_dags/example_trigger_target_dag.py
[2025-04-30T01:11:14.810+0000] {processor.py:914} INFO - Processing file /home/airflow/.local/lib/python3.12/site-packages/airflow/example_dags/example_trigger_target_dag.py for tasks to queue
[2025-04-30T01:11:14.812+0000] {logging_mixin.py:190} INFO - [2025-04-30T01:11:14.812+0000] {dagbag.py:587} INFO - Filling up the DagBag from /home/airflow/.local/lib/python3.12/site-packages/airflow/example_dags/example_trigger_target_dag.py
[2025-04-30T01:11:14.822+0000] {processor.py:925} INFO - DAG(s) 'example_trigger_target_dag' retrieved from /home/airflow/.local/lib/python3.12/site-packages/airflow/example_dags/example_trigger_target_dag.py
[2025-04-30T01:11:14.845+0000] {logging_mixin.py:190} INFO - [2025-04-30T01:11:14.845+0000] {dag.py:3211} INFO - Sync 1 DAGs
[2025-04-30T01:11:14.864+0000] {logging_mixin.py:190} INFO - [2025-04-30T01:11:14.864+0000] {dag.py:4138} INFO - Setting next_dagrun for example_trigger_target_dag to None, run_after=None
[2025-04-30T01:11:14.902+0000] {processor.py:208} INFO - Processing /home/airflow/.local/lib/python3.12/site-packages/airflow/example_dags/example_trigger_target_dag.py took 0.103 seconds
[2025-04-30T01:11:45.365+0000] {processor.py:186} INFO - Started process (PID=4224) to work on /home/airflow/.local/lib/python3.12/site-packages/airflow/example_dags/example_trigger_target_dag.py
[2025-04-30T01:11:45.366+0000] {processor.py:914} INFO - Processing file /home/airflow/.local/lib/python3.12/site-packages/airflow/example_dags/example_trigger_target_dag.py for tasks to queue
[2025-04-30T01:11:45.368+0000] {logging_mixin.py:190} INFO - [2025-04-30T01:11:45.368+0000] {dagbag.py:587} INFO - Filling up the DagBag from /home/airflow/.local/lib/python3.12/site-packages/airflow/example_dags/example_trigger_target_dag.py
[2025-04-30T01:11:45.376+0000] {processor.py:925} INFO - DAG(s) 'example_trigger_target_dag' retrieved from /home/airflow/.local/lib/python3.12/site-packages/airflow/example_dags/example_trigger_target_dag.py
[2025-04-30T01:11:45.399+0000] {logging_mixin.py:190} INFO - [2025-04-30T01:11:45.399+0000] {dag.py:3211} INFO - Sync 1 DAGs
[2025-04-30T01:11:45.414+0000] {logging_mixin.py:190} INFO - [2025-04-30T01:11:45.413+0000] {dag.py:4138} INFO - Setting next_dagrun for example_trigger_target_dag to None, run_after=None
[2025-04-30T01:11:45.443+0000] {processor.py:208} INFO - Processing /home/airflow/.local/lib/python3.12/site-packages/airflow/example_dags/example_trigger_target_dag.py took 0.085 seconds
[2025-04-30T01:12:15.529+0000] {processor.py:186} INFO - Started process (PID=4286) to work on /home/airflow/.local/lib/python3.12/site-packages/airflow/example_dags/example_trigger_target_dag.py
[2025-04-30T01:12:15.533+0000] {processor.py:914} INFO - Processing file /home/airflow/.local/lib/python3.12/site-packages/airflow/example_dags/example_trigger_target_dag.py for tasks to queue
[2025-04-30T01:12:15.538+0000] {logging_mixin.py:190} INFO - [2025-04-30T01:12:15.537+0000] {dagbag.py:587} INFO - Filling up the DagBag from /home/airflow/.local/lib/python3.12/site-packages/airflow/example_dags/example_trigger_target_dag.py
[2025-04-30T01:12:15.564+0000] {processor.py:925} INFO - DAG(s) 'example_trigger_target_dag' retrieved from /home/airflow/.local/lib/python3.12/site-packages/airflow/example_dags/example_trigger_target_dag.py
[2025-04-30T01:12:15.647+0000] {logging_mixin.py:190} INFO - [2025-04-30T01:12:15.646+0000] {dag.py:3211} INFO - Sync 1 DAGs
[2025-04-30T01:12:15.698+0000] {logging_mixin.py:190} INFO - [2025-04-30T01:12:15.697+0000] {dag.py:4138} INFO - Setting next_dagrun for example_trigger_target_dag to None, run_after=None
[2025-04-30T01:12:15.744+0000] {processor.py:208} INFO - Processing /home/airflow/.local/lib/python3.12/site-packages/airflow/example_dags/example_trigger_target_dag.py took 0.229 seconds
