[2025-04-30T00:30:53.585+0000] {processor.py:186} INFO - Started process (PID=107) to work on /home/airflow/.local/lib/python3.12/site-packages/airflow/example_dags/example_skip_dag.py
[2025-04-30T00:30:53.587+0000] {processor.py:914} INFO - Processing file /home/airflow/.local/lib/python3.12/site-packages/airflow/example_dags/example_skip_dag.py for tasks to queue
[2025-04-30T00:30:53.591+0000] {logging_mixin.py:190} INFO - [2025-04-30T00:30:53.591+0000] {dagbag.py:587} INFO - Filling up the DagBag from /home/airflow/.local/lib/python3.12/site-packages/airflow/example_dags/example_skip_dag.py
[2025-04-30T00:30:53.610+0000] {processor.py:925} INFO - DAG(s) 'example_skip_dag' retrieved from /home/airflow/.local/lib/python3.12/site-packages/airflow/example_dags/example_skip_dag.py
[2025-04-30T00:30:53.844+0000] {logging_mixin.py:190} INFO - [2025-04-30T00:30:53.842+0000] {override.py:1858} INFO - Created Permission View: can edit on DAG:example_skip_dag
[2025-04-30T00:30:53.865+0000] {logging_mixin.py:190} INFO - [2025-04-30T00:30:53.864+0000] {override.py:1858} INFO - Created Permission View: can read on DAG:example_skip_dag
[2025-04-30T00:30:53.881+0000] {logging_mixin.py:190} INFO - [2025-04-30T00:30:53.881+0000] {override.py:1858} INFO - Created Permission View: can delete on DAG:example_skip_dag
[2025-04-30T00:30:53.883+0000] {logging_mixin.py:190} INFO - [2025-04-30T00:30:53.883+0000] {dag.py:3211} INFO - Sync 1 DAGs
[2025-04-30T00:30:53.923+0000] {logging_mixin.py:190} INFO - [2025-04-30T00:30:53.922+0000] {dag.py:3234} INFO - Creating ORM DAG for example_skip_dag
[2025-04-30T00:30:53.951+0000] {logging_mixin.py:190} INFO - [2025-04-30T00:30:53.950+0000] {dag.py:4138} INFO - Setting next_dagrun for example_skip_dag to 2025-04-29 00:00:00+00:00, run_after=2025-04-30 00:00:00+00:00
[2025-04-30T00:30:53.988+0000] {processor.py:208} INFO - Processing /home/airflow/.local/lib/python3.12/site-packages/airflow/example_dags/example_skip_dag.py took 0.414 seconds
[2025-04-30T00:31:24.744+0000] {processor.py:186} INFO - Started process (PID=175) to work on /home/airflow/.local/lib/python3.12/site-packages/airflow/example_dags/example_skip_dag.py
[2025-04-30T00:31:24.747+0000] {processor.py:914} INFO - Processing file /home/airflow/.local/lib/python3.12/site-packages/airflow/example_dags/example_skip_dag.py for tasks to queue
[2025-04-30T00:31:24.754+0000] {logging_mixin.py:190} INFO - [2025-04-30T00:31:24.753+0000] {dagbag.py:587} INFO - Filling up the DagBag from /home/airflow/.local/lib/python3.12/site-packages/airflow/example_dags/example_skip_dag.py
[2025-04-30T00:31:24.775+0000] {processor.py:925} INFO - DAG(s) 'example_skip_dag' retrieved from /home/airflow/.local/lib/python3.12/site-packages/airflow/example_dags/example_skip_dag.py
[2025-04-30T00:31:24.843+0000] {logging_mixin.py:190} INFO - [2025-04-30T00:31:24.843+0000] {dag.py:3211} INFO - Sync 1 DAGs
[2025-04-30T00:31:24.914+0000] {logging_mixin.py:190} INFO - [2025-04-30T00:31:24.914+0000] {dag.py:4138} INFO - Setting next_dagrun for example_skip_dag to 2025-04-29 00:00:00+00:00, run_after=2025-04-30 00:00:00+00:00
[2025-04-30T00:31:24.967+0000] {processor.py:208} INFO - Processing /home/airflow/.local/lib/python3.12/site-packages/airflow/example_dags/example_skip_dag.py took 0.238 seconds
[2025-04-30T00:31:55.552+0000] {processor.py:186} INFO - Started process (PID=238) to work on /home/airflow/.local/lib/python3.12/site-packages/airflow/example_dags/example_skip_dag.py
[2025-04-30T00:31:55.554+0000] {processor.py:914} INFO - Processing file /home/airflow/.local/lib/python3.12/site-packages/airflow/example_dags/example_skip_dag.py for tasks to queue
[2025-04-30T00:31:55.560+0000] {logging_mixin.py:190} INFO - [2025-04-30T00:31:55.559+0000] {dagbag.py:587} INFO - Filling up the DagBag from /home/airflow/.local/lib/python3.12/site-packages/airflow/example_dags/example_skip_dag.py
[2025-04-30T00:31:55.575+0000] {processor.py:925} INFO - DAG(s) 'example_skip_dag' retrieved from /home/airflow/.local/lib/python3.12/site-packages/airflow/example_dags/example_skip_dag.py
[2025-04-30T00:31:55.621+0000] {logging_mixin.py:190} INFO - [2025-04-30T00:31:55.620+0000] {dag.py:3211} INFO - Sync 1 DAGs
[2025-04-30T00:31:55.672+0000] {logging_mixin.py:190} INFO - [2025-04-30T00:31:55.672+0000] {dag.py:4138} INFO - Setting next_dagrun for example_skip_dag to 2025-04-29 00:00:00+00:00, run_after=2025-04-30 00:00:00+00:00
[2025-04-30T00:31:55.727+0000] {processor.py:208} INFO - Processing /home/airflow/.local/lib/python3.12/site-packages/airflow/example_dags/example_skip_dag.py took 0.186 seconds
[2025-04-30T00:32:26.166+0000] {processor.py:186} INFO - Started process (PID=301) to work on /home/airflow/.local/lib/python3.12/site-packages/airflow/example_dags/example_skip_dag.py
[2025-04-30T00:32:26.168+0000] {processor.py:914} INFO - Processing file /home/airflow/.local/lib/python3.12/site-packages/airflow/example_dags/example_skip_dag.py for tasks to queue
[2025-04-30T00:32:26.173+0000] {logging_mixin.py:190} INFO - [2025-04-30T00:32:26.172+0000] {dagbag.py:587} INFO - Filling up the DagBag from /home/airflow/.local/lib/python3.12/site-packages/airflow/example_dags/example_skip_dag.py
[2025-04-30T00:32:26.188+0000] {processor.py:925} INFO - DAG(s) 'example_skip_dag' retrieved from /home/airflow/.local/lib/python3.12/site-packages/airflow/example_dags/example_skip_dag.py
[2025-04-30T00:32:26.236+0000] {logging_mixin.py:190} INFO - [2025-04-30T00:32:26.235+0000] {dag.py:3211} INFO - Sync 1 DAGs
[2025-04-30T00:32:26.286+0000] {logging_mixin.py:190} INFO - [2025-04-30T00:32:26.285+0000] {dag.py:4138} INFO - Setting next_dagrun for example_skip_dag to 2025-04-29 00:00:00+00:00, run_after=2025-04-30 00:00:00+00:00
[2025-04-30T00:32:26.325+0000] {processor.py:208} INFO - Processing /home/airflow/.local/lib/python3.12/site-packages/airflow/example_dags/example_skip_dag.py took 0.171 seconds
[2025-04-30T00:32:56.772+0000] {processor.py:186} INFO - Started process (PID=364) to work on /home/airflow/.local/lib/python3.12/site-packages/airflow/example_dags/example_skip_dag.py
[2025-04-30T00:32:56.776+0000] {processor.py:914} INFO - Processing file /home/airflow/.local/lib/python3.12/site-packages/airflow/example_dags/example_skip_dag.py for tasks to queue
[2025-04-30T00:32:56.782+0000] {logging_mixin.py:190} INFO - [2025-04-30T00:32:56.781+0000] {dagbag.py:587} INFO - Filling up the DagBag from /home/airflow/.local/lib/python3.12/site-packages/airflow/example_dags/example_skip_dag.py
[2025-04-30T00:32:56.804+0000] {processor.py:925} INFO - DAG(s) 'example_skip_dag' retrieved from /home/airflow/.local/lib/python3.12/site-packages/airflow/example_dags/example_skip_dag.py
[2025-04-30T00:32:56.847+0000] {logging_mixin.py:190} INFO - [2025-04-30T00:32:56.846+0000] {dag.py:3211} INFO - Sync 1 DAGs
[2025-04-30T00:32:56.890+0000] {logging_mixin.py:190} INFO - [2025-04-30T00:32:56.889+0000] {dag.py:4138} INFO - Setting next_dagrun for example_skip_dag to 2025-04-29 00:00:00+00:00, run_after=2025-04-30 00:00:00+00:00
[2025-04-30T00:32:56.929+0000] {processor.py:208} INFO - Processing /home/airflow/.local/lib/python3.12/site-packages/airflow/example_dags/example_skip_dag.py took 0.171 seconds
[2025-04-30T00:33:27.013+0000] {processor.py:186} INFO - Started process (PID=427) to work on /home/airflow/.local/lib/python3.12/site-packages/airflow/example_dags/example_skip_dag.py
[2025-04-30T00:33:27.016+0000] {processor.py:914} INFO - Processing file /home/airflow/.local/lib/python3.12/site-packages/airflow/example_dags/example_skip_dag.py for tasks to queue
[2025-04-30T00:33:27.023+0000] {logging_mixin.py:190} INFO - [2025-04-30T00:33:27.022+0000] {dagbag.py:587} INFO - Filling up the DagBag from /home/airflow/.local/lib/python3.12/site-packages/airflow/example_dags/example_skip_dag.py
[2025-04-30T00:33:27.045+0000] {processor.py:925} INFO - DAG(s) 'example_skip_dag' retrieved from /home/airflow/.local/lib/python3.12/site-packages/airflow/example_dags/example_skip_dag.py
[2025-04-30T00:33:27.086+0000] {logging_mixin.py:190} INFO - [2025-04-30T00:33:27.086+0000] {dag.py:3211} INFO - Sync 1 DAGs
[2025-04-30T00:33:27.134+0000] {logging_mixin.py:190} INFO - [2025-04-30T00:33:27.134+0000] {dag.py:4138} INFO - Setting next_dagrun for example_skip_dag to 2025-04-29 00:00:00+00:00, run_after=2025-04-30 00:00:00+00:00
[2025-04-30T00:33:27.182+0000] {processor.py:208} INFO - Processing /home/airflow/.local/lib/python3.12/site-packages/airflow/example_dags/example_skip_dag.py took 0.186 seconds
[2025-04-30T00:33:57.480+0000] {processor.py:186} INFO - Started process (PID=491) to work on /home/airflow/.local/lib/python3.12/site-packages/airflow/example_dags/example_skip_dag.py
[2025-04-30T00:33:57.482+0000] {processor.py:914} INFO - Processing file /home/airflow/.local/lib/python3.12/site-packages/airflow/example_dags/example_skip_dag.py for tasks to queue
[2025-04-30T00:33:57.487+0000] {logging_mixin.py:190} INFO - [2025-04-30T00:33:57.487+0000] {dagbag.py:587} INFO - Filling up the DagBag from /home/airflow/.local/lib/python3.12/site-packages/airflow/example_dags/example_skip_dag.py
[2025-04-30T00:33:57.508+0000] {processor.py:925} INFO - DAG(s) 'example_skip_dag' retrieved from /home/airflow/.local/lib/python3.12/site-packages/airflow/example_dags/example_skip_dag.py
[2025-04-30T00:33:57.560+0000] {logging_mixin.py:190} INFO - [2025-04-30T00:33:57.559+0000] {dag.py:3211} INFO - Sync 1 DAGs
[2025-04-30T00:33:57.616+0000] {logging_mixin.py:190} INFO - [2025-04-30T00:33:57.615+0000] {dag.py:4138} INFO - Setting next_dagrun for example_skip_dag to 2025-04-29 00:00:00+00:00, run_after=2025-04-30 00:00:00+00:00
[2025-04-30T00:33:57.663+0000] {processor.py:208} INFO - Processing /home/airflow/.local/lib/python3.12/site-packages/airflow/example_dags/example_skip_dag.py took 0.198 seconds
[2025-04-30T00:34:28.866+0000] {processor.py:186} INFO - Started process (PID=554) to work on /home/airflow/.local/lib/python3.12/site-packages/airflow/example_dags/example_skip_dag.py
[2025-04-30T00:34:28.868+0000] {processor.py:914} INFO - Processing file /home/airflow/.local/lib/python3.12/site-packages/airflow/example_dags/example_skip_dag.py for tasks to queue
[2025-04-30T00:34:28.875+0000] {logging_mixin.py:190} INFO - [2025-04-30T00:34:28.874+0000] {dagbag.py:587} INFO - Filling up the DagBag from /home/airflow/.local/lib/python3.12/site-packages/airflow/example_dags/example_skip_dag.py
[2025-04-30T00:34:28.901+0000] {processor.py:925} INFO - DAG(s) 'example_skip_dag' retrieved from /home/airflow/.local/lib/python3.12/site-packages/airflow/example_dags/example_skip_dag.py
[2025-04-30T00:34:28.956+0000] {logging_mixin.py:190} INFO - [2025-04-30T00:34:28.955+0000] {dag.py:3211} INFO - Sync 1 DAGs
[2025-04-30T00:34:29.027+0000] {logging_mixin.py:190} INFO - [2025-04-30T00:34:29.026+0000] {dag.py:4138} INFO - Setting next_dagrun for example_skip_dag to 2025-04-29 00:00:00+00:00, run_after=2025-04-30 00:00:00+00:00
[2025-04-30T00:34:29.076+0000] {processor.py:208} INFO - Processing /home/airflow/.local/lib/python3.12/site-packages/airflow/example_dags/example_skip_dag.py took 0.228 seconds
[2025-04-30T00:34:59.414+0000] {processor.py:186} INFO - Started process (PID=617) to work on /home/airflow/.local/lib/python3.12/site-packages/airflow/example_dags/example_skip_dag.py
[2025-04-30T00:34:59.417+0000] {processor.py:914} INFO - Processing file /home/airflow/.local/lib/python3.12/site-packages/airflow/example_dags/example_skip_dag.py for tasks to queue
[2025-04-30T00:34:59.422+0000] {logging_mixin.py:190} INFO - [2025-04-30T00:34:59.421+0000] {dagbag.py:587} INFO - Filling up the DagBag from /home/airflow/.local/lib/python3.12/site-packages/airflow/example_dags/example_skip_dag.py
[2025-04-30T00:34:59.442+0000] {processor.py:925} INFO - DAG(s) 'example_skip_dag' retrieved from /home/airflow/.local/lib/python3.12/site-packages/airflow/example_dags/example_skip_dag.py
[2025-04-30T00:34:59.491+0000] {logging_mixin.py:190} INFO - [2025-04-30T00:34:59.491+0000] {dag.py:3211} INFO - Sync 1 DAGs
[2025-04-30T00:34:59.578+0000] {logging_mixin.py:190} INFO - [2025-04-30T00:34:59.578+0000] {dag.py:4138} INFO - Setting next_dagrun for example_skip_dag to 2025-04-29 00:00:00+00:00, run_after=2025-04-30 00:00:00+00:00
[2025-04-30T00:34:59.647+0000] {processor.py:208} INFO - Processing /home/airflow/.local/lib/python3.12/site-packages/airflow/example_dags/example_skip_dag.py took 0.247 seconds
[2025-04-30T00:35:29.807+0000] {processor.py:186} INFO - Started process (PID=680) to work on /home/airflow/.local/lib/python3.12/site-packages/airflow/example_dags/example_skip_dag.py
[2025-04-30T00:35:29.809+0000] {processor.py:914} INFO - Processing file /home/airflow/.local/lib/python3.12/site-packages/airflow/example_dags/example_skip_dag.py for tasks to queue
[2025-04-30T00:35:29.814+0000] {logging_mixin.py:190} INFO - [2025-04-30T00:35:29.813+0000] {dagbag.py:587} INFO - Filling up the DagBag from /home/airflow/.local/lib/python3.12/site-packages/airflow/example_dags/example_skip_dag.py
[2025-04-30T00:35:29.829+0000] {processor.py:925} INFO - DAG(s) 'example_skip_dag' retrieved from /home/airflow/.local/lib/python3.12/site-packages/airflow/example_dags/example_skip_dag.py
[2025-04-30T00:35:29.871+0000] {logging_mixin.py:190} INFO - [2025-04-30T00:35:29.870+0000] {dag.py:3211} INFO - Sync 1 DAGs
[2025-04-30T00:35:29.918+0000] {logging_mixin.py:190} INFO - [2025-04-30T00:35:29.918+0000] {dag.py:4138} INFO - Setting next_dagrun for example_skip_dag to 2025-04-29 00:00:00+00:00, run_after=2025-04-30 00:00:00+00:00
[2025-04-30T00:35:29.956+0000] {processor.py:208} INFO - Processing /home/airflow/.local/lib/python3.12/site-packages/airflow/example_dags/example_skip_dag.py took 0.161 seconds
[2025-04-30T00:36:01.287+0000] {processor.py:186} INFO - Started process (PID=743) to work on /home/airflow/.local/lib/python3.12/site-packages/airflow/example_dags/example_skip_dag.py
[2025-04-30T00:36:01.290+0000] {processor.py:914} INFO - Processing file /home/airflow/.local/lib/python3.12/site-packages/airflow/example_dags/example_skip_dag.py for tasks to queue
[2025-04-30T00:36:01.297+0000] {logging_mixin.py:190} INFO - [2025-04-30T00:36:01.296+0000] {dagbag.py:587} INFO - Filling up the DagBag from /home/airflow/.local/lib/python3.12/site-packages/airflow/example_dags/example_skip_dag.py
[2025-04-30T00:36:01.317+0000] {processor.py:925} INFO - DAG(s) 'example_skip_dag' retrieved from /home/airflow/.local/lib/python3.12/site-packages/airflow/example_dags/example_skip_dag.py
[2025-04-30T00:36:01.372+0000] {logging_mixin.py:190} INFO - [2025-04-30T00:36:01.372+0000] {dag.py:3211} INFO - Sync 1 DAGs
[2025-04-30T00:36:01.441+0000] {logging_mixin.py:190} INFO - [2025-04-30T00:36:01.441+0000] {dag.py:4138} INFO - Setting next_dagrun for example_skip_dag to 2025-04-29 00:00:00+00:00, run_after=2025-04-30 00:00:00+00:00
[2025-04-30T00:36:01.490+0000] {processor.py:208} INFO - Processing /home/airflow/.local/lib/python3.12/site-packages/airflow/example_dags/example_skip_dag.py took 0.219 seconds
[2025-04-30T00:36:31.575+0000] {processor.py:186} INFO - Started process (PID=806) to work on /home/airflow/.local/lib/python3.12/site-packages/airflow/example_dags/example_skip_dag.py
[2025-04-30T00:36:31.577+0000] {processor.py:914} INFO - Processing file /home/airflow/.local/lib/python3.12/site-packages/airflow/example_dags/example_skip_dag.py for tasks to queue
[2025-04-30T00:36:31.582+0000] {logging_mixin.py:190} INFO - [2025-04-30T00:36:31.581+0000] {dagbag.py:587} INFO - Filling up the DagBag from /home/airflow/.local/lib/python3.12/site-packages/airflow/example_dags/example_skip_dag.py
[2025-04-30T00:36:31.599+0000] {processor.py:925} INFO - DAG(s) 'example_skip_dag' retrieved from /home/airflow/.local/lib/python3.12/site-packages/airflow/example_dags/example_skip_dag.py
[2025-04-30T00:36:31.642+0000] {logging_mixin.py:190} INFO - [2025-04-30T00:36:31.641+0000] {dag.py:3211} INFO - Sync 1 DAGs
[2025-04-30T00:36:31.685+0000] {logging_mixin.py:190} INFO - [2025-04-30T00:36:31.685+0000] {dag.py:4138} INFO - Setting next_dagrun for example_skip_dag to 2025-04-29 00:00:00+00:00, run_after=2025-04-30 00:00:00+00:00
[2025-04-30T00:36:31.723+0000] {processor.py:208} INFO - Processing /home/airflow/.local/lib/python3.12/site-packages/airflow/example_dags/example_skip_dag.py took 0.163 seconds
[2025-04-30T00:37:01.934+0000] {processor.py:186} INFO - Started process (PID=869) to work on /home/airflow/.local/lib/python3.12/site-packages/airflow/example_dags/example_skip_dag.py
[2025-04-30T00:37:01.937+0000] {processor.py:914} INFO - Processing file /home/airflow/.local/lib/python3.12/site-packages/airflow/example_dags/example_skip_dag.py for tasks to queue
[2025-04-30T00:37:01.946+0000] {logging_mixin.py:190} INFO - [2025-04-30T00:37:01.945+0000] {dagbag.py:587} INFO - Filling up the DagBag from /home/airflow/.local/lib/python3.12/site-packages/airflow/example_dags/example_skip_dag.py
[2025-04-30T00:37:01.966+0000] {processor.py:925} INFO - DAG(s) 'example_skip_dag' retrieved from /home/airflow/.local/lib/python3.12/site-packages/airflow/example_dags/example_skip_dag.py
[2025-04-30T00:37:02.024+0000] {logging_mixin.py:190} INFO - [2025-04-30T00:37:02.024+0000] {dag.py:3211} INFO - Sync 1 DAGs
[2025-04-30T00:37:02.076+0000] {logging_mixin.py:190} INFO - [2025-04-30T00:37:02.076+0000] {dag.py:4138} INFO - Setting next_dagrun for example_skip_dag to 2025-04-29 00:00:00+00:00, run_after=2025-04-30 00:00:00+00:00
[2025-04-30T00:37:02.127+0000] {processor.py:208} INFO - Processing /home/airflow/.local/lib/python3.12/site-packages/airflow/example_dags/example_skip_dag.py took 0.214 seconds
[2025-04-30T00:37:33.483+0000] {processor.py:186} INFO - Started process (PID=932) to work on /home/airflow/.local/lib/python3.12/site-packages/airflow/example_dags/example_skip_dag.py
[2025-04-30T00:37:33.486+0000] {processor.py:914} INFO - Processing file /home/airflow/.local/lib/python3.12/site-packages/airflow/example_dags/example_skip_dag.py for tasks to queue
[2025-04-30T00:37:33.493+0000] {logging_mixin.py:190} INFO - [2025-04-30T00:37:33.492+0000] {dagbag.py:587} INFO - Filling up the DagBag from /home/airflow/.local/lib/python3.12/site-packages/airflow/example_dags/example_skip_dag.py
[2025-04-30T00:37:33.513+0000] {processor.py:925} INFO - DAG(s) 'example_skip_dag' retrieved from /home/airflow/.local/lib/python3.12/site-packages/airflow/example_dags/example_skip_dag.py
[2025-04-30T00:37:33.571+0000] {logging_mixin.py:190} INFO - [2025-04-30T00:37:33.570+0000] {dag.py:3211} INFO - Sync 1 DAGs
[2025-04-30T00:37:33.630+0000] {logging_mixin.py:190} INFO - [2025-04-30T00:37:33.629+0000] {dag.py:4138} INFO - Setting next_dagrun for example_skip_dag to 2025-04-29 00:00:00+00:00, run_after=2025-04-30 00:00:00+00:00
[2025-04-30T00:37:33.670+0000] {processor.py:208} INFO - Processing /home/airflow/.local/lib/python3.12/site-packages/airflow/example_dags/example_skip_dag.py took 0.203 seconds
[2025-04-30T00:38:04.262+0000] {processor.py:186} INFO - Started process (PID=995) to work on /home/airflow/.local/lib/python3.12/site-packages/airflow/example_dags/example_skip_dag.py
[2025-04-30T00:38:04.264+0000] {processor.py:914} INFO - Processing file /home/airflow/.local/lib/python3.12/site-packages/airflow/example_dags/example_skip_dag.py for tasks to queue
[2025-04-30T00:38:04.269+0000] {logging_mixin.py:190} INFO - [2025-04-30T00:38:04.268+0000] {dagbag.py:587} INFO - Filling up the DagBag from /home/airflow/.local/lib/python3.12/site-packages/airflow/example_dags/example_skip_dag.py
[2025-04-30T00:38:03.766+0000] {processor.py:925} INFO - DAG(s) 'example_skip_dag' retrieved from /home/airflow/.local/lib/python3.12/site-packages/airflow/example_dags/example_skip_dag.py
[2025-04-30T00:38:03.829+0000] {logging_mixin.py:190} INFO - [2025-04-30T00:38:03.828+0000] {dag.py:3211} INFO - Sync 1 DAGs
[2025-04-30T00:38:03.109+0000] {logging_mixin.py:190} INFO - [2025-04-30T00:38:03.108+0000] {dag.py:4138} INFO - Setting next_dagrun for example_skip_dag to 2025-04-29 00:00:00+00:00, run_after=2025-04-30 00:00:00+00:00
[2025-04-30T00:38:03.155+0000] {processor.py:208} INFO - Processing /home/airflow/.local/lib/python3.12/site-packages/airflow/example_dags/example_skip_dag.py took 0.213 seconds
[2025-04-30T00:38:33.755+0000] {processor.py:186} INFO - Started process (PID=1050) to work on /home/airflow/.local/lib/python3.12/site-packages/airflow/example_dags/example_skip_dag.py
[2025-04-30T00:38:33.757+0000] {processor.py:914} INFO - Processing file /home/airflow/.local/lib/python3.12/site-packages/airflow/example_dags/example_skip_dag.py for tasks to queue
[2025-04-30T00:38:33.763+0000] {logging_mixin.py:190} INFO - [2025-04-30T00:38:33.762+0000] {dagbag.py:587} INFO - Filling up the DagBag from /home/airflow/.local/lib/python3.12/site-packages/airflow/example_dags/example_skip_dag.py
[2025-04-30T00:38:33.780+0000] {processor.py:925} INFO - DAG(s) 'example_skip_dag' retrieved from /home/airflow/.local/lib/python3.12/site-packages/airflow/example_dags/example_skip_dag.py
[2025-04-30T00:38:33.824+0000] {logging_mixin.py:190} INFO - [2025-04-30T00:38:33.824+0000] {dag.py:3211} INFO - Sync 1 DAGs
[2025-04-30T00:38:33.881+0000] {logging_mixin.py:190} INFO - [2025-04-30T00:38:33.881+0000] {dag.py:4138} INFO - Setting next_dagrun for example_skip_dag to 2025-04-29 00:00:00+00:00, run_after=2025-04-30 00:00:00+00:00
[2025-04-30T00:38:33.927+0000] {processor.py:208} INFO - Processing /home/airflow/.local/lib/python3.12/site-packages/airflow/example_dags/example_skip_dag.py took 0.183 seconds
[2025-04-30T00:39:05.493+0000] {processor.py:186} INFO - Started process (PID=1122) to work on /home/airflow/.local/lib/python3.12/site-packages/airflow/example_dags/example_skip_dag.py
[2025-04-30T00:39:05.495+0000] {processor.py:914} INFO - Processing file /home/airflow/.local/lib/python3.12/site-packages/airflow/example_dags/example_skip_dag.py for tasks to queue
[2025-04-30T00:39:05.501+0000] {logging_mixin.py:190} INFO - [2025-04-30T00:39:05.500+0000] {dagbag.py:587} INFO - Filling up the DagBag from /home/airflow/.local/lib/python3.12/site-packages/airflow/example_dags/example_skip_dag.py
[2025-04-30T00:39:05.517+0000] {processor.py:925} INFO - DAG(s) 'example_skip_dag' retrieved from /home/airflow/.local/lib/python3.12/site-packages/airflow/example_dags/example_skip_dag.py
[2025-04-30T00:39:05.560+0000] {logging_mixin.py:190} INFO - [2025-04-30T00:39:05.559+0000] {dag.py:3211} INFO - Sync 1 DAGs
[2025-04-30T00:39:05.611+0000] {logging_mixin.py:190} INFO - [2025-04-30T00:39:05.611+0000] {dag.py:4138} INFO - Setting next_dagrun for example_skip_dag to 2025-04-29 00:00:00+00:00, run_after=2025-04-30 00:00:00+00:00
[2025-04-30T00:39:05.658+0000] {processor.py:208} INFO - Processing /home/airflow/.local/lib/python3.12/site-packages/airflow/example_dags/example_skip_dag.py took 0.178 seconds
[2025-04-30T00:39:37.317+0000] {processor.py:186} INFO - Started process (PID=1191) to work on /home/airflow/.local/lib/python3.12/site-packages/airflow/example_dags/example_skip_dag.py
[2025-04-30T00:39:37.320+0000] {processor.py:914} INFO - Processing file /home/airflow/.local/lib/python3.12/site-packages/airflow/example_dags/example_skip_dag.py for tasks to queue
[2025-04-30T00:39:37.324+0000] {logging_mixin.py:190} INFO - [2025-04-30T00:39:37.323+0000] {dagbag.py:587} INFO - Filling up the DagBag from /home/airflow/.local/lib/python3.12/site-packages/airflow/example_dags/example_skip_dag.py
[2025-04-30T00:39:37.341+0000] {processor.py:925} INFO - DAG(s) 'example_skip_dag' retrieved from /home/airflow/.local/lib/python3.12/site-packages/airflow/example_dags/example_skip_dag.py
[2025-04-30T00:39:37.390+0000] {logging_mixin.py:190} INFO - [2025-04-30T00:39:37.390+0000] {dag.py:3211} INFO - Sync 1 DAGs
[2025-04-30T00:39:37.444+0000] {logging_mixin.py:190} INFO - [2025-04-30T00:39:37.444+0000] {dag.py:4138} INFO - Setting next_dagrun for example_skip_dag to 2025-04-29 00:00:00+00:00, run_after=2025-04-30 00:00:00+00:00
[2025-04-30T00:39:37.495+0000] {processor.py:208} INFO - Processing /home/airflow/.local/lib/python3.12/site-packages/airflow/example_dags/example_skip_dag.py took 0.191 seconds
[2025-04-30T00:40:08.234+0000] {processor.py:186} INFO - Started process (PID=1254) to work on /home/airflow/.local/lib/python3.12/site-packages/airflow/example_dags/example_skip_dag.py
[2025-04-30T00:40:08.236+0000] {processor.py:914} INFO - Processing file /home/airflow/.local/lib/python3.12/site-packages/airflow/example_dags/example_skip_dag.py for tasks to queue
[2025-04-30T00:40:08.243+0000] {logging_mixin.py:190} INFO - [2025-04-30T00:40:08.242+0000] {dagbag.py:587} INFO - Filling up the DagBag from /home/airflow/.local/lib/python3.12/site-packages/airflow/example_dags/example_skip_dag.py
[2025-04-30T00:40:08.257+0000] {processor.py:925} INFO - DAG(s) 'example_skip_dag' retrieved from /home/airflow/.local/lib/python3.12/site-packages/airflow/example_dags/example_skip_dag.py
[2025-04-30T00:40:08.298+0000] {logging_mixin.py:190} INFO - [2025-04-30T00:40:08.298+0000] {dag.py:3211} INFO - Sync 1 DAGs
[2025-04-30T00:40:08.348+0000] {logging_mixin.py:190} INFO - [2025-04-30T00:40:08.347+0000] {dag.py:4138} INFO - Setting next_dagrun for example_skip_dag to 2025-04-29 00:00:00+00:00, run_after=2025-04-30 00:00:00+00:00
[2025-04-30T00:40:08.389+0000] {processor.py:208} INFO - Processing /home/airflow/.local/lib/python3.12/site-packages/airflow/example_dags/example_skip_dag.py took 0.170 seconds
[2025-04-30T00:40:38.911+0000] {processor.py:186} INFO - Started process (PID=1317) to work on /home/airflow/.local/lib/python3.12/site-packages/airflow/example_dags/example_skip_dag.py
[2025-04-30T00:40:38.913+0000] {processor.py:914} INFO - Processing file /home/airflow/.local/lib/python3.12/site-packages/airflow/example_dags/example_skip_dag.py for tasks to queue
[2025-04-30T00:40:38.920+0000] {logging_mixin.py:190} INFO - [2025-04-30T00:40:38.919+0000] {dagbag.py:587} INFO - Filling up the DagBag from /home/airflow/.local/lib/python3.12/site-packages/airflow/example_dags/example_skip_dag.py
[2025-04-30T00:40:38.937+0000] {processor.py:925} INFO - DAG(s) 'example_skip_dag' retrieved from /home/airflow/.local/lib/python3.12/site-packages/airflow/example_dags/example_skip_dag.py
[2025-04-30T00:40:38.980+0000] {logging_mixin.py:190} INFO - [2025-04-30T00:40:38.979+0000] {dag.py:3211} INFO - Sync 1 DAGs
[2025-04-30T00:40:39.028+0000] {logging_mixin.py:190} INFO - [2025-04-30T00:40:39.027+0000] {dag.py:4138} INFO - Setting next_dagrun for example_skip_dag to 2025-04-29 00:00:00+00:00, run_after=2025-04-30 00:00:00+00:00
[2025-04-30T00:40:39.067+0000] {processor.py:208} INFO - Processing /home/airflow/.local/lib/python3.12/site-packages/airflow/example_dags/example_skip_dag.py took 0.170 seconds
[2025-04-30T00:41:09.587+0000] {processor.py:186} INFO - Started process (PID=1380) to work on /home/airflow/.local/lib/python3.12/site-packages/airflow/example_dags/example_skip_dag.py
[2025-04-30T00:41:09.590+0000] {processor.py:914} INFO - Processing file /home/airflow/.local/lib/python3.12/site-packages/airflow/example_dags/example_skip_dag.py for tasks to queue
[2025-04-30T00:41:09.595+0000] {logging_mixin.py:190} INFO - [2025-04-30T00:41:09.595+0000] {dagbag.py:587} INFO - Filling up the DagBag from /home/airflow/.local/lib/python3.12/site-packages/airflow/example_dags/example_skip_dag.py
[2025-04-30T00:41:09.612+0000] {processor.py:925} INFO - DAG(s) 'example_skip_dag' retrieved from /home/airflow/.local/lib/python3.12/site-packages/airflow/example_dags/example_skip_dag.py
[2025-04-30T00:41:09.655+0000] {logging_mixin.py:190} INFO - [2025-04-30T00:41:09.655+0000] {dag.py:3211} INFO - Sync 1 DAGs
[2025-04-30T00:41:09.710+0000] {logging_mixin.py:190} INFO - [2025-04-30T00:41:09.710+0000] {dag.py:4138} INFO - Setting next_dagrun for example_skip_dag to 2025-04-29 00:00:00+00:00, run_after=2025-04-30 00:00:00+00:00
[2025-04-30T00:41:09.751+0000] {processor.py:208} INFO - Processing /home/airflow/.local/lib/python3.12/site-packages/airflow/example_dags/example_skip_dag.py took 0.176 seconds
[2025-04-30T00:41:40.669+0000] {processor.py:186} INFO - Started process (PID=1443) to work on /home/airflow/.local/lib/python3.12/site-packages/airflow/example_dags/example_skip_dag.py
[2025-04-30T00:41:40.672+0000] {processor.py:914} INFO - Processing file /home/airflow/.local/lib/python3.12/site-packages/airflow/example_dags/example_skip_dag.py for tasks to queue
[2025-04-30T00:41:40.680+0000] {logging_mixin.py:190} INFO - [2025-04-30T00:41:40.679+0000] {dagbag.py:587} INFO - Filling up the DagBag from /home/airflow/.local/lib/python3.12/site-packages/airflow/example_dags/example_skip_dag.py
[2025-04-30T00:41:40.701+0000] {processor.py:925} INFO - DAG(s) 'example_skip_dag' retrieved from /home/airflow/.local/lib/python3.12/site-packages/airflow/example_dags/example_skip_dag.py
[2025-04-30T00:41:40.759+0000] {logging_mixin.py:190} INFO - [2025-04-30T00:41:40.758+0000] {dag.py:3211} INFO - Sync 1 DAGs
[2025-04-30T00:41:40.816+0000] {logging_mixin.py:190} INFO - [2025-04-30T00:41:40.815+0000] {dag.py:4138} INFO - Setting next_dagrun for example_skip_dag to 2025-04-29 00:00:00+00:00, run_after=2025-04-30 00:00:00+00:00
[2025-04-30T00:41:40.867+0000] {processor.py:208} INFO - Processing /home/airflow/.local/lib/python3.12/site-packages/airflow/example_dags/example_skip_dag.py took 0.221 seconds
[2025-04-30T00:42:11.306+0000] {processor.py:186} INFO - Started process (PID=1510) to work on /home/airflow/.local/lib/python3.12/site-packages/airflow/example_dags/example_skip_dag.py
[2025-04-30T00:42:11.308+0000] {processor.py:914} INFO - Processing file /home/airflow/.local/lib/python3.12/site-packages/airflow/example_dags/example_skip_dag.py for tasks to queue
[2025-04-30T00:42:11.312+0000] {logging_mixin.py:190} INFO - [2025-04-30T00:42:11.311+0000] {dagbag.py:587} INFO - Filling up the DagBag from /home/airflow/.local/lib/python3.12/site-packages/airflow/example_dags/example_skip_dag.py
[2025-04-30T00:42:11.337+0000] {processor.py:925} INFO - DAG(s) 'example_skip_dag' retrieved from /home/airflow/.local/lib/python3.12/site-packages/airflow/example_dags/example_skip_dag.py
[2025-04-30T00:42:11.389+0000] {logging_mixin.py:190} INFO - [2025-04-30T00:42:11.388+0000] {dag.py:3211} INFO - Sync 1 DAGs
[2025-04-30T00:42:11.446+0000] {logging_mixin.py:190} INFO - [2025-04-30T00:42:11.446+0000] {dag.py:4138} INFO - Setting next_dagrun for example_skip_dag to 2025-04-29 00:00:00+00:00, run_after=2025-04-30 00:00:00+00:00
[2025-04-30T00:42:11.489+0000] {processor.py:208} INFO - Processing /home/airflow/.local/lib/python3.12/site-packages/airflow/example_dags/example_skip_dag.py took 0.200 seconds
[2025-04-30T00:42:41.608+0000] {processor.py:186} INFO - Started process (PID=1573) to work on /home/airflow/.local/lib/python3.12/site-packages/airflow/example_dags/example_skip_dag.py
[2025-04-30T00:42:41.610+0000] {processor.py:914} INFO - Processing file /home/airflow/.local/lib/python3.12/site-packages/airflow/example_dags/example_skip_dag.py for tasks to queue
[2025-04-30T00:42:41.613+0000] {logging_mixin.py:190} INFO - [2025-04-30T00:42:41.612+0000] {dagbag.py:587} INFO - Filling up the DagBag from /home/airflow/.local/lib/python3.12/site-packages/airflow/example_dags/example_skip_dag.py
[2025-04-30T00:42:41.632+0000] {processor.py:925} INFO - DAG(s) 'example_skip_dag' retrieved from /home/airflow/.local/lib/python3.12/site-packages/airflow/example_dags/example_skip_dag.py
[2025-04-30T00:42:41.676+0000] {logging_mixin.py:190} INFO - [2025-04-30T00:42:41.675+0000] {dag.py:3211} INFO - Sync 1 DAGs
[2025-04-30T00:42:41.725+0000] {logging_mixin.py:190} INFO - [2025-04-30T00:42:41.725+0000] {dag.py:4138} INFO - Setting next_dagrun for example_skip_dag to 2025-04-29 00:00:00+00:00, run_after=2025-04-30 00:00:00+00:00
[2025-04-30T00:42:41.774+0000] {processor.py:208} INFO - Processing /home/airflow/.local/lib/python3.12/site-packages/airflow/example_dags/example_skip_dag.py took 0.178 seconds
[2025-04-30T00:43:12.152+0000] {processor.py:186} INFO - Started process (PID=1636) to work on /home/airflow/.local/lib/python3.12/site-packages/airflow/example_dags/example_skip_dag.py
[2025-04-30T00:43:12.154+0000] {processor.py:914} INFO - Processing file /home/airflow/.local/lib/python3.12/site-packages/airflow/example_dags/example_skip_dag.py for tasks to queue
[2025-04-30T00:43:12.158+0000] {logging_mixin.py:190} INFO - [2025-04-30T00:43:12.157+0000] {dagbag.py:587} INFO - Filling up the DagBag from /home/airflow/.local/lib/python3.12/site-packages/airflow/example_dags/example_skip_dag.py
[2025-04-30T00:43:12.181+0000] {processor.py:925} INFO - DAG(s) 'example_skip_dag' retrieved from /home/airflow/.local/lib/python3.12/site-packages/airflow/example_dags/example_skip_dag.py
[2025-04-30T00:43:12.227+0000] {logging_mixin.py:190} INFO - [2025-04-30T00:43:12.226+0000] {dag.py:3211} INFO - Sync 1 DAGs
[2025-04-30T00:43:12.282+0000] {logging_mixin.py:190} INFO - [2025-04-30T00:43:12.281+0000] {dag.py:4138} INFO - Setting next_dagrun for example_skip_dag to 2025-04-29 00:00:00+00:00, run_after=2025-04-30 00:00:00+00:00
[2025-04-30T00:43:12.321+0000] {processor.py:208} INFO - Processing /home/airflow/.local/lib/python3.12/site-packages/airflow/example_dags/example_skip_dag.py took 0.182 seconds
[2025-04-30T00:43:44.322+0000] {processor.py:186} INFO - Started process (PID=1699) to work on /home/airflow/.local/lib/python3.12/site-packages/airflow/example_dags/example_skip_dag.py
[2025-04-30T00:43:44.326+0000] {processor.py:914} INFO - Processing file /home/airflow/.local/lib/python3.12/site-packages/airflow/example_dags/example_skip_dag.py for tasks to queue
[2025-04-30T00:43:44.331+0000] {logging_mixin.py:190} INFO - [2025-04-30T00:43:44.330+0000] {dagbag.py:587} INFO - Filling up the DagBag from /home/airflow/.local/lib/python3.12/site-packages/airflow/example_dags/example_skip_dag.py
[2025-04-30T00:43:44.369+0000] {processor.py:925} INFO - DAG(s) 'example_skip_dag' retrieved from /home/airflow/.local/lib/python3.12/site-packages/airflow/example_dags/example_skip_dag.py
[2025-04-30T00:43:44.459+0000] {logging_mixin.py:190} INFO - [2025-04-30T00:43:44.458+0000] {dag.py:3211} INFO - Sync 1 DAGs
[2025-04-30T00:43:44.579+0000] {logging_mixin.py:190} INFO - [2025-04-30T00:43:44.578+0000] {dag.py:4138} INFO - Setting next_dagrun for example_skip_dag to 2025-04-29 00:00:00+00:00, run_after=2025-04-30 00:00:00+00:00
[2025-04-30T00:43:44.670+0000] {processor.py:208} INFO - Processing /home/airflow/.local/lib/python3.12/site-packages/airflow/example_dags/example_skip_dag.py took 0.373 seconds
[2025-04-30T00:44:15.508+0000] {processor.py:186} INFO - Started process (PID=1762) to work on /home/airflow/.local/lib/python3.12/site-packages/airflow/example_dags/example_skip_dag.py
[2025-04-30T00:44:15.510+0000] {processor.py:914} INFO - Processing file /home/airflow/.local/lib/python3.12/site-packages/airflow/example_dags/example_skip_dag.py for tasks to queue
[2025-04-30T00:44:15.511+0000] {logging_mixin.py:190} INFO - [2025-04-30T00:44:15.511+0000] {dagbag.py:587} INFO - Filling up the DagBag from /home/airflow/.local/lib/python3.12/site-packages/airflow/example_dags/example_skip_dag.py
[2025-04-30T00:44:15.523+0000] {processor.py:925} INFO - DAG(s) 'example_skip_dag' retrieved from /home/airflow/.local/lib/python3.12/site-packages/airflow/example_dags/example_skip_dag.py
[2025-04-30T00:44:15.551+0000] {logging_mixin.py:190} INFO - [2025-04-30T00:44:15.551+0000] {dag.py:3211} INFO - Sync 1 DAGs
[2025-04-30T00:44:15.582+0000] {logging_mixin.py:190} INFO - [2025-04-30T00:44:15.582+0000] {dag.py:4138} INFO - Setting next_dagrun for example_skip_dag to 2025-04-29 00:00:00+00:00, run_after=2025-04-30 00:00:00+00:00
[2025-04-30T00:44:15.607+0000] {processor.py:208} INFO - Processing /home/airflow/.local/lib/python3.12/site-packages/airflow/example_dags/example_skip_dag.py took 0.105 seconds
[2025-04-30T00:44:46.100+0000] {processor.py:186} INFO - Started process (PID=1825) to work on /home/airflow/.local/lib/python3.12/site-packages/airflow/example_dags/example_skip_dag.py
[2025-04-30T00:44:46.101+0000] {processor.py:914} INFO - Processing file /home/airflow/.local/lib/python3.12/site-packages/airflow/example_dags/example_skip_dag.py for tasks to queue
[2025-04-30T00:44:46.103+0000] {logging_mixin.py:190} INFO - [2025-04-30T00:44:46.103+0000] {dagbag.py:587} INFO - Filling up the DagBag from /home/airflow/.local/lib/python3.12/site-packages/airflow/example_dags/example_skip_dag.py
[2025-04-30T00:44:46.115+0000] {processor.py:925} INFO - DAG(s) 'example_skip_dag' retrieved from /home/airflow/.local/lib/python3.12/site-packages/airflow/example_dags/example_skip_dag.py
[2025-04-30T00:44:46.142+0000] {logging_mixin.py:190} INFO - [2025-04-30T00:44:46.142+0000] {dag.py:3211} INFO - Sync 1 DAGs
[2025-04-30T00:44:46.172+0000] {logging_mixin.py:190} INFO - [2025-04-30T00:44:46.172+0000] {dag.py:4138} INFO - Setting next_dagrun for example_skip_dag to 2025-04-29 00:00:00+00:00, run_after=2025-04-30 00:00:00+00:00
[2025-04-30T00:44:46.198+0000] {processor.py:208} INFO - Processing /home/airflow/.local/lib/python3.12/site-packages/airflow/example_dags/example_skip_dag.py took 0.107 seconds
[2025-04-30T00:45:16.792+0000] {processor.py:186} INFO - Started process (PID=1888) to work on /home/airflow/.local/lib/python3.12/site-packages/airflow/example_dags/example_skip_dag.py
[2025-04-30T00:45:16.793+0000] {processor.py:914} INFO - Processing file /home/airflow/.local/lib/python3.12/site-packages/airflow/example_dags/example_skip_dag.py for tasks to queue
[2025-04-30T00:45:16.796+0000] {logging_mixin.py:190} INFO - [2025-04-30T00:45:16.795+0000] {dagbag.py:587} INFO - Filling up the DagBag from /home/airflow/.local/lib/python3.12/site-packages/airflow/example_dags/example_skip_dag.py
[2025-04-30T00:45:16.804+0000] {processor.py:925} INFO - DAG(s) 'example_skip_dag' retrieved from /home/airflow/.local/lib/python3.12/site-packages/airflow/example_dags/example_skip_dag.py
[2025-04-30T00:45:16.832+0000] {logging_mixin.py:190} INFO - [2025-04-30T00:45:16.831+0000] {dag.py:3211} INFO - Sync 1 DAGs
[2025-04-30T00:45:16.856+0000] {logging_mixin.py:190} INFO - [2025-04-30T00:45:16.855+0000] {dag.py:4138} INFO - Setting next_dagrun for example_skip_dag to 2025-04-29 00:00:00+00:00, run_after=2025-04-30 00:00:00+00:00
[2025-04-30T00:45:16.880+0000] {processor.py:208} INFO - Processing /home/airflow/.local/lib/python3.12/site-packages/airflow/example_dags/example_skip_dag.py took 0.094 seconds
[2025-04-30T00:45:47.758+0000] {processor.py:186} INFO - Started process (PID=1951) to work on /home/airflow/.local/lib/python3.12/site-packages/airflow/example_dags/example_skip_dag.py
[2025-04-30T00:45:47.759+0000] {processor.py:914} INFO - Processing file /home/airflow/.local/lib/python3.12/site-packages/airflow/example_dags/example_skip_dag.py for tasks to queue
[2025-04-30T00:45:47.760+0000] {logging_mixin.py:190} INFO - [2025-04-30T00:45:47.760+0000] {dagbag.py:587} INFO - Filling up the DagBag from /home/airflow/.local/lib/python3.12/site-packages/airflow/example_dags/example_skip_dag.py
[2025-04-30T00:45:47.770+0000] {processor.py:925} INFO - DAG(s) 'example_skip_dag' retrieved from /home/airflow/.local/lib/python3.12/site-packages/airflow/example_dags/example_skip_dag.py
[2025-04-30T00:45:47.794+0000] {logging_mixin.py:190} INFO - [2025-04-30T00:45:47.794+0000] {dag.py:3211} INFO - Sync 1 DAGs
[2025-04-30T00:45:47.823+0000] {logging_mixin.py:190} INFO - [2025-04-30T00:45:47.822+0000] {dag.py:4138} INFO - Setting next_dagrun for example_skip_dag to 2025-04-29 00:00:00+00:00, run_after=2025-04-30 00:00:00+00:00
[2025-04-30T00:45:47.846+0000] {processor.py:208} INFO - Processing /home/airflow/.local/lib/python3.12/site-packages/airflow/example_dags/example_skip_dag.py took 0.096 seconds
[2025-04-30T00:46:18.194+0000] {processor.py:186} INFO - Started process (PID=2020) to work on /home/airflow/.local/lib/python3.12/site-packages/airflow/example_dags/example_skip_dag.py
[2025-04-30T00:46:18.195+0000] {processor.py:914} INFO - Processing file /home/airflow/.local/lib/python3.12/site-packages/airflow/example_dags/example_skip_dag.py for tasks to queue
[2025-04-30T00:46:18.197+0000] {logging_mixin.py:190} INFO - [2025-04-30T00:46:18.197+0000] {dagbag.py:587} INFO - Filling up the DagBag from /home/airflow/.local/lib/python3.12/site-packages/airflow/example_dags/example_skip_dag.py
[2025-04-30T00:46:18.206+0000] {processor.py:925} INFO - DAG(s) 'example_skip_dag' retrieved from /home/airflow/.local/lib/python3.12/site-packages/airflow/example_dags/example_skip_dag.py
[2025-04-30T00:46:18.235+0000] {logging_mixin.py:190} INFO - [2025-04-30T00:46:18.235+0000] {dag.py:3211} INFO - Sync 1 DAGs
[2025-04-30T00:46:18.266+0000] {logging_mixin.py:190} INFO - [2025-04-30T00:46:18.266+0000] {dag.py:4138} INFO - Setting next_dagrun for example_skip_dag to 2025-04-29 00:00:00+00:00, run_after=2025-04-30 00:00:00+00:00
[2025-04-30T00:46:18.290+0000] {processor.py:208} INFO - Processing /home/airflow/.local/lib/python3.12/site-packages/airflow/example_dags/example_skip_dag.py took 0.103 seconds
[2025-04-30T00:46:48.646+0000] {processor.py:186} INFO - Started process (PID=2083) to work on /home/airflow/.local/lib/python3.12/site-packages/airflow/example_dags/example_skip_dag.py
[2025-04-30T00:46:48.648+0000] {processor.py:914} INFO - Processing file /home/airflow/.local/lib/python3.12/site-packages/airflow/example_dags/example_skip_dag.py for tasks to queue
[2025-04-30T00:46:48.649+0000] {logging_mixin.py:190} INFO - [2025-04-30T00:46:48.649+0000] {dagbag.py:587} INFO - Filling up the DagBag from /home/airflow/.local/lib/python3.12/site-packages/airflow/example_dags/example_skip_dag.py
[2025-04-30T00:46:48.663+0000] {processor.py:925} INFO - DAG(s) 'example_skip_dag' retrieved from /home/airflow/.local/lib/python3.12/site-packages/airflow/example_dags/example_skip_dag.py
[2025-04-30T00:46:48.687+0000] {logging_mixin.py:190} INFO - [2025-04-30T00:46:48.686+0000] {dag.py:3211} INFO - Sync 1 DAGs
[2025-04-30T00:46:48.711+0000] {logging_mixin.py:190} INFO - [2025-04-30T00:46:48.711+0000] {dag.py:4138} INFO - Setting next_dagrun for example_skip_dag to 2025-04-29 00:00:00+00:00, run_after=2025-04-30 00:00:00+00:00
[2025-04-30T00:46:48.741+0000] {processor.py:208} INFO - Processing /home/airflow/.local/lib/python3.12/site-packages/airflow/example_dags/example_skip_dag.py took 0.101 seconds
[2025-04-30T00:47:19.479+0000] {processor.py:186} INFO - Started process (PID=2146) to work on /home/airflow/.local/lib/python3.12/site-packages/airflow/example_dags/example_skip_dag.py
[2025-04-30T00:47:19.480+0000] {processor.py:914} INFO - Processing file /home/airflow/.local/lib/python3.12/site-packages/airflow/example_dags/example_skip_dag.py for tasks to queue
[2025-04-30T00:47:19.481+0000] {logging_mixin.py:190} INFO - [2025-04-30T00:47:19.481+0000] {dagbag.py:587} INFO - Filling up the DagBag from /home/airflow/.local/lib/python3.12/site-packages/airflow/example_dags/example_skip_dag.py
[2025-04-30T00:47:19.491+0000] {processor.py:925} INFO - DAG(s) 'example_skip_dag' retrieved from /home/airflow/.local/lib/python3.12/site-packages/airflow/example_dags/example_skip_dag.py
[2025-04-30T00:47:19.514+0000] {logging_mixin.py:190} INFO - [2025-04-30T00:47:19.513+0000] {dag.py:3211} INFO - Sync 1 DAGs
[2025-04-30T00:47:19.544+0000] {logging_mixin.py:190} INFO - [2025-04-30T00:47:19.544+0000] {dag.py:4138} INFO - Setting next_dagrun for example_skip_dag to 2025-04-29 00:00:00+00:00, run_after=2025-04-30 00:00:00+00:00
[2025-04-30T00:47:19.565+0000] {processor.py:208} INFO - Processing /home/airflow/.local/lib/python3.12/site-packages/airflow/example_dags/example_skip_dag.py took 0.093 seconds
[2025-04-30T00:47:49.754+0000] {processor.py:186} INFO - Started process (PID=2209) to work on /home/airflow/.local/lib/python3.12/site-packages/airflow/example_dags/example_skip_dag.py
[2025-04-30T00:47:49.755+0000] {processor.py:914} INFO - Processing file /home/airflow/.local/lib/python3.12/site-packages/airflow/example_dags/example_skip_dag.py for tasks to queue
[2025-04-30T00:47:49.757+0000] {logging_mixin.py:190} INFO - [2025-04-30T00:47:49.757+0000] {dagbag.py:587} INFO - Filling up the DagBag from /home/airflow/.local/lib/python3.12/site-packages/airflow/example_dags/example_skip_dag.py
[2025-04-30T00:47:49.771+0000] {processor.py:925} INFO - DAG(s) 'example_skip_dag' retrieved from /home/airflow/.local/lib/python3.12/site-packages/airflow/example_dags/example_skip_dag.py
[2025-04-30T00:47:49.800+0000] {logging_mixin.py:190} INFO - [2025-04-30T00:47:49.799+0000] {dag.py:3211} INFO - Sync 1 DAGs
[2025-04-30T00:47:49.830+0000] {logging_mixin.py:190} INFO - [2025-04-30T00:47:49.830+0000] {dag.py:4138} INFO - Setting next_dagrun for example_skip_dag to 2025-04-29 00:00:00+00:00, run_after=2025-04-30 00:00:00+00:00
[2025-04-30T00:47:49.851+0000] {processor.py:208} INFO - Processing /home/airflow/.local/lib/python3.12/site-packages/airflow/example_dags/example_skip_dag.py took 0.105 seconds
[2025-04-30T00:48:20.558+0000] {processor.py:186} INFO - Started process (PID=2272) to work on /home/airflow/.local/lib/python3.12/site-packages/airflow/example_dags/example_skip_dag.py
[2025-04-30T00:48:20.560+0000] {processor.py:914} INFO - Processing file /home/airflow/.local/lib/python3.12/site-packages/airflow/example_dags/example_skip_dag.py for tasks to queue
[2025-04-30T00:48:20.562+0000] {logging_mixin.py:190} INFO - [2025-04-30T00:48:20.562+0000] {dagbag.py:587} INFO - Filling up the DagBag from /home/airflow/.local/lib/python3.12/site-packages/airflow/example_dags/example_skip_dag.py
[2025-04-30T00:48:20.582+0000] {processor.py:925} INFO - DAG(s) 'example_skip_dag' retrieved from /home/airflow/.local/lib/python3.12/site-packages/airflow/example_dags/example_skip_dag.py
[2025-04-30T00:48:20.620+0000] {logging_mixin.py:190} INFO - [2025-04-30T00:48:20.619+0000] {dag.py:3211} INFO - Sync 1 DAGs
[2025-04-30T00:48:20.664+0000] {logging_mixin.py:190} INFO - [2025-04-30T00:48:20.664+0000] {dag.py:4138} INFO - Setting next_dagrun for example_skip_dag to 2025-04-29 00:00:00+00:00, run_after=2025-04-30 00:00:00+00:00
[2025-04-30T00:48:20.696+0000] {processor.py:208} INFO - Processing /home/airflow/.local/lib/python3.12/site-packages/airflow/example_dags/example_skip_dag.py took 0.154 seconds
[2025-04-30T00:48:51.584+0000] {processor.py:186} INFO - Started process (PID=2335) to work on /home/airflow/.local/lib/python3.12/site-packages/airflow/example_dags/example_skip_dag.py
[2025-04-30T00:48:51.585+0000] {processor.py:914} INFO - Processing file /home/airflow/.local/lib/python3.12/site-packages/airflow/example_dags/example_skip_dag.py for tasks to queue
[2025-04-30T00:48:51.587+0000] {logging_mixin.py:190} INFO - [2025-04-30T00:48:51.587+0000] {dagbag.py:587} INFO - Filling up the DagBag from /home/airflow/.local/lib/python3.12/site-packages/airflow/example_dags/example_skip_dag.py
[2025-04-30T00:48:51.598+0000] {processor.py:925} INFO - DAG(s) 'example_skip_dag' retrieved from /home/airflow/.local/lib/python3.12/site-packages/airflow/example_dags/example_skip_dag.py
[2025-04-30T00:48:51.623+0000] {logging_mixin.py:190} INFO - [2025-04-30T00:48:51.623+0000] {dag.py:3211} INFO - Sync 1 DAGs
[2025-04-30T00:48:51.650+0000] {logging_mixin.py:190} INFO - [2025-04-30T00:48:51.649+0000] {dag.py:4138} INFO - Setting next_dagrun for example_skip_dag to 2025-04-29 00:00:00+00:00, run_after=2025-04-30 00:00:00+00:00
[2025-04-30T00:48:51.672+0000] {processor.py:208} INFO - Processing /home/airflow/.local/lib/python3.12/site-packages/airflow/example_dags/example_skip_dag.py took 0.095 seconds
[2025-04-30T00:49:22.278+0000] {processor.py:186} INFO - Started process (PID=2398) to work on /home/airflow/.local/lib/python3.12/site-packages/airflow/example_dags/example_skip_dag.py
[2025-04-30T00:49:22.279+0000] {processor.py:914} INFO - Processing file /home/airflow/.local/lib/python3.12/site-packages/airflow/example_dags/example_skip_dag.py for tasks to queue
[2025-04-30T00:49:22.281+0000] {logging_mixin.py:190} INFO - [2025-04-30T00:49:22.280+0000] {dagbag.py:587} INFO - Filling up the DagBag from /home/airflow/.local/lib/python3.12/site-packages/airflow/example_dags/example_skip_dag.py
[2025-04-30T00:49:22.295+0000] {processor.py:925} INFO - DAG(s) 'example_skip_dag' retrieved from /home/airflow/.local/lib/python3.12/site-packages/airflow/example_dags/example_skip_dag.py
[2025-04-30T00:49:22.322+0000] {logging_mixin.py:190} INFO - [2025-04-30T00:49:22.321+0000] {dag.py:3211} INFO - Sync 1 DAGs
[2025-04-30T00:49:22.349+0000] {logging_mixin.py:190} INFO - [2025-04-30T00:49:22.349+0000] {dag.py:4138} INFO - Setting next_dagrun for example_skip_dag to 2025-04-29 00:00:00+00:00, run_after=2025-04-30 00:00:00+00:00
[2025-04-30T00:49:22.377+0000] {processor.py:208} INFO - Processing /home/airflow/.local/lib/python3.12/site-packages/airflow/example_dags/example_skip_dag.py took 0.107 seconds
[2025-04-30T00:49:53.014+0000] {processor.py:186} INFO - Started process (PID=2461) to work on /home/airflow/.local/lib/python3.12/site-packages/airflow/example_dags/example_skip_dag.py
[2025-04-30T00:49:53.016+0000] {processor.py:914} INFO - Processing file /home/airflow/.local/lib/python3.12/site-packages/airflow/example_dags/example_skip_dag.py for tasks to queue
[2025-04-30T00:49:53.018+0000] {logging_mixin.py:190} INFO - [2025-04-30T00:49:53.017+0000] {dagbag.py:587} INFO - Filling up the DagBag from /home/airflow/.local/lib/python3.12/site-packages/airflow/example_dags/example_skip_dag.py
[2025-04-30T00:49:53.034+0000] {processor.py:925} INFO - DAG(s) 'example_skip_dag' retrieved from /home/airflow/.local/lib/python3.12/site-packages/airflow/example_dags/example_skip_dag.py
[2025-04-30T00:49:53.064+0000] {logging_mixin.py:190} INFO - [2025-04-30T00:49:53.064+0000] {dag.py:3211} INFO - Sync 1 DAGs
[2025-04-30T00:49:53.104+0000] {logging_mixin.py:190} INFO - [2025-04-30T00:49:53.103+0000] {dag.py:4138} INFO - Setting next_dagrun for example_skip_dag to 2025-04-29 00:00:00+00:00, run_after=2025-04-30 00:00:00+00:00
[2025-04-30T00:49:53.133+0000] {processor.py:208} INFO - Processing /home/airflow/.local/lib/python3.12/site-packages/airflow/example_dags/example_skip_dag.py took 0.128 seconds
[2025-04-30T00:50:23.559+0000] {processor.py:186} INFO - Started process (PID=2525) to work on /home/airflow/.local/lib/python3.12/site-packages/airflow/example_dags/example_skip_dag.py
[2025-04-30T00:50:23.560+0000] {processor.py:914} INFO - Processing file /home/airflow/.local/lib/python3.12/site-packages/airflow/example_dags/example_skip_dag.py for tasks to queue
[2025-04-30T00:50:23.562+0000] {logging_mixin.py:190} INFO - [2025-04-30T00:50:23.561+0000] {dagbag.py:587} INFO - Filling up the DagBag from /home/airflow/.local/lib/python3.12/site-packages/airflow/example_dags/example_skip_dag.py
[2025-04-30T00:50:23.571+0000] {processor.py:925} INFO - DAG(s) 'example_skip_dag' retrieved from /home/airflow/.local/lib/python3.12/site-packages/airflow/example_dags/example_skip_dag.py
[2025-04-30T00:50:23.596+0000] {logging_mixin.py:190} INFO - [2025-04-30T00:50:23.595+0000] {dag.py:3211} INFO - Sync 1 DAGs
[2025-04-30T00:50:23.622+0000] {logging_mixin.py:190} INFO - [2025-04-30T00:50:23.622+0000] {dag.py:4138} INFO - Setting next_dagrun for example_skip_dag to 2025-04-29 00:00:00+00:00, run_after=2025-04-30 00:00:00+00:00
[2025-04-30T00:50:23.646+0000] {processor.py:208} INFO - Processing /home/airflow/.local/lib/python3.12/site-packages/airflow/example_dags/example_skip_dag.py took 0.093 seconds
[2025-04-30T00:50:54.223+0000] {processor.py:186} INFO - Started process (PID=2588) to work on /home/airflow/.local/lib/python3.12/site-packages/airflow/example_dags/example_skip_dag.py
[2025-04-30T00:50:54.225+0000] {processor.py:914} INFO - Processing file /home/airflow/.local/lib/python3.12/site-packages/airflow/example_dags/example_skip_dag.py for tasks to queue
[2025-04-30T00:50:54.228+0000] {logging_mixin.py:190} INFO - [2025-04-30T00:50:54.227+0000] {dagbag.py:587} INFO - Filling up the DagBag from /home/airflow/.local/lib/python3.12/site-packages/airflow/example_dags/example_skip_dag.py
[2025-04-30T00:50:54.251+0000] {processor.py:925} INFO - DAG(s) 'example_skip_dag' retrieved from /home/airflow/.local/lib/python3.12/site-packages/airflow/example_dags/example_skip_dag.py
[2025-04-30T00:50:54.297+0000] {logging_mixin.py:190} INFO - [2025-04-30T00:50:54.296+0000] {dag.py:3211} INFO - Sync 1 DAGs
[2025-04-30T00:50:54.334+0000] {logging_mixin.py:190} INFO - [2025-04-30T00:50:54.334+0000] {dag.py:4138} INFO - Setting next_dagrun for example_skip_dag to 2025-04-29 00:00:00+00:00, run_after=2025-04-30 00:00:00+00:00
[2025-04-30T00:50:54.364+0000] {processor.py:208} INFO - Processing /home/airflow/.local/lib/python3.12/site-packages/airflow/example_dags/example_skip_dag.py took 0.150 seconds
[2025-04-30T00:51:24.648+0000] {processor.py:186} INFO - Started process (PID=2651) to work on /home/airflow/.local/lib/python3.12/site-packages/airflow/example_dags/example_skip_dag.py
[2025-04-30T00:51:24.649+0000] {processor.py:914} INFO - Processing file /home/airflow/.local/lib/python3.12/site-packages/airflow/example_dags/example_skip_dag.py for tasks to queue
[2025-04-30T00:51:24.651+0000] {logging_mixin.py:190} INFO - [2025-04-30T00:51:24.650+0000] {dagbag.py:587} INFO - Filling up the DagBag from /home/airflow/.local/lib/python3.12/site-packages/airflow/example_dags/example_skip_dag.py
[2025-04-30T00:51:24.661+0000] {processor.py:925} INFO - DAG(s) 'example_skip_dag' retrieved from /home/airflow/.local/lib/python3.12/site-packages/airflow/example_dags/example_skip_dag.py
[2025-04-30T00:51:24.685+0000] {logging_mixin.py:190} INFO - [2025-04-30T00:51:24.685+0000] {dag.py:3211} INFO - Sync 1 DAGs
[2025-04-30T00:51:24.714+0000] {logging_mixin.py:190} INFO - [2025-04-30T00:51:24.714+0000] {dag.py:4138} INFO - Setting next_dagrun for example_skip_dag to 2025-04-29 00:00:00+00:00, run_after=2025-04-30 00:00:00+00:00
[2025-04-30T00:51:24.737+0000] {processor.py:208} INFO - Processing /home/airflow/.local/lib/python3.12/site-packages/airflow/example_dags/example_skip_dag.py took 0.095 seconds
[2025-04-30T00:59:33.464+0000] {processor.py:186} INFO - Started process (PID=2738) to work on /home/airflow/.local/lib/python3.12/site-packages/airflow/example_dags/example_skip_dag.py
[2025-04-30T00:59:33.465+0000] {processor.py:914} INFO - Processing file /home/airflow/.local/lib/python3.12/site-packages/airflow/example_dags/example_skip_dag.py for tasks to queue
[2025-04-30T00:59:33.468+0000] {logging_mixin.py:190} INFO - [2025-04-30T00:59:33.467+0000] {dagbag.py:587} INFO - Filling up the DagBag from /home/airflow/.local/lib/python3.12/site-packages/airflow/example_dags/example_skip_dag.py
[2025-04-30T00:59:33.486+0000] {processor.py:925} INFO - DAG(s) 'example_skip_dag' retrieved from /home/airflow/.local/lib/python3.12/site-packages/airflow/example_dags/example_skip_dag.py
[2025-04-30T00:59:33.531+0000] {logging_mixin.py:190} INFO - [2025-04-30T00:59:33.529+0000] {dag.py:3211} INFO - Sync 1 DAGs
[2025-04-30T00:59:33.590+0000] {logging_mixin.py:190} INFO - [2025-04-30T00:59:33.589+0000] {dag.py:4138} INFO - Setting next_dagrun for example_skip_dag to 2025-04-29 00:00:00+00:00, run_after=2025-04-30 00:00:00+00:00
[2025-04-30T00:59:33.662+0000] {processor.py:208} INFO - Processing /home/airflow/.local/lib/python3.12/site-packages/airflow/example_dags/example_skip_dag.py took 0.210 seconds
[2025-04-30T01:00:04.584+0000] {processor.py:186} INFO - Started process (PID=2801) to work on /home/airflow/.local/lib/python3.12/site-packages/airflow/example_dags/example_skip_dag.py
[2025-04-30T01:00:04.585+0000] {processor.py:914} INFO - Processing file /home/airflow/.local/lib/python3.12/site-packages/airflow/example_dags/example_skip_dag.py for tasks to queue
[2025-04-30T01:00:04.587+0000] {logging_mixin.py:190} INFO - [2025-04-30T01:00:04.587+0000] {dagbag.py:587} INFO - Filling up the DagBag from /home/airflow/.local/lib/python3.12/site-packages/airflow/example_dags/example_skip_dag.py
[2025-04-30T01:00:04.596+0000] {processor.py:925} INFO - DAG(s) 'example_skip_dag' retrieved from /home/airflow/.local/lib/python3.12/site-packages/airflow/example_dags/example_skip_dag.py
[2025-04-30T01:00:04.624+0000] {logging_mixin.py:190} INFO - [2025-04-30T01:00:04.623+0000] {dag.py:3211} INFO - Sync 1 DAGs
[2025-04-30T01:00:04.651+0000] {logging_mixin.py:190} INFO - [2025-04-30T01:00:04.651+0000] {dag.py:4138} INFO - Setting next_dagrun for example_skip_dag to 2025-04-29 00:00:00+00:00, run_after=2025-04-30 00:00:00+00:00
[2025-04-30T01:00:04.675+0000] {processor.py:208} INFO - Processing /home/airflow/.local/lib/python3.12/site-packages/airflow/example_dags/example_skip_dag.py took 0.098 seconds
[2025-04-30T01:00:35.147+0000] {processor.py:186} INFO - Started process (PID=2869) to work on /home/airflow/.local/lib/python3.12/site-packages/airflow/example_dags/example_skip_dag.py
[2025-04-30T01:00:35.149+0000] {processor.py:914} INFO - Processing file /home/airflow/.local/lib/python3.12/site-packages/airflow/example_dags/example_skip_dag.py for tasks to queue
[2025-04-30T01:00:35.150+0000] {logging_mixin.py:190} INFO - [2025-04-30T01:00:35.150+0000] {dagbag.py:587} INFO - Filling up the DagBag from /home/airflow/.local/lib/python3.12/site-packages/airflow/example_dags/example_skip_dag.py
[2025-04-30T01:00:35.160+0000] {processor.py:925} INFO - DAG(s) 'example_skip_dag' retrieved from /home/airflow/.local/lib/python3.12/site-packages/airflow/example_dags/example_skip_dag.py
[2025-04-30T01:00:35.182+0000] {logging_mixin.py:190} INFO - [2025-04-30T01:00:35.182+0000] {dag.py:3211} INFO - Sync 1 DAGs
[2025-04-30T01:00:35.205+0000] {logging_mixin.py:190} INFO - [2025-04-30T01:00:35.205+0000] {dag.py:4138} INFO - Setting next_dagrun for example_skip_dag to 2025-04-29 00:00:00+00:00, run_after=2025-04-30 00:00:00+00:00
[2025-04-30T01:00:35.229+0000] {processor.py:208} INFO - Processing /home/airflow/.local/lib/python3.12/site-packages/airflow/example_dags/example_skip_dag.py took 0.090 seconds
[2025-04-30T01:01:05.828+0000] {processor.py:186} INFO - Started process (PID=2933) to work on /home/airflow/.local/lib/python3.12/site-packages/airflow/example_dags/example_skip_dag.py
[2025-04-30T01:01:05.829+0000] {processor.py:914} INFO - Processing file /home/airflow/.local/lib/python3.12/site-packages/airflow/example_dags/example_skip_dag.py for tasks to queue
[2025-04-30T01:01:05.831+0000] {logging_mixin.py:190} INFO - [2025-04-30T01:01:05.830+0000] {dagbag.py:587} INFO - Filling up the DagBag from /home/airflow/.local/lib/python3.12/site-packages/airflow/example_dags/example_skip_dag.py
[2025-04-30T01:01:05.842+0000] {processor.py:925} INFO - DAG(s) 'example_skip_dag' retrieved from /home/airflow/.local/lib/python3.12/site-packages/airflow/example_dags/example_skip_dag.py
[2025-04-30T01:01:05.871+0000] {logging_mixin.py:190} INFO - [2025-04-30T01:01:05.871+0000] {dag.py:3211} INFO - Sync 1 DAGs
[2025-04-30T01:01:05.903+0000] {logging_mixin.py:190} INFO - [2025-04-30T01:01:05.903+0000] {dag.py:4138} INFO - Setting next_dagrun for example_skip_dag to 2025-04-29 00:00:00+00:00, run_after=2025-04-30 00:00:00+00:00
[2025-04-30T01:01:05.929+0000] {processor.py:208} INFO - Processing /home/airflow/.local/lib/python3.12/site-packages/airflow/example_dags/example_skip_dag.py took 0.107 seconds
[2025-04-30T01:01:36.727+0000] {processor.py:186} INFO - Started process (PID=2996) to work on /home/airflow/.local/lib/python3.12/site-packages/airflow/example_dags/example_skip_dag.py
[2025-04-30T01:01:36.729+0000] {processor.py:914} INFO - Processing file /home/airflow/.local/lib/python3.12/site-packages/airflow/example_dags/example_skip_dag.py for tasks to queue
[2025-04-30T01:01:36.731+0000] {logging_mixin.py:190} INFO - [2025-04-30T01:01:36.730+0000] {dagbag.py:587} INFO - Filling up the DagBag from /home/airflow/.local/lib/python3.12/site-packages/airflow/example_dags/example_skip_dag.py
[2025-04-30T01:01:36.743+0000] {processor.py:925} INFO - DAG(s) 'example_skip_dag' retrieved from /home/airflow/.local/lib/python3.12/site-packages/airflow/example_dags/example_skip_dag.py
[2025-04-30T01:01:36.771+0000] {logging_mixin.py:190} INFO - [2025-04-30T01:01:36.771+0000] {dag.py:3211} INFO - Sync 1 DAGs
[2025-04-30T01:01:36.802+0000] {logging_mixin.py:190} INFO - [2025-04-30T01:01:36.802+0000] {dag.py:4138} INFO - Setting next_dagrun for example_skip_dag to 2025-04-29 00:00:00+00:00, run_after=2025-04-30 00:00:00+00:00
[2025-04-30T01:01:36.827+0000] {processor.py:208} INFO - Processing /home/airflow/.local/lib/python3.12/site-packages/airflow/example_dags/example_skip_dag.py took 0.107 seconds
[2025-04-30T01:02:07.615+0000] {processor.py:186} INFO - Started process (PID=3059) to work on /home/airflow/.local/lib/python3.12/site-packages/airflow/example_dags/example_skip_dag.py
[2025-04-30T01:02:07.617+0000] {processor.py:914} INFO - Processing file /home/airflow/.local/lib/python3.12/site-packages/airflow/example_dags/example_skip_dag.py for tasks to queue
[2025-04-30T01:02:07.618+0000] {logging_mixin.py:190} INFO - [2025-04-30T01:02:07.618+0000] {dagbag.py:587} INFO - Filling up the DagBag from /home/airflow/.local/lib/python3.12/site-packages/airflow/example_dags/example_skip_dag.py
[2025-04-30T01:02:07.627+0000] {processor.py:925} INFO - DAG(s) 'example_skip_dag' retrieved from /home/airflow/.local/lib/python3.12/site-packages/airflow/example_dags/example_skip_dag.py
[2025-04-30T01:02:07.652+0000] {logging_mixin.py:190} INFO - [2025-04-30T01:02:07.652+0000] {dag.py:3211} INFO - Sync 1 DAGs
[2025-04-30T01:02:07.677+0000] {logging_mixin.py:190} INFO - [2025-04-30T01:02:07.677+0000] {dag.py:4138} INFO - Setting next_dagrun for example_skip_dag to 2025-04-29 00:00:00+00:00, run_after=2025-04-30 00:00:00+00:00
[2025-04-30T01:02:07.698+0000] {processor.py:208} INFO - Processing /home/airflow/.local/lib/python3.12/site-packages/airflow/example_dags/example_skip_dag.py took 0.089 seconds
[2025-04-30T01:02:38.084+0000] {processor.py:186} INFO - Started process (PID=3122) to work on /home/airflow/.local/lib/python3.12/site-packages/airflow/example_dags/example_skip_dag.py
[2025-04-30T01:02:38.085+0000] {processor.py:914} INFO - Processing file /home/airflow/.local/lib/python3.12/site-packages/airflow/example_dags/example_skip_dag.py for tasks to queue
[2025-04-30T01:02:38.086+0000] {logging_mixin.py:190} INFO - [2025-04-30T01:02:38.086+0000] {dagbag.py:587} INFO - Filling up the DagBag from /home/airflow/.local/lib/python3.12/site-packages/airflow/example_dags/example_skip_dag.py
[2025-04-30T01:02:38.096+0000] {processor.py:925} INFO - DAG(s) 'example_skip_dag' retrieved from /home/airflow/.local/lib/python3.12/site-packages/airflow/example_dags/example_skip_dag.py
[2025-04-30T01:02:38.121+0000] {logging_mixin.py:190} INFO - [2025-04-30T01:02:38.120+0000] {dag.py:3211} INFO - Sync 1 DAGs
[2025-04-30T01:02:38.145+0000] {logging_mixin.py:190} INFO - [2025-04-30T01:02:38.145+0000] {dag.py:4138} INFO - Setting next_dagrun for example_skip_dag to 2025-04-29 00:00:00+00:00, run_after=2025-04-30 00:00:00+00:00
[2025-04-30T01:02:38.167+0000] {processor.py:208} INFO - Processing /home/airflow/.local/lib/python3.12/site-packages/airflow/example_dags/example_skip_dag.py took 0.090 seconds
[2025-04-30T01:03:09.275+0000] {processor.py:186} INFO - Started process (PID=3185) to work on /home/airflow/.local/lib/python3.12/site-packages/airflow/example_dags/example_skip_dag.py
[2025-04-30T01:03:09.276+0000] {processor.py:914} INFO - Processing file /home/airflow/.local/lib/python3.12/site-packages/airflow/example_dags/example_skip_dag.py for tasks to queue
[2025-04-30T01:03:09.278+0000] {logging_mixin.py:190} INFO - [2025-04-30T01:03:09.278+0000] {dagbag.py:587} INFO - Filling up the DagBag from /home/airflow/.local/lib/python3.12/site-packages/airflow/example_dags/example_skip_dag.py
[2025-04-30T01:03:09.292+0000] {processor.py:925} INFO - DAG(s) 'example_skip_dag' retrieved from /home/airflow/.local/lib/python3.12/site-packages/airflow/example_dags/example_skip_dag.py
[2025-04-30T01:03:09.331+0000] {logging_mixin.py:190} INFO - [2025-04-30T01:03:09.330+0000] {dag.py:3211} INFO - Sync 1 DAGs
[2025-04-30T01:03:09.366+0000] {logging_mixin.py:190} INFO - [2025-04-30T01:03:09.366+0000] {dag.py:4138} INFO - Setting next_dagrun for example_skip_dag to 2025-04-29 00:00:00+00:00, run_after=2025-04-30 00:00:00+00:00
[2025-04-30T01:03:09.389+0000] {processor.py:208} INFO - Processing /home/airflow/.local/lib/python3.12/site-packages/airflow/example_dags/example_skip_dag.py took 0.122 seconds
[2025-04-30T01:03:42.354+0000] {processor.py:186} INFO - Started process (PID=3248) to work on /home/airflow/.local/lib/python3.12/site-packages/airflow/example_dags/example_skip_dag.py
[2025-04-30T01:03:42.356+0000] {processor.py:914} INFO - Processing file /home/airflow/.local/lib/python3.12/site-packages/airflow/example_dags/example_skip_dag.py for tasks to queue
[2025-04-30T01:03:42.358+0000] {logging_mixin.py:190} INFO - [2025-04-30T01:03:42.358+0000] {dagbag.py:587} INFO - Filling up the DagBag from /home/airflow/.local/lib/python3.12/site-packages/airflow/example_dags/example_skip_dag.py
[2025-04-30T01:03:42.370+0000] {processor.py:925} INFO - DAG(s) 'example_skip_dag' retrieved from /home/airflow/.local/lib/python3.12/site-packages/airflow/example_dags/example_skip_dag.py
[2025-04-30T01:03:42.564+0000] {logging_mixin.py:190} INFO - [2025-04-30T01:03:42.563+0000] {dag.py:3211} INFO - Sync 1 DAGs
[2025-04-30T01:03:42.601+0000] {logging_mixin.py:190} INFO - [2025-04-30T01:03:42.600+0000] {dag.py:4138} INFO - Setting next_dagrun for example_skip_dag to 2025-04-29 00:00:00+00:00, run_after=2025-04-30 00:00:00+00:00
[2025-04-30T01:03:42.630+0000] {processor.py:208} INFO - Processing /home/airflow/.local/lib/python3.12/site-packages/airflow/example_dags/example_skip_dag.py took 0.286 seconds
[2025-04-30T01:04:13.400+0000] {processor.py:186} INFO - Started process (PID=3311) to work on /home/airflow/.local/lib/python3.12/site-packages/airflow/example_dags/example_skip_dag.py
[2025-04-30T01:04:13.401+0000] {processor.py:914} INFO - Processing file /home/airflow/.local/lib/python3.12/site-packages/airflow/example_dags/example_skip_dag.py for tasks to queue
[2025-04-30T01:04:13.403+0000] {logging_mixin.py:190} INFO - [2025-04-30T01:04:13.402+0000] {dagbag.py:587} INFO - Filling up the DagBag from /home/airflow/.local/lib/python3.12/site-packages/airflow/example_dags/example_skip_dag.py
[2025-04-30T01:04:13.412+0000] {processor.py:925} INFO - DAG(s) 'example_skip_dag' retrieved from /home/airflow/.local/lib/python3.12/site-packages/airflow/example_dags/example_skip_dag.py
[2025-04-30T01:04:13.613+0000] {logging_mixin.py:190} INFO - [2025-04-30T01:04:13.613+0000] {dag.py:3211} INFO - Sync 1 DAGs
[2025-04-30T01:04:13.646+0000] {logging_mixin.py:190} INFO - [2025-04-30T01:04:13.646+0000] {dag.py:4138} INFO - Setting next_dagrun for example_skip_dag to 2025-04-29 00:00:00+00:00, run_after=2025-04-30 00:00:00+00:00
[2025-04-30T01:04:13.673+0000] {processor.py:208} INFO - Processing /home/airflow/.local/lib/python3.12/site-packages/airflow/example_dags/example_skip_dag.py took 0.279 seconds
[2025-04-30T01:04:44.498+0000] {processor.py:186} INFO - Started process (PID=3375) to work on /home/airflow/.local/lib/python3.12/site-packages/airflow/example_dags/example_skip_dag.py
[2025-04-30T01:04:44.500+0000] {processor.py:914} INFO - Processing file /home/airflow/.local/lib/python3.12/site-packages/airflow/example_dags/example_skip_dag.py for tasks to queue
[2025-04-30T01:04:44.502+0000] {logging_mixin.py:190} INFO - [2025-04-30T01:04:44.502+0000] {dagbag.py:587} INFO - Filling up the DagBag from /home/airflow/.local/lib/python3.12/site-packages/airflow/example_dags/example_skip_dag.py
[2025-04-30T01:04:44.518+0000] {processor.py:925} INFO - DAG(s) 'example_skip_dag' retrieved from /home/airflow/.local/lib/python3.12/site-packages/airflow/example_dags/example_skip_dag.py
[2025-04-30T01:04:44.543+0000] {logging_mixin.py:190} INFO - [2025-04-30T01:04:44.543+0000] {dag.py:3211} INFO - Sync 1 DAGs
[2025-04-30T01:04:44.566+0000] {logging_mixin.py:190} INFO - [2025-04-30T01:04:44.566+0000] {dag.py:4138} INFO - Setting next_dagrun for example_skip_dag to 2025-04-29 00:00:00+00:00, run_after=2025-04-30 00:00:00+00:00
[2025-04-30T01:04:44.586+0000] {processor.py:208} INFO - Processing /home/airflow/.local/lib/python3.12/site-packages/airflow/example_dags/example_skip_dag.py took 0.101 seconds
[2025-04-30T01:05:15.237+0000] {processor.py:186} INFO - Started process (PID=3438) to work on /home/airflow/.local/lib/python3.12/site-packages/airflow/example_dags/example_skip_dag.py
[2025-04-30T01:05:15.239+0000] {processor.py:914} INFO - Processing file /home/airflow/.local/lib/python3.12/site-packages/airflow/example_dags/example_skip_dag.py for tasks to queue
[2025-04-30T01:05:15.240+0000] {logging_mixin.py:190} INFO - [2025-04-30T01:05:15.240+0000] {dagbag.py:587} INFO - Filling up the DagBag from /home/airflow/.local/lib/python3.12/site-packages/airflow/example_dags/example_skip_dag.py
[2025-04-30T01:05:15.249+0000] {processor.py:925} INFO - DAG(s) 'example_skip_dag' retrieved from /home/airflow/.local/lib/python3.12/site-packages/airflow/example_dags/example_skip_dag.py
[2025-04-30T01:05:15.273+0000] {logging_mixin.py:190} INFO - [2025-04-30T01:05:15.272+0000] {dag.py:3211} INFO - Sync 1 DAGs
[2025-04-30T01:05:15.303+0000] {logging_mixin.py:190} INFO - [2025-04-30T01:05:15.303+0000] {dag.py:4138} INFO - Setting next_dagrun for example_skip_dag to 2025-04-29 00:00:00+00:00, run_after=2025-04-30 00:00:00+00:00
[2025-04-30T01:05:15.325+0000] {processor.py:208} INFO - Processing /home/airflow/.local/lib/python3.12/site-packages/airflow/example_dags/example_skip_dag.py took 0.097 seconds
[2025-04-30T01:05:45.834+0000] {processor.py:186} INFO - Started process (PID=3501) to work on /home/airflow/.local/lib/python3.12/site-packages/airflow/example_dags/example_skip_dag.py
[2025-04-30T01:05:45.835+0000] {processor.py:914} INFO - Processing file /home/airflow/.local/lib/python3.12/site-packages/airflow/example_dags/example_skip_dag.py for tasks to queue
[2025-04-30T01:05:45.837+0000] {logging_mixin.py:190} INFO - [2025-04-30T01:05:45.836+0000] {dagbag.py:587} INFO - Filling up the DagBag from /home/airflow/.local/lib/python3.12/site-packages/airflow/example_dags/example_skip_dag.py
[2025-04-30T01:05:45.846+0000] {processor.py:925} INFO - DAG(s) 'example_skip_dag' retrieved from /home/airflow/.local/lib/python3.12/site-packages/airflow/example_dags/example_skip_dag.py
[2025-04-30T01:05:45.876+0000] {logging_mixin.py:190} INFO - [2025-04-30T01:05:45.876+0000] {dag.py:3211} INFO - Sync 1 DAGs
[2025-04-30T01:05:45.907+0000] {logging_mixin.py:190} INFO - [2025-04-30T01:05:45.907+0000] {dag.py:4138} INFO - Setting next_dagrun for example_skip_dag to 2025-04-29 00:00:00+00:00, run_after=2025-04-30 00:00:00+00:00
[2025-04-30T01:05:45.931+0000] {processor.py:208} INFO - Processing /home/airflow/.local/lib/python3.12/site-packages/airflow/example_dags/example_skip_dag.py took 0.104 seconds
[2025-04-30T01:06:16.684+0000] {processor.py:186} INFO - Started process (PID=3564) to work on /home/airflow/.local/lib/python3.12/site-packages/airflow/example_dags/example_skip_dag.py
[2025-04-30T01:06:16.685+0000] {processor.py:914} INFO - Processing file /home/airflow/.local/lib/python3.12/site-packages/airflow/example_dags/example_skip_dag.py for tasks to queue
[2025-04-30T01:06:16.687+0000] {logging_mixin.py:190} INFO - [2025-04-30T01:06:16.686+0000] {dagbag.py:587} INFO - Filling up the DagBag from /home/airflow/.local/lib/python3.12/site-packages/airflow/example_dags/example_skip_dag.py
[2025-04-30T01:06:16.695+0000] {processor.py:925} INFO - DAG(s) 'example_skip_dag' retrieved from /home/airflow/.local/lib/python3.12/site-packages/airflow/example_dags/example_skip_dag.py
[2025-04-30T01:06:16.722+0000] {logging_mixin.py:190} INFO - [2025-04-30T01:06:16.722+0000] {dag.py:3211} INFO - Sync 1 DAGs
[2025-04-30T01:06:16.749+0000] {logging_mixin.py:190} INFO - [2025-04-30T01:06:16.749+0000] {dag.py:4138} INFO - Setting next_dagrun for example_skip_dag to 2025-04-29 00:00:00+00:00, run_after=2025-04-30 00:00:00+00:00
[2025-04-30T01:06:16.769+0000] {processor.py:208} INFO - Processing /home/airflow/.local/lib/python3.12/site-packages/airflow/example_dags/example_skip_dag.py took 0.095 seconds
[2025-04-30T01:06:47.239+0000] {processor.py:186} INFO - Started process (PID=3627) to work on /home/airflow/.local/lib/python3.12/site-packages/airflow/example_dags/example_skip_dag.py
[2025-04-30T01:06:47.240+0000] {processor.py:914} INFO - Processing file /home/airflow/.local/lib/python3.12/site-packages/airflow/example_dags/example_skip_dag.py for tasks to queue
[2025-04-30T01:06:47.242+0000] {logging_mixin.py:190} INFO - [2025-04-30T01:06:47.242+0000] {dagbag.py:587} INFO - Filling up the DagBag from /home/airflow/.local/lib/python3.12/site-packages/airflow/example_dags/example_skip_dag.py
[2025-04-30T01:06:47.251+0000] {processor.py:925} INFO - DAG(s) 'example_skip_dag' retrieved from /home/airflow/.local/lib/python3.12/site-packages/airflow/example_dags/example_skip_dag.py
[2025-04-30T01:06:47.273+0000] {logging_mixin.py:190} INFO - [2025-04-30T01:06:47.273+0000] {dag.py:3211} INFO - Sync 1 DAGs
[2025-04-30T01:06:47.300+0000] {logging_mixin.py:190} INFO - [2025-04-30T01:06:47.300+0000] {dag.py:4138} INFO - Setting next_dagrun for example_skip_dag to 2025-04-29 00:00:00+00:00, run_after=2025-04-30 00:00:00+00:00
[2025-04-30T01:06:47.322+0000] {processor.py:208} INFO - Processing /home/airflow/.local/lib/python3.12/site-packages/airflow/example_dags/example_skip_dag.py took 0.089 seconds
[2025-04-30T01:07:17.654+0000] {processor.py:186} INFO - Started process (PID=3690) to work on /home/airflow/.local/lib/python3.12/site-packages/airflow/example_dags/example_skip_dag.py
[2025-04-30T01:07:17.655+0000] {processor.py:914} INFO - Processing file /home/airflow/.local/lib/python3.12/site-packages/airflow/example_dags/example_skip_dag.py for tasks to queue
[2025-04-30T01:07:17.657+0000] {logging_mixin.py:190} INFO - [2025-04-30T01:07:17.656+0000] {dagbag.py:587} INFO - Filling up the DagBag from /home/airflow/.local/lib/python3.12/site-packages/airflow/example_dags/example_skip_dag.py
[2025-04-30T01:07:17.667+0000] {processor.py:925} INFO - DAG(s) 'example_skip_dag' retrieved from /home/airflow/.local/lib/python3.12/site-packages/airflow/example_dags/example_skip_dag.py
[2025-04-30T01:07:17.691+0000] {logging_mixin.py:190} INFO - [2025-04-30T01:07:17.691+0000] {dag.py:3211} INFO - Sync 1 DAGs
[2025-04-30T01:07:17.720+0000] {logging_mixin.py:190} INFO - [2025-04-30T01:07:17.719+0000] {dag.py:4138} INFO - Setting next_dagrun for example_skip_dag to 2025-04-29 00:00:00+00:00, run_after=2025-04-30 00:00:00+00:00
[2025-04-30T01:07:17.743+0000] {processor.py:208} INFO - Processing /home/airflow/.local/lib/python3.12/site-packages/airflow/example_dags/example_skip_dag.py took 0.097 seconds
[2025-04-30T01:07:48.658+0000] {processor.py:186} INFO - Started process (PID=3753) to work on /home/airflow/.local/lib/python3.12/site-packages/airflow/example_dags/example_skip_dag.py
[2025-04-30T01:07:48.659+0000] {processor.py:914} INFO - Processing file /home/airflow/.local/lib/python3.12/site-packages/airflow/example_dags/example_skip_dag.py for tasks to queue
[2025-04-30T01:07:48.661+0000] {logging_mixin.py:190} INFO - [2025-04-30T01:07:48.660+0000] {dagbag.py:587} INFO - Filling up the DagBag from /home/airflow/.local/lib/python3.12/site-packages/airflow/example_dags/example_skip_dag.py
[2025-04-30T01:07:48.670+0000] {processor.py:925} INFO - DAG(s) 'example_skip_dag' retrieved from /home/airflow/.local/lib/python3.12/site-packages/airflow/example_dags/example_skip_dag.py
[2025-04-30T01:07:48.694+0000] {logging_mixin.py:190} INFO - [2025-04-30T01:07:48.693+0000] {dag.py:3211} INFO - Sync 1 DAGs
[2025-04-30T01:07:48.719+0000] {logging_mixin.py:190} INFO - [2025-04-30T01:07:48.719+0000] {dag.py:4138} INFO - Setting next_dagrun for example_skip_dag to 2025-04-29 00:00:00+00:00, run_after=2025-04-30 00:00:00+00:00
[2025-04-30T01:07:48.744+0000] {processor.py:208} INFO - Processing /home/airflow/.local/lib/python3.12/site-packages/airflow/example_dags/example_skip_dag.py took 0.092 seconds
[2025-04-30T01:08:19.217+0000] {processor.py:186} INFO - Started process (PID=3815) to work on /home/airflow/.local/lib/python3.12/site-packages/airflow/example_dags/example_skip_dag.py
[2025-04-30T01:08:19.219+0000] {processor.py:914} INFO - Processing file /home/airflow/.local/lib/python3.12/site-packages/airflow/example_dags/example_skip_dag.py for tasks to queue
[2025-04-30T01:08:19.221+0000] {logging_mixin.py:190} INFO - [2025-04-30T01:08:19.220+0000] {dagbag.py:587} INFO - Filling up the DagBag from /home/airflow/.local/lib/python3.12/site-packages/airflow/example_dags/example_skip_dag.py
[2025-04-30T01:08:19.231+0000] {processor.py:925} INFO - DAG(s) 'example_skip_dag' retrieved from /home/airflow/.local/lib/python3.12/site-packages/airflow/example_dags/example_skip_dag.py
[2025-04-30T01:08:19.259+0000] {logging_mixin.py:190} INFO - [2025-04-30T01:08:19.259+0000] {dag.py:3211} INFO - Sync 1 DAGs
[2025-04-30T01:08:19.287+0000] {logging_mixin.py:190} INFO - [2025-04-30T01:08:19.287+0000] {dag.py:4138} INFO - Setting next_dagrun for example_skip_dag to 2025-04-29 00:00:00+00:00, run_after=2025-04-30 00:00:00+00:00
[2025-04-30T01:08:19.311+0000] {processor.py:208} INFO - Processing /home/airflow/.local/lib/python3.12/site-packages/airflow/example_dags/example_skip_dag.py took 0.101 seconds
[2025-04-30T01:08:50.230+0000] {processor.py:186} INFO - Started process (PID=3883) to work on /home/airflow/.local/lib/python3.12/site-packages/airflow/example_dags/example_skip_dag.py
[2025-04-30T01:08:50.231+0000] {processor.py:914} INFO - Processing file /home/airflow/.local/lib/python3.12/site-packages/airflow/example_dags/example_skip_dag.py for tasks to queue
[2025-04-30T01:08:50.233+0000] {logging_mixin.py:190} INFO - [2025-04-30T01:08:50.232+0000] {dagbag.py:587} INFO - Filling up the DagBag from /home/airflow/.local/lib/python3.12/site-packages/airflow/example_dags/example_skip_dag.py
[2025-04-30T01:08:50.244+0000] {processor.py:925} INFO - DAG(s) 'example_skip_dag' retrieved from /home/airflow/.local/lib/python3.12/site-packages/airflow/example_dags/example_skip_dag.py
[2025-04-30T01:08:50.275+0000] {logging_mixin.py:190} INFO - [2025-04-30T01:08:50.275+0000] {dag.py:3211} INFO - Sync 1 DAGs
[2025-04-30T01:08:50.314+0000] {logging_mixin.py:190} INFO - [2025-04-30T01:08:50.314+0000] {dag.py:4138} INFO - Setting next_dagrun for example_skip_dag to 2025-04-29 00:00:00+00:00, run_after=2025-04-30 00:00:00+00:00
[2025-04-30T01:08:50.346+0000] {processor.py:208} INFO - Processing /home/airflow/.local/lib/python3.12/site-packages/airflow/example_dags/example_skip_dag.py took 0.124 seconds
[2025-04-30T01:09:20.515+0000] {processor.py:186} INFO - Started process (PID=3945) to work on /home/airflow/.local/lib/python3.12/site-packages/airflow/example_dags/example_skip_dag.py
[2025-04-30T01:09:20.517+0000] {processor.py:914} INFO - Processing file /home/airflow/.local/lib/python3.12/site-packages/airflow/example_dags/example_skip_dag.py for tasks to queue
[2025-04-30T01:09:20.518+0000] {logging_mixin.py:190} INFO - [2025-04-30T01:09:20.518+0000] {dagbag.py:587} INFO - Filling up the DagBag from /home/airflow/.local/lib/python3.12/site-packages/airflow/example_dags/example_skip_dag.py
[2025-04-30T01:09:20.528+0000] {processor.py:925} INFO - DAG(s) 'example_skip_dag' retrieved from /home/airflow/.local/lib/python3.12/site-packages/airflow/example_dags/example_skip_dag.py
[2025-04-30T01:09:20.549+0000] {logging_mixin.py:190} INFO - [2025-04-30T01:09:20.549+0000] {dag.py:3211} INFO - Sync 1 DAGs
[2025-04-30T01:09:20.577+0000] {logging_mixin.py:190} INFO - [2025-04-30T01:09:20.577+0000] {dag.py:4138} INFO - Setting next_dagrun for example_skip_dag to 2025-04-29 00:00:00+00:00, run_after=2025-04-30 00:00:00+00:00
[2025-04-30T01:09:20.597+0000] {processor.py:208} INFO - Processing /home/airflow/.local/lib/python3.12/site-packages/airflow/example_dags/example_skip_dag.py took 0.090 seconds
[2025-04-30T01:09:50.729+0000] {processor.py:186} INFO - Started process (PID=4007) to work on /home/airflow/.local/lib/python3.12/site-packages/airflow/example_dags/example_skip_dag.py
[2025-04-30T01:09:50.730+0000] {processor.py:914} INFO - Processing file /home/airflow/.local/lib/python3.12/site-packages/airflow/example_dags/example_skip_dag.py for tasks to queue
[2025-04-30T01:09:50.732+0000] {logging_mixin.py:190} INFO - [2025-04-30T01:09:50.732+0000] {dagbag.py:587} INFO - Filling up the DagBag from /home/airflow/.local/lib/python3.12/site-packages/airflow/example_dags/example_skip_dag.py
[2025-04-30T01:09:50.746+0000] {processor.py:925} INFO - DAG(s) 'example_skip_dag' retrieved from /home/airflow/.local/lib/python3.12/site-packages/airflow/example_dags/example_skip_dag.py
[2025-04-30T01:09:50.778+0000] {logging_mixin.py:190} INFO - [2025-04-30T01:09:50.778+0000] {dag.py:3211} INFO - Sync 1 DAGs
[2025-04-30T01:09:50.813+0000] {logging_mixin.py:190} INFO - [2025-04-30T01:09:50.812+0000] {dag.py:4138} INFO - Setting next_dagrun for example_skip_dag to 2025-04-29 00:00:00+00:00, run_after=2025-04-30 00:00:00+00:00
[2025-04-30T01:09:50.839+0000] {processor.py:208} INFO - Processing /home/airflow/.local/lib/python3.12/site-packages/airflow/example_dags/example_skip_dag.py took 0.117 seconds
[2025-04-30T01:10:21.517+0000] {processor.py:186} INFO - Started process (PID=4069) to work on /home/airflow/.local/lib/python3.12/site-packages/airflow/example_dags/example_skip_dag.py
[2025-04-30T01:10:21.519+0000] {processor.py:914} INFO - Processing file /home/airflow/.local/lib/python3.12/site-packages/airflow/example_dags/example_skip_dag.py for tasks to queue
[2025-04-30T01:10:21.521+0000] {logging_mixin.py:190} INFO - [2025-04-30T01:10:21.520+0000] {dagbag.py:587} INFO - Filling up the DagBag from /home/airflow/.local/lib/python3.12/site-packages/airflow/example_dags/example_skip_dag.py
[2025-04-30T01:10:21.532+0000] {processor.py:925} INFO - DAG(s) 'example_skip_dag' retrieved from /home/airflow/.local/lib/python3.12/site-packages/airflow/example_dags/example_skip_dag.py
[2025-04-30T01:10:21.559+0000] {logging_mixin.py:190} INFO - [2025-04-30T01:10:21.558+0000] {dag.py:3211} INFO - Sync 1 DAGs
[2025-04-30T01:10:21.586+0000] {logging_mixin.py:190} INFO - [2025-04-30T01:10:21.586+0000] {dag.py:4138} INFO - Setting next_dagrun for example_skip_dag to 2025-04-29 00:00:00+00:00, run_after=2025-04-30 00:00:00+00:00
[2025-04-30T01:10:21.609+0000] {processor.py:208} INFO - Processing /home/airflow/.local/lib/python3.12/site-packages/airflow/example_dags/example_skip_dag.py took 0.099 seconds
[2025-04-30T01:10:52.538+0000] {processor.py:186} INFO - Started process (PID=4131) to work on /home/airflow/.local/lib/python3.12/site-packages/airflow/example_dags/example_skip_dag.py
[2025-04-30T01:10:52.539+0000] {processor.py:914} INFO - Processing file /home/airflow/.local/lib/python3.12/site-packages/airflow/example_dags/example_skip_dag.py for tasks to queue
[2025-04-30T01:10:52.541+0000] {logging_mixin.py:190} INFO - [2025-04-30T01:10:52.541+0000] {dagbag.py:587} INFO - Filling up the DagBag from /home/airflow/.local/lib/python3.12/site-packages/airflow/example_dags/example_skip_dag.py
[2025-04-30T01:10:52.553+0000] {processor.py:925} INFO - DAG(s) 'example_skip_dag' retrieved from /home/airflow/.local/lib/python3.12/site-packages/airflow/example_dags/example_skip_dag.py
[2025-04-30T01:10:52.581+0000] {logging_mixin.py:190} INFO - [2025-04-30T01:10:52.581+0000] {dag.py:3211} INFO - Sync 1 DAGs
[2025-04-30T01:10:52.612+0000] {logging_mixin.py:190} INFO - [2025-04-30T01:10:52.612+0000] {dag.py:4138} INFO - Setting next_dagrun for example_skip_dag to 2025-04-29 00:00:00+00:00, run_after=2025-04-30 00:00:00+00:00
[2025-04-30T01:10:52.638+0000] {processor.py:208} INFO - Processing /home/airflow/.local/lib/python3.12/site-packages/airflow/example_dags/example_skip_dag.py took 0.107 seconds
[2025-04-30T01:11:23.381+0000] {processor.py:186} INFO - Started process (PID=4193) to work on /home/airflow/.local/lib/python3.12/site-packages/airflow/example_dags/example_skip_dag.py
[2025-04-30T01:11:23.383+0000] {processor.py:914} INFO - Processing file /home/airflow/.local/lib/python3.12/site-packages/airflow/example_dags/example_skip_dag.py for tasks to queue
[2025-04-30T01:11:23.384+0000] {logging_mixin.py:190} INFO - [2025-04-30T01:11:23.384+0000] {dagbag.py:587} INFO - Filling up the DagBag from /home/airflow/.local/lib/python3.12/site-packages/airflow/example_dags/example_skip_dag.py
[2025-04-30T01:11:23.393+0000] {processor.py:925} INFO - DAG(s) 'example_skip_dag' retrieved from /home/airflow/.local/lib/python3.12/site-packages/airflow/example_dags/example_skip_dag.py
[2025-04-30T01:11:23.415+0000] {logging_mixin.py:190} INFO - [2025-04-30T01:11:23.415+0000] {dag.py:3211} INFO - Sync 1 DAGs
[2025-04-30T01:11:23.441+0000] {logging_mixin.py:190} INFO - [2025-04-30T01:11:23.441+0000] {dag.py:4138} INFO - Setting next_dagrun for example_skip_dag to 2025-04-29 00:00:00+00:00, run_after=2025-04-30 00:00:00+00:00
[2025-04-30T01:11:23.462+0000] {processor.py:208} INFO - Processing /home/airflow/.local/lib/python3.12/site-packages/airflow/example_dags/example_skip_dag.py took 0.086 seconds
[2025-04-30T01:11:54.301+0000] {processor.py:186} INFO - Started process (PID=4255) to work on /home/airflow/.local/lib/python3.12/site-packages/airflow/example_dags/example_skip_dag.py
[2025-04-30T01:11:54.302+0000] {processor.py:914} INFO - Processing file /home/airflow/.local/lib/python3.12/site-packages/airflow/example_dags/example_skip_dag.py for tasks to queue
[2025-04-30T01:11:54.304+0000] {logging_mixin.py:190} INFO - [2025-04-30T01:11:54.304+0000] {dagbag.py:587} INFO - Filling up the DagBag from /home/airflow/.local/lib/python3.12/site-packages/airflow/example_dags/example_skip_dag.py
[2025-04-30T01:11:54.320+0000] {processor.py:925} INFO - DAG(s) 'example_skip_dag' retrieved from /home/airflow/.local/lib/python3.12/site-packages/airflow/example_dags/example_skip_dag.py
[2025-04-30T01:11:54.352+0000] {logging_mixin.py:190} INFO - [2025-04-30T01:11:54.351+0000] {dag.py:3211} INFO - Sync 1 DAGs
[2025-04-30T01:11:54.384+0000] {logging_mixin.py:190} INFO - [2025-04-30T01:11:54.384+0000] {dag.py:4138} INFO - Setting next_dagrun for example_skip_dag to 2025-04-29 00:00:00+00:00, run_after=2025-04-30 00:00:00+00:00
[2025-04-30T01:11:54.412+0000] {processor.py:208} INFO - Processing /home/airflow/.local/lib/python3.12/site-packages/airflow/example_dags/example_skip_dag.py took 0.121 seconds
