[2025-04-30T00:30:48.293+0000] {processor.py:186} INFO - Started process (PID=82) to work on /home/airflow/.local/lib/python3.12/site-packages/airflow/example_dags/example_latest_only.py
[2025-04-30T00:30:48.296+0000] {processor.py:914} INFO - Processing file /home/airflow/.local/lib/python3.12/site-packages/airflow/example_dags/example_latest_only.py for tasks to queue
[2025-04-30T00:30:48.300+0000] {logging_mixin.py:190} INFO - [2025-04-30T00:30:48.300+0000] {dagbag.py:587} INFO - Filling up the DagBag from /home/airflow/.local/lib/python3.12/site-packages/airflow/example_dags/example_latest_only.py
[2025-04-30T00:30:48.315+0000] {processor.py:925} INFO - DAG(s) 'latest_only' retrieved from /home/airflow/.local/lib/python3.12/site-packages/airflow/example_dags/example_latest_only.py
[2025-04-30T00:30:48.544+0000] {logging_mixin.py:190} INFO - [2025-04-30T00:30:48.543+0000] {override.py:1858} INFO - Created Permission View: can edit on DAG:latest_only
[2025-04-30T00:30:48.563+0000] {logging_mixin.py:190} INFO - [2025-04-30T00:30:48.562+0000] {override.py:1858} INFO - Created Permission View: can read on DAG:latest_only
[2025-04-30T00:30:48.578+0000] {logging_mixin.py:190} INFO - [2025-04-30T00:30:48.577+0000] {override.py:1858} INFO - Created Permission View: can delete on DAG:latest_only
[2025-04-30T00:30:48.579+0000] {logging_mixin.py:190} INFO - [2025-04-30T00:30:48.579+0000] {dag.py:3211} INFO - Sync 1 DAGs
[2025-04-30T00:30:48.603+0000] {logging_mixin.py:190} INFO - [2025-04-30T00:30:48.602+0000] {dag.py:3234} INFO - Creating ORM DAG for latest_only
[2025-04-30T00:30:48.621+0000] {logging_mixin.py:190} INFO - [2025-04-30T00:30:48.620+0000] {dag.py:4138} INFO - Setting next_dagrun for latest_only to 2025-04-29 20:00:00+00:00, run_after=2025-04-30 00:00:00+00:00
[2025-04-30T00:30:48.658+0000] {processor.py:208} INFO - Processing /home/airflow/.local/lib/python3.12/site-packages/airflow/example_dags/example_latest_only.py took 0.375 seconds
[2025-04-30T00:31:19.175+0000] {processor.py:186} INFO - Started process (PID=145) to work on /home/airflow/.local/lib/python3.12/site-packages/airflow/example_dags/example_latest_only.py
[2025-04-30T00:31:19.177+0000] {processor.py:914} INFO - Processing file /home/airflow/.local/lib/python3.12/site-packages/airflow/example_dags/example_latest_only.py for tasks to queue
[2025-04-30T00:31:19.182+0000] {logging_mixin.py:190} INFO - [2025-04-30T00:31:19.181+0000] {dagbag.py:587} INFO - Filling up the DagBag from /home/airflow/.local/lib/python3.12/site-packages/airflow/example_dags/example_latest_only.py
[2025-04-30T00:31:19.197+0000] {processor.py:925} INFO - DAG(s) 'latest_only' retrieved from /home/airflow/.local/lib/python3.12/site-packages/airflow/example_dags/example_latest_only.py
[2025-04-30T00:31:19.238+0000] {logging_mixin.py:190} INFO - [2025-04-30T00:31:19.237+0000] {dag.py:3211} INFO - Sync 1 DAGs
[2025-04-30T00:31:19.297+0000] {logging_mixin.py:190} INFO - [2025-04-30T00:31:19.297+0000] {dag.py:4138} INFO - Setting next_dagrun for latest_only to 2025-04-29 20:00:00+00:00, run_after=2025-04-30 00:00:00+00:00
[2025-04-30T00:31:19.341+0000] {processor.py:208} INFO - Processing /home/airflow/.local/lib/python3.12/site-packages/airflow/example_dags/example_latest_only.py took 0.178 seconds
[2025-04-30T00:31:49.507+0000] {processor.py:186} INFO - Started process (PID=207) to work on /home/airflow/.local/lib/python3.12/site-packages/airflow/example_dags/example_latest_only.py
[2025-04-30T00:31:49.511+0000] {processor.py:914} INFO - Processing file /home/airflow/.local/lib/python3.12/site-packages/airflow/example_dags/example_latest_only.py for tasks to queue
[2025-04-30T00:31:49.518+0000] {logging_mixin.py:190} INFO - [2025-04-30T00:31:49.517+0000] {dagbag.py:587} INFO - Filling up the DagBag from /home/airflow/.local/lib/python3.12/site-packages/airflow/example_dags/example_latest_only.py
[2025-04-30T00:31:49.534+0000] {processor.py:925} INFO - DAG(s) 'latest_only' retrieved from /home/airflow/.local/lib/python3.12/site-packages/airflow/example_dags/example_latest_only.py
[2025-04-30T00:31:49.572+0000] {logging_mixin.py:190} INFO - [2025-04-30T00:31:49.572+0000] {dag.py:3211} INFO - Sync 1 DAGs
[2025-04-30T00:31:49.621+0000] {logging_mixin.py:190} INFO - [2025-04-30T00:31:49.620+0000] {dag.py:4138} INFO - Setting next_dagrun for latest_only to 2025-04-29 20:00:00+00:00, run_after=2025-04-30 00:00:00+00:00
[2025-04-30T00:31:49.667+0000] {processor.py:208} INFO - Processing /home/airflow/.local/lib/python3.12/site-packages/airflow/example_dags/example_latest_only.py took 0.189 seconds
[2025-04-30T00:32:19.788+0000] {processor.py:186} INFO - Started process (PID=270) to work on /home/airflow/.local/lib/python3.12/site-packages/airflow/example_dags/example_latest_only.py
[2025-04-30T00:32:19.791+0000] {processor.py:914} INFO - Processing file /home/airflow/.local/lib/python3.12/site-packages/airflow/example_dags/example_latest_only.py for tasks to queue
[2025-04-30T00:32:19.797+0000] {logging_mixin.py:190} INFO - [2025-04-30T00:32:19.796+0000] {dagbag.py:587} INFO - Filling up the DagBag from /home/airflow/.local/lib/python3.12/site-packages/airflow/example_dags/example_latest_only.py
[2025-04-30T00:32:19.817+0000] {processor.py:925} INFO - DAG(s) 'latest_only' retrieved from /home/airflow/.local/lib/python3.12/site-packages/airflow/example_dags/example_latest_only.py
[2025-04-30T00:32:19.863+0000] {logging_mixin.py:190} INFO - [2025-04-30T00:32:19.863+0000] {dag.py:3211} INFO - Sync 1 DAGs
[2025-04-30T00:32:19.913+0000] {logging_mixin.py:190} INFO - [2025-04-30T00:32:19.912+0000] {dag.py:4138} INFO - Setting next_dagrun for latest_only to 2025-04-29 20:00:00+00:00, run_after=2025-04-30 00:00:00+00:00
[2025-04-30T00:32:19.957+0000] {processor.py:208} INFO - Processing /home/airflow/.local/lib/python3.12/site-packages/airflow/example_dags/example_latest_only.py took 0.181 seconds
[2025-04-30T00:32:50.135+0000] {processor.py:186} INFO - Started process (PID=333) to work on /home/airflow/.local/lib/python3.12/site-packages/airflow/example_dags/example_latest_only.py
[2025-04-30T00:32:50.139+0000] {processor.py:914} INFO - Processing file /home/airflow/.local/lib/python3.12/site-packages/airflow/example_dags/example_latest_only.py for tasks to queue
[2025-04-30T00:32:50.145+0000] {logging_mixin.py:190} INFO - [2025-04-30T00:32:50.144+0000] {dagbag.py:587} INFO - Filling up the DagBag from /home/airflow/.local/lib/python3.12/site-packages/airflow/example_dags/example_latest_only.py
[2025-04-30T00:32:50.159+0000] {processor.py:925} INFO - DAG(s) 'latest_only' retrieved from /home/airflow/.local/lib/python3.12/site-packages/airflow/example_dags/example_latest_only.py
[2025-04-30T00:32:50.199+0000] {logging_mixin.py:190} INFO - [2025-04-30T00:32:50.199+0000] {dag.py:3211} INFO - Sync 1 DAGs
[2025-04-30T00:32:50.251+0000] {logging_mixin.py:190} INFO - [2025-04-30T00:32:50.250+0000] {dag.py:4138} INFO - Setting next_dagrun for latest_only to 2025-04-29 20:00:00+00:00, run_after=2025-04-30 00:00:00+00:00
[2025-04-30T00:32:50.300+0000] {processor.py:208} INFO - Processing /home/airflow/.local/lib/python3.12/site-packages/airflow/example_dags/example_latest_only.py took 0.175 seconds
[2025-04-30T00:33:20.879+0000] {processor.py:186} INFO - Started process (PID=402) to work on /home/airflow/.local/lib/python3.12/site-packages/airflow/example_dags/example_latest_only.py
[2025-04-30T00:33:20.881+0000] {processor.py:914} INFO - Processing file /home/airflow/.local/lib/python3.12/site-packages/airflow/example_dags/example_latest_only.py for tasks to queue
[2025-04-30T00:33:20.886+0000] {logging_mixin.py:190} INFO - [2025-04-30T00:33:20.885+0000] {dagbag.py:587} INFO - Filling up the DagBag from /home/airflow/.local/lib/python3.12/site-packages/airflow/example_dags/example_latest_only.py
[2025-04-30T00:33:20.899+0000] {processor.py:925} INFO - DAG(s) 'latest_only' retrieved from /home/airflow/.local/lib/python3.12/site-packages/airflow/example_dags/example_latest_only.py
[2025-04-30T00:33:20.944+0000] {logging_mixin.py:190} INFO - [2025-04-30T00:33:20.943+0000] {dag.py:3211} INFO - Sync 1 DAGs
[2025-04-30T00:33:21.018+0000] {logging_mixin.py:190} INFO - [2025-04-30T00:33:21.018+0000] {dag.py:4138} INFO - Setting next_dagrun for latest_only to 2025-04-29 20:00:00+00:00, run_after=2025-04-30 00:00:00+00:00
[2025-04-30T00:33:21.082+0000] {processor.py:208} INFO - Processing /home/airflow/.local/lib/python3.12/site-packages/airflow/example_dags/example_latest_only.py took 0.213 seconds
[2025-04-30T00:33:51.769+0000] {processor.py:186} INFO - Started process (PID=466) to work on /home/airflow/.local/lib/python3.12/site-packages/airflow/example_dags/example_latest_only.py
[2025-04-30T00:33:51.773+0000] {processor.py:914} INFO - Processing file /home/airflow/.local/lib/python3.12/site-packages/airflow/example_dags/example_latest_only.py for tasks to queue
[2025-04-30T00:33:51.783+0000] {logging_mixin.py:190} INFO - [2025-04-30T00:33:51.782+0000] {dagbag.py:587} INFO - Filling up the DagBag from /home/airflow/.local/lib/python3.12/site-packages/airflow/example_dags/example_latest_only.py
[2025-04-30T00:33:51.802+0000] {processor.py:925} INFO - DAG(s) 'latest_only' retrieved from /home/airflow/.local/lib/python3.12/site-packages/airflow/example_dags/example_latest_only.py
[2025-04-30T00:33:51.846+0000] {logging_mixin.py:190} INFO - [2025-04-30T00:33:51.845+0000] {dag.py:3211} INFO - Sync 1 DAGs
[2025-04-30T00:33:51.939+0000] {logging_mixin.py:190} INFO - [2025-04-30T00:33:51.939+0000] {dag.py:4138} INFO - Setting next_dagrun for latest_only to 2025-04-29 20:00:00+00:00, run_after=2025-04-30 00:00:00+00:00
[2025-04-30T00:33:51.982+0000] {processor.py:208} INFO - Processing /home/airflow/.local/lib/python3.12/site-packages/airflow/example_dags/example_latest_only.py took 0.250 seconds
[2025-04-30T00:34:22.565+0000] {processor.py:186} INFO - Started process (PID=529) to work on /home/airflow/.local/lib/python3.12/site-packages/airflow/example_dags/example_latest_only.py
[2025-04-30T00:34:22.567+0000] {processor.py:914} INFO - Processing file /home/airflow/.local/lib/python3.12/site-packages/airflow/example_dags/example_latest_only.py for tasks to queue
[2025-04-30T00:34:22.572+0000] {logging_mixin.py:190} INFO - [2025-04-30T00:34:22.572+0000] {dagbag.py:587} INFO - Filling up the DagBag from /home/airflow/.local/lib/python3.12/site-packages/airflow/example_dags/example_latest_only.py
[2025-04-30T00:34:22.587+0000] {processor.py:925} INFO - DAG(s) 'latest_only' retrieved from /home/airflow/.local/lib/python3.12/site-packages/airflow/example_dags/example_latest_only.py
[2025-04-30T00:34:22.634+0000] {logging_mixin.py:190} INFO - [2025-04-30T00:34:22.633+0000] {dag.py:3211} INFO - Sync 1 DAGs
[2025-04-30T00:34:22.689+0000] {logging_mixin.py:190} INFO - [2025-04-30T00:34:22.689+0000] {dag.py:4138} INFO - Setting next_dagrun for latest_only to 2025-04-29 20:00:00+00:00, run_after=2025-04-30 00:00:00+00:00
[2025-04-30T00:34:22.731+0000] {processor.py:208} INFO - Processing /home/airflow/.local/lib/python3.12/site-packages/airflow/example_dags/example_latest_only.py took 0.180 seconds
[2025-04-30T00:34:52.972+0000] {processor.py:186} INFO - Started process (PID=592) to work on /home/airflow/.local/lib/python3.12/site-packages/airflow/example_dags/example_latest_only.py
[2025-04-30T00:34:52.974+0000] {processor.py:914} INFO - Processing file /home/airflow/.local/lib/python3.12/site-packages/airflow/example_dags/example_latest_only.py for tasks to queue
[2025-04-30T00:34:52.981+0000] {logging_mixin.py:190} INFO - [2025-04-30T00:34:52.979+0000] {dagbag.py:587} INFO - Filling up the DagBag from /home/airflow/.local/lib/python3.12/site-packages/airflow/example_dags/example_latest_only.py
[2025-04-30T00:34:52.994+0000] {processor.py:925} INFO - DAG(s) 'latest_only' retrieved from /home/airflow/.local/lib/python3.12/site-packages/airflow/example_dags/example_latest_only.py
[2025-04-30T00:34:53.039+0000] {logging_mixin.py:190} INFO - [2025-04-30T00:34:53.038+0000] {dag.py:3211} INFO - Sync 1 DAGs
[2025-04-30T00:34:53.124+0000] {logging_mixin.py:190} INFO - [2025-04-30T00:34:53.124+0000] {dag.py:4138} INFO - Setting next_dagrun for latest_only to 2025-04-29 20:00:00+00:00, run_after=2025-04-30 00:00:00+00:00
[2025-04-30T00:34:53.173+0000] {processor.py:208} INFO - Processing /home/airflow/.local/lib/python3.12/site-packages/airflow/example_dags/example_latest_only.py took 0.214 seconds
[2025-04-30T00:35:23.567+0000] {processor.py:186} INFO - Started process (PID=655) to work on /home/airflow/.local/lib/python3.12/site-packages/airflow/example_dags/example_latest_only.py
[2025-04-30T00:35:23.571+0000] {processor.py:914} INFO - Processing file /home/airflow/.local/lib/python3.12/site-packages/airflow/example_dags/example_latest_only.py for tasks to queue
[2025-04-30T00:35:23.582+0000] {logging_mixin.py:190} INFO - [2025-04-30T00:35:23.581+0000] {dagbag.py:587} INFO - Filling up the DagBag from /home/airflow/.local/lib/python3.12/site-packages/airflow/example_dags/example_latest_only.py
[2025-04-30T00:35:23.605+0000] {processor.py:925} INFO - DAG(s) 'latest_only' retrieved from /home/airflow/.local/lib/python3.12/site-packages/airflow/example_dags/example_latest_only.py
[2025-04-30T00:35:23.653+0000] {logging_mixin.py:190} INFO - [2025-04-30T00:35:23.652+0000] {dag.py:3211} INFO - Sync 1 DAGs
[2025-04-30T00:35:23.712+0000] {logging_mixin.py:190} INFO - [2025-04-30T00:35:23.711+0000] {dag.py:4138} INFO - Setting next_dagrun for latest_only to 2025-04-29 20:00:00+00:00, run_after=2025-04-30 00:00:00+00:00
[2025-04-30T00:35:23.756+0000] {processor.py:208} INFO - Processing /home/airflow/.local/lib/python3.12/site-packages/airflow/example_dags/example_latest_only.py took 0.218 seconds
[2025-04-30T00:35:54.616+0000] {processor.py:186} INFO - Started process (PID=718) to work on /home/airflow/.local/lib/python3.12/site-packages/airflow/example_dags/example_latest_only.py
[2025-04-30T00:35:54.621+0000] {processor.py:914} INFO - Processing file /home/airflow/.local/lib/python3.12/site-packages/airflow/example_dags/example_latest_only.py for tasks to queue
[2025-04-30T00:35:54.633+0000] {logging_mixin.py:190} INFO - [2025-04-30T00:35:54.632+0000] {dagbag.py:587} INFO - Filling up the DagBag from /home/airflow/.local/lib/python3.12/site-packages/airflow/example_dags/example_latest_only.py
[2025-04-30T00:35:54.668+0000] {processor.py:925} INFO - DAG(s) 'latest_only' retrieved from /home/airflow/.local/lib/python3.12/site-packages/airflow/example_dags/example_latest_only.py
[2025-04-30T00:35:54.720+0000] {logging_mixin.py:190} INFO - [2025-04-30T00:35:54.719+0000] {dag.py:3211} INFO - Sync 1 DAGs
[2025-04-30T00:35:54.781+0000] {logging_mixin.py:190} INFO - [2025-04-30T00:35:54.781+0000] {dag.py:4138} INFO - Setting next_dagrun for latest_only to 2025-04-29 20:00:00+00:00, run_after=2025-04-30 00:00:00+00:00
[2025-04-30T00:35:54.833+0000] {processor.py:208} INFO - Processing /home/airflow/.local/lib/python3.12/site-packages/airflow/example_dags/example_latest_only.py took 0.244 seconds
[2025-04-30T00:36:25.131+0000] {processor.py:186} INFO - Started process (PID=781) to work on /home/airflow/.local/lib/python3.12/site-packages/airflow/example_dags/example_latest_only.py
[2025-04-30T00:36:25.137+0000] {processor.py:914} INFO - Processing file /home/airflow/.local/lib/python3.12/site-packages/airflow/example_dags/example_latest_only.py for tasks to queue
[2025-04-30T00:36:25.148+0000] {logging_mixin.py:190} INFO - [2025-04-30T00:36:25.146+0000] {dagbag.py:587} INFO - Filling up the DagBag from /home/airflow/.local/lib/python3.12/site-packages/airflow/example_dags/example_latest_only.py
[2025-04-30T00:36:25.181+0000] {processor.py:925} INFO - DAG(s) 'latest_only' retrieved from /home/airflow/.local/lib/python3.12/site-packages/airflow/example_dags/example_latest_only.py
[2025-04-30T00:36:25.277+0000] {logging_mixin.py:190} INFO - [2025-04-30T00:36:25.276+0000] {dag.py:3211} INFO - Sync 1 DAGs
[2025-04-30T00:36:25.370+0000] {logging_mixin.py:190} INFO - [2025-04-30T00:36:25.370+0000] {dag.py:4138} INFO - Setting next_dagrun for latest_only to 2025-04-29 20:00:00+00:00, run_after=2025-04-30 00:00:00+00:00
[2025-04-30T00:36:25.417+0000] {processor.py:208} INFO - Processing /home/airflow/.local/lib/python3.12/site-packages/airflow/example_dags/example_latest_only.py took 0.324 seconds
[2025-04-30T00:36:55.790+0000] {processor.py:186} INFO - Started process (PID=844) to work on /home/airflow/.local/lib/python3.12/site-packages/airflow/example_dags/example_latest_only.py
[2025-04-30T00:36:55.793+0000] {processor.py:914} INFO - Processing file /home/airflow/.local/lib/python3.12/site-packages/airflow/example_dags/example_latest_only.py for tasks to queue
[2025-04-30T00:36:55.797+0000] {logging_mixin.py:190} INFO - [2025-04-30T00:36:55.797+0000] {dagbag.py:587} INFO - Filling up the DagBag from /home/airflow/.local/lib/python3.12/site-packages/airflow/example_dags/example_latest_only.py
[2025-04-30T00:36:55.813+0000] {processor.py:925} INFO - DAG(s) 'latest_only' retrieved from /home/airflow/.local/lib/python3.12/site-packages/airflow/example_dags/example_latest_only.py
[2025-04-30T00:36:55.854+0000] {logging_mixin.py:190} INFO - [2025-04-30T00:36:55.854+0000] {dag.py:3211} INFO - Sync 1 DAGs
[2025-04-30T00:36:55.902+0000] {logging_mixin.py:190} INFO - [2025-04-30T00:36:55.902+0000] {dag.py:4138} INFO - Setting next_dagrun for latest_only to 2025-04-29 20:00:00+00:00, run_after=2025-04-30 00:00:00+00:00
[2025-04-30T00:36:55.940+0000] {processor.py:208} INFO - Processing /home/airflow/.local/lib/python3.12/site-packages/airflow/example_dags/example_latest_only.py took 0.171 seconds
[2025-04-30T00:37:26.695+0000] {processor.py:186} INFO - Started process (PID=907) to work on /home/airflow/.local/lib/python3.12/site-packages/airflow/example_dags/example_latest_only.py
[2025-04-30T00:37:26.699+0000] {processor.py:914} INFO - Processing file /home/airflow/.local/lib/python3.12/site-packages/airflow/example_dags/example_latest_only.py for tasks to queue
[2025-04-30T00:37:26.705+0000] {logging_mixin.py:190} INFO - [2025-04-30T00:37:26.704+0000] {dagbag.py:587} INFO - Filling up the DagBag from /home/airflow/.local/lib/python3.12/site-packages/airflow/example_dags/example_latest_only.py
[2025-04-30T00:37:26.723+0000] {processor.py:925} INFO - DAG(s) 'latest_only' retrieved from /home/airflow/.local/lib/python3.12/site-packages/airflow/example_dags/example_latest_only.py
[2025-04-30T00:37:26.785+0000] {logging_mixin.py:190} INFO - [2025-04-30T00:37:26.784+0000] {dag.py:3211} INFO - Sync 1 DAGs
[2025-04-30T00:37:26.850+0000] {logging_mixin.py:190} INFO - [2025-04-30T00:37:26.849+0000] {dag.py:4138} INFO - Setting next_dagrun for latest_only to 2025-04-29 20:00:00+00:00, run_after=2025-04-30 00:00:00+00:00
[2025-04-30T00:37:26.900+0000] {processor.py:208} INFO - Processing /home/airflow/.local/lib/python3.12/site-packages/airflow/example_dags/example_latest_only.py took 0.222 seconds
[2025-04-30T00:37:57.477+0000] {processor.py:186} INFO - Started process (PID=970) to work on /home/airflow/.local/lib/python3.12/site-packages/airflow/example_dags/example_latest_only.py
[2025-04-30T00:37:57.481+0000] {processor.py:914} INFO - Processing file /home/airflow/.local/lib/python3.12/site-packages/airflow/example_dags/example_latest_only.py for tasks to queue
[2025-04-30T00:37:57.487+0000] {logging_mixin.py:190} INFO - [2025-04-30T00:37:57.486+0000] {dagbag.py:587} INFO - Filling up the DagBag from /home/airflow/.local/lib/python3.12/site-packages/airflow/example_dags/example_latest_only.py
[2025-04-30T00:37:57.502+0000] {processor.py:925} INFO - DAG(s) 'latest_only' retrieved from /home/airflow/.local/lib/python3.12/site-packages/airflow/example_dags/example_latest_only.py
[2025-04-30T00:37:57.550+0000] {logging_mixin.py:190} INFO - [2025-04-30T00:37:57.550+0000] {dag.py:3211} INFO - Sync 1 DAGs
[2025-04-30T00:37:57.606+0000] {logging_mixin.py:190} INFO - [2025-04-30T00:37:57.605+0000] {dag.py:4138} INFO - Setting next_dagrun for latest_only to 2025-04-29 20:00:00+00:00, run_after=2025-04-30 00:00:00+00:00
[2025-04-30T00:37:57.647+0000] {processor.py:208} INFO - Processing /home/airflow/.local/lib/python3.12/site-packages/airflow/example_dags/example_latest_only.py took 0.198 seconds
[2025-04-30T00:38:27.821+0000] {processor.py:186} INFO - Started process (PID=1033) to work on /home/airflow/.local/lib/python3.12/site-packages/airflow/example_dags/example_latest_only.py
[2025-04-30T00:38:27.826+0000] {processor.py:914} INFO - Processing file /home/airflow/.local/lib/python3.12/site-packages/airflow/example_dags/example_latest_only.py for tasks to queue
[2025-04-30T00:38:27.839+0000] {logging_mixin.py:190} INFO - [2025-04-30T00:38:27.837+0000] {dagbag.py:587} INFO - Filling up the DagBag from /home/airflow/.local/lib/python3.12/site-packages/airflow/example_dags/example_latest_only.py
[2025-04-30T00:38:27.872+0000] {processor.py:925} INFO - DAG(s) 'latest_only' retrieved from /home/airflow/.local/lib/python3.12/site-packages/airflow/example_dags/example_latest_only.py
[2025-04-30T00:38:27.966+0000] {logging_mixin.py:190} INFO - [2025-04-30T00:38:27.965+0000] {dag.py:3211} INFO - Sync 1 DAGs
[2025-04-30T00:38:28.060+0000] {logging_mixin.py:190} INFO - [2025-04-30T00:38:28.059+0000] {dag.py:4138} INFO - Setting next_dagrun for latest_only to 2025-04-29 20:00:00+00:00, run_after=2025-04-30 00:00:00+00:00
[2025-04-30T00:38:28.102+0000] {processor.py:208} INFO - Processing /home/airflow/.local/lib/python3.12/site-packages/airflow/example_dags/example_latest_only.py took 0.309 seconds
[2025-04-30T00:38:58.335+0000] {processor.py:186} INFO - Started process (PID=1096) to work on /home/airflow/.local/lib/python3.12/site-packages/airflow/example_dags/example_latest_only.py
[2025-04-30T00:38:58.341+0000] {processor.py:914} INFO - Processing file /home/airflow/.local/lib/python3.12/site-packages/airflow/example_dags/example_latest_only.py for tasks to queue
[2025-04-30T00:38:58.356+0000] {logging_mixin.py:190} INFO - [2025-04-30T00:38:58.354+0000] {dagbag.py:587} INFO - Filling up the DagBag from /home/airflow/.local/lib/python3.12/site-packages/airflow/example_dags/example_latest_only.py
[2025-04-30T00:38:58.403+0000] {processor.py:925} INFO - DAG(s) 'latest_only' retrieved from /home/airflow/.local/lib/python3.12/site-packages/airflow/example_dags/example_latest_only.py
[2025-04-30T00:38:58.513+0000] {logging_mixin.py:190} INFO - [2025-04-30T00:38:58.512+0000] {dag.py:3211} INFO - Sync 1 DAGs
[2025-04-30T00:38:58.564+0000] {logging_mixin.py:190} INFO - [2025-04-30T00:38:58.564+0000] {dag.py:4138} INFO - Setting next_dagrun for latest_only to 2025-04-29 20:00:00+00:00, run_after=2025-04-30 00:00:00+00:00
[2025-04-30T00:38:58.613+0000] {processor.py:208} INFO - Processing /home/airflow/.local/lib/python3.12/site-packages/airflow/example_dags/example_latest_only.py took 0.313 seconds
[2025-04-30T00:39:28.978+0000] {processor.py:186} INFO - Started process (PID=1159) to work on /home/airflow/.local/lib/python3.12/site-packages/airflow/example_dags/example_latest_only.py
[2025-04-30T00:39:28.980+0000] {processor.py:914} INFO - Processing file /home/airflow/.local/lib/python3.12/site-packages/airflow/example_dags/example_latest_only.py for tasks to queue
[2025-04-30T00:39:28.986+0000] {logging_mixin.py:190} INFO - [2025-04-30T00:39:28.985+0000] {dagbag.py:587} INFO - Filling up the DagBag from /home/airflow/.local/lib/python3.12/site-packages/airflow/example_dags/example_latest_only.py
[2025-04-30T00:39:29.006+0000] {processor.py:925} INFO - DAG(s) 'latest_only' retrieved from /home/airflow/.local/lib/python3.12/site-packages/airflow/example_dags/example_latest_only.py
[2025-04-30T00:39:29.058+0000] {logging_mixin.py:190} INFO - [2025-04-30T00:39:29.057+0000] {dag.py:3211} INFO - Sync 1 DAGs
[2025-04-30T00:39:29.128+0000] {logging_mixin.py:190} INFO - [2025-04-30T00:39:29.127+0000] {dag.py:4138} INFO - Setting next_dagrun for latest_only to 2025-04-29 20:00:00+00:00, run_after=2025-04-30 00:00:00+00:00
[2025-04-30T00:39:29.189+0000] {processor.py:208} INFO - Processing /home/airflow/.local/lib/python3.12/site-packages/airflow/example_dags/example_latest_only.py took 0.225 seconds
[2025-04-30T00:39:59.501+0000] {processor.py:186} INFO - Started process (PID=1223) to work on /home/airflow/.local/lib/python3.12/site-packages/airflow/example_dags/example_latest_only.py
[2025-04-30T00:39:59.503+0000] {processor.py:914} INFO - Processing file /home/airflow/.local/lib/python3.12/site-packages/airflow/example_dags/example_latest_only.py for tasks to queue
[2025-04-30T00:39:59.508+0000] {logging_mixin.py:190} INFO - [2025-04-30T00:39:59.508+0000] {dagbag.py:587} INFO - Filling up the DagBag from /home/airflow/.local/lib/python3.12/site-packages/airflow/example_dags/example_latest_only.py
[2025-04-30T00:39:59.525+0000] {processor.py:925} INFO - DAG(s) 'latest_only' retrieved from /home/airflow/.local/lib/python3.12/site-packages/airflow/example_dags/example_latest_only.py
[2025-04-30T00:39:59.576+0000] {logging_mixin.py:190} INFO - [2025-04-30T00:39:59.575+0000] {dag.py:3211} INFO - Sync 1 DAGs
[2025-04-30T00:39:59.638+0000] {logging_mixin.py:190} INFO - [2025-04-30T00:39:59.638+0000] {dag.py:4138} INFO - Setting next_dagrun for latest_only to 2025-04-29 20:00:00+00:00, run_after=2025-04-30 00:00:00+00:00
[2025-04-30T00:39:59.690+0000] {processor.py:208} INFO - Processing /home/airflow/.local/lib/python3.12/site-packages/airflow/example_dags/example_latest_only.py took 0.202 seconds
[2025-04-30T00:40:30.663+0000] {processor.py:186} INFO - Started process (PID=1286) to work on /home/airflow/.local/lib/python3.12/site-packages/airflow/example_dags/example_latest_only.py
[2025-04-30T00:40:30.667+0000] {processor.py:914} INFO - Processing file /home/airflow/.local/lib/python3.12/site-packages/airflow/example_dags/example_latest_only.py for tasks to queue
[2025-04-30T00:40:30.677+0000] {logging_mixin.py:190} INFO - [2025-04-30T00:40:30.676+0000] {dagbag.py:587} INFO - Filling up the DagBag from /home/airflow/.local/lib/python3.12/site-packages/airflow/example_dags/example_latest_only.py
[2025-04-30T00:40:30.696+0000] {processor.py:925} INFO - DAG(s) 'latest_only' retrieved from /home/airflow/.local/lib/python3.12/site-packages/airflow/example_dags/example_latest_only.py
[2025-04-30T00:40:30.741+0000] {logging_mixin.py:190} INFO - [2025-04-30T00:40:30.741+0000] {dag.py:3211} INFO - Sync 1 DAGs
[2025-04-30T00:40:30.795+0000] {logging_mixin.py:190} INFO - [2025-04-30T00:40:30.794+0000] {dag.py:4138} INFO - Setting next_dagrun for latest_only to 2025-04-29 20:00:00+00:00, run_after=2025-04-30 00:00:00+00:00
[2025-04-30T00:40:30.842+0000] {processor.py:208} INFO - Processing /home/airflow/.local/lib/python3.12/site-packages/airflow/example_dags/example_latest_only.py took 0.217 seconds
[2025-04-30T00:41:01.252+0000] {processor.py:186} INFO - Started process (PID=1355) to work on /home/airflow/.local/lib/python3.12/site-packages/airflow/example_dags/example_latest_only.py
[2025-04-30T00:41:01.254+0000] {processor.py:914} INFO - Processing file /home/airflow/.local/lib/python3.12/site-packages/airflow/example_dags/example_latest_only.py for tasks to queue
[2025-04-30T00:41:01.262+0000] {logging_mixin.py:190} INFO - [2025-04-30T00:41:01.261+0000] {dagbag.py:587} INFO - Filling up the DagBag from /home/airflow/.local/lib/python3.12/site-packages/airflow/example_dags/example_latest_only.py
[2025-04-30T00:41:01.284+0000] {processor.py:925} INFO - DAG(s) 'latest_only' retrieved from /home/airflow/.local/lib/python3.12/site-packages/airflow/example_dags/example_latest_only.py
[2025-04-30T00:41:01.340+0000] {logging_mixin.py:190} INFO - [2025-04-30T00:41:01.339+0000] {dag.py:3211} INFO - Sync 1 DAGs
[2025-04-30T00:41:01.391+0000] {logging_mixin.py:190} INFO - [2025-04-30T00:41:01.390+0000] {dag.py:4138} INFO - Setting next_dagrun for latest_only to 2025-04-29 20:00:00+00:00, run_after=2025-04-30 00:00:00+00:00
[2025-04-30T00:41:01.430+0000] {processor.py:208} INFO - Processing /home/airflow/.local/lib/python3.12/site-packages/airflow/example_dags/example_latest_only.py took 0.189 seconds
[2025-04-30T00:41:31.628+0000] {processor.py:186} INFO - Started process (PID=1418) to work on /home/airflow/.local/lib/python3.12/site-packages/airflow/example_dags/example_latest_only.py
[2025-04-30T00:41:31.630+0000] {processor.py:914} INFO - Processing file /home/airflow/.local/lib/python3.12/site-packages/airflow/example_dags/example_latest_only.py for tasks to queue
[2025-04-30T00:41:31.635+0000] {logging_mixin.py:190} INFO - [2025-04-30T00:41:31.634+0000] {dagbag.py:587} INFO - Filling up the DagBag from /home/airflow/.local/lib/python3.12/site-packages/airflow/example_dags/example_latest_only.py
[2025-04-30T00:41:31.650+0000] {processor.py:925} INFO - DAG(s) 'latest_only' retrieved from /home/airflow/.local/lib/python3.12/site-packages/airflow/example_dags/example_latest_only.py
[2025-04-30T00:41:31.697+0000] {logging_mixin.py:190} INFO - [2025-04-30T00:41:31.697+0000] {dag.py:3211} INFO - Sync 1 DAGs
[2025-04-30T00:41:31.752+0000] {logging_mixin.py:190} INFO - [2025-04-30T00:41:31.752+0000] {dag.py:4138} INFO - Setting next_dagrun for latest_only to 2025-04-29 20:00:00+00:00, run_after=2025-04-30 00:00:00+00:00
[2025-04-30T00:41:31.805+0000] {processor.py:208} INFO - Processing /home/airflow/.local/lib/python3.12/site-packages/airflow/example_dags/example_latest_only.py took 0.189 seconds
[2025-04-30T00:42:02.343+0000] {processor.py:186} INFO - Started process (PID=1485) to work on /home/airflow/.local/lib/python3.12/site-packages/airflow/example_dags/example_latest_only.py
[2025-04-30T00:42:02.347+0000] {processor.py:914} INFO - Processing file /home/airflow/.local/lib/python3.12/site-packages/airflow/example_dags/example_latest_only.py for tasks to queue
[2025-04-30T00:42:02.350+0000] {logging_mixin.py:190} INFO - [2025-04-30T00:42:02.349+0000] {dagbag.py:587} INFO - Filling up the DagBag from /home/airflow/.local/lib/python3.12/site-packages/airflow/example_dags/example_latest_only.py
[2025-04-30T00:42:02.373+0000] {processor.py:925} INFO - DAG(s) 'latest_only' retrieved from /home/airflow/.local/lib/python3.12/site-packages/airflow/example_dags/example_latest_only.py
[2025-04-30T00:42:02.419+0000] {logging_mixin.py:190} INFO - [2025-04-30T00:42:02.418+0000] {dag.py:3211} INFO - Sync 1 DAGs
[2025-04-30T00:42:02.471+0000] {logging_mixin.py:190} INFO - [2025-04-30T00:42:02.470+0000] {dag.py:4138} INFO - Setting next_dagrun for latest_only to 2025-04-29 20:00:00+00:00, run_after=2025-04-30 00:00:00+00:00
[2025-04-30T00:42:02.520+0000] {processor.py:208} INFO - Processing /home/airflow/.local/lib/python3.12/site-packages/airflow/example_dags/example_latest_only.py took 0.192 seconds
[2025-04-30T00:42:32.876+0000] {processor.py:186} INFO - Started process (PID=1548) to work on /home/airflow/.local/lib/python3.12/site-packages/airflow/example_dags/example_latest_only.py
[2025-04-30T00:42:32.887+0000] {processor.py:914} INFO - Processing file /home/airflow/.local/lib/python3.12/site-packages/airflow/example_dags/example_latest_only.py for tasks to queue
[2025-04-30T00:42:32.902+0000] {logging_mixin.py:190} INFO - [2025-04-30T00:42:32.900+0000] {dagbag.py:587} INFO - Filling up the DagBag from /home/airflow/.local/lib/python3.12/site-packages/airflow/example_dags/example_latest_only.py
[2025-04-30T00:42:32.933+0000] {processor.py:925} INFO - DAG(s) 'latest_only' retrieved from /home/airflow/.local/lib/python3.12/site-packages/airflow/example_dags/example_latest_only.py
[2025-04-30T00:42:32.980+0000] {logging_mixin.py:190} INFO - [2025-04-30T00:42:32.979+0000] {dag.py:3211} INFO - Sync 1 DAGs
[2025-04-30T00:42:33.028+0000] {logging_mixin.py:190} INFO - [2025-04-30T00:42:33.027+0000] {dag.py:4138} INFO - Setting next_dagrun for latest_only to 2025-04-29 20:00:00+00:00, run_after=2025-04-30 00:00:00+00:00
[2025-04-30T00:42:33.080+0000] {processor.py:208} INFO - Processing /home/airflow/.local/lib/python3.12/site-packages/airflow/example_dags/example_latest_only.py took 0.234 seconds
[2025-04-30T00:43:03.412+0000] {processor.py:186} INFO - Started process (PID=1611) to work on /home/airflow/.local/lib/python3.12/site-packages/airflow/example_dags/example_latest_only.py
[2025-04-30T00:43:03.415+0000] {processor.py:914} INFO - Processing file /home/airflow/.local/lib/python3.12/site-packages/airflow/example_dags/example_latest_only.py for tasks to queue
[2025-04-30T00:43:03.420+0000] {logging_mixin.py:190} INFO - [2025-04-30T00:43:03.419+0000] {dagbag.py:587} INFO - Filling up the DagBag from /home/airflow/.local/lib/python3.12/site-packages/airflow/example_dags/example_latest_only.py
[2025-04-30T00:43:03.437+0000] {processor.py:925} INFO - DAG(s) 'latest_only' retrieved from /home/airflow/.local/lib/python3.12/site-packages/airflow/example_dags/example_latest_only.py
[2025-04-30T00:43:03.483+0000] {logging_mixin.py:190} INFO - [2025-04-30T00:43:03.483+0000] {dag.py:3211} INFO - Sync 1 DAGs
[2025-04-30T00:43:03.537+0000] {logging_mixin.py:190} INFO - [2025-04-30T00:43:03.537+0000] {dag.py:4138} INFO - Setting next_dagrun for latest_only to 2025-04-29 20:00:00+00:00, run_after=2025-04-30 00:00:00+00:00
[2025-04-30T00:43:03.588+0000] {processor.py:208} INFO - Processing /home/airflow/.local/lib/python3.12/site-packages/airflow/example_dags/example_latest_only.py took 0.192 seconds
[2025-04-30T00:43:33.778+0000] {processor.py:186} INFO - Started process (PID=1674) to work on /home/airflow/.local/lib/python3.12/site-packages/airflow/example_dags/example_latest_only.py
[2025-04-30T00:43:33.783+0000] {processor.py:914} INFO - Processing file /home/airflow/.local/lib/python3.12/site-packages/airflow/example_dags/example_latest_only.py for tasks to queue
[2025-04-30T00:43:33.790+0000] {logging_mixin.py:190} INFO - [2025-04-30T00:43:33.788+0000] {dagbag.py:587} INFO - Filling up the DagBag from /home/airflow/.local/lib/python3.12/site-packages/airflow/example_dags/example_latest_only.py
[2025-04-30T00:43:33.827+0000] {processor.py:925} INFO - DAG(s) 'latest_only' retrieved from /home/airflow/.local/lib/python3.12/site-packages/airflow/example_dags/example_latest_only.py
[2025-04-30T00:43:33.928+0000] {logging_mixin.py:190} INFO - [2025-04-30T00:43:33.926+0000] {dag.py:3211} INFO - Sync 1 DAGs
[2025-04-30T00:43:34.050+0000] {logging_mixin.py:190} INFO - [2025-04-30T00:43:34.049+0000] {dag.py:4138} INFO - Setting next_dagrun for latest_only to 2025-04-29 20:00:00+00:00, run_after=2025-04-30 00:00:00+00:00
[2025-04-30T00:43:34.138+0000] {processor.py:208} INFO - Processing /home/airflow/.local/lib/python3.12/site-packages/airflow/example_dags/example_latest_only.py took 0.391 seconds
[2025-04-30T00:44:05.030+0000] {processor.py:186} INFO - Started process (PID=1737) to work on /home/airflow/.local/lib/python3.12/site-packages/airflow/example_dags/example_latest_only.py
[2025-04-30T00:44:05.031+0000] {processor.py:914} INFO - Processing file /home/airflow/.local/lib/python3.12/site-packages/airflow/example_dags/example_latest_only.py for tasks to queue
[2025-04-30T00:44:05.033+0000] {logging_mixin.py:190} INFO - [2025-04-30T00:44:05.033+0000] {dagbag.py:587} INFO - Filling up the DagBag from /home/airflow/.local/lib/python3.12/site-packages/airflow/example_dags/example_latest_only.py
[2025-04-30T00:44:05.042+0000] {processor.py:925} INFO - DAG(s) 'latest_only' retrieved from /home/airflow/.local/lib/python3.12/site-packages/airflow/example_dags/example_latest_only.py
[2025-04-30T00:44:05.067+0000] {logging_mixin.py:190} INFO - [2025-04-30T00:44:05.066+0000] {dag.py:3211} INFO - Sync 1 DAGs
[2025-04-30T00:44:05.094+0000] {logging_mixin.py:190} INFO - [2025-04-30T00:44:05.094+0000] {dag.py:4138} INFO - Setting next_dagrun for latest_only to 2025-04-29 20:00:00+00:00, run_after=2025-04-30 00:00:00+00:00
[2025-04-30T00:44:05.117+0000] {processor.py:208} INFO - Processing /home/airflow/.local/lib/python3.12/site-packages/airflow/example_dags/example_latest_only.py took 0.094 seconds
[2025-04-30T00:44:35.687+0000] {processor.py:186} INFO - Started process (PID=1800) to work on /home/airflow/.local/lib/python3.12/site-packages/airflow/example_dags/example_latest_only.py
[2025-04-30T00:44:35.688+0000] {processor.py:914} INFO - Processing file /home/airflow/.local/lib/python3.12/site-packages/airflow/example_dags/example_latest_only.py for tasks to queue
[2025-04-30T00:44:35.690+0000] {logging_mixin.py:190} INFO - [2025-04-30T00:44:35.690+0000] {dagbag.py:587} INFO - Filling up the DagBag from /home/airflow/.local/lib/python3.12/site-packages/airflow/example_dags/example_latest_only.py
[2025-04-30T00:44:35.704+0000] {processor.py:925} INFO - DAG(s) 'latest_only' retrieved from /home/airflow/.local/lib/python3.12/site-packages/airflow/example_dags/example_latest_only.py
[2025-04-30T00:44:35.736+0000] {logging_mixin.py:190} INFO - [2025-04-30T00:44:35.735+0000] {dag.py:3211} INFO - Sync 1 DAGs
[2025-04-30T00:44:35.774+0000] {logging_mixin.py:190} INFO - [2025-04-30T00:44:35.774+0000] {dag.py:4138} INFO - Setting next_dagrun for latest_only to 2025-04-29 20:00:00+00:00, run_after=2025-04-30 00:00:00+00:00
[2025-04-30T00:44:35.806+0000] {processor.py:208} INFO - Processing /home/airflow/.local/lib/python3.12/site-packages/airflow/example_dags/example_latest_only.py took 0.130 seconds
[2025-04-30T00:45:06.461+0000] {processor.py:186} INFO - Started process (PID=1863) to work on /home/airflow/.local/lib/python3.12/site-packages/airflow/example_dags/example_latest_only.py
[2025-04-30T00:45:06.462+0000] {processor.py:914} INFO - Processing file /home/airflow/.local/lib/python3.12/site-packages/airflow/example_dags/example_latest_only.py for tasks to queue
[2025-04-30T00:45:06.464+0000] {logging_mixin.py:190} INFO - [2025-04-30T00:45:06.463+0000] {dagbag.py:587} INFO - Filling up the DagBag from /home/airflow/.local/lib/python3.12/site-packages/airflow/example_dags/example_latest_only.py
[2025-04-30T00:45:06.474+0000] {processor.py:925} INFO - DAG(s) 'latest_only' retrieved from /home/airflow/.local/lib/python3.12/site-packages/airflow/example_dags/example_latest_only.py
[2025-04-30T00:45:06.502+0000] {logging_mixin.py:190} INFO - [2025-04-30T00:45:06.502+0000] {dag.py:3211} INFO - Sync 1 DAGs
[2025-04-30T00:45:06.535+0000] {logging_mixin.py:190} INFO - [2025-04-30T00:45:06.535+0000] {dag.py:4138} INFO - Setting next_dagrun for latest_only to 2025-04-29 20:00:00+00:00, run_after=2025-04-30 00:00:00+00:00
[2025-04-30T00:45:06.566+0000] {processor.py:208} INFO - Processing /home/airflow/.local/lib/python3.12/site-packages/airflow/example_dags/example_latest_only.py took 0.113 seconds
[2025-04-30T00:45:37.012+0000] {processor.py:186} INFO - Started process (PID=1926) to work on /home/airflow/.local/lib/python3.12/site-packages/airflow/example_dags/example_latest_only.py
[2025-04-30T00:45:37.014+0000] {processor.py:914} INFO - Processing file /home/airflow/.local/lib/python3.12/site-packages/airflow/example_dags/example_latest_only.py for tasks to queue
[2025-04-30T00:45:37.016+0000] {logging_mixin.py:190} INFO - [2025-04-30T00:45:37.015+0000] {dagbag.py:587} INFO - Filling up the DagBag from /home/airflow/.local/lib/python3.12/site-packages/airflow/example_dags/example_latest_only.py
[2025-04-30T00:45:37.029+0000] {processor.py:925} INFO - DAG(s) 'latest_only' retrieved from /home/airflow/.local/lib/python3.12/site-packages/airflow/example_dags/example_latest_only.py
[2025-04-30T00:45:37.059+0000] {logging_mixin.py:190} INFO - [2025-04-30T00:45:37.059+0000] {dag.py:3211} INFO - Sync 1 DAGs
[2025-04-30T00:45:37.096+0000] {logging_mixin.py:190} INFO - [2025-04-30T00:45:37.096+0000] {dag.py:4138} INFO - Setting next_dagrun for latest_only to 2025-04-29 20:00:00+00:00, run_after=2025-04-30 00:00:00+00:00
[2025-04-30T00:45:37.128+0000] {processor.py:208} INFO - Processing /home/airflow/.local/lib/python3.12/site-packages/airflow/example_dags/example_latest_only.py took 0.124 seconds
[2025-04-30T00:46:07.605+0000] {processor.py:186} INFO - Started process (PID=1989) to work on /home/airflow/.local/lib/python3.12/site-packages/airflow/example_dags/example_latest_only.py
[2025-04-30T00:46:07.606+0000] {processor.py:914} INFO - Processing file /home/airflow/.local/lib/python3.12/site-packages/airflow/example_dags/example_latest_only.py for tasks to queue
[2025-04-30T00:46:07.608+0000] {logging_mixin.py:190} INFO - [2025-04-30T00:46:07.607+0000] {dagbag.py:587} INFO - Filling up the DagBag from /home/airflow/.local/lib/python3.12/site-packages/airflow/example_dags/example_latest_only.py
[2025-04-30T00:46:07.617+0000] {processor.py:925} INFO - DAG(s) 'latest_only' retrieved from /home/airflow/.local/lib/python3.12/site-packages/airflow/example_dags/example_latest_only.py
[2025-04-30T00:46:07.641+0000] {logging_mixin.py:190} INFO - [2025-04-30T00:46:07.641+0000] {dag.py:3211} INFO - Sync 1 DAGs
[2025-04-30T00:46:07.669+0000] {logging_mixin.py:190} INFO - [2025-04-30T00:46:07.669+0000] {dag.py:4138} INFO - Setting next_dagrun for latest_only to 2025-04-29 20:00:00+00:00, run_after=2025-04-30 00:00:00+00:00
[2025-04-30T00:46:07.695+0000] {processor.py:208} INFO - Processing /home/airflow/.local/lib/python3.12/site-packages/airflow/example_dags/example_latest_only.py took 0.097 seconds
[2025-04-30T00:46:37.807+0000] {processor.py:186} INFO - Started process (PID=2052) to work on /home/airflow/.local/lib/python3.12/site-packages/airflow/example_dags/example_latest_only.py
[2025-04-30T00:46:37.808+0000] {processor.py:914} INFO - Processing file /home/airflow/.local/lib/python3.12/site-packages/airflow/example_dags/example_latest_only.py for tasks to queue
[2025-04-30T00:46:37.810+0000] {logging_mixin.py:190} INFO - [2025-04-30T00:46:37.809+0000] {dagbag.py:587} INFO - Filling up the DagBag from /home/airflow/.local/lib/python3.12/site-packages/airflow/example_dags/example_latest_only.py
[2025-04-30T00:46:37.821+0000] {processor.py:925} INFO - DAG(s) 'latest_only' retrieved from /home/airflow/.local/lib/python3.12/site-packages/airflow/example_dags/example_latest_only.py
[2025-04-30T00:46:37.843+0000] {logging_mixin.py:190} INFO - [2025-04-30T00:46:37.843+0000] {dag.py:3211} INFO - Sync 1 DAGs
[2025-04-30T00:46:37.868+0000] {logging_mixin.py:190} INFO - [2025-04-30T00:46:37.868+0000] {dag.py:4138} INFO - Setting next_dagrun for latest_only to 2025-04-29 20:00:00+00:00, run_after=2025-04-30 00:00:00+00:00
[2025-04-30T00:46:37.891+0000] {processor.py:208} INFO - Processing /home/airflow/.local/lib/python3.12/site-packages/airflow/example_dags/example_latest_only.py took 0.091 seconds
[2025-04-30T00:47:08.043+0000] {processor.py:186} INFO - Started process (PID=2115) to work on /home/airflow/.local/lib/python3.12/site-packages/airflow/example_dags/example_latest_only.py
[2025-04-30T00:47:08.045+0000] {processor.py:914} INFO - Processing file /home/airflow/.local/lib/python3.12/site-packages/airflow/example_dags/example_latest_only.py for tasks to queue
[2025-04-30T00:47:08.046+0000] {logging_mixin.py:190} INFO - [2025-04-30T00:47:08.046+0000] {dagbag.py:587} INFO - Filling up the DagBag from /home/airflow/.local/lib/python3.12/site-packages/airflow/example_dags/example_latest_only.py
[2025-04-30T00:47:08.056+0000] {processor.py:925} INFO - DAG(s) 'latest_only' retrieved from /home/airflow/.local/lib/python3.12/site-packages/airflow/example_dags/example_latest_only.py
[2025-04-30T00:47:08.080+0000] {logging_mixin.py:190} INFO - [2025-04-30T00:47:08.079+0000] {dag.py:3211} INFO - Sync 1 DAGs
[2025-04-30T00:47:08.108+0000] {logging_mixin.py:190} INFO - [2025-04-30T00:47:08.108+0000] {dag.py:4138} INFO - Setting next_dagrun for latest_only to 2025-04-29 20:00:00+00:00, run_after=2025-04-30 00:00:00+00:00
[2025-04-30T00:47:08.141+0000] {processor.py:208} INFO - Processing /home/airflow/.local/lib/python3.12/site-packages/airflow/example_dags/example_latest_only.py took 0.105 seconds
[2025-04-30T00:47:39.028+0000] {processor.py:186} INFO - Started process (PID=2178) to work on /home/airflow/.local/lib/python3.12/site-packages/airflow/example_dags/example_latest_only.py
[2025-04-30T00:47:39.030+0000] {processor.py:914} INFO - Processing file /home/airflow/.local/lib/python3.12/site-packages/airflow/example_dags/example_latest_only.py for tasks to queue
[2025-04-30T00:47:39.032+0000] {logging_mixin.py:190} INFO - [2025-04-30T00:47:39.031+0000] {dagbag.py:587} INFO - Filling up the DagBag from /home/airflow/.local/lib/python3.12/site-packages/airflow/example_dags/example_latest_only.py
[2025-04-30T00:47:39.040+0000] {processor.py:925} INFO - DAG(s) 'latest_only' retrieved from /home/airflow/.local/lib/python3.12/site-packages/airflow/example_dags/example_latest_only.py
[2025-04-30T00:47:39.062+0000] {logging_mixin.py:190} INFO - [2025-04-30T00:47:39.062+0000] {dag.py:3211} INFO - Sync 1 DAGs
[2025-04-30T00:47:39.093+0000] {logging_mixin.py:190} INFO - [2025-04-30T00:47:39.093+0000] {dag.py:4138} INFO - Setting next_dagrun for latest_only to 2025-04-29 20:00:00+00:00, run_after=2025-04-30 00:00:00+00:00
[2025-04-30T00:47:39.115+0000] {processor.py:208} INFO - Processing /home/airflow/.local/lib/python3.12/site-packages/airflow/example_dags/example_latest_only.py took 0.093 seconds
[2025-04-30T00:48:09.517+0000] {processor.py:186} INFO - Started process (PID=2241) to work on /home/airflow/.local/lib/python3.12/site-packages/airflow/example_dags/example_latest_only.py
[2025-04-30T00:48:09.518+0000] {processor.py:914} INFO - Processing file /home/airflow/.local/lib/python3.12/site-packages/airflow/example_dags/example_latest_only.py for tasks to queue
[2025-04-30T00:48:09.521+0000] {logging_mixin.py:190} INFO - [2025-04-30T00:48:09.520+0000] {dagbag.py:587} INFO - Filling up the DagBag from /home/airflow/.local/lib/python3.12/site-packages/airflow/example_dags/example_latest_only.py
[2025-04-30T00:48:09.530+0000] {processor.py:925} INFO - DAG(s) 'latest_only' retrieved from /home/airflow/.local/lib/python3.12/site-packages/airflow/example_dags/example_latest_only.py
[2025-04-30T00:48:09.558+0000] {logging_mixin.py:190} INFO - [2025-04-30T00:48:09.557+0000] {dag.py:3211} INFO - Sync 1 DAGs
[2025-04-30T00:48:09.589+0000] {logging_mixin.py:190} INFO - [2025-04-30T00:48:09.589+0000] {dag.py:4138} INFO - Setting next_dagrun for latest_only to 2025-04-29 20:00:00+00:00, run_after=2025-04-30 00:00:00+00:00
[2025-04-30T00:48:09.616+0000] {processor.py:208} INFO - Processing /home/airflow/.local/lib/python3.12/site-packages/airflow/example_dags/example_latest_only.py took 0.108 seconds
[2025-04-30T00:48:39.850+0000] {processor.py:186} INFO - Started process (PID=2304) to work on /home/airflow/.local/lib/python3.12/site-packages/airflow/example_dags/example_latest_only.py
[2025-04-30T00:48:39.852+0000] {processor.py:914} INFO - Processing file /home/airflow/.local/lib/python3.12/site-packages/airflow/example_dags/example_latest_only.py for tasks to queue
[2025-04-30T00:48:39.853+0000] {logging_mixin.py:190} INFO - [2025-04-30T00:48:39.853+0000] {dagbag.py:587} INFO - Filling up the DagBag from /home/airflow/.local/lib/python3.12/site-packages/airflow/example_dags/example_latest_only.py
[2025-04-30T00:48:39.862+0000] {processor.py:925} INFO - DAG(s) 'latest_only' retrieved from /home/airflow/.local/lib/python3.12/site-packages/airflow/example_dags/example_latest_only.py
[2025-04-30T00:48:39.890+0000] {logging_mixin.py:190} INFO - [2025-04-30T00:48:39.889+0000] {dag.py:3211} INFO - Sync 1 DAGs
[2025-04-30T00:48:39.921+0000] {logging_mixin.py:190} INFO - [2025-04-30T00:48:39.921+0000] {dag.py:4138} INFO - Setting next_dagrun for latest_only to 2025-04-29 20:00:00+00:00, run_after=2025-04-30 00:00:00+00:00
[2025-04-30T00:48:39.946+0000] {processor.py:208} INFO - Processing /home/airflow/.local/lib/python3.12/site-packages/airflow/example_dags/example_latest_only.py took 0.105 seconds
[2025-04-30T00:49:10.369+0000] {processor.py:186} INFO - Started process (PID=2373) to work on /home/airflow/.local/lib/python3.12/site-packages/airflow/example_dags/example_latest_only.py
[2025-04-30T00:49:10.370+0000] {processor.py:914} INFO - Processing file /home/airflow/.local/lib/python3.12/site-packages/airflow/example_dags/example_latest_only.py for tasks to queue
[2025-04-30T00:49:10.372+0000] {logging_mixin.py:190} INFO - [2025-04-30T00:49:10.372+0000] {dagbag.py:587} INFO - Filling up the DagBag from /home/airflow/.local/lib/python3.12/site-packages/airflow/example_dags/example_latest_only.py
[2025-04-30T00:49:10.380+0000] {processor.py:925} INFO - DAG(s) 'latest_only' retrieved from /home/airflow/.local/lib/python3.12/site-packages/airflow/example_dags/example_latest_only.py
[2025-04-30T00:49:10.407+0000] {logging_mixin.py:190} INFO - [2025-04-30T00:49:10.407+0000] {dag.py:3211} INFO - Sync 1 DAGs
[2025-04-30T00:49:10.442+0000] {logging_mixin.py:190} INFO - [2025-04-30T00:49:10.441+0000] {dag.py:4138} INFO - Setting next_dagrun for latest_only to 2025-04-29 20:00:00+00:00, run_after=2025-04-30 00:00:00+00:00
[2025-04-30T00:49:10.468+0000] {processor.py:208} INFO - Processing /home/airflow/.local/lib/python3.12/site-packages/airflow/example_dags/example_latest_only.py took 0.106 seconds
[2025-04-30T00:49:40.866+0000] {processor.py:186} INFO - Started process (PID=2436) to work on /home/airflow/.local/lib/python3.12/site-packages/airflow/example_dags/example_latest_only.py
[2025-04-30T00:49:40.867+0000] {processor.py:914} INFO - Processing file /home/airflow/.local/lib/python3.12/site-packages/airflow/example_dags/example_latest_only.py for tasks to queue
[2025-04-30T00:49:40.868+0000] {logging_mixin.py:190} INFO - [2025-04-30T00:49:40.868+0000] {dagbag.py:587} INFO - Filling up the DagBag from /home/airflow/.local/lib/python3.12/site-packages/airflow/example_dags/example_latest_only.py
[2025-04-30T00:49:40.877+0000] {processor.py:925} INFO - DAG(s) 'latest_only' retrieved from /home/airflow/.local/lib/python3.12/site-packages/airflow/example_dags/example_latest_only.py
[2025-04-30T00:49:40.899+0000] {logging_mixin.py:190} INFO - [2025-04-30T00:49:40.899+0000] {dag.py:3211} INFO - Sync 1 DAGs
[2025-04-30T00:49:40.923+0000] {logging_mixin.py:190} INFO - [2025-04-30T00:49:40.923+0000] {dag.py:4138} INFO - Setting next_dagrun for latest_only to 2025-04-29 20:00:00+00:00, run_after=2025-04-30 00:00:00+00:00
[2025-04-30T00:49:40.953+0000] {processor.py:208} INFO - Processing /home/airflow/.local/lib/python3.12/site-packages/airflow/example_dags/example_latest_only.py took 0.094 seconds
[2025-04-30T00:50:11.180+0000] {processor.py:186} INFO - Started process (PID=2500) to work on /home/airflow/.local/lib/python3.12/site-packages/airflow/example_dags/example_latest_only.py
[2025-04-30T00:50:11.181+0000] {processor.py:914} INFO - Processing file /home/airflow/.local/lib/python3.12/site-packages/airflow/example_dags/example_latest_only.py for tasks to queue
[2025-04-30T00:50:11.183+0000] {logging_mixin.py:190} INFO - [2025-04-30T00:50:11.182+0000] {dagbag.py:587} INFO - Filling up the DagBag from /home/airflow/.local/lib/python3.12/site-packages/airflow/example_dags/example_latest_only.py
[2025-04-30T00:50:11.192+0000] {processor.py:925} INFO - DAG(s) 'latest_only' retrieved from /home/airflow/.local/lib/python3.12/site-packages/airflow/example_dags/example_latest_only.py
[2025-04-30T00:50:11.214+0000] {logging_mixin.py:190} INFO - [2025-04-30T00:50:11.213+0000] {dag.py:3211} INFO - Sync 1 DAGs
[2025-04-30T00:50:11.238+0000] {logging_mixin.py:190} INFO - [2025-04-30T00:50:11.238+0000] {dag.py:4138} INFO - Setting next_dagrun for latest_only to 2025-04-29 20:00:00+00:00, run_after=2025-04-30 00:00:00+00:00
[2025-04-30T00:50:11.270+0000] {processor.py:208} INFO - Processing /home/airflow/.local/lib/python3.12/site-packages/airflow/example_dags/example_latest_only.py took 0.097 seconds
[2025-04-30T00:50:42.188+0000] {processor.py:186} INFO - Started process (PID=2563) to work on /home/airflow/.local/lib/python3.12/site-packages/airflow/example_dags/example_latest_only.py
[2025-04-30T00:50:42.189+0000] {processor.py:914} INFO - Processing file /home/airflow/.local/lib/python3.12/site-packages/airflow/example_dags/example_latest_only.py for tasks to queue
[2025-04-30T00:50:42.191+0000] {logging_mixin.py:190} INFO - [2025-04-30T00:50:42.190+0000] {dagbag.py:587} INFO - Filling up the DagBag from /home/airflow/.local/lib/python3.12/site-packages/airflow/example_dags/example_latest_only.py
[2025-04-30T00:50:42.199+0000] {processor.py:925} INFO - DAG(s) 'latest_only' retrieved from /home/airflow/.local/lib/python3.12/site-packages/airflow/example_dags/example_latest_only.py
[2025-04-30T00:50:42.222+0000] {logging_mixin.py:190} INFO - [2025-04-30T00:50:42.221+0000] {dag.py:3211} INFO - Sync 1 DAGs
[2025-04-30T00:50:42.247+0000] {logging_mixin.py:190} INFO - [2025-04-30T00:50:42.247+0000] {dag.py:4138} INFO - Setting next_dagrun for latest_only to 2025-04-29 20:00:00+00:00, run_after=2025-04-30 00:00:00+00:00
[2025-04-30T00:50:42.269+0000] {processor.py:208} INFO - Processing /home/airflow/.local/lib/python3.12/site-packages/airflow/example_dags/example_latest_only.py took 0.089 seconds
[2025-04-30T00:51:12.804+0000] {processor.py:186} INFO - Started process (PID=2626) to work on /home/airflow/.local/lib/python3.12/site-packages/airflow/example_dags/example_latest_only.py
[2025-04-30T00:51:12.805+0000] {processor.py:914} INFO - Processing file /home/airflow/.local/lib/python3.12/site-packages/airflow/example_dags/example_latest_only.py for tasks to queue
[2025-04-30T00:51:12.807+0000] {logging_mixin.py:190} INFO - [2025-04-30T00:51:12.806+0000] {dagbag.py:587} INFO - Filling up the DagBag from /home/airflow/.local/lib/python3.12/site-packages/airflow/example_dags/example_latest_only.py
[2025-04-30T00:51:12.816+0000] {processor.py:925} INFO - DAG(s) 'latest_only' retrieved from /home/airflow/.local/lib/python3.12/site-packages/airflow/example_dags/example_latest_only.py
[2025-04-30T00:51:12.843+0000] {logging_mixin.py:190} INFO - [2025-04-30T00:51:12.843+0000] {dag.py:3211} INFO - Sync 1 DAGs
[2025-04-30T00:51:12.873+0000] {logging_mixin.py:190} INFO - [2025-04-30T00:51:12.872+0000] {dag.py:4138} INFO - Setting next_dagrun for latest_only to 2025-04-29 20:00:00+00:00, run_after=2025-04-30 00:00:00+00:00
[2025-04-30T00:51:12.905+0000] {processor.py:208} INFO - Processing /home/airflow/.local/lib/python3.12/site-packages/airflow/example_dags/example_latest_only.py took 0.108 seconds
[2025-04-30T00:51:43.355+0000] {processor.py:186} INFO - Started process (PID=2689) to work on /home/airflow/.local/lib/python3.12/site-packages/airflow/example_dags/example_latest_only.py
[2025-04-30T00:51:43.356+0000] {processor.py:914} INFO - Processing file /home/airflow/.local/lib/python3.12/site-packages/airflow/example_dags/example_latest_only.py for tasks to queue
[2025-04-30T00:51:43.358+0000] {logging_mixin.py:190} INFO - [2025-04-30T00:51:43.357+0000] {dagbag.py:587} INFO - Filling up the DagBag from /home/airflow/.local/lib/python3.12/site-packages/airflow/example_dags/example_latest_only.py
[2025-04-30T00:51:43.368+0000] {processor.py:925} INFO - DAG(s) 'latest_only' retrieved from /home/airflow/.local/lib/python3.12/site-packages/airflow/example_dags/example_latest_only.py
[2025-04-30T00:51:43.392+0000] {logging_mixin.py:190} INFO - [2025-04-30T00:51:43.391+0000] {dag.py:3211} INFO - Sync 1 DAGs
[2025-04-30T00:51:43.417+0000] {logging_mixin.py:190} INFO - [2025-04-30T00:51:43.417+0000] {dag.py:4138} INFO - Setting next_dagrun for latest_only to 2025-04-29 20:00:00+00:00, run_after=2025-04-30 00:00:00+00:00
[2025-04-30T00:51:43.446+0000] {processor.py:208} INFO - Processing /home/airflow/.local/lib/python3.12/site-packages/airflow/example_dags/example_latest_only.py took 0.101 seconds
[2025-04-30T00:59:30.565+0000] {processor.py:186} INFO - Started process (PID=2717) to work on /home/airflow/.local/lib/python3.12/site-packages/airflow/example_dags/example_latest_only.py
[2025-04-30T00:59:30.566+0000] {processor.py:914} INFO - Processing file /home/airflow/.local/lib/python3.12/site-packages/airflow/example_dags/example_latest_only.py for tasks to queue
[2025-04-30T00:59:30.568+0000] {logging_mixin.py:190} INFO - [2025-04-30T00:59:30.568+0000] {dagbag.py:587} INFO - Filling up the DagBag from /home/airflow/.local/lib/python3.12/site-packages/airflow/example_dags/example_latest_only.py
[2025-04-30T00:59:30.584+0000] {processor.py:925} INFO - DAG(s) 'latest_only' retrieved from /home/airflow/.local/lib/python3.12/site-packages/airflow/example_dags/example_latest_only.py
[2025-04-30T00:59:30.630+0000] {logging_mixin.py:190} INFO - [2025-04-30T00:59:30.629+0000] {dag.py:3211} INFO - Sync 1 DAGs
[2025-04-30T00:59:30.686+0000] {logging_mixin.py:190} INFO - [2025-04-30T00:59:30.686+0000] {dag.py:4138} INFO - Setting next_dagrun for latest_only to 2025-04-29 20:00:00+00:00, run_after=2025-04-30 00:00:00+00:00
[2025-04-30T00:59:30.736+0000] {processor.py:208} INFO - Processing /home/airflow/.local/lib/python3.12/site-packages/airflow/example_dags/example_latest_only.py took 0.182 seconds
[2025-04-30T01:00:00.796+0000] {processor.py:186} INFO - Started process (PID=2780) to work on /home/airflow/.local/lib/python3.12/site-packages/airflow/example_dags/example_latest_only.py
[2025-04-30T01:00:00.797+0000] {processor.py:914} INFO - Processing file /home/airflow/.local/lib/python3.12/site-packages/airflow/example_dags/example_latest_only.py for tasks to queue
[2025-04-30T01:00:00.798+0000] {logging_mixin.py:190} INFO - [2025-04-30T01:00:00.798+0000] {dagbag.py:587} INFO - Filling up the DagBag from /home/airflow/.local/lib/python3.12/site-packages/airflow/example_dags/example_latest_only.py
[2025-04-30T01:00:00.808+0000] {processor.py:925} INFO - DAG(s) 'latest_only' retrieved from /home/airflow/.local/lib/python3.12/site-packages/airflow/example_dags/example_latest_only.py
[2025-04-30T01:00:00.830+0000] {logging_mixin.py:190} INFO - [2025-04-30T01:00:00.830+0000] {dag.py:3211} INFO - Sync 1 DAGs
[2025-04-30T01:00:00.856+0000] {logging_mixin.py:190} INFO - [2025-04-30T01:00:00.856+0000] {dag.py:4138} INFO - Setting next_dagrun for latest_only to 2025-04-29 20:00:00+00:00, run_after=2025-04-30 00:00:00+00:00
[2025-04-30T01:00:00.875+0000] {processor.py:208} INFO - Processing /home/airflow/.local/lib/python3.12/site-packages/airflow/example_dags/example_latest_only.py took 0.086 seconds
[2025-04-30T01:00:31.446+0000] {processor.py:186} INFO - Started process (PID=2841) to work on /home/airflow/.local/lib/python3.12/site-packages/airflow/example_dags/example_latest_only.py
[2025-04-30T01:00:31.448+0000] {processor.py:914} INFO - Processing file /home/airflow/.local/lib/python3.12/site-packages/airflow/example_dags/example_latest_only.py for tasks to queue
[2025-04-30T01:00:31.450+0000] {logging_mixin.py:190} INFO - [2025-04-30T01:00:31.449+0000] {dagbag.py:587} INFO - Filling up the DagBag from /home/airflow/.local/lib/python3.12/site-packages/airflow/example_dags/example_latest_only.py
[2025-04-30T01:00:31.462+0000] {processor.py:925} INFO - DAG(s) 'latest_only' retrieved from /home/airflow/.local/lib/python3.12/site-packages/airflow/example_dags/example_latest_only.py
[2025-04-30T01:00:31.488+0000] {logging_mixin.py:190} INFO - [2025-04-30T01:00:31.487+0000] {dag.py:3211} INFO - Sync 1 DAGs
[2025-04-30T01:00:31.521+0000] {logging_mixin.py:190} INFO - [2025-04-30T01:00:31.520+0000] {dag.py:4138} INFO - Setting next_dagrun for latest_only to 2025-04-29 20:00:00+00:00, run_after=2025-04-30 00:00:00+00:00
[2025-04-30T01:00:31.548+0000] {processor.py:208} INFO - Processing /home/airflow/.local/lib/python3.12/site-packages/airflow/example_dags/example_latest_only.py took 0.110 seconds
[2025-04-30T01:01:02.687+0000] {processor.py:186} INFO - Started process (PID=2902) to work on /home/airflow/.local/lib/python3.12/site-packages/airflow/example_dags/example_latest_only.py
[2025-04-30T01:01:02.689+0000] {processor.py:914} INFO - Processing file /home/airflow/.local/lib/python3.12/site-packages/airflow/example_dags/example_latest_only.py for tasks to queue
[2025-04-30T01:01:02.690+0000] {logging_mixin.py:190} INFO - [2025-04-30T01:01:02.690+0000] {dagbag.py:587} INFO - Filling up the DagBag from /home/airflow/.local/lib/python3.12/site-packages/airflow/example_dags/example_latest_only.py
[2025-04-30T01:01:02.699+0000] {processor.py:925} INFO - DAG(s) 'latest_only' retrieved from /home/airflow/.local/lib/python3.12/site-packages/airflow/example_dags/example_latest_only.py
[2025-04-30T01:01:02.723+0000] {logging_mixin.py:190} INFO - [2025-04-30T01:01:02.723+0000] {dag.py:3211} INFO - Sync 1 DAGs
[2025-04-30T01:01:02.750+0000] {logging_mixin.py:190} INFO - [2025-04-30T01:01:02.750+0000] {dag.py:4138} INFO - Setting next_dagrun for latest_only to 2025-04-29 20:00:00+00:00, run_after=2025-04-30 00:00:00+00:00
[2025-04-30T01:01:02.966+0000] {processor.py:208} INFO - Processing /home/airflow/.local/lib/python3.12/site-packages/airflow/example_dags/example_latest_only.py took 0.286 seconds
[2025-04-30T01:01:33.167+0000] {processor.py:186} INFO - Started process (PID=2966) to work on /home/airflow/.local/lib/python3.12/site-packages/airflow/example_dags/example_latest_only.py
[2025-04-30T01:01:33.169+0000] {processor.py:914} INFO - Processing file /home/airflow/.local/lib/python3.12/site-packages/airflow/example_dags/example_latest_only.py for tasks to queue
[2025-04-30T01:01:33.171+0000] {logging_mixin.py:190} INFO - [2025-04-30T01:01:33.171+0000] {dagbag.py:587} INFO - Filling up the DagBag from /home/airflow/.local/lib/python3.12/site-packages/airflow/example_dags/example_latest_only.py
[2025-04-30T01:01:33.185+0000] {processor.py:925} INFO - DAG(s) 'latest_only' retrieved from /home/airflow/.local/lib/python3.12/site-packages/airflow/example_dags/example_latest_only.py
[2025-04-30T01:01:33.215+0000] {logging_mixin.py:190} INFO - [2025-04-30T01:01:33.214+0000] {dag.py:3211} INFO - Sync 1 DAGs
[2025-04-30T01:01:33.248+0000] {logging_mixin.py:190} INFO - [2025-04-30T01:01:33.248+0000] {dag.py:4138} INFO - Setting next_dagrun for latest_only to 2025-04-29 20:00:00+00:00, run_after=2025-04-30 00:00:00+00:00
[2025-04-30T01:01:33.272+0000] {processor.py:208} INFO - Processing /home/airflow/.local/lib/python3.12/site-packages/airflow/example_dags/example_latest_only.py took 0.111 seconds
[2025-04-30T01:02:03.465+0000] {processor.py:186} INFO - Started process (PID=3035) to work on /home/airflow/.local/lib/python3.12/site-packages/airflow/example_dags/example_latest_only.py
[2025-04-30T01:02:03.466+0000] {processor.py:914} INFO - Processing file /home/airflow/.local/lib/python3.12/site-packages/airflow/example_dags/example_latest_only.py for tasks to queue
[2025-04-30T01:02:03.468+0000] {logging_mixin.py:190} INFO - [2025-04-30T01:02:03.467+0000] {dagbag.py:587} INFO - Filling up the DagBag from /home/airflow/.local/lib/python3.12/site-packages/airflow/example_dags/example_latest_only.py
[2025-04-30T01:02:03.476+0000] {processor.py:925} INFO - DAG(s) 'latest_only' retrieved from /home/airflow/.local/lib/python3.12/site-packages/airflow/example_dags/example_latest_only.py
[2025-04-30T01:02:03.497+0000] {logging_mixin.py:190} INFO - [2025-04-30T01:02:03.497+0000] {dag.py:3211} INFO - Sync 1 DAGs
[2025-04-30T01:02:03.521+0000] {logging_mixin.py:190} INFO - [2025-04-30T01:02:03.521+0000] {dag.py:4138} INFO - Setting next_dagrun for latest_only to 2025-04-29 20:00:00+00:00, run_after=2025-04-30 00:00:00+00:00
[2025-04-30T01:02:03.543+0000] {processor.py:208} INFO - Processing /home/airflow/.local/lib/python3.12/site-packages/airflow/example_dags/example_latest_only.py took 0.084 seconds
[2025-04-30T01:02:33.889+0000] {processor.py:186} INFO - Started process (PID=3097) to work on /home/airflow/.local/lib/python3.12/site-packages/airflow/example_dags/example_latest_only.py
[2025-04-30T01:02:33.890+0000] {processor.py:914} INFO - Processing file /home/airflow/.local/lib/python3.12/site-packages/airflow/example_dags/example_latest_only.py for tasks to queue
[2025-04-30T01:02:33.892+0000] {logging_mixin.py:190} INFO - [2025-04-30T01:02:33.892+0000] {dagbag.py:587} INFO - Filling up the DagBag from /home/airflow/.local/lib/python3.12/site-packages/airflow/example_dags/example_latest_only.py
[2025-04-30T01:02:33.901+0000] {processor.py:925} INFO - DAG(s) 'latest_only' retrieved from /home/airflow/.local/lib/python3.12/site-packages/airflow/example_dags/example_latest_only.py
[2025-04-30T01:02:33.926+0000] {logging_mixin.py:190} INFO - [2025-04-30T01:02:33.925+0000] {dag.py:3211} INFO - Sync 1 DAGs
[2025-04-30T01:02:33.958+0000] {logging_mixin.py:190} INFO - [2025-04-30T01:02:33.958+0000] {dag.py:4138} INFO - Setting next_dagrun for latest_only to 2025-04-29 20:00:00+00:00, run_after=2025-04-30 00:00:00+00:00
[2025-04-30T01:02:33.984+0000] {processor.py:208} INFO - Processing /home/airflow/.local/lib/python3.12/site-packages/airflow/example_dags/example_latest_only.py took 0.102 seconds
[2025-04-30T01:03:04.564+0000] {processor.py:186} INFO - Started process (PID=3160) to work on /home/airflow/.local/lib/python3.12/site-packages/airflow/example_dags/example_latest_only.py
[2025-04-30T01:03:04.565+0000] {processor.py:914} INFO - Processing file /home/airflow/.local/lib/python3.12/site-packages/airflow/example_dags/example_latest_only.py for tasks to queue
[2025-04-30T01:03:04.567+0000] {logging_mixin.py:190} INFO - [2025-04-30T01:03:04.567+0000] {dagbag.py:587} INFO - Filling up the DagBag from /home/airflow/.local/lib/python3.12/site-packages/airflow/example_dags/example_latest_only.py
[2025-04-30T01:03:04.577+0000] {processor.py:925} INFO - DAG(s) 'latest_only' retrieved from /home/airflow/.local/lib/python3.12/site-packages/airflow/example_dags/example_latest_only.py
[2025-04-30T01:03:04.601+0000] {logging_mixin.py:190} INFO - [2025-04-30T01:03:04.601+0000] {dag.py:3211} INFO - Sync 1 DAGs
[2025-04-30T01:03:04.809+0000] {logging_mixin.py:190} INFO - [2025-04-30T01:03:04.809+0000] {dag.py:4138} INFO - Setting next_dagrun for latest_only to 2025-04-29 20:00:00+00:00, run_after=2025-04-30 00:00:00+00:00
[2025-04-30T01:03:04.836+0000] {processor.py:208} INFO - Processing /home/airflow/.local/lib/python3.12/site-packages/airflow/example_dags/example_latest_only.py took 0.280 seconds
[2025-04-30T01:03:35.088+0000] {processor.py:186} INFO - Started process (PID=3223) to work on /home/airflow/.local/lib/python3.12/site-packages/airflow/example_dags/example_latest_only.py
[2025-04-30T01:03:35.089+0000] {processor.py:914} INFO - Processing file /home/airflow/.local/lib/python3.12/site-packages/airflow/example_dags/example_latest_only.py for tasks to queue
[2025-04-30T01:03:35.091+0000] {logging_mixin.py:190} INFO - [2025-04-30T01:03:35.091+0000] {dagbag.py:587} INFO - Filling up the DagBag from /home/airflow/.local/lib/python3.12/site-packages/airflow/example_dags/example_latest_only.py
[2025-04-30T01:03:35.101+0000] {processor.py:925} INFO - DAG(s) 'latest_only' retrieved from /home/airflow/.local/lib/python3.12/site-packages/airflow/example_dags/example_latest_only.py
[2025-04-30T01:03:35.125+0000] {logging_mixin.py:190} INFO - [2025-04-30T01:03:35.125+0000] {dag.py:3211} INFO - Sync 1 DAGs
[2025-04-30T01:03:35.327+0000] {logging_mixin.py:190} INFO - [2025-04-30T01:03:35.326+0000] {dag.py:4138} INFO - Setting next_dagrun for latest_only to 2025-04-29 20:00:00+00:00, run_after=2025-04-30 00:00:00+00:00
[2025-04-30T01:03:35.355+0000] {processor.py:208} INFO - Processing /home/airflow/.local/lib/python3.12/site-packages/airflow/example_dags/example_latest_only.py took 0.275 seconds
[2025-04-30T01:04:05.493+0000] {processor.py:186} INFO - Started process (PID=3286) to work on /home/airflow/.local/lib/python3.12/site-packages/airflow/example_dags/example_latest_only.py
[2025-04-30T01:04:05.494+0000] {processor.py:914} INFO - Processing file /home/airflow/.local/lib/python3.12/site-packages/airflow/example_dags/example_latest_only.py for tasks to queue
[2025-04-30T01:04:05.496+0000] {logging_mixin.py:190} INFO - [2025-04-30T01:04:05.496+0000] {dagbag.py:587} INFO - Filling up the DagBag from /home/airflow/.local/lib/python3.12/site-packages/airflow/example_dags/example_latest_only.py
[2025-04-30T01:04:05.507+0000] {processor.py:925} INFO - DAG(s) 'latest_only' retrieved from /home/airflow/.local/lib/python3.12/site-packages/airflow/example_dags/example_latest_only.py
[2025-04-30T01:04:05.529+0000] {logging_mixin.py:190} INFO - [2025-04-30T01:04:05.529+0000] {dag.py:3211} INFO - Sync 1 DAGs
[2025-04-30T01:04:05.736+0000] {logging_mixin.py:190} INFO - [2025-04-30T01:04:05.735+0000] {dag.py:4138} INFO - Setting next_dagrun for latest_only to 2025-04-29 20:00:00+00:00, run_after=2025-04-30 00:00:00+00:00
[2025-04-30T01:04:05.765+0000] {processor.py:208} INFO - Processing /home/airflow/.local/lib/python3.12/site-packages/airflow/example_dags/example_latest_only.py took 0.279 seconds
[2025-04-30T01:04:36.208+0000] {processor.py:186} INFO - Started process (PID=3349) to work on /home/airflow/.local/lib/python3.12/site-packages/airflow/example_dags/example_latest_only.py
[2025-04-30T01:04:36.210+0000] {processor.py:914} INFO - Processing file /home/airflow/.local/lib/python3.12/site-packages/airflow/example_dags/example_latest_only.py for tasks to queue
[2025-04-30T01:04:36.211+0000] {logging_mixin.py:190} INFO - [2025-04-30T01:04:36.211+0000] {dagbag.py:587} INFO - Filling up the DagBag from /home/airflow/.local/lib/python3.12/site-packages/airflow/example_dags/example_latest_only.py
[2025-04-30T01:04:36.225+0000] {processor.py:925} INFO - DAG(s) 'latest_only' retrieved from /home/airflow/.local/lib/python3.12/site-packages/airflow/example_dags/example_latest_only.py
[2025-04-30T01:04:36.251+0000] {logging_mixin.py:190} INFO - [2025-04-30T01:04:36.251+0000] {dag.py:3211} INFO - Sync 1 DAGs
[2025-04-30T01:04:36.280+0000] {logging_mixin.py:190} INFO - [2025-04-30T01:04:36.280+0000] {dag.py:4138} INFO - Setting next_dagrun for latest_only to 2025-04-29 20:00:00+00:00, run_after=2025-04-30 00:00:00+00:00
[2025-04-30T01:04:36.304+0000] {processor.py:208} INFO - Processing /home/airflow/.local/lib/python3.12/site-packages/airflow/example_dags/example_latest_only.py took 0.104 seconds
[2025-04-30T01:05:07.152+0000] {processor.py:186} INFO - Started process (PID=3412) to work on /home/airflow/.local/lib/python3.12/site-packages/airflow/example_dags/example_latest_only.py
[2025-04-30T01:05:07.153+0000] {processor.py:914} INFO - Processing file /home/airflow/.local/lib/python3.12/site-packages/airflow/example_dags/example_latest_only.py for tasks to queue
[2025-04-30T01:05:07.155+0000] {logging_mixin.py:190} INFO - [2025-04-30T01:05:07.155+0000] {dagbag.py:587} INFO - Filling up the DagBag from /home/airflow/.local/lib/python3.12/site-packages/airflow/example_dags/example_latest_only.py
[2025-04-30T01:05:07.166+0000] {processor.py:925} INFO - DAG(s) 'latest_only' retrieved from /home/airflow/.local/lib/python3.12/site-packages/airflow/example_dags/example_latest_only.py
[2025-04-30T01:05:07.190+0000] {logging_mixin.py:190} INFO - [2025-04-30T01:05:07.190+0000] {dag.py:3211} INFO - Sync 1 DAGs
[2025-04-30T01:05:07.221+0000] {logging_mixin.py:190} INFO - [2025-04-30T01:05:07.220+0000] {dag.py:4138} INFO - Setting next_dagrun for latest_only to 2025-04-29 20:00:00+00:00, run_after=2025-04-30 00:00:00+00:00
[2025-04-30T01:05:07.243+0000] {processor.py:208} INFO - Processing /home/airflow/.local/lib/python3.12/site-packages/airflow/example_dags/example_latest_only.py took 0.098 seconds
[2025-04-30T01:05:37.636+0000] {processor.py:186} INFO - Started process (PID=3475) to work on /home/airflow/.local/lib/python3.12/site-packages/airflow/example_dags/example_latest_only.py
[2025-04-30T01:05:37.637+0000] {processor.py:914} INFO - Processing file /home/airflow/.local/lib/python3.12/site-packages/airflow/example_dags/example_latest_only.py for tasks to queue
[2025-04-30T01:05:37.639+0000] {logging_mixin.py:190} INFO - [2025-04-30T01:05:37.639+0000] {dagbag.py:587} INFO - Filling up the DagBag from /home/airflow/.local/lib/python3.12/site-packages/airflow/example_dags/example_latest_only.py
[2025-04-30T01:05:37.648+0000] {processor.py:925} INFO - DAG(s) 'latest_only' retrieved from /home/airflow/.local/lib/python3.12/site-packages/airflow/example_dags/example_latest_only.py
[2025-04-30T01:05:37.670+0000] {logging_mixin.py:190} INFO - [2025-04-30T01:05:37.669+0000] {dag.py:3211} INFO - Sync 1 DAGs
[2025-04-30T01:05:37.696+0000] {logging_mixin.py:190} INFO - [2025-04-30T01:05:37.695+0000] {dag.py:4138} INFO - Setting next_dagrun for latest_only to 2025-04-29 20:00:00+00:00, run_after=2025-04-30 00:00:00+00:00
[2025-04-30T01:05:37.716+0000] {processor.py:208} INFO - Processing /home/airflow/.local/lib/python3.12/site-packages/airflow/example_dags/example_latest_only.py took 0.087 seconds
[2025-04-30T01:06:08.483+0000] {processor.py:186} INFO - Started process (PID=3538) to work on /home/airflow/.local/lib/python3.12/site-packages/airflow/example_dags/example_latest_only.py
[2025-04-30T01:06:08.484+0000] {processor.py:914} INFO - Processing file /home/airflow/.local/lib/python3.12/site-packages/airflow/example_dags/example_latest_only.py for tasks to queue
[2025-04-30T01:06:08.486+0000] {logging_mixin.py:190} INFO - [2025-04-30T01:06:08.486+0000] {dagbag.py:587} INFO - Filling up the DagBag from /home/airflow/.local/lib/python3.12/site-packages/airflow/example_dags/example_latest_only.py
[2025-04-30T01:06:08.495+0000] {processor.py:925} INFO - DAG(s) 'latest_only' retrieved from /home/airflow/.local/lib/python3.12/site-packages/airflow/example_dags/example_latest_only.py
[2025-04-30T01:06:08.517+0000] {logging_mixin.py:190} INFO - [2025-04-30T01:06:08.517+0000] {dag.py:3211} INFO - Sync 1 DAGs
[2025-04-30T01:06:08.542+0000] {logging_mixin.py:190} INFO - [2025-04-30T01:06:08.542+0000] {dag.py:4138} INFO - Setting next_dagrun for latest_only to 2025-04-29 20:00:00+00:00, run_after=2025-04-30 00:00:00+00:00
[2025-04-30T01:06:08.563+0000] {processor.py:208} INFO - Processing /home/airflow/.local/lib/python3.12/site-packages/airflow/example_dags/example_latest_only.py took 0.087 seconds
[2025-04-30T01:06:38.663+0000] {processor.py:186} INFO - Started process (PID=3601) to work on /home/airflow/.local/lib/python3.12/site-packages/airflow/example_dags/example_latest_only.py
[2025-04-30T01:06:38.665+0000] {processor.py:914} INFO - Processing file /home/airflow/.local/lib/python3.12/site-packages/airflow/example_dags/example_latest_only.py for tasks to queue
[2025-04-30T01:06:38.667+0000] {logging_mixin.py:190} INFO - [2025-04-30T01:06:38.666+0000] {dagbag.py:587} INFO - Filling up the DagBag from /home/airflow/.local/lib/python3.12/site-packages/airflow/example_dags/example_latest_only.py
[2025-04-30T01:06:38.678+0000] {processor.py:925} INFO - DAG(s) 'latest_only' retrieved from /home/airflow/.local/lib/python3.12/site-packages/airflow/example_dags/example_latest_only.py
[2025-04-30T01:06:38.705+0000] {logging_mixin.py:190} INFO - [2025-04-30T01:06:38.705+0000] {dag.py:3211} INFO - Sync 1 DAGs
[2025-04-30T01:06:38.738+0000] {logging_mixin.py:190} INFO - [2025-04-30T01:06:38.737+0000] {dag.py:4138} INFO - Setting next_dagrun for latest_only to 2025-04-29 20:00:00+00:00, run_after=2025-04-30 00:00:00+00:00
[2025-04-30T01:06:38.760+0000] {processor.py:208} INFO - Processing /home/airflow/.local/lib/python3.12/site-packages/airflow/example_dags/example_latest_only.py took 0.106 seconds
[2025-04-30T01:07:08.854+0000] {processor.py:186} INFO - Started process (PID=3664) to work on /home/airflow/.local/lib/python3.12/site-packages/airflow/example_dags/example_latest_only.py
[2025-04-30T01:07:08.856+0000] {processor.py:914} INFO - Processing file /home/airflow/.local/lib/python3.12/site-packages/airflow/example_dags/example_latest_only.py for tasks to queue
[2025-04-30T01:07:08.857+0000] {logging_mixin.py:190} INFO - [2025-04-30T01:07:08.857+0000] {dagbag.py:587} INFO - Filling up the DagBag from /home/airflow/.local/lib/python3.12/site-packages/airflow/example_dags/example_latest_only.py
[2025-04-30T01:07:08.867+0000] {processor.py:925} INFO - DAG(s) 'latest_only' retrieved from /home/airflow/.local/lib/python3.12/site-packages/airflow/example_dags/example_latest_only.py
[2025-04-30T01:07:08.889+0000] {logging_mixin.py:190} INFO - [2025-04-30T01:07:08.889+0000] {dag.py:3211} INFO - Sync 1 DAGs
[2025-04-30T01:07:08.921+0000] {logging_mixin.py:190} INFO - [2025-04-30T01:07:08.921+0000] {dag.py:4138} INFO - Setting next_dagrun for latest_only to 2025-04-29 20:00:00+00:00, run_after=2025-04-30 00:00:00+00:00
[2025-04-30T01:07:08.944+0000] {processor.py:208} INFO - Processing /home/airflow/.local/lib/python3.12/site-packages/airflow/example_dags/example_latest_only.py took 0.097 seconds
[2025-04-30T01:07:39.159+0000] {processor.py:186} INFO - Started process (PID=3727) to work on /home/airflow/.local/lib/python3.12/site-packages/airflow/example_dags/example_latest_only.py
[2025-04-30T01:07:39.160+0000] {processor.py:914} INFO - Processing file /home/airflow/.local/lib/python3.12/site-packages/airflow/example_dags/example_latest_only.py for tasks to queue
[2025-04-30T01:07:39.162+0000] {logging_mixin.py:190} INFO - [2025-04-30T01:07:39.161+0000] {dagbag.py:587} INFO - Filling up the DagBag from /home/airflow/.local/lib/python3.12/site-packages/airflow/example_dags/example_latest_only.py
[2025-04-30T01:07:39.172+0000] {processor.py:925} INFO - DAG(s) 'latest_only' retrieved from /home/airflow/.local/lib/python3.12/site-packages/airflow/example_dags/example_latest_only.py
[2025-04-30T01:07:39.195+0000] {logging_mixin.py:190} INFO - [2025-04-30T01:07:39.195+0000] {dag.py:3211} INFO - Sync 1 DAGs
[2025-04-30T01:07:39.226+0000] {logging_mixin.py:190} INFO - [2025-04-30T01:07:39.226+0000] {dag.py:4138} INFO - Setting next_dagrun for latest_only to 2025-04-29 20:00:00+00:00, run_after=2025-04-30 00:00:00+00:00
[2025-04-30T01:07:39.252+0000] {processor.py:208} INFO - Processing /home/airflow/.local/lib/python3.12/site-packages/airflow/example_dags/example_latest_only.py took 0.100 seconds
[2025-04-30T01:08:09.954+0000] {processor.py:186} INFO - Started process (PID=3790) to work on /home/airflow/.local/lib/python3.12/site-packages/airflow/example_dags/example_latest_only.py
[2025-04-30T01:08:09.955+0000] {processor.py:914} INFO - Processing file /home/airflow/.local/lib/python3.12/site-packages/airflow/example_dags/example_latest_only.py for tasks to queue
[2025-04-30T01:08:09.957+0000] {logging_mixin.py:190} INFO - [2025-04-30T01:08:09.956+0000] {dagbag.py:587} INFO - Filling up the DagBag from /home/airflow/.local/lib/python3.12/site-packages/airflow/example_dags/example_latest_only.py
[2025-04-30T01:08:09.967+0000] {processor.py:925} INFO - DAG(s) 'latest_only' retrieved from /home/airflow/.local/lib/python3.12/site-packages/airflow/example_dags/example_latest_only.py
[2025-04-30T01:08:09.988+0000] {logging_mixin.py:190} INFO - [2025-04-30T01:08:09.987+0000] {dag.py:3211} INFO - Sync 1 DAGs
[2025-04-30T01:08:10.015+0000] {logging_mixin.py:190} INFO - [2025-04-30T01:08:10.015+0000] {dag.py:4138} INFO - Setting next_dagrun for latest_only to 2025-04-29 20:00:00+00:00, run_after=2025-04-30 00:00:00+00:00
[2025-04-30T01:08:10.035+0000] {processor.py:208} INFO - Processing /home/airflow/.local/lib/python3.12/site-packages/airflow/example_dags/example_latest_only.py took 0.087 seconds
[2025-04-30T01:08:40.821+0000] {processor.py:186} INFO - Started process (PID=3852) to work on /home/airflow/.local/lib/python3.12/site-packages/airflow/example_dags/example_latest_only.py
[2025-04-30T01:08:40.822+0000] {processor.py:914} INFO - Processing file /home/airflow/.local/lib/python3.12/site-packages/airflow/example_dags/example_latest_only.py for tasks to queue
[2025-04-30T01:08:40.824+0000] {logging_mixin.py:190} INFO - [2025-04-30T01:08:40.824+0000] {dagbag.py:587} INFO - Filling up the DagBag from /home/airflow/.local/lib/python3.12/site-packages/airflow/example_dags/example_latest_only.py
[2025-04-30T01:08:40.834+0000] {processor.py:925} INFO - DAG(s) 'latest_only' retrieved from /home/airflow/.local/lib/python3.12/site-packages/airflow/example_dags/example_latest_only.py
[2025-04-30T01:08:40.859+0000] {logging_mixin.py:190} INFO - [2025-04-30T01:08:40.859+0000] {dag.py:3211} INFO - Sync 1 DAGs
[2025-04-30T01:08:40.888+0000] {logging_mixin.py:190} INFO - [2025-04-30T01:08:40.888+0000] {dag.py:4138} INFO - Setting next_dagrun for latest_only to 2025-04-29 20:00:00+00:00, run_after=2025-04-30 00:00:00+00:00
[2025-04-30T01:08:40.914+0000] {processor.py:208} INFO - Processing /home/airflow/.local/lib/python3.12/site-packages/airflow/example_dags/example_latest_only.py took 0.101 seconds
[2025-04-30T01:09:11.081+0000] {processor.py:186} INFO - Started process (PID=3914) to work on /home/airflow/.local/lib/python3.12/site-packages/airflow/example_dags/example_latest_only.py
[2025-04-30T01:09:11.083+0000] {processor.py:914} INFO - Processing file /home/airflow/.local/lib/python3.12/site-packages/airflow/example_dags/example_latest_only.py for tasks to queue
[2025-04-30T01:09:11.084+0000] {logging_mixin.py:190} INFO - [2025-04-30T01:09:11.084+0000] {dagbag.py:587} INFO - Filling up the DagBag from /home/airflow/.local/lib/python3.12/site-packages/airflow/example_dags/example_latest_only.py
[2025-04-30T01:09:11.095+0000] {processor.py:925} INFO - DAG(s) 'latest_only' retrieved from /home/airflow/.local/lib/python3.12/site-packages/airflow/example_dags/example_latest_only.py
[2025-04-30T01:09:11.119+0000] {logging_mixin.py:190} INFO - [2025-04-30T01:09:11.119+0000] {dag.py:3211} INFO - Sync 1 DAGs
[2025-04-30T01:09:11.147+0000] {logging_mixin.py:190} INFO - [2025-04-30T01:09:11.147+0000] {dag.py:4138} INFO - Setting next_dagrun for latest_only to 2025-04-29 20:00:00+00:00, run_after=2025-04-30 00:00:00+00:00
[2025-04-30T01:09:11.166+0000] {processor.py:208} INFO - Processing /home/airflow/.local/lib/python3.12/site-packages/airflow/example_dags/example_latest_only.py took 0.094 seconds
[2025-04-30T01:09:42.245+0000] {processor.py:186} INFO - Started process (PID=3976) to work on /home/airflow/.local/lib/python3.12/site-packages/airflow/example_dags/example_latest_only.py
[2025-04-30T01:09:42.246+0000] {processor.py:914} INFO - Processing file /home/airflow/.local/lib/python3.12/site-packages/airflow/example_dags/example_latest_only.py for tasks to queue
[2025-04-30T01:09:42.248+0000] {logging_mixin.py:190} INFO - [2025-04-30T01:09:42.248+0000] {dagbag.py:587} INFO - Filling up the DagBag from /home/airflow/.local/lib/python3.12/site-packages/airflow/example_dags/example_latest_only.py
[2025-04-30T01:09:42.263+0000] {processor.py:925} INFO - DAG(s) 'latest_only' retrieved from /home/airflow/.local/lib/python3.12/site-packages/airflow/example_dags/example_latest_only.py
[2025-04-30T01:09:42.299+0000] {logging_mixin.py:190} INFO - [2025-04-30T01:09:42.298+0000] {dag.py:3211} INFO - Sync 1 DAGs
[2025-04-30T01:09:42.340+0000] {logging_mixin.py:190} INFO - [2025-04-30T01:09:42.340+0000] {dag.py:4138} INFO - Setting next_dagrun for latest_only to 2025-04-29 20:00:00+00:00, run_after=2025-04-30 00:00:00+00:00
[2025-04-30T01:09:42.367+0000] {processor.py:208} INFO - Processing /home/airflow/.local/lib/python3.12/site-packages/airflow/example_dags/example_latest_only.py took 0.133 seconds
[2025-04-30T01:10:13.268+0000] {processor.py:186} INFO - Started process (PID=4038) to work on /home/airflow/.local/lib/python3.12/site-packages/airflow/example_dags/example_latest_only.py
[2025-04-30T01:10:13.270+0000] {processor.py:914} INFO - Processing file /home/airflow/.local/lib/python3.12/site-packages/airflow/example_dags/example_latest_only.py for tasks to queue
[2025-04-30T01:10:13.271+0000] {logging_mixin.py:190} INFO - [2025-04-30T01:10:13.271+0000] {dagbag.py:587} INFO - Filling up the DagBag from /home/airflow/.local/lib/python3.12/site-packages/airflow/example_dags/example_latest_only.py
[2025-04-30T01:10:13.281+0000] {processor.py:925} INFO - DAG(s) 'latest_only' retrieved from /home/airflow/.local/lib/python3.12/site-packages/airflow/example_dags/example_latest_only.py
[2025-04-30T01:10:13.303+0000] {logging_mixin.py:190} INFO - [2025-04-30T01:10:13.302+0000] {dag.py:3211} INFO - Sync 1 DAGs
[2025-04-30T01:10:13.330+0000] {logging_mixin.py:190} INFO - [2025-04-30T01:10:13.330+0000] {dag.py:4138} INFO - Setting next_dagrun for latest_only to 2025-04-29 20:00:00+00:00, run_after=2025-04-30 00:00:00+00:00
[2025-04-30T01:10:13.352+0000] {processor.py:208} INFO - Processing /home/airflow/.local/lib/python3.12/site-packages/airflow/example_dags/example_latest_only.py took 0.091 seconds
[2025-04-30T01:10:44.297+0000] {processor.py:186} INFO - Started process (PID=4100) to work on /home/airflow/.local/lib/python3.12/site-packages/airflow/example_dags/example_latest_only.py
[2025-04-30T01:10:44.299+0000] {processor.py:914} INFO - Processing file /home/airflow/.local/lib/python3.12/site-packages/airflow/example_dags/example_latest_only.py for tasks to queue
[2025-04-30T01:10:44.301+0000] {logging_mixin.py:190} INFO - [2025-04-30T01:10:44.300+0000] {dagbag.py:587} INFO - Filling up the DagBag from /home/airflow/.local/lib/python3.12/site-packages/airflow/example_dags/example_latest_only.py
[2025-04-30T01:10:44.310+0000] {processor.py:925} INFO - DAG(s) 'latest_only' retrieved from /home/airflow/.local/lib/python3.12/site-packages/airflow/example_dags/example_latest_only.py
[2025-04-30T01:10:44.333+0000] {logging_mixin.py:190} INFO - [2025-04-30T01:10:44.332+0000] {dag.py:3211} INFO - Sync 1 DAGs
[2025-04-30T01:10:44.357+0000] {logging_mixin.py:190} INFO - [2025-04-30T01:10:44.357+0000] {dag.py:4138} INFO - Setting next_dagrun for latest_only to 2025-04-29 20:00:00+00:00, run_after=2025-04-30 00:00:00+00:00
[2025-04-30T01:10:44.377+0000] {processor.py:208} INFO - Processing /home/airflow/.local/lib/python3.12/site-packages/airflow/example_dags/example_latest_only.py took 0.086 seconds
[2025-04-30T01:11:15.211+0000] {processor.py:186} INFO - Started process (PID=4168) to work on /home/airflow/.local/lib/python3.12/site-packages/airflow/example_dags/example_latest_only.py
[2025-04-30T01:11:15.212+0000] {processor.py:914} INFO - Processing file /home/airflow/.local/lib/python3.12/site-packages/airflow/example_dags/example_latest_only.py for tasks to queue
[2025-04-30T01:11:15.214+0000] {logging_mixin.py:190} INFO - [2025-04-30T01:11:15.213+0000] {dagbag.py:587} INFO - Filling up the DagBag from /home/airflow/.local/lib/python3.12/site-packages/airflow/example_dags/example_latest_only.py
[2025-04-30T01:11:15.223+0000] {processor.py:925} INFO - DAG(s) 'latest_only' retrieved from /home/airflow/.local/lib/python3.12/site-packages/airflow/example_dags/example_latest_only.py
[2025-04-30T01:11:15.246+0000] {logging_mixin.py:190} INFO - [2025-04-30T01:11:15.246+0000] {dag.py:3211} INFO - Sync 1 DAGs
[2025-04-30T01:11:15.274+0000] {logging_mixin.py:190} INFO - [2025-04-30T01:11:15.274+0000] {dag.py:4138} INFO - Setting next_dagrun for latest_only to 2025-04-29 20:00:00+00:00, run_after=2025-04-30 00:00:00+00:00
[2025-04-30T01:11:15.295+0000] {processor.py:208} INFO - Processing /home/airflow/.local/lib/python3.12/site-packages/airflow/example_dags/example_latest_only.py took 0.092 seconds
[2025-04-30T01:11:45.897+0000] {processor.py:186} INFO - Started process (PID=4230) to work on /home/airflow/.local/lib/python3.12/site-packages/airflow/example_dags/example_latest_only.py
[2025-04-30T01:11:45.898+0000] {processor.py:914} INFO - Processing file /home/airflow/.local/lib/python3.12/site-packages/airflow/example_dags/example_latest_only.py for tasks to queue
[2025-04-30T01:11:45.900+0000] {logging_mixin.py:190} INFO - [2025-04-30T01:11:45.899+0000] {dagbag.py:587} INFO - Filling up the DagBag from /home/airflow/.local/lib/python3.12/site-packages/airflow/example_dags/example_latest_only.py
[2025-04-30T01:11:45.909+0000] {processor.py:925} INFO - DAG(s) 'latest_only' retrieved from /home/airflow/.local/lib/python3.12/site-packages/airflow/example_dags/example_latest_only.py
[2025-04-30T01:11:45.932+0000] {logging_mixin.py:190} INFO - [2025-04-30T01:11:45.931+0000] {dag.py:3211} INFO - Sync 1 DAGs
[2025-04-30T01:11:45.956+0000] {logging_mixin.py:190} INFO - [2025-04-30T01:11:45.956+0000] {dag.py:4138} INFO - Setting next_dagrun for latest_only to 2025-04-29 20:00:00+00:00, run_after=2025-04-30 00:00:00+00:00
[2025-04-30T01:11:45.983+0000] {processor.py:208} INFO - Processing /home/airflow/.local/lib/python3.12/site-packages/airflow/example_dags/example_latest_only.py took 0.093 seconds
[2025-04-30T01:12:16.104+0000] {processor.py:186} INFO - Started process (PID=4292) to work on /home/airflow/.local/lib/python3.12/site-packages/airflow/example_dags/example_latest_only.py
[2025-04-30T01:12:16.105+0000] {processor.py:914} INFO - Processing file /home/airflow/.local/lib/python3.12/site-packages/airflow/example_dags/example_latest_only.py for tasks to queue
[2025-04-30T01:12:16.107+0000] {logging_mixin.py:190} INFO - [2025-04-30T01:12:16.106+0000] {dagbag.py:587} INFO - Filling up the DagBag from /home/airflow/.local/lib/python3.12/site-packages/airflow/example_dags/example_latest_only.py
[2025-04-30T01:12:16.117+0000] {processor.py:925} INFO - DAG(s) 'latest_only' retrieved from /home/airflow/.local/lib/python3.12/site-packages/airflow/example_dags/example_latest_only.py
[2025-04-30T01:12:16.140+0000] {logging_mixin.py:190} INFO - [2025-04-30T01:12:16.140+0000] {dag.py:3211} INFO - Sync 1 DAGs
[2025-04-30T01:12:16.168+0000] {logging_mixin.py:190} INFO - [2025-04-30T01:12:16.168+0000] {dag.py:4138} INFO - Setting next_dagrun for latest_only to 2025-04-29 20:00:00+00:00, run_after=2025-04-30 00:00:00+00:00
[2025-04-30T01:12:16.193+0000] {processor.py:208} INFO - Processing /home/airflow/.local/lib/python3.12/site-packages/airflow/example_dags/example_latest_only.py took 0.095 seconds
