[2025-04-30T00:30:51.565+0000] {processor.py:186} INFO - Started process (PID=95) to work on /home/airflow/.local/lib/python3.12/site-packages/airflow/example_dags/tutorial_dag.py
[2025-04-30T00:30:51.567+0000] {processor.py:914} INFO - Processing file /home/airflow/.local/lib/python3.12/site-packages/airflow/example_dags/tutorial_dag.py for tasks to queue
[2025-04-30T00:30:51.572+0000] {logging_mixin.py:190} INFO - [2025-04-30T00:30:51.571+0000] {dagbag.py:587} INFO - Filling up the DagBag from /home/airflow/.local/lib/python3.12/site-packages/airflow/example_dags/tutorial_dag.py
[2025-04-30T00:30:51.594+0000] {processor.py:925} INFO - DAG(s) 'tutorial_dag' retrieved from /home/airflow/.local/lib/python3.12/site-packages/airflow/example_dags/tutorial_dag.py
[2025-04-30T00:30:51.832+0000] {logging_mixin.py:190} INFO - [2025-04-30T00:30:51.830+0000] {override.py:1858} INFO - Created Permission View: can edit on DAG:tutorial_dag
[2025-04-30T00:30:51.853+0000] {logging_mixin.py:190} INFO - [2025-04-30T00:30:51.853+0000] {override.py:1858} INFO - Created Permission View: can read on DAG:tutorial_dag
[2025-04-30T00:30:51.868+0000] {logging_mixin.py:190} INFO - [2025-04-30T00:30:51.867+0000] {override.py:1858} INFO - Created Permission View: can delete on DAG:tutorial_dag
[2025-04-30T00:30:51.869+0000] {logging_mixin.py:190} INFO - [2025-04-30T00:30:51.869+0000] {dag.py:3211} INFO - Sync 1 DAGs
[2025-04-30T00:30:51.897+0000] {logging_mixin.py:190} INFO - [2025-04-30T00:30:51.896+0000] {dag.py:3234} INFO - Creating ORM DAG for tutorial_dag
[2025-04-30T00:30:51.899+0000] {logging_mixin.py:190} INFO - [2025-04-30T00:30:51.899+0000] {dag.py:4138} INFO - Setting next_dagrun for tutorial_dag to None, run_after=None
[2025-04-30T00:30:51.934+0000] {processor.py:208} INFO - Processing /home/airflow/.local/lib/python3.12/site-packages/airflow/example_dags/tutorial_dag.py took 0.380 seconds
[2025-04-30T00:31:22.254+0000] {processor.py:186} INFO - Started process (PID=158) to work on /home/airflow/.local/lib/python3.12/site-packages/airflow/example_dags/tutorial_dag.py
[2025-04-30T00:31:22.256+0000] {processor.py:914} INFO - Processing file /home/airflow/.local/lib/python3.12/site-packages/airflow/example_dags/tutorial_dag.py for tasks to queue
[2025-04-30T00:31:22.262+0000] {logging_mixin.py:190} INFO - [2025-04-30T00:31:22.261+0000] {dagbag.py:587} INFO - Filling up the DagBag from /home/airflow/.local/lib/python3.12/site-packages/airflow/example_dags/tutorial_dag.py
[2025-04-30T00:31:22.277+0000] {processor.py:925} INFO - DAG(s) 'tutorial_dag' retrieved from /home/airflow/.local/lib/python3.12/site-packages/airflow/example_dags/tutorial_dag.py
[2025-04-30T00:31:22.319+0000] {logging_mixin.py:190} INFO - [2025-04-30T00:31:22.319+0000] {dag.py:3211} INFO - Sync 1 DAGs
[2025-04-30T00:31:22.351+0000] {logging_mixin.py:190} INFO - [2025-04-30T00:31:22.351+0000] {dag.py:4138} INFO - Setting next_dagrun for tutorial_dag to None, run_after=None
[2025-04-30T00:31:22.390+0000] {processor.py:208} INFO - Processing /home/airflow/.local/lib/python3.12/site-packages/airflow/example_dags/tutorial_dag.py took 0.151 seconds
[2025-04-30T00:31:53.001+0000] {processor.py:186} INFO - Started process (PID=221) to work on /home/airflow/.local/lib/python3.12/site-packages/airflow/example_dags/tutorial_dag.py
[2025-04-30T00:31:53.004+0000] {processor.py:914} INFO - Processing file /home/airflow/.local/lib/python3.12/site-packages/airflow/example_dags/tutorial_dag.py for tasks to queue
[2025-04-30T00:31:53.009+0000] {logging_mixin.py:190} INFO - [2025-04-30T00:31:53.008+0000] {dagbag.py:587} INFO - Filling up the DagBag from /home/airflow/.local/lib/python3.12/site-packages/airflow/example_dags/tutorial_dag.py
[2025-04-30T00:31:53.026+0000] {processor.py:925} INFO - DAG(s) 'tutorial_dag' retrieved from /home/airflow/.local/lib/python3.12/site-packages/airflow/example_dags/tutorial_dag.py
[2025-04-30T00:31:53.071+0000] {logging_mixin.py:190} INFO - [2025-04-30T00:31:53.070+0000] {dag.py:3211} INFO - Sync 1 DAGs
[2025-04-30T00:31:53.106+0000] {logging_mixin.py:190} INFO - [2025-04-30T00:31:53.105+0000] {dag.py:4138} INFO - Setting next_dagrun for tutorial_dag to None, run_after=None
[2025-04-30T00:31:53.169+0000] {processor.py:208} INFO - Processing /home/airflow/.local/lib/python3.12/site-packages/airflow/example_dags/tutorial_dag.py took 0.179 seconds
[2025-04-30T00:32:23.568+0000] {processor.py:186} INFO - Started process (PID=290) to work on /home/airflow/.local/lib/python3.12/site-packages/airflow/example_dags/tutorial_dag.py
[2025-04-30T00:32:23.570+0000] {processor.py:914} INFO - Processing file /home/airflow/.local/lib/python3.12/site-packages/airflow/example_dags/tutorial_dag.py for tasks to queue
[2025-04-30T00:32:23.576+0000] {logging_mixin.py:190} INFO - [2025-04-30T00:32:23.575+0000] {dagbag.py:587} INFO - Filling up the DagBag from /home/airflow/.local/lib/python3.12/site-packages/airflow/example_dags/tutorial_dag.py
[2025-04-30T00:32:23.593+0000] {processor.py:925} INFO - DAG(s) 'tutorial_dag' retrieved from /home/airflow/.local/lib/python3.12/site-packages/airflow/example_dags/tutorial_dag.py
[2025-04-30T00:32:23.638+0000] {logging_mixin.py:190} INFO - [2025-04-30T00:32:23.638+0000] {dag.py:3211} INFO - Sync 1 DAGs
[2025-04-30T00:32:23.668+0000] {logging_mixin.py:190} INFO - [2025-04-30T00:32:23.667+0000] {dag.py:4138} INFO - Setting next_dagrun for tutorial_dag to None, run_after=None
[2025-04-30T00:32:23.721+0000] {processor.py:208} INFO - Processing /home/airflow/.local/lib/python3.12/site-packages/airflow/example_dags/tutorial_dag.py took 0.168 seconds
[2025-04-30T00:32:54.843+0000] {processor.py:186} INFO - Started process (PID=353) to work on /home/airflow/.local/lib/python3.12/site-packages/airflow/example_dags/tutorial_dag.py
[2025-04-30T00:32:54.845+0000] {processor.py:914} INFO - Processing file /home/airflow/.local/lib/python3.12/site-packages/airflow/example_dags/tutorial_dag.py for tasks to queue
[2025-04-30T00:32:54.850+0000] {logging_mixin.py:190} INFO - [2025-04-30T00:32:54.849+0000] {dagbag.py:587} INFO - Filling up the DagBag from /home/airflow/.local/lib/python3.12/site-packages/airflow/example_dags/tutorial_dag.py
[2025-04-30T00:32:54.864+0000] {processor.py:925} INFO - DAG(s) 'tutorial_dag' retrieved from /home/airflow/.local/lib/python3.12/site-packages/airflow/example_dags/tutorial_dag.py
[2025-04-30T00:32:54.902+0000] {logging_mixin.py:190} INFO - [2025-04-30T00:32:54.902+0000] {dag.py:3211} INFO - Sync 1 DAGs
[2025-04-30T00:32:54.930+0000] {logging_mixin.py:190} INFO - [2025-04-30T00:32:54.930+0000] {dag.py:4138} INFO - Setting next_dagrun for tutorial_dag to None, run_after=None
[2025-04-30T00:32:54.975+0000] {processor.py:208} INFO - Processing /home/airflow/.local/lib/python3.12/site-packages/airflow/example_dags/tutorial_dag.py took 0.144 seconds
[2025-04-30T00:33:25.389+0000] {processor.py:186} INFO - Started process (PID=416) to work on /home/airflow/.local/lib/python3.12/site-packages/airflow/example_dags/tutorial_dag.py
[2025-04-30T00:33:25.392+0000] {processor.py:914} INFO - Processing file /home/airflow/.local/lib/python3.12/site-packages/airflow/example_dags/tutorial_dag.py for tasks to queue
[2025-04-30T00:33:25.397+0000] {logging_mixin.py:190} INFO - [2025-04-30T00:33:25.397+0000] {dagbag.py:587} INFO - Filling up the DagBag from /home/airflow/.local/lib/python3.12/site-packages/airflow/example_dags/tutorial_dag.py
[2025-04-30T00:33:25.415+0000] {processor.py:925} INFO - DAG(s) 'tutorial_dag' retrieved from /home/airflow/.local/lib/python3.12/site-packages/airflow/example_dags/tutorial_dag.py
[2025-04-30T00:33:25.464+0000] {logging_mixin.py:190} INFO - [2025-04-30T00:33:25.464+0000] {dag.py:3211} INFO - Sync 1 DAGs
[2025-04-30T00:33:25.507+0000] {logging_mixin.py:190} INFO - [2025-04-30T00:33:25.506+0000] {dag.py:4138} INFO - Setting next_dagrun for tutorial_dag to None, run_after=None
[2025-04-30T00:33:25.557+0000] {processor.py:208} INFO - Processing /home/airflow/.local/lib/python3.12/site-packages/airflow/example_dags/tutorial_dag.py took 0.178 seconds
[2025-04-30T00:33:55.981+0000] {processor.py:186} INFO - Started process (PID=480) to work on /home/airflow/.local/lib/python3.12/site-packages/airflow/example_dags/tutorial_dag.py
[2025-04-30T00:33:55.984+0000] {processor.py:914} INFO - Processing file /home/airflow/.local/lib/python3.12/site-packages/airflow/example_dags/tutorial_dag.py for tasks to queue
[2025-04-30T00:33:55.988+0000] {logging_mixin.py:190} INFO - [2025-04-30T00:33:55.987+0000] {dagbag.py:587} INFO - Filling up the DagBag from /home/airflow/.local/lib/python3.12/site-packages/airflow/example_dags/tutorial_dag.py
[2025-04-30T00:33:56.003+0000] {processor.py:925} INFO - DAG(s) 'tutorial_dag' retrieved from /home/airflow/.local/lib/python3.12/site-packages/airflow/example_dags/tutorial_dag.py
[2025-04-30T00:33:56.041+0000] {logging_mixin.py:190} INFO - [2025-04-30T00:33:56.041+0000] {dag.py:3211} INFO - Sync 1 DAGs
[2025-04-30T00:33:56.094+0000] {logging_mixin.py:190} INFO - [2025-04-30T00:33:56.094+0000] {dag.py:4138} INFO - Setting next_dagrun for tutorial_dag to None, run_after=None
[2025-04-30T00:33:56.142+0000] {processor.py:208} INFO - Processing /home/airflow/.local/lib/python3.12/site-packages/airflow/example_dags/tutorial_dag.py took 0.173 seconds
[2025-04-30T00:34:27.062+0000] {processor.py:186} INFO - Started process (PID=543) to work on /home/airflow/.local/lib/python3.12/site-packages/airflow/example_dags/tutorial_dag.py
[2025-04-30T00:34:27.063+0000] {processor.py:914} INFO - Processing file /home/airflow/.local/lib/python3.12/site-packages/airflow/example_dags/tutorial_dag.py for tasks to queue
[2025-04-30T00:34:27.068+0000] {logging_mixin.py:190} INFO - [2025-04-30T00:34:27.068+0000] {dagbag.py:587} INFO - Filling up the DagBag from /home/airflow/.local/lib/python3.12/site-packages/airflow/example_dags/tutorial_dag.py
[2025-04-30T00:34:27.083+0000] {processor.py:925} INFO - DAG(s) 'tutorial_dag' retrieved from /home/airflow/.local/lib/python3.12/site-packages/airflow/example_dags/tutorial_dag.py
[2025-04-30T00:34:27.132+0000] {logging_mixin.py:190} INFO - [2025-04-30T00:34:27.131+0000] {dag.py:3211} INFO - Sync 1 DAGs
[2025-04-30T00:34:27.171+0000] {logging_mixin.py:190} INFO - [2025-04-30T00:34:27.170+0000] {dag.py:4138} INFO - Setting next_dagrun for tutorial_dag to None, run_after=None
[2025-04-30T00:34:27.216+0000] {processor.py:208} INFO - Processing /home/airflow/.local/lib/python3.12/site-packages/airflow/example_dags/tutorial_dag.py took 0.165 seconds
[2025-04-30T00:34:57.543+0000] {processor.py:186} INFO - Started process (PID=606) to work on /home/airflow/.local/lib/python3.12/site-packages/airflow/example_dags/tutorial_dag.py
[2025-04-30T00:34:57.548+0000] {processor.py:914} INFO - Processing file /home/airflow/.local/lib/python3.12/site-packages/airflow/example_dags/tutorial_dag.py for tasks to queue
[2025-04-30T00:34:57.557+0000] {logging_mixin.py:190} INFO - [2025-04-30T00:34:57.556+0000] {dagbag.py:587} INFO - Filling up the DagBag from /home/airflow/.local/lib/python3.12/site-packages/airflow/example_dags/tutorial_dag.py
[2025-04-30T00:34:57.587+0000] {processor.py:925} INFO - DAG(s) 'tutorial_dag' retrieved from /home/airflow/.local/lib/python3.12/site-packages/airflow/example_dags/tutorial_dag.py
[2025-04-30T00:34:57.651+0000] {logging_mixin.py:190} INFO - [2025-04-30T00:34:57.650+0000] {dag.py:3211} INFO - Sync 1 DAGs
[2025-04-30T00:34:57.688+0000] {logging_mixin.py:190} INFO - [2025-04-30T00:34:57.687+0000] {dag.py:4138} INFO - Setting next_dagrun for tutorial_dag to None, run_after=None
[2025-04-30T00:34:57.750+0000] {processor.py:208} INFO - Processing /home/airflow/.local/lib/python3.12/site-packages/airflow/example_dags/tutorial_dag.py took 0.222 seconds
[2025-04-30T00:35:28.205+0000] {processor.py:186} INFO - Started process (PID=669) to work on /home/airflow/.local/lib/python3.12/site-packages/airflow/example_dags/tutorial_dag.py
[2025-04-30T00:35:28.208+0000] {processor.py:914} INFO - Processing file /home/airflow/.local/lib/python3.12/site-packages/airflow/example_dags/tutorial_dag.py for tasks to queue
[2025-04-30T00:35:28.212+0000] {logging_mixin.py:190} INFO - [2025-04-30T00:35:28.212+0000] {dagbag.py:587} INFO - Filling up the DagBag from /home/airflow/.local/lib/python3.12/site-packages/airflow/example_dags/tutorial_dag.py
[2025-04-30T00:35:28.225+0000] {processor.py:925} INFO - DAG(s) 'tutorial_dag' retrieved from /home/airflow/.local/lib/python3.12/site-packages/airflow/example_dags/tutorial_dag.py
[2025-04-30T00:35:28.262+0000] {logging_mixin.py:190} INFO - [2025-04-30T00:35:28.261+0000] {dag.py:3211} INFO - Sync 1 DAGs
[2025-04-30T00:35:28.290+0000] {logging_mixin.py:190} INFO - [2025-04-30T00:35:28.289+0000] {dag.py:4138} INFO - Setting next_dagrun for tutorial_dag to None, run_after=None
[2025-04-30T00:35:28.339+0000] {processor.py:208} INFO - Processing /home/airflow/.local/lib/python3.12/site-packages/airflow/example_dags/tutorial_dag.py took 0.146 seconds
[2025-04-30T00:35:58.753+0000] {processor.py:186} INFO - Started process (PID=731) to work on /home/airflow/.local/lib/python3.12/site-packages/airflow/example_dags/tutorial_dag.py
[2025-04-30T00:35:58.756+0000] {processor.py:914} INFO - Processing file /home/airflow/.local/lib/python3.12/site-packages/airflow/example_dags/tutorial_dag.py for tasks to queue
[2025-04-30T00:35:58.761+0000] {logging_mixin.py:190} INFO - [2025-04-30T00:35:58.760+0000] {dagbag.py:587} INFO - Filling up the DagBag from /home/airflow/.local/lib/python3.12/site-packages/airflow/example_dags/tutorial_dag.py
[2025-04-30T00:35:58.780+0000] {processor.py:925} INFO - DAG(s) 'tutorial_dag' retrieved from /home/airflow/.local/lib/python3.12/site-packages/airflow/example_dags/tutorial_dag.py
[2025-04-30T00:35:58.834+0000] {logging_mixin.py:190} INFO - [2025-04-30T00:35:58.833+0000] {dag.py:3211} INFO - Sync 1 DAGs
[2025-04-30T00:35:58.869+0000] {logging_mixin.py:190} INFO - [2025-04-30T00:35:58.869+0000] {dag.py:4138} INFO - Setting next_dagrun for tutorial_dag to None, run_after=None
[2025-04-30T00:35:58.913+0000] {processor.py:208} INFO - Processing /home/airflow/.local/lib/python3.12/site-packages/airflow/example_dags/tutorial_dag.py took 0.182 seconds
[2025-04-30T00:36:29.501+0000] {processor.py:186} INFO - Started process (PID=794) to work on /home/airflow/.local/lib/python3.12/site-packages/airflow/example_dags/tutorial_dag.py
[2025-04-30T00:36:29.504+0000] {processor.py:914} INFO - Processing file /home/airflow/.local/lib/python3.12/site-packages/airflow/example_dags/tutorial_dag.py for tasks to queue
[2025-04-30T00:36:29.509+0000] {logging_mixin.py:190} INFO - [2025-04-30T00:36:29.508+0000] {dagbag.py:587} INFO - Filling up the DagBag from /home/airflow/.local/lib/python3.12/site-packages/airflow/example_dags/tutorial_dag.py
[2025-04-30T00:36:29.524+0000] {processor.py:925} INFO - DAG(s) 'tutorial_dag' retrieved from /home/airflow/.local/lib/python3.12/site-packages/airflow/example_dags/tutorial_dag.py
[2025-04-30T00:36:29.566+0000] {logging_mixin.py:190} INFO - [2025-04-30T00:36:29.565+0000] {dag.py:3211} INFO - Sync 1 DAGs
[2025-04-30T00:36:29.599+0000] {logging_mixin.py:190} INFO - [2025-04-30T00:36:29.598+0000] {dag.py:4138} INFO - Setting next_dagrun for tutorial_dag to None, run_after=None
[2025-04-30T00:36:29.641+0000] {processor.py:208} INFO - Processing /home/airflow/.local/lib/python3.12/site-packages/airflow/example_dags/tutorial_dag.py took 0.153 seconds
[2025-04-30T00:36:59.951+0000] {processor.py:186} INFO - Started process (PID=857) to work on /home/airflow/.local/lib/python3.12/site-packages/airflow/example_dags/tutorial_dag.py
[2025-04-30T00:36:59.953+0000] {processor.py:914} INFO - Processing file /home/airflow/.local/lib/python3.12/site-packages/airflow/example_dags/tutorial_dag.py for tasks to queue
[2025-04-30T00:36:59.961+0000] {logging_mixin.py:190} INFO - [2025-04-30T00:36:59.960+0000] {dagbag.py:587} INFO - Filling up the DagBag from /home/airflow/.local/lib/python3.12/site-packages/airflow/example_dags/tutorial_dag.py
[2025-04-30T00:36:59.981+0000] {processor.py:925} INFO - DAG(s) 'tutorial_dag' retrieved from /home/airflow/.local/lib/python3.12/site-packages/airflow/example_dags/tutorial_dag.py
[2025-04-30T00:37:00.043+0000] {logging_mixin.py:190} INFO - [2025-04-30T00:37:00.042+0000] {dag.py:3211} INFO - Sync 1 DAGs
[2025-04-30T00:37:00.093+0000] {logging_mixin.py:190} INFO - [2025-04-30T00:37:00.092+0000] {dag.py:4138} INFO - Setting next_dagrun for tutorial_dag to None, run_after=None
[2025-04-30T00:37:00.175+0000] {processor.py:208} INFO - Processing /home/airflow/.local/lib/python3.12/site-packages/airflow/example_dags/tutorial_dag.py took 0.245 seconds
[2025-04-30T00:37:30.802+0000] {processor.py:186} INFO - Started process (PID=920) to work on /home/airflow/.local/lib/python3.12/site-packages/airflow/example_dags/tutorial_dag.py
[2025-04-30T00:37:30.805+0000] {processor.py:914} INFO - Processing file /home/airflow/.local/lib/python3.12/site-packages/airflow/example_dags/tutorial_dag.py for tasks to queue
[2025-04-30T00:37:30.813+0000] {logging_mixin.py:190} INFO - [2025-04-30T00:37:30.812+0000] {dagbag.py:587} INFO - Filling up the DagBag from /home/airflow/.local/lib/python3.12/site-packages/airflow/example_dags/tutorial_dag.py
[2025-04-30T00:37:30.835+0000] {processor.py:925} INFO - DAG(s) 'tutorial_dag' retrieved from /home/airflow/.local/lib/python3.12/site-packages/airflow/example_dags/tutorial_dag.py
[2025-04-30T00:37:30.900+0000] {logging_mixin.py:190} INFO - [2025-04-30T00:37:30.900+0000] {dag.py:3211} INFO - Sync 1 DAGs
[2025-04-30T00:37:30.935+0000] {logging_mixin.py:190} INFO - [2025-04-30T00:37:30.934+0000] {dag.py:4138} INFO - Setting next_dagrun for tutorial_dag to None, run_after=None
[2025-04-30T00:37:30.979+0000] {processor.py:208} INFO - Processing /home/airflow/.local/lib/python3.12/site-packages/airflow/example_dags/tutorial_dag.py took 0.192 seconds
[2025-04-30T00:38:01.391+0000] {processor.py:186} INFO - Started process (PID=983) to work on /home/airflow/.local/lib/python3.12/site-packages/airflow/example_dags/tutorial_dag.py
[2025-04-30T00:38:01.394+0000] {processor.py:914} INFO - Processing file /home/airflow/.local/lib/python3.12/site-packages/airflow/example_dags/tutorial_dag.py for tasks to queue
[2025-04-30T00:38:01.400+0000] {logging_mixin.py:190} INFO - [2025-04-30T00:38:01.399+0000] {dagbag.py:587} INFO - Filling up the DagBag from /home/airflow/.local/lib/python3.12/site-packages/airflow/example_dags/tutorial_dag.py
[2025-04-30T00:38:01.416+0000] {processor.py:925} INFO - DAG(s) 'tutorial_dag' retrieved from /home/airflow/.local/lib/python3.12/site-packages/airflow/example_dags/tutorial_dag.py
[2025-04-30T00:38:01.459+0000] {logging_mixin.py:190} INFO - [2025-04-30T00:38:01.459+0000] {dag.py:3211} INFO - Sync 1 DAGs
[2025-04-30T00:38:01.497+0000] {logging_mixin.py:190} INFO - [2025-04-30T00:38:01.497+0000] {dag.py:4138} INFO - Setting next_dagrun for tutorial_dag to None, run_after=None
[2025-04-30T00:38:01.545+0000] {processor.py:208} INFO - Processing /home/airflow/.local/lib/python3.12/site-packages/airflow/example_dags/tutorial_dag.py took 0.168 seconds
[2025-04-30T00:38:32.504+0000] {processor.py:186} INFO - Started process (PID=1047) to work on /home/airflow/.local/lib/python3.12/site-packages/airflow/example_dags/tutorial_dag.py
[2025-04-30T00:38:32.507+0000] {processor.py:914} INFO - Processing file /home/airflow/.local/lib/python3.12/site-packages/airflow/example_dags/tutorial_dag.py for tasks to queue
[2025-04-30T00:38:32.512+0000] {logging_mixin.py:190} INFO - [2025-04-30T00:38:32.512+0000] {dagbag.py:587} INFO - Filling up the DagBag from /home/airflow/.local/lib/python3.12/site-packages/airflow/example_dags/tutorial_dag.py
[2025-04-30T00:38:32.529+0000] {processor.py:925} INFO - DAG(s) 'tutorial_dag' retrieved from /home/airflow/.local/lib/python3.12/site-packages/airflow/example_dags/tutorial_dag.py
[2025-04-30T00:38:32.580+0000] {logging_mixin.py:190} INFO - [2025-04-30T00:38:32.580+0000] {dag.py:3211} INFO - Sync 1 DAGs
[2025-04-30T00:38:32.620+0000] {logging_mixin.py:190} INFO - [2025-04-30T00:38:32.620+0000] {dag.py:4138} INFO - Setting next_dagrun for tutorial_dag to None, run_after=None
[2025-04-30T00:38:32.677+0000] {processor.py:208} INFO - Processing /home/airflow/.local/lib/python3.12/site-packages/airflow/example_dags/tutorial_dag.py took 0.185 seconds
[2025-04-30T00:39:03.405+0000] {processor.py:186} INFO - Started process (PID=1110) to work on /home/airflow/.local/lib/python3.12/site-packages/airflow/example_dags/tutorial_dag.py
[2025-04-30T00:39:03.407+0000] {processor.py:914} INFO - Processing file /home/airflow/.local/lib/python3.12/site-packages/airflow/example_dags/tutorial_dag.py for tasks to queue
[2025-04-30T00:39:03.413+0000] {logging_mixin.py:190} INFO - [2025-04-30T00:39:03.413+0000] {dagbag.py:587} INFO - Filling up the DagBag from /home/airflow/.local/lib/python3.12/site-packages/airflow/example_dags/tutorial_dag.py
[2025-04-30T00:39:03.428+0000] {processor.py:925} INFO - DAG(s) 'tutorial_dag' retrieved from /home/airflow/.local/lib/python3.12/site-packages/airflow/example_dags/tutorial_dag.py
[2025-04-30T00:39:03.465+0000] {logging_mixin.py:190} INFO - [2025-04-30T00:39:03.465+0000] {dag.py:3211} INFO - Sync 1 DAGs
[2025-04-30T00:39:03.498+0000] {logging_mixin.py:190} INFO - [2025-04-30T00:39:03.497+0000] {dag.py:4138} INFO - Setting next_dagrun for tutorial_dag to None, run_after=None
[2025-04-30T00:39:03.536+0000] {processor.py:208} INFO - Processing /home/airflow/.local/lib/python3.12/site-packages/airflow/example_dags/tutorial_dag.py took 0.142 seconds
[2025-04-30T00:39:34.685+0000] {processor.py:186} INFO - Started process (PID=1179) to work on /home/airflow/.local/lib/python3.12/site-packages/airflow/example_dags/tutorial_dag.py
[2025-04-30T00:39:34.688+0000] {processor.py:914} INFO - Processing file /home/airflow/.local/lib/python3.12/site-packages/airflow/example_dags/tutorial_dag.py for tasks to queue
[2025-04-30T00:39:34.695+0000] {logging_mixin.py:190} INFO - [2025-04-30T00:39:34.694+0000] {dagbag.py:587} INFO - Filling up the DagBag from /home/airflow/.local/lib/python3.12/site-packages/airflow/example_dags/tutorial_dag.py
[2025-04-30T00:39:34.714+0000] {processor.py:925} INFO - DAG(s) 'tutorial_dag' retrieved from /home/airflow/.local/lib/python3.12/site-packages/airflow/example_dags/tutorial_dag.py
[2025-04-30T00:39:34.752+0000] {logging_mixin.py:190} INFO - [2025-04-30T00:39:34.752+0000] {dag.py:3211} INFO - Sync 1 DAGs
[2025-04-30T00:39:34.779+0000] {logging_mixin.py:190} INFO - [2025-04-30T00:39:34.779+0000] {dag.py:4138} INFO - Setting next_dagrun for tutorial_dag to None, run_after=None
[2025-04-30T00:39:34.837+0000] {processor.py:208} INFO - Processing /home/airflow/.local/lib/python3.12/site-packages/airflow/example_dags/tutorial_dag.py took 0.169 seconds
[2025-04-30T00:40:05.413+0000] {processor.py:186} INFO - Started process (PID=1242) to work on /home/airflow/.local/lib/python3.12/site-packages/airflow/example_dags/tutorial_dag.py
[2025-04-30T00:40:05.415+0000] {processor.py:914} INFO - Processing file /home/airflow/.local/lib/python3.12/site-packages/airflow/example_dags/tutorial_dag.py for tasks to queue
[2025-04-30T00:40:05.422+0000] {logging_mixin.py:190} INFO - [2025-04-30T00:40:05.421+0000] {dagbag.py:587} INFO - Filling up the DagBag from /home/airflow/.local/lib/python3.12/site-packages/airflow/example_dags/tutorial_dag.py
[2025-04-30T00:40:05.439+0000] {processor.py:925} INFO - DAG(s) 'tutorial_dag' retrieved from /home/airflow/.local/lib/python3.12/site-packages/airflow/example_dags/tutorial_dag.py
[2025-04-30T00:40:05.483+0000] {logging_mixin.py:190} INFO - [2025-04-30T00:40:05.483+0000] {dag.py:3211} INFO - Sync 1 DAGs
[2025-04-30T00:40:05.516+0000] {logging_mixin.py:190} INFO - [2025-04-30T00:40:05.515+0000] {dag.py:4138} INFO - Setting next_dagrun for tutorial_dag to None, run_after=None
[2025-04-30T00:40:05.563+0000] {processor.py:208} INFO - Processing /home/airflow/.local/lib/python3.12/site-packages/airflow/example_dags/tutorial_dag.py took 0.165 seconds
[2025-04-30T00:40:35.737+0000] {processor.py:186} INFO - Started process (PID=1305) to work on /home/airflow/.local/lib/python3.12/site-packages/airflow/example_dags/tutorial_dag.py
[2025-04-30T00:40:35.739+0000] {processor.py:914} INFO - Processing file /home/airflow/.local/lib/python3.12/site-packages/airflow/example_dags/tutorial_dag.py for tasks to queue
[2025-04-30T00:40:35.746+0000] {logging_mixin.py:190} INFO - [2025-04-30T00:40:35.745+0000] {dagbag.py:587} INFO - Filling up the DagBag from /home/airflow/.local/lib/python3.12/site-packages/airflow/example_dags/tutorial_dag.py
[2025-04-30T00:40:35.763+0000] {processor.py:925} INFO - DAG(s) 'tutorial_dag' retrieved from /home/airflow/.local/lib/python3.12/site-packages/airflow/example_dags/tutorial_dag.py
[2025-04-30T00:40:35.809+0000] {logging_mixin.py:190} INFO - [2025-04-30T00:40:35.808+0000] {dag.py:3211} INFO - Sync 1 DAGs
[2025-04-30T00:40:35.844+0000] {logging_mixin.py:190} INFO - [2025-04-30T00:40:35.844+0000] {dag.py:4138} INFO - Setting next_dagrun for tutorial_dag to None, run_after=None
[2025-04-30T00:40:35.887+0000] {processor.py:208} INFO - Processing /home/airflow/.local/lib/python3.12/site-packages/airflow/example_dags/tutorial_dag.py took 0.163 seconds
[2025-04-30T00:41:06.217+0000] {processor.py:186} INFO - Started process (PID=1368) to work on /home/airflow/.local/lib/python3.12/site-packages/airflow/example_dags/tutorial_dag.py
[2025-04-30T00:41:06.219+0000] {processor.py:914} INFO - Processing file /home/airflow/.local/lib/python3.12/site-packages/airflow/example_dags/tutorial_dag.py for tasks to queue
[2025-04-30T00:41:06.224+0000] {logging_mixin.py:190} INFO - [2025-04-30T00:41:06.223+0000] {dagbag.py:587} INFO - Filling up the DagBag from /home/airflow/.local/lib/python3.12/site-packages/airflow/example_dags/tutorial_dag.py
[2025-04-30T00:41:06.238+0000] {processor.py:925} INFO - DAG(s) 'tutorial_dag' retrieved from /home/airflow/.local/lib/python3.12/site-packages/airflow/example_dags/tutorial_dag.py
[2025-04-30T00:41:06.282+0000] {logging_mixin.py:190} INFO - [2025-04-30T00:41:06.281+0000] {dag.py:3211} INFO - Sync 1 DAGs
[2025-04-30T00:41:06.315+0000] {logging_mixin.py:190} INFO - [2025-04-30T00:41:06.314+0000] {dag.py:4138} INFO - Setting next_dagrun for tutorial_dag to None, run_after=None
[2025-04-30T00:41:06.360+0000] {processor.py:208} INFO - Processing /home/airflow/.local/lib/python3.12/site-packages/airflow/example_dags/tutorial_dag.py took 0.154 seconds
[2025-04-30T00:41:36.527+0000] {processor.py:186} INFO - Started process (PID=1430) to work on /home/airflow/.local/lib/python3.12/site-packages/airflow/example_dags/tutorial_dag.py
[2025-04-30T00:41:36.529+0000] {processor.py:914} INFO - Processing file /home/airflow/.local/lib/python3.12/site-packages/airflow/example_dags/tutorial_dag.py for tasks to queue
[2025-04-30T00:41:36.534+0000] {logging_mixin.py:190} INFO - [2025-04-30T00:41:36.533+0000] {dagbag.py:587} INFO - Filling up the DagBag from /home/airflow/.local/lib/python3.12/site-packages/airflow/example_dags/tutorial_dag.py
[2025-04-30T00:41:36.548+0000] {processor.py:925} INFO - DAG(s) 'tutorial_dag' retrieved from /home/airflow/.local/lib/python3.12/site-packages/airflow/example_dags/tutorial_dag.py
[2025-04-30T00:41:36.591+0000] {logging_mixin.py:190} INFO - [2025-04-30T00:41:36.591+0000] {dag.py:3211} INFO - Sync 1 DAGs
[2025-04-30T00:41:36.625+0000] {logging_mixin.py:190} INFO - [2025-04-30T00:41:36.624+0000] {dag.py:4138} INFO - Setting next_dagrun for tutorial_dag to None, run_after=None
[2025-04-30T00:41:36.668+0000] {processor.py:208} INFO - Processing /home/airflow/.local/lib/python3.12/site-packages/airflow/example_dags/tutorial_dag.py took 0.153 seconds
[2025-04-30T00:42:07.296+0000] {processor.py:186} INFO - Started process (PID=1497) to work on /home/airflow/.local/lib/python3.12/site-packages/airflow/example_dags/tutorial_dag.py
[2025-04-30T00:42:07.298+0000] {processor.py:914} INFO - Processing file /home/airflow/.local/lib/python3.12/site-packages/airflow/example_dags/tutorial_dag.py for tasks to queue
[2025-04-30T00:42:07.301+0000] {logging_mixin.py:190} INFO - [2025-04-30T00:42:07.300+0000] {dagbag.py:587} INFO - Filling up the DagBag from /home/airflow/.local/lib/python3.12/site-packages/airflow/example_dags/tutorial_dag.py
[2025-04-30T00:42:07.317+0000] {processor.py:925} INFO - DAG(s) 'tutorial_dag' retrieved from /home/airflow/.local/lib/python3.12/site-packages/airflow/example_dags/tutorial_dag.py
[2025-04-30T00:42:07.363+0000] {logging_mixin.py:190} INFO - [2025-04-30T00:42:07.362+0000] {dag.py:3211} INFO - Sync 1 DAGs
[2025-04-30T00:42:07.405+0000] {logging_mixin.py:190} INFO - [2025-04-30T00:42:07.405+0000] {dag.py:4138} INFO - Setting next_dagrun for tutorial_dag to None, run_after=None
[2025-04-30T00:42:07.451+0000] {processor.py:208} INFO - Processing /home/airflow/.local/lib/python3.12/site-packages/airflow/example_dags/tutorial_dag.py took 0.174 seconds
[2025-04-30T00:42:38.404+0000] {processor.py:186} INFO - Started process (PID=1560) to work on /home/airflow/.local/lib/python3.12/site-packages/airflow/example_dags/tutorial_dag.py
[2025-04-30T00:42:38.406+0000] {processor.py:914} INFO - Processing file /home/airflow/.local/lib/python3.12/site-packages/airflow/example_dags/tutorial_dag.py for tasks to queue
[2025-04-30T00:42:38.410+0000] {logging_mixin.py:190} INFO - [2025-04-30T00:42:38.409+0000] {dagbag.py:587} INFO - Filling up the DagBag from /home/airflow/.local/lib/python3.12/site-packages/airflow/example_dags/tutorial_dag.py
[2025-04-30T00:42:38.429+0000] {processor.py:925} INFO - DAG(s) 'tutorial_dag' retrieved from /home/airflow/.local/lib/python3.12/site-packages/airflow/example_dags/tutorial_dag.py
[2025-04-30T00:42:38.473+0000] {logging_mixin.py:190} INFO - [2025-04-30T00:42:38.473+0000] {dag.py:3211} INFO - Sync 1 DAGs
[2025-04-30T00:42:38.501+0000] {logging_mixin.py:190} INFO - [2025-04-30T00:42:38.501+0000] {dag.py:4138} INFO - Setting next_dagrun for tutorial_dag to None, run_after=None
[2025-04-30T00:42:38.540+0000] {processor.py:208} INFO - Processing /home/airflow/.local/lib/python3.12/site-packages/airflow/example_dags/tutorial_dag.py took 0.155 seconds
[2025-04-30T00:43:09.307+0000] {processor.py:186} INFO - Started process (PID=1623) to work on /home/airflow/.local/lib/python3.12/site-packages/airflow/example_dags/tutorial_dag.py
[2025-04-30T00:43:09.309+0000] {processor.py:914} INFO - Processing file /home/airflow/.local/lib/python3.12/site-packages/airflow/example_dags/tutorial_dag.py for tasks to queue
[2025-04-30T00:43:09.311+0000] {logging_mixin.py:190} INFO - [2025-04-30T00:43:09.311+0000] {dagbag.py:587} INFO - Filling up the DagBag from /home/airflow/.local/lib/python3.12/site-packages/airflow/example_dags/tutorial_dag.py
[2025-04-30T00:43:09.330+0000] {processor.py:925} INFO - DAG(s) 'tutorial_dag' retrieved from /home/airflow/.local/lib/python3.12/site-packages/airflow/example_dags/tutorial_dag.py
[2025-04-30T00:43:09.383+0000] {logging_mixin.py:190} INFO - [2025-04-30T00:43:09.382+0000] {dag.py:3211} INFO - Sync 1 DAGs
[2025-04-30T00:43:09.410+0000] {logging_mixin.py:190} INFO - [2025-04-30T00:43:09.410+0000] {dag.py:4138} INFO - Setting next_dagrun for tutorial_dag to None, run_after=None
[2025-04-30T00:43:09.445+0000] {processor.py:208} INFO - Processing /home/airflow/.local/lib/python3.12/site-packages/airflow/example_dags/tutorial_dag.py took 0.150 seconds
[2025-04-30T00:43:39.792+0000] {processor.py:186} INFO - Started process (PID=1686) to work on /home/airflow/.local/lib/python3.12/site-packages/airflow/example_dags/tutorial_dag.py
[2025-04-30T00:43:39.795+0000] {processor.py:914} INFO - Processing file /home/airflow/.local/lib/python3.12/site-packages/airflow/example_dags/tutorial_dag.py for tasks to queue
[2025-04-30T00:43:39.800+0000] {logging_mixin.py:190} INFO - [2025-04-30T00:43:39.799+0000] {dagbag.py:587} INFO - Filling up the DagBag from /home/airflow/.local/lib/python3.12/site-packages/airflow/example_dags/tutorial_dag.py
[2025-04-30T00:43:39.827+0000] {processor.py:925} INFO - DAG(s) 'tutorial_dag' retrieved from /home/airflow/.local/lib/python3.12/site-packages/airflow/example_dags/tutorial_dag.py
[2025-04-30T00:43:39.901+0000] {logging_mixin.py:190} INFO - [2025-04-30T00:43:39.900+0000] {dag.py:3211} INFO - Sync 1 DAGs
[2025-04-30T00:43:39.948+0000] {logging_mixin.py:190} INFO - [2025-04-30T00:43:39.947+0000] {dag.py:4138} INFO - Setting next_dagrun for tutorial_dag to None, run_after=None
[2025-04-30T00:43:40.018+0000] {processor.py:208} INFO - Processing /home/airflow/.local/lib/python3.12/site-packages/airflow/example_dags/tutorial_dag.py took 0.248 seconds
[2025-04-30T00:44:10.141+0000] {processor.py:186} INFO - Started process (PID=1749) to work on /home/airflow/.local/lib/python3.12/site-packages/airflow/example_dags/tutorial_dag.py
[2025-04-30T00:44:10.142+0000] {processor.py:914} INFO - Processing file /home/airflow/.local/lib/python3.12/site-packages/airflow/example_dags/tutorial_dag.py for tasks to queue
[2025-04-30T00:44:10.143+0000] {logging_mixin.py:190} INFO - [2025-04-30T00:44:10.143+0000] {dagbag.py:587} INFO - Filling up the DagBag from /home/airflow/.local/lib/python3.12/site-packages/airflow/example_dags/tutorial_dag.py
[2025-04-30T00:44:10.153+0000] {processor.py:925} INFO - DAG(s) 'tutorial_dag' retrieved from /home/airflow/.local/lib/python3.12/site-packages/airflow/example_dags/tutorial_dag.py
[2025-04-30T00:44:10.185+0000] {logging_mixin.py:190} INFO - [2025-04-30T00:44:10.184+0000] {dag.py:3211} INFO - Sync 1 DAGs
[2025-04-30T00:44:10.207+0000] {logging_mixin.py:190} INFO - [2025-04-30T00:44:10.207+0000] {dag.py:4138} INFO - Setting next_dagrun for tutorial_dag to None, run_after=None
[2025-04-30T00:44:10.237+0000] {processor.py:208} INFO - Processing /home/airflow/.local/lib/python3.12/site-packages/airflow/example_dags/tutorial_dag.py took 0.104 seconds
[2025-04-30T00:44:41.024+0000] {processor.py:186} INFO - Started process (PID=1812) to work on /home/airflow/.local/lib/python3.12/site-packages/airflow/example_dags/tutorial_dag.py
[2025-04-30T00:44:41.026+0000] {processor.py:914} INFO - Processing file /home/airflow/.local/lib/python3.12/site-packages/airflow/example_dags/tutorial_dag.py for tasks to queue
[2025-04-30T00:44:41.028+0000] {logging_mixin.py:190} INFO - [2025-04-30T00:44:41.028+0000] {dagbag.py:587} INFO - Filling up the DagBag from /home/airflow/.local/lib/python3.12/site-packages/airflow/example_dags/tutorial_dag.py
[2025-04-30T00:44:41.041+0000] {processor.py:925} INFO - DAG(s) 'tutorial_dag' retrieved from /home/airflow/.local/lib/python3.12/site-packages/airflow/example_dags/tutorial_dag.py
[2025-04-30T00:44:41.075+0000] {logging_mixin.py:190} INFO - [2025-04-30T00:44:41.075+0000] {dag.py:3211} INFO - Sync 1 DAGs
[2025-04-30T00:44:41.101+0000] {logging_mixin.py:190} INFO - [2025-04-30T00:44:41.101+0000] {dag.py:4138} INFO - Setting next_dagrun for tutorial_dag to None, run_after=None
[2025-04-30T00:44:41.131+0000] {processor.py:208} INFO - Processing /home/airflow/.local/lib/python3.12/site-packages/airflow/example_dags/tutorial_dag.py took 0.117 seconds
[2025-04-30T00:45:11.849+0000] {processor.py:186} INFO - Started process (PID=1875) to work on /home/airflow/.local/lib/python3.12/site-packages/airflow/example_dags/tutorial_dag.py
[2025-04-30T00:45:11.850+0000] {processor.py:914} INFO - Processing file /home/airflow/.local/lib/python3.12/site-packages/airflow/example_dags/tutorial_dag.py for tasks to queue
[2025-04-30T00:45:11.852+0000] {logging_mixin.py:190} INFO - [2025-04-30T00:45:11.851+0000] {dagbag.py:587} INFO - Filling up the DagBag from /home/airflow/.local/lib/python3.12/site-packages/airflow/example_dags/tutorial_dag.py
[2025-04-30T00:45:11.861+0000] {processor.py:925} INFO - DAG(s) 'tutorial_dag' retrieved from /home/airflow/.local/lib/python3.12/site-packages/airflow/example_dags/tutorial_dag.py
[2025-04-30T00:45:11.885+0000] {logging_mixin.py:190} INFO - [2025-04-30T00:45:11.884+0000] {dag.py:3211} INFO - Sync 1 DAGs
[2025-04-30T00:45:11.904+0000] {logging_mixin.py:190} INFO - [2025-04-30T00:45:11.904+0000] {dag.py:4138} INFO - Setting next_dagrun for tutorial_dag to None, run_after=None
[2025-04-30T00:45:11.929+0000] {processor.py:208} INFO - Processing /home/airflow/.local/lib/python3.12/site-packages/airflow/example_dags/tutorial_dag.py took 0.087 seconds
[2025-04-30T00:45:42.915+0000] {processor.py:186} INFO - Started process (PID=1938) to work on /home/airflow/.local/lib/python3.12/site-packages/airflow/example_dags/tutorial_dag.py
[2025-04-30T00:45:42.917+0000] {processor.py:914} INFO - Processing file /home/airflow/.local/lib/python3.12/site-packages/airflow/example_dags/tutorial_dag.py for tasks to queue
[2025-04-30T00:45:42.919+0000] {logging_mixin.py:190} INFO - [2025-04-30T00:45:42.919+0000] {dagbag.py:587} INFO - Filling up the DagBag from /home/airflow/.local/lib/python3.12/site-packages/airflow/example_dags/tutorial_dag.py
[2025-04-30T00:45:42.937+0000] {processor.py:925} INFO - DAG(s) 'tutorial_dag' retrieved from /home/airflow/.local/lib/python3.12/site-packages/airflow/example_dags/tutorial_dag.py
[2025-04-30T00:45:42.983+0000] {logging_mixin.py:190} INFO - [2025-04-30T00:45:42.983+0000] {dag.py:3211} INFO - Sync 1 DAGs
[2025-04-30T00:45:43.014+0000] {logging_mixin.py:190} INFO - [2025-04-30T00:45:43.013+0000] {dag.py:4138} INFO - Setting next_dagrun for tutorial_dag to None, run_after=None
[2025-04-30T00:45:43.052+0000] {processor.py:208} INFO - Processing /home/airflow/.local/lib/python3.12/site-packages/airflow/example_dags/tutorial_dag.py took 0.158 seconds
[2025-04-30T00:46:13.953+0000] {processor.py:186} INFO - Started process (PID=2001) to work on /home/airflow/.local/lib/python3.12/site-packages/airflow/example_dags/tutorial_dag.py
[2025-04-30T00:46:13.954+0000] {processor.py:914} INFO - Processing file /home/airflow/.local/lib/python3.12/site-packages/airflow/example_dags/tutorial_dag.py for tasks to queue
[2025-04-30T00:46:13.955+0000] {logging_mixin.py:190} INFO - [2025-04-30T00:46:13.955+0000] {dagbag.py:587} INFO - Filling up the DagBag from /home/airflow/.local/lib/python3.12/site-packages/airflow/example_dags/tutorial_dag.py
[2025-04-30T00:46:13.963+0000] {processor.py:925} INFO - DAG(s) 'tutorial_dag' retrieved from /home/airflow/.local/lib/python3.12/site-packages/airflow/example_dags/tutorial_dag.py
[2025-04-30T00:46:13.989+0000] {logging_mixin.py:190} INFO - [2025-04-30T00:46:13.988+0000] {dag.py:3211} INFO - Sync 1 DAGs
[2025-04-30T00:46:14.008+0000] {logging_mixin.py:190} INFO - [2025-04-30T00:46:14.007+0000] {dag.py:4138} INFO - Setting next_dagrun for tutorial_dag to None, run_after=None
[2025-04-30T00:46:14.031+0000] {processor.py:208} INFO - Processing /home/airflow/.local/lib/python3.12/site-packages/airflow/example_dags/tutorial_dag.py took 0.087 seconds
[2025-04-30T00:46:44.344+0000] {processor.py:186} INFO - Started process (PID=2063) to work on /home/airflow/.local/lib/python3.12/site-packages/airflow/example_dags/tutorial_dag.py
[2025-04-30T00:46:44.345+0000] {processor.py:914} INFO - Processing file /home/airflow/.local/lib/python3.12/site-packages/airflow/example_dags/tutorial_dag.py for tasks to queue
[2025-04-30T00:46:44.348+0000] {logging_mixin.py:190} INFO - [2025-04-30T00:46:44.347+0000] {dagbag.py:587} INFO - Filling up the DagBag from /home/airflow/.local/lib/python3.12/site-packages/airflow/example_dags/tutorial_dag.py
[2025-04-30T00:46:44.355+0000] {processor.py:925} INFO - DAG(s) 'tutorial_dag' retrieved from /home/airflow/.local/lib/python3.12/site-packages/airflow/example_dags/tutorial_dag.py
[2025-04-30T00:46:44.380+0000] {logging_mixin.py:190} INFO - [2025-04-30T00:46:44.380+0000] {dag.py:3211} INFO - Sync 1 DAGs
[2025-04-30T00:46:44.399+0000] {logging_mixin.py:190} INFO - [2025-04-30T00:46:44.398+0000] {dag.py:4138} INFO - Setting next_dagrun for tutorial_dag to None, run_after=None
[2025-04-30T00:46:44.425+0000] {processor.py:208} INFO - Processing /home/airflow/.local/lib/python3.12/site-packages/airflow/example_dags/tutorial_dag.py took 0.087 seconds
[2025-04-30T00:47:15.117+0000] {processor.py:186} INFO - Started process (PID=2133) to work on /home/airflow/.local/lib/python3.12/site-packages/airflow/example_dags/tutorial_dag.py
[2025-04-30T00:47:15.118+0000] {processor.py:914} INFO - Processing file /home/airflow/.local/lib/python3.12/site-packages/airflow/example_dags/tutorial_dag.py for tasks to queue
[2025-04-30T00:47:15.120+0000] {logging_mixin.py:190} INFO - [2025-04-30T00:47:15.119+0000] {dagbag.py:587} INFO - Filling up the DagBag from /home/airflow/.local/lib/python3.12/site-packages/airflow/example_dags/tutorial_dag.py
[2025-04-30T00:47:15.128+0000] {processor.py:925} INFO - DAG(s) 'tutorial_dag' retrieved from /home/airflow/.local/lib/python3.12/site-packages/airflow/example_dags/tutorial_dag.py
[2025-04-30T00:47:15.153+0000] {logging_mixin.py:190} INFO - [2025-04-30T00:47:15.152+0000] {dag.py:3211} INFO - Sync 1 DAGs
[2025-04-30T00:47:15.171+0000] {logging_mixin.py:190} INFO - [2025-04-30T00:47:15.171+0000] {dag.py:4138} INFO - Setting next_dagrun for tutorial_dag to None, run_after=None
[2025-04-30T00:47:15.198+0000] {processor.py:208} INFO - Processing /home/airflow/.local/lib/python3.12/site-packages/airflow/example_dags/tutorial_dag.py took 0.087 seconds
[2025-04-30T00:47:46.113+0000] {processor.py:186} INFO - Started process (PID=2196) to work on /home/airflow/.local/lib/python3.12/site-packages/airflow/example_dags/tutorial_dag.py
[2025-04-30T00:47:46.114+0000] {processor.py:914} INFO - Processing file /home/airflow/.local/lib/python3.12/site-packages/airflow/example_dags/tutorial_dag.py for tasks to queue
[2025-04-30T00:47:46.115+0000] {logging_mixin.py:190} INFO - [2025-04-30T00:47:46.115+0000] {dagbag.py:587} INFO - Filling up the DagBag from /home/airflow/.local/lib/python3.12/site-packages/airflow/example_dags/tutorial_dag.py
[2025-04-30T00:47:46.125+0000] {processor.py:925} INFO - DAG(s) 'tutorial_dag' retrieved from /home/airflow/.local/lib/python3.12/site-packages/airflow/example_dags/tutorial_dag.py
[2025-04-30T00:47:46.150+0000] {logging_mixin.py:190} INFO - [2025-04-30T00:47:46.149+0000] {dag.py:3211} INFO - Sync 1 DAGs
[2025-04-30T00:47:46.172+0000] {logging_mixin.py:190} INFO - [2025-04-30T00:47:46.172+0000] {dag.py:4138} INFO - Setting next_dagrun for tutorial_dag to None, run_after=None
[2025-04-30T00:47:46.196+0000] {processor.py:208} INFO - Processing /home/airflow/.local/lib/python3.12/site-packages/airflow/example_dags/tutorial_dag.py took 0.091 seconds
[2025-04-30T00:48:16.520+0000] {processor.py:186} INFO - Started process (PID=2258) to work on /home/airflow/.local/lib/python3.12/site-packages/airflow/example_dags/tutorial_dag.py
[2025-04-30T00:48:16.521+0000] {processor.py:914} INFO - Processing file /home/airflow/.local/lib/python3.12/site-packages/airflow/example_dags/tutorial_dag.py for tasks to queue
[2025-04-30T00:48:16.523+0000] {logging_mixin.py:190} INFO - [2025-04-30T00:48:16.522+0000] {dagbag.py:587} INFO - Filling up the DagBag from /home/airflow/.local/lib/python3.12/site-packages/airflow/example_dags/tutorial_dag.py
[2025-04-30T00:48:16.532+0000] {processor.py:925} INFO - DAG(s) 'tutorial_dag' retrieved from /home/airflow/.local/lib/python3.12/site-packages/airflow/example_dags/tutorial_dag.py
[2025-04-30T00:48:16.557+0000] {logging_mixin.py:190} INFO - [2025-04-30T00:48:16.557+0000] {dag.py:3211} INFO - Sync 1 DAGs
[2025-04-30T00:48:16.579+0000] {logging_mixin.py:190} INFO - [2025-04-30T00:48:16.578+0000] {dag.py:4138} INFO - Setting next_dagrun for tutorial_dag to None, run_after=None
[2025-04-30T00:48:16.603+0000] {processor.py:208} INFO - Processing /home/airflow/.local/lib/python3.12/site-packages/airflow/example_dags/tutorial_dag.py took 0.090 seconds
[2025-04-30T00:48:46.864+0000] {processor.py:186} INFO - Started process (PID=2321) to work on /home/airflow/.local/lib/python3.12/site-packages/airflow/example_dags/tutorial_dag.py
[2025-04-30T00:48:46.865+0000] {processor.py:914} INFO - Processing file /home/airflow/.local/lib/python3.12/site-packages/airflow/example_dags/tutorial_dag.py for tasks to queue
[2025-04-30T00:48:46.867+0000] {logging_mixin.py:190} INFO - [2025-04-30T00:48:46.866+0000] {dagbag.py:587} INFO - Filling up the DagBag from /home/airflow/.local/lib/python3.12/site-packages/airflow/example_dags/tutorial_dag.py
[2025-04-30T00:48:46.875+0000] {processor.py:925} INFO - DAG(s) 'tutorial_dag' retrieved from /home/airflow/.local/lib/python3.12/site-packages/airflow/example_dags/tutorial_dag.py
[2025-04-30T00:48:46.900+0000] {logging_mixin.py:190} INFO - [2025-04-30T00:48:46.900+0000] {dag.py:3211} INFO - Sync 1 DAGs
[2025-04-30T00:48:46.918+0000] {logging_mixin.py:190} INFO - [2025-04-30T00:48:46.918+0000] {dag.py:4138} INFO - Setting next_dagrun for tutorial_dag to None, run_after=None
[2025-04-30T00:48:46.940+0000] {processor.py:208} INFO - Processing /home/airflow/.local/lib/python3.12/site-packages/airflow/example_dags/tutorial_dag.py took 0.084 seconds
[2025-04-30T00:49:17.301+0000] {processor.py:186} INFO - Started process (PID=2384) to work on /home/airflow/.local/lib/python3.12/site-packages/airflow/example_dags/tutorial_dag.py
[2025-04-30T00:49:17.302+0000] {processor.py:914} INFO - Processing file /home/airflow/.local/lib/python3.12/site-packages/airflow/example_dags/tutorial_dag.py for tasks to queue
[2025-04-30T00:49:17.304+0000] {logging_mixin.py:190} INFO - [2025-04-30T00:49:17.304+0000] {dagbag.py:587} INFO - Filling up the DagBag from /home/airflow/.local/lib/python3.12/site-packages/airflow/example_dags/tutorial_dag.py
[2025-04-30T00:49:17.312+0000] {processor.py:925} INFO - DAG(s) 'tutorial_dag' retrieved from /home/airflow/.local/lib/python3.12/site-packages/airflow/example_dags/tutorial_dag.py
[2025-04-30T00:49:17.339+0000] {logging_mixin.py:190} INFO - [2025-04-30T00:49:17.338+0000] {dag.py:3211} INFO - Sync 1 DAGs
[2025-04-30T00:49:17.357+0000] {logging_mixin.py:190} INFO - [2025-04-30T00:49:17.357+0000] {dag.py:4138} INFO - Setting next_dagrun for tutorial_dag to None, run_after=None
[2025-04-30T00:49:17.384+0000] {processor.py:208} INFO - Processing /home/airflow/.local/lib/python3.12/site-packages/airflow/example_dags/tutorial_dag.py took 0.090 seconds
[2025-04-30T00:49:47.777+0000] {processor.py:186} INFO - Started process (PID=2447) to work on /home/airflow/.local/lib/python3.12/site-packages/airflow/example_dags/tutorial_dag.py
[2025-04-30T00:49:47.778+0000] {processor.py:914} INFO - Processing file /home/airflow/.local/lib/python3.12/site-packages/airflow/example_dags/tutorial_dag.py for tasks to queue
[2025-04-30T00:49:47.780+0000] {logging_mixin.py:190} INFO - [2025-04-30T00:49:47.779+0000] {dagbag.py:587} INFO - Filling up the DagBag from /home/airflow/.local/lib/python3.12/site-packages/airflow/example_dags/tutorial_dag.py
[2025-04-30T00:49:47.789+0000] {processor.py:925} INFO - DAG(s) 'tutorial_dag' retrieved from /home/airflow/.local/lib/python3.12/site-packages/airflow/example_dags/tutorial_dag.py
[2025-04-30T00:49:47.814+0000] {logging_mixin.py:190} INFO - [2025-04-30T00:49:47.814+0000] {dag.py:3211} INFO - Sync 1 DAGs
[2025-04-30T00:49:47.831+0000] {logging_mixin.py:190} INFO - [2025-04-30T00:49:47.831+0000] {dag.py:4138} INFO - Setting next_dagrun for tutorial_dag to None, run_after=None
[2025-04-30T00:49:47.856+0000] {processor.py:208} INFO - Processing /home/airflow/.local/lib/python3.12/site-packages/airflow/example_dags/tutorial_dag.py took 0.086 seconds
[2025-04-30T00:50:18.116+0000] {processor.py:186} INFO - Started process (PID=2511) to work on /home/airflow/.local/lib/python3.12/site-packages/airflow/example_dags/tutorial_dag.py
[2025-04-30T00:50:18.117+0000] {processor.py:914} INFO - Processing file /home/airflow/.local/lib/python3.12/site-packages/airflow/example_dags/tutorial_dag.py for tasks to queue
[2025-04-30T00:50:18.119+0000] {logging_mixin.py:190} INFO - [2025-04-30T00:50:18.118+0000] {dagbag.py:587} INFO - Filling up the DagBag from /home/airflow/.local/lib/python3.12/site-packages/airflow/example_dags/tutorial_dag.py
[2025-04-30T00:50:18.127+0000] {processor.py:925} INFO - DAG(s) 'tutorial_dag' retrieved from /home/airflow/.local/lib/python3.12/site-packages/airflow/example_dags/tutorial_dag.py
[2025-04-30T00:50:18.152+0000] {logging_mixin.py:190} INFO - [2025-04-30T00:50:18.152+0000] {dag.py:3211} INFO - Sync 1 DAGs
[2025-04-30T00:50:18.171+0000] {logging_mixin.py:190} INFO - [2025-04-30T00:50:18.171+0000] {dag.py:4138} INFO - Setting next_dagrun for tutorial_dag to None, run_after=None
[2025-04-30T00:50:18.196+0000] {processor.py:208} INFO - Processing /home/airflow/.local/lib/python3.12/site-packages/airflow/example_dags/tutorial_dag.py took 0.087 seconds
[2025-04-30T00:50:49.271+0000] {processor.py:186} INFO - Started process (PID=2574) to work on /home/airflow/.local/lib/python3.12/site-packages/airflow/example_dags/tutorial_dag.py
[2025-04-30T00:50:49.273+0000] {processor.py:914} INFO - Processing file /home/airflow/.local/lib/python3.12/site-packages/airflow/example_dags/tutorial_dag.py for tasks to queue
[2025-04-30T00:50:49.274+0000] {logging_mixin.py:190} INFO - [2025-04-30T00:50:49.274+0000] {dagbag.py:587} INFO - Filling up the DagBag from /home/airflow/.local/lib/python3.12/site-packages/airflow/example_dags/tutorial_dag.py
[2025-04-30T00:50:49.284+0000] {processor.py:925} INFO - DAG(s) 'tutorial_dag' retrieved from /home/airflow/.local/lib/python3.12/site-packages/airflow/example_dags/tutorial_dag.py
[2025-04-30T00:50:49.309+0000] {logging_mixin.py:190} INFO - [2025-04-30T00:50:49.309+0000] {dag.py:3211} INFO - Sync 1 DAGs
[2025-04-30T00:50:49.333+0000] {logging_mixin.py:190} INFO - [2025-04-30T00:50:49.333+0000] {dag.py:4138} INFO - Setting next_dagrun for tutorial_dag to None, run_after=None
[2025-04-30T00:50:49.363+0000] {processor.py:208} INFO - Processing /home/airflow/.local/lib/python3.12/site-packages/airflow/example_dags/tutorial_dag.py took 0.099 seconds
[2025-04-30T00:51:19.691+0000] {processor.py:186} INFO - Started process (PID=2637) to work on /home/airflow/.local/lib/python3.12/site-packages/airflow/example_dags/tutorial_dag.py
[2025-04-30T00:51:19.692+0000] {processor.py:914} INFO - Processing file /home/airflow/.local/lib/python3.12/site-packages/airflow/example_dags/tutorial_dag.py for tasks to queue
[2025-04-30T00:51:19.694+0000] {logging_mixin.py:190} INFO - [2025-04-30T00:51:19.694+0000] {dagbag.py:587} INFO - Filling up the DagBag from /home/airflow/.local/lib/python3.12/site-packages/airflow/example_dags/tutorial_dag.py
[2025-04-30T00:51:19.705+0000] {processor.py:925} INFO - DAG(s) 'tutorial_dag' retrieved from /home/airflow/.local/lib/python3.12/site-packages/airflow/example_dags/tutorial_dag.py
[2025-04-30T00:51:19.736+0000] {logging_mixin.py:190} INFO - [2025-04-30T00:51:19.736+0000] {dag.py:3211} INFO - Sync 1 DAGs
[2025-04-30T00:51:19.757+0000] {logging_mixin.py:190} INFO - [2025-04-30T00:51:19.757+0000] {dag.py:4138} INFO - Setting next_dagrun for tutorial_dag to None, run_after=None
[2025-04-30T00:51:19.791+0000] {processor.py:208} INFO - Processing /home/airflow/.local/lib/python3.12/site-packages/airflow/example_dags/tutorial_dag.py took 0.109 seconds
[2025-04-30T00:51:51.299+0000] {processor.py:186} INFO - Started process (PID=2700) to work on /home/airflow/.local/lib/python3.12/site-packages/airflow/example_dags/tutorial_dag.py
[2025-04-30T00:51:51.321+0000] {processor.py:914} INFO - Processing file /home/airflow/.local/lib/python3.12/site-packages/airflow/example_dags/tutorial_dag.py for tasks to queue
[2025-04-30T00:51:51.329+0000] {logging_mixin.py:190} INFO - [2025-04-30T00:51:51.329+0000] {dagbag.py:587} INFO - Filling up the DagBag from /home/airflow/.local/lib/python3.12/site-packages/airflow/example_dags/tutorial_dag.py
[2025-04-30T00:51:51.358+0000] {processor.py:925} INFO - DAG(s) 'tutorial_dag' retrieved from /home/airflow/.local/lib/python3.12/site-packages/airflow/example_dags/tutorial_dag.py
[2025-04-30T00:51:51.495+0000] {logging_mixin.py:190} INFO - [2025-04-30T00:51:51.494+0000] {dag.py:3211} INFO - Sync 1 DAGs
[2025-04-30T00:51:51.582+0000] {logging_mixin.py:190} INFO - [2025-04-30T00:51:51.582+0000] {dag.py:4138} INFO - Setting next_dagrun for tutorial_dag to None, run_after=None
[2025-04-30T00:51:51.695+0000] {processor.py:208} INFO - Processing /home/airflow/.local/lib/python3.12/site-packages/airflow/example_dags/tutorial_dag.py took 0.416 seconds
[2025-04-30T00:59:32.314+0000] {processor.py:186} INFO - Started process (PID=2729) to work on /home/airflow/.local/lib/python3.12/site-packages/airflow/example_dags/tutorial_dag.py
[2025-04-30T00:59:32.315+0000] {processor.py:914} INFO - Processing file /home/airflow/.local/lib/python3.12/site-packages/airflow/example_dags/tutorial_dag.py for tasks to queue
[2025-04-30T00:59:32.317+0000] {logging_mixin.py:190} INFO - [2025-04-30T00:59:32.317+0000] {dagbag.py:587} INFO - Filling up the DagBag from /home/airflow/.local/lib/python3.12/site-packages/airflow/example_dags/tutorial_dag.py
[2025-04-30T00:59:32.333+0000] {processor.py:925} INFO - DAG(s) 'tutorial_dag' retrieved from /home/airflow/.local/lib/python3.12/site-packages/airflow/example_dags/tutorial_dag.py
[2025-04-30T00:59:32.378+0000] {logging_mixin.py:190} INFO - [2025-04-30T00:59:32.378+0000] {dag.py:3211} INFO - Sync 1 DAGs
[2025-04-30T00:59:32.406+0000] {logging_mixin.py:190} INFO - [2025-04-30T00:59:32.405+0000] {dag.py:4138} INFO - Setting next_dagrun for tutorial_dag to None, run_after=None
[2025-04-30T00:59:32.448+0000] {processor.py:208} INFO - Processing /home/airflow/.local/lib/python3.12/site-packages/airflow/example_dags/tutorial_dag.py took 0.147 seconds
[2025-04-30T01:00:02.682+0000] {processor.py:186} INFO - Started process (PID=2792) to work on /home/airflow/.local/lib/python3.12/site-packages/airflow/example_dags/tutorial_dag.py
[2025-04-30T01:00:02.683+0000] {processor.py:914} INFO - Processing file /home/airflow/.local/lib/python3.12/site-packages/airflow/example_dags/tutorial_dag.py for tasks to queue
[2025-04-30T01:00:02.685+0000] {logging_mixin.py:190} INFO - [2025-04-30T01:00:02.684+0000] {dagbag.py:587} INFO - Filling up the DagBag from /home/airflow/.local/lib/python3.12/site-packages/airflow/example_dags/tutorial_dag.py
[2025-04-30T01:00:02.692+0000] {processor.py:925} INFO - DAG(s) 'tutorial_dag' retrieved from /home/airflow/.local/lib/python3.12/site-packages/airflow/example_dags/tutorial_dag.py
[2025-04-30T01:00:02.715+0000] {logging_mixin.py:190} INFO - [2025-04-30T01:00:02.715+0000] {dag.py:3211} INFO - Sync 1 DAGs
[2025-04-30T01:00:02.738+0000] {logging_mixin.py:190} INFO - [2025-04-30T01:00:02.738+0000] {dag.py:4138} INFO - Setting next_dagrun for tutorial_dag to None, run_after=None
[2025-04-30T01:00:02.761+0000] {processor.py:208} INFO - Processing /home/airflow/.local/lib/python3.12/site-packages/airflow/example_dags/tutorial_dag.py took 0.086 seconds
[2025-04-30T01:00:33.555+0000] {processor.py:186} INFO - Started process (PID=2855) to work on /home/airflow/.local/lib/python3.12/site-packages/airflow/example_dags/tutorial_dag.py
[2025-04-30T01:00:33.556+0000] {processor.py:914} INFO - Processing file /home/airflow/.local/lib/python3.12/site-packages/airflow/example_dags/tutorial_dag.py for tasks to queue
[2025-04-30T01:00:33.557+0000] {logging_mixin.py:190} INFO - [2025-04-30T01:00:33.557+0000] {dagbag.py:587} INFO - Filling up the DagBag from /home/airflow/.local/lib/python3.12/site-packages/airflow/example_dags/tutorial_dag.py
[2025-04-30T01:00:33.565+0000] {processor.py:925} INFO - DAG(s) 'tutorial_dag' retrieved from /home/airflow/.local/lib/python3.12/site-packages/airflow/example_dags/tutorial_dag.py
[2025-04-30T01:00:33.587+0000] {logging_mixin.py:190} INFO - [2025-04-30T01:00:33.587+0000] {dag.py:3211} INFO - Sync 1 DAGs
[2025-04-30T01:00:33.618+0000] {logging_mixin.py:190} INFO - [2025-04-30T01:00:33.618+0000] {dag.py:4138} INFO - Setting next_dagrun for tutorial_dag to None, run_after=None
[2025-04-30T01:00:33.641+0000] {processor.py:208} INFO - Processing /home/airflow/.local/lib/python3.12/site-packages/airflow/example_dags/tutorial_dag.py took 0.093 seconds
[2025-04-30T01:01:05.039+0000] {processor.py:186} INFO - Started process (PID=2925) to work on /home/airflow/.local/lib/python3.12/site-packages/airflow/example_dags/tutorial_dag.py
[2025-04-30T01:01:05.041+0000] {processor.py:914} INFO - Processing file /home/airflow/.local/lib/python3.12/site-packages/airflow/example_dags/tutorial_dag.py for tasks to queue
[2025-04-30T01:01:05.042+0000] {logging_mixin.py:190} INFO - [2025-04-30T01:01:05.042+0000] {dagbag.py:587} INFO - Filling up the DagBag from /home/airflow/.local/lib/python3.12/site-packages/airflow/example_dags/tutorial_dag.py
[2025-04-30T01:01:05.051+0000] {processor.py:925} INFO - DAG(s) 'tutorial_dag' retrieved from /home/airflow/.local/lib/python3.12/site-packages/airflow/example_dags/tutorial_dag.py
[2025-04-30T01:01:05.078+0000] {logging_mixin.py:190} INFO - [2025-04-30T01:01:05.078+0000] {dag.py:3211} INFO - Sync 1 DAGs
[2025-04-30T01:01:05.096+0000] {logging_mixin.py:190} INFO - [2025-04-30T01:01:05.096+0000] {dag.py:4138} INFO - Setting next_dagrun for tutorial_dag to None, run_after=None
[2025-04-30T01:01:05.117+0000] {processor.py:208} INFO - Processing /home/airflow/.local/lib/python3.12/site-packages/airflow/example_dags/tutorial_dag.py took 0.087 seconds
[2025-04-30T01:01:35.957+0000] {processor.py:186} INFO - Started process (PID=2988) to work on /home/airflow/.local/lib/python3.12/site-packages/airflow/example_dags/tutorial_dag.py
[2025-04-30T01:01:35.958+0000] {processor.py:914} INFO - Processing file /home/airflow/.local/lib/python3.12/site-packages/airflow/example_dags/tutorial_dag.py for tasks to queue
[2025-04-30T01:01:35.959+0000] {logging_mixin.py:190} INFO - [2025-04-30T01:01:35.959+0000] {dagbag.py:587} INFO - Filling up the DagBag from /home/airflow/.local/lib/python3.12/site-packages/airflow/example_dags/tutorial_dag.py
[2025-04-30T01:01:35.967+0000] {processor.py:925} INFO - DAG(s) 'tutorial_dag' retrieved from /home/airflow/.local/lib/python3.12/site-packages/airflow/example_dags/tutorial_dag.py
[2025-04-30T01:01:36.000+0000] {logging_mixin.py:190} INFO - [2025-04-30T01:01:36.000+0000] {dag.py:3211} INFO - Sync 1 DAGs
[2025-04-30T01:01:36.017+0000] {logging_mixin.py:190} INFO - [2025-04-30T01:01:36.016+0000] {dag.py:4138} INFO - Setting next_dagrun for tutorial_dag to None, run_after=None
[2025-04-30T01:01:36.050+0000] {processor.py:208} INFO - Processing /home/airflow/.local/lib/python3.12/site-packages/airflow/example_dags/tutorial_dag.py took 0.099 seconds
[2025-04-30T01:02:07.005+0000] {processor.py:186} INFO - Started process (PID=3051) to work on /home/airflow/.local/lib/python3.12/site-packages/airflow/example_dags/tutorial_dag.py
[2025-04-30T01:02:07.007+0000] {processor.py:914} INFO - Processing file /home/airflow/.local/lib/python3.12/site-packages/airflow/example_dags/tutorial_dag.py for tasks to queue
[2025-04-30T01:02:07.008+0000] {logging_mixin.py:190} INFO - [2025-04-30T01:02:07.008+0000] {dagbag.py:587} INFO - Filling up the DagBag from /home/airflow/.local/lib/python3.12/site-packages/airflow/example_dags/tutorial_dag.py
[2025-04-30T01:02:07.018+0000] {processor.py:925} INFO - DAG(s) 'tutorial_dag' retrieved from /home/airflow/.local/lib/python3.12/site-packages/airflow/example_dags/tutorial_dag.py
[2025-04-30T01:02:07.042+0000] {logging_mixin.py:190} INFO - [2025-04-30T01:02:07.042+0000] {dag.py:3211} INFO - Sync 1 DAGs
[2025-04-30T01:02:07.059+0000] {logging_mixin.py:190} INFO - [2025-04-30T01:02:07.059+0000] {dag.py:4138} INFO - Setting next_dagrun for tutorial_dag to None, run_after=None
[2025-04-30T01:02:07.082+0000] {processor.py:208} INFO - Processing /home/airflow/.local/lib/python3.12/site-packages/airflow/example_dags/tutorial_dag.py took 0.085 seconds
[2025-04-30T01:02:37.449+0000] {processor.py:186} INFO - Started process (PID=3114) to work on /home/airflow/.local/lib/python3.12/site-packages/airflow/example_dags/tutorial_dag.py
[2025-04-30T01:02:37.450+0000] {processor.py:914} INFO - Processing file /home/airflow/.local/lib/python3.12/site-packages/airflow/example_dags/tutorial_dag.py for tasks to queue
[2025-04-30T01:02:37.452+0000] {logging_mixin.py:190} INFO - [2025-04-30T01:02:37.452+0000] {dagbag.py:587} INFO - Filling up the DagBag from /home/airflow/.local/lib/python3.12/site-packages/airflow/example_dags/tutorial_dag.py
[2025-04-30T01:02:37.461+0000] {processor.py:925} INFO - DAG(s) 'tutorial_dag' retrieved from /home/airflow/.local/lib/python3.12/site-packages/airflow/example_dags/tutorial_dag.py
[2025-04-30T01:02:37.487+0000] {logging_mixin.py:190} INFO - [2025-04-30T01:02:37.486+0000] {dag.py:3211} INFO - Sync 1 DAGs
[2025-04-30T01:02:37.507+0000] {logging_mixin.py:190} INFO - [2025-04-30T01:02:37.507+0000] {dag.py:4138} INFO - Setting next_dagrun for tutorial_dag to None, run_after=None
[2025-04-30T01:02:37.535+0000] {processor.py:208} INFO - Processing /home/airflow/.local/lib/python3.12/site-packages/airflow/example_dags/tutorial_dag.py took 0.092 seconds
[2025-04-30T01:03:08.547+0000] {processor.py:186} INFO - Started process (PID=3175) to work on /home/airflow/.local/lib/python3.12/site-packages/airflow/example_dags/tutorial_dag.py
[2025-04-30T01:03:08.548+0000] {processor.py:914} INFO - Processing file /home/airflow/.local/lib/python3.12/site-packages/airflow/example_dags/tutorial_dag.py for tasks to queue
[2025-04-30T01:03:08.550+0000] {logging_mixin.py:190} INFO - [2025-04-30T01:03:08.549+0000] {dagbag.py:587} INFO - Filling up the DagBag from /home/airflow/.local/lib/python3.12/site-packages/airflow/example_dags/tutorial_dag.py
[2025-04-30T01:03:08.557+0000] {processor.py:925} INFO - DAG(s) 'tutorial_dag' retrieved from /home/airflow/.local/lib/python3.12/site-packages/airflow/example_dags/tutorial_dag.py
[2025-04-30T01:03:08.583+0000] {logging_mixin.py:190} INFO - [2025-04-30T01:03:08.582+0000] {dag.py:3211} INFO - Sync 1 DAGs
[2025-04-30T01:03:08.598+0000] {logging_mixin.py:190} INFO - [2025-04-30T01:03:08.598+0000] {dag.py:4138} INFO - Setting next_dagrun for tutorial_dag to None, run_after=None
[2025-04-30T01:03:08.619+0000] {processor.py:208} INFO - Processing /home/airflow/.local/lib/python3.12/site-packages/airflow/example_dags/tutorial_dag.py took 0.078 seconds
[2025-04-30T01:03:39.675+0000] {processor.py:186} INFO - Started process (PID=3237) to work on /home/airflow/.local/lib/python3.12/site-packages/airflow/example_dags/tutorial_dag.py
[2025-04-30T01:03:39.677+0000] {processor.py:914} INFO - Processing file /home/airflow/.local/lib/python3.12/site-packages/airflow/example_dags/tutorial_dag.py for tasks to queue
[2025-04-30T01:03:39.679+0000] {logging_mixin.py:190} INFO - [2025-04-30T01:03:39.678+0000] {dagbag.py:587} INFO - Filling up the DagBag from /home/airflow/.local/lib/python3.12/site-packages/airflow/example_dags/tutorial_dag.py
[2025-04-30T01:03:39.690+0000] {processor.py:925} INFO - DAG(s) 'tutorial_dag' retrieved from /home/airflow/.local/lib/python3.12/site-packages/airflow/example_dags/tutorial_dag.py
[2025-04-30T01:03:39.724+0000] {logging_mixin.py:190} INFO - [2025-04-30T01:03:39.724+0000] {dag.py:3211} INFO - Sync 1 DAGs
[2025-04-30T01:03:40.044+0000] {logging_mixin.py:190} INFO - [2025-04-30T01:03:40.043+0000] {dag.py:4138} INFO - Setting next_dagrun for tutorial_dag to None, run_after=None
[2025-04-30T01:03:40.077+0000] {processor.py:208} INFO - Processing /home/airflow/.local/lib/python3.12/site-packages/airflow/example_dags/tutorial_dag.py took 0.413 seconds
[2025-04-30T01:04:10.208+0000] {processor.py:186} INFO - Started process (PID=3300) to work on /home/airflow/.local/lib/python3.12/site-packages/airflow/example_dags/tutorial_dag.py
[2025-04-30T01:04:10.209+0000] {processor.py:914} INFO - Processing file /home/airflow/.local/lib/python3.12/site-packages/airflow/example_dags/tutorial_dag.py for tasks to queue
[2025-04-30T01:04:10.211+0000] {logging_mixin.py:190} INFO - [2025-04-30T01:04:10.211+0000] {dagbag.py:587} INFO - Filling up the DagBag from /home/airflow/.local/lib/python3.12/site-packages/airflow/example_dags/tutorial_dag.py
[2025-04-30T01:04:10.219+0000] {processor.py:925} INFO - DAG(s) 'tutorial_dag' retrieved from /home/airflow/.local/lib/python3.12/site-packages/airflow/example_dags/tutorial_dag.py
[2025-04-30T01:04:10.242+0000] {logging_mixin.py:190} INFO - [2025-04-30T01:04:10.242+0000] {dag.py:3211} INFO - Sync 1 DAGs
[2025-04-30T01:04:10.259+0000] {logging_mixin.py:190} INFO - [2025-04-30T01:04:10.259+0000] {dag.py:4138} INFO - Setting next_dagrun for tutorial_dag to None, run_after=None
[2025-04-30T01:04:10.485+0000] {processor.py:208} INFO - Processing /home/airflow/.local/lib/python3.12/site-packages/airflow/example_dags/tutorial_dag.py took 0.284 seconds
[2025-04-30T01:04:41.315+0000] {processor.py:186} INFO - Started process (PID=3363) to work on /home/airflow/.local/lib/python3.12/site-packages/airflow/example_dags/tutorial_dag.py
[2025-04-30T01:04:41.317+0000] {processor.py:914} INFO - Processing file /home/airflow/.local/lib/python3.12/site-packages/airflow/example_dags/tutorial_dag.py for tasks to queue
[2025-04-30T01:04:41.318+0000] {logging_mixin.py:190} INFO - [2025-04-30T01:04:41.318+0000] {dagbag.py:587} INFO - Filling up the DagBag from /home/airflow/.local/lib/python3.12/site-packages/airflow/example_dags/tutorial_dag.py
[2025-04-30T01:04:41.327+0000] {processor.py:925} INFO - DAG(s) 'tutorial_dag' retrieved from /home/airflow/.local/lib/python3.12/site-packages/airflow/example_dags/tutorial_dag.py
[2025-04-30T01:04:41.355+0000] {logging_mixin.py:190} INFO - [2025-04-30T01:04:41.354+0000] {dag.py:3211} INFO - Sync 1 DAGs
[2025-04-30T01:04:41.373+0000] {logging_mixin.py:190} INFO - [2025-04-30T01:04:41.373+0000] {dag.py:4138} INFO - Setting next_dagrun for tutorial_dag to None, run_after=None
[2025-04-30T01:04:41.399+0000] {processor.py:208} INFO - Processing /home/airflow/.local/lib/python3.12/site-packages/airflow/example_dags/tutorial_dag.py took 0.091 seconds
[2025-04-30T01:05:12.216+0000] {processor.py:186} INFO - Started process (PID=3426) to work on /home/airflow/.local/lib/python3.12/site-packages/airflow/example_dags/tutorial_dag.py
[2025-04-30T01:05:12.217+0000] {processor.py:914} INFO - Processing file /home/airflow/.local/lib/python3.12/site-packages/airflow/example_dags/tutorial_dag.py for tasks to queue
[2025-04-30T01:05:12.218+0000] {logging_mixin.py:190} INFO - [2025-04-30T01:05:12.218+0000] {dagbag.py:587} INFO - Filling up the DagBag from /home/airflow/.local/lib/python3.12/site-packages/airflow/example_dags/tutorial_dag.py
[2025-04-30T01:05:12.226+0000] {processor.py:925} INFO - DAG(s) 'tutorial_dag' retrieved from /home/airflow/.local/lib/python3.12/site-packages/airflow/example_dags/tutorial_dag.py
[2025-04-30T01:05:12.247+0000] {logging_mixin.py:190} INFO - [2025-04-30T01:05:12.247+0000] {dag.py:3211} INFO - Sync 1 DAGs
[2025-04-30T01:05:12.260+0000] {logging_mixin.py:190} INFO - [2025-04-30T01:05:12.260+0000] {dag.py:4138} INFO - Setting next_dagrun for tutorial_dag to None, run_after=None
[2025-04-30T01:05:12.290+0000] {processor.py:208} INFO - Processing /home/airflow/.local/lib/python3.12/site-packages/airflow/example_dags/tutorial_dag.py took 0.080 seconds
[2025-04-30T01:05:42.720+0000] {processor.py:186} INFO - Started process (PID=3489) to work on /home/airflow/.local/lib/python3.12/site-packages/airflow/example_dags/tutorial_dag.py
[2025-04-30T01:05:42.721+0000] {processor.py:914} INFO - Processing file /home/airflow/.local/lib/python3.12/site-packages/airflow/example_dags/tutorial_dag.py for tasks to queue
[2025-04-30T01:05:42.723+0000] {logging_mixin.py:190} INFO - [2025-04-30T01:05:42.723+0000] {dagbag.py:587} INFO - Filling up the DagBag from /home/airflow/.local/lib/python3.12/site-packages/airflow/example_dags/tutorial_dag.py
[2025-04-30T01:05:42.733+0000] {processor.py:925} INFO - DAG(s) 'tutorial_dag' retrieved from /home/airflow/.local/lib/python3.12/site-packages/airflow/example_dags/tutorial_dag.py
[2025-04-30T01:05:42.758+0000] {logging_mixin.py:190} INFO - [2025-04-30T01:05:42.757+0000] {dag.py:3211} INFO - Sync 1 DAGs
[2025-04-30T01:05:42.777+0000] {logging_mixin.py:190} INFO - [2025-04-30T01:05:42.777+0000] {dag.py:4138} INFO - Setting next_dagrun for tutorial_dag to None, run_after=None
[2025-04-30T01:05:42.803+0000] {processor.py:208} INFO - Processing /home/airflow/.local/lib/python3.12/site-packages/airflow/example_dags/tutorial_dag.py took 0.091 seconds
[2025-04-30T01:06:13.653+0000] {processor.py:186} INFO - Started process (PID=3552) to work on /home/airflow/.local/lib/python3.12/site-packages/airflow/example_dags/tutorial_dag.py
[2025-04-30T01:06:13.654+0000] {processor.py:914} INFO - Processing file /home/airflow/.local/lib/python3.12/site-packages/airflow/example_dags/tutorial_dag.py for tasks to queue
[2025-04-30T01:06:13.655+0000] {logging_mixin.py:190} INFO - [2025-04-30T01:06:13.655+0000] {dagbag.py:587} INFO - Filling up the DagBag from /home/airflow/.local/lib/python3.12/site-packages/airflow/example_dags/tutorial_dag.py
[2025-04-30T01:06:13.668+0000] {processor.py:925} INFO - DAG(s) 'tutorial_dag' retrieved from /home/airflow/.local/lib/python3.12/site-packages/airflow/example_dags/tutorial_dag.py
[2025-04-30T01:06:13.690+0000] {logging_mixin.py:190} INFO - [2025-04-30T01:06:13.689+0000] {dag.py:3211} INFO - Sync 1 DAGs
[2025-04-30T01:06:13.705+0000] {logging_mixin.py:190} INFO - [2025-04-30T01:06:13.705+0000] {dag.py:4138} INFO - Setting next_dagrun for tutorial_dag to None, run_after=None
[2025-04-30T01:06:13.728+0000] {processor.py:208} INFO - Processing /home/airflow/.local/lib/python3.12/site-packages/airflow/example_dags/tutorial_dag.py took 0.082 seconds
[2025-04-30T01:06:44.198+0000] {processor.py:186} INFO - Started process (PID=3615) to work on /home/airflow/.local/lib/python3.12/site-packages/airflow/example_dags/tutorial_dag.py
[2025-04-30T01:06:44.200+0000] {processor.py:914} INFO - Processing file /home/airflow/.local/lib/python3.12/site-packages/airflow/example_dags/tutorial_dag.py for tasks to queue
[2025-04-30T01:06:44.202+0000] {logging_mixin.py:190} INFO - [2025-04-30T01:06:44.201+0000] {dagbag.py:587} INFO - Filling up the DagBag from /home/airflow/.local/lib/python3.12/site-packages/airflow/example_dags/tutorial_dag.py
[2025-04-30T01:06:44.216+0000] {processor.py:925} INFO - DAG(s) 'tutorial_dag' retrieved from /home/airflow/.local/lib/python3.12/site-packages/airflow/example_dags/tutorial_dag.py
[2025-04-30T01:06:44.247+0000] {logging_mixin.py:190} INFO - [2025-04-30T01:06:44.247+0000] {dag.py:3211} INFO - Sync 1 DAGs
[2025-04-30T01:06:44.267+0000] {logging_mixin.py:190} INFO - [2025-04-30T01:06:44.267+0000] {dag.py:4138} INFO - Setting next_dagrun for tutorial_dag to None, run_after=None
[2025-04-30T01:06:44.304+0000] {processor.py:208} INFO - Processing /home/airflow/.local/lib/python3.12/site-packages/airflow/example_dags/tutorial_dag.py took 0.114 seconds
[2025-04-30T01:07:15.193+0000] {processor.py:186} INFO - Started process (PID=3678) to work on /home/airflow/.local/lib/python3.12/site-packages/airflow/example_dags/tutorial_dag.py
[2025-04-30T01:07:15.194+0000] {processor.py:914} INFO - Processing file /home/airflow/.local/lib/python3.12/site-packages/airflow/example_dags/tutorial_dag.py for tasks to queue
[2025-04-30T01:07:15.196+0000] {logging_mixin.py:190} INFO - [2025-04-30T01:07:15.196+0000] {dagbag.py:587} INFO - Filling up the DagBag from /home/airflow/.local/lib/python3.12/site-packages/airflow/example_dags/tutorial_dag.py
[2025-04-30T01:07:15.204+0000] {processor.py:925} INFO - DAG(s) 'tutorial_dag' retrieved from /home/airflow/.local/lib/python3.12/site-packages/airflow/example_dags/tutorial_dag.py
[2025-04-30T01:07:15.233+0000] {logging_mixin.py:190} INFO - [2025-04-30T01:07:15.232+0000] {dag.py:3211} INFO - Sync 1 DAGs
[2025-04-30T01:07:15.248+0000] {logging_mixin.py:190} INFO - [2025-04-30T01:07:15.248+0000] {dag.py:4138} INFO - Setting next_dagrun for tutorial_dag to None, run_after=None
[2025-04-30T01:07:15.279+0000] {processor.py:208} INFO - Processing /home/airflow/.local/lib/python3.12/site-packages/airflow/example_dags/tutorial_dag.py took 0.093 seconds
[2025-04-30T01:07:45.523+0000] {processor.py:186} INFO - Started process (PID=3741) to work on /home/airflow/.local/lib/python3.12/site-packages/airflow/example_dags/tutorial_dag.py
[2025-04-30T01:07:45.525+0000] {processor.py:914} INFO - Processing file /home/airflow/.local/lib/python3.12/site-packages/airflow/example_dags/tutorial_dag.py for tasks to queue
[2025-04-30T01:07:45.528+0000] {logging_mixin.py:190} INFO - [2025-04-30T01:07:45.527+0000] {dagbag.py:587} INFO - Filling up the DagBag from /home/airflow/.local/lib/python3.12/site-packages/airflow/example_dags/tutorial_dag.py
[2025-04-30T01:07:45.537+0000] {processor.py:925} INFO - DAG(s) 'tutorial_dag' retrieved from /home/airflow/.local/lib/python3.12/site-packages/airflow/example_dags/tutorial_dag.py
[2025-04-30T01:07:45.562+0000] {logging_mixin.py:190} INFO - [2025-04-30T01:07:45.562+0000] {dag.py:3211} INFO - Sync 1 DAGs
[2025-04-30T01:07:45.580+0000] {logging_mixin.py:190} INFO - [2025-04-30T01:07:45.580+0000] {dag.py:4138} INFO - Setting next_dagrun for tutorial_dag to None, run_after=None
[2025-04-30T01:07:45.615+0000] {processor.py:208} INFO - Processing /home/airflow/.local/lib/python3.12/site-packages/airflow/example_dags/tutorial_dag.py took 0.102 seconds
[2025-04-30T01:08:16.223+0000] {processor.py:186} INFO - Started process (PID=3804) to work on /home/airflow/.local/lib/python3.12/site-packages/airflow/example_dags/tutorial_dag.py
[2025-04-30T01:08:16.224+0000] {processor.py:914} INFO - Processing file /home/airflow/.local/lib/python3.12/site-packages/airflow/example_dags/tutorial_dag.py for tasks to queue
[2025-04-30T01:08:16.225+0000] {logging_mixin.py:190} INFO - [2025-04-30T01:08:16.225+0000] {dagbag.py:587} INFO - Filling up the DagBag from /home/airflow/.local/lib/python3.12/site-packages/airflow/example_dags/tutorial_dag.py
[2025-04-30T01:08:16.233+0000] {processor.py:925} INFO - DAG(s) 'tutorial_dag' retrieved from /home/airflow/.local/lib/python3.12/site-packages/airflow/example_dags/tutorial_dag.py
[2025-04-30T01:08:16.257+0000] {logging_mixin.py:190} INFO - [2025-04-30T01:08:16.257+0000] {dag.py:3211} INFO - Sync 1 DAGs
[2025-04-30T01:08:16.274+0000] {logging_mixin.py:190} INFO - [2025-04-30T01:08:16.274+0000] {dag.py:4138} INFO - Setting next_dagrun for tutorial_dag to None, run_after=None
[2025-04-30T01:08:16.310+0000] {processor.py:208} INFO - Processing /home/airflow/.local/lib/python3.12/site-packages/airflow/example_dags/tutorial_dag.py took 0.094 seconds
[2025-04-30T01:08:47.226+0000] {processor.py:186} INFO - Started process (PID=3866) to work on /home/airflow/.local/lib/python3.12/site-packages/airflow/example_dags/tutorial_dag.py
[2025-04-30T01:08:47.228+0000] {processor.py:914} INFO - Processing file /home/airflow/.local/lib/python3.12/site-packages/airflow/example_dags/tutorial_dag.py for tasks to queue
[2025-04-30T01:08:47.230+0000] {logging_mixin.py:190} INFO - [2025-04-30T01:08:47.229+0000] {dagbag.py:587} INFO - Filling up the DagBag from /home/airflow/.local/lib/python3.12/site-packages/airflow/example_dags/tutorial_dag.py
[2025-04-30T01:08:47.238+0000] {processor.py:925} INFO - DAG(s) 'tutorial_dag' retrieved from /home/airflow/.local/lib/python3.12/site-packages/airflow/example_dags/tutorial_dag.py
[2025-04-30T01:08:47.271+0000] {logging_mixin.py:190} INFO - [2025-04-30T01:08:47.271+0000] {dag.py:3211} INFO - Sync 1 DAGs
[2025-04-30T01:08:47.295+0000] {logging_mixin.py:190} INFO - [2025-04-30T01:08:47.295+0000] {dag.py:4138} INFO - Setting next_dagrun for tutorial_dag to None, run_after=None
[2025-04-30T01:08:47.330+0000] {processor.py:208} INFO - Processing /home/airflow/.local/lib/python3.12/site-packages/airflow/example_dags/tutorial_dag.py took 0.113 seconds
[2025-04-30T01:09:17.528+0000] {processor.py:186} INFO - Started process (PID=3928) to work on /home/airflow/.local/lib/python3.12/site-packages/airflow/example_dags/tutorial_dag.py
[2025-04-30T01:09:17.530+0000] {processor.py:914} INFO - Processing file /home/airflow/.local/lib/python3.12/site-packages/airflow/example_dags/tutorial_dag.py for tasks to queue
[2025-04-30T01:09:17.531+0000] {logging_mixin.py:190} INFO - [2025-04-30T01:09:17.531+0000] {dagbag.py:587} INFO - Filling up the DagBag from /home/airflow/.local/lib/python3.12/site-packages/airflow/example_dags/tutorial_dag.py
[2025-04-30T01:09:17.542+0000] {processor.py:925} INFO - DAG(s) 'tutorial_dag' retrieved from /home/airflow/.local/lib/python3.12/site-packages/airflow/example_dags/tutorial_dag.py
[2025-04-30T01:09:17.567+0000] {logging_mixin.py:190} INFO - [2025-04-30T01:09:17.567+0000] {dag.py:3211} INFO - Sync 1 DAGs
[2025-04-30T01:09:17.583+0000] {logging_mixin.py:190} INFO - [2025-04-30T01:09:17.583+0000] {dag.py:4138} INFO - Setting next_dagrun for tutorial_dag to None, run_after=None
[2025-04-30T01:09:17.607+0000] {processor.py:208} INFO - Processing /home/airflow/.local/lib/python3.12/site-packages/airflow/example_dags/tutorial_dag.py took 0.086 seconds
[2025-04-30T01:09:47.870+0000] {processor.py:186} INFO - Started process (PID=3990) to work on /home/airflow/.local/lib/python3.12/site-packages/airflow/example_dags/tutorial_dag.py
[2025-04-30T01:09:47.871+0000] {processor.py:914} INFO - Processing file /home/airflow/.local/lib/python3.12/site-packages/airflow/example_dags/tutorial_dag.py for tasks to queue
[2025-04-30T01:09:47.873+0000] {logging_mixin.py:190} INFO - [2025-04-30T01:09:47.872+0000] {dagbag.py:587} INFO - Filling up the DagBag from /home/airflow/.local/lib/python3.12/site-packages/airflow/example_dags/tutorial_dag.py
[2025-04-30T01:09:47.881+0000] {processor.py:925} INFO - DAG(s) 'tutorial_dag' retrieved from /home/airflow/.local/lib/python3.12/site-packages/airflow/example_dags/tutorial_dag.py
[2025-04-30T01:09:47.908+0000] {logging_mixin.py:190} INFO - [2025-04-30T01:09:47.907+0000] {dag.py:3211} INFO - Sync 1 DAGs
[2025-04-30T01:09:47.928+0000] {logging_mixin.py:190} INFO - [2025-04-30T01:09:47.927+0000] {dag.py:4138} INFO - Setting next_dagrun for tutorial_dag to None, run_after=None
[2025-04-30T01:09:47.953+0000] {processor.py:208} INFO - Processing /home/airflow/.local/lib/python3.12/site-packages/airflow/example_dags/tutorial_dag.py took 0.089 seconds
[2025-04-30T01:10:18.630+0000] {processor.py:186} INFO - Started process (PID=4058) to work on /home/airflow/.local/lib/python3.12/site-packages/airflow/example_dags/tutorial_dag.py
[2025-04-30T01:10:18.631+0000] {processor.py:914} INFO - Processing file /home/airflow/.local/lib/python3.12/site-packages/airflow/example_dags/tutorial_dag.py for tasks to queue
[2025-04-30T01:10:18.632+0000] {logging_mixin.py:190} INFO - [2025-04-30T01:10:18.632+0000] {dagbag.py:587} INFO - Filling up the DagBag from /home/airflow/.local/lib/python3.12/site-packages/airflow/example_dags/tutorial_dag.py
[2025-04-30T01:10:18.640+0000] {processor.py:925} INFO - DAG(s) 'tutorial_dag' retrieved from /home/airflow/.local/lib/python3.12/site-packages/airflow/example_dags/tutorial_dag.py
[2025-04-30T01:10:18.665+0000] {logging_mixin.py:190} INFO - [2025-04-30T01:10:18.665+0000] {dag.py:3211} INFO - Sync 1 DAGs
[2025-04-30T01:10:18.682+0000] {logging_mixin.py:190} INFO - [2025-04-30T01:10:18.682+0000] {dag.py:4138} INFO - Setting next_dagrun for tutorial_dag to None, run_after=None
[2025-04-30T01:10:18.706+0000] {processor.py:208} INFO - Processing /home/airflow/.local/lib/python3.12/site-packages/airflow/example_dags/tutorial_dag.py took 0.083 seconds
[2025-04-30T01:10:49.654+0000] {processor.py:186} INFO - Started process (PID=4120) to work on /home/airflow/.local/lib/python3.12/site-packages/airflow/example_dags/tutorial_dag.py
[2025-04-30T01:10:49.656+0000] {processor.py:914} INFO - Processing file /home/airflow/.local/lib/python3.12/site-packages/airflow/example_dags/tutorial_dag.py for tasks to queue
[2025-04-30T01:10:49.657+0000] {logging_mixin.py:190} INFO - [2025-04-30T01:10:49.657+0000] {dagbag.py:587} INFO - Filling up the DagBag from /home/airflow/.local/lib/python3.12/site-packages/airflow/example_dags/tutorial_dag.py
[2025-04-30T01:10:49.666+0000] {processor.py:925} INFO - DAG(s) 'tutorial_dag' retrieved from /home/airflow/.local/lib/python3.12/site-packages/airflow/example_dags/tutorial_dag.py
[2025-04-30T01:10:49.690+0000] {logging_mixin.py:190} INFO - [2025-04-30T01:10:49.689+0000] {dag.py:3211} INFO - Sync 1 DAGs
[2025-04-30T01:10:49.705+0000] {logging_mixin.py:190} INFO - [2025-04-30T01:10:49.705+0000] {dag.py:4138} INFO - Setting next_dagrun for tutorial_dag to None, run_after=None
[2025-04-30T01:10:49.726+0000] {processor.py:208} INFO - Processing /home/airflow/.local/lib/python3.12/site-packages/airflow/example_dags/tutorial_dag.py took 0.079 seconds
[2025-04-30T01:11:20.446+0000] {processor.py:186} INFO - Started process (PID=4182) to work on /home/airflow/.local/lib/python3.12/site-packages/airflow/example_dags/tutorial_dag.py
[2025-04-30T01:11:20.447+0000] {processor.py:914} INFO - Processing file /home/airflow/.local/lib/python3.12/site-packages/airflow/example_dags/tutorial_dag.py for tasks to queue
[2025-04-30T01:11:20.448+0000] {logging_mixin.py:190} INFO - [2025-04-30T01:11:20.448+0000] {dagbag.py:587} INFO - Filling up the DagBag from /home/airflow/.local/lib/python3.12/site-packages/airflow/example_dags/tutorial_dag.py
[2025-04-30T01:11:20.457+0000] {processor.py:925} INFO - DAG(s) 'tutorial_dag' retrieved from /home/airflow/.local/lib/python3.12/site-packages/airflow/example_dags/tutorial_dag.py
[2025-04-30T01:11:20.479+0000] {logging_mixin.py:190} INFO - [2025-04-30T01:11:20.479+0000] {dag.py:3211} INFO - Sync 1 DAGs
[2025-04-30T01:11:20.494+0000] {logging_mixin.py:190} INFO - [2025-04-30T01:11:20.494+0000] {dag.py:4138} INFO - Setting next_dagrun for tutorial_dag to None, run_after=None
[2025-04-30T01:11:20.514+0000] {processor.py:208} INFO - Processing /home/airflow/.local/lib/python3.12/site-packages/airflow/example_dags/tutorial_dag.py took 0.075 seconds
[2025-04-30T01:11:51.355+0000] {processor.py:186} INFO - Started process (PID=4244) to work on /home/airflow/.local/lib/python3.12/site-packages/airflow/example_dags/tutorial_dag.py
[2025-04-30T01:11:51.357+0000] {processor.py:914} INFO - Processing file /home/airflow/.local/lib/python3.12/site-packages/airflow/example_dags/tutorial_dag.py for tasks to queue
[2025-04-30T01:11:51.359+0000] {logging_mixin.py:190} INFO - [2025-04-30T01:11:51.359+0000] {dagbag.py:587} INFO - Filling up the DagBag from /home/airflow/.local/lib/python3.12/site-packages/airflow/example_dags/tutorial_dag.py
[2025-04-30T01:11:51.373+0000] {processor.py:925} INFO - DAG(s) 'tutorial_dag' retrieved from /home/airflow/.local/lib/python3.12/site-packages/airflow/example_dags/tutorial_dag.py
[2025-04-30T01:11:51.405+0000] {logging_mixin.py:190} INFO - [2025-04-30T01:11:51.405+0000] {dag.py:3211} INFO - Sync 1 DAGs
[2025-04-30T01:11:51.433+0000] {logging_mixin.py:190} INFO - [2025-04-30T01:11:51.432+0000] {dag.py:4138} INFO - Setting next_dagrun for tutorial_dag to None, run_after=None
[2025-04-30T01:11:51.464+0000] {processor.py:208} INFO - Processing /home/airflow/.local/lib/python3.12/site-packages/airflow/example_dags/tutorial_dag.py took 0.121 seconds
