[2025-05-04T14:24:49.273+0000] {processor.py:161} INFO - Started process (PID=151) to work on /opt/airflow/dags/dag.py
[2025-05-04T14:24:49.286+0000] {processor.py:830} INFO - Processing file /opt/airflow/dags/dag.py for tasks to queue
[2025-05-04T14:24:49.316+0000] {logging_mixin.py:188} INFO - [2025-05-04T14:24:49.314+0000] {dagbag.py:540} INFO - Filling up the DagBag from /opt/airflow/dags/dag.py
[2025-05-04T14:24:49.524+0000] {processor.py:842} WARNING - No viable dags retrieved from /opt/airflow/dags/dag.py
[2025-05-04T14:24:49.609+0000] {processor.py:183} INFO - Processing /opt/airflow/dags/dag.py took 0.365 seconds
[2025-05-04T14:25:19.950+0000] {processor.py:161} INFO - Started process (PID=158) to work on /opt/airflow/dags/dag.py
[2025-05-04T14:25:19.952+0000] {processor.py:830} INFO - Processing file /opt/airflow/dags/dag.py for tasks to queue
[2025-05-04T14:25:19.958+0000] {logging_mixin.py:188} INFO - [2025-05-04T14:25:19.957+0000] {dagbag.py:540} INFO - Filling up the DagBag from /opt/airflow/dags/dag.py
[2025-05-04T14:25:19.988+0000] {processor.py:842} WARNING - No viable dags retrieved from /opt/airflow/dags/dag.py
[2025-05-04T14:25:20.021+0000] {processor.py:183} INFO - Processing /opt/airflow/dags/dag.py took 0.091 seconds
[2025-05-04T14:25:50.138+0000] {processor.py:161} INFO - Started process (PID=165) to work on /opt/airflow/dags/dag.py
[2025-05-04T14:25:50.141+0000] {processor.py:830} INFO - Processing file /opt/airflow/dags/dag.py for tasks to queue
[2025-05-04T14:25:50.146+0000] {logging_mixin.py:188} INFO - [2025-05-04T14:25:50.145+0000] {dagbag.py:540} INFO - Filling up the DagBag from /opt/airflow/dags/dag.py
[2025-05-04T14:25:50.173+0000] {processor.py:842} WARNING - No viable dags retrieved from /opt/airflow/dags/dag.py
[2025-05-04T14:25:50.201+0000] {processor.py:183} INFO - Processing /opt/airflow/dags/dag.py took 0.073 seconds
[2025-05-04T14:26:20.557+0000] {processor.py:161} INFO - Started process (PID=172) to work on /opt/airflow/dags/dag.py
[2025-05-04T14:26:20.560+0000] {processor.py:830} INFO - Processing file /opt/airflow/dags/dag.py for tasks to queue
[2025-05-04T14:26:20.565+0000] {logging_mixin.py:188} INFO - [2025-05-04T14:26:20.564+0000] {dagbag.py:540} INFO - Filling up the DagBag from /opt/airflow/dags/dag.py
[2025-05-04T14:26:20.592+0000] {processor.py:842} WARNING - No viable dags retrieved from /opt/airflow/dags/dag.py
[2025-05-04T14:26:20.618+0000] {processor.py:183} INFO - Processing /opt/airflow/dags/dag.py took 0.077 seconds
[2025-05-04T14:26:50.872+0000] {processor.py:161} INFO - Started process (PID=179) to work on /opt/airflow/dags/dag.py
[2025-05-04T14:26:50.874+0000] {processor.py:830} INFO - Processing file /opt/airflow/dags/dag.py for tasks to queue
[2025-05-04T14:26:50.878+0000] {logging_mixin.py:188} INFO - [2025-05-04T14:26:50.878+0000] {dagbag.py:540} INFO - Filling up the DagBag from /opt/airflow/dags/dag.py
[2025-05-04T14:26:50.931+0000] {processor.py:842} WARNING - No viable dags retrieved from /opt/airflow/dags/dag.py
[2025-05-04T14:26:50.962+0000] {processor.py:183} INFO - Processing /opt/airflow/dags/dag.py took 0.102 seconds
[2025-05-04T14:27:21.908+0000] {processor.py:161} INFO - Started process (PID=186) to work on /opt/airflow/dags/dag.py
[2025-05-04T14:27:21.914+0000] {processor.py:830} INFO - Processing file /opt/airflow/dags/dag.py for tasks to queue
[2025-05-04T14:27:21.925+0000] {logging_mixin.py:188} INFO - [2025-05-04T14:27:21.923+0000] {dagbag.py:540} INFO - Filling up the DagBag from /opt/airflow/dags/dag.py
[2025-05-04T14:27:21.998+0000] {processor.py:842} WARNING - No viable dags retrieved from /opt/airflow/dags/dag.py
[2025-05-04T14:27:22.063+0000] {processor.py:183} INFO - Processing /opt/airflow/dags/dag.py took 0.186 seconds
[2025-05-04T14:27:52.347+0000] {processor.py:161} INFO - Started process (PID=193) to work on /opt/airflow/dags/dag.py
[2025-05-04T14:27:52.350+0000] {processor.py:830} INFO - Processing file /opt/airflow/dags/dag.py for tasks to queue
[2025-05-04T14:27:52.358+0000] {logging_mixin.py:188} INFO - [2025-05-04T14:27:52.357+0000] {dagbag.py:540} INFO - Filling up the DagBag from /opt/airflow/dags/dag.py
[2025-05-04T14:27:52.387+0000] {processor.py:842} WARNING - No viable dags retrieved from /opt/airflow/dags/dag.py
[2025-05-04T14:27:52.423+0000] {processor.py:183} INFO - Processing /opt/airflow/dags/dag.py took 0.092 seconds
[2025-05-04T14:28:22.735+0000] {processor.py:161} INFO - Started process (PID=200) to work on /opt/airflow/dags/dag.py
[2025-05-04T14:28:22.738+0000] {processor.py:830} INFO - Processing file /opt/airflow/dags/dag.py for tasks to queue
[2025-05-04T14:28:22.742+0000] {logging_mixin.py:188} INFO - [2025-05-04T14:28:22.741+0000] {dagbag.py:540} INFO - Filling up the DagBag from /opt/airflow/dags/dag.py
[2025-05-04T14:28:22.777+0000] {processor.py:842} WARNING - No viable dags retrieved from /opt/airflow/dags/dag.py
[2025-05-04T14:28:22.809+0000] {processor.py:183} INFO - Processing /opt/airflow/dags/dag.py took 0.095 seconds
[2025-05-04T14:28:52.979+0000] {processor.py:161} INFO - Started process (PID=207) to work on /opt/airflow/dags/dag.py
[2025-05-04T14:28:52.982+0000] {processor.py:830} INFO - Processing file /opt/airflow/dags/dag.py for tasks to queue
[2025-05-04T14:28:52.988+0000] {logging_mixin.py:188} INFO - [2025-05-04T14:28:52.987+0000] {dagbag.py:540} INFO - Filling up the DagBag from /opt/airflow/dags/dag.py
[2025-05-04T14:28:53.029+0000] {processor.py:842} WARNING - No viable dags retrieved from /opt/airflow/dags/dag.py
[2025-05-04T14:28:53.064+0000] {processor.py:183} INFO - Processing /opt/airflow/dags/dag.py took 0.109 seconds
[2025-05-04T14:29:23.315+0000] {processor.py:161} INFO - Started process (PID=214) to work on /opt/airflow/dags/dag.py
[2025-05-04T14:29:23.318+0000] {processor.py:830} INFO - Processing file /opt/airflow/dags/dag.py for tasks to queue
[2025-05-04T14:29:23.323+0000] {logging_mixin.py:188} INFO - [2025-05-04T14:29:23.322+0000] {dagbag.py:540} INFO - Filling up the DagBag from /opt/airflow/dags/dag.py
[2025-05-04T14:29:23.354+0000] {processor.py:842} WARNING - No viable dags retrieved from /opt/airflow/dags/dag.py
[2025-05-04T14:29:23.381+0000] {processor.py:183} INFO - Processing /opt/airflow/dags/dag.py took 0.081 seconds
[2025-05-04T14:29:53.545+0000] {processor.py:161} INFO - Started process (PID=221) to work on /opt/airflow/dags/dag.py
[2025-05-04T14:29:53.547+0000] {processor.py:830} INFO - Processing file /opt/airflow/dags/dag.py for tasks to queue
[2025-05-04T14:29:53.549+0000] {logging_mixin.py:188} INFO - [2025-05-04T14:29:53.549+0000] {dagbag.py:540} INFO - Filling up the DagBag from /opt/airflow/dags/dag.py
[2025-05-04T14:29:53.581+0000] {processor.py:842} WARNING - No viable dags retrieved from /opt/airflow/dags/dag.py
[2025-05-04T14:29:53.606+0000] {processor.py:183} INFO - Processing /opt/airflow/dags/dag.py took 0.070 seconds
[2025-05-04T14:30:23.739+0000] {processor.py:161} INFO - Started process (PID=228) to work on /opt/airflow/dags/dag.py
[2025-05-04T14:30:23.743+0000] {processor.py:830} INFO - Processing file /opt/airflow/dags/dag.py for tasks to queue
[2025-05-04T14:30:23.754+0000] {logging_mixin.py:188} INFO - [2025-05-04T14:30:23.752+0000] {dagbag.py:540} INFO - Filling up the DagBag from /opt/airflow/dags/dag.py
[2025-05-04T14:30:23.804+0000] {processor.py:842} WARNING - No viable dags retrieved from /opt/airflow/dags/dag.py
[2025-05-04T14:30:23.848+0000] {processor.py:183} INFO - Processing /opt/airflow/dags/dag.py took 0.137 seconds
[2025-05-04T14:30:54.115+0000] {processor.py:161} INFO - Started process (PID=235) to work on /opt/airflow/dags/dag.py
[2025-05-04T14:30:54.117+0000] {processor.py:830} INFO - Processing file /opt/airflow/dags/dag.py for tasks to queue
[2025-05-04T14:30:54.121+0000] {logging_mixin.py:188} INFO - [2025-05-04T14:30:54.120+0000] {dagbag.py:540} INFO - Filling up the DagBag from /opt/airflow/dags/dag.py
[2025-05-04T14:30:54.151+0000] {processor.py:842} WARNING - No viable dags retrieved from /opt/airflow/dags/dag.py
[2025-05-04T14:30:54.175+0000] {processor.py:183} INFO - Processing /opt/airflow/dags/dag.py took 0.071 seconds
[2025-05-04T14:31:25.044+0000] {processor.py:161} INFO - Started process (PID=242) to work on /opt/airflow/dags/dag.py
[2025-05-04T14:31:25.047+0000] {processor.py:830} INFO - Processing file /opt/airflow/dags/dag.py for tasks to queue
[2025-05-04T14:31:25.054+0000] {logging_mixin.py:188} INFO - [2025-05-04T14:31:25.053+0000] {dagbag.py:540} INFO - Filling up the DagBag from /opt/airflow/dags/dag.py
[2025-05-04T14:31:25.086+0000] {processor.py:842} WARNING - No viable dags retrieved from /opt/airflow/dags/dag.py
[2025-05-04T14:31:25.120+0000] {processor.py:183} INFO - Processing /opt/airflow/dags/dag.py took 0.100 seconds
[2025-05-04T14:31:56.117+0000] {processor.py:161} INFO - Started process (PID=249) to work on /opt/airflow/dags/dag.py
[2025-05-04T14:31:56.120+0000] {processor.py:830} INFO - Processing file /opt/airflow/dags/dag.py for tasks to queue
[2025-05-04T14:31:56.124+0000] {logging_mixin.py:188} INFO - [2025-05-04T14:31:56.123+0000] {dagbag.py:540} INFO - Filling up the DagBag from /opt/airflow/dags/dag.py
[2025-05-04T14:31:56.154+0000] {processor.py:842} WARNING - No viable dags retrieved from /opt/airflow/dags/dag.py
[2025-05-04T14:31:56.182+0000] {processor.py:183} INFO - Processing /opt/airflow/dags/dag.py took 0.080 seconds
[2025-05-04T14:32:26.538+0000] {processor.py:161} INFO - Started process (PID=256) to work on /opt/airflow/dags/dag.py
[2025-05-04T14:32:26.542+0000] {processor.py:830} INFO - Processing file /opt/airflow/dags/dag.py for tasks to queue
[2025-05-04T14:32:26.547+0000] {logging_mixin.py:188} INFO - [2025-05-04T14:32:26.546+0000] {dagbag.py:540} INFO - Filling up the DagBag from /opt/airflow/dags/dag.py
[2025-05-04T14:32:26.581+0000] {processor.py:842} WARNING - No viable dags retrieved from /opt/airflow/dags/dag.py
[2025-05-04T14:32:26.614+0000] {processor.py:183} INFO - Processing /opt/airflow/dags/dag.py took 0.106 seconds
[2025-05-04T14:32:56.747+0000] {processor.py:161} INFO - Started process (PID=263) to work on /opt/airflow/dags/dag.py
[2025-05-04T14:32:56.749+0000] {processor.py:830} INFO - Processing file /opt/airflow/dags/dag.py for tasks to queue
[2025-05-04T14:32:56.753+0000] {logging_mixin.py:188} INFO - [2025-05-04T14:32:56.753+0000] {dagbag.py:540} INFO - Filling up the DagBag from /opt/airflow/dags/dag.py
[2025-05-04T14:32:56.788+0000] {processor.py:842} WARNING - No viable dags retrieved from /opt/airflow/dags/dag.py
[2025-05-04T14:32:56.820+0000] {processor.py:183} INFO - Processing /opt/airflow/dags/dag.py took 0.089 seconds
[2025-05-04T14:33:27.027+0000] {processor.py:161} INFO - Started process (PID=270) to work on /opt/airflow/dags/dag.py
[2025-05-04T14:33:27.036+0000] {processor.py:830} INFO - Processing file /opt/airflow/dags/dag.py for tasks to queue
[2025-05-04T14:33:27.060+0000] {logging_mixin.py:188} INFO - [2025-05-04T14:33:27.059+0000] {dagbag.py:540} INFO - Filling up the DagBag from /opt/airflow/dags/dag.py
[2025-05-04T14:33:27.116+0000] {processor.py:842} WARNING - No viable dags retrieved from /opt/airflow/dags/dag.py
[2025-05-04T14:33:27.144+0000] {processor.py:183} INFO - Processing /opt/airflow/dags/dag.py took 0.137 seconds
[2025-05-04T14:33:57.371+0000] {processor.py:161} INFO - Started process (PID=277) to work on /opt/airflow/dags/dag.py
[2025-05-04T14:33:57.376+0000] {processor.py:830} INFO - Processing file /opt/airflow/dags/dag.py for tasks to queue
[2025-05-04T14:33:57.383+0000] {logging_mixin.py:188} INFO - [2025-05-04T14:33:57.382+0000] {dagbag.py:540} INFO - Filling up the DagBag from /opt/airflow/dags/dag.py
[2025-05-04T14:33:57.419+0000] {processor.py:842} WARNING - No viable dags retrieved from /opt/airflow/dags/dag.py
[2025-05-04T14:33:57.452+0000] {processor.py:183} INFO - Processing /opt/airflow/dags/dag.py took 0.113 seconds
[2025-05-04T14:34:27.634+0000] {processor.py:161} INFO - Started process (PID=284) to work on /opt/airflow/dags/dag.py
[2025-05-04T14:34:27.636+0000] {processor.py:830} INFO - Processing file /opt/airflow/dags/dag.py for tasks to queue
[2025-05-04T14:34:27.639+0000] {logging_mixin.py:188} INFO - [2025-05-04T14:34:27.638+0000] {dagbag.py:540} INFO - Filling up the DagBag from /opt/airflow/dags/dag.py
[2025-05-04T14:34:27.666+0000] {processor.py:842} WARNING - No viable dags retrieved from /opt/airflow/dags/dag.py
[2025-05-04T14:34:27.700+0000] {processor.py:183} INFO - Processing /opt/airflow/dags/dag.py took 0.076 seconds
[2025-05-04T14:34:57.938+0000] {processor.py:161} INFO - Started process (PID=291) to work on /opt/airflow/dags/dag.py
[2025-05-04T14:34:57.939+0000] {processor.py:830} INFO - Processing file /opt/airflow/dags/dag.py for tasks to queue
[2025-05-04T14:34:57.942+0000] {logging_mixin.py:188} INFO - [2025-05-04T14:34:57.942+0000] {dagbag.py:540} INFO - Filling up the DagBag from /opt/airflow/dags/dag.py
[2025-05-04T14:34:57.973+0000] {processor.py:842} WARNING - No viable dags retrieved from /opt/airflow/dags/dag.py
[2025-05-04T14:34:57.997+0000] {processor.py:183} INFO - Processing /opt/airflow/dags/dag.py took 0.069 seconds
[2025-05-04T14:35:28.143+0000] {processor.py:161} INFO - Started process (PID=298) to work on /opt/airflow/dags/dag.py
[2025-05-04T14:35:28.145+0000] {processor.py:830} INFO - Processing file /opt/airflow/dags/dag.py for tasks to queue
[2025-05-04T14:35:28.150+0000] {logging_mixin.py:188} INFO - [2025-05-04T14:35:28.149+0000] {dagbag.py:540} INFO - Filling up the DagBag from /opt/airflow/dags/dag.py
[2025-05-04T14:35:28.187+0000] {processor.py:842} WARNING - No viable dags retrieved from /opt/airflow/dags/dag.py
[2025-05-04T14:35:28.220+0000] {processor.py:183} INFO - Processing /opt/airflow/dags/dag.py took 0.096 seconds
[2025-05-04T14:35:58.393+0000] {processor.py:161} INFO - Started process (PID=305) to work on /opt/airflow/dags/dag.py
[2025-05-04T14:35:58.396+0000] {processor.py:830} INFO - Processing file /opt/airflow/dags/dag.py for tasks to queue
[2025-05-04T14:35:58.399+0000] {logging_mixin.py:188} INFO - [2025-05-04T14:35:58.399+0000] {dagbag.py:540} INFO - Filling up the DagBag from /opt/airflow/dags/dag.py
[2025-05-04T14:35:58.427+0000] {processor.py:842} WARNING - No viable dags retrieved from /opt/airflow/dags/dag.py
[2025-05-04T14:35:58.452+0000] {processor.py:183} INFO - Processing /opt/airflow/dags/dag.py took 0.073 seconds
[2025-05-04T14:36:28.565+0000] {processor.py:161} INFO - Started process (PID=306) to work on /opt/airflow/dags/dag.py
[2025-05-04T14:36:28.568+0000] {processor.py:830} INFO - Processing file /opt/airflow/dags/dag.py for tasks to queue
[2025-05-04T14:36:28.574+0000] {logging_mixin.py:188} INFO - [2025-05-04T14:36:28.573+0000] {dagbag.py:540} INFO - Filling up the DagBag from /opt/airflow/dags/dag.py
[2025-05-04T14:36:28.604+0000] {processor.py:842} WARNING - No viable dags retrieved from /opt/airflow/dags/dag.py
[2025-05-04T14:36:28.636+0000] {processor.py:183} INFO - Processing /opt/airflow/dags/dag.py took 0.082 seconds
[2025-05-04T14:36:58.991+0000] {processor.py:161} INFO - Started process (PID=313) to work on /opt/airflow/dags/dag.py
[2025-05-04T14:36:58.993+0000] {processor.py:830} INFO - Processing file /opt/airflow/dags/dag.py for tasks to queue
[2025-05-04T14:36:58.998+0000] {logging_mixin.py:188} INFO - [2025-05-04T14:36:58.997+0000] {dagbag.py:540} INFO - Filling up the DagBag from /opt/airflow/dags/dag.py
[2025-05-04T14:36:59.030+0000] {processor.py:842} WARNING - No viable dags retrieved from /opt/airflow/dags/dag.py
[2025-05-04T14:36:59.057+0000] {processor.py:183} INFO - Processing /opt/airflow/dags/dag.py took 0.083 seconds
[2025-05-04T14:37:29.169+0000] {processor.py:161} INFO - Started process (PID=320) to work on /opt/airflow/dags/dag.py
[2025-05-04T14:37:29.171+0000] {processor.py:830} INFO - Processing file /opt/airflow/dags/dag.py for tasks to queue
[2025-05-04T14:37:29.175+0000] {logging_mixin.py:188} INFO - [2025-05-04T14:37:29.175+0000] {dagbag.py:540} INFO - Filling up the DagBag from /opt/airflow/dags/dag.py
[2025-05-04T14:37:29.207+0000] {processor.py:842} WARNING - No viable dags retrieved from /opt/airflow/dags/dag.py
[2025-05-04T14:37:29.233+0000] {processor.py:183} INFO - Processing /opt/airflow/dags/dag.py took 0.077 seconds
[2025-05-04T14:37:59.559+0000] {processor.py:161} INFO - Started process (PID=327) to work on /opt/airflow/dags/dag.py
[2025-05-04T14:37:59.561+0000] {processor.py:830} INFO - Processing file /opt/airflow/dags/dag.py for tasks to queue
[2025-05-04T14:37:59.564+0000] {logging_mixin.py:188} INFO - [2025-05-04T14:37:59.563+0000] {dagbag.py:540} INFO - Filling up the DagBag from /opt/airflow/dags/dag.py
[2025-05-04T14:37:59.597+0000] {processor.py:842} WARNING - No viable dags retrieved from /opt/airflow/dags/dag.py
[2025-05-04T14:37:59.618+0000] {processor.py:183} INFO - Processing /opt/airflow/dags/dag.py took 0.070 seconds
[2025-05-04T14:38:29.886+0000] {processor.py:161} INFO - Started process (PID=334) to work on /opt/airflow/dags/dag.py
[2025-05-04T14:38:29.888+0000] {processor.py:830} INFO - Processing file /opt/airflow/dags/dag.py for tasks to queue
[2025-05-04T14:38:29.891+0000] {logging_mixin.py:188} INFO - [2025-05-04T14:38:29.891+0000] {dagbag.py:540} INFO - Filling up the DagBag from /opt/airflow/dags/dag.py
[2025-05-04T14:38:29.929+0000] {processor.py:842} WARNING - No viable dags retrieved from /opt/airflow/dags/dag.py
[2025-05-04T14:38:29.962+0000] {processor.py:183} INFO - Processing /opt/airflow/dags/dag.py took 0.085 seconds
[2025-05-04T14:39:00.271+0000] {processor.py:161} INFO - Started process (PID=341) to work on /opt/airflow/dags/dag.py
[2025-05-04T14:39:00.272+0000] {processor.py:830} INFO - Processing file /opt/airflow/dags/dag.py for tasks to queue
[2025-05-04T14:39:00.275+0000] {logging_mixin.py:188} INFO - [2025-05-04T14:39:00.275+0000] {dagbag.py:540} INFO - Filling up the DagBag from /opt/airflow/dags/dag.py
[2025-05-04T14:39:00.306+0000] {processor.py:842} WARNING - No viable dags retrieved from /opt/airflow/dags/dag.py
[2025-05-04T14:39:00.326+0000] {processor.py:183} INFO - Processing /opt/airflow/dags/dag.py took 0.070 seconds
[2025-05-04T14:39:30.518+0000] {processor.py:161} INFO - Started process (PID=349) to work on /opt/airflow/dags/dag.py
[2025-05-04T14:39:30.520+0000] {processor.py:830} INFO - Processing file /opt/airflow/dags/dag.py for tasks to queue
[2025-05-04T14:39:30.527+0000] {logging_mixin.py:188} INFO - [2025-05-04T14:39:30.526+0000] {dagbag.py:540} INFO - Filling up the DagBag from /opt/airflow/dags/dag.py
[2025-05-04T14:39:30.558+0000] {processor.py:842} WARNING - No viable dags retrieved from /opt/airflow/dags/dag.py
[2025-05-04T14:39:30.584+0000] {processor.py:183} INFO - Processing /opt/airflow/dags/dag.py took 0.081 seconds
[2025-05-04T14:40:00.966+0000] {processor.py:161} INFO - Started process (PID=357) to work on /opt/airflow/dags/dag.py
[2025-05-04T14:40:00.969+0000] {processor.py:830} INFO - Processing file /opt/airflow/dags/dag.py for tasks to queue
[2025-05-04T14:40:00.973+0000] {logging_mixin.py:188} INFO - [2025-05-04T14:40:00.972+0000] {dagbag.py:540} INFO - Filling up the DagBag from /opt/airflow/dags/dag.py
[2025-05-04T14:40:01.005+0000] {processor.py:842} WARNING - No viable dags retrieved from /opt/airflow/dags/dag.py
[2025-05-04T14:40:01.034+0000] {processor.py:183} INFO - Processing /opt/airflow/dags/dag.py took 0.086 seconds
[2025-05-04T14:40:31.196+0000] {processor.py:161} INFO - Started process (PID=364) to work on /opt/airflow/dags/dag.py
[2025-05-04T14:40:31.197+0000] {processor.py:830} INFO - Processing file /opt/airflow/dags/dag.py for tasks to queue
[2025-05-04T14:40:31.201+0000] {logging_mixin.py:188} INFO - [2025-05-04T14:40:31.201+0000] {dagbag.py:540} INFO - Filling up the DagBag from /opt/airflow/dags/dag.py
[2025-05-04T14:40:31.234+0000] {processor.py:842} WARNING - No viable dags retrieved from /opt/airflow/dags/dag.py
[2025-05-04T14:40:31.258+0000] {processor.py:183} INFO - Processing /opt/airflow/dags/dag.py took 0.071 seconds
[2025-05-04T14:41:01.545+0000] {processor.py:161} INFO - Started process (PID=371) to work on /opt/airflow/dags/dag.py
[2025-05-04T14:41:01.547+0000] {processor.py:830} INFO - Processing file /opt/airflow/dags/dag.py for tasks to queue
[2025-05-04T14:41:01.552+0000] {logging_mixin.py:188} INFO - [2025-05-04T14:41:01.551+0000] {dagbag.py:540} INFO - Filling up the DagBag from /opt/airflow/dags/dag.py
[2025-05-04T14:41:01.589+0000] {processor.py:842} WARNING - No viable dags retrieved from /opt/airflow/dags/dag.py
[2025-05-04T14:41:01.622+0000] {processor.py:183} INFO - Processing /opt/airflow/dags/dag.py took 0.087 seconds
[2025-05-04T14:41:31.783+0000] {processor.py:161} INFO - Started process (PID=378) to work on /opt/airflow/dags/dag.py
[2025-05-04T14:41:31.785+0000] {processor.py:830} INFO - Processing file /opt/airflow/dags/dag.py for tasks to queue
[2025-05-04T14:41:31.788+0000] {logging_mixin.py:188} INFO - [2025-05-04T14:41:31.788+0000] {dagbag.py:540} INFO - Filling up the DagBag from /opt/airflow/dags/dag.py
[2025-05-04T14:41:31.819+0000] {processor.py:842} WARNING - No viable dags retrieved from /opt/airflow/dags/dag.py
[2025-05-04T14:41:31.843+0000] {processor.py:183} INFO - Processing /opt/airflow/dags/dag.py took 0.068 seconds
[2025-05-04T14:42:02.220+0000] {processor.py:161} INFO - Started process (PID=385) to work on /opt/airflow/dags/dag.py
[2025-05-04T14:42:02.222+0000] {processor.py:830} INFO - Processing file /opt/airflow/dags/dag.py for tasks to queue
[2025-05-04T14:42:02.226+0000] {logging_mixin.py:188} INFO - [2025-05-04T14:42:02.225+0000] {dagbag.py:540} INFO - Filling up the DagBag from /opt/airflow/dags/dag.py
[2025-05-04T14:42:02.257+0000] {processor.py:842} WARNING - No viable dags retrieved from /opt/airflow/dags/dag.py
[2025-05-04T14:42:02.280+0000] {processor.py:183} INFO - Processing /opt/airflow/dags/dag.py took 0.071 seconds
[2025-05-04T14:42:32.569+0000] {processor.py:161} INFO - Started process (PID=392) to work on /opt/airflow/dags/dag.py
[2025-05-04T14:42:32.572+0000] {processor.py:830} INFO - Processing file /opt/airflow/dags/dag.py for tasks to queue
[2025-05-04T14:42:32.576+0000] {logging_mixin.py:188} INFO - [2025-05-04T14:42:32.575+0000] {dagbag.py:540} INFO - Filling up the DagBag from /opt/airflow/dags/dag.py
[2025-05-04T14:42:32.610+0000] {processor.py:842} WARNING - No viable dags retrieved from /opt/airflow/dags/dag.py
[2025-05-04T14:42:32.639+0000] {processor.py:183} INFO - Processing /opt/airflow/dags/dag.py took 0.084 seconds
[2025-05-04T14:43:02.868+0000] {processor.py:161} INFO - Started process (PID=399) to work on /opt/airflow/dags/dag.py
[2025-05-04T14:43:02.871+0000] {processor.py:830} INFO - Processing file /opt/airflow/dags/dag.py for tasks to queue
[2025-05-04T14:43:02.875+0000] {logging_mixin.py:188} INFO - [2025-05-04T14:43:02.874+0000] {dagbag.py:540} INFO - Filling up the DagBag from /opt/airflow/dags/dag.py
[2025-05-04T14:43:02.910+0000] {processor.py:842} WARNING - No viable dags retrieved from /opt/airflow/dags/dag.py
[2025-05-04T14:43:02.940+0000] {processor.py:183} INFO - Processing /opt/airflow/dags/dag.py took 0.082 seconds
[2025-05-04T14:43:33.231+0000] {processor.py:161} INFO - Started process (PID=406) to work on /opt/airflow/dags/dag.py
[2025-05-04T14:43:33.234+0000] {processor.py:830} INFO - Processing file /opt/airflow/dags/dag.py for tasks to queue
[2025-05-04T14:43:33.238+0000] {logging_mixin.py:188} INFO - [2025-05-04T14:43:33.238+0000] {dagbag.py:540} INFO - Filling up the DagBag from /opt/airflow/dags/dag.py
[2025-05-04T14:43:33.275+0000] {processor.py:842} WARNING - No viable dags retrieved from /opt/airflow/dags/dag.py
[2025-05-04T14:43:33.305+0000] {processor.py:183} INFO - Processing /opt/airflow/dags/dag.py took 0.092 seconds
[2025-05-04T14:44:03.649+0000] {processor.py:161} INFO - Started process (PID=413) to work on /opt/airflow/dags/dag.py
[2025-05-04T14:44:03.651+0000] {processor.py:830} INFO - Processing file /opt/airflow/dags/dag.py for tasks to queue
[2025-05-04T14:44:03.655+0000] {logging_mixin.py:188} INFO - [2025-05-04T14:44:03.654+0000] {dagbag.py:540} INFO - Filling up the DagBag from /opt/airflow/dags/dag.py
[2025-05-04T14:44:03.688+0000] {processor.py:842} WARNING - No viable dags retrieved from /opt/airflow/dags/dag.py
[2025-05-04T14:44:03.714+0000] {processor.py:183} INFO - Processing /opt/airflow/dags/dag.py took 0.077 seconds
[2025-05-04T14:44:33.889+0000] {processor.py:161} INFO - Started process (PID=420) to work on /opt/airflow/dags/dag.py
[2025-05-04T14:44:33.892+0000] {processor.py:830} INFO - Processing file /opt/airflow/dags/dag.py for tasks to queue
[2025-05-04T14:44:33.897+0000] {logging_mixin.py:188} INFO - [2025-05-04T14:44:33.896+0000] {dagbag.py:540} INFO - Filling up the DagBag from /opt/airflow/dags/dag.py
[2025-05-04T14:44:33.933+0000] {processor.py:842} WARNING - No viable dags retrieved from /opt/airflow/dags/dag.py
[2025-05-04T14:44:33.963+0000] {processor.py:183} INFO - Processing /opt/airflow/dags/dag.py took 0.090 seconds
[2025-05-04T15:40:59.260+0000] {processor.py:161} INFO - Started process (PID=427) to work on /opt/airflow/dags/dag.py
[2025-05-04T15:40:59.264+0000] {processor.py:830} INFO - Processing file /opt/airflow/dags/dag.py for tasks to queue
[2025-05-04T15:40:59.288+0000] {logging_mixin.py:188} INFO - [2025-05-04T15:40:59.287+0000] {dagbag.py:540} INFO - Filling up the DagBag from /opt/airflow/dags/dag.py
[2025-05-04T15:40:59.394+0000] {processor.py:842} WARNING - No viable dags retrieved from /opt/airflow/dags/dag.py
[2025-05-04T15:40:59.466+0000] {processor.py:183} INFO - Processing /opt/airflow/dags/dag.py took 0.250 seconds
[2025-05-04T15:41:29.680+0000] {processor.py:161} INFO - Started process (PID=434) to work on /opt/airflow/dags/dag.py
[2025-05-04T15:41:29.681+0000] {processor.py:830} INFO - Processing file /opt/airflow/dags/dag.py for tasks to queue
[2025-05-04T15:41:29.685+0000] {logging_mixin.py:188} INFO - [2025-05-04T15:41:29.684+0000] {dagbag.py:540} INFO - Filling up the DagBag from /opt/airflow/dags/dag.py
[2025-05-04T15:41:29.718+0000] {processor.py:842} WARNING - No viable dags retrieved from /opt/airflow/dags/dag.py
[2025-05-04T15:41:29.747+0000] {processor.py:183} INFO - Processing /opt/airflow/dags/dag.py took 0.077 seconds
[2025-05-04T15:41:59.958+0000] {processor.py:161} INFO - Started process (PID=441) to work on /opt/airflow/dags/dag.py
[2025-05-04T15:41:59.961+0000] {processor.py:830} INFO - Processing file /opt/airflow/dags/dag.py for tasks to queue
[2025-05-04T15:41:59.967+0000] {logging_mixin.py:188} INFO - [2025-05-04T15:41:59.966+0000] {dagbag.py:540} INFO - Filling up the DagBag from /opt/airflow/dags/dag.py
[2025-05-04T15:42:00.001+0000] {processor.py:842} WARNING - No viable dags retrieved from /opt/airflow/dags/dag.py
[2025-05-04T15:42:00.035+0000] {processor.py:183} INFO - Processing /opt/airflow/dags/dag.py took 0.095 seconds
[2025-05-04T15:42:30.459+0000] {processor.py:161} INFO - Started process (PID=448) to work on /opt/airflow/dags/dag.py
[2025-05-04T15:42:30.461+0000] {processor.py:830} INFO - Processing file /opt/airflow/dags/dag.py for tasks to queue
[2025-05-04T15:42:30.467+0000] {logging_mixin.py:188} INFO - [2025-05-04T15:42:30.466+0000] {dagbag.py:540} INFO - Filling up the DagBag from /opt/airflow/dags/dag.py
[2025-05-04T15:42:30.494+0000] {processor.py:842} WARNING - No viable dags retrieved from /opt/airflow/dags/dag.py
[2025-05-04T15:42:30.526+0000] {processor.py:183} INFO - Processing /opt/airflow/dags/dag.py took 0.083 seconds
[2025-05-04T15:43:00.874+0000] {processor.py:161} INFO - Started process (PID=449) to work on /opt/airflow/dags/dag.py
[2025-05-04T15:43:00.875+0000] {processor.py:830} INFO - Processing file /opt/airflow/dags/dag.py for tasks to queue
[2025-05-04T15:43:00.880+0000] {logging_mixin.py:188} INFO - [2025-05-04T15:43:00.880+0000] {dagbag.py:540} INFO - Filling up the DagBag from /opt/airflow/dags/dag.py
[2025-05-04T15:43:00.911+0000] {processor.py:842} WARNING - No viable dags retrieved from /opt/airflow/dags/dag.py
[2025-05-04T15:43:00.939+0000] {processor.py:183} INFO - Processing /opt/airflow/dags/dag.py took 0.079 seconds
