[2025-04-30T00:30:53.492+0000] {processor.py:186} INFO - Started process (PID=104) to work on /home/airflow/.local/lib/python3.12/site-packages/airflow/example_dags/example_branch_day_of_week_operator.py
[2025-04-30T00:30:53.494+0000] {processor.py:914} INFO - Processing file /home/airflow/.local/lib/python3.12/site-packages/airflow/example_dags/example_branch_day_of_week_operator.py for tasks to queue
[2025-04-30T00:30:53.499+0000] {logging_mixin.py:190} INFO - [2025-04-30T00:30:53.499+0000] {dagbag.py:587} INFO - Filling up the DagBag from /home/airflow/.local/lib/python3.12/site-packages/airflow/example_dags/example_branch_day_of_week_operator.py
[2025-04-30T00:30:53.518+0000] {processor.py:925} INFO - DAG(s) 'example_weekday_branch_operator' retrieved from /home/airflow/.local/lib/python3.12/site-packages/airflow/example_dags/example_branch_day_of_week_operator.py
[2025-04-30T00:30:52.931+0000] {logging_mixin.py:190} INFO - [2025-04-30T00:30:52.929+0000] {override.py:1858} INFO - Created Permission View: can edit on DAG:example_weekday_branch_operator
[2025-04-30T00:30:52.953+0000] {logging_mixin.py:190} INFO - [2025-04-30T00:30:52.952+0000] {override.py:1858} INFO - Created Permission View: can read on DAG:example_weekday_branch_operator
[2025-04-30T00:30:52.966+0000] {logging_mixin.py:190} INFO - [2025-04-30T00:30:52.966+0000] {override.py:1858} INFO - Created Permission View: can delete on DAG:example_weekday_branch_operator
[2025-04-30T00:30:52.968+0000] {logging_mixin.py:190} INFO - [2025-04-30T00:30:52.967+0000] {dag.py:3211} INFO - Sync 1 DAGs
[2025-04-30T00:30:52.997+0000] {logging_mixin.py:190} INFO - [2025-04-30T00:30:52.996+0000] {dag.py:3234} INFO - Creating ORM DAG for example_weekday_branch_operator
[2025-04-30T00:30:53.024+0000] {logging_mixin.py:190} INFO - [2025-04-30T00:30:53.024+0000] {dag.py:4138} INFO - Setting next_dagrun for example_weekday_branch_operator to 2025-04-29 00:00:00+00:00, run_after=2025-04-30 00:00:00+00:00
[2025-04-30T00:30:53.062+0000] {processor.py:208} INFO - Processing /home/airflow/.local/lib/python3.12/site-packages/airflow/example_dags/example_branch_day_of_week_operator.py took 0.399 seconds
[2025-04-30T00:31:23.982+0000] {processor.py:186} INFO - Started process (PID=165) to work on /home/airflow/.local/lib/python3.12/site-packages/airflow/example_dags/example_branch_day_of_week_operator.py
[2025-04-30T00:31:23.984+0000] {processor.py:914} INFO - Processing file /home/airflow/.local/lib/python3.12/site-packages/airflow/example_dags/example_branch_day_of_week_operator.py for tasks to queue
[2025-04-30T00:31:23.989+0000] {logging_mixin.py:190} INFO - [2025-04-30T00:31:23.989+0000] {dagbag.py:587} INFO - Filling up the DagBag from /home/airflow/.local/lib/python3.12/site-packages/airflow/example_dags/example_branch_day_of_week_operator.py
[2025-04-30T00:31:24.019+0000] {processor.py:925} INFO - DAG(s) 'example_weekday_branch_operator' retrieved from /home/airflow/.local/lib/python3.12/site-packages/airflow/example_dags/example_branch_day_of_week_operator.py
[2025-04-30T00:31:24.069+0000] {logging_mixin.py:190} INFO - [2025-04-30T00:31:24.069+0000] {dag.py:3211} INFO - Sync 1 DAGs
[2025-04-30T00:31:24.131+0000] {logging_mixin.py:190} INFO - [2025-04-30T00:31:24.130+0000] {dag.py:4138} INFO - Setting next_dagrun for example_weekday_branch_operator to 2025-04-29 00:00:00+00:00, run_after=2025-04-30 00:00:00+00:00
[2025-04-30T00:31:24.170+0000] {processor.py:208} INFO - Processing /home/airflow/.local/lib/python3.12/site-packages/airflow/example_dags/example_branch_day_of_week_operator.py took 0.200 seconds
[2025-04-30T00:31:54.822+0000] {processor.py:186} INFO - Started process (PID=235) to work on /home/airflow/.local/lib/python3.12/site-packages/airflow/example_dags/example_branch_day_of_week_operator.py
[2025-04-30T00:31:54.824+0000] {processor.py:914} INFO - Processing file /home/airflow/.local/lib/python3.12/site-packages/airflow/example_dags/example_branch_day_of_week_operator.py for tasks to queue
[2025-04-30T00:31:54.830+0000] {logging_mixin.py:190} INFO - [2025-04-30T00:31:54.829+0000] {dagbag.py:587} INFO - Filling up the DagBag from /home/airflow/.local/lib/python3.12/site-packages/airflow/example_dags/example_branch_day_of_week_operator.py
[2025-04-30T00:31:54.850+0000] {processor.py:925} INFO - DAG(s) 'example_weekday_branch_operator' retrieved from /home/airflow/.local/lib/python3.12/site-packages/airflow/example_dags/example_branch_day_of_week_operator.py
[2025-04-30T00:31:54.893+0000] {logging_mixin.py:190} INFO - [2025-04-30T00:31:54.893+0000] {dag.py:3211} INFO - Sync 1 DAGs
[2025-04-30T00:31:54.939+0000] {logging_mixin.py:190} INFO - [2025-04-30T00:31:54.938+0000] {dag.py:4138} INFO - Setting next_dagrun for example_weekday_branch_operator to 2025-04-29 00:00:00+00:00, run_after=2025-04-30 00:00:00+00:00
[2025-04-30T00:31:54.976+0000] {processor.py:208} INFO - Processing /home/airflow/.local/lib/python3.12/site-packages/airflow/example_dags/example_branch_day_of_week_operator.py took 0.165 seconds
[2025-04-30T00:32:25.397+0000] {processor.py:186} INFO - Started process (PID=298) to work on /home/airflow/.local/lib/python3.12/site-packages/airflow/example_dags/example_branch_day_of_week_operator.py
[2025-04-30T00:32:25.399+0000] {processor.py:914} INFO - Processing file /home/airflow/.local/lib/python3.12/site-packages/airflow/example_dags/example_branch_day_of_week_operator.py for tasks to queue
[2025-04-30T00:32:25.404+0000] {logging_mixin.py:190} INFO - [2025-04-30T00:32:25.403+0000] {dagbag.py:587} INFO - Filling up the DagBag from /home/airflow/.local/lib/python3.12/site-packages/airflow/example_dags/example_branch_day_of_week_operator.py
[2025-04-30T00:32:25.423+0000] {processor.py:925} INFO - DAG(s) 'example_weekday_branch_operator' retrieved from /home/airflow/.local/lib/python3.12/site-packages/airflow/example_dags/example_branch_day_of_week_operator.py
[2025-04-30T00:32:25.463+0000] {logging_mixin.py:190} INFO - [2025-04-30T00:32:25.463+0000] {dag.py:3211} INFO - Sync 1 DAGs
[2025-04-30T00:32:25.513+0000] {logging_mixin.py:190} INFO - [2025-04-30T00:32:25.513+0000] {dag.py:4138} INFO - Setting next_dagrun for example_weekday_branch_operator to 2025-04-29 00:00:00+00:00, run_after=2025-04-30 00:00:00+00:00
[2025-04-30T00:32:25.551+0000] {processor.py:208} INFO - Processing /home/airflow/.local/lib/python3.12/site-packages/airflow/example_dags/example_branch_day_of_week_operator.py took 0.165 seconds
[2025-04-30T00:32:56.294+0000] {processor.py:186} INFO - Started process (PID=361) to work on /home/airflow/.local/lib/python3.12/site-packages/airflow/example_dags/example_branch_day_of_week_operator.py
[2025-04-30T00:32:56.296+0000] {processor.py:914} INFO - Processing file /home/airflow/.local/lib/python3.12/site-packages/airflow/example_dags/example_branch_day_of_week_operator.py for tasks to queue
[2025-04-30T00:32:56.300+0000] {logging_mixin.py:190} INFO - [2025-04-30T00:32:56.300+0000] {dagbag.py:587} INFO - Filling up the DagBag from /home/airflow/.local/lib/python3.12/site-packages/airflow/example_dags/example_branch_day_of_week_operator.py
[2025-04-30T00:32:56.319+0000] {processor.py:925} INFO - DAG(s) 'example_weekday_branch_operator' retrieved from /home/airflow/.local/lib/python3.12/site-packages/airflow/example_dags/example_branch_day_of_week_operator.py
[2025-04-30T00:32:56.362+0000] {logging_mixin.py:190} INFO - [2025-04-30T00:32:56.361+0000] {dag.py:3211} INFO - Sync 1 DAGs
[2025-04-30T00:32:56.417+0000] {logging_mixin.py:190} INFO - [2025-04-30T00:32:56.417+0000] {dag.py:4138} INFO - Setting next_dagrun for example_weekday_branch_operator to 2025-04-29 00:00:00+00:00, run_after=2025-04-30 00:00:00+00:00
[2025-04-30T00:32:56.454+0000] {processor.py:208} INFO - Processing /home/airflow/.local/lib/python3.12/site-packages/airflow/example_dags/example_branch_day_of_week_operator.py took 0.172 seconds
[2025-04-30T00:33:26.541+0000] {processor.py:186} INFO - Started process (PID=424) to work on /home/airflow/.local/lib/python3.12/site-packages/airflow/example_dags/example_branch_day_of_week_operator.py
[2025-04-30T00:33:26.544+0000] {processor.py:914} INFO - Processing file /home/airflow/.local/lib/python3.12/site-packages/airflow/example_dags/example_branch_day_of_week_operator.py for tasks to queue
[2025-04-30T00:33:26.550+0000] {logging_mixin.py:190} INFO - [2025-04-30T00:33:26.549+0000] {dagbag.py:587} INFO - Filling up the DagBag from /home/airflow/.local/lib/python3.12/site-packages/airflow/example_dags/example_branch_day_of_week_operator.py
[2025-04-30T00:33:26.571+0000] {processor.py:925} INFO - DAG(s) 'example_weekday_branch_operator' retrieved from /home/airflow/.local/lib/python3.12/site-packages/airflow/example_dags/example_branch_day_of_week_operator.py
[2025-04-30T00:33:26.622+0000] {logging_mixin.py:190} INFO - [2025-04-30T00:33:26.621+0000] {dag.py:3211} INFO - Sync 1 DAGs
[2025-04-30T00:33:26.686+0000] {logging_mixin.py:190} INFO - [2025-04-30T00:33:26.686+0000] {dag.py:4138} INFO - Setting next_dagrun for example_weekday_branch_operator to 2025-04-29 00:00:00+00:00, run_after=2025-04-30 00:00:00+00:00
[2025-04-30T00:33:26.733+0000] {processor.py:208} INFO - Processing /home/airflow/.local/lib/python3.12/site-packages/airflow/example_dags/example_branch_day_of_week_operator.py took 0.203 seconds
[2025-04-30T00:33:57.123+0000] {processor.py:186} INFO - Started process (PID=488) to work on /home/airflow/.local/lib/python3.12/site-packages/airflow/example_dags/example_branch_day_of_week_operator.py
[2025-04-30T00:33:57.125+0000] {processor.py:914} INFO - Processing file /home/airflow/.local/lib/python3.12/site-packages/airflow/example_dags/example_branch_day_of_week_operator.py for tasks to queue
[2025-04-30T00:33:57.131+0000] {logging_mixin.py:190} INFO - [2025-04-30T00:33:57.130+0000] {dagbag.py:587} INFO - Filling up the DagBag from /home/airflow/.local/lib/python3.12/site-packages/airflow/example_dags/example_branch_day_of_week_operator.py
[2025-04-30T00:33:57.152+0000] {processor.py:925} INFO - DAG(s) 'example_weekday_branch_operator' retrieved from /home/airflow/.local/lib/python3.12/site-packages/airflow/example_dags/example_branch_day_of_week_operator.py
[2025-04-30T00:33:57.198+0000] {logging_mixin.py:190} INFO - [2025-04-30T00:33:57.197+0000] {dag.py:3211} INFO - Sync 1 DAGs
[2025-04-30T00:33:57.253+0000] {logging_mixin.py:190} INFO - [2025-04-30T00:33:57.253+0000] {dag.py:4138} INFO - Setting next_dagrun for example_weekday_branch_operator to 2025-04-29 00:00:00+00:00, run_after=2025-04-30 00:00:00+00:00
[2025-04-30T00:33:57.304+0000] {processor.py:208} INFO - Processing /home/airflow/.local/lib/python3.12/site-packages/airflow/example_dags/example_branch_day_of_week_operator.py took 0.192 seconds
[2025-04-30T00:34:28.351+0000] {processor.py:186} INFO - Started process (PID=552) to work on /home/airflow/.local/lib/python3.12/site-packages/airflow/example_dags/example_branch_day_of_week_operator.py
[2025-04-30T00:34:28.353+0000] {processor.py:914} INFO - Processing file /home/airflow/.local/lib/python3.12/site-packages/airflow/example_dags/example_branch_day_of_week_operator.py for tasks to queue
[2025-04-30T00:34:28.358+0000] {logging_mixin.py:190} INFO - [2025-04-30T00:34:28.357+0000] {dagbag.py:587} INFO - Filling up the DagBag from /home/airflow/.local/lib/python3.12/site-packages/airflow/example_dags/example_branch_day_of_week_operator.py
[2025-04-30T00:34:28.381+0000] {processor.py:925} INFO - DAG(s) 'example_weekday_branch_operator' retrieved from /home/airflow/.local/lib/python3.12/site-packages/airflow/example_dags/example_branch_day_of_week_operator.py
[2025-04-30T00:34:28.425+0000] {logging_mixin.py:190} INFO - [2025-04-30T00:34:28.424+0000] {dag.py:3211} INFO - Sync 1 DAGs
[2025-04-30T00:34:28.483+0000] {logging_mixin.py:190} INFO - [2025-04-30T00:34:28.482+0000] {dag.py:4138} INFO - Setting next_dagrun for example_weekday_branch_operator to 2025-04-29 00:00:00+00:00, run_after=2025-04-30 00:00:00+00:00
[2025-04-30T00:34:28.524+0000] {processor.py:208} INFO - Processing /home/airflow/.local/lib/python3.12/site-packages/airflow/example_dags/example_branch_day_of_week_operator.py took 0.185 seconds
[2025-04-30T00:34:59.162+0000] {processor.py:186} INFO - Started process (PID=615) to work on /home/airflow/.local/lib/python3.12/site-packages/airflow/example_dags/example_branch_day_of_week_operator.py
[2025-04-30T00:34:59.165+0000] {processor.py:914} INFO - Processing file /home/airflow/.local/lib/python3.12/site-packages/airflow/example_dags/example_branch_day_of_week_operator.py for tasks to queue
[2025-04-30T00:34:59.169+0000] {logging_mixin.py:190} INFO - [2025-04-30T00:34:59.169+0000] {dagbag.py:587} INFO - Filling up the DagBag from /home/airflow/.local/lib/python3.12/site-packages/airflow/example_dags/example_branch_day_of_week_operator.py
[2025-04-30T00:34:59.189+0000] {processor.py:925} INFO - DAG(s) 'example_weekday_branch_operator' retrieved from /home/airflow/.local/lib/python3.12/site-packages/airflow/example_dags/example_branch_day_of_week_operator.py
[2025-04-30T00:34:59.234+0000] {logging_mixin.py:190} INFO - [2025-04-30T00:34:59.233+0000] {dag.py:3211} INFO - Sync 1 DAGs
[2025-04-30T00:34:59.297+0000] {logging_mixin.py:190} INFO - [2025-04-30T00:34:59.297+0000] {dag.py:4138} INFO - Setting next_dagrun for example_weekday_branch_operator to 2025-04-29 00:00:00+00:00, run_after=2025-04-30 00:00:00+00:00
[2025-04-30T00:34:59.342+0000] {processor.py:208} INFO - Processing /home/airflow/.local/lib/python3.12/site-packages/airflow/example_dags/example_branch_day_of_week_operator.py took 0.193 seconds
[2025-04-30T00:35:29.573+0000] {processor.py:186} INFO - Started process (PID=678) to work on /home/airflow/.local/lib/python3.12/site-packages/airflow/example_dags/example_branch_day_of_week_operator.py
[2025-04-30T00:35:29.575+0000] {processor.py:914} INFO - Processing file /home/airflow/.local/lib/python3.12/site-packages/airflow/example_dags/example_branch_day_of_week_operator.py for tasks to queue
[2025-04-30T00:35:29.581+0000] {logging_mixin.py:190} INFO - [2025-04-30T00:35:29.580+0000] {dagbag.py:587} INFO - Filling up the DagBag from /home/airflow/.local/lib/python3.12/site-packages/airflow/example_dags/example_branch_day_of_week_operator.py
[2025-04-30T00:35:29.603+0000] {processor.py:925} INFO - DAG(s) 'example_weekday_branch_operator' retrieved from /home/airflow/.local/lib/python3.12/site-packages/airflow/example_dags/example_branch_day_of_week_operator.py
[2025-04-30T00:35:29.651+0000] {logging_mixin.py:190} INFO - [2025-04-30T00:35:29.651+0000] {dag.py:3211} INFO - Sync 1 DAGs
[2025-04-30T00:35:29.711+0000] {logging_mixin.py:190} INFO - [2025-04-30T00:35:29.711+0000] {dag.py:4138} INFO - Setting next_dagrun for example_weekday_branch_operator to 2025-04-29 00:00:00+00:00, run_after=2025-04-30 00:00:00+00:00
[2025-04-30T00:35:29.748+0000] {processor.py:208} INFO - Processing /home/airflow/.local/lib/python3.12/site-packages/airflow/example_dags/example_branch_day_of_week_operator.py took 0.189 seconds
[2025-04-30T00:36:00.730+0000] {processor.py:186} INFO - Started process (PID=741) to work on /home/airflow/.local/lib/python3.12/site-packages/airflow/example_dags/example_branch_day_of_week_operator.py
[2025-04-30T00:36:00.732+0000] {processor.py:914} INFO - Processing file /home/airflow/.local/lib/python3.12/site-packages/airflow/example_dags/example_branch_day_of_week_operator.py for tasks to queue
[2025-04-30T00:36:00.737+0000] {logging_mixin.py:190} INFO - [2025-04-30T00:36:00.736+0000] {dagbag.py:587} INFO - Filling up the DagBag from /home/airflow/.local/lib/python3.12/site-packages/airflow/example_dags/example_branch_day_of_week_operator.py
[2025-04-30T00:36:00.758+0000] {processor.py:925} INFO - DAG(s) 'example_weekday_branch_operator' retrieved from /home/airflow/.local/lib/python3.12/site-packages/airflow/example_dags/example_branch_day_of_week_operator.py
[2025-04-30T00:36:00.800+0000] {logging_mixin.py:190} INFO - [2025-04-30T00:36:00.800+0000] {dag.py:3211} INFO - Sync 1 DAGs
[2025-04-30T00:36:00.850+0000] {logging_mixin.py:190} INFO - [2025-04-30T00:36:00.849+0000] {dag.py:4138} INFO - Setting next_dagrun for example_weekday_branch_operator to 2025-04-29 00:00:00+00:00, run_after=2025-04-30 00:00:00+00:00
[2025-04-30T00:36:00.899+0000] {processor.py:208} INFO - Processing /home/airflow/.local/lib/python3.12/site-packages/airflow/example_dags/example_branch_day_of_week_operator.py took 0.183 seconds
[2025-04-30T00:36:31.330+0000] {processor.py:186} INFO - Started process (PID=804) to work on /home/airflow/.local/lib/python3.12/site-packages/airflow/example_dags/example_branch_day_of_week_operator.py
[2025-04-30T00:36:31.333+0000] {processor.py:914} INFO - Processing file /home/airflow/.local/lib/python3.12/site-packages/airflow/example_dags/example_branch_day_of_week_operator.py for tasks to queue
[2025-04-30T00:36:31.338+0000] {logging_mixin.py:190} INFO - [2025-04-30T00:36:31.337+0000] {dagbag.py:587} INFO - Filling up the DagBag from /home/airflow/.local/lib/python3.12/site-packages/airflow/example_dags/example_branch_day_of_week_operator.py
[2025-04-30T00:36:31.359+0000] {processor.py:925} INFO - DAG(s) 'example_weekday_branch_operator' retrieved from /home/airflow/.local/lib/python3.12/site-packages/airflow/example_dags/example_branch_day_of_week_operator.py
[2025-04-30T00:36:31.395+0000] {logging_mixin.py:190} INFO - [2025-04-30T00:36:31.395+0000] {dag.py:3211} INFO - Sync 1 DAGs
[2025-04-30T00:36:31.444+0000] {logging_mixin.py:190} INFO - [2025-04-30T00:36:31.443+0000] {dag.py:4138} INFO - Setting next_dagrun for example_weekday_branch_operator to 2025-04-29 00:00:00+00:00, run_after=2025-04-30 00:00:00+00:00
[2025-04-30T00:36:31.489+0000] {processor.py:208} INFO - Processing /home/airflow/.local/lib/python3.12/site-packages/airflow/example_dags/example_branch_day_of_week_operator.py took 0.172 seconds
[2025-04-30T00:37:01.652+0000] {processor.py:186} INFO - Started process (PID=867) to work on /home/airflow/.local/lib/python3.12/site-packages/airflow/example_dags/example_branch_day_of_week_operator.py
[2025-04-30T00:37:01.654+0000] {processor.py:914} INFO - Processing file /home/airflow/.local/lib/python3.12/site-packages/airflow/example_dags/example_branch_day_of_week_operator.py for tasks to queue
[2025-04-30T00:37:01.659+0000] {logging_mixin.py:190} INFO - [2025-04-30T00:37:01.658+0000] {dagbag.py:587} INFO - Filling up the DagBag from /home/airflow/.local/lib/python3.12/site-packages/airflow/example_dags/example_branch_day_of_week_operator.py
[2025-04-30T00:37:01.678+0000] {processor.py:925} INFO - DAG(s) 'example_weekday_branch_operator' retrieved from /home/airflow/.local/lib/python3.12/site-packages/airflow/example_dags/example_branch_day_of_week_operator.py
[2025-04-30T00:37:01.724+0000] {logging_mixin.py:190} INFO - [2025-04-30T00:37:01.724+0000] {dag.py:3211} INFO - Sync 1 DAGs
[2025-04-30T00:37:01.775+0000] {logging_mixin.py:190} INFO - [2025-04-30T00:37:01.774+0000] {dag.py:4138} INFO - Setting next_dagrun for example_weekday_branch_operator to 2025-04-29 00:00:00+00:00, run_after=2025-04-30 00:00:00+00:00
[2025-04-30T00:37:01.823+0000] {processor.py:208} INFO - Processing /home/airflow/.local/lib/python3.12/site-packages/airflow/example_dags/example_branch_day_of_week_operator.py took 0.183 seconds
[2025-04-30T00:37:33.219+0000] {processor.py:186} INFO - Started process (PID=930) to work on /home/airflow/.local/lib/python3.12/site-packages/airflow/example_dags/example_branch_day_of_week_operator.py
[2025-04-30T00:37:33.222+0000] {processor.py:914} INFO - Processing file /home/airflow/.local/lib/python3.12/site-packages/airflow/example_dags/example_branch_day_of_week_operator.py for tasks to queue
[2025-04-30T00:37:33.228+0000] {logging_mixin.py:190} INFO - [2025-04-30T00:37:33.226+0000] {dagbag.py:587} INFO - Filling up the DagBag from /home/airflow/.local/lib/python3.12/site-packages/airflow/example_dags/example_branch_day_of_week_operator.py
[2025-04-30T00:37:33.250+0000] {processor.py:925} INFO - DAG(s) 'example_weekday_branch_operator' retrieved from /home/airflow/.local/lib/python3.12/site-packages/airflow/example_dags/example_branch_day_of_week_operator.py
[2025-04-30T00:37:33.294+0000] {logging_mixin.py:190} INFO - [2025-04-30T00:37:33.293+0000] {dag.py:3211} INFO - Sync 1 DAGs
[2025-04-30T00:37:33.348+0000] {logging_mixin.py:190} INFO - [2025-04-30T00:37:33.347+0000] {dag.py:4138} INFO - Setting next_dagrun for example_weekday_branch_operator to 2025-04-29 00:00:00+00:00, run_after=2025-04-30 00:00:00+00:00
[2025-04-30T00:37:33.386+0000] {processor.py:208} INFO - Processing /home/airflow/.local/lib/python3.12/site-packages/airflow/example_dags/example_branch_day_of_week_operator.py took 0.180 seconds
[2025-04-30T00:38:04.012+0000] {processor.py:186} INFO - Started process (PID=993) to work on /home/airflow/.local/lib/python3.12/site-packages/airflow/example_dags/example_branch_day_of_week_operator.py
[2025-04-30T00:38:04.014+0000] {processor.py:914} INFO - Processing file /home/airflow/.local/lib/python3.12/site-packages/airflow/example_dags/example_branch_day_of_week_operator.py for tasks to queue
[2025-04-30T00:38:04.019+0000] {logging_mixin.py:190} INFO - [2025-04-30T00:38:04.019+0000] {dagbag.py:587} INFO - Filling up the DagBag from /home/airflow/.local/lib/python3.12/site-packages/airflow/example_dags/example_branch_day_of_week_operator.py
[2025-04-30T00:38:04.039+0000] {processor.py:925} INFO - DAG(s) 'example_weekday_branch_operator' retrieved from /home/airflow/.local/lib/python3.12/site-packages/airflow/example_dags/example_branch_day_of_week_operator.py
[2025-04-30T00:38:04.091+0000] {logging_mixin.py:190} INFO - [2025-04-30T00:38:04.091+0000] {dag.py:3211} INFO - Sync 1 DAGs
[2025-04-30T00:38:04.157+0000] {logging_mixin.py:190} INFO - [2025-04-30T00:38:04.157+0000] {dag.py:4138} INFO - Setting next_dagrun for example_weekday_branch_operator to 2025-04-29 00:00:00+00:00, run_after=2025-04-30 00:00:00+00:00
[2025-04-30T00:38:04.195+0000] {processor.py:208} INFO - Processing /home/airflow/.local/lib/python3.12/site-packages/airflow/example_dags/example_branch_day_of_week_operator.py took 0.198 seconds
[2025-04-30T00:38:35.018+0000] {processor.py:186} INFO - Started process (PID=1059) to work on /home/airflow/.local/lib/python3.12/site-packages/airflow/example_dags/example_branch_day_of_week_operator.py
[2025-04-30T00:38:35.020+0000] {processor.py:914} INFO - Processing file /home/airflow/.local/lib/python3.12/site-packages/airflow/example_dags/example_branch_day_of_week_operator.py for tasks to queue
[2025-04-30T00:38:35.026+0000] {logging_mixin.py:190} INFO - [2025-04-30T00:38:35.025+0000] {dagbag.py:587} INFO - Filling up the DagBag from /home/airflow/.local/lib/python3.12/site-packages/airflow/example_dags/example_branch_day_of_week_operator.py
[2025-04-30T00:38:35.051+0000] {processor.py:925} INFO - DAG(s) 'example_weekday_branch_operator' retrieved from /home/airflow/.local/lib/python3.12/site-packages/airflow/example_dags/example_branch_day_of_week_operator.py
[2025-04-30T00:38:35.099+0000] {logging_mixin.py:190} INFO - [2025-04-30T00:38:35.099+0000] {dag.py:3211} INFO - Sync 1 DAGs
[2025-04-30T00:38:35.159+0000] {logging_mixin.py:190} INFO - [2025-04-30T00:38:35.159+0000] {dag.py:4138} INFO - Setting next_dagrun for example_weekday_branch_operator to 2025-04-29 00:00:00+00:00, run_after=2025-04-30 00:00:00+00:00
[2025-04-30T00:38:35.206+0000] {processor.py:208} INFO - Processing /home/airflow/.local/lib/python3.12/site-packages/airflow/example_dags/example_branch_day_of_week_operator.py took 0.202 seconds
[2025-04-30T00:39:06.049+0000] {processor.py:186} INFO - Started process (PID=1127) to work on /home/airflow/.local/lib/python3.12/site-packages/airflow/example_dags/example_branch_day_of_week_operator.py
[2025-04-30T00:39:06.053+0000] {processor.py:914} INFO - Processing file /home/airflow/.local/lib/python3.12/site-packages/airflow/example_dags/example_branch_day_of_week_operator.py for tasks to queue
[2025-04-30T00:39:06.060+0000] {logging_mixin.py:190} INFO - [2025-04-30T00:39:06.059+0000] {dagbag.py:587} INFO - Filling up the DagBag from /home/airflow/.local/lib/python3.12/site-packages/airflow/example_dags/example_branch_day_of_week_operator.py
[2025-04-30T00:39:06.090+0000] {processor.py:925} INFO - DAG(s) 'example_weekday_branch_operator' retrieved from /home/airflow/.local/lib/python3.12/site-packages/airflow/example_dags/example_branch_day_of_week_operator.py
[2025-04-30T00:39:06.132+0000] {logging_mixin.py:190} INFO - [2025-04-30T00:39:06.132+0000] {dag.py:3211} INFO - Sync 1 DAGs
[2025-04-30T00:39:06.189+0000] {logging_mixin.py:190} INFO - [2025-04-30T00:39:06.189+0000] {dag.py:4138} INFO - Setting next_dagrun for example_weekday_branch_operator to 2025-04-29 00:00:00+00:00, run_after=2025-04-30 00:00:00+00:00
[2025-04-30T00:39:06.238+0000] {processor.py:208} INFO - Processing /home/airflow/.local/lib/python3.12/site-packages/airflow/example_dags/example_branch_day_of_week_operator.py took 0.211 seconds
[2025-04-30T00:39:37.047+0000] {processor.py:186} INFO - Started process (PID=1189) to work on /home/airflow/.local/lib/python3.12/site-packages/airflow/example_dags/example_branch_day_of_week_operator.py
[2025-04-30T00:39:37.049+0000] {processor.py:914} INFO - Processing file /home/airflow/.local/lib/python3.12/site-packages/airflow/example_dags/example_branch_day_of_week_operator.py for tasks to queue
[2025-04-30T00:39:37.054+0000] {logging_mixin.py:190} INFO - [2025-04-30T00:39:37.053+0000] {dagbag.py:587} INFO - Filling up the DagBag from /home/airflow/.local/lib/python3.12/site-packages/airflow/example_dags/example_branch_day_of_week_operator.py
[2025-04-30T00:39:37.078+0000] {processor.py:925} INFO - DAG(s) 'example_weekday_branch_operator' retrieved from /home/airflow/.local/lib/python3.12/site-packages/airflow/example_dags/example_branch_day_of_week_operator.py
[2025-04-30T00:39:37.124+0000] {logging_mixin.py:190} INFO - [2025-04-30T00:39:37.124+0000] {dag.py:3211} INFO - Sync 1 DAGs
[2025-04-30T00:39:37.186+0000] {logging_mixin.py:190} INFO - [2025-04-30T00:39:37.185+0000] {dag.py:4138} INFO - Setting next_dagrun for example_weekday_branch_operator to 2025-04-29 00:00:00+00:00, run_after=2025-04-30 00:00:00+00:00
[2025-04-30T00:39:37.245+0000] {processor.py:208} INFO - Processing /home/airflow/.local/lib/python3.12/site-packages/airflow/example_dags/example_branch_day_of_week_operator.py took 0.212 seconds
[2025-04-30T00:40:07.982+0000] {processor.py:186} INFO - Started process (PID=1252) to work on /home/airflow/.local/lib/python3.12/site-packages/airflow/example_dags/example_branch_day_of_week_operator.py
[2025-04-30T00:40:07.985+0000] {processor.py:914} INFO - Processing file /home/airflow/.local/lib/python3.12/site-packages/airflow/example_dags/example_branch_day_of_week_operator.py for tasks to queue
[2025-04-30T00:40:07.991+0000] {logging_mixin.py:190} INFO - [2025-04-30T00:40:07.990+0000] {dagbag.py:587} INFO - Filling up the DagBag from /home/airflow/.local/lib/python3.12/site-packages/airflow/example_dags/example_branch_day_of_week_operator.py
[2025-04-30T00:40:08.013+0000] {processor.py:925} INFO - DAG(s) 'example_weekday_branch_operator' retrieved from /home/airflow/.local/lib/python3.12/site-packages/airflow/example_dags/example_branch_day_of_week_operator.py
[2025-04-30T00:40:08.063+0000] {logging_mixin.py:190} INFO - [2025-04-30T00:40:08.062+0000] {dag.py:3211} INFO - Sync 1 DAGs
[2025-04-30T00:40:08.127+0000] {logging_mixin.py:190} INFO - [2025-04-30T00:40:08.127+0000] {dag.py:4138} INFO - Setting next_dagrun for example_weekday_branch_operator to 2025-04-29 00:00:00+00:00, run_after=2025-04-30 00:00:00+00:00
[2025-04-30T00:40:08.166+0000] {processor.py:208} INFO - Processing /home/airflow/.local/lib/python3.12/site-packages/airflow/example_dags/example_branch_day_of_week_operator.py took 0.198 seconds
[2025-04-30T00:40:38.666+0000] {processor.py:186} INFO - Started process (PID=1315) to work on /home/airflow/.local/lib/python3.12/site-packages/airflow/example_dags/example_branch_day_of_week_operator.py
[2025-04-30T00:40:38.668+0000] {processor.py:914} INFO - Processing file /home/airflow/.local/lib/python3.12/site-packages/airflow/example_dags/example_branch_day_of_week_operator.py for tasks to queue
[2025-04-30T00:40:38.676+0000] {logging_mixin.py:190} INFO - [2025-04-30T00:40:38.675+0000] {dagbag.py:587} INFO - Filling up the DagBag from /home/airflow/.local/lib/python3.12/site-packages/airflow/example_dags/example_branch_day_of_week_operator.py
[2025-04-30T00:40:38.702+0000] {processor.py:925} INFO - DAG(s) 'example_weekday_branch_operator' retrieved from /home/airflow/.local/lib/python3.12/site-packages/airflow/example_dags/example_branch_day_of_week_operator.py
[2025-04-30T00:40:38.749+0000] {logging_mixin.py:190} INFO - [2025-04-30T00:40:38.748+0000] {dag.py:3211} INFO - Sync 1 DAGs
[2025-04-30T00:40:38.804+0000] {logging_mixin.py:190} INFO - [2025-04-30T00:40:38.803+0000] {dag.py:4138} INFO - Setting next_dagrun for example_weekday_branch_operator to 2025-04-29 00:00:00+00:00, run_after=2025-04-30 00:00:00+00:00
[2025-04-30T00:40:38.845+0000] {processor.py:208} INFO - Processing /home/airflow/.local/lib/python3.12/site-packages/airflow/example_dags/example_branch_day_of_week_operator.py took 0.195 seconds
[2025-04-30T00:41:09.357+0000] {processor.py:186} INFO - Started process (PID=1378) to work on /home/airflow/.local/lib/python3.12/site-packages/airflow/example_dags/example_branch_day_of_week_operator.py
[2025-04-30T00:41:09.359+0000] {processor.py:914} INFO - Processing file /home/airflow/.local/lib/python3.12/site-packages/airflow/example_dags/example_branch_day_of_week_operator.py for tasks to queue
[2025-04-30T00:41:09.363+0000] {logging_mixin.py:190} INFO - [2025-04-30T00:41:09.363+0000] {dagbag.py:587} INFO - Filling up the DagBag from /home/airflow/.local/lib/python3.12/site-packages/airflow/example_dags/example_branch_day_of_week_operator.py
[2025-04-30T00:41:09.383+0000] {processor.py:925} INFO - DAG(s) 'example_weekday_branch_operator' retrieved from /home/airflow/.local/lib/python3.12/site-packages/airflow/example_dags/example_branch_day_of_week_operator.py
[2025-04-30T00:41:09.431+0000] {logging_mixin.py:190} INFO - [2025-04-30T00:41:09.430+0000] {dag.py:3211} INFO - Sync 1 DAGs
[2025-04-30T00:41:09.485+0000] {logging_mixin.py:190} INFO - [2025-04-30T00:41:09.484+0000] {dag.py:4138} INFO - Setting next_dagrun for example_weekday_branch_operator to 2025-04-29 00:00:00+00:00, run_after=2025-04-30 00:00:00+00:00
[2025-04-30T00:41:09.523+0000] {processor.py:208} INFO - Processing /home/airflow/.local/lib/python3.12/site-packages/airflow/example_dags/example_branch_day_of_week_operator.py took 0.181 seconds
[2025-04-30T00:41:40.081+0000] {processor.py:186} INFO - Started process (PID=1441) to work on /home/airflow/.local/lib/python3.12/site-packages/airflow/example_dags/example_branch_day_of_week_operator.py
[2025-04-30T00:41:40.084+0000] {processor.py:914} INFO - Processing file /home/airflow/.local/lib/python3.12/site-packages/airflow/example_dags/example_branch_day_of_week_operator.py for tasks to queue
[2025-04-30T00:41:40.089+0000] {logging_mixin.py:190} INFO - [2025-04-30T00:41:40.088+0000] {dagbag.py:587} INFO - Filling up the DagBag from /home/airflow/.local/lib/python3.12/site-packages/airflow/example_dags/example_branch_day_of_week_operator.py
[2025-04-30T00:41:40.112+0000] {processor.py:925} INFO - DAG(s) 'example_weekday_branch_operator' retrieved from /home/airflow/.local/lib/python3.12/site-packages/airflow/example_dags/example_branch_day_of_week_operator.py
[2025-04-30T00:41:40.157+0000] {logging_mixin.py:190} INFO - [2025-04-30T00:41:40.157+0000] {dag.py:3211} INFO - Sync 1 DAGs
[2025-04-30T00:41:40.211+0000] {logging_mixin.py:190} INFO - [2025-04-30T00:41:40.211+0000] {dag.py:4138} INFO - Setting next_dagrun for example_weekday_branch_operator to 2025-04-29 00:00:00+00:00, run_after=2025-04-30 00:00:00+00:00
[2025-04-30T00:41:40.254+0000] {processor.py:208} INFO - Processing /home/airflow/.local/lib/python3.12/site-packages/airflow/example_dags/example_branch_day_of_week_operator.py took 0.185 seconds
[2025-04-30T00:42:10.719+0000] {processor.py:186} INFO - Started process (PID=1508) to work on /home/airflow/.local/lib/python3.12/site-packages/airflow/example_dags/example_branch_day_of_week_operator.py
[2025-04-30T00:42:10.721+0000] {processor.py:914} INFO - Processing file /home/airflow/.local/lib/python3.12/site-packages/airflow/example_dags/example_branch_day_of_week_operator.py for tasks to queue
[2025-04-30T00:42:10.724+0000] {logging_mixin.py:190} INFO - [2025-04-30T00:42:10.724+0000] {dagbag.py:587} INFO - Filling up the DagBag from /home/airflow/.local/lib/python3.12/site-packages/airflow/example_dags/example_branch_day_of_week_operator.py
[2025-04-30T00:42:10.753+0000] {processor.py:925} INFO - DAG(s) 'example_weekday_branch_operator' retrieved from /home/airflow/.local/lib/python3.12/site-packages/airflow/example_dags/example_branch_day_of_week_operator.py
[2025-04-30T00:42:10.804+0000] {logging_mixin.py:190} INFO - [2025-04-30T00:42:10.804+0000] {dag.py:3211} INFO - Sync 1 DAGs
[2025-04-30T00:42:10.884+0000] {logging_mixin.py:190} INFO - [2025-04-30T00:42:10.884+0000] {dag.py:4138} INFO - Setting next_dagrun for example_weekday_branch_operator to 2025-04-29 00:00:00+00:00, run_after=2025-04-30 00:00:00+00:00
[2025-04-30T00:42:10.941+0000] {processor.py:208} INFO - Processing /home/airflow/.local/lib/python3.12/site-packages/airflow/example_dags/example_branch_day_of_week_operator.py took 0.237 seconds
[2025-04-30T00:42:41.149+0000] {processor.py:186} INFO - Started process (PID=1571) to work on /home/airflow/.local/lib/python3.12/site-packages/airflow/example_dags/example_branch_day_of_week_operator.py
[2025-04-30T00:42:41.151+0000] {processor.py:914} INFO - Processing file /home/airflow/.local/lib/python3.12/site-packages/airflow/example_dags/example_branch_day_of_week_operator.py for tasks to queue
[2025-04-30T00:42:41.154+0000] {logging_mixin.py:190} INFO - [2025-04-30T00:42:41.153+0000] {dagbag.py:587} INFO - Filling up the DagBag from /home/airflow/.local/lib/python3.12/site-packages/airflow/example_dags/example_branch_day_of_week_operator.py
[2025-04-30T00:42:41.174+0000] {processor.py:925} INFO - DAG(s) 'example_weekday_branch_operator' retrieved from /home/airflow/.local/lib/python3.12/site-packages/airflow/example_dags/example_branch_day_of_week_operator.py
[2025-04-30T00:42:41.219+0000] {logging_mixin.py:190} INFO - [2025-04-30T00:42:41.218+0000] {dag.py:3211} INFO - Sync 1 DAGs
[2025-04-30T00:42:41.274+0000] {logging_mixin.py:190} INFO - [2025-04-30T00:42:41.274+0000] {dag.py:4138} INFO - Setting next_dagrun for example_weekday_branch_operator to 2025-04-29 00:00:00+00:00, run_after=2025-04-30 00:00:00+00:00
[2025-04-30T00:42:41.319+0000] {processor.py:208} INFO - Processing /home/airflow/.local/lib/python3.12/site-packages/airflow/example_dags/example_branch_day_of_week_operator.py took 0.183 seconds
[2025-04-30T00:43:11.758+0000] {processor.py:186} INFO - Started process (PID=1634) to work on /home/airflow/.local/lib/python3.12/site-packages/airflow/example_dags/example_branch_day_of_week_operator.py
[2025-04-30T00:43:11.760+0000] {processor.py:914} INFO - Processing file /home/airflow/.local/lib/python3.12/site-packages/airflow/example_dags/example_branch_day_of_week_operator.py for tasks to queue
[2025-04-30T00:43:11.762+0000] {logging_mixin.py:190} INFO - [2025-04-30T00:43:11.762+0000] {dagbag.py:587} INFO - Filling up the DagBag from /home/airflow/.local/lib/python3.12/site-packages/airflow/example_dags/example_branch_day_of_week_operator.py
[2025-04-30T00:43:11.781+0000] {processor.py:925} INFO - DAG(s) 'example_weekday_branch_operator' retrieved from /home/airflow/.local/lib/python3.12/site-packages/airflow/example_dags/example_branch_day_of_week_operator.py
[2025-04-30T00:43:11.823+0000] {logging_mixin.py:190} INFO - [2025-04-30T00:43:11.822+0000] {dag.py:3211} INFO - Sync 1 DAGs
[2025-04-30T00:43:11.871+0000] {logging_mixin.py:190} INFO - [2025-04-30T00:43:11.870+0000] {dag.py:4138} INFO - Setting next_dagrun for example_weekday_branch_operator to 2025-04-29 00:00:00+00:00, run_after=2025-04-30 00:00:00+00:00
[2025-04-30T00:43:11.909+0000] {processor.py:208} INFO - Processing /home/airflow/.local/lib/python3.12/site-packages/airflow/example_dags/example_branch_day_of_week_operator.py took 0.164 seconds
[2025-04-30T00:43:43.851+0000] {processor.py:186} INFO - Started process (PID=1697) to work on /home/airflow/.local/lib/python3.12/site-packages/airflow/example_dags/example_branch_day_of_week_operator.py
[2025-04-30T00:43:43.855+0000] {processor.py:914} INFO - Processing file /home/airflow/.local/lib/python3.12/site-packages/airflow/example_dags/example_branch_day_of_week_operator.py for tasks to queue
[2025-04-30T00:43:43.861+0000] {logging_mixin.py:190} INFO - [2025-04-30T00:43:43.859+0000] {dagbag.py:587} INFO - Filling up the DagBag from /home/airflow/.local/lib/python3.12/site-packages/airflow/example_dags/example_branch_day_of_week_operator.py
[2025-04-30T00:43:43.906+0000] {processor.py:925} INFO - DAG(s) 'example_weekday_branch_operator' retrieved from /home/airflow/.local/lib/python3.12/site-packages/airflow/example_dags/example_branch_day_of_week_operator.py
[2025-04-30T00:43:44.001+0000] {logging_mixin.py:190} INFO - [2025-04-30T00:43:44.000+0000] {dag.py:3211} INFO - Sync 1 DAGs
[2025-04-30T00:43:44.123+0000] {logging_mixin.py:190} INFO - [2025-04-30T00:43:44.122+0000] {dag.py:4138} INFO - Setting next_dagrun for example_weekday_branch_operator to 2025-04-29 00:00:00+00:00, run_after=2025-04-30 00:00:00+00:00
[2025-04-30T00:43:44.200+0000] {processor.py:208} INFO - Processing /home/airflow/.local/lib/python3.12/site-packages/airflow/example_dags/example_branch_day_of_week_operator.py took 0.377 seconds
[2025-04-30T00:44:14.348+0000] {processor.py:186} INFO - Started process (PID=1760) to work on /home/airflow/.local/lib/python3.12/site-packages/airflow/example_dags/example_branch_day_of_week_operator.py
[2025-04-30T00:44:14.349+0000] {processor.py:914} INFO - Processing file /home/airflow/.local/lib/python3.12/site-packages/airflow/example_dags/example_branch_day_of_week_operator.py for tasks to queue
[2025-04-30T00:44:14.350+0000] {logging_mixin.py:190} INFO - [2025-04-30T00:44:14.350+0000] {dagbag.py:587} INFO - Filling up the DagBag from /home/airflow/.local/lib/python3.12/site-packages/airflow/example_dags/example_branch_day_of_week_operator.py
[2025-04-30T00:44:14.365+0000] {processor.py:925} INFO - DAG(s) 'example_weekday_branch_operator' retrieved from /home/airflow/.local/lib/python3.12/site-packages/airflow/example_dags/example_branch_day_of_week_operator.py
[2025-04-30T00:44:14.395+0000] {logging_mixin.py:190} INFO - [2025-04-30T00:44:14.394+0000] {dag.py:3211} INFO - Sync 1 DAGs
[2025-04-30T00:44:14.430+0000] {logging_mixin.py:190} INFO - [2025-04-30T00:44:14.430+0000] {dag.py:4138} INFO - Setting next_dagrun for example_weekday_branch_operator to 2025-04-29 00:00:00+00:00, run_after=2025-04-30 00:00:00+00:00
[2025-04-30T00:44:14.455+0000] {processor.py:208} INFO - Processing /home/airflow/.local/lib/python3.12/site-packages/airflow/example_dags/example_branch_day_of_week_operator.py took 0.115 seconds
[2025-04-30T00:44:45.222+0000] {processor.py:186} INFO - Started process (PID=1823) to work on /home/airflow/.local/lib/python3.12/site-packages/airflow/example_dags/example_branch_day_of_week_operator.py
[2025-04-30T00:44:45.224+0000] {processor.py:914} INFO - Processing file /home/airflow/.local/lib/python3.12/site-packages/airflow/example_dags/example_branch_day_of_week_operator.py for tasks to queue
[2025-04-30T00:44:45.226+0000] {logging_mixin.py:190} INFO - [2025-04-30T00:44:45.225+0000] {dagbag.py:587} INFO - Filling up the DagBag from /home/airflow/.local/lib/python3.12/site-packages/airflow/example_dags/example_branch_day_of_week_operator.py
[2025-04-30T00:44:45.245+0000] {processor.py:925} INFO - DAG(s) 'example_weekday_branch_operator' retrieved from /home/airflow/.local/lib/python3.12/site-packages/airflow/example_dags/example_branch_day_of_week_operator.py
[2025-04-30T00:44:45.286+0000] {logging_mixin.py:190} INFO - [2025-04-30T00:44:45.286+0000] {dag.py:3211} INFO - Sync 1 DAGs
[2025-04-30T00:44:45.336+0000] {logging_mixin.py:190} INFO - [2025-04-30T00:44:45.335+0000] {dag.py:4138} INFO - Setting next_dagrun for example_weekday_branch_operator to 2025-04-29 00:00:00+00:00, run_after=2025-04-30 00:00:00+00:00
[2025-04-30T00:44:45.368+0000] {processor.py:208} INFO - Processing /home/airflow/.local/lib/python3.12/site-packages/airflow/example_dags/example_branch_day_of_week_operator.py took 0.155 seconds
[2025-04-30T00:45:15.568+0000] {processor.py:186} INFO - Started process (PID=1886) to work on /home/airflow/.local/lib/python3.12/site-packages/airflow/example_dags/example_branch_day_of_week_operator.py
[2025-04-30T00:45:15.570+0000] {processor.py:914} INFO - Processing file /home/airflow/.local/lib/python3.12/site-packages/airflow/example_dags/example_branch_day_of_week_operator.py for tasks to queue
[2025-04-30T00:45:15.571+0000] {logging_mixin.py:190} INFO - [2025-04-30T00:45:15.571+0000] {dagbag.py:587} INFO - Filling up the DagBag from /home/airflow/.local/lib/python3.12/site-packages/airflow/example_dags/example_branch_day_of_week_operator.py
[2025-04-30T00:45:15.586+0000] {processor.py:925} INFO - DAG(s) 'example_weekday_branch_operator' retrieved from /home/airflow/.local/lib/python3.12/site-packages/airflow/example_dags/example_branch_day_of_week_operator.py
[2025-04-30T00:45:15.617+0000] {logging_mixin.py:190} INFO - [2025-04-30T00:45:15.617+0000] {dag.py:3211} INFO - Sync 1 DAGs
[2025-04-30T00:45:15.655+0000] {logging_mixin.py:190} INFO - [2025-04-30T00:45:15.654+0000] {dag.py:4138} INFO - Setting next_dagrun for example_weekday_branch_operator to 2025-04-29 00:00:00+00:00, run_after=2025-04-30 00:00:00+00:00
[2025-04-30T00:45:15.690+0000] {processor.py:208} INFO - Processing /home/airflow/.local/lib/python3.12/site-packages/airflow/example_dags/example_branch_day_of_week_operator.py took 0.128 seconds
[2025-04-30T00:45:46.556+0000] {processor.py:186} INFO - Started process (PID=1949) to work on /home/airflow/.local/lib/python3.12/site-packages/airflow/example_dags/example_branch_day_of_week_operator.py
[2025-04-30T00:45:46.558+0000] {processor.py:914} INFO - Processing file /home/airflow/.local/lib/python3.12/site-packages/airflow/example_dags/example_branch_day_of_week_operator.py for tasks to queue
[2025-04-30T00:45:46.559+0000] {logging_mixin.py:190} INFO - [2025-04-30T00:45:46.559+0000] {dagbag.py:587} INFO - Filling up the DagBag from /home/airflow/.local/lib/python3.12/site-packages/airflow/example_dags/example_branch_day_of_week_operator.py
[2025-04-30T00:45:46.576+0000] {processor.py:925} INFO - DAG(s) 'example_weekday_branch_operator' retrieved from /home/airflow/.local/lib/python3.12/site-packages/airflow/example_dags/example_branch_day_of_week_operator.py
[2025-04-30T00:45:46.610+0000] {logging_mixin.py:190} INFO - [2025-04-30T00:45:46.610+0000] {dag.py:3211} INFO - Sync 1 DAGs
[2025-04-30T00:45:46.649+0000] {logging_mixin.py:190} INFO - [2025-04-30T00:45:46.648+0000] {dag.py:4138} INFO - Setting next_dagrun for example_weekday_branch_operator to 2025-04-29 00:00:00+00:00, run_after=2025-04-30 00:00:00+00:00
[2025-04-30T00:45:46.678+0000] {processor.py:208} INFO - Processing /home/airflow/.local/lib/python3.12/site-packages/airflow/example_dags/example_branch_day_of_week_operator.py took 0.132 seconds
[2025-04-30T00:46:16.993+0000] {processor.py:186} INFO - Started process (PID=2012) to work on /home/airflow/.local/lib/python3.12/site-packages/airflow/example_dags/example_branch_day_of_week_operator.py
[2025-04-30T00:46:16.994+0000] {processor.py:914} INFO - Processing file /home/airflow/.local/lib/python3.12/site-packages/airflow/example_dags/example_branch_day_of_week_operator.py for tasks to queue
[2025-04-30T00:46:16.996+0000] {logging_mixin.py:190} INFO - [2025-04-30T00:46:16.996+0000] {dagbag.py:587} INFO - Filling up the DagBag from /home/airflow/.local/lib/python3.12/site-packages/airflow/example_dags/example_branch_day_of_week_operator.py
[2025-04-30T00:46:17.009+0000] {processor.py:925} INFO - DAG(s) 'example_weekday_branch_operator' retrieved from /home/airflow/.local/lib/python3.12/site-packages/airflow/example_dags/example_branch_day_of_week_operator.py
[2025-04-30T00:46:17.039+0000] {logging_mixin.py:190} INFO - [2025-04-30T00:46:17.038+0000] {dag.py:3211} INFO - Sync 1 DAGs
[2025-04-30T00:46:17.069+0000] {logging_mixin.py:190} INFO - [2025-04-30T00:46:17.069+0000] {dag.py:4138} INFO - Setting next_dagrun for example_weekday_branch_operator to 2025-04-29 00:00:00+00:00, run_after=2025-04-30 00:00:00+00:00
[2025-04-30T00:46:17.102+0000] {processor.py:208} INFO - Processing /home/airflow/.local/lib/python3.12/site-packages/airflow/example_dags/example_branch_day_of_week_operator.py took 0.115 seconds
[2025-04-30T00:46:47.465+0000] {processor.py:186} INFO - Started process (PID=2081) to work on /home/airflow/.local/lib/python3.12/site-packages/airflow/example_dags/example_branch_day_of_week_operator.py
[2025-04-30T00:46:47.467+0000] {processor.py:914} INFO - Processing file /home/airflow/.local/lib/python3.12/site-packages/airflow/example_dags/example_branch_day_of_week_operator.py for tasks to queue
[2025-04-30T00:46:47.469+0000] {logging_mixin.py:190} INFO - [2025-04-30T00:46:47.469+0000] {dagbag.py:587} INFO - Filling up the DagBag from /home/airflow/.local/lib/python3.12/site-packages/airflow/example_dags/example_branch_day_of_week_operator.py
[2025-04-30T00:46:47.483+0000] {processor.py:925} INFO - DAG(s) 'example_weekday_branch_operator' retrieved from /home/airflow/.local/lib/python3.12/site-packages/airflow/example_dags/example_branch_day_of_week_operator.py
[2025-04-30T00:46:47.507+0000] {logging_mixin.py:190} INFO - [2025-04-30T00:46:47.507+0000] {dag.py:3211} INFO - Sync 1 DAGs
[2025-04-30T00:46:47.536+0000] {logging_mixin.py:190} INFO - [2025-04-30T00:46:47.536+0000] {dag.py:4138} INFO - Setting next_dagrun for example_weekday_branch_operator to 2025-04-29 00:00:00+00:00, run_after=2025-04-30 00:00:00+00:00
[2025-04-30T00:46:47.556+0000] {processor.py:208} INFO - Processing /home/airflow/.local/lib/python3.12/site-packages/airflow/example_dags/example_branch_day_of_week_operator.py took 0.100 seconds
[2025-04-30T00:47:18.326+0000] {processor.py:186} INFO - Started process (PID=2144) to work on /home/airflow/.local/lib/python3.12/site-packages/airflow/example_dags/example_branch_day_of_week_operator.py
[2025-04-30T00:47:18.327+0000] {processor.py:914} INFO - Processing file /home/airflow/.local/lib/python3.12/site-packages/airflow/example_dags/example_branch_day_of_week_operator.py for tasks to queue
[2025-04-30T00:47:18.329+0000] {logging_mixin.py:190} INFO - [2025-04-30T00:47:18.328+0000] {dagbag.py:587} INFO - Filling up the DagBag from /home/airflow/.local/lib/python3.12/site-packages/airflow/example_dags/example_branch_day_of_week_operator.py
[2025-04-30T00:47:18.341+0000] {processor.py:925} INFO - DAG(s) 'example_weekday_branch_operator' retrieved from /home/airflow/.local/lib/python3.12/site-packages/airflow/example_dags/example_branch_day_of_week_operator.py
[2025-04-30T00:47:18.365+0000] {logging_mixin.py:190} INFO - [2025-04-30T00:47:18.365+0000] {dag.py:3211} INFO - Sync 1 DAGs
[2025-04-30T00:47:18.391+0000] {logging_mixin.py:190} INFO - [2025-04-30T00:47:18.391+0000] {dag.py:4138} INFO - Setting next_dagrun for example_weekday_branch_operator to 2025-04-29 00:00:00+00:00, run_after=2025-04-30 00:00:00+00:00
[2025-04-30T00:47:18.413+0000] {processor.py:208} INFO - Processing /home/airflow/.local/lib/python3.12/site-packages/airflow/example_dags/example_branch_day_of_week_operator.py took 0.094 seconds
[2025-04-30T00:47:49.620+0000] {processor.py:186} INFO - Started process (PID=2207) to work on /home/airflow/.local/lib/python3.12/site-packages/airflow/example_dags/example_branch_day_of_week_operator.py
[2025-04-30T00:47:49.621+0000] {processor.py:914} INFO - Processing file /home/airflow/.local/lib/python3.12/site-packages/airflow/example_dags/example_branch_day_of_week_operator.py for tasks to queue
[2025-04-30T00:47:49.623+0000] {logging_mixin.py:190} INFO - [2025-04-30T00:47:49.622+0000] {dagbag.py:587} INFO - Filling up the DagBag from /home/airflow/.local/lib/python3.12/site-packages/airflow/example_dags/example_branch_day_of_week_operator.py
[2025-04-30T00:47:49.636+0000] {processor.py:925} INFO - DAG(s) 'example_weekday_branch_operator' retrieved from /home/airflow/.local/lib/python3.12/site-packages/airflow/example_dags/example_branch_day_of_week_operator.py
[2025-04-30T00:47:49.661+0000] {logging_mixin.py:190} INFO - [2025-04-30T00:47:49.661+0000] {dag.py:3211} INFO - Sync 1 DAGs
[2025-04-30T00:47:49.694+0000] {logging_mixin.py:190} INFO - [2025-04-30T00:47:49.694+0000] {dag.py:4138} INFO - Setting next_dagrun for example_weekday_branch_operator to 2025-04-29 00:00:00+00:00, run_after=2025-04-30 00:00:00+00:00
[2025-04-30T00:47:49.717+0000] {processor.py:208} INFO - Processing /home/airflow/.local/lib/python3.12/site-packages/airflow/example_dags/example_branch_day_of_week_operator.py took 0.104 seconds
[2025-04-30T00:48:20.336+0000] {processor.py:186} INFO - Started process (PID=2270) to work on /home/airflow/.local/lib/python3.12/site-packages/airflow/example_dags/example_branch_day_of_week_operator.py
[2025-04-30T00:48:20.338+0000] {processor.py:914} INFO - Processing file /home/airflow/.local/lib/python3.12/site-packages/airflow/example_dags/example_branch_day_of_week_operator.py for tasks to queue
[2025-04-30T00:48:20.340+0000] {logging_mixin.py:190} INFO - [2025-04-30T00:48:20.340+0000] {dagbag.py:587} INFO - Filling up the DagBag from /home/airflow/.local/lib/python3.12/site-packages/airflow/example_dags/example_branch_day_of_week_operator.py
[2025-04-30T00:48:20.361+0000] {processor.py:925} INFO - DAG(s) 'example_weekday_branch_operator' retrieved from /home/airflow/.local/lib/python3.12/site-packages/airflow/example_dags/example_branch_day_of_week_operator.py
[2025-04-30T00:48:20.400+0000] {logging_mixin.py:190} INFO - [2025-04-30T00:48:20.400+0000] {dag.py:3211} INFO - Sync 1 DAGs
[2025-04-30T00:48:20.453+0000] {logging_mixin.py:190} INFO - [2025-04-30T00:48:20.453+0000] {dag.py:4138} INFO - Setting next_dagrun for example_weekday_branch_operator to 2025-04-29 00:00:00+00:00, run_after=2025-04-30 00:00:00+00:00
[2025-04-30T00:48:20.495+0000] {processor.py:208} INFO - Processing /home/airflow/.local/lib/python3.12/site-packages/airflow/example_dags/example_branch_day_of_week_operator.py took 0.170 seconds
[2025-04-30T00:48:51.458+0000] {processor.py:186} INFO - Started process (PID=2333) to work on /home/airflow/.local/lib/python3.12/site-packages/airflow/example_dags/example_branch_day_of_week_operator.py
[2025-04-30T00:48:51.459+0000] {processor.py:914} INFO - Processing file /home/airflow/.local/lib/python3.12/site-packages/airflow/example_dags/example_branch_day_of_week_operator.py for tasks to queue
[2025-04-30T00:48:51.461+0000] {logging_mixin.py:190} INFO - [2025-04-30T00:48:51.460+0000] {dagbag.py:587} INFO - Filling up the DagBag from /home/airflow/.local/lib/python3.12/site-packages/airflow/example_dags/example_branch_day_of_week_operator.py
[2025-04-30T00:48:51.471+0000] {processor.py:925} INFO - DAG(s) 'example_weekday_branch_operator' retrieved from /home/airflow/.local/lib/python3.12/site-packages/airflow/example_dags/example_branch_day_of_week_operator.py
[2025-04-30T00:48:51.496+0000] {logging_mixin.py:190} INFO - [2025-04-30T00:48:51.495+0000] {dag.py:3211} INFO - Sync 1 DAGs
[2025-04-30T00:48:51.522+0000] {logging_mixin.py:190} INFO - [2025-04-30T00:48:51.522+0000] {dag.py:4138} INFO - Setting next_dagrun for example_weekday_branch_operator to 2025-04-29 00:00:00+00:00, run_after=2025-04-30 00:00:00+00:00
[2025-04-30T00:48:51.543+0000] {processor.py:208} INFO - Processing /home/airflow/.local/lib/python3.12/site-packages/airflow/example_dags/example_branch_day_of_week_operator.py took 0.091 seconds
[2025-04-30T00:49:22.124+0000] {processor.py:186} INFO - Started process (PID=2396) to work on /home/airflow/.local/lib/python3.12/site-packages/airflow/example_dags/example_branch_day_of_week_operator.py
[2025-04-30T00:49:22.125+0000] {processor.py:914} INFO - Processing file /home/airflow/.local/lib/python3.12/site-packages/airflow/example_dags/example_branch_day_of_week_operator.py for tasks to queue
[2025-04-30T00:49:22.128+0000] {logging_mixin.py:190} INFO - [2025-04-30T00:49:22.127+0000] {dagbag.py:587} INFO - Filling up the DagBag from /home/airflow/.local/lib/python3.12/site-packages/airflow/example_dags/example_branch_day_of_week_operator.py
[2025-04-30T00:49:22.141+0000] {processor.py:925} INFO - DAG(s) 'example_weekday_branch_operator' retrieved from /home/airflow/.local/lib/python3.12/site-packages/airflow/example_dags/example_branch_day_of_week_operator.py
[2025-04-30T00:49:22.172+0000] {logging_mixin.py:190} INFO - [2025-04-30T00:49:22.172+0000] {dag.py:3211} INFO - Sync 1 DAGs
[2025-04-30T00:49:22.207+0000] {logging_mixin.py:190} INFO - [2025-04-30T00:49:22.206+0000] {dag.py:4138} INFO - Setting next_dagrun for example_weekday_branch_operator to 2025-04-29 00:00:00+00:00, run_after=2025-04-30 00:00:00+00:00
[2025-04-30T00:49:22.235+0000] {processor.py:208} INFO - Processing /home/airflow/.local/lib/python3.12/site-packages/airflow/example_dags/example_branch_day_of_week_operator.py took 0.118 seconds
[2025-04-30T00:49:52.860+0000] {processor.py:186} INFO - Started process (PID=2459) to work on /home/airflow/.local/lib/python3.12/site-packages/airflow/example_dags/example_branch_day_of_week_operator.py
[2025-04-30T00:49:52.862+0000] {processor.py:914} INFO - Processing file /home/airflow/.local/lib/python3.12/site-packages/airflow/example_dags/example_branch_day_of_week_operator.py for tasks to queue
[2025-04-30T00:49:52.864+0000] {logging_mixin.py:190} INFO - [2025-04-30T00:49:52.863+0000] {dagbag.py:587} INFO - Filling up the DagBag from /home/airflow/.local/lib/python3.12/site-packages/airflow/example_dags/example_branch_day_of_week_operator.py
[2025-04-30T00:49:52.879+0000] {processor.py:925} INFO - DAG(s) 'example_weekday_branch_operator' retrieved from /home/airflow/.local/lib/python3.12/site-packages/airflow/example_dags/example_branch_day_of_week_operator.py
[2025-04-30T00:49:52.906+0000] {logging_mixin.py:190} INFO - [2025-04-30T00:49:52.906+0000] {dag.py:3211} INFO - Sync 1 DAGs
[2025-04-30T00:49:52.937+0000] {logging_mixin.py:190} INFO - [2025-04-30T00:49:52.937+0000] {dag.py:4138} INFO - Setting next_dagrun for example_weekday_branch_operator to 2025-04-29 00:00:00+00:00, run_after=2025-04-30 00:00:00+00:00
[2025-04-30T00:49:52.967+0000] {processor.py:208} INFO - Processing /home/airflow/.local/lib/python3.12/site-packages/airflow/example_dags/example_branch_day_of_week_operator.py took 0.114 seconds
[2025-04-30T00:50:23.428+0000] {processor.py:186} INFO - Started process (PID=2523) to work on /home/airflow/.local/lib/python3.12/site-packages/airflow/example_dags/example_branch_day_of_week_operator.py
[2025-04-30T00:50:23.429+0000] {processor.py:914} INFO - Processing file /home/airflow/.local/lib/python3.12/site-packages/airflow/example_dags/example_branch_day_of_week_operator.py for tasks to queue
[2025-04-30T00:50:23.431+0000] {logging_mixin.py:190} INFO - [2025-04-30T00:50:23.431+0000] {dagbag.py:587} INFO - Filling up the DagBag from /home/airflow/.local/lib/python3.12/site-packages/airflow/example_dags/example_branch_day_of_week_operator.py
[2025-04-30T00:50:23.445+0000] {processor.py:925} INFO - DAG(s) 'example_weekday_branch_operator' retrieved from /home/airflow/.local/lib/python3.12/site-packages/airflow/example_dags/example_branch_day_of_week_operator.py
[2025-04-30T00:50:23.471+0000] {logging_mixin.py:190} INFO - [2025-04-30T00:50:23.471+0000] {dag.py:3211} INFO - Sync 1 DAGs
[2025-04-30T00:50:23.500+0000] {logging_mixin.py:190} INFO - [2025-04-30T00:50:23.500+0000] {dag.py:4138} INFO - Setting next_dagrun for example_weekday_branch_operator to 2025-04-29 00:00:00+00:00, run_after=2025-04-30 00:00:00+00:00
[2025-04-30T00:50:23.522+0000] {processor.py:208} INFO - Processing /home/airflow/.local/lib/python3.12/site-packages/airflow/example_dags/example_branch_day_of_week_operator.py took 0.101 seconds
[2025-04-30T00:50:54.079+0000] {processor.py:186} INFO - Started process (PID=2586) to work on /home/airflow/.local/lib/python3.12/site-packages/airflow/example_dags/example_branch_day_of_week_operator.py
[2025-04-30T00:50:54.080+0000] {processor.py:914} INFO - Processing file /home/airflow/.local/lib/python3.12/site-packages/airflow/example_dags/example_branch_day_of_week_operator.py for tasks to queue
[2025-04-30T00:50:54.083+0000] {logging_mixin.py:190} INFO - [2025-04-30T00:50:54.082+0000] {dagbag.py:587} INFO - Filling up the DagBag from /home/airflow/.local/lib/python3.12/site-packages/airflow/example_dags/example_branch_day_of_week_operator.py
[2025-04-30T00:50:54.096+0000] {processor.py:925} INFO - DAG(s) 'example_weekday_branch_operator' retrieved from /home/airflow/.local/lib/python3.12/site-packages/airflow/example_dags/example_branch_day_of_week_operator.py
[2025-04-30T00:50:54.123+0000] {logging_mixin.py:190} INFO - [2025-04-30T00:50:54.122+0000] {dag.py:3211} INFO - Sync 1 DAGs
[2025-04-30T00:50:54.155+0000] {logging_mixin.py:190} INFO - [2025-04-30T00:50:54.154+0000] {dag.py:4138} INFO - Setting next_dagrun for example_weekday_branch_operator to 2025-04-29 00:00:00+00:00, run_after=2025-04-30 00:00:00+00:00
[2025-04-30T00:50:54.179+0000] {processor.py:208} INFO - Processing /home/airflow/.local/lib/python3.12/site-packages/airflow/example_dags/example_branch_day_of_week_operator.py took 0.108 seconds
[2025-04-30T00:51:24.371+0000] {processor.py:186} INFO - Started process (PID=2649) to work on /home/airflow/.local/lib/python3.12/site-packages/airflow/example_dags/example_branch_day_of_week_operator.py
[2025-04-30T00:51:24.372+0000] {processor.py:914} INFO - Processing file /home/airflow/.local/lib/python3.12/site-packages/airflow/example_dags/example_branch_day_of_week_operator.py for tasks to queue
[2025-04-30T00:51:24.374+0000] {logging_mixin.py:190} INFO - [2025-04-30T00:51:24.373+0000] {dagbag.py:587} INFO - Filling up the DagBag from /home/airflow/.local/lib/python3.12/site-packages/airflow/example_dags/example_branch_day_of_week_operator.py
[2025-04-30T00:51:24.386+0000] {processor.py:925} INFO - DAG(s) 'example_weekday_branch_operator' retrieved from /home/airflow/.local/lib/python3.12/site-packages/airflow/example_dags/example_branch_day_of_week_operator.py
[2025-04-30T00:51:24.412+0000] {logging_mixin.py:190} INFO - [2025-04-30T00:51:24.411+0000] {dag.py:3211} INFO - Sync 1 DAGs
[2025-04-30T00:51:24.441+0000] {logging_mixin.py:190} INFO - [2025-04-30T00:51:24.441+0000] {dag.py:4138} INFO - Setting next_dagrun for example_weekday_branch_operator to 2025-04-29 00:00:00+00:00, run_after=2025-04-30 00:00:00+00:00
[2025-04-30T00:51:24.464+0000] {processor.py:208} INFO - Processing /home/airflow/.local/lib/python3.12/site-packages/airflow/example_dags/example_branch_day_of_week_operator.py took 0.100 seconds
[2025-04-30T00:59:33.033+0000] {processor.py:186} INFO - Started process (PID=2735) to work on /home/airflow/.local/lib/python3.12/site-packages/airflow/example_dags/example_branch_day_of_week_operator.py
[2025-04-30T00:59:33.035+0000] {processor.py:914} INFO - Processing file /home/airflow/.local/lib/python3.12/site-packages/airflow/example_dags/example_branch_day_of_week_operator.py for tasks to queue
[2025-04-30T00:59:33.039+0000] {logging_mixin.py:190} INFO - [2025-04-30T00:59:33.037+0000] {dagbag.py:587} INFO - Filling up the DagBag from /home/airflow/.local/lib/python3.12/site-packages/airflow/example_dags/example_branch_day_of_week_operator.py
[2025-04-30T00:59:33.058+0000] {processor.py:925} INFO - DAG(s) 'example_weekday_branch_operator' retrieved from /home/airflow/.local/lib/python3.12/site-packages/airflow/example_dags/example_branch_day_of_week_operator.py
[2025-04-30T00:59:33.103+0000] {logging_mixin.py:190} INFO - [2025-04-30T00:59:33.103+0000] {dag.py:3211} INFO - Sync 1 DAGs
[2025-04-30T00:59:33.149+0000] {logging_mixin.py:190} INFO - [2025-04-30T00:59:33.148+0000] {dag.py:4138} INFO - Setting next_dagrun for example_weekday_branch_operator to 2025-04-29 00:00:00+00:00, run_after=2025-04-30 00:00:00+00:00
[2025-04-30T00:59:33.182+0000] {processor.py:208} INFO - Processing /home/airflow/.local/lib/python3.12/site-packages/airflow/example_dags/example_branch_day_of_week_operator.py took 0.158 seconds
[2025-04-30T01:00:03.435+0000] {processor.py:186} INFO - Started process (PID=2798) to work on /home/airflow/.local/lib/python3.12/site-packages/airflow/example_dags/example_branch_day_of_week_operator.py
[2025-04-30T01:00:03.437+0000] {processor.py:914} INFO - Processing file /home/airflow/.local/lib/python3.12/site-packages/airflow/example_dags/example_branch_day_of_week_operator.py for tasks to queue
[2025-04-30T01:00:03.438+0000] {logging_mixin.py:190} INFO - [2025-04-30T01:00:03.438+0000] {dagbag.py:587} INFO - Filling up the DagBag from /home/airflow/.local/lib/python3.12/site-packages/airflow/example_dags/example_branch_day_of_week_operator.py
[2025-04-30T01:00:03.450+0000] {processor.py:925} INFO - DAG(s) 'example_weekday_branch_operator' retrieved from /home/airflow/.local/lib/python3.12/site-packages/airflow/example_dags/example_branch_day_of_week_operator.py
[2025-04-30T01:00:03.477+0000] {logging_mixin.py:190} INFO - [2025-04-30T01:00:03.477+0000] {dag.py:3211} INFO - Sync 1 DAGs
[2025-04-30T01:00:03.506+0000] {logging_mixin.py:190} INFO - [2025-04-30T01:00:03.506+0000] {dag.py:4138} INFO - Setting next_dagrun for example_weekday_branch_operator to 2025-04-29 00:00:00+00:00, run_after=2025-04-30 00:00:00+00:00
[2025-04-30T01:00:03.531+0000] {processor.py:208} INFO - Processing /home/airflow/.local/lib/python3.12/site-packages/airflow/example_dags/example_branch_day_of_week_operator.py took 0.103 seconds
[2025-04-30T01:00:34.084+0000] {processor.py:186} INFO - Started process (PID=2861) to work on /home/airflow/.local/lib/python3.12/site-packages/airflow/example_dags/example_branch_day_of_week_operator.py
[2025-04-30T01:00:34.085+0000] {processor.py:914} INFO - Processing file /home/airflow/.local/lib/python3.12/site-packages/airflow/example_dags/example_branch_day_of_week_operator.py for tasks to queue
[2025-04-30T01:00:34.087+0000] {logging_mixin.py:190} INFO - [2025-04-30T01:00:34.086+0000] {dagbag.py:587} INFO - Filling up the DagBag from /home/airflow/.local/lib/python3.12/site-packages/airflow/example_dags/example_branch_day_of_week_operator.py
[2025-04-30T01:00:34.096+0000] {processor.py:925} INFO - DAG(s) 'example_weekday_branch_operator' retrieved from /home/airflow/.local/lib/python3.12/site-packages/airflow/example_dags/example_branch_day_of_week_operator.py
[2025-04-30T01:00:34.122+0000] {logging_mixin.py:190} INFO - [2025-04-30T01:00:34.122+0000] {dag.py:3211} INFO - Sync 1 DAGs
[2025-04-30T01:00:34.146+0000] {logging_mixin.py:190} INFO - [2025-04-30T01:00:34.146+0000] {dag.py:4138} INFO - Setting next_dagrun for example_weekday_branch_operator to 2025-04-29 00:00:00+00:00, run_after=2025-04-30 00:00:00+00:00
[2025-04-30T01:00:34.165+0000] {processor.py:208} INFO - Processing /home/airflow/.local/lib/python3.12/site-packages/airflow/example_dags/example_branch_day_of_week_operator.py took 0.087 seconds
[2025-04-30T01:01:05.692+0000] {processor.py:186} INFO - Started process (PID=2931) to work on /home/airflow/.local/lib/python3.12/site-packages/airflow/example_dags/example_branch_day_of_week_operator.py
[2025-04-30T01:01:05.694+0000] {processor.py:914} INFO - Processing file /home/airflow/.local/lib/python3.12/site-packages/airflow/example_dags/example_branch_day_of_week_operator.py for tasks to queue
[2025-04-30T01:01:05.695+0000] {logging_mixin.py:190} INFO - [2025-04-30T01:01:05.695+0000] {dagbag.py:587} INFO - Filling up the DagBag from /home/airflow/.local/lib/python3.12/site-packages/airflow/example_dags/example_branch_day_of_week_operator.py
[2025-04-30T01:01:05.705+0000] {processor.py:925} INFO - DAG(s) 'example_weekday_branch_operator' retrieved from /home/airflow/.local/lib/python3.12/site-packages/airflow/example_dags/example_branch_day_of_week_operator.py
[2025-04-30T01:01:05.731+0000] {logging_mixin.py:190} INFO - [2025-04-30T01:01:05.731+0000] {dag.py:3211} INFO - Sync 1 DAGs
[2025-04-30T01:01:05.767+0000] {logging_mixin.py:190} INFO - [2025-04-30T01:01:05.766+0000] {dag.py:4138} INFO - Setting next_dagrun for example_weekday_branch_operator to 2025-04-29 00:00:00+00:00, run_after=2025-04-30 00:00:00+00:00
[2025-04-30T01:01:05.789+0000] {processor.py:208} INFO - Processing /home/airflow/.local/lib/python3.12/site-packages/airflow/example_dags/example_branch_day_of_week_operator.py took 0.104 seconds
[2025-04-30T01:01:36.562+0000] {processor.py:186} INFO - Started process (PID=2994) to work on /home/airflow/.local/lib/python3.12/site-packages/airflow/example_dags/example_branch_day_of_week_operator.py
[2025-04-30T01:01:36.564+0000] {processor.py:914} INFO - Processing file /home/airflow/.local/lib/python3.12/site-packages/airflow/example_dags/example_branch_day_of_week_operator.py for tasks to queue
[2025-04-30T01:01:36.566+0000] {logging_mixin.py:190} INFO - [2025-04-30T01:01:36.566+0000] {dagbag.py:587} INFO - Filling up the DagBag from /home/airflow/.local/lib/python3.12/site-packages/airflow/example_dags/example_branch_day_of_week_operator.py
[2025-04-30T01:01:36.580+0000] {processor.py:925} INFO - DAG(s) 'example_weekday_branch_operator' retrieved from /home/airflow/.local/lib/python3.12/site-packages/airflow/example_dags/example_branch_day_of_week_operator.py
[2025-04-30T01:01:36.613+0000] {logging_mixin.py:190} INFO - [2025-04-30T01:01:36.613+0000] {dag.py:3211} INFO - Sync 1 DAGs
[2025-04-30T01:01:36.655+0000] {logging_mixin.py:190} INFO - [2025-04-30T01:01:36.654+0000] {dag.py:4138} INFO - Setting next_dagrun for example_weekday_branch_operator to 2025-04-29 00:00:00+00:00, run_after=2025-04-30 00:00:00+00:00
[2025-04-30T01:01:36.684+0000] {processor.py:208} INFO - Processing /home/airflow/.local/lib/python3.12/site-packages/airflow/example_dags/example_branch_day_of_week_operator.py took 0.133 seconds
[2025-04-30T01:02:07.497+0000] {processor.py:186} INFO - Started process (PID=3057) to work on /home/airflow/.local/lib/python3.12/site-packages/airflow/example_dags/example_branch_day_of_week_operator.py
[2025-04-30T01:02:07.498+0000] {processor.py:914} INFO - Processing file /home/airflow/.local/lib/python3.12/site-packages/airflow/example_dags/example_branch_day_of_week_operator.py for tasks to queue
[2025-04-30T01:02:07.500+0000] {logging_mixin.py:190} INFO - [2025-04-30T01:02:07.500+0000] {dagbag.py:587} INFO - Filling up the DagBag from /home/airflow/.local/lib/python3.12/site-packages/airflow/example_dags/example_branch_day_of_week_operator.py
[2025-04-30T01:02:07.509+0000] {processor.py:925} INFO - DAG(s) 'example_weekday_branch_operator' retrieved from /home/airflow/.local/lib/python3.12/site-packages/airflow/example_dags/example_branch_day_of_week_operator.py
[2025-04-30T01:02:07.536+0000] {logging_mixin.py:190} INFO - [2025-04-30T01:02:07.536+0000] {dag.py:3211} INFO - Sync 1 DAGs
[2025-04-30T01:02:07.561+0000] {logging_mixin.py:190} INFO - [2025-04-30T01:02:07.561+0000] {dag.py:4138} INFO - Setting next_dagrun for example_weekday_branch_operator to 2025-04-29 00:00:00+00:00, run_after=2025-04-30 00:00:00+00:00
[2025-04-30T01:02:07.581+0000] {processor.py:208} INFO - Processing /home/airflow/.local/lib/python3.12/site-packages/airflow/example_dags/example_branch_day_of_week_operator.py took 0.090 seconds
[2025-04-30T01:02:37.854+0000] {processor.py:186} INFO - Started process (PID=3120) to work on /home/airflow/.local/lib/python3.12/site-packages/airflow/example_dags/example_branch_day_of_week_operator.py
[2025-04-30T01:02:37.855+0000] {processor.py:914} INFO - Processing file /home/airflow/.local/lib/python3.12/site-packages/airflow/example_dags/example_branch_day_of_week_operator.py for tasks to queue
[2025-04-30T01:02:37.857+0000] {logging_mixin.py:190} INFO - [2025-04-30T01:02:37.857+0000] {dagbag.py:587} INFO - Filling up the DagBag from /home/airflow/.local/lib/python3.12/site-packages/airflow/example_dags/example_branch_day_of_week_operator.py
[2025-04-30T01:02:37.867+0000] {processor.py:925} INFO - DAG(s) 'example_weekday_branch_operator' retrieved from /home/airflow/.local/lib/python3.12/site-packages/airflow/example_dags/example_branch_day_of_week_operator.py
[2025-04-30T01:02:37.892+0000] {logging_mixin.py:190} INFO - [2025-04-30T01:02:37.892+0000] {dag.py:3211} INFO - Sync 1 DAGs
[2025-04-30T01:02:37.921+0000] {logging_mixin.py:190} INFO - [2025-04-30T01:02:37.920+0000] {dag.py:4138} INFO - Setting next_dagrun for example_weekday_branch_operator to 2025-04-29 00:00:00+00:00, run_after=2025-04-30 00:00:00+00:00
[2025-04-30T01:02:37.948+0000] {processor.py:208} INFO - Processing /home/airflow/.local/lib/python3.12/site-packages/airflow/example_dags/example_branch_day_of_week_operator.py took 0.099 seconds
[2025-04-30T01:03:09.130+0000] {processor.py:186} INFO - Started process (PID=3183) to work on /home/airflow/.local/lib/python3.12/site-packages/airflow/example_dags/example_branch_day_of_week_operator.py
[2025-04-30T01:03:09.131+0000] {processor.py:914} INFO - Processing file /home/airflow/.local/lib/python3.12/site-packages/airflow/example_dags/example_branch_day_of_week_operator.py for tasks to queue
[2025-04-30T01:03:09.133+0000] {logging_mixin.py:190} INFO - [2025-04-30T01:03:09.133+0000] {dagbag.py:587} INFO - Filling up the DagBag from /home/airflow/.local/lib/python3.12/site-packages/airflow/example_dags/example_branch_day_of_week_operator.py
[2025-04-30T01:03:09.145+0000] {processor.py:925} INFO - DAG(s) 'example_weekday_branch_operator' retrieved from /home/airflow/.local/lib/python3.12/site-packages/airflow/example_dags/example_branch_day_of_week_operator.py
[2025-04-30T01:03:09.176+0000] {logging_mixin.py:190} INFO - [2025-04-30T01:03:09.176+0000] {dag.py:3211} INFO - Sync 1 DAGs
[2025-04-30T01:03:09.207+0000] {logging_mixin.py:190} INFO - [2025-04-30T01:03:09.207+0000] {dag.py:4138} INFO - Setting next_dagrun for example_weekday_branch_operator to 2025-04-29 00:00:00+00:00, run_after=2025-04-30 00:00:00+00:00
[2025-04-30T01:03:09.229+0000] {processor.py:208} INFO - Processing /home/airflow/.local/lib/python3.12/site-packages/airflow/example_dags/example_branch_day_of_week_operator.py took 0.106 seconds
[2025-04-30T01:03:41.978+0000] {processor.py:186} INFO - Started process (PID=3246) to work on /home/airflow/.local/lib/python3.12/site-packages/airflow/example_dags/example_branch_day_of_week_operator.py
[2025-04-30T01:03:41.979+0000] {processor.py:914} INFO - Processing file /home/airflow/.local/lib/python3.12/site-packages/airflow/example_dags/example_branch_day_of_week_operator.py for tasks to queue
[2025-04-30T01:03:41.981+0000] {logging_mixin.py:190} INFO - [2025-04-30T01:03:41.981+0000] {dagbag.py:587} INFO - Filling up the DagBag from /home/airflow/.local/lib/python3.12/site-packages/airflow/example_dags/example_branch_day_of_week_operator.py
[2025-04-30T01:03:41.995+0000] {processor.py:925} INFO - DAG(s) 'example_weekday_branch_operator' retrieved from /home/airflow/.local/lib/python3.12/site-packages/airflow/example_dags/example_branch_day_of_week_operator.py
[2025-04-30T01:03:42.019+0000] {logging_mixin.py:190} INFO - [2025-04-30T01:03:42.018+0000] {dag.py:3211} INFO - Sync 1 DAGs
[2025-04-30T01:03:42.273+0000] {logging_mixin.py:190} INFO - [2025-04-30T01:03:42.273+0000] {dag.py:4138} INFO - Setting next_dagrun for example_weekday_branch_operator to 2025-04-29 00:00:00+00:00, run_after=2025-04-30 00:00:00+00:00
[2025-04-30T01:03:42.302+0000] {processor.py:208} INFO - Processing /home/airflow/.local/lib/python3.12/site-packages/airflow/example_dags/example_branch_day_of_week_operator.py took 0.333 seconds
[2025-04-30T01:04:13.037+0000] {processor.py:186} INFO - Started process (PID=3309) to work on /home/airflow/.local/lib/python3.12/site-packages/airflow/example_dags/example_branch_day_of_week_operator.py
[2025-04-30T01:04:13.039+0000] {processor.py:914} INFO - Processing file /home/airflow/.local/lib/python3.12/site-packages/airflow/example_dags/example_branch_day_of_week_operator.py for tasks to queue
[2025-04-30T01:04:13.041+0000] {logging_mixin.py:190} INFO - [2025-04-30T01:04:13.040+0000] {dagbag.py:587} INFO - Filling up the DagBag from /home/airflow/.local/lib/python3.12/site-packages/airflow/example_dags/example_branch_day_of_week_operator.py
[2025-04-30T01:04:13.053+0000] {processor.py:925} INFO - DAG(s) 'example_weekday_branch_operator' retrieved from /home/airflow/.local/lib/python3.12/site-packages/airflow/example_dags/example_branch_day_of_week_operator.py
[2025-04-30T01:04:13.080+0000] {logging_mixin.py:190} INFO - [2025-04-30T01:04:13.079+0000] {dag.py:3211} INFO - Sync 1 DAGs
[2025-04-30T01:04:13.330+0000] {logging_mixin.py:190} INFO - [2025-04-30T01:04:13.329+0000] {dag.py:4138} INFO - Setting next_dagrun for example_weekday_branch_operator to 2025-04-29 00:00:00+00:00, run_after=2025-04-30 00:00:00+00:00
[2025-04-30T01:04:13.358+0000] {processor.py:208} INFO - Processing /home/airflow/.local/lib/python3.12/site-packages/airflow/example_dags/example_branch_day_of_week_operator.py took 0.327 seconds
[2025-04-30T01:04:44.218+0000] {processor.py:186} INFO - Started process (PID=3373) to work on /home/airflow/.local/lib/python3.12/site-packages/airflow/example_dags/example_branch_day_of_week_operator.py
[2025-04-30T01:04:44.220+0000] {processor.py:914} INFO - Processing file /home/airflow/.local/lib/python3.12/site-packages/airflow/example_dags/example_branch_day_of_week_operator.py for tasks to queue
[2025-04-30T01:04:44.221+0000] {logging_mixin.py:190} INFO - [2025-04-30T01:04:44.221+0000] {dagbag.py:587} INFO - Filling up the DagBag from /home/airflow/.local/lib/python3.12/site-packages/airflow/example_dags/example_branch_day_of_week_operator.py
[2025-04-30T01:04:44.233+0000] {processor.py:925} INFO - DAG(s) 'example_weekday_branch_operator' retrieved from /home/airflow/.local/lib/python3.12/site-packages/airflow/example_dags/example_branch_day_of_week_operator.py
[2025-04-30T01:04:44.257+0000] {logging_mixin.py:190} INFO - [2025-04-30T01:04:44.257+0000] {dag.py:3211} INFO - Sync 1 DAGs
[2025-04-30T01:04:44.280+0000] {logging_mixin.py:190} INFO - [2025-04-30T01:04:44.279+0000] {dag.py:4138} INFO - Setting next_dagrun for example_weekday_branch_operator to 2025-04-29 00:00:00+00:00, run_after=2025-04-30 00:00:00+00:00
[2025-04-30T01:04:44.305+0000] {processor.py:208} INFO - Processing /home/airflow/.local/lib/python3.12/site-packages/airflow/example_dags/example_branch_day_of_week_operator.py took 0.093 seconds
[2025-04-30T01:05:14.934+0000] {processor.py:186} INFO - Started process (PID=3436) to work on /home/airflow/.local/lib/python3.12/site-packages/airflow/example_dags/example_branch_day_of_week_operator.py
[2025-04-30T01:05:14.935+0000] {processor.py:914} INFO - Processing file /home/airflow/.local/lib/python3.12/site-packages/airflow/example_dags/example_branch_day_of_week_operator.py for tasks to queue
[2025-04-30T01:05:14.938+0000] {logging_mixin.py:190} INFO - [2025-04-30T01:05:14.938+0000] {dagbag.py:587} INFO - Filling up the DagBag from /home/airflow/.local/lib/python3.12/site-packages/airflow/example_dags/example_branch_day_of_week_operator.py
[2025-04-30T01:05:14.957+0000] {processor.py:925} INFO - DAG(s) 'example_weekday_branch_operator' retrieved from /home/airflow/.local/lib/python3.12/site-packages/airflow/example_dags/example_branch_day_of_week_operator.py
[2025-04-30T01:05:14.997+0000] {logging_mixin.py:190} INFO - [2025-04-30T01:05:14.996+0000] {dag.py:3211} INFO - Sync 1 DAGs
[2025-04-30T01:05:15.023+0000] {logging_mixin.py:190} INFO - [2025-04-30T01:05:15.023+0000] {dag.py:4138} INFO - Setting next_dagrun for example_weekday_branch_operator to 2025-04-29 00:00:00+00:00, run_after=2025-04-30 00:00:00+00:00
[2025-04-30T01:05:15.053+0000] {processor.py:208} INFO - Processing /home/airflow/.local/lib/python3.12/site-packages/airflow/example_dags/example_branch_day_of_week_operator.py took 0.126 seconds
[2025-04-30T01:05:45.553+0000] {processor.py:186} INFO - Started process (PID=3499) to work on /home/airflow/.local/lib/python3.12/site-packages/airflow/example_dags/example_branch_day_of_week_operator.py
[2025-04-30T01:05:45.554+0000] {processor.py:914} INFO - Processing file /home/airflow/.local/lib/python3.12/site-packages/airflow/example_dags/example_branch_day_of_week_operator.py for tasks to queue
[2025-04-30T01:05:45.556+0000] {logging_mixin.py:190} INFO - [2025-04-30T01:05:45.556+0000] {dagbag.py:587} INFO - Filling up the DagBag from /home/airflow/.local/lib/python3.12/site-packages/airflow/example_dags/example_branch_day_of_week_operator.py
[2025-04-30T01:05:45.569+0000] {processor.py:925} INFO - DAG(s) 'example_weekday_branch_operator' retrieved from /home/airflow/.local/lib/python3.12/site-packages/airflow/example_dags/example_branch_day_of_week_operator.py
[2025-04-30T01:05:45.595+0000] {logging_mixin.py:190} INFO - [2025-04-30T01:05:45.595+0000] {dag.py:3211} INFO - Sync 1 DAGs
[2025-04-30T01:05:45.624+0000] {logging_mixin.py:190} INFO - [2025-04-30T01:05:45.623+0000] {dag.py:4138} INFO - Setting next_dagrun for example_weekday_branch_operator to 2025-04-29 00:00:00+00:00, run_after=2025-04-30 00:00:00+00:00
[2025-04-30T01:05:45.648+0000] {processor.py:208} INFO - Processing /home/airflow/.local/lib/python3.12/site-packages/airflow/example_dags/example_branch_day_of_week_operator.py took 0.103 seconds
[2025-04-30T01:06:16.408+0000] {processor.py:186} INFO - Started process (PID=3562) to work on /home/airflow/.local/lib/python3.12/site-packages/airflow/example_dags/example_branch_day_of_week_operator.py
[2025-04-30T01:06:16.410+0000] {processor.py:914} INFO - Processing file /home/airflow/.local/lib/python3.12/site-packages/airflow/example_dags/example_branch_day_of_week_operator.py for tasks to queue
[2025-04-30T01:06:16.412+0000] {logging_mixin.py:190} INFO - [2025-04-30T01:06:16.411+0000] {dagbag.py:587} INFO - Filling up the DagBag from /home/airflow/.local/lib/python3.12/site-packages/airflow/example_dags/example_branch_day_of_week_operator.py
[2025-04-30T01:06:16.424+0000] {processor.py:925} INFO - DAG(s) 'example_weekday_branch_operator' retrieved from /home/airflow/.local/lib/python3.12/site-packages/airflow/example_dags/example_branch_day_of_week_operator.py
[2025-04-30T01:06:16.449+0000] {logging_mixin.py:190} INFO - [2025-04-30T01:06:16.449+0000] {dag.py:3211} INFO - Sync 1 DAGs
[2025-04-30T01:06:16.480+0000] {logging_mixin.py:190} INFO - [2025-04-30T01:06:16.480+0000] {dag.py:4138} INFO - Setting next_dagrun for example_weekday_branch_operator to 2025-04-29 00:00:00+00:00, run_after=2025-04-30 00:00:00+00:00
[2025-04-30T01:06:16.504+0000] {processor.py:208} INFO - Processing /home/airflow/.local/lib/python3.12/site-packages/airflow/example_dags/example_branch_day_of_week_operator.py took 0.102 seconds
[2025-04-30T01:06:47.100+0000] {processor.py:186} INFO - Started process (PID=3625) to work on /home/airflow/.local/lib/python3.12/site-packages/airflow/example_dags/example_branch_day_of_week_operator.py
[2025-04-30T01:06:47.101+0000] {processor.py:914} INFO - Processing file /home/airflow/.local/lib/python3.12/site-packages/airflow/example_dags/example_branch_day_of_week_operator.py for tasks to queue
[2025-04-30T01:06:47.102+0000] {logging_mixin.py:190} INFO - [2025-04-30T01:06:47.102+0000] {dagbag.py:587} INFO - Filling up the DagBag from /home/airflow/.local/lib/python3.12/site-packages/airflow/example_dags/example_branch_day_of_week_operator.py
[2025-04-30T01:06:47.116+0000] {processor.py:925} INFO - DAG(s) 'example_weekday_branch_operator' retrieved from /home/airflow/.local/lib/python3.12/site-packages/airflow/example_dags/example_branch_day_of_week_operator.py
[2025-04-30T01:06:47.138+0000] {logging_mixin.py:190} INFO - [2025-04-30T01:06:47.138+0000] {dag.py:3211} INFO - Sync 1 DAGs
[2025-04-30T01:06:47.163+0000] {logging_mixin.py:190} INFO - [2025-04-30T01:06:47.163+0000] {dag.py:4138} INFO - Setting next_dagrun for example_weekday_branch_operator to 2025-04-29 00:00:00+00:00, run_after=2025-04-30 00:00:00+00:00
[2025-04-30T01:06:47.194+0000] {processor.py:208} INFO - Processing /home/airflow/.local/lib/python3.12/site-packages/airflow/example_dags/example_branch_day_of_week_operator.py took 0.101 seconds
[2025-04-30T01:07:17.403+0000] {processor.py:186} INFO - Started process (PID=3688) to work on /home/airflow/.local/lib/python3.12/site-packages/airflow/example_dags/example_branch_day_of_week_operator.py
[2025-04-30T01:07:17.404+0000] {processor.py:914} INFO - Processing file /home/airflow/.local/lib/python3.12/site-packages/airflow/example_dags/example_branch_day_of_week_operator.py for tasks to queue
[2025-04-30T01:07:17.406+0000] {logging_mixin.py:190} INFO - [2025-04-30T01:07:17.406+0000] {dagbag.py:587} INFO - Filling up the DagBag from /home/airflow/.local/lib/python3.12/site-packages/airflow/example_dags/example_branch_day_of_week_operator.py
[2025-04-30T01:07:17.418+0000] {processor.py:925} INFO - DAG(s) 'example_weekday_branch_operator' retrieved from /home/airflow/.local/lib/python3.12/site-packages/airflow/example_dags/example_branch_day_of_week_operator.py
[2025-04-30T01:07:17.440+0000] {logging_mixin.py:190} INFO - [2025-04-30T01:07:17.440+0000] {dag.py:3211} INFO - Sync 1 DAGs
[2025-04-30T01:07:17.463+0000] {logging_mixin.py:190} INFO - [2025-04-30T01:07:17.462+0000] {dag.py:4138} INFO - Setting next_dagrun for example_weekday_branch_operator to 2025-04-29 00:00:00+00:00, run_after=2025-04-30 00:00:00+00:00
[2025-04-30T01:07:17.483+0000] {processor.py:208} INFO - Processing /home/airflow/.local/lib/python3.12/site-packages/airflow/example_dags/example_branch_day_of_week_operator.py took 0.088 seconds
[2025-04-30T01:07:48.370+0000] {processor.py:186} INFO - Started process (PID=3751) to work on /home/airflow/.local/lib/python3.12/site-packages/airflow/example_dags/example_branch_day_of_week_operator.py
[2025-04-30T01:07:48.372+0000] {processor.py:914} INFO - Processing file /home/airflow/.local/lib/python3.12/site-packages/airflow/example_dags/example_branch_day_of_week_operator.py for tasks to queue
[2025-04-30T01:07:48.373+0000] {logging_mixin.py:190} INFO - [2025-04-30T01:07:48.373+0000] {dagbag.py:587} INFO - Filling up the DagBag from /home/airflow/.local/lib/python3.12/site-packages/airflow/example_dags/example_branch_day_of_week_operator.py
[2025-04-30T01:07:48.386+0000] {processor.py:925} INFO - DAG(s) 'example_weekday_branch_operator' retrieved from /home/airflow/.local/lib/python3.12/site-packages/airflow/example_dags/example_branch_day_of_week_operator.py
[2025-04-30T01:07:48.411+0000] {logging_mixin.py:190} INFO - [2025-04-30T01:07:48.411+0000] {dag.py:3211} INFO - Sync 1 DAGs
[2025-04-30T01:07:48.438+0000] {logging_mixin.py:190} INFO - [2025-04-30T01:07:48.437+0000] {dag.py:4138} INFO - Setting next_dagrun for example_weekday_branch_operator to 2025-04-29 00:00:00+00:00, run_after=2025-04-30 00:00:00+00:00
[2025-04-30T01:07:48.468+0000] {processor.py:208} INFO - Processing /home/airflow/.local/lib/python3.12/site-packages/airflow/example_dags/example_branch_day_of_week_operator.py took 0.103 seconds
[2025-04-30T01:08:19.061+0000] {processor.py:186} INFO - Started process (PID=3813) to work on /home/airflow/.local/lib/python3.12/site-packages/airflow/example_dags/example_branch_day_of_week_operator.py
[2025-04-30T01:08:19.063+0000] {processor.py:914} INFO - Processing file /home/airflow/.local/lib/python3.12/site-packages/airflow/example_dags/example_branch_day_of_week_operator.py for tasks to queue
[2025-04-30T01:08:19.064+0000] {logging_mixin.py:190} INFO - [2025-04-30T01:08:19.064+0000] {dagbag.py:587} INFO - Filling up the DagBag from /home/airflow/.local/lib/python3.12/site-packages/airflow/example_dags/example_branch_day_of_week_operator.py
[2025-04-30T01:08:19.076+0000] {processor.py:925} INFO - DAG(s) 'example_weekday_branch_operator' retrieved from /home/airflow/.local/lib/python3.12/site-packages/airflow/example_dags/example_branch_day_of_week_operator.py
[2025-04-30T01:08:19.105+0000] {logging_mixin.py:190} INFO - [2025-04-30T01:08:19.104+0000] {dag.py:3211} INFO - Sync 1 DAGs
[2025-04-30T01:08:19.138+0000] {logging_mixin.py:190} INFO - [2025-04-30T01:08:19.138+0000] {dag.py:4138} INFO - Setting next_dagrun for example_weekday_branch_operator to 2025-04-29 00:00:00+00:00, run_after=2025-04-30 00:00:00+00:00
[2025-04-30T01:08:19.173+0000] {processor.py:208} INFO - Processing /home/airflow/.local/lib/python3.12/site-packages/airflow/example_dags/example_branch_day_of_week_operator.py took 0.120 seconds
[2025-04-30T01:08:50.075+0000] {processor.py:186} INFO - Started process (PID=3881) to work on /home/airflow/.local/lib/python3.12/site-packages/airflow/example_dags/example_branch_day_of_week_operator.py
[2025-04-30T01:08:50.077+0000] {processor.py:914} INFO - Processing file /home/airflow/.local/lib/python3.12/site-packages/airflow/example_dags/example_branch_day_of_week_operator.py for tasks to queue
[2025-04-30T01:08:50.078+0000] {logging_mixin.py:190} INFO - [2025-04-30T01:08:50.078+0000] {dagbag.py:587} INFO - Filling up the DagBag from /home/airflow/.local/lib/python3.12/site-packages/airflow/example_dags/example_branch_day_of_week_operator.py
[2025-04-30T01:08:50.090+0000] {processor.py:925} INFO - DAG(s) 'example_weekday_branch_operator' retrieved from /home/airflow/.local/lib/python3.12/site-packages/airflow/example_dags/example_branch_day_of_week_operator.py
[2025-04-30T01:08:50.121+0000] {logging_mixin.py:190} INFO - [2025-04-30T01:08:50.121+0000] {dag.py:3211} INFO - Sync 1 DAGs
[2025-04-30T01:08:50.166+0000] {logging_mixin.py:190} INFO - [2025-04-30T01:08:50.166+0000] {dag.py:4138} INFO - Setting next_dagrun for example_weekday_branch_operator to 2025-04-29 00:00:00+00:00, run_after=2025-04-30 00:00:00+00:00
[2025-04-30T01:08:50.194+0000] {processor.py:208} INFO - Processing /home/airflow/.local/lib/python3.12/site-packages/airflow/example_dags/example_branch_day_of_week_operator.py took 0.125 seconds
[2025-04-30T01:09:20.381+0000] {processor.py:186} INFO - Started process (PID=3943) to work on /home/airflow/.local/lib/python3.12/site-packages/airflow/example_dags/example_branch_day_of_week_operator.py
[2025-04-30T01:09:20.383+0000] {processor.py:914} INFO - Processing file /home/airflow/.local/lib/python3.12/site-packages/airflow/example_dags/example_branch_day_of_week_operator.py for tasks to queue
[2025-04-30T01:09:20.384+0000] {logging_mixin.py:190} INFO - [2025-04-30T01:09:20.384+0000] {dagbag.py:587} INFO - Filling up the DagBag from /home/airflow/.local/lib/python3.12/site-packages/airflow/example_dags/example_branch_day_of_week_operator.py
[2025-04-30T01:09:20.395+0000] {processor.py:925} INFO - DAG(s) 'example_weekday_branch_operator' retrieved from /home/airflow/.local/lib/python3.12/site-packages/airflow/example_dags/example_branch_day_of_week_operator.py
[2025-04-30T01:09:20.423+0000] {logging_mixin.py:190} INFO - [2025-04-30T01:09:20.422+0000] {dag.py:3211} INFO - Sync 1 DAGs
[2025-04-30T01:09:20.451+0000] {logging_mixin.py:190} INFO - [2025-04-30T01:09:20.451+0000] {dag.py:4138} INFO - Setting next_dagrun for example_weekday_branch_operator to 2025-04-29 00:00:00+00:00, run_after=2025-04-30 00:00:00+00:00
[2025-04-30T01:09:20.476+0000] {processor.py:208} INFO - Processing /home/airflow/.local/lib/python3.12/site-packages/airflow/example_dags/example_branch_day_of_week_operator.py took 0.101 seconds
[2025-04-30T01:09:50.588+0000] {processor.py:186} INFO - Started process (PID=4005) to work on /home/airflow/.local/lib/python3.12/site-packages/airflow/example_dags/example_branch_day_of_week_operator.py
[2025-04-30T01:09:50.590+0000] {processor.py:914} INFO - Processing file /home/airflow/.local/lib/python3.12/site-packages/airflow/example_dags/example_branch_day_of_week_operator.py for tasks to queue
[2025-04-30T01:09:50.591+0000] {logging_mixin.py:190} INFO - [2025-04-30T01:09:50.591+0000] {dagbag.py:587} INFO - Filling up the DagBag from /home/airflow/.local/lib/python3.12/site-packages/airflow/example_dags/example_branch_day_of_week_operator.py
[2025-04-30T01:09:50.603+0000] {processor.py:925} INFO - DAG(s) 'example_weekday_branch_operator' retrieved from /home/airflow/.local/lib/python3.12/site-packages/airflow/example_dags/example_branch_day_of_week_operator.py
[2025-04-30T01:09:50.630+0000] {logging_mixin.py:190} INFO - [2025-04-30T01:09:50.629+0000] {dag.py:3211} INFO - Sync 1 DAGs
[2025-04-30T01:09:50.660+0000] {logging_mixin.py:190} INFO - [2025-04-30T01:09:50.660+0000] {dag.py:4138} INFO - Setting next_dagrun for example_weekday_branch_operator to 2025-04-29 00:00:00+00:00, run_after=2025-04-30 00:00:00+00:00
[2025-04-30T01:09:50.685+0000] {processor.py:208} INFO - Processing /home/airflow/.local/lib/python3.12/site-packages/airflow/example_dags/example_branch_day_of_week_operator.py took 0.103 seconds
[2025-04-30T01:10:21.348+0000] {processor.py:186} INFO - Started process (PID=4067) to work on /home/airflow/.local/lib/python3.12/site-packages/airflow/example_dags/example_branch_day_of_week_operator.py
[2025-04-30T01:10:21.350+0000] {processor.py:914} INFO - Processing file /home/airflow/.local/lib/python3.12/site-packages/airflow/example_dags/example_branch_day_of_week_operator.py for tasks to queue
[2025-04-30T01:10:21.352+0000] {logging_mixin.py:190} INFO - [2025-04-30T01:10:21.351+0000] {dagbag.py:587} INFO - Filling up the DagBag from /home/airflow/.local/lib/python3.12/site-packages/airflow/example_dags/example_branch_day_of_week_operator.py
[2025-04-30T01:10:21.363+0000] {processor.py:925} INFO - DAG(s) 'example_weekday_branch_operator' retrieved from /home/airflow/.local/lib/python3.12/site-packages/airflow/example_dags/example_branch_day_of_week_operator.py
[2025-04-30T01:10:21.395+0000] {logging_mixin.py:190} INFO - [2025-04-30T01:10:21.395+0000] {dag.py:3211} INFO - Sync 1 DAGs
[2025-04-30T01:10:21.424+0000] {logging_mixin.py:190} INFO - [2025-04-30T01:10:21.424+0000] {dag.py:4138} INFO - Setting next_dagrun for example_weekday_branch_operator to 2025-04-29 00:00:00+00:00, run_after=2025-04-30 00:00:00+00:00
[2025-04-30T01:10:21.467+0000] {processor.py:208} INFO - Processing /home/airflow/.local/lib/python3.12/site-packages/airflow/example_dags/example_branch_day_of_week_operator.py took 0.126 seconds
[2025-04-30T01:10:52.377+0000] {processor.py:186} INFO - Started process (PID=4129) to work on /home/airflow/.local/lib/python3.12/site-packages/airflow/example_dags/example_branch_day_of_week_operator.py
[2025-04-30T01:10:52.378+0000] {processor.py:914} INFO - Processing file /home/airflow/.local/lib/python3.12/site-packages/airflow/example_dags/example_branch_day_of_week_operator.py for tasks to queue
[2025-04-30T01:10:52.380+0000] {logging_mixin.py:190} INFO - [2025-04-30T01:10:52.379+0000] {dagbag.py:587} INFO - Filling up the DagBag from /home/airflow/.local/lib/python3.12/site-packages/airflow/example_dags/example_branch_day_of_week_operator.py
[2025-04-30T01:10:52.395+0000] {processor.py:925} INFO - DAG(s) 'example_weekday_branch_operator' retrieved from /home/airflow/.local/lib/python3.12/site-packages/airflow/example_dags/example_branch_day_of_week_operator.py
[2025-04-30T01:10:52.427+0000] {logging_mixin.py:190} INFO - [2025-04-30T01:10:52.426+0000] {dag.py:3211} INFO - Sync 1 DAGs
[2025-04-30T01:10:52.460+0000] {logging_mixin.py:190} INFO - [2025-04-30T01:10:52.460+0000] {dag.py:4138} INFO - Setting next_dagrun for example_weekday_branch_operator to 2025-04-29 00:00:00+00:00, run_after=2025-04-30 00:00:00+00:00
[2025-04-30T01:10:52.486+0000] {processor.py:208} INFO - Processing /home/airflow/.local/lib/python3.12/site-packages/airflow/example_dags/example_branch_day_of_week_operator.py took 0.117 seconds
[2025-04-30T01:11:23.231+0000] {processor.py:186} INFO - Started process (PID=4191) to work on /home/airflow/.local/lib/python3.12/site-packages/airflow/example_dags/example_branch_day_of_week_operator.py
[2025-04-30T01:11:23.232+0000] {processor.py:914} INFO - Processing file /home/airflow/.local/lib/python3.12/site-packages/airflow/example_dags/example_branch_day_of_week_operator.py for tasks to queue
[2025-04-30T01:11:23.235+0000] {logging_mixin.py:190} INFO - [2025-04-30T01:11:23.234+0000] {dagbag.py:587} INFO - Filling up the DagBag from /home/airflow/.local/lib/python3.12/site-packages/airflow/example_dags/example_branch_day_of_week_operator.py
[2025-04-30T01:11:23.253+0000] {processor.py:925} INFO - DAG(s) 'example_weekday_branch_operator' retrieved from /home/airflow/.local/lib/python3.12/site-packages/airflow/example_dags/example_branch_day_of_week_operator.py
[2025-04-30T01:11:23.284+0000] {logging_mixin.py:190} INFO - [2025-04-30T01:11:23.284+0000] {dag.py:3211} INFO - Sync 1 DAGs
[2025-04-30T01:11:23.313+0000] {logging_mixin.py:190} INFO - [2025-04-30T01:11:23.313+0000] {dag.py:4138} INFO - Setting next_dagrun for example_weekday_branch_operator to 2025-04-29 00:00:00+00:00, run_after=2025-04-30 00:00:00+00:00
[2025-04-30T01:11:23.338+0000] {processor.py:208} INFO - Processing /home/airflow/.local/lib/python3.12/site-packages/airflow/example_dags/example_branch_day_of_week_operator.py took 0.115 seconds
[2025-04-30T01:11:54.131+0000] {processor.py:186} INFO - Started process (PID=4253) to work on /home/airflow/.local/lib/python3.12/site-packages/airflow/example_dags/example_branch_day_of_week_operator.py
[2025-04-30T01:11:54.133+0000] {processor.py:914} INFO - Processing file /home/airflow/.local/lib/python3.12/site-packages/airflow/example_dags/example_branch_day_of_week_operator.py for tasks to queue
[2025-04-30T01:11:54.137+0000] {logging_mixin.py:190} INFO - [2025-04-30T01:11:54.136+0000] {dagbag.py:587} INFO - Filling up the DagBag from /home/airflow/.local/lib/python3.12/site-packages/airflow/example_dags/example_branch_day_of_week_operator.py
[2025-04-30T01:11:54.163+0000] {processor.py:925} INFO - DAG(s) 'example_weekday_branch_operator' retrieved from /home/airflow/.local/lib/python3.12/site-packages/airflow/example_dags/example_branch_day_of_week_operator.py
[2025-04-30T01:11:54.205+0000] {logging_mixin.py:190} INFO - [2025-04-30T01:11:54.204+0000] {dag.py:3211} INFO - Sync 1 DAGs
[2025-04-30T01:11:54.238+0000] {logging_mixin.py:190} INFO - [2025-04-30T01:11:54.238+0000] {dag.py:4138} INFO - Setting next_dagrun for example_weekday_branch_operator to 2025-04-29 00:00:00+00:00, run_after=2025-04-30 00:00:00+00:00
[2025-04-30T01:11:54.260+0000] {processor.py:208} INFO - Processing /home/airflow/.local/lib/python3.12/site-packages/airflow/example_dags/example_branch_day_of_week_operator.py took 0.145 seconds
