[2025-04-30T00:30:53.433+0000] {processor.py:186} INFO - Started process (PID=101) to work on /home/airflow/.local/lib/python3.12/site-packages/airflow/example_dags/example_local_kubernetes_executor.py
[2025-04-30T00:30:53.436+0000] {processor.py:914} INFO - Processing file /home/airflow/.local/lib/python3.12/site-packages/airflow/example_dags/example_local_kubernetes_executor.py for tasks to queue
[2025-04-30T00:30:53.442+0000] {logging_mixin.py:190} INFO - [2025-04-30T00:30:53.441+0000] {dagbag.py:587} INFO - Filling up the DagBag from /home/airflow/.local/lib/python3.12/site-packages/airflow/example_dags/example_local_kubernetes_executor.py
[2025-04-30T00:30:53.467+0000] {processor.py:925} INFO - DAG(s) 'example_local_kubernetes_executor' retrieved from /home/airflow/.local/lib/python3.12/site-packages/airflow/example_dags/example_local_kubernetes_executor.py
[2025-04-30T00:30:53.718+0000] {logging_mixin.py:190} INFO - [2025-04-30T00:30:53.717+0000] {override.py:1858} INFO - Created Permission View: can edit on DAG:example_local_kubernetes_executor
[2025-04-30T00:30:53.740+0000] {logging_mixin.py:190} INFO - [2025-04-30T00:30:53.739+0000] {override.py:1858} INFO - Created Permission View: can read on DAG:example_local_kubernetes_executor
[2025-04-30T00:30:53.755+0000] {logging_mixin.py:190} INFO - [2025-04-30T00:30:53.754+0000] {override.py:1858} INFO - Created Permission View: can delete on DAG:example_local_kubernetes_executor
[2025-04-30T00:30:53.757+0000] {logging_mixin.py:190} INFO - [2025-04-30T00:30:53.756+0000] {dag.py:3211} INFO - Sync 1 DAGs
[2025-04-30T00:30:53.784+0000] {logging_mixin.py:190} INFO - [2025-04-30T00:30:53.783+0000] {dag.py:3234} INFO - Creating ORM DAG for example_local_kubernetes_executor
[2025-04-30T00:30:53.786+0000] {logging_mixin.py:190} INFO - [2025-04-30T00:30:53.785+0000] {dag.py:4138} INFO - Setting next_dagrun for example_local_kubernetes_executor to None, run_after=None
[2025-04-30T00:30:53.821+0000] {processor.py:208} INFO - Processing /home/airflow/.local/lib/python3.12/site-packages/airflow/example_dags/example_local_kubernetes_executor.py took 0.404 seconds
[2025-04-30T00:31:23.715+0000] {processor.py:186} INFO - Started process (PID=163) to work on /home/airflow/.local/lib/python3.12/site-packages/airflow/example_dags/example_local_kubernetes_executor.py
[2025-04-30T00:31:23.718+0000] {processor.py:914} INFO - Processing file /home/airflow/.local/lib/python3.12/site-packages/airflow/example_dags/example_local_kubernetes_executor.py for tasks to queue
[2025-04-30T00:31:23.723+0000] {logging_mixin.py:190} INFO - [2025-04-30T00:31:23.722+0000] {dagbag.py:587} INFO - Filling up the DagBag from /home/airflow/.local/lib/python3.12/site-packages/airflow/example_dags/example_local_kubernetes_executor.py
[2025-04-30T00:31:23.743+0000] {processor.py:925} INFO - DAG(s) 'example_local_kubernetes_executor' retrieved from /home/airflow/.local/lib/python3.12/site-packages/airflow/example_dags/example_local_kubernetes_executor.py
[2025-04-30T00:31:23.827+0000] {logging_mixin.py:190} INFO - [2025-04-30T00:31:23.826+0000] {dag.py:3211} INFO - Sync 1 DAGs
[2025-04-30T00:31:23.862+0000] {logging_mixin.py:190} INFO - [2025-04-30T00:31:23.862+0000] {dag.py:4138} INFO - Setting next_dagrun for example_local_kubernetes_executor to None, run_after=None
[2025-04-30T00:31:23.904+0000] {processor.py:208} INFO - Processing /home/airflow/.local/lib/python3.12/site-packages/airflow/example_dags/example_local_kubernetes_executor.py took 0.201 seconds
[2025-04-30T00:31:54.549+0000] {processor.py:186} INFO - Started process (PID=232) to work on /home/airflow/.local/lib/python3.12/site-packages/airflow/example_dags/example_local_kubernetes_executor.py
[2025-04-30T00:31:54.552+0000] {processor.py:914} INFO - Processing file /home/airflow/.local/lib/python3.12/site-packages/airflow/example_dags/example_local_kubernetes_executor.py for tasks to queue
[2025-04-30T00:31:54.557+0000] {logging_mixin.py:190} INFO - [2025-04-30T00:31:54.556+0000] {dagbag.py:587} INFO - Filling up the DagBag from /home/airflow/.local/lib/python3.12/site-packages/airflow/example_dags/example_local_kubernetes_executor.py
[2025-04-30T00:31:54.576+0000] {processor.py:925} INFO - DAG(s) 'example_local_kubernetes_executor' retrieved from /home/airflow/.local/lib/python3.12/site-packages/airflow/example_dags/example_local_kubernetes_executor.py
[2025-04-30T00:31:54.643+0000] {logging_mixin.py:190} INFO - [2025-04-30T00:31:54.643+0000] {dag.py:3211} INFO - Sync 1 DAGs
[2025-04-30T00:31:54.676+0000] {logging_mixin.py:190} INFO - [2025-04-30T00:31:54.676+0000] {dag.py:4138} INFO - Setting next_dagrun for example_local_kubernetes_executor to None, run_after=None
[2025-04-30T00:31:54.728+0000] {processor.py:208} INFO - Processing /home/airflow/.local/lib/python3.12/site-packages/airflow/example_dags/example_local_kubernetes_executor.py took 0.189 seconds
[2025-04-30T00:32:25.134+0000] {processor.py:186} INFO - Started process (PID=296) to work on /home/airflow/.local/lib/python3.12/site-packages/airflow/example_dags/example_local_kubernetes_executor.py
[2025-04-30T00:32:25.136+0000] {processor.py:914} INFO - Processing file /home/airflow/.local/lib/python3.12/site-packages/airflow/example_dags/example_local_kubernetes_executor.py for tasks to queue
[2025-04-30T00:32:25.140+0000] {logging_mixin.py:190} INFO - [2025-04-30T00:32:25.139+0000] {dagbag.py:587} INFO - Filling up the DagBag from /home/airflow/.local/lib/python3.12/site-packages/airflow/example_dags/example_local_kubernetes_executor.py
[2025-04-30T00:32:25.158+0000] {processor.py:925} INFO - DAG(s) 'example_local_kubernetes_executor' retrieved from /home/airflow/.local/lib/python3.12/site-packages/airflow/example_dags/example_local_kubernetes_executor.py
[2025-04-30T00:32:25.222+0000] {logging_mixin.py:190} INFO - [2025-04-30T00:32:25.222+0000] {dag.py:3211} INFO - Sync 1 DAGs
[2025-04-30T00:32:25.286+0000] {logging_mixin.py:190} INFO - [2025-04-30T00:32:25.285+0000] {dag.py:4138} INFO - Setting next_dagrun for example_local_kubernetes_executor to None, run_after=None
[2025-04-30T00:32:25.334+0000] {processor.py:208} INFO - Processing /home/airflow/.local/lib/python3.12/site-packages/airflow/example_dags/example_local_kubernetes_executor.py took 0.211 seconds
[2025-04-30T00:32:55.818+0000] {processor.py:186} INFO - Started process (PID=359) to work on /home/airflow/.local/lib/python3.12/site-packages/airflow/example_dags/example_local_kubernetes_executor.py
[2025-04-30T00:32:55.820+0000] {processor.py:914} INFO - Processing file /home/airflow/.local/lib/python3.12/site-packages/airflow/example_dags/example_local_kubernetes_executor.py for tasks to queue
[2025-04-30T00:32:55.824+0000] {logging_mixin.py:190} INFO - [2025-04-30T00:32:55.823+0000] {dagbag.py:587} INFO - Filling up the DagBag from /home/airflow/.local/lib/python3.12/site-packages/airflow/example_dags/example_local_kubernetes_executor.py
[2025-04-30T00:32:55.841+0000] {processor.py:925} INFO - DAG(s) 'example_local_kubernetes_executor' retrieved from /home/airflow/.local/lib/python3.12/site-packages/airflow/example_dags/example_local_kubernetes_executor.py
[2025-04-30T00:32:55.906+0000] {logging_mixin.py:190} INFO - [2025-04-30T00:32:55.905+0000] {dag.py:3211} INFO - Sync 1 DAGs
[2025-04-30T00:32:55.934+0000] {logging_mixin.py:190} INFO - [2025-04-30T00:32:55.933+0000] {dag.py:4138} INFO - Setting next_dagrun for example_local_kubernetes_executor to None, run_after=None
[2025-04-30T00:32:55.970+0000] {processor.py:208} INFO - Processing /home/airflow/.local/lib/python3.12/site-packages/airflow/example_dags/example_local_kubernetes_executor.py took 0.164 seconds
[2025-04-30T00:33:26.298+0000] {processor.py:186} INFO - Started process (PID=422) to work on /home/airflow/.local/lib/python3.12/site-packages/airflow/example_dags/example_local_kubernetes_executor.py
[2025-04-30T00:33:26.300+0000] {processor.py:914} INFO - Processing file /home/airflow/.local/lib/python3.12/site-packages/airflow/example_dags/example_local_kubernetes_executor.py for tasks to queue
[2025-04-30T00:33:26.305+0000] {logging_mixin.py:190} INFO - [2025-04-30T00:33:26.304+0000] {dagbag.py:587} INFO - Filling up the DagBag from /home/airflow/.local/lib/python3.12/site-packages/airflow/example_dags/example_local_kubernetes_executor.py
[2025-04-30T00:33:26.324+0000] {processor.py:925} INFO - DAG(s) 'example_local_kubernetes_executor' retrieved from /home/airflow/.local/lib/python3.12/site-packages/airflow/example_dags/example_local_kubernetes_executor.py
[2025-04-30T00:33:26.395+0000] {logging_mixin.py:190} INFO - [2025-04-30T00:33:26.395+0000] {dag.py:3211} INFO - Sync 1 DAGs
[2025-04-30T00:33:26.429+0000] {logging_mixin.py:190} INFO - [2025-04-30T00:33:26.429+0000] {dag.py:4138} INFO - Setting next_dagrun for example_local_kubernetes_executor to None, run_after=None
[2025-04-30T00:33:26.473+0000] {processor.py:208} INFO - Processing /home/airflow/.local/lib/python3.12/site-packages/airflow/example_dags/example_local_kubernetes_executor.py took 0.187 seconds
[2025-04-30T00:33:56.871+0000] {processor.py:186} INFO - Started process (PID=486) to work on /home/airflow/.local/lib/python3.12/site-packages/airflow/example_dags/example_local_kubernetes_executor.py
[2025-04-30T00:33:56.873+0000] {processor.py:914} INFO - Processing file /home/airflow/.local/lib/python3.12/site-packages/airflow/example_dags/example_local_kubernetes_executor.py for tasks to queue
[2025-04-30T00:33:56.878+0000] {logging_mixin.py:190} INFO - [2025-04-30T00:33:56.877+0000] {dagbag.py:587} INFO - Filling up the DagBag from /home/airflow/.local/lib/python3.12/site-packages/airflow/example_dags/example_local_kubernetes_executor.py
[2025-04-30T00:33:56.900+0000] {processor.py:925} INFO - DAG(s) 'example_local_kubernetes_executor' retrieved from /home/airflow/.local/lib/python3.12/site-packages/airflow/example_dags/example_local_kubernetes_executor.py
[2025-04-30T00:33:56.983+0000] {logging_mixin.py:190} INFO - [2025-04-30T00:33:56.983+0000] {dag.py:3211} INFO - Sync 1 DAGs
[2025-04-30T00:33:57.017+0000] {logging_mixin.py:190} INFO - [2025-04-30T00:33:57.016+0000] {dag.py:4138} INFO - Setting next_dagrun for example_local_kubernetes_executor to None, run_after=None
[2025-04-30T00:33:57.062+0000] {processor.py:208} INFO - Processing /home/airflow/.local/lib/python3.12/site-packages/airflow/example_dags/example_local_kubernetes_executor.py took 0.204 seconds
[2025-04-30T00:34:27.847+0000] {processor.py:186} INFO - Started process (PID=549) to work on /home/airflow/.local/lib/python3.12/site-packages/airflow/example_dags/example_local_kubernetes_executor.py
[2025-04-30T00:34:27.849+0000] {processor.py:914} INFO - Processing file /home/airflow/.local/lib/python3.12/site-packages/airflow/example_dags/example_local_kubernetes_executor.py for tasks to queue
[2025-04-30T00:34:27.854+0000] {logging_mixin.py:190} INFO - [2025-04-30T00:34:27.853+0000] {dagbag.py:587} INFO - Filling up the DagBag from /home/airflow/.local/lib/python3.12/site-packages/airflow/example_dags/example_local_kubernetes_executor.py
[2025-04-30T00:34:27.872+0000] {processor.py:925} INFO - DAG(s) 'example_local_kubernetes_executor' retrieved from /home/airflow/.local/lib/python3.12/site-packages/airflow/example_dags/example_local_kubernetes_executor.py
[2025-04-30T00:34:27.941+0000] {logging_mixin.py:190} INFO - [2025-04-30T00:34:27.941+0000] {dag.py:3211} INFO - Sync 1 DAGs
[2025-04-30T00:34:27.973+0000] {logging_mixin.py:190} INFO - [2025-04-30T00:34:27.973+0000] {dag.py:4138} INFO - Setting next_dagrun for example_local_kubernetes_executor to None, run_after=None
[2025-04-30T00:34:28.018+0000] {processor.py:208} INFO - Processing /home/airflow/.local/lib/python3.12/site-packages/airflow/example_dags/example_local_kubernetes_executor.py took 0.182 seconds
[2025-04-30T00:34:58.779+0000] {processor.py:186} INFO - Started process (PID=612) to work on /home/airflow/.local/lib/python3.12/site-packages/airflow/example_dags/example_local_kubernetes_executor.py
[2025-04-30T00:34:58.781+0000] {processor.py:914} INFO - Processing file /home/airflow/.local/lib/python3.12/site-packages/airflow/example_dags/example_local_kubernetes_executor.py for tasks to queue
[2025-04-30T00:34:58.786+0000] {logging_mixin.py:190} INFO - [2025-04-30T00:34:58.785+0000] {dagbag.py:587} INFO - Filling up the DagBag from /home/airflow/.local/lib/python3.12/site-packages/airflow/example_dags/example_local_kubernetes_executor.py
[2025-04-30T00:34:58.806+0000] {processor.py:925} INFO - DAG(s) 'example_local_kubernetes_executor' retrieved from /home/airflow/.local/lib/python3.12/site-packages/airflow/example_dags/example_local_kubernetes_executor.py
[2025-04-30T00:34:58.878+0000] {logging_mixin.py:190} INFO - [2025-04-30T00:34:58.878+0000] {dag.py:3211} INFO - Sync 1 DAGs
[2025-04-30T00:34:58.912+0000] {logging_mixin.py:190} INFO - [2025-04-30T00:34:58.911+0000] {dag.py:4138} INFO - Setting next_dagrun for example_local_kubernetes_executor to None, run_after=None
[2025-04-30T00:34:58.957+0000] {processor.py:208} INFO - Processing /home/airflow/.local/lib/python3.12/site-packages/airflow/example_dags/example_local_kubernetes_executor.py took 0.191 seconds
[2025-04-30T00:35:29.227+0000] {processor.py:186} INFO - Started process (PID=675) to work on /home/airflow/.local/lib/python3.12/site-packages/airflow/example_dags/example_local_kubernetes_executor.py
[2025-04-30T00:35:29.229+0000] {processor.py:914} INFO - Processing file /home/airflow/.local/lib/python3.12/site-packages/airflow/example_dags/example_local_kubernetes_executor.py for tasks to queue
[2025-04-30T00:35:29.234+0000] {logging_mixin.py:190} INFO - [2025-04-30T00:35:29.233+0000] {dagbag.py:587} INFO - Filling up the DagBag from /home/airflow/.local/lib/python3.12/site-packages/airflow/example_dags/example_local_kubernetes_executor.py
[2025-04-30T00:35:29.255+0000] {processor.py:925} INFO - DAG(s) 'example_local_kubernetes_executor' retrieved from /home/airflow/.local/lib/python3.12/site-packages/airflow/example_dags/example_local_kubernetes_executor.py
[2025-04-30T00:35:29.333+0000] {logging_mixin.py:190} INFO - [2025-04-30T00:35:29.333+0000] {dag.py:3211} INFO - Sync 1 DAGs
[2025-04-30T00:35:29.366+0000] {logging_mixin.py:190} INFO - [2025-04-30T00:35:29.366+0000] {dag.py:4138} INFO - Setting next_dagrun for example_local_kubernetes_executor to None, run_after=None
[2025-04-30T00:35:29.408+0000] {processor.py:208} INFO - Processing /home/airflow/.local/lib/python3.12/site-packages/airflow/example_dags/example_local_kubernetes_executor.py took 0.195 seconds
[2025-04-30T00:36:00.432+0000] {processor.py:186} INFO - Started process (PID=738) to work on /home/airflow/.local/lib/python3.12/site-packages/airflow/example_dags/example_local_kubernetes_executor.py
[2025-04-30T00:36:00.435+0000] {processor.py:914} INFO - Processing file /home/airflow/.local/lib/python3.12/site-packages/airflow/example_dags/example_local_kubernetes_executor.py for tasks to queue
[2025-04-30T00:36:00.442+0000] {logging_mixin.py:190} INFO - [2025-04-30T00:36:00.441+0000] {dagbag.py:587} INFO - Filling up the DagBag from /home/airflow/.local/lib/python3.12/site-packages/airflow/example_dags/example_local_kubernetes_executor.py
[2025-04-30T00:36:00.468+0000] {processor.py:925} INFO - DAG(s) 'example_local_kubernetes_executor' retrieved from /home/airflow/.local/lib/python3.12/site-packages/airflow/example_dags/example_local_kubernetes_executor.py
[2025-04-30T00:36:00.571+0000] {logging_mixin.py:190} INFO - [2025-04-30T00:36:00.571+0000] {dag.py:3211} INFO - Sync 1 DAGs
[2025-04-30T00:36:00.616+0000] {logging_mixin.py:190} INFO - [2025-04-30T00:36:00.615+0000] {dag.py:4138} INFO - Setting next_dagrun for example_local_kubernetes_executor to None, run_after=None
[2025-04-30T00:36:00.659+0000] {processor.py:208} INFO - Processing /home/airflow/.local/lib/python3.12/site-packages/airflow/example_dags/example_local_kubernetes_executor.py took 0.244 seconds
[2025-04-30T00:36:30.807+0000] {processor.py:186} INFO - Started process (PID=801) to work on /home/airflow/.local/lib/python3.12/site-packages/airflow/example_dags/example_local_kubernetes_executor.py
[2025-04-30T00:36:30.809+0000] {processor.py:914} INFO - Processing file /home/airflow/.local/lib/python3.12/site-packages/airflow/example_dags/example_local_kubernetes_executor.py for tasks to queue
[2025-04-30T00:36:30.814+0000] {logging_mixin.py:190} INFO - [2025-04-30T00:36:30.813+0000] {dagbag.py:587} INFO - Filling up the DagBag from /home/airflow/.local/lib/python3.12/site-packages/airflow/example_dags/example_local_kubernetes_executor.py
[2025-04-30T00:36:30.829+0000] {processor.py:925} INFO - DAG(s) 'example_local_kubernetes_executor' retrieved from /home/airflow/.local/lib/python3.12/site-packages/airflow/example_dags/example_local_kubernetes_executor.py
[2025-04-30T00:36:30.896+0000] {logging_mixin.py:190} INFO - [2025-04-30T00:36:30.896+0000] {dag.py:3211} INFO - Sync 1 DAGs
[2025-04-30T00:36:30.931+0000] {logging_mixin.py:190} INFO - [2025-04-30T00:36:30.931+0000] {dag.py:4138} INFO - Setting next_dagrun for example_local_kubernetes_executor to None, run_after=None
[2025-04-30T00:36:30.968+0000] {processor.py:208} INFO - Processing /home/airflow/.local/lib/python3.12/site-packages/airflow/example_dags/example_local_kubernetes_executor.py took 0.172 seconds
[2025-04-30T00:37:01.303+0000] {processor.py:186} INFO - Started process (PID=864) to work on /home/airflow/.local/lib/python3.12/site-packages/airflow/example_dags/example_local_kubernetes_executor.py
[2025-04-30T00:37:01.305+0000] {processor.py:914} INFO - Processing file /home/airflow/.local/lib/python3.12/site-packages/airflow/example_dags/example_local_kubernetes_executor.py for tasks to queue
[2025-04-30T00:37:01.310+0000] {logging_mixin.py:190} INFO - [2025-04-30T00:37:01.309+0000] {dagbag.py:587} INFO - Filling up the DagBag from /home/airflow/.local/lib/python3.12/site-packages/airflow/example_dags/example_local_kubernetes_executor.py
[2025-04-30T00:37:01.328+0000] {processor.py:925} INFO - DAG(s) 'example_local_kubernetes_executor' retrieved from /home/airflow/.local/lib/python3.12/site-packages/airflow/example_dags/example_local_kubernetes_executor.py
[2025-04-30T00:37:01.395+0000] {logging_mixin.py:190} INFO - [2025-04-30T00:37:01.395+0000] {dag.py:3211} INFO - Sync 1 DAGs
[2025-04-30T00:37:01.424+0000] {logging_mixin.py:190} INFO - [2025-04-30T00:37:01.424+0000] {dag.py:4138} INFO - Setting next_dagrun for example_local_kubernetes_executor to None, run_after=None
[2025-04-30T00:37:01.461+0000] {processor.py:208} INFO - Processing /home/airflow/.local/lib/python3.12/site-packages/airflow/example_dags/example_local_kubernetes_executor.py took 0.173 seconds
[2025-04-30T00:37:32.639+0000] {processor.py:186} INFO - Started process (PID=927) to work on /home/airflow/.local/lib/python3.12/site-packages/airflow/example_dags/example_local_kubernetes_executor.py
[2025-04-30T00:37:32.641+0000] {processor.py:914} INFO - Processing file /home/airflow/.local/lib/python3.12/site-packages/airflow/example_dags/example_local_kubernetes_executor.py for tasks to queue
[2025-04-30T00:37:32.647+0000] {logging_mixin.py:190} INFO - [2025-04-30T00:37:32.646+0000] {dagbag.py:587} INFO - Filling up the DagBag from /home/airflow/.local/lib/python3.12/site-packages/airflow/example_dags/example_local_kubernetes_executor.py
[2025-04-30T00:37:32.668+0000] {processor.py:925} INFO - DAG(s) 'example_local_kubernetes_executor' retrieved from /home/airflow/.local/lib/python3.12/site-packages/airflow/example_dags/example_local_kubernetes_executor.py
[2025-04-30T00:37:32.752+0000] {logging_mixin.py:190} INFO - [2025-04-30T00:37:32.752+0000] {dag.py:3211} INFO - Sync 1 DAGs
[2025-04-30T00:37:32.788+0000] {logging_mixin.py:190} INFO - [2025-04-30T00:37:32.787+0000] {dag.py:4138} INFO - Setting next_dagrun for example_local_kubernetes_executor to None, run_after=None
[2025-04-30T00:37:32.865+0000] {processor.py:208} INFO - Processing /home/airflow/.local/lib/python3.12/site-packages/airflow/example_dags/example_local_kubernetes_executor.py took 0.239 seconds
[2025-04-30T00:38:03.606+0000] {processor.py:186} INFO - Started process (PID=990) to work on /home/airflow/.local/lib/python3.12/site-packages/airflow/example_dags/example_local_kubernetes_executor.py
[2025-04-30T00:38:03.608+0000] {processor.py:914} INFO - Processing file /home/airflow/.local/lib/python3.12/site-packages/airflow/example_dags/example_local_kubernetes_executor.py for tasks to queue
[2025-04-30T00:38:03.615+0000] {logging_mixin.py:190} INFO - [2025-04-30T00:38:03.614+0000] {dagbag.py:587} INFO - Filling up the DagBag from /home/airflow/.local/lib/python3.12/site-packages/airflow/example_dags/example_local_kubernetes_executor.py
[2025-04-30T00:38:03.635+0000] {processor.py:925} INFO - DAG(s) 'example_local_kubernetes_executor' retrieved from /home/airflow/.local/lib/python3.12/site-packages/airflow/example_dags/example_local_kubernetes_executor.py
[2025-04-30T00:38:03.714+0000] {logging_mixin.py:190} INFO - [2025-04-30T00:38:03.713+0000] {dag.py:3211} INFO - Sync 1 DAGs
[2025-04-30T00:38:03.755+0000] {logging_mixin.py:190} INFO - [2025-04-30T00:38:03.755+0000] {dag.py:4138} INFO - Setting next_dagrun for example_local_kubernetes_executor to None, run_after=None
[2025-04-30T00:38:03.796+0000] {processor.py:208} INFO - Processing /home/airflow/.local/lib/python3.12/site-packages/airflow/example_dags/example_local_kubernetes_executor.py took 0.201 seconds
[2025-04-30T00:38:34.521+0000] {processor.py:186} INFO - Started process (PID=1055) to work on /home/airflow/.local/lib/python3.12/site-packages/airflow/example_dags/example_local_kubernetes_executor.py
[2025-04-30T00:38:34.523+0000] {processor.py:914} INFO - Processing file /home/airflow/.local/lib/python3.12/site-packages/airflow/example_dags/example_local_kubernetes_executor.py for tasks to queue
[2025-04-30T00:38:34.529+0000] {logging_mixin.py:190} INFO - [2025-04-30T00:38:34.529+0000] {dagbag.py:587} INFO - Filling up the DagBag from /home/airflow/.local/lib/python3.12/site-packages/airflow/example_dags/example_local_kubernetes_executor.py
[2025-04-30T00:38:34.555+0000] {processor.py:925} INFO - DAG(s) 'example_local_kubernetes_executor' retrieved from /home/airflow/.local/lib/python3.12/site-packages/airflow/example_dags/example_local_kubernetes_executor.py
[2025-04-30T00:38:34.631+0000] {logging_mixin.py:190} INFO - [2025-04-30T00:38:34.630+0000] {dag.py:3211} INFO - Sync 1 DAGs
[2025-04-30T00:38:34.666+0000] {logging_mixin.py:190} INFO - [2025-04-30T00:38:34.665+0000] {dag.py:4138} INFO - Setting next_dagrun for example_local_kubernetes_executor to None, run_after=None
[2025-04-30T00:38:34.716+0000] {processor.py:208} INFO - Processing /home/airflow/.local/lib/python3.12/site-packages/airflow/example_dags/example_local_kubernetes_executor.py took 0.209 seconds
[2025-04-30T00:39:05.721+0000] {processor.py:186} INFO - Started process (PID=1124) to work on /home/airflow/.local/lib/python3.12/site-packages/airflow/example_dags/example_local_kubernetes_executor.py
[2025-04-30T00:39:05.723+0000] {processor.py:914} INFO - Processing file /home/airflow/.local/lib/python3.12/site-packages/airflow/example_dags/example_local_kubernetes_executor.py for tasks to queue
[2025-04-30T00:39:05.729+0000] {logging_mixin.py:190} INFO - [2025-04-30T00:39:05.728+0000] {dagbag.py:587} INFO - Filling up the DagBag from /home/airflow/.local/lib/python3.12/site-packages/airflow/example_dags/example_local_kubernetes_executor.py
[2025-04-30T00:39:05.750+0000] {processor.py:925} INFO - DAG(s) 'example_local_kubernetes_executor' retrieved from /home/airflow/.local/lib/python3.12/site-packages/airflow/example_dags/example_local_kubernetes_executor.py
[2025-04-30T00:39:05.821+0000] {logging_mixin.py:190} INFO - [2025-04-30T00:39:05.821+0000] {dag.py:3211} INFO - Sync 1 DAGs
[2025-04-30T00:39:05.850+0000] {logging_mixin.py:190} INFO - [2025-04-30T00:39:05.850+0000] {dag.py:4138} INFO - Setting next_dagrun for example_local_kubernetes_executor to None, run_after=None
[2025-04-30T00:39:05.898+0000] {processor.py:208} INFO - Processing /home/airflow/.local/lib/python3.12/site-packages/airflow/example_dags/example_local_kubernetes_executor.py took 0.190 seconds
[2025-04-30T00:39:36.641+0000] {processor.py:186} INFO - Started process (PID=1186) to work on /home/airflow/.local/lib/python3.12/site-packages/airflow/example_dags/example_local_kubernetes_executor.py
[2025-04-30T00:39:36.643+0000] {processor.py:914} INFO - Processing file /home/airflow/.local/lib/python3.12/site-packages/airflow/example_dags/example_local_kubernetes_executor.py for tasks to queue
[2025-04-30T00:39:36.648+0000] {logging_mixin.py:190} INFO - [2025-04-30T00:39:36.647+0000] {dagbag.py:587} INFO - Filling up the DagBag from /home/airflow/.local/lib/python3.12/site-packages/airflow/example_dags/example_local_kubernetes_executor.py
[2025-04-30T00:39:36.666+0000] {processor.py:925} INFO - DAG(s) 'example_local_kubernetes_executor' retrieved from /home/airflow/.local/lib/python3.12/site-packages/airflow/example_dags/example_local_kubernetes_executor.py
[2025-04-30T00:39:36.735+0000] {logging_mixin.py:190} INFO - [2025-04-30T00:39:36.734+0000] {dag.py:3211} INFO - Sync 1 DAGs
[2025-04-30T00:39:36.765+0000] {logging_mixin.py:190} INFO - [2025-04-30T00:39:36.765+0000] {dag.py:4138} INFO - Setting next_dagrun for example_local_kubernetes_executor to None, run_after=None
[2025-04-30T00:39:36.807+0000] {processor.py:208} INFO - Processing /home/airflow/.local/lib/python3.12/site-packages/airflow/example_dags/example_local_kubernetes_executor.py took 0.178 seconds
[2025-04-30T00:40:07.572+0000] {processor.py:186} INFO - Started process (PID=1249) to work on /home/airflow/.local/lib/python3.12/site-packages/airflow/example_dags/example_local_kubernetes_executor.py
[2025-04-30T00:40:07.575+0000] {processor.py:914} INFO - Processing file /home/airflow/.local/lib/python3.12/site-packages/airflow/example_dags/example_local_kubernetes_executor.py for tasks to queue
[2025-04-30T00:40:07.581+0000] {logging_mixin.py:190} INFO - [2025-04-30T00:40:07.580+0000] {dagbag.py:587} INFO - Filling up the DagBag from /home/airflow/.local/lib/python3.12/site-packages/airflow/example_dags/example_local_kubernetes_executor.py
[2025-04-30T00:40:07.606+0000] {processor.py:925} INFO - DAG(s) 'example_local_kubernetes_executor' retrieved from /home/airflow/.local/lib/python3.12/site-packages/airflow/example_dags/example_local_kubernetes_executor.py
[2025-04-30T00:40:07.693+0000] {logging_mixin.py:190} INFO - [2025-04-30T00:40:07.692+0000] {dag.py:3211} INFO - Sync 1 DAGs
[2025-04-30T00:40:07.733+0000] {logging_mixin.py:190} INFO - [2025-04-30T00:40:07.733+0000] {dag.py:4138} INFO - Setting next_dagrun for example_local_kubernetes_executor to None, run_after=None
[2025-04-30T00:40:07.774+0000] {processor.py:208} INFO - Processing /home/airflow/.local/lib/python3.12/site-packages/airflow/example_dags/example_local_kubernetes_executor.py took 0.218 seconds
[2025-04-30T00:40:38.256+0000] {processor.py:186} INFO - Started process (PID=1312) to work on /home/airflow/.local/lib/python3.12/site-packages/airflow/example_dags/example_local_kubernetes_executor.py
[2025-04-30T00:40:38.258+0000] {processor.py:914} INFO - Processing file /home/airflow/.local/lib/python3.12/site-packages/airflow/example_dags/example_local_kubernetes_executor.py for tasks to queue
[2025-04-30T00:40:38.262+0000] {logging_mixin.py:190} INFO - [2025-04-30T00:40:38.262+0000] {dagbag.py:587} INFO - Filling up the DagBag from /home/airflow/.local/lib/python3.12/site-packages/airflow/example_dags/example_local_kubernetes_executor.py
[2025-04-30T00:40:38.281+0000] {processor.py:925} INFO - DAG(s) 'example_local_kubernetes_executor' retrieved from /home/airflow/.local/lib/python3.12/site-packages/airflow/example_dags/example_local_kubernetes_executor.py
[2025-04-30T00:40:38.348+0000] {logging_mixin.py:190} INFO - [2025-04-30T00:40:38.348+0000] {dag.py:3211} INFO - Sync 1 DAGs
[2025-04-30T00:40:38.378+0000] {logging_mixin.py:190} INFO - [2025-04-30T00:40:38.378+0000] {dag.py:4138} INFO - Setting next_dagrun for example_local_kubernetes_executor to None, run_after=None
[2025-04-30T00:40:38.416+0000] {processor.py:208} INFO - Processing /home/airflow/.local/lib/python3.12/site-packages/airflow/example_dags/example_local_kubernetes_executor.py took 0.172 seconds
[2025-04-30T00:41:08.943+0000] {processor.py:186} INFO - Started process (PID=1375) to work on /home/airflow/.local/lib/python3.12/site-packages/airflow/example_dags/example_local_kubernetes_executor.py
[2025-04-30T00:41:08.945+0000] {processor.py:914} INFO - Processing file /home/airflow/.local/lib/python3.12/site-packages/airflow/example_dags/example_local_kubernetes_executor.py for tasks to queue
[2025-04-30T00:41:08.951+0000] {logging_mixin.py:190} INFO - [2025-04-30T00:41:08.950+0000] {dagbag.py:587} INFO - Filling up the DagBag from /home/airflow/.local/lib/python3.12/site-packages/airflow/example_dags/example_local_kubernetes_executor.py
[2025-04-30T00:41:08.975+0000] {processor.py:925} INFO - DAG(s) 'example_local_kubernetes_executor' retrieved from /home/airflow/.local/lib/python3.12/site-packages/airflow/example_dags/example_local_kubernetes_executor.py
[2025-04-30T00:41:09.072+0000] {logging_mixin.py:190} INFO - [2025-04-30T00:41:09.071+0000] {dag.py:3211} INFO - Sync 1 DAGs
[2025-04-30T00:41:09.112+0000] {logging_mixin.py:190} INFO - [2025-04-30T00:41:09.111+0000] {dag.py:4138} INFO - Setting next_dagrun for example_local_kubernetes_executor to None, run_after=None
[2025-04-30T00:41:09.157+0000] {processor.py:208} INFO - Processing /home/airflow/.local/lib/python3.12/site-packages/airflow/example_dags/example_local_kubernetes_executor.py took 0.228 seconds
[2025-04-30T00:41:39.800+0000] {processor.py:186} INFO - Started process (PID=1438) to work on /home/airflow/.local/lib/python3.12/site-packages/airflow/example_dags/example_local_kubernetes_executor.py
[2025-04-30T00:41:39.802+0000] {processor.py:914} INFO - Processing file /home/airflow/.local/lib/python3.12/site-packages/airflow/example_dags/example_local_kubernetes_executor.py for tasks to queue
[2025-04-30T00:41:39.809+0000] {logging_mixin.py:190} INFO - [2025-04-30T00:41:39.808+0000] {dagbag.py:587} INFO - Filling up the DagBag from /home/airflow/.local/lib/python3.12/site-packages/airflow/example_dags/example_local_kubernetes_executor.py
[2025-04-30T00:41:39.831+0000] {processor.py:925} INFO - DAG(s) 'example_local_kubernetes_executor' retrieved from /home/airflow/.local/lib/python3.12/site-packages/airflow/example_dags/example_local_kubernetes_executor.py
[2025-04-30T00:41:39.902+0000] {logging_mixin.py:190} INFO - [2025-04-30T00:41:39.901+0000] {dag.py:3211} INFO - Sync 1 DAGs
[2025-04-30T00:41:39.938+0000] {logging_mixin.py:190} INFO - [2025-04-30T00:41:39.937+0000] {dag.py:4138} INFO - Setting next_dagrun for example_local_kubernetes_executor to None, run_after=None
[2025-04-30T00:41:39.985+0000] {processor.py:208} INFO - Processing /home/airflow/.local/lib/python3.12/site-packages/airflow/example_dags/example_local_kubernetes_executor.py took 0.198 seconds
[2025-04-30T00:42:10.212+0000] {processor.py:186} INFO - Started process (PID=1505) to work on /home/airflow/.local/lib/python3.12/site-packages/airflow/example_dags/example_local_kubernetes_executor.py
[2025-04-30T00:42:10.215+0000] {processor.py:914} INFO - Processing file /home/airflow/.local/lib/python3.12/site-packages/airflow/example_dags/example_local_kubernetes_executor.py for tasks to queue
[2025-04-30T00:42:10.218+0000] {logging_mixin.py:190} INFO - [2025-04-30T00:42:10.217+0000] {dagbag.py:587} INFO - Filling up the DagBag from /home/airflow/.local/lib/python3.12/site-packages/airflow/example_dags/example_local_kubernetes_executor.py
[2025-04-30T00:42:10.237+0000] {processor.py:925} INFO - DAG(s) 'example_local_kubernetes_executor' retrieved from /home/airflow/.local/lib/python3.12/site-packages/airflow/example_dags/example_local_kubernetes_executor.py
[2025-04-30T00:42:10.317+0000] {logging_mixin.py:190} INFO - [2025-04-30T00:42:10.316+0000] {dag.py:3211} INFO - Sync 1 DAGs
[2025-04-30T00:42:10.347+0000] {logging_mixin.py:190} INFO - [2025-04-30T00:42:10.347+0000] {dag.py:4138} INFO - Setting next_dagrun for example_local_kubernetes_executor to None, run_after=None
[2025-04-30T00:42:10.389+0000] {processor.py:208} INFO - Processing /home/airflow/.local/lib/python3.12/site-packages/airflow/example_dags/example_local_kubernetes_executor.py took 0.193 seconds
[2025-04-30T00:42:40.609+0000] {processor.py:186} INFO - Started process (PID=1568) to work on /home/airflow/.local/lib/python3.12/site-packages/airflow/example_dags/example_local_kubernetes_executor.py
[2025-04-30T00:42:40.611+0000] {processor.py:914} INFO - Processing file /home/airflow/.local/lib/python3.12/site-packages/airflow/example_dags/example_local_kubernetes_executor.py for tasks to queue
[2025-04-30T00:42:40.615+0000] {logging_mixin.py:190} INFO - [2025-04-30T00:42:40.613+0000] {dagbag.py:587} INFO - Filling up the DagBag from /home/airflow/.local/lib/python3.12/site-packages/airflow/example_dags/example_local_kubernetes_executor.py
[2025-04-30T00:42:40.636+0000] {processor.py:925} INFO - DAG(s) 'example_local_kubernetes_executor' retrieved from /home/airflow/.local/lib/python3.12/site-packages/airflow/example_dags/example_local_kubernetes_executor.py
[2025-04-30T00:42:40.714+0000] {logging_mixin.py:190} INFO - [2025-04-30T00:42:40.714+0000] {dag.py:3211} INFO - Sync 1 DAGs
[2025-04-30T00:42:40.744+0000] {logging_mixin.py:190} INFO - [2025-04-30T00:42:40.743+0000] {dag.py:4138} INFO - Setting next_dagrun for example_local_kubernetes_executor to None, run_after=None
[2025-04-30T00:42:40.794+0000] {processor.py:208} INFO - Processing /home/airflow/.local/lib/python3.12/site-packages/airflow/example_dags/example_local_kubernetes_executor.py took 0.198 seconds
[2025-04-30T00:43:11.095+0000] {processor.py:186} INFO - Started process (PID=1630) to work on /home/airflow/.local/lib/python3.12/site-packages/airflow/example_dags/example_local_kubernetes_executor.py
[2025-04-30T00:43:11.097+0000] {processor.py:914} INFO - Processing file /home/airflow/.local/lib/python3.12/site-packages/airflow/example_dags/example_local_kubernetes_executor.py for tasks to queue
[2025-04-30T00:43:11.101+0000] {logging_mixin.py:190} INFO - [2025-04-30T00:43:11.100+0000] {dagbag.py:587} INFO - Filling up the DagBag from /home/airflow/.local/lib/python3.12/site-packages/airflow/example_dags/example_local_kubernetes_executor.py
[2025-04-30T00:43:11.122+0000] {processor.py:925} INFO - DAG(s) 'example_local_kubernetes_executor' retrieved from /home/airflow/.local/lib/python3.12/site-packages/airflow/example_dags/example_local_kubernetes_executor.py
[2025-04-30T00:43:11.208+0000] {logging_mixin.py:190} INFO - [2025-04-30T00:43:11.207+0000] {dag.py:3211} INFO - Sync 1 DAGs
[2025-04-30T00:43:11.242+0000] {logging_mixin.py:190} INFO - [2025-04-30T00:43:11.241+0000] {dag.py:4138} INFO - Setting next_dagrun for example_local_kubernetes_executor to None, run_after=None
[2025-04-30T00:43:11.287+0000] {processor.py:208} INFO - Processing /home/airflow/.local/lib/python3.12/site-packages/airflow/example_dags/example_local_kubernetes_executor.py took 0.204 seconds
[2025-04-30T00:43:43.065+0000] {processor.py:186} INFO - Started process (PID=1694) to work on /home/airflow/.local/lib/python3.12/site-packages/airflow/example_dags/example_local_kubernetes_executor.py
[2025-04-30T00:43:43.070+0000] {processor.py:914} INFO - Processing file /home/airflow/.local/lib/python3.12/site-packages/airflow/example_dags/example_local_kubernetes_executor.py for tasks to queue
[2025-04-30T00:43:43.075+0000] {logging_mixin.py:190} INFO - [2025-04-30T00:43:43.073+0000] {dagbag.py:587} INFO - Filling up the DagBag from /home/airflow/.local/lib/python3.12/site-packages/airflow/example_dags/example_local_kubernetes_executor.py
[2025-04-30T00:43:43.104+0000] {processor.py:925} INFO - DAG(s) 'example_local_kubernetes_executor' retrieved from /home/airflow/.local/lib/python3.12/site-packages/airflow/example_dags/example_local_kubernetes_executor.py
[2025-04-30T00:43:43.180+0000] {logging_mixin.py:190} INFO - [2025-04-30T00:43:43.180+0000] {dag.py:3211} INFO - Sync 1 DAGs
[2025-04-30T00:43:43.215+0000] {logging_mixin.py:190} INFO - [2025-04-30T00:43:43.214+0000] {dag.py:4138} INFO - Setting next_dagrun for example_local_kubernetes_executor to None, run_after=None
[2025-04-30T00:43:43.263+0000] {processor.py:208} INFO - Processing /home/airflow/.local/lib/python3.12/site-packages/airflow/example_dags/example_local_kubernetes_executor.py took 0.233 seconds
[2025-04-30T00:44:13.995+0000] {processor.py:186} INFO - Started process (PID=1757) to work on /home/airflow/.local/lib/python3.12/site-packages/airflow/example_dags/example_local_kubernetes_executor.py
[2025-04-30T00:44:13.996+0000] {processor.py:914} INFO - Processing file /home/airflow/.local/lib/python3.12/site-packages/airflow/example_dags/example_local_kubernetes_executor.py for tasks to queue
[2025-04-30T00:44:13.998+0000] {logging_mixin.py:190} INFO - [2025-04-30T00:44:13.998+0000] {dagbag.py:587} INFO - Filling up the DagBag from /home/airflow/.local/lib/python3.12/site-packages/airflow/example_dags/example_local_kubernetes_executor.py
[2025-04-30T00:44:14.009+0000] {processor.py:925} INFO - DAG(s) 'example_local_kubernetes_executor' retrieved from /home/airflow/.local/lib/python3.12/site-packages/airflow/example_dags/example_local_kubernetes_executor.py
[2025-04-30T00:44:14.050+0000] {logging_mixin.py:190} INFO - [2025-04-30T00:44:14.050+0000] {dag.py:3211} INFO - Sync 1 DAGs
[2025-04-30T00:44:14.069+0000] {logging_mixin.py:190} INFO - [2025-04-30T00:44:14.069+0000] {dag.py:4138} INFO - Setting next_dagrun for example_local_kubernetes_executor to None, run_after=None
[2025-04-30T00:44:14.098+0000] {processor.py:208} INFO - Processing /home/airflow/.local/lib/python3.12/site-packages/airflow/example_dags/example_local_kubernetes_executor.py took 0.110 seconds
[2025-04-30T00:44:44.872+0000] {processor.py:186} INFO - Started process (PID=1820) to work on /home/airflow/.local/lib/python3.12/site-packages/airflow/example_dags/example_local_kubernetes_executor.py
[2025-04-30T00:44:44.874+0000] {processor.py:914} INFO - Processing file /home/airflow/.local/lib/python3.12/site-packages/airflow/example_dags/example_local_kubernetes_executor.py for tasks to queue
[2025-04-30T00:44:44.876+0000] {logging_mixin.py:190} INFO - [2025-04-30T00:44:44.875+0000] {dagbag.py:587} INFO - Filling up the DagBag from /home/airflow/.local/lib/python3.12/site-packages/airflow/example_dags/example_local_kubernetes_executor.py
[2025-04-30T00:44:44.890+0000] {processor.py:925} INFO - DAG(s) 'example_local_kubernetes_executor' retrieved from /home/airflow/.local/lib/python3.12/site-packages/airflow/example_dags/example_local_kubernetes_executor.py
[2025-04-30T00:44:44.944+0000] {logging_mixin.py:190} INFO - [2025-04-30T00:44:44.944+0000] {dag.py:3211} INFO - Sync 1 DAGs
[2025-04-30T00:44:44.969+0000] {logging_mixin.py:190} INFO - [2025-04-30T00:44:44.969+0000] {dag.py:4138} INFO - Setting next_dagrun for example_local_kubernetes_executor to None, run_after=None
[2025-04-30T00:44:44.997+0000] {processor.py:208} INFO - Processing /home/airflow/.local/lib/python3.12/site-packages/airflow/example_dags/example_local_kubernetes_executor.py took 0.133 seconds
[2025-04-30T00:45:15.311+0000] {processor.py:186} INFO - Started process (PID=1883) to work on /home/airflow/.local/lib/python3.12/site-packages/airflow/example_dags/example_local_kubernetes_executor.py
[2025-04-30T00:45:15.313+0000] {processor.py:914} INFO - Processing file /home/airflow/.local/lib/python3.12/site-packages/airflow/example_dags/example_local_kubernetes_executor.py for tasks to queue
[2025-04-30T00:45:15.315+0000] {logging_mixin.py:190} INFO - [2025-04-30T00:45:15.315+0000] {dagbag.py:587} INFO - Filling up the DagBag from /home/airflow/.local/lib/python3.12/site-packages/airflow/example_dags/example_local_kubernetes_executor.py
[2025-04-30T00:45:15.326+0000] {processor.py:925} INFO - DAG(s) 'example_local_kubernetes_executor' retrieved from /home/airflow/.local/lib/python3.12/site-packages/airflow/example_dags/example_local_kubernetes_executor.py
[2025-04-30T00:45:15.370+0000] {logging_mixin.py:190} INFO - [2025-04-30T00:45:15.370+0000] {dag.py:3211} INFO - Sync 1 DAGs
[2025-04-30T00:45:15.387+0000] {logging_mixin.py:190} INFO - [2025-04-30T00:45:15.387+0000] {dag.py:4138} INFO - Setting next_dagrun for example_local_kubernetes_executor to None, run_after=None
[2025-04-30T00:45:15.408+0000] {processor.py:208} INFO - Processing /home/airflow/.local/lib/python3.12/site-packages/airflow/example_dags/example_local_kubernetes_executor.py took 0.105 seconds
[2025-04-30T00:45:45.998+0000] {processor.py:186} INFO - Started process (PID=1946) to work on /home/airflow/.local/lib/python3.12/site-packages/airflow/example_dags/example_local_kubernetes_executor.py
[2025-04-30T00:45:46.000+0000] {processor.py:914} INFO - Processing file /home/airflow/.local/lib/python3.12/site-packages/airflow/example_dags/example_local_kubernetes_executor.py for tasks to queue
[2025-04-30T00:45:46.003+0000] {logging_mixin.py:190} INFO - [2025-04-30T00:45:46.002+0000] {dagbag.py:587} INFO - Filling up the DagBag from /home/airflow/.local/lib/python3.12/site-packages/airflow/example_dags/example_local_kubernetes_executor.py
[2025-04-30T00:45:46.019+0000] {processor.py:925} INFO - DAG(s) 'example_local_kubernetes_executor' retrieved from /home/airflow/.local/lib/python3.12/site-packages/airflow/example_dags/example_local_kubernetes_executor.py
[2025-04-30T00:45:46.075+0000] {logging_mixin.py:190} INFO - [2025-04-30T00:45:46.074+0000] {dag.py:3211} INFO - Sync 1 DAGs
[2025-04-30T00:45:46.098+0000] {logging_mixin.py:190} INFO - [2025-04-30T00:45:46.098+0000] {dag.py:4138} INFO - Setting next_dagrun for example_local_kubernetes_executor to None, run_after=None
[2025-04-30T00:45:46.130+0000] {processor.py:208} INFO - Processing /home/airflow/.local/lib/python3.12/site-packages/airflow/example_dags/example_local_kubernetes_executor.py took 0.142 seconds
[2025-04-30T00:46:16.640+0000] {processor.py:186} INFO - Started process (PID=2009) to work on /home/airflow/.local/lib/python3.12/site-packages/airflow/example_dags/example_local_kubernetes_executor.py
[2025-04-30T00:46:16.641+0000] {processor.py:914} INFO - Processing file /home/airflow/.local/lib/python3.12/site-packages/airflow/example_dags/example_local_kubernetes_executor.py for tasks to queue
[2025-04-30T00:46:16.643+0000] {logging_mixin.py:190} INFO - [2025-04-30T00:46:16.642+0000] {dagbag.py:587} INFO - Filling up the DagBag from /home/airflow/.local/lib/python3.12/site-packages/airflow/example_dags/example_local_kubernetes_executor.py
[2025-04-30T00:46:16.653+0000] {processor.py:925} INFO - DAG(s) 'example_local_kubernetes_executor' retrieved from /home/airflow/.local/lib/python3.12/site-packages/airflow/example_dags/example_local_kubernetes_executor.py
[2025-04-30T00:46:16.694+0000] {logging_mixin.py:190} INFO - [2025-04-30T00:46:16.694+0000] {dag.py:3211} INFO - Sync 1 DAGs
[2025-04-30T00:46:16.709+0000] {logging_mixin.py:190} INFO - [2025-04-30T00:46:16.709+0000] {dag.py:4138} INFO - Setting next_dagrun for example_local_kubernetes_executor to None, run_after=None
[2025-04-30T00:46:16.731+0000] {processor.py:208} INFO - Processing /home/airflow/.local/lib/python3.12/site-packages/airflow/example_dags/example_local_kubernetes_executor.py took 0.098 seconds
[2025-04-30T00:46:46.970+0000] {processor.py:186} INFO - Started process (PID=2077) to work on /home/airflow/.local/lib/python3.12/site-packages/airflow/example_dags/example_local_kubernetes_executor.py
[2025-04-30T00:46:46.972+0000] {processor.py:914} INFO - Processing file /home/airflow/.local/lib/python3.12/site-packages/airflow/example_dags/example_local_kubernetes_executor.py for tasks to queue
[2025-04-30T00:46:46.973+0000] {logging_mixin.py:190} INFO - [2025-04-30T00:46:46.973+0000] {dagbag.py:587} INFO - Filling up the DagBag from /home/airflow/.local/lib/python3.12/site-packages/airflow/example_dags/example_local_kubernetes_executor.py
[2025-04-30T00:46:46.984+0000] {processor.py:925} INFO - DAG(s) 'example_local_kubernetes_executor' retrieved from /home/airflow/.local/lib/python3.12/site-packages/airflow/example_dags/example_local_kubernetes_executor.py
[2025-04-30T00:46:47.024+0000] {logging_mixin.py:190} INFO - [2025-04-30T00:46:47.023+0000] {dag.py:3211} INFO - Sync 1 DAGs
[2025-04-30T00:46:47.039+0000] {logging_mixin.py:190} INFO - [2025-04-30T00:46:47.039+0000] {dag.py:4138} INFO - Setting next_dagrun for example_local_kubernetes_executor to None, run_after=None
[2025-04-30T00:46:47.060+0000] {processor.py:208} INFO - Processing /home/airflow/.local/lib/python3.12/site-packages/airflow/example_dags/example_local_kubernetes_executor.py took 0.096 seconds
[2025-04-30T00:47:18.096+0000] {processor.py:186} INFO - Started process (PID=2141) to work on /home/airflow/.local/lib/python3.12/site-packages/airflow/example_dags/example_local_kubernetes_executor.py
[2025-04-30T00:47:18.097+0000] {processor.py:914} INFO - Processing file /home/airflow/.local/lib/python3.12/site-packages/airflow/example_dags/example_local_kubernetes_executor.py for tasks to queue
[2025-04-30T00:47:18.099+0000] {logging_mixin.py:190} INFO - [2025-04-30T00:47:18.098+0000] {dagbag.py:587} INFO - Filling up the DagBag from /home/airflow/.local/lib/python3.12/site-packages/airflow/example_dags/example_local_kubernetes_executor.py
[2025-04-30T00:47:18.111+0000] {processor.py:925} INFO - DAG(s) 'example_local_kubernetes_executor' retrieved from /home/airflow/.local/lib/python3.12/site-packages/airflow/example_dags/example_local_kubernetes_executor.py
[2025-04-30T00:47:18.152+0000] {logging_mixin.py:190} INFO - [2025-04-30T00:47:18.152+0000] {dag.py:3211} INFO - Sync 1 DAGs
[2025-04-30T00:47:18.168+0000] {logging_mixin.py:190} INFO - [2025-04-30T00:47:18.168+0000] {dag.py:4138} INFO - Setting next_dagrun for example_local_kubernetes_executor to None, run_after=None
[2025-04-30T00:47:18.192+0000] {processor.py:208} INFO - Processing /home/airflow/.local/lib/python3.12/site-packages/airflow/example_dags/example_local_kubernetes_executor.py took 0.104 seconds
[2025-04-30T00:47:49.378+0000] {processor.py:186} INFO - Started process (PID=2204) to work on /home/airflow/.local/lib/python3.12/site-packages/airflow/example_dags/example_local_kubernetes_executor.py
[2025-04-30T00:47:49.379+0000] {processor.py:914} INFO - Processing file /home/airflow/.local/lib/python3.12/site-packages/airflow/example_dags/example_local_kubernetes_executor.py for tasks to queue
[2025-04-30T00:47:49.381+0000] {logging_mixin.py:190} INFO - [2025-04-30T00:47:49.380+0000] {dagbag.py:587} INFO - Filling up the DagBag from /home/airflow/.local/lib/python3.12/site-packages/airflow/example_dags/example_local_kubernetes_executor.py
[2025-04-30T00:47:49.392+0000] {processor.py:925} INFO - DAG(s) 'example_local_kubernetes_executor' retrieved from /home/airflow/.local/lib/python3.12/site-packages/airflow/example_dags/example_local_kubernetes_executor.py
[2025-04-30T00:47:49.432+0000] {logging_mixin.py:190} INFO - [2025-04-30T00:47:49.432+0000] {dag.py:3211} INFO - Sync 1 DAGs
[2025-04-30T00:47:49.450+0000] {logging_mixin.py:190} INFO - [2025-04-30T00:47:49.450+0000] {dag.py:4138} INFO - Setting next_dagrun for example_local_kubernetes_executor to None, run_after=None
[2025-04-30T00:47:49.477+0000] {processor.py:208} INFO - Processing /home/airflow/.local/lib/python3.12/site-packages/airflow/example_dags/example_local_kubernetes_executor.py took 0.106 seconds
[2025-04-30T00:48:20.009+0000] {processor.py:186} INFO - Started process (PID=2267) to work on /home/airflow/.local/lib/python3.12/site-packages/airflow/example_dags/example_local_kubernetes_executor.py
[2025-04-30T00:48:20.011+0000] {processor.py:914} INFO - Processing file /home/airflow/.local/lib/python3.12/site-packages/airflow/example_dags/example_local_kubernetes_executor.py for tasks to queue
[2025-04-30T00:48:20.015+0000] {logging_mixin.py:190} INFO - [2025-04-30T00:48:20.014+0000] {dagbag.py:587} INFO - Filling up the DagBag from /home/airflow/.local/lib/python3.12/site-packages/airflow/example_dags/example_local_kubernetes_executor.py
[2025-04-30T00:48:20.034+0000] {processor.py:925} INFO - DAG(s) 'example_local_kubernetes_executor' retrieved from /home/airflow/.local/lib/python3.12/site-packages/airflow/example_dags/example_local_kubernetes_executor.py
[2025-04-30T00:48:20.090+0000] {logging_mixin.py:190} INFO - [2025-04-30T00:48:20.089+0000] {dag.py:3211} INFO - Sync 1 DAGs
[2025-04-30T00:48:20.114+0000] {logging_mixin.py:190} INFO - [2025-04-30T00:48:20.114+0000] {dag.py:4138} INFO - Setting next_dagrun for example_local_kubernetes_executor to None, run_after=None
[2025-04-30T00:48:20.147+0000] {processor.py:208} INFO - Processing /home/airflow/.local/lib/python3.12/site-packages/airflow/example_dags/example_local_kubernetes_executor.py took 0.150 seconds
[2025-04-30T00:48:51.058+0000] {processor.py:186} INFO - Started process (PID=2330) to work on /home/airflow/.local/lib/python3.12/site-packages/airflow/example_dags/example_local_kubernetes_executor.py
[2025-04-30T00:48:51.060+0000] {processor.py:914} INFO - Processing file /home/airflow/.local/lib/python3.12/site-packages/airflow/example_dags/example_local_kubernetes_executor.py for tasks to queue
[2025-04-30T00:48:51.061+0000] {logging_mixin.py:190} INFO - [2025-04-30T00:48:51.061+0000] {dagbag.py:587} INFO - Filling up the DagBag from /home/airflow/.local/lib/python3.12/site-packages/airflow/example_dags/example_local_kubernetes_executor.py
[2025-04-30T00:48:51.072+0000] {processor.py:925} INFO - DAG(s) 'example_local_kubernetes_executor' retrieved from /home/airflow/.local/lib/python3.12/site-packages/airflow/example_dags/example_local_kubernetes_executor.py
[2025-04-30T00:48:51.111+0000] {logging_mixin.py:190} INFO - [2025-04-30T00:48:51.111+0000] {dag.py:3211} INFO - Sync 1 DAGs
[2025-04-30T00:48:51.127+0000] {logging_mixin.py:190} INFO - [2025-04-30T00:48:51.127+0000] {dag.py:4138} INFO - Setting next_dagrun for example_local_kubernetes_executor to None, run_after=None
[2025-04-30T00:48:51.150+0000] {processor.py:208} INFO - Processing /home/airflow/.local/lib/python3.12/site-packages/airflow/example_dags/example_local_kubernetes_executor.py took 0.097 seconds
[2025-04-30T00:49:21.886+0000] {processor.py:186} INFO - Started process (PID=2393) to work on /home/airflow/.local/lib/python3.12/site-packages/airflow/example_dags/example_local_kubernetes_executor.py
[2025-04-30T00:49:21.888+0000] {processor.py:914} INFO - Processing file /home/airflow/.local/lib/python3.12/site-packages/airflow/example_dags/example_local_kubernetes_executor.py for tasks to queue
[2025-04-30T00:49:21.889+0000] {logging_mixin.py:190} INFO - [2025-04-30T00:49:21.889+0000] {dagbag.py:587} INFO - Filling up the DagBag from /home/airflow/.local/lib/python3.12/site-packages/airflow/example_dags/example_local_kubernetes_executor.py
[2025-04-30T00:49:21.902+0000] {processor.py:925} INFO - DAG(s) 'example_local_kubernetes_executor' retrieved from /home/airflow/.local/lib/python3.12/site-packages/airflow/example_dags/example_local_kubernetes_executor.py
[2025-04-30T00:49:21.945+0000] {logging_mixin.py:190} INFO - [2025-04-30T00:49:21.945+0000] {dag.py:3211} INFO - Sync 1 DAGs
[2025-04-30T00:49:21.965+0000] {logging_mixin.py:190} INFO - [2025-04-30T00:49:21.965+0000] {dag.py:4138} INFO - Setting next_dagrun for example_local_kubernetes_executor to None, run_after=None
[2025-04-30T00:49:21.990+0000] {processor.py:208} INFO - Processing /home/airflow/.local/lib/python3.12/site-packages/airflow/example_dags/example_local_kubernetes_executor.py took 0.111 seconds
[2025-04-30T00:49:52.459+0000] {processor.py:186} INFO - Started process (PID=2456) to work on /home/airflow/.local/lib/python3.12/site-packages/airflow/example_dags/example_local_kubernetes_executor.py
[2025-04-30T00:49:52.460+0000] {processor.py:914} INFO - Processing file /home/airflow/.local/lib/python3.12/site-packages/airflow/example_dags/example_local_kubernetes_executor.py for tasks to queue
[2025-04-30T00:49:52.462+0000] {logging_mixin.py:190} INFO - [2025-04-30T00:49:52.462+0000] {dagbag.py:587} INFO - Filling up the DagBag from /home/airflow/.local/lib/python3.12/site-packages/airflow/example_dags/example_local_kubernetes_executor.py
[2025-04-30T00:49:52.476+0000] {processor.py:925} INFO - DAG(s) 'example_local_kubernetes_executor' retrieved from /home/airflow/.local/lib/python3.12/site-packages/airflow/example_dags/example_local_kubernetes_executor.py
[2025-04-30T00:49:52.519+0000] {logging_mixin.py:190} INFO - [2025-04-30T00:49:52.519+0000] {dag.py:3211} INFO - Sync 1 DAGs
[2025-04-30T00:49:52.540+0000] {logging_mixin.py:190} INFO - [2025-04-30T00:49:52.539+0000] {dag.py:4138} INFO - Setting next_dagrun for example_local_kubernetes_executor to None, run_after=None
[2025-04-30T00:49:52.569+0000] {processor.py:208} INFO - Processing /home/airflow/.local/lib/python3.12/site-packages/airflow/example_dags/example_local_kubernetes_executor.py took 0.117 seconds
[2025-04-30T00:50:22.815+0000] {processor.py:186} INFO - Started process (PID=2519) to work on /home/airflow/.local/lib/python3.12/site-packages/airflow/example_dags/example_local_kubernetes_executor.py
[2025-04-30T00:50:22.817+0000] {processor.py:914} INFO - Processing file /home/airflow/.local/lib/python3.12/site-packages/airflow/example_dags/example_local_kubernetes_executor.py for tasks to queue
[2025-04-30T00:50:22.818+0000] {logging_mixin.py:190} INFO - [2025-04-30T00:50:22.818+0000] {dagbag.py:587} INFO - Filling up the DagBag from /home/airflow/.local/lib/python3.12/site-packages/airflow/example_dags/example_local_kubernetes_executor.py
[2025-04-30T00:50:22.828+0000] {processor.py:925} INFO - DAG(s) 'example_local_kubernetes_executor' retrieved from /home/airflow/.local/lib/python3.12/site-packages/airflow/example_dags/example_local_kubernetes_executor.py
[2025-04-30T00:50:22.869+0000] {logging_mixin.py:190} INFO - [2025-04-30T00:50:22.868+0000] {dag.py:3211} INFO - Sync 1 DAGs
[2025-04-30T00:50:22.886+0000] {logging_mixin.py:190} INFO - [2025-04-30T00:50:22.886+0000] {dag.py:4138} INFO - Setting next_dagrun for example_local_kubernetes_executor to None, run_after=None
[2025-04-30T00:50:22.916+0000] {processor.py:208} INFO - Processing /home/airflow/.local/lib/python3.12/site-packages/airflow/example_dags/example_local_kubernetes_executor.py took 0.107 seconds
[2025-04-30T00:50:53.449+0000] {processor.py:186} INFO - Started process (PID=2582) to work on /home/airflow/.local/lib/python3.12/site-packages/airflow/example_dags/example_local_kubernetes_executor.py
[2025-04-30T00:50:53.451+0000] {processor.py:914} INFO - Processing file /home/airflow/.local/lib/python3.12/site-packages/airflow/example_dags/example_local_kubernetes_executor.py for tasks to queue
[2025-04-30T00:50:53.452+0000] {logging_mixin.py:190} INFO - [2025-04-30T00:50:53.452+0000] {dagbag.py:587} INFO - Filling up the DagBag from /home/airflow/.local/lib/python3.12/site-packages/airflow/example_dags/example_local_kubernetes_executor.py
[2025-04-30T00:50:53.463+0000] {processor.py:925} INFO - DAG(s) 'example_local_kubernetes_executor' retrieved from /home/airflow/.local/lib/python3.12/site-packages/airflow/example_dags/example_local_kubernetes_executor.py
[2025-04-30T00:50:53.503+0000] {logging_mixin.py:190} INFO - [2025-04-30T00:50:53.502+0000] {dag.py:3211} INFO - Sync 1 DAGs
[2025-04-30T00:50:53.520+0000] {logging_mixin.py:190} INFO - [2025-04-30T00:50:53.520+0000] {dag.py:4138} INFO - Setting next_dagrun for example_local_kubernetes_executor to None, run_after=None
[2025-04-30T00:50:53.544+0000] {processor.py:208} INFO - Processing /home/airflow/.local/lib/python3.12/site-packages/airflow/example_dags/example_local_kubernetes_executor.py took 0.102 seconds
[2025-04-30T00:51:23.938+0000] {processor.py:186} INFO - Started process (PID=2645) to work on /home/airflow/.local/lib/python3.12/site-packages/airflow/example_dags/example_local_kubernetes_executor.py
[2025-04-30T00:51:23.940+0000] {processor.py:914} INFO - Processing file /home/airflow/.local/lib/python3.12/site-packages/airflow/example_dags/example_local_kubernetes_executor.py for tasks to queue
[2025-04-30T00:51:23.942+0000] {logging_mixin.py:190} INFO - [2025-04-30T00:51:23.942+0000] {dagbag.py:587} INFO - Filling up the DagBag from /home/airflow/.local/lib/python3.12/site-packages/airflow/example_dags/example_local_kubernetes_executor.py
[2025-04-30T00:51:23.952+0000] {processor.py:925} INFO - DAG(s) 'example_local_kubernetes_executor' retrieved from /home/airflow/.local/lib/python3.12/site-packages/airflow/example_dags/example_local_kubernetes_executor.py
[2025-04-30T00:51:23.999+0000] {logging_mixin.py:190} INFO - [2025-04-30T00:51:23.999+0000] {dag.py:3211} INFO - Sync 1 DAGs
[2025-04-30T00:51:24.017+0000] {logging_mixin.py:190} INFO - [2025-04-30T00:51:24.017+0000] {dag.py:4138} INFO - Setting next_dagrun for example_local_kubernetes_executor to None, run_after=None
[2025-04-30T00:51:24.042+0000] {processor.py:208} INFO - Processing /home/airflow/.local/lib/python3.12/site-packages/airflow/example_dags/example_local_kubernetes_executor.py took 0.111 seconds
[2025-04-30T00:59:29.001+0000] {processor.py:186} INFO - Started process (PID=2708) to work on /home/airflow/.local/lib/python3.12/site-packages/airflow/example_dags/example_local_kubernetes_executor.py
[2025-04-30T00:59:29.007+0000] {processor.py:914} INFO - Processing file /home/airflow/.local/lib/python3.12/site-packages/airflow/example_dags/example_local_kubernetes_executor.py for tasks to queue
[2025-04-30T00:59:29.011+0000] {logging_mixin.py:190} INFO - [2025-04-30T00:59:29.011+0000] {dagbag.py:587} INFO - Filling up the DagBag from /home/airflow/.local/lib/python3.12/site-packages/airflow/example_dags/example_local_kubernetes_executor.py
[2025-04-30T00:59:29.037+0000] {processor.py:925} INFO - DAG(s) 'example_local_kubernetes_executor' retrieved from /home/airflow/.local/lib/python3.12/site-packages/airflow/example_dags/example_local_kubernetes_executor.py
[2025-04-30T00:59:29.159+0000] {logging_mixin.py:190} INFO - [2025-04-30T00:59:29.159+0000] {dag.py:3211} INFO - Sync 1 DAGs
[2025-04-30T00:59:29.215+0000] {logging_mixin.py:190} INFO - [2025-04-30T00:59:29.214+0000] {dag.py:4138} INFO - Setting next_dagrun for example_local_kubernetes_executor to None, run_after=None
[2025-04-30T00:59:29.260+0000] {processor.py:208} INFO - Processing /home/airflow/.local/lib/python3.12/site-packages/airflow/example_dags/example_local_kubernetes_executor.py took 0.271 seconds
[2025-04-30T01:00:00.088+0000] {processor.py:186} INFO - Started process (PID=2771) to work on /home/airflow/.local/lib/python3.12/site-packages/airflow/example_dags/example_local_kubernetes_executor.py
[2025-04-30T01:00:00.089+0000] {processor.py:914} INFO - Processing file /home/airflow/.local/lib/python3.12/site-packages/airflow/example_dags/example_local_kubernetes_executor.py for tasks to queue
[2025-04-30T01:00:00.091+0000] {logging_mixin.py:190} INFO - [2025-04-30T01:00:00.091+0000] {dagbag.py:587} INFO - Filling up the DagBag from /home/airflow/.local/lib/python3.12/site-packages/airflow/example_dags/example_local_kubernetes_executor.py
[2025-04-30T01:00:00.103+0000] {processor.py:925} INFO - DAG(s) 'example_local_kubernetes_executor' retrieved from /home/airflow/.local/lib/python3.12/site-packages/airflow/example_dags/example_local_kubernetes_executor.py
[2025-04-30T01:00:00.148+0000] {logging_mixin.py:190} INFO - [2025-04-30T01:00:00.148+0000] {dag.py:3211} INFO - Sync 1 DAGs
[2025-04-30T01:00:00.169+0000] {logging_mixin.py:190} INFO - [2025-04-30T01:00:00.168+0000] {dag.py:4138} INFO - Setting next_dagrun for example_local_kubernetes_executor to None, run_after=None
[2025-04-30T01:00:00.192+0000] {processor.py:208} INFO - Processing /home/airflow/.local/lib/python3.12/site-packages/airflow/example_dags/example_local_kubernetes_executor.py took 0.111 seconds
[2025-04-30T01:00:31.154+0000] {processor.py:186} INFO - Started process (PID=2837) to work on /home/airflow/.local/lib/python3.12/site-packages/airflow/example_dags/example_local_kubernetes_executor.py
[2025-04-30T01:00:31.155+0000] {processor.py:914} INFO - Processing file /home/airflow/.local/lib/python3.12/site-packages/airflow/example_dags/example_local_kubernetes_executor.py for tasks to queue
[2025-04-30T01:00:31.157+0000] {logging_mixin.py:190} INFO - [2025-04-30T01:00:31.157+0000] {dagbag.py:587} INFO - Filling up the DagBag from /home/airflow/.local/lib/python3.12/site-packages/airflow/example_dags/example_local_kubernetes_executor.py
[2025-04-30T01:00:31.169+0000] {processor.py:925} INFO - DAG(s) 'example_local_kubernetes_executor' retrieved from /home/airflow/.local/lib/python3.12/site-packages/airflow/example_dags/example_local_kubernetes_executor.py
[2025-04-30T01:00:31.224+0000] {logging_mixin.py:190} INFO - [2025-04-30T01:00:31.223+0000] {dag.py:3211} INFO - Sync 1 DAGs
[2025-04-30T01:00:31.247+0000] {logging_mixin.py:190} INFO - [2025-04-30T01:00:31.246+0000] {dag.py:4138} INFO - Setting next_dagrun for example_local_kubernetes_executor to None, run_after=None
[2025-04-30T01:00:31.277+0000] {processor.py:208} INFO - Processing /home/airflow/.local/lib/python3.12/site-packages/airflow/example_dags/example_local_kubernetes_executor.py took 0.131 seconds
[2025-04-30T01:01:03.329+0000] {processor.py:186} INFO - Started process (PID=2905) to work on /home/airflow/.local/lib/python3.12/site-packages/airflow/example_dags/example_local_kubernetes_executor.py
[2025-04-30T01:01:03.330+0000] {processor.py:914} INFO - Processing file /home/airflow/.local/lib/python3.12/site-packages/airflow/example_dags/example_local_kubernetes_executor.py for tasks to queue
[2025-04-30T01:01:03.332+0000] {logging_mixin.py:190} INFO - [2025-04-30T01:01:03.332+0000] {dagbag.py:587} INFO - Filling up the DagBag from /home/airflow/.local/lib/python3.12/site-packages/airflow/example_dags/example_local_kubernetes_executor.py
[2025-04-30T01:01:03.342+0000] {processor.py:925} INFO - DAG(s) 'example_local_kubernetes_executor' retrieved from /home/airflow/.local/lib/python3.12/site-packages/airflow/example_dags/example_local_kubernetes_executor.py
[2025-04-30T01:01:03.380+0000] {logging_mixin.py:190} INFO - [2025-04-30T01:01:03.379+0000] {dag.py:3211} INFO - Sync 1 DAGs
[2025-04-30T01:01:03.397+0000] {logging_mixin.py:190} INFO - [2025-04-30T01:01:03.397+0000] {dag.py:4138} INFO - Setting next_dagrun for example_local_kubernetes_executor to None, run_after=None
[2025-04-30T01:01:03.420+0000] {processor.py:208} INFO - Processing /home/airflow/.local/lib/python3.12/site-packages/airflow/example_dags/example_local_kubernetes_executor.py took 0.097 seconds
[2025-04-30T01:01:35.029+0000] {processor.py:186} INFO - Started process (PID=2977) to work on /home/airflow/.local/lib/python3.12/site-packages/airflow/example_dags/example_local_kubernetes_executor.py
[2025-04-30T01:01:35.030+0000] {processor.py:914} INFO - Processing file /home/airflow/.local/lib/python3.12/site-packages/airflow/example_dags/example_local_kubernetes_executor.py for tasks to queue
[2025-04-30T01:01:35.032+0000] {logging_mixin.py:190} INFO - [2025-04-30T01:01:35.032+0000] {dagbag.py:587} INFO - Filling up the DagBag from /home/airflow/.local/lib/python3.12/site-packages/airflow/example_dags/example_local_kubernetes_executor.py
[2025-04-30T01:01:35.044+0000] {processor.py:925} INFO - DAG(s) 'example_local_kubernetes_executor' retrieved from /home/airflow/.local/lib/python3.12/site-packages/airflow/example_dags/example_local_kubernetes_executor.py
[2025-04-30T01:01:35.079+0000] {logging_mixin.py:190} INFO - [2025-04-30T01:01:35.079+0000] {dag.py:3211} INFO - Sync 1 DAGs
[2025-04-30T01:01:35.094+0000] {logging_mixin.py:190} INFO - [2025-04-30T01:01:35.093+0000] {dag.py:4138} INFO - Setting next_dagrun for example_local_kubernetes_executor to None, run_after=None
[2025-04-30T01:01:35.113+0000] {processor.py:208} INFO - Processing /home/airflow/.local/lib/python3.12/site-packages/airflow/example_dags/example_local_kubernetes_executor.py took 0.090 seconds
[2025-04-30T01:02:06.513+0000] {processor.py:186} INFO - Started process (PID=3045) to work on /home/airflow/.local/lib/python3.12/site-packages/airflow/example_dags/example_local_kubernetes_executor.py
[2025-04-30T01:02:06.514+0000] {processor.py:914} INFO - Processing file /home/airflow/.local/lib/python3.12/site-packages/airflow/example_dags/example_local_kubernetes_executor.py for tasks to queue
[2025-04-30T01:02:06.516+0000] {logging_mixin.py:190} INFO - [2025-04-30T01:02:06.516+0000] {dagbag.py:587} INFO - Filling up the DagBag from /home/airflow/.local/lib/python3.12/site-packages/airflow/example_dags/example_local_kubernetes_executor.py
[2025-04-30T01:02:06.526+0000] {processor.py:925} INFO - DAG(s) 'example_local_kubernetes_executor' retrieved from /home/airflow/.local/lib/python3.12/site-packages/airflow/example_dags/example_local_kubernetes_executor.py
[2025-04-30T01:02:06.563+0000] {logging_mixin.py:190} INFO - [2025-04-30T01:02:06.563+0000] {dag.py:3211} INFO - Sync 1 DAGs
[2025-04-30T01:02:06.579+0000] {logging_mixin.py:190} INFO - [2025-04-30T01:02:06.579+0000] {dag.py:4138} INFO - Setting next_dagrun for example_local_kubernetes_executor to None, run_after=None
[2025-04-30T01:02:06.598+0000] {processor.py:208} INFO - Processing /home/airflow/.local/lib/python3.12/site-packages/airflow/example_dags/example_local_kubernetes_executor.py took 0.092 seconds
[2025-04-30T01:02:37.322+0000] {processor.py:186} INFO - Started process (PID=3112) to work on /home/airflow/.local/lib/python3.12/site-packages/airflow/example_dags/example_local_kubernetes_executor.py
[2025-04-30T01:02:37.323+0000] {processor.py:914} INFO - Processing file /home/airflow/.local/lib/python3.12/site-packages/airflow/example_dags/example_local_kubernetes_executor.py for tasks to queue
[2025-04-30T01:02:37.325+0000] {logging_mixin.py:190} INFO - [2025-04-30T01:02:37.324+0000] {dagbag.py:587} INFO - Filling up the DagBag from /home/airflow/.local/lib/python3.12/site-packages/airflow/example_dags/example_local_kubernetes_executor.py
[2025-04-30T01:02:37.337+0000] {processor.py:925} INFO - DAG(s) 'example_local_kubernetes_executor' retrieved from /home/airflow/.local/lib/python3.12/site-packages/airflow/example_dags/example_local_kubernetes_executor.py
[2025-04-30T01:02:37.377+0000] {logging_mixin.py:190} INFO - [2025-04-30T01:02:37.377+0000] {dag.py:3211} INFO - Sync 1 DAGs
[2025-04-30T01:02:37.392+0000] {logging_mixin.py:190} INFO - [2025-04-30T01:02:37.392+0000] {dag.py:4138} INFO - Setting next_dagrun for example_local_kubernetes_executor to None, run_after=None
[2025-04-30T01:02:37.412+0000] {processor.py:208} INFO - Processing /home/airflow/.local/lib/python3.12/site-packages/airflow/example_dags/example_local_kubernetes_executor.py took 0.098 seconds
[2025-04-30T01:03:08.934+0000] {processor.py:186} INFO - Started process (PID=3180) to work on /home/airflow/.local/lib/python3.12/site-packages/airflow/example_dags/example_local_kubernetes_executor.py
[2025-04-30T01:03:08.935+0000] {processor.py:914} INFO - Processing file /home/airflow/.local/lib/python3.12/site-packages/airflow/example_dags/example_local_kubernetes_executor.py for tasks to queue
[2025-04-30T01:03:08.937+0000] {logging_mixin.py:190} INFO - [2025-04-30T01:03:08.937+0000] {dagbag.py:587} INFO - Filling up the DagBag from /home/airflow/.local/lib/python3.12/site-packages/airflow/example_dags/example_local_kubernetes_executor.py
[2025-04-30T01:03:08.949+0000] {processor.py:925} INFO - DAG(s) 'example_local_kubernetes_executor' retrieved from /home/airflow/.local/lib/python3.12/site-packages/airflow/example_dags/example_local_kubernetes_executor.py
[2025-04-30T01:03:08.989+0000] {logging_mixin.py:190} INFO - [2025-04-30T01:03:08.989+0000] {dag.py:3211} INFO - Sync 1 DAGs
[2025-04-30T01:03:09.006+0000] {logging_mixin.py:190} INFO - [2025-04-30T01:03:09.006+0000] {dag.py:4138} INFO - Setting next_dagrun for example_local_kubernetes_executor to None, run_after=None
[2025-04-30T01:03:09.028+0000] {processor.py:208} INFO - Processing /home/airflow/.local/lib/python3.12/site-packages/airflow/example_dags/example_local_kubernetes_executor.py took 0.103 seconds
[2025-04-30T01:03:41.426+0000] {processor.py:186} INFO - Started process (PID=3243) to work on /home/airflow/.local/lib/python3.12/site-packages/airflow/example_dags/example_local_kubernetes_executor.py
[2025-04-30T01:03:41.428+0000] {processor.py:914} INFO - Processing file /home/airflow/.local/lib/python3.12/site-packages/airflow/example_dags/example_local_kubernetes_executor.py for tasks to queue
[2025-04-30T01:03:41.429+0000] {logging_mixin.py:190} INFO - [2025-04-30T01:03:41.429+0000] {dagbag.py:587} INFO - Filling up the DagBag from /home/airflow/.local/lib/python3.12/site-packages/airflow/example_dags/example_local_kubernetes_executor.py
[2025-04-30T01:03:41.441+0000] {processor.py:925} INFO - DAG(s) 'example_local_kubernetes_executor' retrieved from /home/airflow/.local/lib/python3.12/site-packages/airflow/example_dags/example_local_kubernetes_executor.py
[2025-04-30T01:03:41.668+0000] {logging_mixin.py:190} INFO - [2025-04-30T01:03:41.668+0000] {dag.py:3211} INFO - Sync 1 DAGs
[2025-04-30T01:03:41.685+0000] {logging_mixin.py:190} INFO - [2025-04-30T01:03:41.684+0000] {dag.py:4138} INFO - Setting next_dagrun for example_local_kubernetes_executor to None, run_after=None
[2025-04-30T01:03:41.707+0000] {processor.py:208} INFO - Processing /home/airflow/.local/lib/python3.12/site-packages/airflow/example_dags/example_local_kubernetes_executor.py took 0.286 seconds
[2025-04-30T01:04:12.446+0000] {processor.py:186} INFO - Started process (PID=3306) to work on /home/airflow/.local/lib/python3.12/site-packages/airflow/example_dags/example_local_kubernetes_executor.py
[2025-04-30T01:04:12.448+0000] {processor.py:914} INFO - Processing file /home/airflow/.local/lib/python3.12/site-packages/airflow/example_dags/example_local_kubernetes_executor.py for tasks to queue
[2025-04-30T01:04:12.449+0000] {logging_mixin.py:190} INFO - [2025-04-30T01:04:12.449+0000] {dagbag.py:587} INFO - Filling up the DagBag from /home/airflow/.local/lib/python3.12/site-packages/airflow/example_dags/example_local_kubernetes_executor.py
[2025-04-30T01:04:12.459+0000] {processor.py:925} INFO - DAG(s) 'example_local_kubernetes_executor' retrieved from /home/airflow/.local/lib/python3.12/site-packages/airflow/example_dags/example_local_kubernetes_executor.py
[2025-04-30T01:04:12.688+0000] {logging_mixin.py:190} INFO - [2025-04-30T01:04:12.688+0000] {dag.py:3211} INFO - Sync 1 DAGs
[2025-04-30T01:04:12.707+0000] {logging_mixin.py:190} INFO - [2025-04-30T01:04:12.707+0000] {dag.py:4138} INFO - Setting next_dagrun for example_local_kubernetes_executor to None, run_after=None
[2025-04-30T01:04:12.730+0000] {processor.py:208} INFO - Processing /home/airflow/.local/lib/python3.12/site-packages/airflow/example_dags/example_local_kubernetes_executor.py took 0.294 seconds
[2025-04-30T01:04:42.903+0000] {processor.py:186} INFO - Started process (PID=3369) to work on /home/airflow/.local/lib/python3.12/site-packages/airflow/example_dags/example_local_kubernetes_executor.py
[2025-04-30T01:04:42.904+0000] {processor.py:914} INFO - Processing file /home/airflow/.local/lib/python3.12/site-packages/airflow/example_dags/example_local_kubernetes_executor.py for tasks to queue
[2025-04-30T01:04:42.905+0000] {logging_mixin.py:190} INFO - [2025-04-30T01:04:42.905+0000] {dagbag.py:587} INFO - Filling up the DagBag from /home/airflow/.local/lib/python3.12/site-packages/airflow/example_dags/example_local_kubernetes_executor.py
[2025-04-30T01:04:42.916+0000] {processor.py:925} INFO - DAG(s) 'example_local_kubernetes_executor' retrieved from /home/airflow/.local/lib/python3.12/site-packages/airflow/example_dags/example_local_kubernetes_executor.py
[2025-04-30T01:04:42.958+0000] {logging_mixin.py:190} INFO - [2025-04-30T01:04:42.958+0000] {dag.py:3211} INFO - Sync 1 DAGs
[2025-04-30T01:04:42.975+0000] {logging_mixin.py:190} INFO - [2025-04-30T01:04:42.974+0000] {dag.py:4138} INFO - Setting next_dagrun for example_local_kubernetes_executor to None, run_after=None
[2025-04-30T01:04:42.999+0000] {processor.py:208} INFO - Processing /home/airflow/.local/lib/python3.12/site-packages/airflow/example_dags/example_local_kubernetes_executor.py took 0.103 seconds
[2025-04-30T01:05:13.701+0000] {processor.py:186} INFO - Started process (PID=3432) to work on /home/airflow/.local/lib/python3.12/site-packages/airflow/example_dags/example_local_kubernetes_executor.py
[2025-04-30T01:05:13.702+0000] {processor.py:914} INFO - Processing file /home/airflow/.local/lib/python3.12/site-packages/airflow/example_dags/example_local_kubernetes_executor.py for tasks to queue
[2025-04-30T01:05:13.704+0000] {logging_mixin.py:190} INFO - [2025-04-30T01:05:13.703+0000] {dagbag.py:587} INFO - Filling up the DagBag from /home/airflow/.local/lib/python3.12/site-packages/airflow/example_dags/example_local_kubernetes_executor.py
[2025-04-30T01:05:13.715+0000] {processor.py:925} INFO - DAG(s) 'example_local_kubernetes_executor' retrieved from /home/airflow/.local/lib/python3.12/site-packages/airflow/example_dags/example_local_kubernetes_executor.py
[2025-04-30T01:05:13.758+0000] {logging_mixin.py:190} INFO - [2025-04-30T01:05:13.758+0000] {dag.py:3211} INFO - Sync 1 DAGs
[2025-04-30T01:05:13.774+0000] {logging_mixin.py:190} INFO - [2025-04-30T01:05:13.774+0000] {dag.py:4138} INFO - Setting next_dagrun for example_local_kubernetes_executor to None, run_after=None
[2025-04-30T01:05:13.795+0000] {processor.py:208} INFO - Processing /home/airflow/.local/lib/python3.12/site-packages/airflow/example_dags/example_local_kubernetes_executor.py took 0.102 seconds
[2025-04-30T01:05:44.328+0000] {processor.py:186} INFO - Started process (PID=3495) to work on /home/airflow/.local/lib/python3.12/site-packages/airflow/example_dags/example_local_kubernetes_executor.py
[2025-04-30T01:05:44.329+0000] {processor.py:914} INFO - Processing file /home/airflow/.local/lib/python3.12/site-packages/airflow/example_dags/example_local_kubernetes_executor.py for tasks to queue
[2025-04-30T01:05:44.331+0000] {logging_mixin.py:190} INFO - [2025-04-30T01:05:44.330+0000] {dagbag.py:587} INFO - Filling up the DagBag from /home/airflow/.local/lib/python3.12/site-packages/airflow/example_dags/example_local_kubernetes_executor.py
[2025-04-30T01:05:44.341+0000] {processor.py:925} INFO - DAG(s) 'example_local_kubernetes_executor' retrieved from /home/airflow/.local/lib/python3.12/site-packages/airflow/example_dags/example_local_kubernetes_executor.py
[2025-04-30T01:05:44.380+0000] {logging_mixin.py:190} INFO - [2025-04-30T01:05:44.380+0000] {dag.py:3211} INFO - Sync 1 DAGs
[2025-04-30T01:05:44.396+0000] {logging_mixin.py:190} INFO - [2025-04-30T01:05:44.396+0000] {dag.py:4138} INFO - Setting next_dagrun for example_local_kubernetes_executor to None, run_after=None
[2025-04-30T01:05:44.418+0000] {processor.py:208} INFO - Processing /home/airflow/.local/lib/python3.12/site-packages/airflow/example_dags/example_local_kubernetes_executor.py took 0.096 seconds
[2025-04-30T01:06:15.121+0000] {processor.py:186} INFO - Started process (PID=3558) to work on /home/airflow/.local/lib/python3.12/site-packages/airflow/example_dags/example_local_kubernetes_executor.py
[2025-04-30T01:06:15.122+0000] {processor.py:914} INFO - Processing file /home/airflow/.local/lib/python3.12/site-packages/airflow/example_dags/example_local_kubernetes_executor.py for tasks to queue
[2025-04-30T01:06:15.123+0000] {logging_mixin.py:190} INFO - [2025-04-30T01:06:15.123+0000] {dagbag.py:587} INFO - Filling up the DagBag from /home/airflow/.local/lib/python3.12/site-packages/airflow/example_dags/example_local_kubernetes_executor.py
[2025-04-30T01:06:15.133+0000] {processor.py:925} INFO - DAG(s) 'example_local_kubernetes_executor' retrieved from /home/airflow/.local/lib/python3.12/site-packages/airflow/example_dags/example_local_kubernetes_executor.py
[2025-04-30T01:06:15.182+0000] {logging_mixin.py:190} INFO - [2025-04-30T01:06:15.182+0000] {dag.py:3211} INFO - Sync 1 DAGs
[2025-04-30T01:06:15.211+0000] {logging_mixin.py:190} INFO - [2025-04-30T01:06:15.211+0000] {dag.py:4138} INFO - Setting next_dagrun for example_local_kubernetes_executor to None, run_after=None
[2025-04-30T01:06:15.241+0000] {processor.py:208} INFO - Processing /home/airflow/.local/lib/python3.12/site-packages/airflow/example_dags/example_local_kubernetes_executor.py took 0.126 seconds
[2025-04-30T01:06:45.850+0000] {processor.py:186} INFO - Started process (PID=3621) to work on /home/airflow/.local/lib/python3.12/site-packages/airflow/example_dags/example_local_kubernetes_executor.py
[2025-04-30T01:06:45.852+0000] {processor.py:914} INFO - Processing file /home/airflow/.local/lib/python3.12/site-packages/airflow/example_dags/example_local_kubernetes_executor.py for tasks to queue
[2025-04-30T01:06:45.853+0000] {logging_mixin.py:190} INFO - [2025-04-30T01:06:45.853+0000] {dagbag.py:587} INFO - Filling up the DagBag from /home/airflow/.local/lib/python3.12/site-packages/airflow/example_dags/example_local_kubernetes_executor.py
[2025-04-30T01:06:45.869+0000] {processor.py:925} INFO - DAG(s) 'example_local_kubernetes_executor' retrieved from /home/airflow/.local/lib/python3.12/site-packages/airflow/example_dags/example_local_kubernetes_executor.py
[2025-04-30T01:06:45.915+0000] {logging_mixin.py:190} INFO - [2025-04-30T01:06:45.914+0000] {dag.py:3211} INFO - Sync 1 DAGs
[2025-04-30T01:06:45.935+0000] {logging_mixin.py:190} INFO - [2025-04-30T01:06:45.935+0000] {dag.py:4138} INFO - Setting next_dagrun for example_local_kubernetes_executor to None, run_after=None
[2025-04-30T01:06:45.965+0000] {processor.py:208} INFO - Processing /home/airflow/.local/lib/python3.12/site-packages/airflow/example_dags/example_local_kubernetes_executor.py took 0.125 seconds
[2025-04-30T01:07:16.097+0000] {processor.py:186} INFO - Started process (PID=3684) to work on /home/airflow/.local/lib/python3.12/site-packages/airflow/example_dags/example_local_kubernetes_executor.py
[2025-04-30T01:07:16.099+0000] {processor.py:914} INFO - Processing file /home/airflow/.local/lib/python3.12/site-packages/airflow/example_dags/example_local_kubernetes_executor.py for tasks to queue
[2025-04-30T01:07:16.100+0000] {logging_mixin.py:190} INFO - [2025-04-30T01:07:16.100+0000] {dagbag.py:587} INFO - Filling up the DagBag from /home/airflow/.local/lib/python3.12/site-packages/airflow/example_dags/example_local_kubernetes_executor.py
[2025-04-30T01:07:16.110+0000] {processor.py:925} INFO - DAG(s) 'example_local_kubernetes_executor' retrieved from /home/airflow/.local/lib/python3.12/site-packages/airflow/example_dags/example_local_kubernetes_executor.py
[2025-04-30T01:07:16.160+0000] {logging_mixin.py:190} INFO - [2025-04-30T01:07:16.159+0000] {dag.py:3211} INFO - Sync 1 DAGs
[2025-04-30T01:07:16.179+0000] {logging_mixin.py:190} INFO - [2025-04-30T01:07:16.179+0000] {dag.py:4138} INFO - Setting next_dagrun for example_local_kubernetes_executor to None, run_after=None
[2025-04-30T01:07:16.203+0000] {processor.py:208} INFO - Processing /home/airflow/.local/lib/python3.12/site-packages/airflow/example_dags/example_local_kubernetes_executor.py took 0.113 seconds
[2025-04-30T01:07:47.070+0000] {processor.py:186} INFO - Started process (PID=3747) to work on /home/airflow/.local/lib/python3.12/site-packages/airflow/example_dags/example_local_kubernetes_executor.py
[2025-04-30T01:07:47.072+0000] {processor.py:914} INFO - Processing file /home/airflow/.local/lib/python3.12/site-packages/airflow/example_dags/example_local_kubernetes_executor.py for tasks to queue
[2025-04-30T01:07:47.074+0000] {logging_mixin.py:190} INFO - [2025-04-30T01:07:47.073+0000] {dagbag.py:587} INFO - Filling up the DagBag from /home/airflow/.local/lib/python3.12/site-packages/airflow/example_dags/example_local_kubernetes_executor.py
[2025-04-30T01:07:47.088+0000] {processor.py:925} INFO - DAG(s) 'example_local_kubernetes_executor' retrieved from /home/airflow/.local/lib/python3.12/site-packages/airflow/example_dags/example_local_kubernetes_executor.py
[2025-04-30T01:07:47.151+0000] {logging_mixin.py:190} INFO - [2025-04-30T01:07:47.151+0000] {dag.py:3211} INFO - Sync 1 DAGs
[2025-04-30T01:07:47.176+0000] {logging_mixin.py:190} INFO - [2025-04-30T01:07:47.176+0000] {dag.py:4138} INFO - Setting next_dagrun for example_local_kubernetes_executor to None, run_after=None
[2025-04-30T01:07:47.208+0000] {processor.py:208} INFO - Processing /home/airflow/.local/lib/python3.12/site-packages/airflow/example_dags/example_local_kubernetes_executor.py took 0.147 seconds
[2025-04-30T01:08:17.842+0000] {processor.py:186} INFO - Started process (PID=3810) to work on /home/airflow/.local/lib/python3.12/site-packages/airflow/example_dags/example_local_kubernetes_executor.py
[2025-04-30T01:08:17.844+0000] {processor.py:914} INFO - Processing file /home/airflow/.local/lib/python3.12/site-packages/airflow/example_dags/example_local_kubernetes_executor.py for tasks to queue
[2025-04-30T01:08:17.845+0000] {logging_mixin.py:190} INFO - [2025-04-30T01:08:17.845+0000] {dagbag.py:587} INFO - Filling up the DagBag from /home/airflow/.local/lib/python3.12/site-packages/airflow/example_dags/example_local_kubernetes_executor.py
[2025-04-30T01:08:17.858+0000] {processor.py:925} INFO - DAG(s) 'example_local_kubernetes_executor' retrieved from /home/airflow/.local/lib/python3.12/site-packages/airflow/example_dags/example_local_kubernetes_executor.py
[2025-04-30T01:08:17.899+0000] {logging_mixin.py:190} INFO - [2025-04-30T01:08:17.899+0000] {dag.py:3211} INFO - Sync 1 DAGs
[2025-04-30T01:08:17.914+0000] {logging_mixin.py:190} INFO - [2025-04-30T01:08:17.914+0000] {dag.py:4138} INFO - Setting next_dagrun for example_local_kubernetes_executor to None, run_after=None
[2025-04-30T01:08:17.939+0000] {processor.py:208} INFO - Processing /home/airflow/.local/lib/python3.12/site-packages/airflow/example_dags/example_local_kubernetes_executor.py took 0.103 seconds
[2025-04-30T01:08:48.852+0000] {processor.py:186} INFO - Started process (PID=3872) to work on /home/airflow/.local/lib/python3.12/site-packages/airflow/example_dags/example_local_kubernetes_executor.py
[2025-04-30T01:08:48.854+0000] {processor.py:914} INFO - Processing file /home/airflow/.local/lib/python3.12/site-packages/airflow/example_dags/example_local_kubernetes_executor.py for tasks to queue
[2025-04-30T01:08:48.857+0000] {logging_mixin.py:190} INFO - [2025-04-30T01:08:48.856+0000] {dagbag.py:587} INFO - Filling up the DagBag from /home/airflow/.local/lib/python3.12/site-packages/airflow/example_dags/example_local_kubernetes_executor.py
[2025-04-30T01:08:48.873+0000] {processor.py:925} INFO - DAG(s) 'example_local_kubernetes_executor' retrieved from /home/airflow/.local/lib/python3.12/site-packages/airflow/example_dags/example_local_kubernetes_executor.py
[2025-04-30T01:08:48.924+0000] {logging_mixin.py:190} INFO - [2025-04-30T01:08:48.923+0000] {dag.py:3211} INFO - Sync 1 DAGs
[2025-04-30T01:08:48.947+0000] {logging_mixin.py:190} INFO - [2025-04-30T01:08:48.947+0000] {dag.py:4138} INFO - Setting next_dagrun for example_local_kubernetes_executor to None, run_after=None
[2025-04-30T01:08:48.976+0000] {processor.py:208} INFO - Processing /home/airflow/.local/lib/python3.12/site-packages/airflow/example_dags/example_local_kubernetes_executor.py took 0.147 seconds
[2025-04-30T01:09:19.112+0000] {processor.py:186} INFO - Started process (PID=3940) to work on /home/airflow/.local/lib/python3.12/site-packages/airflow/example_dags/example_local_kubernetes_executor.py
[2025-04-30T01:09:19.113+0000] {processor.py:914} INFO - Processing file /home/airflow/.local/lib/python3.12/site-packages/airflow/example_dags/example_local_kubernetes_executor.py for tasks to queue
[2025-04-30T01:09:19.116+0000] {logging_mixin.py:190} INFO - [2025-04-30T01:09:19.115+0000] {dagbag.py:587} INFO - Filling up the DagBag from /home/airflow/.local/lib/python3.12/site-packages/airflow/example_dags/example_local_kubernetes_executor.py
[2025-04-30T01:09:19.148+0000] {processor.py:925} INFO - DAG(s) 'example_local_kubernetes_executor' retrieved from /home/airflow/.local/lib/python3.12/site-packages/airflow/example_dags/example_local_kubernetes_executor.py
[2025-04-30T01:09:19.245+0000] {logging_mixin.py:190} INFO - [2025-04-30T01:09:19.245+0000] {dag.py:3211} INFO - Sync 1 DAGs
[2025-04-30T01:09:19.267+0000] {logging_mixin.py:190} INFO - [2025-04-30T01:09:19.266+0000] {dag.py:4138} INFO - Setting next_dagrun for example_local_kubernetes_executor to None, run_after=None
[2025-04-30T01:09:19.292+0000] {processor.py:208} INFO - Processing /home/airflow/.local/lib/python3.12/site-packages/airflow/example_dags/example_local_kubernetes_executor.py took 0.191 seconds
[2025-04-30T01:09:49.386+0000] {processor.py:186} INFO - Started process (PID=4002) to work on /home/airflow/.local/lib/python3.12/site-packages/airflow/example_dags/example_local_kubernetes_executor.py
[2025-04-30T01:09:49.388+0000] {processor.py:914} INFO - Processing file /home/airflow/.local/lib/python3.12/site-packages/airflow/example_dags/example_local_kubernetes_executor.py for tasks to queue
[2025-04-30T01:09:49.389+0000] {logging_mixin.py:190} INFO - [2025-04-30T01:09:49.389+0000] {dagbag.py:587} INFO - Filling up the DagBag from /home/airflow/.local/lib/python3.12/site-packages/airflow/example_dags/example_local_kubernetes_executor.py
[2025-04-30T01:09:49.402+0000] {processor.py:925} INFO - DAG(s) 'example_local_kubernetes_executor' retrieved from /home/airflow/.local/lib/python3.12/site-packages/airflow/example_dags/example_local_kubernetes_executor.py
[2025-04-30T01:09:49.442+0000] {logging_mixin.py:190} INFO - [2025-04-30T01:09:49.442+0000] {dag.py:3211} INFO - Sync 1 DAGs
[2025-04-30T01:09:49.459+0000] {logging_mixin.py:190} INFO - [2025-04-30T01:09:49.459+0000] {dag.py:4138} INFO - Setting next_dagrun for example_local_kubernetes_executor to None, run_after=None
[2025-04-30T01:09:49.480+0000] {processor.py:208} INFO - Processing /home/airflow/.local/lib/python3.12/site-packages/airflow/example_dags/example_local_kubernetes_executor.py took 0.100 seconds
[2025-04-30T01:10:20.125+0000] {processor.py:186} INFO - Started process (PID=4064) to work on /home/airflow/.local/lib/python3.12/site-packages/airflow/example_dags/example_local_kubernetes_executor.py
[2025-04-30T01:10:20.127+0000] {processor.py:914} INFO - Processing file /home/airflow/.local/lib/python3.12/site-packages/airflow/example_dags/example_local_kubernetes_executor.py for tasks to queue
[2025-04-30T01:10:20.128+0000] {logging_mixin.py:190} INFO - [2025-04-30T01:10:20.128+0000] {dagbag.py:587} INFO - Filling up the DagBag from /home/airflow/.local/lib/python3.12/site-packages/airflow/example_dags/example_local_kubernetes_executor.py
[2025-04-30T01:10:20.143+0000] {processor.py:925} INFO - DAG(s) 'example_local_kubernetes_executor' retrieved from /home/airflow/.local/lib/python3.12/site-packages/airflow/example_dags/example_local_kubernetes_executor.py
[2025-04-30T01:10:20.187+0000] {logging_mixin.py:190} INFO - [2025-04-30T01:10:20.187+0000] {dag.py:3211} INFO - Sync 1 DAGs
[2025-04-30T01:10:20.204+0000] {logging_mixin.py:190} INFO - [2025-04-30T01:10:20.204+0000] {dag.py:4138} INFO - Setting next_dagrun for example_local_kubernetes_executor to None, run_after=None
[2025-04-30T01:10:20.230+0000] {processor.py:208} INFO - Processing /home/airflow/.local/lib/python3.12/site-packages/airflow/example_dags/example_local_kubernetes_executor.py took 0.117 seconds
[2025-04-30T01:10:51.157+0000] {processor.py:186} INFO - Started process (PID=4126) to work on /home/airflow/.local/lib/python3.12/site-packages/airflow/example_dags/example_local_kubernetes_executor.py
[2025-04-30T01:10:51.158+0000] {processor.py:914} INFO - Processing file /home/airflow/.local/lib/python3.12/site-packages/airflow/example_dags/example_local_kubernetes_executor.py for tasks to queue
[2025-04-30T01:10:51.160+0000] {logging_mixin.py:190} INFO - [2025-04-30T01:10:51.159+0000] {dagbag.py:587} INFO - Filling up the DagBag from /home/airflow/.local/lib/python3.12/site-packages/airflow/example_dags/example_local_kubernetes_executor.py
[2025-04-30T01:10:51.174+0000] {processor.py:925} INFO - DAG(s) 'example_local_kubernetes_executor' retrieved from /home/airflow/.local/lib/python3.12/site-packages/airflow/example_dags/example_local_kubernetes_executor.py
[2025-04-30T01:10:51.219+0000] {logging_mixin.py:190} INFO - [2025-04-30T01:10:51.219+0000] {dag.py:3211} INFO - Sync 1 DAGs
[2025-04-30T01:10:51.238+0000] {logging_mixin.py:190} INFO - [2025-04-30T01:10:51.238+0000] {dag.py:4138} INFO - Setting next_dagrun for example_local_kubernetes_executor to None, run_after=None
[2025-04-30T01:10:51.261+0000] {processor.py:208} INFO - Processing /home/airflow/.local/lib/python3.12/site-packages/airflow/example_dags/example_local_kubernetes_executor.py took 0.111 seconds
[2025-04-30T01:11:21.964+0000] {processor.py:186} INFO - Started process (PID=4188) to work on /home/airflow/.local/lib/python3.12/site-packages/airflow/example_dags/example_local_kubernetes_executor.py
[2025-04-30T01:11:21.966+0000] {processor.py:914} INFO - Processing file /home/airflow/.local/lib/python3.12/site-packages/airflow/example_dags/example_local_kubernetes_executor.py for tasks to queue
[2025-04-30T01:11:21.968+0000] {logging_mixin.py:190} INFO - [2025-04-30T01:11:21.968+0000] {dagbag.py:587} INFO - Filling up the DagBag from /home/airflow/.local/lib/python3.12/site-packages/airflow/example_dags/example_local_kubernetes_executor.py
[2025-04-30T01:11:21.985+0000] {processor.py:925} INFO - DAG(s) 'example_local_kubernetes_executor' retrieved from /home/airflow/.local/lib/python3.12/site-packages/airflow/example_dags/example_local_kubernetes_executor.py
[2025-04-30T01:11:22.038+0000] {logging_mixin.py:190} INFO - [2025-04-30T01:11:22.038+0000] {dag.py:3211} INFO - Sync 1 DAGs
[2025-04-30T01:11:22.063+0000] {logging_mixin.py:190} INFO - [2025-04-30T01:11:22.063+0000] {dag.py:4138} INFO - Setting next_dagrun for example_local_kubernetes_executor to None, run_after=None
[2025-04-30T01:11:22.095+0000] {processor.py:208} INFO - Processing /home/airflow/.local/lib/python3.12/site-packages/airflow/example_dags/example_local_kubernetes_executor.py took 0.142 seconds
[2025-04-30T01:11:52.891+0000] {processor.py:186} INFO - Started process (PID=4250) to work on /home/airflow/.local/lib/python3.12/site-packages/airflow/example_dags/example_local_kubernetes_executor.py
[2025-04-30T01:11:52.892+0000] {processor.py:914} INFO - Processing file /home/airflow/.local/lib/python3.12/site-packages/airflow/example_dags/example_local_kubernetes_executor.py for tasks to queue
[2025-04-30T01:11:52.894+0000] {logging_mixin.py:190} INFO - [2025-04-30T01:11:52.894+0000] {dagbag.py:587} INFO - Filling up the DagBag from /home/airflow/.local/lib/python3.12/site-packages/airflow/example_dags/example_local_kubernetes_executor.py
[2025-04-30T01:11:52.909+0000] {processor.py:925} INFO - DAG(s) 'example_local_kubernetes_executor' retrieved from /home/airflow/.local/lib/python3.12/site-packages/airflow/example_dags/example_local_kubernetes_executor.py
[2025-04-30T01:11:52.963+0000] {logging_mixin.py:190} INFO - [2025-04-30T01:11:52.963+0000] {dag.py:3211} INFO - Sync 1 DAGs
[2025-04-30T01:11:52.984+0000] {logging_mixin.py:190} INFO - [2025-04-30T01:11:52.983+0000] {dag.py:4138} INFO - Setting next_dagrun for example_local_kubernetes_executor to None, run_after=None
[2025-04-30T01:11:53.010+0000] {processor.py:208} INFO - Processing /home/airflow/.local/lib/python3.12/site-packages/airflow/example_dags/example_local_kubernetes_executor.py took 0.128 seconds
