[2025-04-30T00:30:57.294+0000] {processor.py:186} INFO - Started process (PID=126) to work on /home/airflow/.local/lib/python3.12/site-packages/airflow/example_dags/example_python_decorator.py
[2025-04-30T00:30:57.296+0000] {processor.py:914} INFO - Processing file /home/airflow/.local/lib/python3.12/site-packages/airflow/example_dags/example_python_decorator.py for tasks to queue
[2025-04-30T00:30:57.301+0000] {logging_mixin.py:190} INFO - [2025-04-30T00:30:57.300+0000] {dagbag.py:587} INFO - Filling up the DagBag from /home/airflow/.local/lib/python3.12/site-packages/airflow/example_dags/example_python_decorator.py
[2025-04-30T00:30:57.331+0000] {processor.py:925} INFO - DAG(s) 'example_python_decorator' retrieved from /home/airflow/.local/lib/python3.12/site-packages/airflow/example_dags/example_python_decorator.py
[2025-04-30T00:30:57.570+0000] {logging_mixin.py:190} INFO - [2025-04-30T00:30:57.569+0000] {override.py:1858} INFO - Created Permission View: can edit on DAG:example_python_decorator
[2025-04-30T00:30:57.592+0000] {logging_mixin.py:190} INFO - [2025-04-30T00:30:57.592+0000] {override.py:1858} INFO - Created Permission View: can read on DAG:example_python_decorator
[2025-04-30T00:30:57.606+0000] {logging_mixin.py:190} INFO - [2025-04-30T00:30:57.605+0000] {override.py:1858} INFO - Created Permission View: can delete on DAG:example_python_decorator
[2025-04-30T00:30:57.607+0000] {logging_mixin.py:190} INFO - [2025-04-30T00:30:57.607+0000] {dag.py:3211} INFO - Sync 1 DAGs
[2025-04-30T00:30:57.631+0000] {logging_mixin.py:190} INFO - [2025-04-30T00:30:57.631+0000] {dag.py:3234} INFO - Creating ORM DAG for example_python_decorator
[2025-04-30T00:30:57.633+0000] {logging_mixin.py:190} INFO - [2025-04-30T00:30:57.633+0000] {dag.py:4138} INFO - Setting next_dagrun for example_python_decorator to None, run_after=None
[2025-04-30T00:30:57.666+0000] {processor.py:208} INFO - Processing /home/airflow/.local/lib/python3.12/site-packages/airflow/example_dags/example_python_decorator.py took 0.384 seconds
[2025-04-30T00:31:28.245+0000] {processor.py:186} INFO - Started process (PID=189) to work on /home/airflow/.local/lib/python3.12/site-packages/airflow/example_dags/example_python_decorator.py
[2025-04-30T00:31:28.248+0000] {processor.py:914} INFO - Processing file /home/airflow/.local/lib/python3.12/site-packages/airflow/example_dags/example_python_decorator.py for tasks to queue
[2025-04-30T00:31:28.255+0000] {logging_mixin.py:190} INFO - [2025-04-30T00:31:28.254+0000] {dagbag.py:587} INFO - Filling up the DagBag from /home/airflow/.local/lib/python3.12/site-packages/airflow/example_dags/example_python_decorator.py
[2025-04-30T00:31:28.302+0000] {processor.py:925} INFO - DAG(s) 'example_python_decorator' retrieved from /home/airflow/.local/lib/python3.12/site-packages/airflow/example_dags/example_python_decorator.py
[2025-04-30T00:31:28.355+0000] {logging_mixin.py:190} INFO - [2025-04-30T00:31:28.355+0000] {dag.py:3211} INFO - Sync 1 DAGs
[2025-04-30T00:31:28.386+0000] {logging_mixin.py:190} INFO - [2025-04-30T00:31:28.385+0000] {dag.py:4138} INFO - Setting next_dagrun for example_python_decorator to None, run_after=None
[2025-04-30T00:31:28.427+0000] {processor.py:208} INFO - Processing /home/airflow/.local/lib/python3.12/site-packages/airflow/example_dags/example_python_decorator.py took 0.202 seconds
[2025-04-30T00:31:58.698+0000] {processor.py:186} INFO - Started process (PID=252) to work on /home/airflow/.local/lib/python3.12/site-packages/airflow/example_dags/example_python_decorator.py
[2025-04-30T00:31:58.700+0000] {processor.py:914} INFO - Processing file /home/airflow/.local/lib/python3.12/site-packages/airflow/example_dags/example_python_decorator.py for tasks to queue
[2025-04-30T00:31:58.705+0000] {logging_mixin.py:190} INFO - [2025-04-30T00:31:58.705+0000] {dagbag.py:587} INFO - Filling up the DagBag from /home/airflow/.local/lib/python3.12/site-packages/airflow/example_dags/example_python_decorator.py
[2025-04-30T00:31:58.738+0000] {processor.py:925} INFO - DAG(s) 'example_python_decorator' retrieved from /home/airflow/.local/lib/python3.12/site-packages/airflow/example_dags/example_python_decorator.py
[2025-04-30T00:31:58.786+0000] {logging_mixin.py:190} INFO - [2025-04-30T00:31:58.786+0000] {dag.py:3211} INFO - Sync 1 DAGs
[2025-04-30T00:31:58.817+0000] {logging_mixin.py:190} INFO - [2025-04-30T00:31:58.816+0000] {dag.py:4138} INFO - Setting next_dagrun for example_python_decorator to None, run_after=None
[2025-04-30T00:31:58.863+0000] {processor.py:208} INFO - Processing /home/airflow/.local/lib/python3.12/site-packages/airflow/example_dags/example_python_decorator.py took 0.178 seconds
[2025-04-30T00:32:29.222+0000] {processor.py:186} INFO - Started process (PID=315) to work on /home/airflow/.local/lib/python3.12/site-packages/airflow/example_dags/example_python_decorator.py
[2025-04-30T00:32:29.224+0000] {processor.py:914} INFO - Processing file /home/airflow/.local/lib/python3.12/site-packages/airflow/example_dags/example_python_decorator.py for tasks to queue
[2025-04-30T00:32:29.229+0000] {logging_mixin.py:190} INFO - [2025-04-30T00:32:29.228+0000] {dagbag.py:587} INFO - Filling up the DagBag from /home/airflow/.local/lib/python3.12/site-packages/airflow/example_dags/example_python_decorator.py
[2025-04-30T00:32:29.257+0000] {processor.py:925} INFO - DAG(s) 'example_python_decorator' retrieved from /home/airflow/.local/lib/python3.12/site-packages/airflow/example_dags/example_python_decorator.py
[2025-04-30T00:32:29.300+0000] {logging_mixin.py:190} INFO - [2025-04-30T00:32:29.300+0000] {dag.py:3211} INFO - Sync 1 DAGs
[2025-04-30T00:32:29.331+0000] {logging_mixin.py:190} INFO - [2025-04-30T00:32:29.331+0000] {dag.py:4138} INFO - Setting next_dagrun for example_python_decorator to None, run_after=None
[2025-04-30T00:32:29.368+0000] {processor.py:208} INFO - Processing /home/airflow/.local/lib/python3.12/site-packages/airflow/example_dags/example_python_decorator.py took 0.157 seconds
[2025-04-30T00:33:00.034+0000] {processor.py:186} INFO - Started process (PID=378) to work on /home/airflow/.local/lib/python3.12/site-packages/airflow/example_dags/example_python_decorator.py
[2025-04-30T00:33:00.037+0000] {processor.py:914} INFO - Processing file /home/airflow/.local/lib/python3.12/site-packages/airflow/example_dags/example_python_decorator.py for tasks to queue
[2025-04-30T00:33:00.042+0000] {logging_mixin.py:190} INFO - [2025-04-30T00:33:00.042+0000] {dagbag.py:587} INFO - Filling up the DagBag from /home/airflow/.local/lib/python3.12/site-packages/airflow/example_dags/example_python_decorator.py
[2025-04-30T00:33:00.083+0000] {processor.py:925} INFO - DAG(s) 'example_python_decorator' retrieved from /home/airflow/.local/lib/python3.12/site-packages/airflow/example_dags/example_python_decorator.py
[2025-04-30T00:33:00.138+0000] {logging_mixin.py:190} INFO - [2025-04-30T00:33:00.138+0000] {dag.py:3211} INFO - Sync 1 DAGs
[2025-04-30T00:33:00.170+0000] {logging_mixin.py:190} INFO - [2025-04-30T00:33:00.170+0000] {dag.py:4138} INFO - Setting next_dagrun for example_python_decorator to None, run_after=None
[2025-04-30T00:33:00.221+0000] {processor.py:208} INFO - Processing /home/airflow/.local/lib/python3.12/site-packages/airflow/example_dags/example_python_decorator.py took 0.200 seconds
[2025-04-30T00:33:30.923+0000] {processor.py:186} INFO - Started process (PID=441) to work on /home/airflow/.local/lib/python3.12/site-packages/airflow/example_dags/example_python_decorator.py
[2025-04-30T00:33:30.925+0000] {processor.py:914} INFO - Processing file /home/airflow/.local/lib/python3.12/site-packages/airflow/example_dags/example_python_decorator.py for tasks to queue
[2025-04-30T00:33:30.931+0000] {logging_mixin.py:190} INFO - [2025-04-30T00:33:30.931+0000] {dagbag.py:587} INFO - Filling up the DagBag from /home/airflow/.local/lib/python3.12/site-packages/airflow/example_dags/example_python_decorator.py
[2025-04-30T00:33:30.959+0000] {processor.py:925} INFO - DAG(s) 'example_python_decorator' retrieved from /home/airflow/.local/lib/python3.12/site-packages/airflow/example_dags/example_python_decorator.py
[2025-04-30T00:33:31.002+0000] {logging_mixin.py:190} INFO - [2025-04-30T00:33:31.002+0000] {dag.py:3211} INFO - Sync 1 DAGs
[2025-04-30T00:33:31.029+0000] {logging_mixin.py:190} INFO - [2025-04-30T00:33:31.029+0000] {dag.py:4138} INFO - Setting next_dagrun for example_python_decorator to None, run_after=None
[2025-04-30T00:33:31.064+0000] {processor.py:208} INFO - Processing /home/airflow/.local/lib/python3.12/site-packages/airflow/example_dags/example_python_decorator.py took 0.151 seconds
[2025-04-30T00:34:01.802+0000] {processor.py:186} INFO - Started process (PID=505) to work on /home/airflow/.local/lib/python3.12/site-packages/airflow/example_dags/example_python_decorator.py
[2025-04-30T00:34:01.804+0000] {processor.py:914} INFO - Processing file /home/airflow/.local/lib/python3.12/site-packages/airflow/example_dags/example_python_decorator.py for tasks to queue
[2025-04-30T00:34:01.810+0000] {logging_mixin.py:190} INFO - [2025-04-30T00:34:01.809+0000] {dagbag.py:587} INFO - Filling up the DagBag from /home/airflow/.local/lib/python3.12/site-packages/airflow/example_dags/example_python_decorator.py
[2025-04-30T00:34:01.841+0000] {processor.py:925} INFO - DAG(s) 'example_python_decorator' retrieved from /home/airflow/.local/lib/python3.12/site-packages/airflow/example_dags/example_python_decorator.py
[2025-04-30T00:34:01.887+0000] {logging_mixin.py:190} INFO - [2025-04-30T00:34:01.886+0000] {dag.py:3211} INFO - Sync 1 DAGs
[2025-04-30T00:34:01.915+0000] {logging_mixin.py:190} INFO - [2025-04-30T00:34:01.914+0000] {dag.py:4138} INFO - Setting next_dagrun for example_python_decorator to None, run_after=None
[2025-04-30T00:34:01.951+0000] {processor.py:208} INFO - Processing /home/airflow/.local/lib/python3.12/site-packages/airflow/example_dags/example_python_decorator.py took 0.161 seconds
[2025-04-30T00:34:32.789+0000] {processor.py:186} INFO - Started process (PID=568) to work on /home/airflow/.local/lib/python3.12/site-packages/airflow/example_dags/example_python_decorator.py
[2025-04-30T00:34:32.791+0000] {processor.py:914} INFO - Processing file /home/airflow/.local/lib/python3.12/site-packages/airflow/example_dags/example_python_decorator.py for tasks to queue
[2025-04-30T00:34:32.798+0000] {logging_mixin.py:190} INFO - [2025-04-30T00:34:32.797+0000] {dagbag.py:587} INFO - Filling up the DagBag from /home/airflow/.local/lib/python3.12/site-packages/airflow/example_dags/example_python_decorator.py
[2025-04-30T00:34:32.829+0000] {processor.py:925} INFO - DAG(s) 'example_python_decorator' retrieved from /home/airflow/.local/lib/python3.12/site-packages/airflow/example_dags/example_python_decorator.py
[2025-04-30T00:34:32.888+0000] {logging_mixin.py:190} INFO - [2025-04-30T00:34:32.888+0000] {dag.py:3211} INFO - Sync 1 DAGs
[2025-04-30T00:34:32.928+0000] {logging_mixin.py:190} INFO - [2025-04-30T00:34:32.928+0000] {dag.py:4138} INFO - Setting next_dagrun for example_python_decorator to None, run_after=None
[2025-04-30T00:34:32.970+0000] {processor.py:208} INFO - Processing /home/airflow/.local/lib/python3.12/site-packages/airflow/example_dags/example_python_decorator.py took 0.196 seconds
[2025-04-30T00:35:03.440+0000] {processor.py:186} INFO - Started process (PID=631) to work on /home/airflow/.local/lib/python3.12/site-packages/airflow/example_dags/example_python_decorator.py
[2025-04-30T00:35:03.443+0000] {processor.py:914} INFO - Processing file /home/airflow/.local/lib/python3.12/site-packages/airflow/example_dags/example_python_decorator.py for tasks to queue
[2025-04-30T00:35:03.449+0000] {logging_mixin.py:190} INFO - [2025-04-30T00:35:03.448+0000] {dagbag.py:587} INFO - Filling up the DagBag from /home/airflow/.local/lib/python3.12/site-packages/airflow/example_dags/example_python_decorator.py
[2025-04-30T00:35:03.486+0000] {processor.py:925} INFO - DAG(s) 'example_python_decorator' retrieved from /home/airflow/.local/lib/python3.12/site-packages/airflow/example_dags/example_python_decorator.py
[2025-04-30T00:35:03.541+0000] {logging_mixin.py:190} INFO - [2025-04-30T00:35:03.540+0000] {dag.py:3211} INFO - Sync 1 DAGs
[2025-04-30T00:35:03.578+0000] {logging_mixin.py:190} INFO - [2025-04-30T00:35:03.577+0000] {dag.py:4138} INFO - Setting next_dagrun for example_python_decorator to None, run_after=None
[2025-04-30T00:35:03.617+0000] {processor.py:208} INFO - Processing /home/airflow/.local/lib/python3.12/site-packages/airflow/example_dags/example_python_decorator.py took 0.194 seconds
[2025-04-30T00:35:34.512+0000] {processor.py:186} INFO - Started process (PID=694) to work on /home/airflow/.local/lib/python3.12/site-packages/airflow/example_dags/example_python_decorator.py
[2025-04-30T00:35:34.515+0000] {processor.py:914} INFO - Processing file /home/airflow/.local/lib/python3.12/site-packages/airflow/example_dags/example_python_decorator.py for tasks to queue
[2025-04-30T00:35:34.521+0000] {logging_mixin.py:190} INFO - [2025-04-30T00:35:34.520+0000] {dagbag.py:587} INFO - Filling up the DagBag from /home/airflow/.local/lib/python3.12/site-packages/airflow/example_dags/example_python_decorator.py
[2025-04-30T00:35:34.577+0000] {processor.py:925} INFO - DAG(s) 'example_python_decorator' retrieved from /home/airflow/.local/lib/python3.12/site-packages/airflow/example_dags/example_python_decorator.py
[2025-04-30T00:35:34.632+0000] {logging_mixin.py:190} INFO - [2025-04-30T00:35:34.632+0000] {dag.py:3211} INFO - Sync 1 DAGs
[2025-04-30T00:35:34.677+0000] {logging_mixin.py:190} INFO - [2025-04-30T00:35:34.676+0000] {dag.py:4138} INFO - Setting next_dagrun for example_python_decorator to None, run_after=None
[2025-04-30T00:35:34.742+0000] {processor.py:208} INFO - Processing /home/airflow/.local/lib/python3.12/site-packages/airflow/example_dags/example_python_decorator.py took 0.246 seconds
[2025-04-30T00:36:04.834+0000] {processor.py:186} INFO - Started process (PID=756) to work on /home/airflow/.local/lib/python3.12/site-packages/airflow/example_dags/example_python_decorator.py
[2025-04-30T00:36:04.836+0000] {processor.py:914} INFO - Processing file /home/airflow/.local/lib/python3.12/site-packages/airflow/example_dags/example_python_decorator.py for tasks to queue
[2025-04-30T00:36:04.841+0000] {logging_mixin.py:190} INFO - [2025-04-30T00:36:04.841+0000] {dagbag.py:587} INFO - Filling up the DagBag from /home/airflow/.local/lib/python3.12/site-packages/airflow/example_dags/example_python_decorator.py
[2025-04-30T00:36:04.871+0000] {processor.py:925} INFO - DAG(s) 'example_python_decorator' retrieved from /home/airflow/.local/lib/python3.12/site-packages/airflow/example_dags/example_python_decorator.py
[2025-04-30T00:36:04.923+0000] {logging_mixin.py:190} INFO - [2025-04-30T00:36:04.923+0000] {dag.py:3211} INFO - Sync 1 DAGs
[2025-04-30T00:36:04.965+0000] {logging_mixin.py:190} INFO - [2025-04-30T00:36:04.964+0000] {dag.py:4138} INFO - Setting next_dagrun for example_python_decorator to None, run_after=None
[2025-04-30T00:36:05.019+0000] {processor.py:208} INFO - Processing /home/airflow/.local/lib/python3.12/site-packages/airflow/example_dags/example_python_decorator.py took 0.198 seconds
[2025-04-30T00:36:35.440+0000] {processor.py:186} INFO - Started process (PID=819) to work on /home/airflow/.local/lib/python3.12/site-packages/airflow/example_dags/example_python_decorator.py
[2025-04-30T00:36:35.444+0000] {processor.py:914} INFO - Processing file /home/airflow/.local/lib/python3.12/site-packages/airflow/example_dags/example_python_decorator.py for tasks to queue
[2025-04-30T00:36:35.451+0000] {logging_mixin.py:190} INFO - [2025-04-30T00:36:35.450+0000] {dagbag.py:587} INFO - Filling up the DagBag from /home/airflow/.local/lib/python3.12/site-packages/airflow/example_dags/example_python_decorator.py
[2025-04-30T00:36:35.522+0000] {processor.py:925} INFO - DAG(s) 'example_python_decorator' retrieved from /home/airflow/.local/lib/python3.12/site-packages/airflow/example_dags/example_python_decorator.py
[2025-04-30T00:36:35.646+0000] {logging_mixin.py:190} INFO - [2025-04-30T00:36:35.646+0000] {dag.py:3211} INFO - Sync 1 DAGs
[2025-04-30T00:36:35.709+0000] {logging_mixin.py:190} INFO - [2025-04-30T00:36:35.709+0000] {dag.py:4138} INFO - Setting next_dagrun for example_python_decorator to None, run_after=None
[2025-04-30T00:36:35.764+0000] {processor.py:208} INFO - Processing /home/airflow/.local/lib/python3.12/site-packages/airflow/example_dags/example_python_decorator.py took 0.352 seconds
[2025-04-30T00:37:06.198+0000] {processor.py:186} INFO - Started process (PID=882) to work on /home/airflow/.local/lib/python3.12/site-packages/airflow/example_dags/example_python_decorator.py
[2025-04-30T00:37:06.200+0000] {processor.py:914} INFO - Processing file /home/airflow/.local/lib/python3.12/site-packages/airflow/example_dags/example_python_decorator.py for tasks to queue
[2025-04-30T00:37:06.204+0000] {logging_mixin.py:190} INFO - [2025-04-30T00:37:06.204+0000] {dagbag.py:587} INFO - Filling up the DagBag from /home/airflow/.local/lib/python3.12/site-packages/airflow/example_dags/example_python_decorator.py
[2025-04-30T00:37:06.234+0000] {processor.py:925} INFO - DAG(s) 'example_python_decorator' retrieved from /home/airflow/.local/lib/python3.12/site-packages/airflow/example_dags/example_python_decorator.py
[2025-04-30T00:37:06.285+0000] {logging_mixin.py:190} INFO - [2025-04-30T00:37:06.285+0000] {dag.py:3211} INFO - Sync 1 DAGs
[2025-04-30T00:37:06.311+0000] {logging_mixin.py:190} INFO - [2025-04-30T00:37:06.311+0000] {dag.py:4138} INFO - Setting next_dagrun for example_python_decorator to None, run_after=None
[2025-04-30T00:37:06.353+0000] {processor.py:208} INFO - Processing /home/airflow/.local/lib/python3.12/site-packages/airflow/example_dags/example_python_decorator.py took 0.165 seconds
[2025-04-30T00:37:37.160+0000] {processor.py:186} INFO - Started process (PID=947) to work on /home/airflow/.local/lib/python3.12/site-packages/airflow/example_dags/example_python_decorator.py
[2025-04-30T00:37:37.163+0000] {processor.py:914} INFO - Processing file /home/airflow/.local/lib/python3.12/site-packages/airflow/example_dags/example_python_decorator.py for tasks to queue
[2025-04-30T00:37:37.168+0000] {logging_mixin.py:190} INFO - [2025-04-30T00:37:37.168+0000] {dagbag.py:587} INFO - Filling up the DagBag from /home/airflow/.local/lib/python3.12/site-packages/airflow/example_dags/example_python_decorator.py
[2025-04-30T00:37:37.204+0000] {processor.py:925} INFO - DAG(s) 'example_python_decorator' retrieved from /home/airflow/.local/lib/python3.12/site-packages/airflow/example_dags/example_python_decorator.py
[2025-04-30T00:37:37.262+0000] {logging_mixin.py:190} INFO - [2025-04-30T00:37:37.261+0000] {dag.py:3211} INFO - Sync 1 DAGs
[2025-04-30T00:37:37.300+0000] {logging_mixin.py:190} INFO - [2025-04-30T00:37:37.300+0000] {dag.py:4138} INFO - Setting next_dagrun for example_python_decorator to None, run_after=None
[2025-04-30T00:37:37.351+0000] {processor.py:208} INFO - Processing /home/airflow/.local/lib/python3.12/site-packages/airflow/example_dags/example_python_decorator.py took 0.208 seconds
[2025-04-30T00:38:08.642+0000] {processor.py:186} INFO - Started process (PID=1016) to work on /home/airflow/.local/lib/python3.12/site-packages/airflow/example_dags/example_python_decorator.py
[2025-04-30T00:38:08.643+0000] {processor.py:914} INFO - Processing file /home/airflow/.local/lib/python3.12/site-packages/airflow/example_dags/example_python_decorator.py for tasks to queue
[2025-04-30T00:38:08.649+0000] {logging_mixin.py:190} INFO - [2025-04-30T00:38:08.649+0000] {dagbag.py:587} INFO - Filling up the DagBag from /home/airflow/.local/lib/python3.12/site-packages/airflow/example_dags/example_python_decorator.py
[2025-04-30T00:38:08.674+0000] {processor.py:925} INFO - DAG(s) 'example_python_decorator' retrieved from /home/airflow/.local/lib/python3.12/site-packages/airflow/example_dags/example_python_decorator.py
[2025-04-30T00:38:08.717+0000] {logging_mixin.py:190} INFO - [2025-04-30T00:38:08.716+0000] {dag.py:3211} INFO - Sync 1 DAGs
[2025-04-30T00:38:08.752+0000] {logging_mixin.py:190} INFO - [2025-04-30T00:38:08.752+0000] {dag.py:4138} INFO - Setting next_dagrun for example_python_decorator to None, run_after=None
[2025-04-30T00:38:08.792+0000] {processor.py:208} INFO - Processing /home/airflow/.local/lib/python3.12/site-packages/airflow/example_dags/example_python_decorator.py took 0.161 seconds
[2025-04-30T00:38:39.658+0000] {processor.py:186} INFO - Started process (PID=1080) to work on /home/airflow/.local/lib/python3.12/site-packages/airflow/example_dags/example_python_decorator.py
[2025-04-30T00:38:39.661+0000] {processor.py:914} INFO - Processing file /home/airflow/.local/lib/python3.12/site-packages/airflow/example_dags/example_python_decorator.py for tasks to queue
[2025-04-30T00:38:39.668+0000] {logging_mixin.py:190} INFO - [2025-04-30T00:38:39.667+0000] {dagbag.py:587} INFO - Filling up the DagBag from /home/airflow/.local/lib/python3.12/site-packages/airflow/example_dags/example_python_decorator.py
[2025-04-30T00:38:39.711+0000] {processor.py:925} INFO - DAG(s) 'example_python_decorator' retrieved from /home/airflow/.local/lib/python3.12/site-packages/airflow/example_dags/example_python_decorator.py
[2025-04-30T00:38:39.776+0000] {logging_mixin.py:190} INFO - [2025-04-30T00:38:39.775+0000] {dag.py:3211} INFO - Sync 1 DAGs
[2025-04-30T00:38:39.838+0000] {logging_mixin.py:190} INFO - [2025-04-30T00:38:39.838+0000] {dag.py:4138} INFO - Setting next_dagrun for example_python_decorator to None, run_after=None
[2025-04-30T00:38:39.897+0000] {processor.py:208} INFO - Processing /home/airflow/.local/lib/python3.12/site-packages/airflow/example_dags/example_python_decorator.py took 0.260 seconds
[2025-04-30T00:39:11.002+0000] {processor.py:186} INFO - Started process (PID=1143) to work on /home/airflow/.local/lib/python3.12/site-packages/airflow/example_dags/example_python_decorator.py
[2025-04-30T00:39:11.005+0000] {processor.py:914} INFO - Processing file /home/airflow/.local/lib/python3.12/site-packages/airflow/example_dags/example_python_decorator.py for tasks to queue
[2025-04-30T00:39:11.011+0000] {logging_mixin.py:190} INFO - [2025-04-30T00:39:11.010+0000] {dagbag.py:587} INFO - Filling up the DagBag from /home/airflow/.local/lib/python3.12/site-packages/airflow/example_dags/example_python_decorator.py
[2025-04-30T00:39:11.047+0000] {processor.py:925} INFO - DAG(s) 'example_python_decorator' retrieved from /home/airflow/.local/lib/python3.12/site-packages/airflow/example_dags/example_python_decorator.py
[2025-04-30T00:39:11.107+0000] {logging_mixin.py:190} INFO - [2025-04-30T00:39:11.107+0000] {dag.py:3211} INFO - Sync 1 DAGs
[2025-04-30T00:39:11.146+0000] {logging_mixin.py:190} INFO - [2025-04-30T00:39:11.146+0000] {dag.py:4138} INFO - Setting next_dagrun for example_python_decorator to None, run_after=None
[2025-04-30T00:39:11.184+0000] {processor.py:208} INFO - Processing /home/airflow/.local/lib/python3.12/site-packages/airflow/example_dags/example_python_decorator.py took 0.197 seconds
[2025-04-30T00:39:41.921+0000] {processor.py:186} INFO - Started process (PID=1206) to work on /home/airflow/.local/lib/python3.12/site-packages/airflow/example_dags/example_python_decorator.py
[2025-04-30T00:39:41.923+0000] {processor.py:914} INFO - Processing file /home/airflow/.local/lib/python3.12/site-packages/airflow/example_dags/example_python_decorator.py for tasks to queue
[2025-04-30T00:39:41.928+0000] {logging_mixin.py:190} INFO - [2025-04-30T00:39:41.927+0000] {dagbag.py:587} INFO - Filling up the DagBag from /home/airflow/.local/lib/python3.12/site-packages/airflow/example_dags/example_python_decorator.py
[2025-04-30T00:39:41.956+0000] {processor.py:925} INFO - DAG(s) 'example_python_decorator' retrieved from /home/airflow/.local/lib/python3.12/site-packages/airflow/example_dags/example_python_decorator.py
[2025-04-30T00:39:42.005+0000] {logging_mixin.py:190} INFO - [2025-04-30T00:39:42.005+0000] {dag.py:3211} INFO - Sync 1 DAGs
[2025-04-30T00:39:42.038+0000] {logging_mixin.py:190} INFO - [2025-04-30T00:39:42.038+0000] {dag.py:4138} INFO - Setting next_dagrun for example_python_decorator to None, run_after=None
[2025-04-30T00:39:42.087+0000] {processor.py:208} INFO - Processing /home/airflow/.local/lib/python3.12/site-packages/airflow/example_dags/example_python_decorator.py took 0.180 seconds
[2025-04-30T00:40:12.260+0000] {processor.py:186} INFO - Started process (PID=1268) to work on /home/airflow/.local/lib/python3.12/site-packages/airflow/example_dags/example_python_decorator.py
[2025-04-30T00:40:12.262+0000] {processor.py:914} INFO - Processing file /home/airflow/.local/lib/python3.12/site-packages/airflow/example_dags/example_python_decorator.py for tasks to queue
[2025-04-30T00:40:12.267+0000] {logging_mixin.py:190} INFO - [2025-04-30T00:40:12.266+0000] {dagbag.py:587} INFO - Filling up the DagBag from /home/airflow/.local/lib/python3.12/site-packages/airflow/example_dags/example_python_decorator.py
[2025-04-30T00:40:12.300+0000] {processor.py:925} INFO - DAG(s) 'example_python_decorator' retrieved from /home/airflow/.local/lib/python3.12/site-packages/airflow/example_dags/example_python_decorator.py
[2025-04-30T00:40:12.352+0000] {logging_mixin.py:190} INFO - [2025-04-30T00:40:12.352+0000] {dag.py:3211} INFO - Sync 1 DAGs
[2025-04-30T00:40:12.397+0000] {logging_mixin.py:190} INFO - [2025-04-30T00:40:12.396+0000] {dag.py:4138} INFO - Setting next_dagrun for example_python_decorator to None, run_after=None
[2025-04-30T00:40:12.457+0000] {processor.py:208} INFO - Processing /home/airflow/.local/lib/python3.12/site-packages/airflow/example_dags/example_python_decorator.py took 0.209 seconds
[2025-04-30T00:40:42.727+0000] {processor.py:186} INFO - Started process (PID=1331) to work on /home/airflow/.local/lib/python3.12/site-packages/airflow/example_dags/example_python_decorator.py
[2025-04-30T00:40:42.729+0000] {processor.py:914} INFO - Processing file /home/airflow/.local/lib/python3.12/site-packages/airflow/example_dags/example_python_decorator.py for tasks to queue
[2025-04-30T00:40:42.735+0000] {logging_mixin.py:190} INFO - [2025-04-30T00:40:42.734+0000] {dagbag.py:587} INFO - Filling up the DagBag from /home/airflow/.local/lib/python3.12/site-packages/airflow/example_dags/example_python_decorator.py
[2025-04-30T00:40:42.763+0000] {processor.py:925} INFO - DAG(s) 'example_python_decorator' retrieved from /home/airflow/.local/lib/python3.12/site-packages/airflow/example_dags/example_python_decorator.py
[2025-04-30T00:40:42.808+0000] {logging_mixin.py:190} INFO - [2025-04-30T00:40:42.808+0000] {dag.py:3211} INFO - Sync 1 DAGs
[2025-04-30T00:40:42.839+0000] {logging_mixin.py:190} INFO - [2025-04-30T00:40:42.839+0000] {dag.py:4138} INFO - Setting next_dagrun for example_python_decorator to None, run_after=None
[2025-04-30T00:40:42.880+0000] {processor.py:208} INFO - Processing /home/airflow/.local/lib/python3.12/site-packages/airflow/example_dags/example_python_decorator.py took 0.164 seconds
[2025-04-30T00:41:13.584+0000] {processor.py:186} INFO - Started process (PID=1394) to work on /home/airflow/.local/lib/python3.12/site-packages/airflow/example_dags/example_python_decorator.py
[2025-04-30T00:41:13.588+0000] {processor.py:914} INFO - Processing file /home/airflow/.local/lib/python3.12/site-packages/airflow/example_dags/example_python_decorator.py for tasks to queue
[2025-04-30T00:41:13.597+0000] {logging_mixin.py:190} INFO - [2025-04-30T00:41:13.595+0000] {dagbag.py:587} INFO - Filling up the DagBag from /home/airflow/.local/lib/python3.12/site-packages/airflow/example_dags/example_python_decorator.py
[2025-04-30T00:41:13.635+0000] {processor.py:925} INFO - DAG(s) 'example_python_decorator' retrieved from /home/airflow/.local/lib/python3.12/site-packages/airflow/example_dags/example_python_decorator.py
[2025-04-30T00:41:13.687+0000] {logging_mixin.py:190} INFO - [2025-04-30T00:41:13.686+0000] {dag.py:3211} INFO - Sync 1 DAGs
[2025-04-30T00:41:13.721+0000] {logging_mixin.py:190} INFO - [2025-04-30T00:41:13.721+0000] {dag.py:4138} INFO - Setting next_dagrun for example_python_decorator to None, run_after=None
[2025-04-30T00:41:13.767+0000] {processor.py:208} INFO - Processing /home/airflow/.local/lib/python3.12/site-packages/airflow/example_dags/example_python_decorator.py took 0.202 seconds
[2025-04-30T00:41:44.118+0000] {processor.py:186} INFO - Started process (PID=1457) to work on /home/airflow/.local/lib/python3.12/site-packages/airflow/example_dags/example_python_decorator.py
[2025-04-30T00:41:44.121+0000] {processor.py:914} INFO - Processing file /home/airflow/.local/lib/python3.12/site-packages/airflow/example_dags/example_python_decorator.py for tasks to queue
[2025-04-30T00:41:44.132+0000] {logging_mixin.py:190} INFO - [2025-04-30T00:41:44.129+0000] {dagbag.py:587} INFO - Filling up the DagBag from /home/airflow/.local/lib/python3.12/site-packages/airflow/example_dags/example_python_decorator.py
[2025-04-30T00:41:44.180+0000] {processor.py:925} INFO - DAG(s) 'example_python_decorator' retrieved from /home/airflow/.local/lib/python3.12/site-packages/airflow/example_dags/example_python_decorator.py
[2025-04-30T00:41:44.235+0000] {logging_mixin.py:190} INFO - [2025-04-30T00:41:44.234+0000] {dag.py:3211} INFO - Sync 1 DAGs
[2025-04-30T00:41:44.261+0000] {logging_mixin.py:190} INFO - [2025-04-30T00:41:44.261+0000] {dag.py:4138} INFO - Setting next_dagrun for example_python_decorator to None, run_after=None
[2025-04-30T00:41:44.298+0000] {processor.py:208} INFO - Processing /home/airflow/.local/lib/python3.12/site-packages/airflow/example_dags/example_python_decorator.py took 0.200 seconds
[2025-04-30T00:42:14.453+0000] {processor.py:186} INFO - Started process (PID=1523) to work on /home/airflow/.local/lib/python3.12/site-packages/airflow/example_dags/example_python_decorator.py
[2025-04-30T00:42:14.455+0000] {processor.py:914} INFO - Processing file /home/airflow/.local/lib/python3.12/site-packages/airflow/example_dags/example_python_decorator.py for tasks to queue
[2025-04-30T00:42:14.457+0000] {logging_mixin.py:190} INFO - [2025-04-30T00:42:14.457+0000] {dagbag.py:587} INFO - Filling up the DagBag from /home/airflow/.local/lib/python3.12/site-packages/airflow/example_dags/example_python_decorator.py
[2025-04-30T00:42:14.488+0000] {processor.py:925} INFO - DAG(s) 'example_python_decorator' retrieved from /home/airflow/.local/lib/python3.12/site-packages/airflow/example_dags/example_python_decorator.py
[2025-04-30T00:42:14.535+0000] {logging_mixin.py:190} INFO - [2025-04-30T00:42:14.534+0000] {dag.py:3211} INFO - Sync 1 DAGs
[2025-04-30T00:42:14.564+0000] {logging_mixin.py:190} INFO - [2025-04-30T00:42:14.564+0000] {dag.py:4138} INFO - Setting next_dagrun for example_python_decorator to None, run_after=None
[2025-04-30T00:42:14.601+0000] {processor.py:208} INFO - Processing /home/airflow/.local/lib/python3.12/site-packages/airflow/example_dags/example_python_decorator.py took 0.161 seconds
[2025-04-30T00:42:45.053+0000] {processor.py:186} INFO - Started process (PID=1586) to work on /home/airflow/.local/lib/python3.12/site-packages/airflow/example_dags/example_python_decorator.py
[2025-04-30T00:42:45.055+0000] {processor.py:914} INFO - Processing file /home/airflow/.local/lib/python3.12/site-packages/airflow/example_dags/example_python_decorator.py for tasks to queue
[2025-04-30T00:42:45.058+0000] {logging_mixin.py:190} INFO - [2025-04-30T00:42:45.058+0000] {dagbag.py:587} INFO - Filling up the DagBag from /home/airflow/.local/lib/python3.12/site-packages/airflow/example_dags/example_python_decorator.py
[2025-04-30T00:42:45.100+0000] {processor.py:925} INFO - DAG(s) 'example_python_decorator' retrieved from /home/airflow/.local/lib/python3.12/site-packages/airflow/example_dags/example_python_decorator.py
[2025-04-30T00:42:45.162+0000] {logging_mixin.py:190} INFO - [2025-04-30T00:42:45.162+0000] {dag.py:3211} INFO - Sync 1 DAGs
[2025-04-30T00:42:45.203+0000] {logging_mixin.py:190} INFO - [2025-04-30T00:42:45.202+0000] {dag.py:4138} INFO - Setting next_dagrun for example_python_decorator to None, run_after=None
[2025-04-30T00:42:45.242+0000] {processor.py:208} INFO - Processing /home/airflow/.local/lib/python3.12/site-packages/airflow/example_dags/example_python_decorator.py took 0.202 seconds
[2025-04-30T00:43:15.694+0000] {processor.py:186} INFO - Started process (PID=1649) to work on /home/airflow/.local/lib/python3.12/site-packages/airflow/example_dags/example_python_decorator.py
[2025-04-30T00:43:15.696+0000] {processor.py:914} INFO - Processing file /home/airflow/.local/lib/python3.12/site-packages/airflow/example_dags/example_python_decorator.py for tasks to queue
[2025-04-30T00:43:15.699+0000] {logging_mixin.py:190} INFO - [2025-04-30T00:43:15.698+0000] {dagbag.py:587} INFO - Filling up the DagBag from /home/airflow/.local/lib/python3.12/site-packages/airflow/example_dags/example_python_decorator.py
[2025-04-30T00:43:15.740+0000] {processor.py:925} INFO - DAG(s) 'example_python_decorator' retrieved from /home/airflow/.local/lib/python3.12/site-packages/airflow/example_dags/example_python_decorator.py
[2025-04-30T00:43:15.807+0000] {logging_mixin.py:190} INFO - [2025-04-30T00:43:15.806+0000] {dag.py:3211} INFO - Sync 1 DAGs
[2025-04-30T00:43:15.853+0000] {logging_mixin.py:190} INFO - [2025-04-30T00:43:15.852+0000] {dag.py:4138} INFO - Setting next_dagrun for example_python_decorator to None, run_after=None
[2025-04-30T00:43:15.909+0000] {processor.py:208} INFO - Processing /home/airflow/.local/lib/python3.12/site-packages/airflow/example_dags/example_python_decorator.py took 0.230 seconds
[2025-04-30T00:43:47.145+0000] {processor.py:186} INFO - Started process (PID=1712) to work on /home/airflow/.local/lib/python3.12/site-packages/airflow/example_dags/example_python_decorator.py
[2025-04-30T00:43:47.147+0000] {processor.py:914} INFO - Processing file /home/airflow/.local/lib/python3.12/site-packages/airflow/example_dags/example_python_decorator.py for tasks to queue
[2025-04-30T00:43:47.152+0000] {logging_mixin.py:190} INFO - [2025-04-30T00:43:47.151+0000] {dagbag.py:587} INFO - Filling up the DagBag from /home/airflow/.local/lib/python3.12/site-packages/airflow/example_dags/example_python_decorator.py
[2025-04-30T00:43:47.197+0000] {processor.py:925} INFO - DAG(s) 'example_python_decorator' retrieved from /home/airflow/.local/lib/python3.12/site-packages/airflow/example_dags/example_python_decorator.py
[2025-04-30T00:43:47.274+0000] {logging_mixin.py:190} INFO - [2025-04-30T00:43:47.274+0000] {dag.py:3211} INFO - Sync 1 DAGs
[2025-04-30T00:43:47.319+0000] {logging_mixin.py:190} INFO - [2025-04-30T00:43:47.319+0000] {dag.py:4138} INFO - Setting next_dagrun for example_python_decorator to None, run_after=None
[2025-04-30T00:43:47.460+0000] {processor.py:208} INFO - Processing /home/airflow/.local/lib/python3.12/site-packages/airflow/example_dags/example_python_decorator.py took 0.334 seconds
[2025-04-30T00:44:18.277+0000] {processor.py:186} INFO - Started process (PID=1775) to work on /home/airflow/.local/lib/python3.12/site-packages/airflow/example_dags/example_python_decorator.py
[2025-04-30T00:44:18.279+0000] {processor.py:914} INFO - Processing file /home/airflow/.local/lib/python3.12/site-packages/airflow/example_dags/example_python_decorator.py for tasks to queue
[2025-04-30T00:44:18.282+0000] {logging_mixin.py:190} INFO - [2025-04-30T00:44:18.281+0000] {dagbag.py:587} INFO - Filling up the DagBag from /home/airflow/.local/lib/python3.12/site-packages/airflow/example_dags/example_python_decorator.py
[2025-04-30T00:44:18.306+0000] {processor.py:925} INFO - DAG(s) 'example_python_decorator' retrieved from /home/airflow/.local/lib/python3.12/site-packages/airflow/example_dags/example_python_decorator.py
[2025-04-30T00:44:18.342+0000] {logging_mixin.py:190} INFO - [2025-04-30T00:44:18.342+0000] {dag.py:3211} INFO - Sync 1 DAGs
[2025-04-30T00:44:18.361+0000] {logging_mixin.py:190} INFO - [2025-04-30T00:44:18.360+0000] {dag.py:4138} INFO - Setting next_dagrun for example_python_decorator to None, run_after=None
[2025-04-30T00:44:18.390+0000] {processor.py:208} INFO - Processing /home/airflow/.local/lib/python3.12/site-packages/airflow/example_dags/example_python_decorator.py took 0.123 seconds
[2025-04-30T00:44:49.240+0000] {processor.py:186} INFO - Started process (PID=1838) to work on /home/airflow/.local/lib/python3.12/site-packages/airflow/example_dags/example_python_decorator.py
[2025-04-30T00:44:49.242+0000] {processor.py:914} INFO - Processing file /home/airflow/.local/lib/python3.12/site-packages/airflow/example_dags/example_python_decorator.py for tasks to queue
[2025-04-30T00:44:49.243+0000] {logging_mixin.py:190} INFO - [2025-04-30T00:44:49.243+0000] {dagbag.py:587} INFO - Filling up the DagBag from /home/airflow/.local/lib/python3.12/site-packages/airflow/example_dags/example_python_decorator.py
[2025-04-30T00:44:49.267+0000] {processor.py:925} INFO - DAG(s) 'example_python_decorator' retrieved from /home/airflow/.local/lib/python3.12/site-packages/airflow/example_dags/example_python_decorator.py
[2025-04-30T00:44:49.306+0000] {logging_mixin.py:190} INFO - [2025-04-30T00:44:49.305+0000] {dag.py:3211} INFO - Sync 1 DAGs
[2025-04-30T00:44:49.327+0000] {logging_mixin.py:190} INFO - [2025-04-30T00:44:49.326+0000] {dag.py:4138} INFO - Setting next_dagrun for example_python_decorator to None, run_after=None
[2025-04-30T00:44:49.351+0000] {processor.py:208} INFO - Processing /home/airflow/.local/lib/python3.12/site-packages/airflow/example_dags/example_python_decorator.py took 0.121 seconds
[2025-04-30T00:45:19.713+0000] {processor.py:186} INFO - Started process (PID=1907) to work on /home/airflow/.local/lib/python3.12/site-packages/airflow/example_dags/example_python_decorator.py
[2025-04-30T00:45:19.714+0000] {processor.py:914} INFO - Processing file /home/airflow/.local/lib/python3.12/site-packages/airflow/example_dags/example_python_decorator.py for tasks to queue
[2025-04-30T00:45:19.716+0000] {logging_mixin.py:190} INFO - [2025-04-30T00:45:19.715+0000] {dagbag.py:587} INFO - Filling up the DagBag from /home/airflow/.local/lib/python3.12/site-packages/airflow/example_dags/example_python_decorator.py
[2025-04-30T00:45:19.731+0000] {processor.py:925} INFO - DAG(s) 'example_python_decorator' retrieved from /home/airflow/.local/lib/python3.12/site-packages/airflow/example_dags/example_python_decorator.py
[2025-04-30T00:45:19.756+0000] {logging_mixin.py:190} INFO - [2025-04-30T00:45:19.755+0000] {dag.py:3211} INFO - Sync 1 DAGs
[2025-04-30T00:45:19.771+0000] {logging_mixin.py:190} INFO - [2025-04-30T00:45:19.771+0000] {dag.py:4138} INFO - Setting next_dagrun for example_python_decorator to None, run_after=None
[2025-04-30T00:45:19.795+0000] {processor.py:208} INFO - Processing /home/airflow/.local/lib/python3.12/site-packages/airflow/example_dags/example_python_decorator.py took 0.090 seconds
[2025-04-30T00:45:50.713+0000] {processor.py:186} INFO - Started process (PID=1970) to work on /home/airflow/.local/lib/python3.12/site-packages/airflow/example_dags/example_python_decorator.py
[2025-04-30T00:45:50.714+0000] {processor.py:914} INFO - Processing file /home/airflow/.local/lib/python3.12/site-packages/airflow/example_dags/example_python_decorator.py for tasks to queue
[2025-04-30T00:45:50.716+0000] {logging_mixin.py:190} INFO - [2025-04-30T00:45:50.716+0000] {dagbag.py:587} INFO - Filling up the DagBag from /home/airflow/.local/lib/python3.12/site-packages/airflow/example_dags/example_python_decorator.py
[2025-04-30T00:45:50.734+0000] {processor.py:925} INFO - DAG(s) 'example_python_decorator' retrieved from /home/airflow/.local/lib/python3.12/site-packages/airflow/example_dags/example_python_decorator.py
[2025-04-30T00:45:50.764+0000] {logging_mixin.py:190} INFO - [2025-04-30T00:45:50.764+0000] {dag.py:3211} INFO - Sync 1 DAGs
[2025-04-30T00:45:50.780+0000] {logging_mixin.py:190} INFO - [2025-04-30T00:45:50.780+0000] {dag.py:4138} INFO - Setting next_dagrun for example_python_decorator to None, run_after=None
[2025-04-30T00:45:50.801+0000] {processor.py:208} INFO - Processing /home/airflow/.local/lib/python3.12/site-packages/airflow/example_dags/example_python_decorator.py took 0.098 seconds
[2025-04-30T00:46:21.262+0000] {processor.py:186} INFO - Started process (PID=2033) to work on /home/airflow/.local/lib/python3.12/site-packages/airflow/example_dags/example_python_decorator.py
[2025-04-30T00:46:21.264+0000] {processor.py:914} INFO - Processing file /home/airflow/.local/lib/python3.12/site-packages/airflow/example_dags/example_python_decorator.py for tasks to queue
[2025-04-30T00:46:21.265+0000] {logging_mixin.py:190} INFO - [2025-04-30T00:46:21.265+0000] {dagbag.py:587} INFO - Filling up the DagBag from /home/airflow/.local/lib/python3.12/site-packages/airflow/example_dags/example_python_decorator.py
[2025-04-30T00:46:21.282+0000] {processor.py:925} INFO - DAG(s) 'example_python_decorator' retrieved from /home/airflow/.local/lib/python3.12/site-packages/airflow/example_dags/example_python_decorator.py
[2025-04-30T00:46:21.310+0000] {logging_mixin.py:190} INFO - [2025-04-30T00:46:21.310+0000] {dag.py:3211} INFO - Sync 1 DAGs
[2025-04-30T00:46:21.326+0000] {logging_mixin.py:190} INFO - [2025-04-30T00:46:21.325+0000] {dag.py:4138} INFO - Setting next_dagrun for example_python_decorator to None, run_after=None
[2025-04-30T00:46:21.355+0000] {processor.py:208} INFO - Processing /home/airflow/.local/lib/python3.12/site-packages/airflow/example_dags/example_python_decorator.py took 0.099 seconds
[2025-04-30T00:46:51.594+0000] {processor.py:186} INFO - Started process (PID=2095) to work on /home/airflow/.local/lib/python3.12/site-packages/airflow/example_dags/example_python_decorator.py
[2025-04-30T00:46:51.595+0000] {processor.py:914} INFO - Processing file /home/airflow/.local/lib/python3.12/site-packages/airflow/example_dags/example_python_decorator.py for tasks to queue
[2025-04-30T00:46:51.597+0000] {logging_mixin.py:190} INFO - [2025-04-30T00:46:51.597+0000] {dagbag.py:587} INFO - Filling up the DagBag from /home/airflow/.local/lib/python3.12/site-packages/airflow/example_dags/example_python_decorator.py
[2025-04-30T00:46:51.612+0000] {processor.py:925} INFO - DAG(s) 'example_python_decorator' retrieved from /home/airflow/.local/lib/python3.12/site-packages/airflow/example_dags/example_python_decorator.py
[2025-04-30T00:46:51.638+0000] {logging_mixin.py:190} INFO - [2025-04-30T00:46:51.637+0000] {dag.py:3211} INFO - Sync 1 DAGs
[2025-04-30T00:46:51.656+0000] {logging_mixin.py:190} INFO - [2025-04-30T00:46:51.655+0000] {dag.py:4138} INFO - Setting next_dagrun for example_python_decorator to None, run_after=None
[2025-04-30T00:46:51.684+0000] {processor.py:208} INFO - Processing /home/airflow/.local/lib/python3.12/site-packages/airflow/example_dags/example_python_decorator.py took 0.097 seconds
[2025-04-30T00:47:22.404+0000] {processor.py:186} INFO - Started process (PID=2159) to work on /home/airflow/.local/lib/python3.12/site-packages/airflow/example_dags/example_python_decorator.py
[2025-04-30T00:47:22.405+0000] {processor.py:914} INFO - Processing file /home/airflow/.local/lib/python3.12/site-packages/airflow/example_dags/example_python_decorator.py for tasks to queue
[2025-04-30T00:47:22.407+0000] {logging_mixin.py:190} INFO - [2025-04-30T00:47:22.406+0000] {dagbag.py:587} INFO - Filling up the DagBag from /home/airflow/.local/lib/python3.12/site-packages/airflow/example_dags/example_python_decorator.py
[2025-04-30T00:47:22.423+0000] {processor.py:925} INFO - DAG(s) 'example_python_decorator' retrieved from /home/airflow/.local/lib/python3.12/site-packages/airflow/example_dags/example_python_decorator.py
[2025-04-30T00:47:22.449+0000] {logging_mixin.py:190} INFO - [2025-04-30T00:47:22.449+0000] {dag.py:3211} INFO - Sync 1 DAGs
[2025-04-30T00:47:22.465+0000] {logging_mixin.py:190} INFO - [2025-04-30T00:47:22.464+0000] {dag.py:4138} INFO - Setting next_dagrun for example_python_decorator to None, run_after=None
[2025-04-30T00:47:22.496+0000] {processor.py:208} INFO - Processing /home/airflow/.local/lib/python3.12/site-packages/airflow/example_dags/example_python_decorator.py took 0.099 seconds
[2025-04-30T00:47:52.603+0000] {processor.py:186} INFO - Started process (PID=2221) to work on /home/airflow/.local/lib/python3.12/site-packages/airflow/example_dags/example_python_decorator.py
[2025-04-30T00:47:52.604+0000] {processor.py:914} INFO - Processing file /home/airflow/.local/lib/python3.12/site-packages/airflow/example_dags/example_python_decorator.py for tasks to queue
[2025-04-30T00:47:52.606+0000] {logging_mixin.py:190} INFO - [2025-04-30T00:47:52.605+0000] {dagbag.py:587} INFO - Filling up the DagBag from /home/airflow/.local/lib/python3.12/site-packages/airflow/example_dags/example_python_decorator.py
[2025-04-30T00:47:52.622+0000] {processor.py:925} INFO - DAG(s) 'example_python_decorator' retrieved from /home/airflow/.local/lib/python3.12/site-packages/airflow/example_dags/example_python_decorator.py
[2025-04-30T00:47:52.649+0000] {logging_mixin.py:190} INFO - [2025-04-30T00:47:52.649+0000] {dag.py:3211} INFO - Sync 1 DAGs
[2025-04-30T00:47:52.666+0000] {logging_mixin.py:190} INFO - [2025-04-30T00:47:52.666+0000] {dag.py:4138} INFO - Setting next_dagrun for example_python_decorator to None, run_after=None
[2025-04-30T00:47:52.689+0000] {processor.py:208} INFO - Processing /home/airflow/.local/lib/python3.12/site-packages/airflow/example_dags/example_python_decorator.py took 0.093 seconds
[2025-04-30T00:48:22.769+0000] {processor.py:186} INFO - Started process (PID=2284) to work on /home/airflow/.local/lib/python3.12/site-packages/airflow/example_dags/example_python_decorator.py
[2025-04-30T00:48:22.770+0000] {processor.py:914} INFO - Processing file /home/airflow/.local/lib/python3.12/site-packages/airflow/example_dags/example_python_decorator.py for tasks to queue
[2025-04-30T00:48:22.772+0000] {logging_mixin.py:190} INFO - [2025-04-30T00:48:22.771+0000] {dagbag.py:587} INFO - Filling up the DagBag from /home/airflow/.local/lib/python3.12/site-packages/airflow/example_dags/example_python_decorator.py
[2025-04-30T00:48:22.792+0000] {processor.py:925} INFO - DAG(s) 'example_python_decorator' retrieved from /home/airflow/.local/lib/python3.12/site-packages/airflow/example_dags/example_python_decorator.py
[2025-04-30T00:48:22.824+0000] {logging_mixin.py:190} INFO - [2025-04-30T00:48:22.823+0000] {dag.py:3211} INFO - Sync 1 DAGs
[2025-04-30T00:48:22.843+0000] {logging_mixin.py:190} INFO - [2025-04-30T00:48:22.843+0000] {dag.py:4138} INFO - Setting next_dagrun for example_python_decorator to None, run_after=None
[2025-04-30T00:48:22.875+0000] {processor.py:208} INFO - Processing /home/airflow/.local/lib/python3.12/site-packages/airflow/example_dags/example_python_decorator.py took 0.115 seconds
[2025-04-30T00:48:53.616+0000] {processor.py:186} INFO - Started process (PID=2347) to work on /home/airflow/.local/lib/python3.12/site-packages/airflow/example_dags/example_python_decorator.py
[2025-04-30T00:48:53.617+0000] {processor.py:914} INFO - Processing file /home/airflow/.local/lib/python3.12/site-packages/airflow/example_dags/example_python_decorator.py for tasks to queue
[2025-04-30T00:48:53.619+0000] {logging_mixin.py:190} INFO - [2025-04-30T00:48:53.618+0000] {dagbag.py:587} INFO - Filling up the DagBag from /home/airflow/.local/lib/python3.12/site-packages/airflow/example_dags/example_python_decorator.py
[2025-04-30T00:48:53.639+0000] {processor.py:925} INFO - DAG(s) 'example_python_decorator' retrieved from /home/airflow/.local/lib/python3.12/site-packages/airflow/example_dags/example_python_decorator.py
[2025-04-30T00:48:53.667+0000] {logging_mixin.py:190} INFO - [2025-04-30T00:48:53.666+0000] {dag.py:3211} INFO - Sync 1 DAGs
[2025-04-30T00:48:53.684+0000] {logging_mixin.py:190} INFO - [2025-04-30T00:48:53.683+0000] {dag.py:4138} INFO - Setting next_dagrun for example_python_decorator to None, run_after=None
[2025-04-30T00:48:53.709+0000] {processor.py:208} INFO - Processing /home/airflow/.local/lib/python3.12/site-packages/airflow/example_dags/example_python_decorator.py took 0.101 seconds
[2025-04-30T00:49:24.139+0000] {processor.py:186} INFO - Started process (PID=2410) to work on /home/airflow/.local/lib/python3.12/site-packages/airflow/example_dags/example_python_decorator.py
[2025-04-30T00:49:24.140+0000] {processor.py:914} INFO - Processing file /home/airflow/.local/lib/python3.12/site-packages/airflow/example_dags/example_python_decorator.py for tasks to queue
[2025-04-30T00:49:24.141+0000] {logging_mixin.py:190} INFO - [2025-04-30T00:49:24.141+0000] {dagbag.py:587} INFO - Filling up the DagBag from /home/airflow/.local/lib/python3.12/site-packages/airflow/example_dags/example_python_decorator.py
[2025-04-30T00:49:24.157+0000] {processor.py:925} INFO - DAG(s) 'example_python_decorator' retrieved from /home/airflow/.local/lib/python3.12/site-packages/airflow/example_dags/example_python_decorator.py
[2025-04-30T00:49:24.185+0000] {logging_mixin.py:190} INFO - [2025-04-30T00:49:24.184+0000] {dag.py:3211} INFO - Sync 1 DAGs
[2025-04-30T00:49:24.200+0000] {logging_mixin.py:190} INFO - [2025-04-30T00:49:24.200+0000] {dag.py:4138} INFO - Setting next_dagrun for example_python_decorator to None, run_after=None
[2025-04-30T00:49:24.222+0000] {processor.py:208} INFO - Processing /home/airflow/.local/lib/python3.12/site-packages/airflow/example_dags/example_python_decorator.py took 0.090 seconds
[2025-04-30T00:49:55.056+0000] {processor.py:186} INFO - Started process (PID=2473) to work on /home/airflow/.local/lib/python3.12/site-packages/airflow/example_dags/example_python_decorator.py
[2025-04-30T00:49:55.057+0000] {processor.py:914} INFO - Processing file /home/airflow/.local/lib/python3.12/site-packages/airflow/example_dags/example_python_decorator.py for tasks to queue
[2025-04-30T00:49:55.059+0000] {logging_mixin.py:190} INFO - [2025-04-30T00:49:55.059+0000] {dagbag.py:587} INFO - Filling up the DagBag from /home/airflow/.local/lib/python3.12/site-packages/airflow/example_dags/example_python_decorator.py
[2025-04-30T00:49:55.091+0000] {processor.py:925} INFO - DAG(s) 'example_python_decorator' retrieved from /home/airflow/.local/lib/python3.12/site-packages/airflow/example_dags/example_python_decorator.py
[2025-04-30T00:49:55.126+0000] {logging_mixin.py:190} INFO - [2025-04-30T00:49:55.126+0000] {dag.py:3211} INFO - Sync 1 DAGs
[2025-04-30T00:49:55.149+0000] {logging_mixin.py:190} INFO - [2025-04-30T00:49:55.149+0000] {dag.py:4138} INFO - Setting next_dagrun for example_python_decorator to None, run_after=None
[2025-04-30T00:49:55.180+0000] {processor.py:208} INFO - Processing /home/airflow/.local/lib/python3.12/site-packages/airflow/example_dags/example_python_decorator.py took 0.133 seconds
[2025-04-30T00:50:25.374+0000] {processor.py:186} INFO - Started process (PID=2537) to work on /home/airflow/.local/lib/python3.12/site-packages/airflow/example_dags/example_python_decorator.py
[2025-04-30T00:50:25.375+0000] {processor.py:914} INFO - Processing file /home/airflow/.local/lib/python3.12/site-packages/airflow/example_dags/example_python_decorator.py for tasks to queue
[2025-04-30T00:50:25.377+0000] {logging_mixin.py:190} INFO - [2025-04-30T00:50:25.376+0000] {dagbag.py:587} INFO - Filling up the DagBag from /home/airflow/.local/lib/python3.12/site-packages/airflow/example_dags/example_python_decorator.py
[2025-04-30T00:50:25.394+0000] {processor.py:925} INFO - DAG(s) 'example_python_decorator' retrieved from /home/airflow/.local/lib/python3.12/site-packages/airflow/example_dags/example_python_decorator.py
[2025-04-30T00:50:25.425+0000] {logging_mixin.py:190} INFO - [2025-04-30T00:50:25.424+0000] {dag.py:3211} INFO - Sync 1 DAGs
[2025-04-30T00:50:25.443+0000] {logging_mixin.py:190} INFO - [2025-04-30T00:50:25.443+0000] {dag.py:4138} INFO - Setting next_dagrun for example_python_decorator to None, run_after=None
[2025-04-30T00:50:25.466+0000] {processor.py:208} INFO - Processing /home/airflow/.local/lib/python3.12/site-packages/airflow/example_dags/example_python_decorator.py took 0.099 seconds
[2025-04-30T00:50:56.184+0000] {processor.py:186} INFO - Started process (PID=2600) to work on /home/airflow/.local/lib/python3.12/site-packages/airflow/example_dags/example_python_decorator.py
[2025-04-30T00:50:56.185+0000] {processor.py:914} INFO - Processing file /home/airflow/.local/lib/python3.12/site-packages/airflow/example_dags/example_python_decorator.py for tasks to queue
[2025-04-30T00:50:56.187+0000] {logging_mixin.py:190} INFO - [2025-04-30T00:50:56.187+0000] {dagbag.py:587} INFO - Filling up the DagBag from /home/airflow/.local/lib/python3.12/site-packages/airflow/example_dags/example_python_decorator.py
[2025-04-30T00:50:56.212+0000] {processor.py:925} INFO - DAG(s) 'example_python_decorator' retrieved from /home/airflow/.local/lib/python3.12/site-packages/airflow/example_dags/example_python_decorator.py
[2025-04-30T00:50:56.248+0000] {logging_mixin.py:190} INFO - [2025-04-30T00:50:56.248+0000] {dag.py:3211} INFO - Sync 1 DAGs
[2025-04-30T00:50:56.271+0000] {logging_mixin.py:190} INFO - [2025-04-30T00:50:56.271+0000] {dag.py:4138} INFO - Setting next_dagrun for example_python_decorator to None, run_after=None
[2025-04-30T00:50:56.296+0000] {processor.py:208} INFO - Processing /home/airflow/.local/lib/python3.12/site-packages/airflow/example_dags/example_python_decorator.py took 0.120 seconds
[2025-04-30T00:51:26.602+0000] {processor.py:186} INFO - Started process (PID=2663) to work on /home/airflow/.local/lib/python3.12/site-packages/airflow/example_dags/example_python_decorator.py
[2025-04-30T00:51:26.604+0000] {processor.py:914} INFO - Processing file /home/airflow/.local/lib/python3.12/site-packages/airflow/example_dags/example_python_decorator.py for tasks to queue
[2025-04-30T00:51:26.605+0000] {logging_mixin.py:190} INFO - [2025-04-30T00:51:26.605+0000] {dagbag.py:587} INFO - Filling up the DagBag from /home/airflow/.local/lib/python3.12/site-packages/airflow/example_dags/example_python_decorator.py
[2025-04-30T00:51:26.620+0000] {processor.py:925} INFO - DAG(s) 'example_python_decorator' retrieved from /home/airflow/.local/lib/python3.12/site-packages/airflow/example_dags/example_python_decorator.py
[2025-04-30T00:51:26.646+0000] {logging_mixin.py:190} INFO - [2025-04-30T00:51:26.646+0000] {dag.py:3211} INFO - Sync 1 DAGs
[2025-04-30T00:51:26.661+0000] {logging_mixin.py:190} INFO - [2025-04-30T00:51:26.661+0000] {dag.py:4138} INFO - Setting next_dagrun for example_python_decorator to None, run_after=None
[2025-04-30T00:51:26.685+0000] {processor.py:208} INFO - Processing /home/airflow/.local/lib/python3.12/site-packages/airflow/example_dags/example_python_decorator.py took 0.088 seconds
[2025-04-30T00:59:35.622+0000] {processor.py:186} INFO - Started process (PID=2751) to work on /home/airflow/.local/lib/python3.12/site-packages/airflow/example_dags/example_python_decorator.py
[2025-04-30T00:59:35.624+0000] {processor.py:914} INFO - Processing file /home/airflow/.local/lib/python3.12/site-packages/airflow/example_dags/example_python_decorator.py for tasks to queue
[2025-04-30T00:59:35.626+0000] {logging_mixin.py:190} INFO - [2025-04-30T00:59:35.625+0000] {dagbag.py:587} INFO - Filling up the DagBag from /home/airflow/.local/lib/python3.12/site-packages/airflow/example_dags/example_python_decorator.py
[2025-04-30T00:59:35.655+0000] {processor.py:925} INFO - DAG(s) 'example_python_decorator' retrieved from /home/airflow/.local/lib/python3.12/site-packages/airflow/example_dags/example_python_decorator.py
[2025-04-30T00:59:35.698+0000] {logging_mixin.py:190} INFO - [2025-04-30T00:59:35.698+0000] {dag.py:3211} INFO - Sync 1 DAGs
[2025-04-30T00:59:35.730+0000] {logging_mixin.py:190} INFO - [2025-04-30T00:59:35.730+0000] {dag.py:4138} INFO - Setting next_dagrun for example_python_decorator to None, run_after=None
[2025-04-30T00:59:35.780+0000] {processor.py:208} INFO - Processing /home/airflow/.local/lib/python3.12/site-packages/airflow/example_dags/example_python_decorator.py took 0.167 seconds
[2025-04-30T01:00:06.175+0000] {processor.py:186} INFO - Started process (PID=2820) to work on /home/airflow/.local/lib/python3.12/site-packages/airflow/example_dags/example_python_decorator.py
[2025-04-30T01:00:06.176+0000] {processor.py:914} INFO - Processing file /home/airflow/.local/lib/python3.12/site-packages/airflow/example_dags/example_python_decorator.py for tasks to queue
[2025-04-30T01:00:06.177+0000] {logging_mixin.py:190} INFO - [2025-04-30T01:00:06.177+0000] {dagbag.py:587} INFO - Filling up the DagBag from /home/airflow/.local/lib/python3.12/site-packages/airflow/example_dags/example_python_decorator.py
[2025-04-30T01:00:06.198+0000] {processor.py:925} INFO - DAG(s) 'example_python_decorator' retrieved from /home/airflow/.local/lib/python3.12/site-packages/airflow/example_dags/example_python_decorator.py
[2025-04-30T01:00:06.227+0000] {logging_mixin.py:190} INFO - [2025-04-30T01:00:06.227+0000] {dag.py:3211} INFO - Sync 1 DAGs
[2025-04-30T01:00:06.244+0000] {logging_mixin.py:190} INFO - [2025-04-30T01:00:06.243+0000] {dag.py:4138} INFO - Setting next_dagrun for example_python_decorator to None, run_after=None
[2025-04-30T01:00:06.268+0000] {processor.py:208} INFO - Processing /home/airflow/.local/lib/python3.12/site-packages/airflow/example_dags/example_python_decorator.py took 0.100 seconds
[2025-04-30T01:00:36.539+0000] {processor.py:186} INFO - Started process (PID=2883) to work on /home/airflow/.local/lib/python3.12/site-packages/airflow/example_dags/example_python_decorator.py
[2025-04-30T01:00:36.540+0000] {processor.py:914} INFO - Processing file /home/airflow/.local/lib/python3.12/site-packages/airflow/example_dags/example_python_decorator.py for tasks to queue
[2025-04-30T01:00:36.542+0000] {logging_mixin.py:190} INFO - [2025-04-30T01:00:36.541+0000] {dagbag.py:587} INFO - Filling up the DagBag from /home/airflow/.local/lib/python3.12/site-packages/airflow/example_dags/example_python_decorator.py
[2025-04-30T01:00:36.566+0000] {processor.py:925} INFO - DAG(s) 'example_python_decorator' retrieved from /home/airflow/.local/lib/python3.12/site-packages/airflow/example_dags/example_python_decorator.py
[2025-04-30T01:00:36.593+0000] {logging_mixin.py:190} INFO - [2025-04-30T01:00:36.593+0000] {dag.py:3211} INFO - Sync 1 DAGs
[2025-04-30T01:00:36.610+0000] {logging_mixin.py:190} INFO - [2025-04-30T01:00:36.610+0000] {dag.py:4138} INFO - Setting next_dagrun for example_python_decorator to None, run_after=None
[2025-04-30T01:00:36.633+0000] {processor.py:208} INFO - Processing /home/airflow/.local/lib/python3.12/site-packages/airflow/example_dags/example_python_decorator.py took 0.101 seconds
[2025-04-30T01:01:07.294+0000] {processor.py:186} INFO - Started process (PID=2947) to work on /home/airflow/.local/lib/python3.12/site-packages/airflow/example_dags/example_python_decorator.py
[2025-04-30T01:01:07.295+0000] {processor.py:914} INFO - Processing file /home/airflow/.local/lib/python3.12/site-packages/airflow/example_dags/example_python_decorator.py for tasks to queue
[2025-04-30T01:01:07.297+0000] {logging_mixin.py:190} INFO - [2025-04-30T01:01:07.296+0000] {dagbag.py:587} INFO - Filling up the DagBag from /home/airflow/.local/lib/python3.12/site-packages/airflow/example_dags/example_python_decorator.py
[2025-04-30T01:01:07.316+0000] {processor.py:925} INFO - DAG(s) 'example_python_decorator' retrieved from /home/airflow/.local/lib/python3.12/site-packages/airflow/example_dags/example_python_decorator.py
[2025-04-30T01:01:07.348+0000] {logging_mixin.py:190} INFO - [2025-04-30T01:01:07.347+0000] {dag.py:3211} INFO - Sync 1 DAGs
[2025-04-30T01:01:07.366+0000] {logging_mixin.py:190} INFO - [2025-04-30T01:01:07.366+0000] {dag.py:4138} INFO - Setting next_dagrun for example_python_decorator to None, run_after=None
[2025-04-30T01:01:07.389+0000] {processor.py:208} INFO - Processing /home/airflow/.local/lib/python3.12/site-packages/airflow/example_dags/example_python_decorator.py took 0.103 seconds
[2025-04-30T01:01:38.795+0000] {processor.py:186} INFO - Started process (PID=3010) to work on /home/airflow/.local/lib/python3.12/site-packages/airflow/example_dags/example_python_decorator.py
[2025-04-30T01:01:38.796+0000] {processor.py:914} INFO - Processing file /home/airflow/.local/lib/python3.12/site-packages/airflow/example_dags/example_python_decorator.py for tasks to queue
[2025-04-30T01:01:38.797+0000] {logging_mixin.py:190} INFO - [2025-04-30T01:01:38.797+0000] {dagbag.py:587} INFO - Filling up the DagBag from /home/airflow/.local/lib/python3.12/site-packages/airflow/example_dags/example_python_decorator.py
[2025-04-30T01:01:38.813+0000] {processor.py:925} INFO - DAG(s) 'example_python_decorator' retrieved from /home/airflow/.local/lib/python3.12/site-packages/airflow/example_dags/example_python_decorator.py
[2025-04-30T01:01:38.840+0000] {logging_mixin.py:190} INFO - [2025-04-30T01:01:38.840+0000] {dag.py:3211} INFO - Sync 1 DAGs
[2025-04-30T01:01:38.861+0000] {logging_mixin.py:190} INFO - [2025-04-30T01:01:38.861+0000] {dag.py:4138} INFO - Setting next_dagrun for example_python_decorator to None, run_after=None
[2025-04-30T01:01:38.886+0000] {processor.py:208} INFO - Processing /home/airflow/.local/lib/python3.12/site-packages/airflow/example_dags/example_python_decorator.py took 0.098 seconds
[2025-04-30T01:02:09.923+0000] {processor.py:186} INFO - Started process (PID=3075) to work on /home/airflow/.local/lib/python3.12/site-packages/airflow/example_dags/example_python_decorator.py
[2025-04-30T01:02:09.925+0000] {processor.py:914} INFO - Processing file /home/airflow/.local/lib/python3.12/site-packages/airflow/example_dags/example_python_decorator.py for tasks to queue
[2025-04-30T01:02:09.927+0000] {logging_mixin.py:190} INFO - [2025-04-30T01:02:09.927+0000] {dagbag.py:587} INFO - Filling up the DagBag from /home/airflow/.local/lib/python3.12/site-packages/airflow/example_dags/example_python_decorator.py
[2025-04-30T01:02:09.949+0000] {processor.py:925} INFO - DAG(s) 'example_python_decorator' retrieved from /home/airflow/.local/lib/python3.12/site-packages/airflow/example_dags/example_python_decorator.py
[2025-04-30T01:02:09.978+0000] {logging_mixin.py:190} INFO - [2025-04-30T01:02:09.978+0000] {dag.py:3211} INFO - Sync 1 DAGs
[2025-04-30T01:02:09.997+0000] {logging_mixin.py:190} INFO - [2025-04-30T01:02:09.997+0000] {dag.py:4138} INFO - Setting next_dagrun for example_python_decorator to None, run_after=None
[2025-04-30T01:02:10.221+0000] {processor.py:208} INFO - Processing /home/airflow/.local/lib/python3.12/site-packages/airflow/example_dags/example_python_decorator.py took 0.305 seconds
[2025-04-30T01:02:40.577+0000] {processor.py:186} INFO - Started process (PID=3137) to work on /home/airflow/.local/lib/python3.12/site-packages/airflow/example_dags/example_python_decorator.py
[2025-04-30T01:02:40.579+0000] {processor.py:914} INFO - Processing file /home/airflow/.local/lib/python3.12/site-packages/airflow/example_dags/example_python_decorator.py for tasks to queue
[2025-04-30T01:02:40.580+0000] {logging_mixin.py:190} INFO - [2025-04-30T01:02:40.580+0000] {dagbag.py:587} INFO - Filling up the DagBag from /home/airflow/.local/lib/python3.12/site-packages/airflow/example_dags/example_python_decorator.py
[2025-04-30T01:02:40.597+0000] {processor.py:925} INFO - DAG(s) 'example_python_decorator' retrieved from /home/airflow/.local/lib/python3.12/site-packages/airflow/example_dags/example_python_decorator.py
[2025-04-30T01:02:40.623+0000] {logging_mixin.py:190} INFO - [2025-04-30T01:02:40.623+0000] {dag.py:3211} INFO - Sync 1 DAGs
[2025-04-30T01:02:40.641+0000] {logging_mixin.py:190} INFO - [2025-04-30T01:02:40.640+0000] {dag.py:4138} INFO - Setting next_dagrun for example_python_decorator to None, run_after=None
[2025-04-30T01:02:40.662+0000] {processor.py:208} INFO - Processing /home/airflow/.local/lib/python3.12/site-packages/airflow/example_dags/example_python_decorator.py took 0.091 seconds
[2025-04-30T01:03:11.729+0000] {processor.py:186} INFO - Started process (PID=3200) to work on /home/airflow/.local/lib/python3.12/site-packages/airflow/example_dags/example_python_decorator.py
[2025-04-30T01:03:11.731+0000] {processor.py:914} INFO - Processing file /home/airflow/.local/lib/python3.12/site-packages/airflow/example_dags/example_python_decorator.py for tasks to queue
[2025-04-30T01:03:11.733+0000] {logging_mixin.py:190} INFO - [2025-04-30T01:03:11.732+0000] {dagbag.py:587} INFO - Filling up the DagBag from /home/airflow/.local/lib/python3.12/site-packages/airflow/example_dags/example_python_decorator.py
[2025-04-30T01:03:11.750+0000] {processor.py:925} INFO - DAG(s) 'example_python_decorator' retrieved from /home/airflow/.local/lib/python3.12/site-packages/airflow/example_dags/example_python_decorator.py
[2025-04-30T01:03:11.779+0000] {logging_mixin.py:190} INFO - [2025-04-30T01:03:11.779+0000] {dag.py:3211} INFO - Sync 1 DAGs
[2025-04-30T01:03:11.801+0000] {logging_mixin.py:190} INFO - [2025-04-30T01:03:11.800+0000] {dag.py:4138} INFO - Setting next_dagrun for example_python_decorator to None, run_after=None
[2025-04-30T01:03:11.824+0000] {processor.py:208} INFO - Processing /home/airflow/.local/lib/python3.12/site-packages/airflow/example_dags/example_python_decorator.py took 0.101 seconds
[2025-04-30T01:03:44.184+0000] {processor.py:186} INFO - Started process (PID=3263) to work on /home/airflow/.local/lib/python3.12/site-packages/airflow/example_dags/example_python_decorator.py
[2025-04-30T01:03:44.186+0000] {processor.py:914} INFO - Processing file /home/airflow/.local/lib/python3.12/site-packages/airflow/example_dags/example_python_decorator.py for tasks to queue
[2025-04-30T01:03:44.187+0000] {logging_mixin.py:190} INFO - [2025-04-30T01:03:44.187+0000] {dagbag.py:587} INFO - Filling up the DagBag from /home/airflow/.local/lib/python3.12/site-packages/airflow/example_dags/example_python_decorator.py
[2025-04-30T01:03:44.203+0000] {processor.py:925} INFO - DAG(s) 'example_python_decorator' retrieved from /home/airflow/.local/lib/python3.12/site-packages/airflow/example_dags/example_python_decorator.py
[2025-04-30T01:03:44.228+0000] {logging_mixin.py:190} INFO - [2025-04-30T01:03:44.227+0000] {dag.py:3211} INFO - Sync 1 DAGs
[2025-04-30T01:03:44.247+0000] {logging_mixin.py:190} INFO - [2025-04-30T01:03:44.247+0000] {dag.py:4138} INFO - Setting next_dagrun for example_python_decorator to None, run_after=None
[2025-04-30T01:03:44.271+0000] {processor.py:208} INFO - Processing /home/airflow/.local/lib/python3.12/site-packages/airflow/example_dags/example_python_decorator.py took 0.093 seconds
[2025-04-30T01:04:15.680+0000] {processor.py:186} INFO - Started process (PID=3326) to work on /home/airflow/.local/lib/python3.12/site-packages/airflow/example_dags/example_python_decorator.py
[2025-04-30T01:04:15.682+0000] {processor.py:914} INFO - Processing file /home/airflow/.local/lib/python3.12/site-packages/airflow/example_dags/example_python_decorator.py for tasks to queue
[2025-04-30T01:04:15.684+0000] {logging_mixin.py:190} INFO - [2025-04-30T01:04:15.683+0000] {dagbag.py:587} INFO - Filling up the DagBag from /home/airflow/.local/lib/python3.12/site-packages/airflow/example_dags/example_python_decorator.py
[2025-04-30T01:04:15.700+0000] {processor.py:925} INFO - DAG(s) 'example_python_decorator' retrieved from /home/airflow/.local/lib/python3.12/site-packages/airflow/example_dags/example_python_decorator.py
[2025-04-30T01:04:15.723+0000] {logging_mixin.py:190} INFO - [2025-04-30T01:04:15.723+0000] {dag.py:3211} INFO - Sync 1 DAGs
[2025-04-30T01:04:15.744+0000] {logging_mixin.py:190} INFO - [2025-04-30T01:04:15.744+0000] {dag.py:4138} INFO - Setting next_dagrun for example_python_decorator to None, run_after=None
[2025-04-30T01:04:15.767+0000] {processor.py:208} INFO - Processing /home/airflow/.local/lib/python3.12/site-packages/airflow/example_dags/example_python_decorator.py took 0.094 seconds
[2025-04-30T01:04:46.656+0000] {processor.py:186} INFO - Started process (PID=3389) to work on /home/airflow/.local/lib/python3.12/site-packages/airflow/example_dags/example_python_decorator.py
[2025-04-30T01:04:46.657+0000] {processor.py:914} INFO - Processing file /home/airflow/.local/lib/python3.12/site-packages/airflow/example_dags/example_python_decorator.py for tasks to queue
[2025-04-30T01:04:46.658+0000] {logging_mixin.py:190} INFO - [2025-04-30T01:04:46.658+0000] {dagbag.py:587} INFO - Filling up the DagBag from /home/airflow/.local/lib/python3.12/site-packages/airflow/example_dags/example_python_decorator.py
[2025-04-30T01:04:46.677+0000] {processor.py:925} INFO - DAG(s) 'example_python_decorator' retrieved from /home/airflow/.local/lib/python3.12/site-packages/airflow/example_dags/example_python_decorator.py
[2025-04-30T01:04:46.703+0000] {logging_mixin.py:190} INFO - [2025-04-30T01:04:46.703+0000] {dag.py:3211} INFO - Sync 1 DAGs
[2025-04-30T01:04:46.720+0000] {logging_mixin.py:190} INFO - [2025-04-30T01:04:46.719+0000] {dag.py:4138} INFO - Setting next_dagrun for example_python_decorator to None, run_after=None
[2025-04-30T01:04:46.744+0000] {processor.py:208} INFO - Processing /home/airflow/.local/lib/python3.12/site-packages/airflow/example_dags/example_python_decorator.py took 0.095 seconds
[2025-04-30T01:05:17.298+0000] {processor.py:186} INFO - Started process (PID=3452) to work on /home/airflow/.local/lib/python3.12/site-packages/airflow/example_dags/example_python_decorator.py
[2025-04-30T01:05:17.299+0000] {processor.py:914} INFO - Processing file /home/airflow/.local/lib/python3.12/site-packages/airflow/example_dags/example_python_decorator.py for tasks to queue
[2025-04-30T01:05:17.301+0000] {logging_mixin.py:190} INFO - [2025-04-30T01:05:17.300+0000] {dagbag.py:587} INFO - Filling up the DagBag from /home/airflow/.local/lib/python3.12/site-packages/airflow/example_dags/example_python_decorator.py
[2025-04-30T01:05:17.320+0000] {processor.py:925} INFO - DAG(s) 'example_python_decorator' retrieved from /home/airflow/.local/lib/python3.12/site-packages/airflow/example_dags/example_python_decorator.py
[2025-04-30T01:05:17.352+0000] {logging_mixin.py:190} INFO - [2025-04-30T01:05:17.352+0000] {dag.py:3211} INFO - Sync 1 DAGs
[2025-04-30T01:05:17.371+0000] {logging_mixin.py:190} INFO - [2025-04-30T01:05:17.370+0000] {dag.py:4138} INFO - Setting next_dagrun for example_python_decorator to None, run_after=None
[2025-04-30T01:05:17.394+0000] {processor.py:208} INFO - Processing /home/airflow/.local/lib/python3.12/site-packages/airflow/example_dags/example_python_decorator.py took 0.104 seconds
[2025-04-30T01:05:47.989+0000] {processor.py:186} INFO - Started process (PID=3515) to work on /home/airflow/.local/lib/python3.12/site-packages/airflow/example_dags/example_python_decorator.py
[2025-04-30T01:05:47.991+0000] {processor.py:914} INFO - Processing file /home/airflow/.local/lib/python3.12/site-packages/airflow/example_dags/example_python_decorator.py for tasks to queue
[2025-04-30T01:05:47.992+0000] {logging_mixin.py:190} INFO - [2025-04-30T01:05:47.992+0000] {dagbag.py:587} INFO - Filling up the DagBag from /home/airflow/.local/lib/python3.12/site-packages/airflow/example_dags/example_python_decorator.py
[2025-04-30T01:05:48.009+0000] {processor.py:925} INFO - DAG(s) 'example_python_decorator' retrieved from /home/airflow/.local/lib/python3.12/site-packages/airflow/example_dags/example_python_decorator.py
[2025-04-30T01:05:48.037+0000] {logging_mixin.py:190} INFO - [2025-04-30T01:05:48.037+0000] {dag.py:3211} INFO - Sync 1 DAGs
[2025-04-30T01:05:48.054+0000] {logging_mixin.py:190} INFO - [2025-04-30T01:05:48.054+0000] {dag.py:4138} INFO - Setting next_dagrun for example_python_decorator to None, run_after=None
[2025-04-30T01:05:48.081+0000] {processor.py:208} INFO - Processing /home/airflow/.local/lib/python3.12/site-packages/airflow/example_dags/example_python_decorator.py took 0.099 seconds
[2025-04-30T01:06:19.148+0000] {processor.py:186} INFO - Started process (PID=3578) to work on /home/airflow/.local/lib/python3.12/site-packages/airflow/example_dags/example_python_decorator.py
[2025-04-30T01:06:19.150+0000] {processor.py:914} INFO - Processing file /home/airflow/.local/lib/python3.12/site-packages/airflow/example_dags/example_python_decorator.py for tasks to queue
[2025-04-30T01:06:19.152+0000] {logging_mixin.py:190} INFO - [2025-04-30T01:06:19.151+0000] {dagbag.py:587} INFO - Filling up the DagBag from /home/airflow/.local/lib/python3.12/site-packages/airflow/example_dags/example_python_decorator.py
[2025-04-30T01:06:19.177+0000] {processor.py:925} INFO - DAG(s) 'example_python_decorator' retrieved from /home/airflow/.local/lib/python3.12/site-packages/airflow/example_dags/example_python_decorator.py
[2025-04-30T01:06:19.211+0000] {logging_mixin.py:190} INFO - [2025-04-30T01:06:19.210+0000] {dag.py:3211} INFO - Sync 1 DAGs
[2025-04-30T01:06:19.226+0000] {logging_mixin.py:190} INFO - [2025-04-30T01:06:19.226+0000] {dag.py:4138} INFO - Setting next_dagrun for example_python_decorator to None, run_after=None
[2025-04-30T01:06:19.250+0000] {processor.py:208} INFO - Processing /home/airflow/.local/lib/python3.12/site-packages/airflow/example_dags/example_python_decorator.py took 0.112 seconds
[2025-04-30T01:06:49.384+0000] {processor.py:186} INFO - Started process (PID=3641) to work on /home/airflow/.local/lib/python3.12/site-packages/airflow/example_dags/example_python_decorator.py
[2025-04-30T01:06:49.385+0000] {processor.py:914} INFO - Processing file /home/airflow/.local/lib/python3.12/site-packages/airflow/example_dags/example_python_decorator.py for tasks to queue
[2025-04-30T01:06:49.387+0000] {logging_mixin.py:190} INFO - [2025-04-30T01:06:49.386+0000] {dagbag.py:587} INFO - Filling up the DagBag from /home/airflow/.local/lib/python3.12/site-packages/airflow/example_dags/example_python_decorator.py
[2025-04-30T01:06:49.404+0000] {processor.py:925} INFO - DAG(s) 'example_python_decorator' retrieved from /home/airflow/.local/lib/python3.12/site-packages/airflow/example_dags/example_python_decorator.py
[2025-04-30T01:06:49.430+0000] {logging_mixin.py:190} INFO - [2025-04-30T01:06:49.430+0000] {dag.py:3211} INFO - Sync 1 DAGs
[2025-04-30T01:06:49.446+0000] {logging_mixin.py:190} INFO - [2025-04-30T01:06:49.446+0000] {dag.py:4138} INFO - Setting next_dagrun for example_python_decorator to None, run_after=None
[2025-04-30T01:06:49.468+0000] {processor.py:208} INFO - Processing /home/airflow/.local/lib/python3.12/site-packages/airflow/example_dags/example_python_decorator.py took 0.092 seconds
[2025-04-30T01:07:19.789+0000] {processor.py:186} INFO - Started process (PID=3704) to work on /home/airflow/.local/lib/python3.12/site-packages/airflow/example_dags/example_python_decorator.py
[2025-04-30T01:07:19.790+0000] {processor.py:914} INFO - Processing file /home/airflow/.local/lib/python3.12/site-packages/airflow/example_dags/example_python_decorator.py for tasks to queue
[2025-04-30T01:07:19.792+0000] {logging_mixin.py:190} INFO - [2025-04-30T01:07:19.792+0000] {dagbag.py:587} INFO - Filling up the DagBag from /home/airflow/.local/lib/python3.12/site-packages/airflow/example_dags/example_python_decorator.py
[2025-04-30T01:07:19.806+0000] {processor.py:925} INFO - DAG(s) 'example_python_decorator' retrieved from /home/airflow/.local/lib/python3.12/site-packages/airflow/example_dags/example_python_decorator.py
[2025-04-30T01:07:19.842+0000] {logging_mixin.py:190} INFO - [2025-04-30T01:07:19.841+0000] {dag.py:3211} INFO - Sync 1 DAGs
[2025-04-30T01:07:19.866+0000] {logging_mixin.py:190} INFO - [2025-04-30T01:07:19.866+0000] {dag.py:4138} INFO - Setting next_dagrun for example_python_decorator to None, run_after=None
[2025-04-30T01:07:19.900+0000] {processor.py:208} INFO - Processing /home/airflow/.local/lib/python3.12/site-packages/airflow/example_dags/example_python_decorator.py took 0.117 seconds
[2025-04-30T01:07:50.808+0000] {processor.py:186} INFO - Started process (PID=3767) to work on /home/airflow/.local/lib/python3.12/site-packages/airflow/example_dags/example_python_decorator.py
[2025-04-30T01:07:50.810+0000] {processor.py:914} INFO - Processing file /home/airflow/.local/lib/python3.12/site-packages/airflow/example_dags/example_python_decorator.py for tasks to queue
[2025-04-30T01:07:50.811+0000] {logging_mixin.py:190} INFO - [2025-04-30T01:07:50.811+0000] {dagbag.py:587} INFO - Filling up the DagBag from /home/airflow/.local/lib/python3.12/site-packages/airflow/example_dags/example_python_decorator.py
[2025-04-30T01:07:50.828+0000] {processor.py:925} INFO - DAG(s) 'example_python_decorator' retrieved from /home/airflow/.local/lib/python3.12/site-packages/airflow/example_dags/example_python_decorator.py
[2025-04-30T01:07:50.855+0000] {logging_mixin.py:190} INFO - [2025-04-30T01:07:50.854+0000] {dag.py:3211} INFO - Sync 1 DAGs
[2025-04-30T01:07:50.871+0000] {logging_mixin.py:190} INFO - [2025-04-30T01:07:50.870+0000] {dag.py:4138} INFO - Setting next_dagrun for example_python_decorator to None, run_after=None
[2025-04-30T01:07:50.896+0000] {processor.py:208} INFO - Processing /home/airflow/.local/lib/python3.12/site-packages/airflow/example_dags/example_python_decorator.py took 0.094 seconds
[2025-04-30T01:08:21.384+0000] {processor.py:186} INFO - Started process (PID=3835) to work on /home/airflow/.local/lib/python3.12/site-packages/airflow/example_dags/example_python_decorator.py
[2025-04-30T01:08:21.385+0000] {processor.py:914} INFO - Processing file /home/airflow/.local/lib/python3.12/site-packages/airflow/example_dags/example_python_decorator.py for tasks to queue
[2025-04-30T01:08:21.387+0000] {logging_mixin.py:190} INFO - [2025-04-30T01:08:21.387+0000] {dagbag.py:587} INFO - Filling up the DagBag from /home/airflow/.local/lib/python3.12/site-packages/airflow/example_dags/example_python_decorator.py
[2025-04-30T01:08:21.403+0000] {processor.py:925} INFO - DAG(s) 'example_python_decorator' retrieved from /home/airflow/.local/lib/python3.12/site-packages/airflow/example_dags/example_python_decorator.py
[2025-04-30T01:08:21.432+0000] {logging_mixin.py:190} INFO - [2025-04-30T01:08:21.431+0000] {dag.py:3211} INFO - Sync 1 DAGs
[2025-04-30T01:08:21.448+0000] {logging_mixin.py:190} INFO - [2025-04-30T01:08:21.448+0000] {dag.py:4138} INFO - Setting next_dagrun for example_python_decorator to None, run_after=None
[2025-04-30T01:08:21.472+0000] {processor.py:208} INFO - Processing /home/airflow/.local/lib/python3.12/site-packages/airflow/example_dags/example_python_decorator.py took 0.095 seconds
[2025-04-30T01:08:52.566+0000] {processor.py:186} INFO - Started process (PID=3897) to work on /home/airflow/.local/lib/python3.12/site-packages/airflow/example_dags/example_python_decorator.py
[2025-04-30T01:08:52.567+0000] {processor.py:914} INFO - Processing file /home/airflow/.local/lib/python3.12/site-packages/airflow/example_dags/example_python_decorator.py for tasks to queue
[2025-04-30T01:08:52.569+0000] {logging_mixin.py:190} INFO - [2025-04-30T01:08:52.568+0000] {dagbag.py:587} INFO - Filling up the DagBag from /home/airflow/.local/lib/python3.12/site-packages/airflow/example_dags/example_python_decorator.py
[2025-04-30T01:08:52.591+0000] {processor.py:925} INFO - DAG(s) 'example_python_decorator' retrieved from /home/airflow/.local/lib/python3.12/site-packages/airflow/example_dags/example_python_decorator.py
[2025-04-30T01:08:52.625+0000] {logging_mixin.py:190} INFO - [2025-04-30T01:08:52.624+0000] {dag.py:3211} INFO - Sync 1 DAGs
[2025-04-30T01:08:52.643+0000] {logging_mixin.py:190} INFO - [2025-04-30T01:08:52.643+0000] {dag.py:4138} INFO - Setting next_dagrun for example_python_decorator to None, run_after=None
[2025-04-30T01:08:52.669+0000] {processor.py:208} INFO - Processing /home/airflow/.local/lib/python3.12/site-packages/airflow/example_dags/example_python_decorator.py took 0.112 seconds
[2025-04-30T01:09:23.754+0000] {processor.py:186} INFO - Started process (PID=3959) to work on /home/airflow/.local/lib/python3.12/site-packages/airflow/example_dags/example_python_decorator.py
[2025-04-30T01:09:23.755+0000] {processor.py:914} INFO - Processing file /home/airflow/.local/lib/python3.12/site-packages/airflow/example_dags/example_python_decorator.py for tasks to queue
[2025-04-30T01:09:23.757+0000] {logging_mixin.py:190} INFO - [2025-04-30T01:09:23.756+0000] {dagbag.py:587} INFO - Filling up the DagBag from /home/airflow/.local/lib/python3.12/site-packages/airflow/example_dags/example_python_decorator.py
[2025-04-30T01:09:23.774+0000] {processor.py:925} INFO - DAG(s) 'example_python_decorator' retrieved from /home/airflow/.local/lib/python3.12/site-packages/airflow/example_dags/example_python_decorator.py
[2025-04-30T01:09:23.806+0000] {logging_mixin.py:190} INFO - [2025-04-30T01:09:23.805+0000] {dag.py:3211} INFO - Sync 1 DAGs
[2025-04-30T01:09:23.824+0000] {logging_mixin.py:190} INFO - [2025-04-30T01:09:23.824+0000] {dag.py:4138} INFO - Setting next_dagrun for example_python_decorator to None, run_after=None
[2025-04-30T01:09:23.857+0000] {processor.py:208} INFO - Processing /home/airflow/.local/lib/python3.12/site-packages/airflow/example_dags/example_python_decorator.py took 0.111 seconds
[2025-04-30T01:09:55.107+0000] {processor.py:186} INFO - Started process (PID=4021) to work on /home/airflow/.local/lib/python3.12/site-packages/airflow/example_dags/example_python_decorator.py
[2025-04-30T01:09:55.108+0000] {processor.py:914} INFO - Processing file /home/airflow/.local/lib/python3.12/site-packages/airflow/example_dags/example_python_decorator.py for tasks to queue
[2025-04-30T01:09:55.110+0000] {logging_mixin.py:190} INFO - [2025-04-30T01:09:55.110+0000] {dagbag.py:587} INFO - Filling up the DagBag from /home/airflow/.local/lib/python3.12/site-packages/airflow/example_dags/example_python_decorator.py
[2025-04-30T01:09:55.130+0000] {processor.py:925} INFO - DAG(s) 'example_python_decorator' retrieved from /home/airflow/.local/lib/python3.12/site-packages/airflow/example_dags/example_python_decorator.py
[2025-04-30T01:09:55.162+0000] {logging_mixin.py:190} INFO - [2025-04-30T01:09:55.162+0000] {dag.py:3211} INFO - Sync 1 DAGs
[2025-04-30T01:09:55.183+0000] {logging_mixin.py:190} INFO - [2025-04-30T01:09:55.183+0000] {dag.py:4138} INFO - Setting next_dagrun for example_python_decorator to None, run_after=None
[2025-04-30T01:09:55.214+0000] {processor.py:208} INFO - Processing /home/airflow/.local/lib/python3.12/site-packages/airflow/example_dags/example_python_decorator.py took 0.116 seconds
[2025-04-30T01:10:25.888+0000] {processor.py:186} INFO - Started process (PID=4083) to work on /home/airflow/.local/lib/python3.12/site-packages/airflow/example_dags/example_python_decorator.py
[2025-04-30T01:10:25.889+0000] {processor.py:914} INFO - Processing file /home/airflow/.local/lib/python3.12/site-packages/airflow/example_dags/example_python_decorator.py for tasks to queue
[2025-04-30T01:10:25.891+0000] {logging_mixin.py:190} INFO - [2025-04-30T01:10:25.891+0000] {dagbag.py:587} INFO - Filling up the DagBag from /home/airflow/.local/lib/python3.12/site-packages/airflow/example_dags/example_python_decorator.py
[2025-04-30T01:10:25.912+0000] {processor.py:925} INFO - DAG(s) 'example_python_decorator' retrieved from /home/airflow/.local/lib/python3.12/site-packages/airflow/example_dags/example_python_decorator.py
[2025-04-30T01:10:25.943+0000] {logging_mixin.py:190} INFO - [2025-04-30T01:10:25.943+0000] {dag.py:3211} INFO - Sync 1 DAGs
[2025-04-30T01:10:25.961+0000] {logging_mixin.py:190} INFO - [2025-04-30T01:10:25.960+0000] {dag.py:4138} INFO - Setting next_dagrun for example_python_decorator to None, run_after=None
[2025-04-30T01:10:25.988+0000] {processor.py:208} INFO - Processing /home/airflow/.local/lib/python3.12/site-packages/airflow/example_dags/example_python_decorator.py took 0.108 seconds
[2025-04-30T01:10:56.870+0000] {processor.py:186} INFO - Started process (PID=4145) to work on /home/airflow/.local/lib/python3.12/site-packages/airflow/example_dags/example_python_decorator.py
[2025-04-30T01:10:56.871+0000] {processor.py:914} INFO - Processing file /home/airflow/.local/lib/python3.12/site-packages/airflow/example_dags/example_python_decorator.py for tasks to queue
[2025-04-30T01:10:56.873+0000] {logging_mixin.py:190} INFO - [2025-04-30T01:10:56.873+0000] {dagbag.py:587} INFO - Filling up the DagBag from /home/airflow/.local/lib/python3.12/site-packages/airflow/example_dags/example_python_decorator.py
[2025-04-30T01:10:56.889+0000] {processor.py:925} INFO - DAG(s) 'example_python_decorator' retrieved from /home/airflow/.local/lib/python3.12/site-packages/airflow/example_dags/example_python_decorator.py
[2025-04-30T01:10:56.915+0000] {logging_mixin.py:190} INFO - [2025-04-30T01:10:56.914+0000] {dag.py:3211} INFO - Sync 1 DAGs
[2025-04-30T01:10:56.930+0000] {logging_mixin.py:190} INFO - [2025-04-30T01:10:56.930+0000] {dag.py:4138} INFO - Setting next_dagrun for example_python_decorator to None, run_after=None
[2025-04-30T01:10:56.953+0000] {processor.py:208} INFO - Processing /home/airflow/.local/lib/python3.12/site-packages/airflow/example_dags/example_python_decorator.py took 0.090 seconds
[2025-04-30T01:11:27.656+0000] {processor.py:186} INFO - Started process (PID=4207) to work on /home/airflow/.local/lib/python3.12/site-packages/airflow/example_dags/example_python_decorator.py
[2025-04-30T01:11:27.658+0000] {processor.py:914} INFO - Processing file /home/airflow/.local/lib/python3.12/site-packages/airflow/example_dags/example_python_decorator.py for tasks to queue
[2025-04-30T01:11:27.659+0000] {logging_mixin.py:190} INFO - [2025-04-30T01:11:27.659+0000] {dagbag.py:587} INFO - Filling up the DagBag from /home/airflow/.local/lib/python3.12/site-packages/airflow/example_dags/example_python_decorator.py
[2025-04-30T01:11:27.676+0000] {processor.py:925} INFO - DAG(s) 'example_python_decorator' retrieved from /home/airflow/.local/lib/python3.12/site-packages/airflow/example_dags/example_python_decorator.py
[2025-04-30T01:11:27.699+0000] {logging_mixin.py:190} INFO - [2025-04-30T01:11:27.699+0000] {dag.py:3211} INFO - Sync 1 DAGs
[2025-04-30T01:11:27.714+0000] {logging_mixin.py:190} INFO - [2025-04-30T01:11:27.714+0000] {dag.py:4138} INFO - Setting next_dagrun for example_python_decorator to None, run_after=None
[2025-04-30T01:11:27.733+0000] {processor.py:208} INFO - Processing /home/airflow/.local/lib/python3.12/site-packages/airflow/example_dags/example_python_decorator.py took 0.085 seconds
[2025-04-30T01:11:58.595+0000] {processor.py:186} INFO - Started process (PID=4269) to work on /home/airflow/.local/lib/python3.12/site-packages/airflow/example_dags/example_python_decorator.py
[2025-04-30T01:11:58.597+0000] {processor.py:914} INFO - Processing file /home/airflow/.local/lib/python3.12/site-packages/airflow/example_dags/example_python_decorator.py for tasks to queue
[2025-04-30T01:11:58.599+0000] {logging_mixin.py:190} INFO - [2025-04-30T01:11:58.598+0000] {dagbag.py:587} INFO - Filling up the DagBag from /home/airflow/.local/lib/python3.12/site-packages/airflow/example_dags/example_python_decorator.py
[2025-04-30T01:11:58.617+0000] {processor.py:925} INFO - DAG(s) 'example_python_decorator' retrieved from /home/airflow/.local/lib/python3.12/site-packages/airflow/example_dags/example_python_decorator.py
[2025-04-30T01:11:58.644+0000] {logging_mixin.py:190} INFO - [2025-04-30T01:11:58.644+0000] {dag.py:3211} INFO - Sync 1 DAGs
[2025-04-30T01:11:58.660+0000] {logging_mixin.py:190} INFO - [2025-04-30T01:11:58.660+0000] {dag.py:4138} INFO - Setting next_dagrun for example_python_decorator to None, run_after=None
[2025-04-30T01:11:58.684+0000] {processor.py:208} INFO - Processing /home/airflow/.local/lib/python3.12/site-packages/airflow/example_dags/example_python_decorator.py took 0.096 seconds
