[2025-04-30T00:30:55.521+0000] {processor.py:186} INFO - Started process (PID=114) to work on /home/airflow/.local/lib/python3.12/site-packages/airflow/example_dags/example_setup_teardown.py
[2025-04-30T00:30:55.524+0000] {processor.py:914} INFO - Processing file /home/airflow/.local/lib/python3.12/site-packages/airflow/example_dags/example_setup_teardown.py for tasks to queue
[2025-04-30T00:30:55.529+0000] {logging_mixin.py:190} INFO - [2025-04-30T00:30:55.528+0000] {dagbag.py:587} INFO - Filling up the DagBag from /home/airflow/.local/lib/python3.12/site-packages/airflow/example_dags/example_setup_teardown.py
[2025-04-30T00:30:55.548+0000] {processor.py:925} INFO - DAG(s) 'example_setup_teardown' retrieved from /home/airflow/.local/lib/python3.12/site-packages/airflow/example_dags/example_setup_teardown.py
[2025-04-30T00:30:55.843+0000] {logging_mixin.py:190} INFO - [2025-04-30T00:30:55.841+0000] {override.py:1858} INFO - Created Permission View: can edit on DAG:example_setup_teardown
[2025-04-30T00:30:55.868+0000] {logging_mixin.py:190} INFO - [2025-04-30T00:30:55.868+0000] {override.py:1858} INFO - Created Permission View: can read on DAG:example_setup_teardown
[2025-04-30T00:30:55.884+0000] {logging_mixin.py:190} INFO - [2025-04-30T00:30:55.883+0000] {override.py:1858} INFO - Created Permission View: can delete on DAG:example_setup_teardown
[2025-04-30T00:30:55.886+0000] {logging_mixin.py:190} INFO - [2025-04-30T00:30:55.885+0000] {dag.py:3211} INFO - Sync 1 DAGs
[2025-04-30T00:30:55.927+0000] {logging_mixin.py:190} INFO - [2025-04-30T00:30:55.927+0000] {dag.py:3234} INFO - Creating ORM DAG for example_setup_teardown
[2025-04-30T00:30:55.952+0000] {logging_mixin.py:190} INFO - [2025-04-30T00:30:55.951+0000] {dag.py:4138} INFO - Setting next_dagrun for example_setup_teardown to 2025-04-29 00:00:00+00:00, run_after=2025-04-30 00:00:00+00:00
[2025-04-30T00:30:55.994+0000] {processor.py:208} INFO - Processing /home/airflow/.local/lib/python3.12/site-packages/airflow/example_dags/example_setup_teardown.py took 0.486 seconds
[2025-04-30T00:31:26.097+0000] {processor.py:186} INFO - Started process (PID=182) to work on /home/airflow/.local/lib/python3.12/site-packages/airflow/example_dags/example_setup_teardown.py
[2025-04-30T00:31:26.098+0000] {processor.py:914} INFO - Processing file /home/airflow/.local/lib/python3.12/site-packages/airflow/example_dags/example_setup_teardown.py for tasks to queue
[2025-04-30T00:31:26.106+0000] {logging_mixin.py:190} INFO - [2025-04-30T00:31:26.105+0000] {dagbag.py:587} INFO - Filling up the DagBag from /home/airflow/.local/lib/python3.12/site-packages/airflow/example_dags/example_setup_teardown.py
[2025-04-30T00:31:26.122+0000] {processor.py:925} INFO - DAG(s) 'example_setup_teardown' retrieved from /home/airflow/.local/lib/python3.12/site-packages/airflow/example_dags/example_setup_teardown.py
[2025-04-30T00:31:26.172+0000] {logging_mixin.py:190} INFO - [2025-04-30T00:31:26.171+0000] {dag.py:3211} INFO - Sync 1 DAGs
[2025-04-30T00:31:26.245+0000] {logging_mixin.py:190} INFO - [2025-04-30T00:31:26.245+0000] {dag.py:4138} INFO - Setting next_dagrun for example_setup_teardown to 2025-04-29 00:00:00+00:00, run_after=2025-04-30 00:00:00+00:00
[2025-04-30T00:31:26.306+0000] {processor.py:208} INFO - Processing /home/airflow/.local/lib/python3.12/site-packages/airflow/example_dags/example_setup_teardown.py took 0.219 seconds
[2025-04-30T00:31:56.820+0000] {processor.py:186} INFO - Started process (PID=245) to work on /home/airflow/.local/lib/python3.12/site-packages/airflow/example_dags/example_setup_teardown.py
[2025-04-30T00:31:56.822+0000] {processor.py:914} INFO - Processing file /home/airflow/.local/lib/python3.12/site-packages/airflow/example_dags/example_setup_teardown.py for tasks to queue
[2025-04-30T00:31:56.829+0000] {logging_mixin.py:190} INFO - [2025-04-30T00:31:56.828+0000] {dagbag.py:587} INFO - Filling up the DagBag from /home/airflow/.local/lib/python3.12/site-packages/airflow/example_dags/example_setup_teardown.py
[2025-04-30T00:31:56.845+0000] {processor.py:925} INFO - DAG(s) 'example_setup_teardown' retrieved from /home/airflow/.local/lib/python3.12/site-packages/airflow/example_dags/example_setup_teardown.py
[2025-04-30T00:31:56.889+0000] {logging_mixin.py:190} INFO - [2025-04-30T00:31:56.889+0000] {dag.py:3211} INFO - Sync 1 DAGs
[2025-04-30T00:31:56.938+0000] {logging_mixin.py:190} INFO - [2025-04-30T00:31:56.937+0000] {dag.py:4138} INFO - Setting next_dagrun for example_setup_teardown to 2025-04-29 00:00:00+00:00, run_after=2025-04-30 00:00:00+00:00
[2025-04-30T00:31:56.974+0000] {processor.py:208} INFO - Processing /home/airflow/.local/lib/python3.12/site-packages/airflow/example_dags/example_setup_teardown.py took 0.175 seconds
[2025-04-30T00:32:27.178+0000] {processor.py:186} INFO - Started process (PID=308) to work on /home/airflow/.local/lib/python3.12/site-packages/airflow/example_dags/example_setup_teardown.py
[2025-04-30T00:32:27.180+0000] {processor.py:914} INFO - Processing file /home/airflow/.local/lib/python3.12/site-packages/airflow/example_dags/example_setup_teardown.py for tasks to queue
[2025-04-30T00:32:27.184+0000] {logging_mixin.py:190} INFO - [2025-04-30T00:32:27.184+0000] {dagbag.py:587} INFO - Filling up the DagBag from /home/airflow/.local/lib/python3.12/site-packages/airflow/example_dags/example_setup_teardown.py
[2025-04-30T00:32:27.203+0000] {processor.py:925} INFO - DAG(s) 'example_setup_teardown' retrieved from /home/airflow/.local/lib/python3.12/site-packages/airflow/example_dags/example_setup_teardown.py
[2025-04-30T00:32:27.246+0000] {logging_mixin.py:190} INFO - [2025-04-30T00:32:27.245+0000] {dag.py:3211} INFO - Sync 1 DAGs
[2025-04-30T00:32:27.301+0000] {logging_mixin.py:190} INFO - [2025-04-30T00:32:27.301+0000] {dag.py:4138} INFO - Setting next_dagrun for example_setup_teardown to 2025-04-29 00:00:00+00:00, run_after=2025-04-30 00:00:00+00:00
[2025-04-30T00:32:27.345+0000] {processor.py:208} INFO - Processing /home/airflow/.local/lib/python3.12/site-packages/airflow/example_dags/example_setup_teardown.py took 0.177 seconds
[2025-04-30T00:32:57.823+0000] {processor.py:186} INFO - Started process (PID=371) to work on /home/airflow/.local/lib/python3.12/site-packages/airflow/example_dags/example_setup_teardown.py
[2025-04-30T00:32:57.825+0000] {processor.py:914} INFO - Processing file /home/airflow/.local/lib/python3.12/site-packages/airflow/example_dags/example_setup_teardown.py for tasks to queue
[2025-04-30T00:32:57.830+0000] {logging_mixin.py:190} INFO - [2025-04-30T00:32:57.829+0000] {dagbag.py:587} INFO - Filling up the DagBag from /home/airflow/.local/lib/python3.12/site-packages/airflow/example_dags/example_setup_teardown.py
[2025-04-30T00:32:57.849+0000] {processor.py:925} INFO - DAG(s) 'example_setup_teardown' retrieved from /home/airflow/.local/lib/python3.12/site-packages/airflow/example_dags/example_setup_teardown.py
[2025-04-30T00:32:57.888+0000] {logging_mixin.py:190} INFO - [2025-04-30T00:32:57.887+0000] {dag.py:3211} INFO - Sync 1 DAGs
[2025-04-30T00:32:57.939+0000] {logging_mixin.py:190} INFO - [2025-04-30T00:32:57.939+0000] {dag.py:4138} INFO - Setting next_dagrun for example_setup_teardown to 2025-04-29 00:00:00+00:00, run_after=2025-04-30 00:00:00+00:00
[2025-04-30T00:32:57.975+0000] {processor.py:208} INFO - Processing /home/airflow/.local/lib/python3.12/site-packages/airflow/example_dags/example_setup_teardown.py took 0.170 seconds
[2025-04-30T00:33:28.321+0000] {processor.py:186} INFO - Started process (PID=433) to work on /home/airflow/.local/lib/python3.12/site-packages/airflow/example_dags/example_setup_teardown.py
[2025-04-30T00:33:28.323+0000] {processor.py:914} INFO - Processing file /home/airflow/.local/lib/python3.12/site-packages/airflow/example_dags/example_setup_teardown.py for tasks to queue
[2025-04-30T00:33:28.330+0000] {logging_mixin.py:190} INFO - [2025-04-30T00:33:28.329+0000] {dagbag.py:587} INFO - Filling up the DagBag from /home/airflow/.local/lib/python3.12/site-packages/airflow/example_dags/example_setup_teardown.py
[2025-04-30T00:33:28.353+0000] {processor.py:925} INFO - DAG(s) 'example_setup_teardown' retrieved from /home/airflow/.local/lib/python3.12/site-packages/airflow/example_dags/example_setup_teardown.py
[2025-04-30T00:33:28.412+0000] {logging_mixin.py:190} INFO - [2025-04-30T00:33:28.411+0000] {dag.py:3211} INFO - Sync 1 DAGs
[2025-04-30T00:33:28.478+0000] {logging_mixin.py:190} INFO - [2025-04-30T00:33:28.478+0000] {dag.py:4138} INFO - Setting next_dagrun for example_setup_teardown to 2025-04-29 00:00:00+00:00, run_after=2025-04-30 00:00:00+00:00
[2025-04-30T00:33:28.530+0000] {processor.py:208} INFO - Processing /home/airflow/.local/lib/python3.12/site-packages/airflow/example_dags/example_setup_teardown.py took 0.226 seconds
[2025-04-30T00:33:59.278+0000] {processor.py:186} INFO - Started process (PID=497) to work on /home/airflow/.local/lib/python3.12/site-packages/airflow/example_dags/example_setup_teardown.py
[2025-04-30T00:33:59.280+0000] {processor.py:914} INFO - Processing file /home/airflow/.local/lib/python3.12/site-packages/airflow/example_dags/example_setup_teardown.py for tasks to queue
[2025-04-30T00:33:59.285+0000] {logging_mixin.py:190} INFO - [2025-04-30T00:33:59.284+0000] {dagbag.py:587} INFO - Filling up the DagBag from /home/airflow/.local/lib/python3.12/site-packages/airflow/example_dags/example_setup_teardown.py
[2025-04-30T00:33:59.306+0000] {processor.py:925} INFO - DAG(s) 'example_setup_teardown' retrieved from /home/airflow/.local/lib/python3.12/site-packages/airflow/example_dags/example_setup_teardown.py
[2025-04-30T00:33:59.354+0000] {logging_mixin.py:190} INFO - [2025-04-30T00:33:59.353+0000] {dag.py:3211} INFO - Sync 1 DAGs
[2025-04-30T00:33:59.419+0000] {logging_mixin.py:190} INFO - [2025-04-30T00:33:59.418+0000] {dag.py:4138} INFO - Setting next_dagrun for example_setup_teardown to 2025-04-29 00:00:00+00:00, run_after=2025-04-30 00:00:00+00:00
[2025-04-30T00:33:59.464+0000] {processor.py:208} INFO - Processing /home/airflow/.local/lib/python3.12/site-packages/airflow/example_dags/example_setup_teardown.py took 0.198 seconds
[2025-04-30T00:34:30.173+0000] {processor.py:186} INFO - Started process (PID=560) to work on /home/airflow/.local/lib/python3.12/site-packages/airflow/example_dags/example_setup_teardown.py
[2025-04-30T00:34:30.177+0000] {processor.py:914} INFO - Processing file /home/airflow/.local/lib/python3.12/site-packages/airflow/example_dags/example_setup_teardown.py for tasks to queue
[2025-04-30T00:34:30.183+0000] {logging_mixin.py:190} INFO - [2025-04-30T00:34:30.182+0000] {dagbag.py:587} INFO - Filling up the DagBag from /home/airflow/.local/lib/python3.12/site-packages/airflow/example_dags/example_setup_teardown.py
[2025-04-30T00:34:30.214+0000] {processor.py:925} INFO - DAG(s) 'example_setup_teardown' retrieved from /home/airflow/.local/lib/python3.12/site-packages/airflow/example_dags/example_setup_teardown.py
[2025-04-30T00:34:30.269+0000] {logging_mixin.py:190} INFO - [2025-04-30T00:34:30.268+0000] {dag.py:3211} INFO - Sync 1 DAGs
[2025-04-30T00:34:30.328+0000] {logging_mixin.py:190} INFO - [2025-04-30T00:34:30.327+0000] {dag.py:4138} INFO - Setting next_dagrun for example_setup_teardown to 2025-04-29 00:00:00+00:00, run_after=2025-04-30 00:00:00+00:00
[2025-04-30T00:34:30.370+0000] {processor.py:208} INFO - Processing /home/airflow/.local/lib/python3.12/site-packages/airflow/example_dags/example_setup_teardown.py took 0.219 seconds
[2025-04-30T00:35:00.737+0000] {processor.py:186} INFO - Started process (PID=623) to work on /home/airflow/.local/lib/python3.12/site-packages/airflow/example_dags/example_setup_teardown.py
[2025-04-30T00:35:00.739+0000] {processor.py:914} INFO - Processing file /home/airflow/.local/lib/python3.12/site-packages/airflow/example_dags/example_setup_teardown.py for tasks to queue
[2025-04-30T00:35:00.745+0000] {logging_mixin.py:190} INFO - [2025-04-30T00:35:00.745+0000] {dagbag.py:587} INFO - Filling up the DagBag from /home/airflow/.local/lib/python3.12/site-packages/airflow/example_dags/example_setup_teardown.py
[2025-04-30T00:35:00.770+0000] {processor.py:925} INFO - DAG(s) 'example_setup_teardown' retrieved from /home/airflow/.local/lib/python3.12/site-packages/airflow/example_dags/example_setup_teardown.py
[2025-04-30T00:35:00.838+0000] {logging_mixin.py:190} INFO - [2025-04-30T00:35:00.838+0000] {dag.py:3211} INFO - Sync 1 DAGs
[2025-04-30T00:35:00.882+0000] {logging_mixin.py:190} INFO - [2025-04-30T00:35:00.881+0000] {dag.py:4138} INFO - Setting next_dagrun for example_setup_teardown to 2025-04-29 00:00:00+00:00, run_after=2025-04-30 00:00:00+00:00
[2025-04-30T00:35:00.918+0000] {processor.py:208} INFO - Processing /home/airflow/.local/lib/python3.12/site-packages/airflow/example_dags/example_setup_teardown.py took 0.198 seconds
[2025-04-30T00:35:31.111+0000] {processor.py:186} INFO - Started process (PID=686) to work on /home/airflow/.local/lib/python3.12/site-packages/airflow/example_dags/example_setup_teardown.py
[2025-04-30T00:35:31.114+0000] {processor.py:914} INFO - Processing file /home/airflow/.local/lib/python3.12/site-packages/airflow/example_dags/example_setup_teardown.py for tasks to queue
[2025-04-30T00:35:31.121+0000] {logging_mixin.py:190} INFO - [2025-04-30T00:35:31.120+0000] {dagbag.py:587} INFO - Filling up the DagBag from /home/airflow/.local/lib/python3.12/site-packages/airflow/example_dags/example_setup_teardown.py
[2025-04-30T00:35:31.152+0000] {processor.py:925} INFO - DAG(s) 'example_setup_teardown' retrieved from /home/airflow/.local/lib/python3.12/site-packages/airflow/example_dags/example_setup_teardown.py
[2025-04-30T00:35:31.212+0000] {logging_mixin.py:190} INFO - [2025-04-30T00:35:31.211+0000] {dag.py:3211} INFO - Sync 1 DAGs
[2025-04-30T00:35:31.270+0000] {logging_mixin.py:190} INFO - [2025-04-30T00:35:31.270+0000] {dag.py:4138} INFO - Setting next_dagrun for example_setup_teardown to 2025-04-29 00:00:00+00:00, run_after=2025-04-30 00:00:00+00:00
[2025-04-30T00:35:31.328+0000] {processor.py:208} INFO - Processing /home/airflow/.local/lib/python3.12/site-packages/airflow/example_dags/example_setup_teardown.py took 0.233 seconds
[2025-04-30T00:36:02.127+0000] {processor.py:186} INFO - Started process (PID=749) to work on /home/airflow/.local/lib/python3.12/site-packages/airflow/example_dags/example_setup_teardown.py
[2025-04-30T00:36:02.130+0000] {processor.py:914} INFO - Processing file /home/airflow/.local/lib/python3.12/site-packages/airflow/example_dags/example_setup_teardown.py for tasks to queue
[2025-04-30T00:36:02.135+0000] {logging_mixin.py:190} INFO - [2025-04-30T00:36:02.134+0000] {dagbag.py:587} INFO - Filling up the DagBag from /home/airflow/.local/lib/python3.12/site-packages/airflow/example_dags/example_setup_teardown.py
[2025-04-30T00:36:02.153+0000] {processor.py:925} INFO - DAG(s) 'example_setup_teardown' retrieved from /home/airflow/.local/lib/python3.12/site-packages/airflow/example_dags/example_setup_teardown.py
[2025-04-30T00:36:02.193+0000] {logging_mixin.py:190} INFO - [2025-04-30T00:36:02.192+0000] {dag.py:3211} INFO - Sync 1 DAGs
[2025-04-30T00:36:02.253+0000] {logging_mixin.py:190} INFO - [2025-04-30T00:36:02.252+0000] {dag.py:4138} INFO - Setting next_dagrun for example_setup_teardown to 2025-04-29 00:00:00+00:00, run_after=2025-04-30 00:00:00+00:00
[2025-04-30T00:36:02.301+0000] {processor.py:208} INFO - Processing /home/airflow/.local/lib/python3.12/site-packages/airflow/example_dags/example_setup_teardown.py took 0.184 seconds
[2025-04-30T00:36:32.618+0000] {processor.py:186} INFO - Started process (PID=812) to work on /home/airflow/.local/lib/python3.12/site-packages/airflow/example_dags/example_setup_teardown.py
[2025-04-30T00:36:32.624+0000] {processor.py:914} INFO - Processing file /home/airflow/.local/lib/python3.12/site-packages/airflow/example_dags/example_setup_teardown.py for tasks to queue
[2025-04-30T00:36:32.633+0000] {logging_mixin.py:190} INFO - [2025-04-30T00:36:32.632+0000] {dagbag.py:587} INFO - Filling up the DagBag from /home/airflow/.local/lib/python3.12/site-packages/airflow/example_dags/example_setup_teardown.py
[2025-04-30T00:36:32.658+0000] {processor.py:925} INFO - DAG(s) 'example_setup_teardown' retrieved from /home/airflow/.local/lib/python3.12/site-packages/airflow/example_dags/example_setup_teardown.py
[2025-04-30T00:36:32.704+0000] {logging_mixin.py:190} INFO - [2025-04-30T00:36:32.704+0000] {dag.py:3211} INFO - Sync 1 DAGs
[2025-04-30T00:36:32.784+0000] {logging_mixin.py:190} INFO - [2025-04-30T00:36:32.783+0000] {dag.py:4138} INFO - Setting next_dagrun for example_setup_teardown to 2025-04-29 00:00:00+00:00, run_after=2025-04-30 00:00:00+00:00
[2025-04-30T00:36:32.837+0000] {processor.py:208} INFO - Processing /home/airflow/.local/lib/python3.12/site-packages/airflow/example_dags/example_setup_teardown.py took 0.236 seconds
[2025-04-30T00:37:03.412+0000] {processor.py:186} INFO - Started process (PID=875) to work on /home/airflow/.local/lib/python3.12/site-packages/airflow/example_dags/example_setup_teardown.py
[2025-04-30T00:37:03.415+0000] {processor.py:914} INFO - Processing file /home/airflow/.local/lib/python3.12/site-packages/airflow/example_dags/example_setup_teardown.py for tasks to queue
[2025-04-30T00:37:03.421+0000] {logging_mixin.py:190} INFO - [2025-04-30T00:37:03.420+0000] {dagbag.py:587} INFO - Filling up the DagBag from /home/airflow/.local/lib/python3.12/site-packages/airflow/example_dags/example_setup_teardown.py
[2025-04-30T00:37:03.442+0000] {processor.py:925} INFO - DAG(s) 'example_setup_teardown' retrieved from /home/airflow/.local/lib/python3.12/site-packages/airflow/example_dags/example_setup_teardown.py
[2025-04-30T00:37:03.496+0000] {logging_mixin.py:190} INFO - [2025-04-30T00:37:03.495+0000] {dag.py:3211} INFO - Sync 1 DAGs
[2025-04-30T00:37:03.570+0000] {logging_mixin.py:190} INFO - [2025-04-30T00:37:03.570+0000] {dag.py:4138} INFO - Setting next_dagrun for example_setup_teardown to 2025-04-29 00:00:00+00:00, run_after=2025-04-30 00:00:00+00:00
[2025-04-30T00:37:03.624+0000] {processor.py:208} INFO - Processing /home/airflow/.local/lib/python3.12/site-packages/airflow/example_dags/example_setup_teardown.py took 0.227 seconds
[2025-04-30T00:37:34.560+0000] {processor.py:186} INFO - Started process (PID=938) to work on /home/airflow/.local/lib/python3.12/site-packages/airflow/example_dags/example_setup_teardown.py
[2025-04-30T00:37:34.563+0000] {processor.py:914} INFO - Processing file /home/airflow/.local/lib/python3.12/site-packages/airflow/example_dags/example_setup_teardown.py for tasks to queue
[2025-04-30T00:37:34.569+0000] {logging_mixin.py:190} INFO - [2025-04-30T00:37:34.568+0000] {dagbag.py:587} INFO - Filling up the DagBag from /home/airflow/.local/lib/python3.12/site-packages/airflow/example_dags/example_setup_teardown.py
[2025-04-30T00:37:34.592+0000] {processor.py:925} INFO - DAG(s) 'example_setup_teardown' retrieved from /home/airflow/.local/lib/python3.12/site-packages/airflow/example_dags/example_setup_teardown.py
[2025-04-30T00:37:34.644+0000] {logging_mixin.py:190} INFO - [2025-04-30T00:37:34.643+0000] {dag.py:3211} INFO - Sync 1 DAGs
[2025-04-30T00:37:34.698+0000] {logging_mixin.py:190} INFO - [2025-04-30T00:37:34.698+0000] {dag.py:4138} INFO - Setting next_dagrun for example_setup_teardown to 2025-04-29 00:00:00+00:00, run_after=2025-04-30 00:00:00+00:00
[2025-04-30T00:37:34.744+0000] {processor.py:208} INFO - Processing /home/airflow/.local/lib/python3.12/site-packages/airflow/example_dags/example_setup_teardown.py took 0.195 seconds
[2025-04-30T00:38:05.082+0000] {processor.py:186} INFO - Started process (PID=1001) to work on /home/airflow/.local/lib/python3.12/site-packages/airflow/example_dags/example_setup_teardown.py
[2025-04-30T00:38:05.084+0000] {processor.py:914} INFO - Processing file /home/airflow/.local/lib/python3.12/site-packages/airflow/example_dags/example_setup_teardown.py for tasks to queue
[2025-04-30T00:38:05.088+0000] {logging_mixin.py:190} INFO - [2025-04-30T00:38:05.087+0000] {dagbag.py:587} INFO - Filling up the DagBag from /home/airflow/.local/lib/python3.12/site-packages/airflow/example_dags/example_setup_teardown.py
[2025-04-30T00:38:05.105+0000] {processor.py:925} INFO - DAG(s) 'example_setup_teardown' retrieved from /home/airflow/.local/lib/python3.12/site-packages/airflow/example_dags/example_setup_teardown.py
[2025-04-30T00:38:05.154+0000] {logging_mixin.py:190} INFO - [2025-04-30T00:38:05.153+0000] {dag.py:3211} INFO - Sync 1 DAGs
[2025-04-30T00:38:05.211+0000] {logging_mixin.py:190} INFO - [2025-04-30T00:38:05.211+0000] {dag.py:4138} INFO - Setting next_dagrun for example_setup_teardown to 2025-04-29 00:00:00+00:00, run_after=2025-04-30 00:00:00+00:00
[2025-04-30T00:38:05.253+0000] {processor.py:208} INFO - Processing /home/airflow/.local/lib/python3.12/site-packages/airflow/example_dags/example_setup_teardown.py took 0.184 seconds
[2025-04-30T00:38:35.939+0000] {processor.py:186} INFO - Started process (PID=1065) to work on /home/airflow/.local/lib/python3.12/site-packages/airflow/example_dags/example_setup_teardown.py
[2025-04-30T00:38:35.942+0000] {processor.py:914} INFO - Processing file /home/airflow/.local/lib/python3.12/site-packages/airflow/example_dags/example_setup_teardown.py for tasks to queue
[2025-04-30T00:38:35.948+0000] {logging_mixin.py:190} INFO - [2025-04-30T00:38:35.948+0000] {dagbag.py:587} INFO - Filling up the DagBag from /home/airflow/.local/lib/python3.12/site-packages/airflow/example_dags/example_setup_teardown.py
[2025-04-30T00:38:35.973+0000] {processor.py:925} INFO - DAG(s) 'example_setup_teardown' retrieved from /home/airflow/.local/lib/python3.12/site-packages/airflow/example_dags/example_setup_teardown.py
[2025-04-30T00:38:36.027+0000] {logging_mixin.py:190} INFO - [2025-04-30T00:38:36.027+0000] {dag.py:3211} INFO - Sync 1 DAGs
[2025-04-30T00:38:36.084+0000] {logging_mixin.py:190} INFO - [2025-04-30T00:38:36.083+0000] {dag.py:4138} INFO - Setting next_dagrun for example_setup_teardown to 2025-04-29 00:00:00+00:00, run_after=2025-04-30 00:00:00+00:00
[2025-04-30T00:38:36.139+0000] {processor.py:208} INFO - Processing /home/airflow/.local/lib/python3.12/site-packages/airflow/example_dags/example_setup_teardown.py took 0.216 seconds
[2025-04-30T00:39:07.159+0000] {processor.py:186} INFO - Started process (PID=1134) to work on /home/airflow/.local/lib/python3.12/site-packages/airflow/example_dags/example_setup_teardown.py
[2025-04-30T00:39:07.162+0000] {processor.py:914} INFO - Processing file /home/airflow/.local/lib/python3.12/site-packages/airflow/example_dags/example_setup_teardown.py for tasks to queue
[2025-04-30T00:39:07.168+0000] {logging_mixin.py:190} INFO - [2025-04-30T00:39:07.167+0000] {dagbag.py:587} INFO - Filling up the DagBag from /home/airflow/.local/lib/python3.12/site-packages/airflow/example_dags/example_setup_teardown.py
[2025-04-30T00:39:07.194+0000] {processor.py:925} INFO - DAG(s) 'example_setup_teardown' retrieved from /home/airflow/.local/lib/python3.12/site-packages/airflow/example_dags/example_setup_teardown.py
[2025-04-30T00:39:07.241+0000] {logging_mixin.py:190} INFO - [2025-04-30T00:39:07.240+0000] {dag.py:3211} INFO - Sync 1 DAGs
[2025-04-30T00:39:07.305+0000] {logging_mixin.py:190} INFO - [2025-04-30T00:39:07.305+0000] {dag.py:4138} INFO - Setting next_dagrun for example_setup_teardown to 2025-04-29 00:00:00+00:00, run_after=2025-04-30 00:00:00+00:00
[2025-04-30T00:39:07.348+0000] {processor.py:208} INFO - Processing /home/airflow/.local/lib/python3.12/site-packages/airflow/example_dags/example_setup_teardown.py took 0.202 seconds
[2025-04-30T00:39:38.127+0000] {processor.py:186} INFO - Started process (PID=1197) to work on /home/airflow/.local/lib/python3.12/site-packages/airflow/example_dags/example_setup_teardown.py
[2025-04-30T00:39:38.129+0000] {processor.py:914} INFO - Processing file /home/airflow/.local/lib/python3.12/site-packages/airflow/example_dags/example_setup_teardown.py for tasks to queue
[2025-04-30T00:39:38.134+0000] {logging_mixin.py:190} INFO - [2025-04-30T00:39:38.133+0000] {dagbag.py:587} INFO - Filling up the DagBag from /home/airflow/.local/lib/python3.12/site-packages/airflow/example_dags/example_setup_teardown.py
[2025-04-30T00:39:38.152+0000] {processor.py:925} INFO - DAG(s) 'example_setup_teardown' retrieved from /home/airflow/.local/lib/python3.12/site-packages/airflow/example_dags/example_setup_teardown.py
[2025-04-30T00:39:38.200+0000] {logging_mixin.py:190} INFO - [2025-04-30T00:39:38.200+0000] {dag.py:3211} INFO - Sync 1 DAGs
[2025-04-30T00:39:38.250+0000] {logging_mixin.py:190} INFO - [2025-04-30T00:39:38.250+0000] {dag.py:4138} INFO - Setting next_dagrun for example_setup_teardown to 2025-04-29 00:00:00+00:00, run_after=2025-04-30 00:00:00+00:00
[2025-04-30T00:39:38.290+0000] {processor.py:208} INFO - Processing /home/airflow/.local/lib/python3.12/site-packages/airflow/example_dags/example_setup_teardown.py took 0.178 seconds
[2025-04-30T00:40:09.036+0000] {processor.py:186} INFO - Started process (PID=1260) to work on /home/airflow/.local/lib/python3.12/site-packages/airflow/example_dags/example_setup_teardown.py
[2025-04-30T00:40:09.038+0000] {processor.py:914} INFO - Processing file /home/airflow/.local/lib/python3.12/site-packages/airflow/example_dags/example_setup_teardown.py for tasks to queue
[2025-04-30T00:40:09.042+0000] {logging_mixin.py:190} INFO - [2025-04-30T00:40:09.042+0000] {dagbag.py:587} INFO - Filling up the DagBag from /home/airflow/.local/lib/python3.12/site-packages/airflow/example_dags/example_setup_teardown.py
[2025-04-30T00:40:09.059+0000] {processor.py:925} INFO - DAG(s) 'example_setup_teardown' retrieved from /home/airflow/.local/lib/python3.12/site-packages/airflow/example_dags/example_setup_teardown.py
[2025-04-30T00:40:09.100+0000] {logging_mixin.py:190} INFO - [2025-04-30T00:40:09.099+0000] {dag.py:3211} INFO - Sync 1 DAGs
[2025-04-30T00:40:09.157+0000] {logging_mixin.py:190} INFO - [2025-04-30T00:40:09.156+0000] {dag.py:4138} INFO - Setting next_dagrun for example_setup_teardown to 2025-04-29 00:00:00+00:00, run_after=2025-04-30 00:00:00+00:00
[2025-04-30T00:40:09.200+0000] {processor.py:208} INFO - Processing /home/airflow/.local/lib/python3.12/site-packages/airflow/example_dags/example_setup_teardown.py took 0.175 seconds
[2025-04-30T00:40:39.645+0000] {processor.py:186} INFO - Started process (PID=1323) to work on /home/airflow/.local/lib/python3.12/site-packages/airflow/example_dags/example_setup_teardown.py
[2025-04-30T00:40:39.647+0000] {processor.py:914} INFO - Processing file /home/airflow/.local/lib/python3.12/site-packages/airflow/example_dags/example_setup_teardown.py for tasks to queue
[2025-04-30T00:40:39.652+0000] {logging_mixin.py:190} INFO - [2025-04-30T00:40:39.651+0000] {dagbag.py:587} INFO - Filling up the DagBag from /home/airflow/.local/lib/python3.12/site-packages/airflow/example_dags/example_setup_teardown.py
[2025-04-30T00:40:39.668+0000] {processor.py:925} INFO - DAG(s) 'example_setup_teardown' retrieved from /home/airflow/.local/lib/python3.12/site-packages/airflow/example_dags/example_setup_teardown.py
[2025-04-30T00:40:39.709+0000] {logging_mixin.py:190} INFO - [2025-04-30T00:40:39.708+0000] {dag.py:3211} INFO - Sync 1 DAGs
[2025-04-30T00:40:39.759+0000] {logging_mixin.py:190} INFO - [2025-04-30T00:40:39.758+0000] {dag.py:4138} INFO - Setting next_dagrun for example_setup_teardown to 2025-04-29 00:00:00+00:00, run_after=2025-04-30 00:00:00+00:00
[2025-04-30T00:40:39.794+0000] {processor.py:208} INFO - Processing /home/airflow/.local/lib/python3.12/site-packages/airflow/example_dags/example_setup_teardown.py took 0.160 seconds
[2025-04-30T00:41:10.392+0000] {processor.py:186} INFO - Started process (PID=1386) to work on /home/airflow/.local/lib/python3.12/site-packages/airflow/example_dags/example_setup_teardown.py
[2025-04-30T00:41:10.394+0000] {processor.py:914} INFO - Processing file /home/airflow/.local/lib/python3.12/site-packages/airflow/example_dags/example_setup_teardown.py for tasks to queue
[2025-04-30T00:41:10.399+0000] {logging_mixin.py:190} INFO - [2025-04-30T00:41:10.399+0000] {dagbag.py:587} INFO - Filling up the DagBag from /home/airflow/.local/lib/python3.12/site-packages/airflow/example_dags/example_setup_teardown.py
[2025-04-30T00:41:10.417+0000] {processor.py:925} INFO - DAG(s) 'example_setup_teardown' retrieved from /home/airflow/.local/lib/python3.12/site-packages/airflow/example_dags/example_setup_teardown.py
[2025-04-30T00:41:10.457+0000] {logging_mixin.py:190} INFO - [2025-04-30T00:41:10.457+0000] {dag.py:3211} INFO - Sync 1 DAGs
[2025-04-30T00:41:10.521+0000] {logging_mixin.py:190} INFO - [2025-04-30T00:41:10.520+0000] {dag.py:4138} INFO - Setting next_dagrun for example_setup_teardown to 2025-04-29 00:00:00+00:00, run_after=2025-04-30 00:00:00+00:00
[2025-04-30T00:41:10.570+0000] {processor.py:208} INFO - Processing /home/airflow/.local/lib/python3.12/site-packages/airflow/example_dags/example_setup_teardown.py took 0.189 seconds
[2025-04-30T00:41:41.614+0000] {processor.py:186} INFO - Started process (PID=1449) to work on /home/airflow/.local/lib/python3.12/site-packages/airflow/example_dags/example_setup_teardown.py
[2025-04-30T00:41:41.616+0000] {processor.py:914} INFO - Processing file /home/airflow/.local/lib/python3.12/site-packages/airflow/example_dags/example_setup_teardown.py for tasks to queue
[2025-04-30T00:41:41.622+0000] {logging_mixin.py:190} INFO - [2025-04-30T00:41:41.621+0000] {dagbag.py:587} INFO - Filling up the DagBag from /home/airflow/.local/lib/python3.12/site-packages/airflow/example_dags/example_setup_teardown.py
[2025-04-30T00:41:41.643+0000] {processor.py:925} INFO - DAG(s) 'example_setup_teardown' retrieved from /home/airflow/.local/lib/python3.12/site-packages/airflow/example_dags/example_setup_teardown.py
[2025-04-30T00:41:41.694+0000] {logging_mixin.py:190} INFO - [2025-04-30T00:41:41.694+0000] {dag.py:3211} INFO - Sync 1 DAGs
[2025-04-30T00:41:41.757+0000] {logging_mixin.py:190} INFO - [2025-04-30T00:41:41.755+0000] {dag.py:4138} INFO - Setting next_dagrun for example_setup_teardown to 2025-04-29 00:00:00+00:00, run_after=2025-04-30 00:00:00+00:00
[2025-04-30T00:41:41.801+0000] {processor.py:208} INFO - Processing /home/airflow/.local/lib/python3.12/site-packages/airflow/example_dags/example_setup_teardown.py took 0.200 seconds
[2025-04-30T00:42:12.418+0000] {processor.py:186} INFO - Started process (PID=1516) to work on /home/airflow/.local/lib/python3.12/site-packages/airflow/example_dags/example_setup_teardown.py
[2025-04-30T00:42:12.420+0000] {processor.py:914} INFO - Processing file /home/airflow/.local/lib/python3.12/site-packages/airflow/example_dags/example_setup_teardown.py for tasks to queue
[2025-04-30T00:42:12.423+0000] {logging_mixin.py:190} INFO - [2025-04-30T00:42:12.422+0000] {dagbag.py:587} INFO - Filling up the DagBag from /home/airflow/.local/lib/python3.12/site-packages/airflow/example_dags/example_setup_teardown.py
[2025-04-30T00:42:12.443+0000] {processor.py:925} INFO - DAG(s) 'example_setup_teardown' retrieved from /home/airflow/.local/lib/python3.12/site-packages/airflow/example_dags/example_setup_teardown.py
[2025-04-30T00:42:12.485+0000] {logging_mixin.py:190} INFO - [2025-04-30T00:42:12.484+0000] {dag.py:3211} INFO - Sync 1 DAGs
[2025-04-30T00:42:12.538+0000] {logging_mixin.py:190} INFO - [2025-04-30T00:42:12.538+0000] {dag.py:4138} INFO - Setting next_dagrun for example_setup_teardown to 2025-04-29 00:00:00+00:00, run_after=2025-04-30 00:00:00+00:00
[2025-04-30T00:42:12.588+0000] {processor.py:208} INFO - Processing /home/airflow/.local/lib/python3.12/site-packages/airflow/example_dags/example_setup_teardown.py took 0.182 seconds
[2025-04-30T00:42:43.293+0000] {processor.py:186} INFO - Started process (PID=1579) to work on /home/airflow/.local/lib/python3.12/site-packages/airflow/example_dags/example_setup_teardown.py
[2025-04-30T00:42:43.295+0000] {processor.py:914} INFO - Processing file /home/airflow/.local/lib/python3.12/site-packages/airflow/example_dags/example_setup_teardown.py for tasks to queue
[2025-04-30T00:42:43.298+0000] {logging_mixin.py:190} INFO - [2025-04-30T00:42:43.298+0000] {dagbag.py:587} INFO - Filling up the DagBag from /home/airflow/.local/lib/python3.12/site-packages/airflow/example_dags/example_setup_teardown.py
[2025-04-30T00:42:43.321+0000] {processor.py:925} INFO - DAG(s) 'example_setup_teardown' retrieved from /home/airflow/.local/lib/python3.12/site-packages/airflow/example_dags/example_setup_teardown.py
[2025-04-30T00:42:43.368+0000] {logging_mixin.py:190} INFO - [2025-04-30T00:42:43.367+0000] {dag.py:3211} INFO - Sync 1 DAGs
[2025-04-30T00:42:43.432+0000] {logging_mixin.py:190} INFO - [2025-04-30T00:42:43.431+0000] {dag.py:4138} INFO - Setting next_dagrun for example_setup_teardown to 2025-04-29 00:00:00+00:00, run_after=2025-04-30 00:00:00+00:00
[2025-04-30T00:42:43.474+0000] {processor.py:208} INFO - Processing /home/airflow/.local/lib/python3.12/site-packages/airflow/example_dags/example_setup_teardown.py took 0.195 seconds
[2025-04-30T00:43:14.008+0000] {processor.py:186} INFO - Started process (PID=1642) to work on /home/airflow/.local/lib/python3.12/site-packages/airflow/example_dags/example_setup_teardown.py
[2025-04-30T00:43:14.011+0000] {processor.py:914} INFO - Processing file /home/airflow/.local/lib/python3.12/site-packages/airflow/example_dags/example_setup_teardown.py for tasks to queue
[2025-04-30T00:43:14.017+0000] {logging_mixin.py:190} INFO - [2025-04-30T00:43:14.014+0000] {dagbag.py:587} INFO - Filling up the DagBag from /home/airflow/.local/lib/python3.12/site-packages/airflow/example_dags/example_setup_teardown.py
[2025-04-30T00:43:14.041+0000] {processor.py:925} INFO - DAG(s) 'example_setup_teardown' retrieved from /home/airflow/.local/lib/python3.12/site-packages/airflow/example_dags/example_setup_teardown.py
[2025-04-30T00:43:14.083+0000] {logging_mixin.py:190} INFO - [2025-04-30T00:43:14.083+0000] {dag.py:3211} INFO - Sync 1 DAGs
[2025-04-30T00:43:14.133+0000] {logging_mixin.py:190} INFO - [2025-04-30T00:43:14.133+0000] {dag.py:4138} INFO - Setting next_dagrun for example_setup_teardown to 2025-04-29 00:00:00+00:00, run_after=2025-04-30 00:00:00+00:00
[2025-04-30T00:43:14.179+0000] {processor.py:208} INFO - Processing /home/airflow/.local/lib/python3.12/site-packages/airflow/example_dags/example_setup_teardown.py took 0.186 seconds
[2025-04-30T00:43:45.851+0000] {processor.py:186} INFO - Started process (PID=1705) to work on /home/airflow/.local/lib/python3.12/site-packages/airflow/example_dags/example_setup_teardown.py
[2025-04-30T00:43:45.853+0000] {processor.py:914} INFO - Processing file /home/airflow/.local/lib/python3.12/site-packages/airflow/example_dags/example_setup_teardown.py for tasks to queue
[2025-04-30T00:43:45.856+0000] {logging_mixin.py:190} INFO - [2025-04-30T00:43:45.855+0000] {dagbag.py:587} INFO - Filling up the DagBag from /home/airflow/.local/lib/python3.12/site-packages/airflow/example_dags/example_setup_teardown.py
[2025-04-30T00:43:45.875+0000] {processor.py:925} INFO - DAG(s) 'example_setup_teardown' retrieved from /home/airflow/.local/lib/python3.12/site-packages/airflow/example_dags/example_setup_teardown.py
[2025-04-30T00:43:45.914+0000] {logging_mixin.py:190} INFO - [2025-04-30T00:43:45.914+0000] {dag.py:3211} INFO - Sync 1 DAGs
[2025-04-30T00:43:45.964+0000] {logging_mixin.py:190} INFO - [2025-04-30T00:43:45.963+0000] {dag.py:4138} INFO - Setting next_dagrun for example_setup_teardown to 2025-04-29 00:00:00+00:00, run_after=2025-04-30 00:00:00+00:00
[2025-04-30T00:43:46.003+0000] {processor.py:208} INFO - Processing /home/airflow/.local/lib/python3.12/site-packages/airflow/example_dags/example_setup_teardown.py took 0.162 seconds
[2025-04-30T00:44:16.144+0000] {processor.py:186} INFO - Started process (PID=1768) to work on /home/airflow/.local/lib/python3.12/site-packages/airflow/example_dags/example_setup_teardown.py
[2025-04-30T00:44:16.146+0000] {processor.py:914} INFO - Processing file /home/airflow/.local/lib/python3.12/site-packages/airflow/example_dags/example_setup_teardown.py for tasks to queue
[2025-04-30T00:44:16.149+0000] {logging_mixin.py:190} INFO - [2025-04-30T00:44:16.147+0000] {dagbag.py:587} INFO - Filling up the DagBag from /home/airflow/.local/lib/python3.12/site-packages/airflow/example_dags/example_setup_teardown.py
[2025-04-30T00:44:16.160+0000] {processor.py:925} INFO - DAG(s) 'example_setup_teardown' retrieved from /home/airflow/.local/lib/python3.12/site-packages/airflow/example_dags/example_setup_teardown.py
[2025-04-30T00:44:16.184+0000] {logging_mixin.py:190} INFO - [2025-04-30T00:44:16.184+0000] {dag.py:3211} INFO - Sync 1 DAGs
[2025-04-30T00:44:16.209+0000] {logging_mixin.py:190} INFO - [2025-04-30T00:44:16.209+0000] {dag.py:4138} INFO - Setting next_dagrun for example_setup_teardown to 2025-04-29 00:00:00+00:00, run_after=2025-04-30 00:00:00+00:00
[2025-04-30T00:44:16.231+0000] {processor.py:208} INFO - Processing /home/airflow/.local/lib/python3.12/site-packages/airflow/example_dags/example_setup_teardown.py took 0.094 seconds
[2025-04-30T00:44:46.652+0000] {processor.py:186} INFO - Started process (PID=1831) to work on /home/airflow/.local/lib/python3.12/site-packages/airflow/example_dags/example_setup_teardown.py
[2025-04-30T00:44:46.654+0000] {processor.py:914} INFO - Processing file /home/airflow/.local/lib/python3.12/site-packages/airflow/example_dags/example_setup_teardown.py for tasks to queue
[2025-04-30T00:44:46.656+0000] {logging_mixin.py:190} INFO - [2025-04-30T00:44:46.656+0000] {dagbag.py:587} INFO - Filling up the DagBag from /home/airflow/.local/lib/python3.12/site-packages/airflow/example_dags/example_setup_teardown.py
[2025-04-30T00:44:46.675+0000] {processor.py:925} INFO - DAG(s) 'example_setup_teardown' retrieved from /home/airflow/.local/lib/python3.12/site-packages/airflow/example_dags/example_setup_teardown.py
[2025-04-30T00:44:46.705+0000] {logging_mixin.py:190} INFO - [2025-04-30T00:44:46.704+0000] {dag.py:3211} INFO - Sync 1 DAGs
[2025-04-30T00:44:46.744+0000] {logging_mixin.py:190} INFO - [2025-04-30T00:44:46.743+0000] {dag.py:4138} INFO - Setting next_dagrun for example_setup_teardown to 2025-04-29 00:00:00+00:00, run_after=2025-04-30 00:00:00+00:00
[2025-04-30T00:44:46.773+0000] {processor.py:208} INFO - Processing /home/airflow/.local/lib/python3.12/site-packages/airflow/example_dags/example_setup_teardown.py took 0.130 seconds
[2025-04-30T00:45:17.263+0000] {processor.py:186} INFO - Started process (PID=1894) to work on /home/airflow/.local/lib/python3.12/site-packages/airflow/example_dags/example_setup_teardown.py
[2025-04-30T00:45:17.264+0000] {processor.py:914} INFO - Processing file /home/airflow/.local/lib/python3.12/site-packages/airflow/example_dags/example_setup_teardown.py for tasks to queue
[2025-04-30T00:45:17.266+0000] {logging_mixin.py:190} INFO - [2025-04-30T00:45:17.265+0000] {dagbag.py:587} INFO - Filling up the DagBag from /home/airflow/.local/lib/python3.12/site-packages/airflow/example_dags/example_setup_teardown.py
[2025-04-30T00:45:17.276+0000] {processor.py:925} INFO - DAG(s) 'example_setup_teardown' retrieved from /home/airflow/.local/lib/python3.12/site-packages/airflow/example_dags/example_setup_teardown.py
[2025-04-30T00:45:17.300+0000] {logging_mixin.py:190} INFO - [2025-04-30T00:45:17.299+0000] {dag.py:3211} INFO - Sync 1 DAGs
[2025-04-30T00:45:17.327+0000] {logging_mixin.py:190} INFO - [2025-04-30T00:45:17.327+0000] {dag.py:4138} INFO - Setting next_dagrun for example_setup_teardown to 2025-04-29 00:00:00+00:00, run_after=2025-04-30 00:00:00+00:00
[2025-04-30T00:45:17.351+0000] {processor.py:208} INFO - Processing /home/airflow/.local/lib/python3.12/site-packages/airflow/example_dags/example_setup_teardown.py took 0.094 seconds
[2025-04-30T00:45:48.218+0000] {processor.py:186} INFO - Started process (PID=1957) to work on /home/airflow/.local/lib/python3.12/site-packages/airflow/example_dags/example_setup_teardown.py
[2025-04-30T00:45:48.220+0000] {processor.py:914} INFO - Processing file /home/airflow/.local/lib/python3.12/site-packages/airflow/example_dags/example_setup_teardown.py for tasks to queue
[2025-04-30T00:45:48.221+0000] {logging_mixin.py:190} INFO - [2025-04-30T00:45:48.221+0000] {dagbag.py:587} INFO - Filling up the DagBag from /home/airflow/.local/lib/python3.12/site-packages/airflow/example_dags/example_setup_teardown.py
[2025-04-30T00:45:48.235+0000] {processor.py:925} INFO - DAG(s) 'example_setup_teardown' retrieved from /home/airflow/.local/lib/python3.12/site-packages/airflow/example_dags/example_setup_teardown.py
[2025-04-30T00:45:48.259+0000] {logging_mixin.py:190} INFO - [2025-04-30T00:45:48.259+0000] {dag.py:3211} INFO - Sync 1 DAGs
[2025-04-30T00:45:48.287+0000] {logging_mixin.py:190} INFO - [2025-04-30T00:45:48.287+0000] {dag.py:4138} INFO - Setting next_dagrun for example_setup_teardown to 2025-04-29 00:00:00+00:00, run_after=2025-04-30 00:00:00+00:00
[2025-04-30T00:45:48.311+0000] {processor.py:208} INFO - Processing /home/airflow/.local/lib/python3.12/site-packages/airflow/example_dags/example_setup_teardown.py took 0.099 seconds
[2025-04-30T00:46:18.674+0000] {processor.py:186} INFO - Started process (PID=2026) to work on /home/airflow/.local/lib/python3.12/site-packages/airflow/example_dags/example_setup_teardown.py
[2025-04-30T00:46:18.675+0000] {processor.py:914} INFO - Processing file /home/airflow/.local/lib/python3.12/site-packages/airflow/example_dags/example_setup_teardown.py for tasks to queue
[2025-04-30T00:46:18.677+0000] {logging_mixin.py:190} INFO - [2025-04-30T00:46:18.676+0000] {dagbag.py:587} INFO - Filling up the DagBag from /home/airflow/.local/lib/python3.12/site-packages/airflow/example_dags/example_setup_teardown.py
[2025-04-30T00:46:18.687+0000] {processor.py:925} INFO - DAG(s) 'example_setup_teardown' retrieved from /home/airflow/.local/lib/python3.12/site-packages/airflow/example_dags/example_setup_teardown.py
[2025-04-30T00:46:18.710+0000] {logging_mixin.py:190} INFO - [2025-04-30T00:46:18.710+0000] {dag.py:3211} INFO - Sync 1 DAGs
[2025-04-30T00:46:18.738+0000] {logging_mixin.py:190} INFO - [2025-04-30T00:46:18.738+0000] {dag.py:4138} INFO - Setting next_dagrun for example_setup_teardown to 2025-04-29 00:00:00+00:00, run_after=2025-04-30 00:00:00+00:00
[2025-04-30T00:46:18.760+0000] {processor.py:208} INFO - Processing /home/airflow/.local/lib/python3.12/site-packages/airflow/example_dags/example_setup_teardown.py took 0.092 seconds
[2025-04-30T00:46:49.106+0000] {processor.py:186} INFO - Started process (PID=2089) to work on /home/airflow/.local/lib/python3.12/site-packages/airflow/example_dags/example_setup_teardown.py
[2025-04-30T00:46:49.107+0000] {processor.py:914} INFO - Processing file /home/airflow/.local/lib/python3.12/site-packages/airflow/example_dags/example_setup_teardown.py for tasks to queue
[2025-04-30T00:46:49.108+0000] {logging_mixin.py:190} INFO - [2025-04-30T00:46:49.108+0000] {dagbag.py:587} INFO - Filling up the DagBag from /home/airflow/.local/lib/python3.12/site-packages/airflow/example_dags/example_setup_teardown.py
[2025-04-30T00:46:49.118+0000] {processor.py:925} INFO - DAG(s) 'example_setup_teardown' retrieved from /home/airflow/.local/lib/python3.12/site-packages/airflow/example_dags/example_setup_teardown.py
[2025-04-30T00:46:49.141+0000] {logging_mixin.py:190} INFO - [2025-04-30T00:46:49.141+0000] {dag.py:3211} INFO - Sync 1 DAGs
[2025-04-30T00:46:49.165+0000] {logging_mixin.py:190} INFO - [2025-04-30T00:46:49.165+0000] {dag.py:4138} INFO - Setting next_dagrun for example_setup_teardown to 2025-04-29 00:00:00+00:00, run_after=2025-04-30 00:00:00+00:00
[2025-04-30T00:46:49.187+0000] {processor.py:208} INFO - Processing /home/airflow/.local/lib/python3.12/site-packages/airflow/example_dags/example_setup_teardown.py took 0.088 seconds
[2025-04-30T00:47:19.928+0000] {processor.py:186} INFO - Started process (PID=2152) to work on /home/airflow/.local/lib/python3.12/site-packages/airflow/example_dags/example_setup_teardown.py
[2025-04-30T00:47:19.929+0000] {processor.py:914} INFO - Processing file /home/airflow/.local/lib/python3.12/site-packages/airflow/example_dags/example_setup_teardown.py for tasks to queue
[2025-04-30T00:47:19.930+0000] {logging_mixin.py:190} INFO - [2025-04-30T00:47:19.930+0000] {dagbag.py:587} INFO - Filling up the DagBag from /home/airflow/.local/lib/python3.12/site-packages/airflow/example_dags/example_setup_teardown.py
[2025-04-30T00:47:19.941+0000] {processor.py:925} INFO - DAG(s) 'example_setup_teardown' retrieved from /home/airflow/.local/lib/python3.12/site-packages/airflow/example_dags/example_setup_teardown.py
[2025-04-30T00:47:19.964+0000] {logging_mixin.py:190} INFO - [2025-04-30T00:47:19.964+0000] {dag.py:3211} INFO - Sync 1 DAGs
[2025-04-30T00:47:19.988+0000] {logging_mixin.py:190} INFO - [2025-04-30T00:47:19.988+0000] {dag.py:4138} INFO - Setting next_dagrun for example_setup_teardown to 2025-04-29 00:00:00+00:00, run_after=2025-04-30 00:00:00+00:00
[2025-04-30T00:47:20.010+0000] {processor.py:208} INFO - Processing /home/airflow/.local/lib/python3.12/site-packages/airflow/example_dags/example_setup_teardown.py took 0.089 seconds
[2025-04-30T00:47:50.207+0000] {processor.py:186} INFO - Started process (PID=2215) to work on /home/airflow/.local/lib/python3.12/site-packages/airflow/example_dags/example_setup_teardown.py
[2025-04-30T00:47:50.208+0000] {processor.py:914} INFO - Processing file /home/airflow/.local/lib/python3.12/site-packages/airflow/example_dags/example_setup_teardown.py for tasks to queue
[2025-04-30T00:47:50.210+0000] {logging_mixin.py:190} INFO - [2025-04-30T00:47:50.209+0000] {dagbag.py:587} INFO - Filling up the DagBag from /home/airflow/.local/lib/python3.12/site-packages/airflow/example_dags/example_setup_teardown.py
[2025-04-30T00:47:50.223+0000] {processor.py:925} INFO - DAG(s) 'example_setup_teardown' retrieved from /home/airflow/.local/lib/python3.12/site-packages/airflow/example_dags/example_setup_teardown.py
[2025-04-30T00:47:50.249+0000] {logging_mixin.py:190} INFO - [2025-04-30T00:47:50.249+0000] {dag.py:3211} INFO - Sync 1 DAGs
[2025-04-30T00:47:50.278+0000] {logging_mixin.py:190} INFO - [2025-04-30T00:47:50.277+0000] {dag.py:4138} INFO - Setting next_dagrun for example_setup_teardown to 2025-04-29 00:00:00+00:00, run_after=2025-04-30 00:00:00+00:00
[2025-04-30T00:47:50.301+0000] {processor.py:208} INFO - Processing /home/airflow/.local/lib/python3.12/site-packages/airflow/example_dags/example_setup_teardown.py took 0.102 seconds
[2025-04-30T00:48:21.178+0000] {processor.py:186} INFO - Started process (PID=2278) to work on /home/airflow/.local/lib/python3.12/site-packages/airflow/example_dags/example_setup_teardown.py
[2025-04-30T00:48:21.180+0000] {processor.py:914} INFO - Processing file /home/airflow/.local/lib/python3.12/site-packages/airflow/example_dags/example_setup_teardown.py for tasks to queue
[2025-04-30T00:48:21.182+0000] {logging_mixin.py:190} INFO - [2025-04-30T00:48:21.181+0000] {dagbag.py:587} INFO - Filling up the DagBag from /home/airflow/.local/lib/python3.12/site-packages/airflow/example_dags/example_setup_teardown.py
[2025-04-30T00:48:21.198+0000] {processor.py:925} INFO - DAG(s) 'example_setup_teardown' retrieved from /home/airflow/.local/lib/python3.12/site-packages/airflow/example_dags/example_setup_teardown.py
[2025-04-30T00:48:21.233+0000] {logging_mixin.py:190} INFO - [2025-04-30T00:48:21.232+0000] {dag.py:3211} INFO - Sync 1 DAGs
[2025-04-30T00:48:21.275+0000] {logging_mixin.py:190} INFO - [2025-04-30T00:48:21.275+0000] {dag.py:4138} INFO - Setting next_dagrun for example_setup_teardown to 2025-04-29 00:00:00+00:00, run_after=2025-04-30 00:00:00+00:00
[2025-04-30T00:48:21.305+0000] {processor.py:208} INFO - Processing /home/airflow/.local/lib/python3.12/site-packages/airflow/example_dags/example_setup_teardown.py took 0.138 seconds
[2025-04-30T00:48:52.084+0000] {processor.py:186} INFO - Started process (PID=2341) to work on /home/airflow/.local/lib/python3.12/site-packages/airflow/example_dags/example_setup_teardown.py
[2025-04-30T00:48:52.086+0000] {processor.py:914} INFO - Processing file /home/airflow/.local/lib/python3.12/site-packages/airflow/example_dags/example_setup_teardown.py for tasks to queue
[2025-04-30T00:48:52.088+0000] {logging_mixin.py:190} INFO - [2025-04-30T00:48:52.087+0000] {dagbag.py:587} INFO - Filling up the DagBag from /home/airflow/.local/lib/python3.12/site-packages/airflow/example_dags/example_setup_teardown.py
[2025-04-30T00:48:52.101+0000] {processor.py:925} INFO - DAG(s) 'example_setup_teardown' retrieved from /home/airflow/.local/lib/python3.12/site-packages/airflow/example_dags/example_setup_teardown.py
[2025-04-30T00:48:52.127+0000] {logging_mixin.py:190} INFO - [2025-04-30T00:48:52.127+0000] {dag.py:3211} INFO - Sync 1 DAGs
[2025-04-30T00:48:52.159+0000] {logging_mixin.py:190} INFO - [2025-04-30T00:48:52.159+0000] {dag.py:4138} INFO - Setting next_dagrun for example_setup_teardown to 2025-04-29 00:00:00+00:00, run_after=2025-04-30 00:00:00+00:00
[2025-04-30T00:48:52.187+0000] {processor.py:208} INFO - Processing /home/airflow/.local/lib/python3.12/site-packages/airflow/example_dags/example_setup_teardown.py took 0.111 seconds
[2025-04-30T00:49:22.738+0000] {processor.py:186} INFO - Started process (PID=2404) to work on /home/airflow/.local/lib/python3.12/site-packages/airflow/example_dags/example_setup_teardown.py
[2025-04-30T00:49:22.739+0000] {processor.py:914} INFO - Processing file /home/airflow/.local/lib/python3.12/site-packages/airflow/example_dags/example_setup_teardown.py for tasks to queue
[2025-04-30T00:49:22.741+0000] {logging_mixin.py:190} INFO - [2025-04-30T00:49:22.741+0000] {dagbag.py:587} INFO - Filling up the DagBag from /home/airflow/.local/lib/python3.12/site-packages/airflow/example_dags/example_setup_teardown.py
[2025-04-30T00:49:22.752+0000] {processor.py:925} INFO - DAG(s) 'example_setup_teardown' retrieved from /home/airflow/.local/lib/python3.12/site-packages/airflow/example_dags/example_setup_teardown.py
[2025-04-30T00:49:22.781+0000] {logging_mixin.py:190} INFO - [2025-04-30T00:49:22.781+0000] {dag.py:3211} INFO - Sync 1 DAGs
[2025-04-30T00:49:22.810+0000] {logging_mixin.py:190} INFO - [2025-04-30T00:49:22.809+0000] {dag.py:4138} INFO - Setting next_dagrun for example_setup_teardown to 2025-04-29 00:00:00+00:00, run_after=2025-04-30 00:00:00+00:00
[2025-04-30T00:49:22.834+0000] {processor.py:208} INFO - Processing /home/airflow/.local/lib/python3.12/site-packages/airflow/example_dags/example_setup_teardown.py took 0.103 seconds
[2025-04-30T00:49:53.520+0000] {processor.py:186} INFO - Started process (PID=2467) to work on /home/airflow/.local/lib/python3.12/site-packages/airflow/example_dags/example_setup_teardown.py
[2025-04-30T00:49:53.522+0000] {processor.py:914} INFO - Processing file /home/airflow/.local/lib/python3.12/site-packages/airflow/example_dags/example_setup_teardown.py for tasks to queue
[2025-04-30T00:49:53.523+0000] {logging_mixin.py:190} INFO - [2025-04-30T00:49:53.523+0000] {dagbag.py:587} INFO - Filling up the DagBag from /home/airflow/.local/lib/python3.12/site-packages/airflow/example_dags/example_setup_teardown.py
[2025-04-30T00:49:53.536+0000] {processor.py:925} INFO - DAG(s) 'example_setup_teardown' retrieved from /home/airflow/.local/lib/python3.12/site-packages/airflow/example_dags/example_setup_teardown.py
[2025-04-30T00:49:53.566+0000] {logging_mixin.py:190} INFO - [2025-04-30T00:49:53.566+0000] {dag.py:3211} INFO - Sync 1 DAGs
[2025-04-30T00:49:53.596+0000] {logging_mixin.py:190} INFO - [2025-04-30T00:49:53.596+0000] {dag.py:4138} INFO - Setting next_dagrun for example_setup_teardown to 2025-04-29 00:00:00+00:00, run_after=2025-04-30 00:00:00+00:00
[2025-04-30T00:49:53.621+0000] {processor.py:208} INFO - Processing /home/airflow/.local/lib/python3.12/site-packages/airflow/example_dags/example_setup_teardown.py took 0.109 seconds
[2025-04-30T00:50:23.974+0000] {processor.py:186} INFO - Started process (PID=2531) to work on /home/airflow/.local/lib/python3.12/site-packages/airflow/example_dags/example_setup_teardown.py
[2025-04-30T00:50:23.975+0000] {processor.py:914} INFO - Processing file /home/airflow/.local/lib/python3.12/site-packages/airflow/example_dags/example_setup_teardown.py for tasks to queue
[2025-04-30T00:50:23.977+0000] {logging_mixin.py:190} INFO - [2025-04-30T00:50:23.977+0000] {dagbag.py:587} INFO - Filling up the DagBag from /home/airflow/.local/lib/python3.12/site-packages/airflow/example_dags/example_setup_teardown.py
[2025-04-30T00:50:23.993+0000] {processor.py:925} INFO - DAG(s) 'example_setup_teardown' retrieved from /home/airflow/.local/lib/python3.12/site-packages/airflow/example_dags/example_setup_teardown.py
[2025-04-30T00:50:24.021+0000] {logging_mixin.py:190} INFO - [2025-04-30T00:50:24.021+0000] {dag.py:3211} INFO - Sync 1 DAGs
[2025-04-30T00:50:24.052+0000] {logging_mixin.py:190} INFO - [2025-04-30T00:50:24.051+0000] {dag.py:4138} INFO - Setting next_dagrun for example_setup_teardown to 2025-04-29 00:00:00+00:00, run_after=2025-04-30 00:00:00+00:00
[2025-04-30T00:50:24.077+0000] {processor.py:208} INFO - Processing /home/airflow/.local/lib/python3.12/site-packages/airflow/example_dags/example_setup_teardown.py took 0.109 seconds
[2025-04-30T00:50:54.761+0000] {processor.py:186} INFO - Started process (PID=2594) to work on /home/airflow/.local/lib/python3.12/site-packages/airflow/example_dags/example_setup_teardown.py
[2025-04-30T00:50:54.762+0000] {processor.py:914} INFO - Processing file /home/airflow/.local/lib/python3.12/site-packages/airflow/example_dags/example_setup_teardown.py for tasks to queue
[2025-04-30T00:50:54.764+0000] {logging_mixin.py:190} INFO - [2025-04-30T00:50:54.764+0000] {dagbag.py:587} INFO - Filling up the DagBag from /home/airflow/.local/lib/python3.12/site-packages/airflow/example_dags/example_setup_teardown.py
[2025-04-30T00:50:54.778+0000] {processor.py:925} INFO - DAG(s) 'example_setup_teardown' retrieved from /home/airflow/.local/lib/python3.12/site-packages/airflow/example_dags/example_setup_teardown.py
[2025-04-30T00:50:54.802+0000] {logging_mixin.py:190} INFO - [2025-04-30T00:50:54.801+0000] {dag.py:3211} INFO - Sync 1 DAGs
[2025-04-30T00:50:54.835+0000] {logging_mixin.py:190} INFO - [2025-04-30T00:50:54.834+0000] {dag.py:4138} INFO - Setting next_dagrun for example_setup_teardown to 2025-04-29 00:00:00+00:00, run_after=2025-04-30 00:00:00+00:00
[2025-04-30T00:50:54.865+0000] {processor.py:208} INFO - Processing /home/airflow/.local/lib/python3.12/site-packages/airflow/example_dags/example_setup_teardown.py took 0.112 seconds
[2025-04-30T00:51:25.215+0000] {processor.py:186} INFO - Started process (PID=2657) to work on /home/airflow/.local/lib/python3.12/site-packages/airflow/example_dags/example_setup_teardown.py
[2025-04-30T00:51:25.216+0000] {processor.py:914} INFO - Processing file /home/airflow/.local/lib/python3.12/site-packages/airflow/example_dags/example_setup_teardown.py for tasks to queue
[2025-04-30T00:51:25.218+0000] {logging_mixin.py:190} INFO - [2025-04-30T00:51:25.217+0000] {dagbag.py:587} INFO - Filling up the DagBag from /home/airflow/.local/lib/python3.12/site-packages/airflow/example_dags/example_setup_teardown.py
[2025-04-30T00:51:25.227+0000] {processor.py:925} INFO - DAG(s) 'example_setup_teardown' retrieved from /home/airflow/.local/lib/python3.12/site-packages/airflow/example_dags/example_setup_teardown.py
[2025-04-30T00:51:25.252+0000] {logging_mixin.py:190} INFO - [2025-04-30T00:51:25.252+0000] {dag.py:3211} INFO - Sync 1 DAGs
[2025-04-30T00:51:25.280+0000] {logging_mixin.py:190} INFO - [2025-04-30T00:51:25.279+0000] {dag.py:4138} INFO - Setting next_dagrun for example_setup_teardown to 2025-04-29 00:00:00+00:00, run_after=2025-04-30 00:00:00+00:00
[2025-04-30T00:51:25.306+0000] {processor.py:208} INFO - Processing /home/airflow/.local/lib/python3.12/site-packages/airflow/example_dags/example_setup_teardown.py took 0.097 seconds
[2025-04-30T00:59:34.738+0000] {processor.py:186} INFO - Started process (PID=2745) to work on /home/airflow/.local/lib/python3.12/site-packages/airflow/example_dags/example_setup_teardown.py
[2025-04-30T00:59:34.739+0000] {processor.py:914} INFO - Processing file /home/airflow/.local/lib/python3.12/site-packages/airflow/example_dags/example_setup_teardown.py for tasks to queue
[2025-04-30T00:59:34.741+0000] {logging_mixin.py:190} INFO - [2025-04-30T00:59:34.740+0000] {dagbag.py:587} INFO - Filling up the DagBag from /home/airflow/.local/lib/python3.12/site-packages/airflow/example_dags/example_setup_teardown.py
[2025-04-30T00:59:34.760+0000] {processor.py:925} INFO - DAG(s) 'example_setup_teardown' retrieved from /home/airflow/.local/lib/python3.12/site-packages/airflow/example_dags/example_setup_teardown.py
[2025-04-30T00:59:34.798+0000] {logging_mixin.py:190} INFO - [2025-04-30T00:59:34.797+0000] {dag.py:3211} INFO - Sync 1 DAGs
[2025-04-30T00:59:34.849+0000] {logging_mixin.py:190} INFO - [2025-04-30T00:59:34.849+0000] {dag.py:4138} INFO - Setting next_dagrun for example_setup_teardown to 2025-04-29 00:00:00+00:00, run_after=2025-04-30 00:00:00+00:00
[2025-04-30T00:59:34.894+0000] {processor.py:208} INFO - Processing /home/airflow/.local/lib/python3.12/site-packages/airflow/example_dags/example_setup_teardown.py took 0.167 seconds
[2025-04-30T01:00:05.292+0000] {processor.py:186} INFO - Started process (PID=2807) to work on /home/airflow/.local/lib/python3.12/site-packages/airflow/example_dags/example_setup_teardown.py
[2025-04-30T01:00:05.293+0000] {processor.py:914} INFO - Processing file /home/airflow/.local/lib/python3.12/site-packages/airflow/example_dags/example_setup_teardown.py for tasks to queue
[2025-04-30T01:00:05.295+0000] {logging_mixin.py:190} INFO - [2025-04-30T01:00:05.294+0000] {dagbag.py:587} INFO - Filling up the DagBag from /home/airflow/.local/lib/python3.12/site-packages/airflow/example_dags/example_setup_teardown.py
[2025-04-30T01:00:05.307+0000] {processor.py:925} INFO - DAG(s) 'example_setup_teardown' retrieved from /home/airflow/.local/lib/python3.12/site-packages/airflow/example_dags/example_setup_teardown.py
[2025-04-30T01:00:05.332+0000] {logging_mixin.py:190} INFO - [2025-04-30T01:00:05.331+0000] {dag.py:3211} INFO - Sync 1 DAGs
[2025-04-30T01:00:05.369+0000] {logging_mixin.py:190} INFO - [2025-04-30T01:00:05.368+0000] {dag.py:4138} INFO - Setting next_dagrun for example_setup_teardown to 2025-04-29 00:00:00+00:00, run_after=2025-04-30 00:00:00+00:00
[2025-04-30T01:00:05.398+0000] {processor.py:208} INFO - Processing /home/airflow/.local/lib/python3.12/site-packages/airflow/example_dags/example_setup_teardown.py took 0.114 seconds
[2025-04-30T01:00:35.884+0000] {processor.py:186} INFO - Started process (PID=2876) to work on /home/airflow/.local/lib/python3.12/site-packages/airflow/example_dags/example_setup_teardown.py
[2025-04-30T01:00:35.886+0000] {processor.py:914} INFO - Processing file /home/airflow/.local/lib/python3.12/site-packages/airflow/example_dags/example_setup_teardown.py for tasks to queue
[2025-04-30T01:00:35.888+0000] {logging_mixin.py:190} INFO - [2025-04-30T01:00:35.887+0000] {dagbag.py:587} INFO - Filling up the DagBag from /home/airflow/.local/lib/python3.12/site-packages/airflow/example_dags/example_setup_teardown.py
[2025-04-30T01:00:35.901+0000] {processor.py:925} INFO - DAG(s) 'example_setup_teardown' retrieved from /home/airflow/.local/lib/python3.12/site-packages/airflow/example_dags/example_setup_teardown.py
[2025-04-30T01:00:35.935+0000] {logging_mixin.py:190} INFO - [2025-04-30T01:00:35.935+0000] {dag.py:3211} INFO - Sync 1 DAGs
[2025-04-30T01:00:35.965+0000] {logging_mixin.py:190} INFO - [2025-04-30T01:00:35.964+0000] {dag.py:4138} INFO - Setting next_dagrun for example_setup_teardown to 2025-04-29 00:00:00+00:00, run_after=2025-04-30 00:00:00+00:00
[2025-04-30T01:00:35.988+0000] {processor.py:208} INFO - Processing /home/airflow/.local/lib/python3.12/site-packages/airflow/example_dags/example_setup_teardown.py took 0.113 seconds
[2025-04-30T01:01:06.473+0000] {processor.py:186} INFO - Started process (PID=2940) to work on /home/airflow/.local/lib/python3.12/site-packages/airflow/example_dags/example_setup_teardown.py
[2025-04-30T01:01:06.475+0000] {processor.py:914} INFO - Processing file /home/airflow/.local/lib/python3.12/site-packages/airflow/example_dags/example_setup_teardown.py for tasks to queue
[2025-04-30T01:01:06.477+0000] {logging_mixin.py:190} INFO - [2025-04-30T01:01:06.476+0000] {dagbag.py:587} INFO - Filling up the DagBag from /home/airflow/.local/lib/python3.12/site-packages/airflow/example_dags/example_setup_teardown.py
[2025-04-30T01:01:06.492+0000] {processor.py:925} INFO - DAG(s) 'example_setup_teardown' retrieved from /home/airflow/.local/lib/python3.12/site-packages/airflow/example_dags/example_setup_teardown.py
[2025-04-30T01:01:06.525+0000] {logging_mixin.py:190} INFO - [2025-04-30T01:01:06.524+0000] {dag.py:3211} INFO - Sync 1 DAGs
[2025-04-30T01:01:06.553+0000] {logging_mixin.py:190} INFO - [2025-04-30T01:01:06.553+0000] {dag.py:4138} INFO - Setting next_dagrun for example_setup_teardown to 2025-04-29 00:00:00+00:00, run_after=2025-04-30 00:00:00+00:00
[2025-04-30T01:01:06.575+0000] {processor.py:208} INFO - Processing /home/airflow/.local/lib/python3.12/site-packages/airflow/example_dags/example_setup_teardown.py took 0.111 seconds
[2025-04-30T01:01:37.529+0000] {processor.py:186} INFO - Started process (PID=3002) to work on /home/airflow/.local/lib/python3.12/site-packages/airflow/example_dags/example_setup_teardown.py
[2025-04-30T01:01:37.530+0000] {processor.py:914} INFO - Processing file /home/airflow/.local/lib/python3.12/site-packages/airflow/example_dags/example_setup_teardown.py for tasks to queue
[2025-04-30T01:01:37.531+0000] {logging_mixin.py:190} INFO - [2025-04-30T01:01:37.531+0000] {dagbag.py:587} INFO - Filling up the DagBag from /home/airflow/.local/lib/python3.12/site-packages/airflow/example_dags/example_setup_teardown.py
[2025-04-30T01:01:37.545+0000] {processor.py:925} INFO - DAG(s) 'example_setup_teardown' retrieved from /home/airflow/.local/lib/python3.12/site-packages/airflow/example_dags/example_setup_teardown.py
[2025-04-30T01:01:37.579+0000] {logging_mixin.py:190} INFO - [2025-04-30T01:01:37.579+0000] {dag.py:3211} INFO - Sync 1 DAGs
[2025-04-30T01:01:37.817+0000] {logging_mixin.py:190} INFO - [2025-04-30T01:01:37.817+0000] {dag.py:4138} INFO - Setting next_dagrun for example_setup_teardown to 2025-04-29 00:00:00+00:00, run_after=2025-04-30 00:00:00+00:00
[2025-04-30T01:01:37.840+0000] {processor.py:208} INFO - Processing /home/airflow/.local/lib/python3.12/site-packages/airflow/example_dags/example_setup_teardown.py took 0.319 seconds
[2025-04-30T01:02:08.143+0000] {processor.py:186} INFO - Started process (PID=3065) to work on /home/airflow/.local/lib/python3.12/site-packages/airflow/example_dags/example_setup_teardown.py
[2025-04-30T01:02:08.145+0000] {processor.py:914} INFO - Processing file /home/airflow/.local/lib/python3.12/site-packages/airflow/example_dags/example_setup_teardown.py for tasks to queue
[2025-04-30T01:02:08.147+0000] {logging_mixin.py:190} INFO - [2025-04-30T01:02:08.146+0000] {dagbag.py:587} INFO - Filling up the DagBag from /home/airflow/.local/lib/python3.12/site-packages/airflow/example_dags/example_setup_teardown.py
[2025-04-30T01:02:08.160+0000] {processor.py:925} INFO - DAG(s) 'example_setup_teardown' retrieved from /home/airflow/.local/lib/python3.12/site-packages/airflow/example_dags/example_setup_teardown.py
[2025-04-30T01:02:08.187+0000] {logging_mixin.py:190} INFO - [2025-04-30T01:02:08.187+0000] {dag.py:3211} INFO - Sync 1 DAGs
[2025-04-30T01:02:08.214+0000] {logging_mixin.py:190} INFO - [2025-04-30T01:02:08.214+0000] {dag.py:4138} INFO - Setting next_dagrun for example_setup_teardown to 2025-04-29 00:00:00+00:00, run_after=2025-04-30 00:00:00+00:00
[2025-04-30T01:02:08.240+0000] {processor.py:208} INFO - Processing /home/airflow/.local/lib/python3.12/site-packages/airflow/example_dags/example_setup_teardown.py took 0.104 seconds
[2025-04-30T01:02:38.516+0000] {processor.py:186} INFO - Started process (PID=3127) to work on /home/airflow/.local/lib/python3.12/site-packages/airflow/example_dags/example_setup_teardown.py
[2025-04-30T01:02:38.517+0000] {processor.py:914} INFO - Processing file /home/airflow/.local/lib/python3.12/site-packages/airflow/example_dags/example_setup_teardown.py for tasks to queue
[2025-04-30T01:02:38.519+0000] {logging_mixin.py:190} INFO - [2025-04-30T01:02:38.519+0000] {dagbag.py:587} INFO - Filling up the DagBag from /home/airflow/.local/lib/python3.12/site-packages/airflow/example_dags/example_setup_teardown.py
[2025-04-30T01:02:38.529+0000] {processor.py:925} INFO - DAG(s) 'example_setup_teardown' retrieved from /home/airflow/.local/lib/python3.12/site-packages/airflow/example_dags/example_setup_teardown.py
[2025-04-30T01:02:38.552+0000] {logging_mixin.py:190} INFO - [2025-04-30T01:02:38.552+0000] {dag.py:3211} INFO - Sync 1 DAGs
[2025-04-30T01:02:38.578+0000] {logging_mixin.py:190} INFO - [2025-04-30T01:02:38.577+0000] {dag.py:4138} INFO - Setting next_dagrun for example_setup_teardown to 2025-04-29 00:00:00+00:00, run_after=2025-04-30 00:00:00+00:00
[2025-04-30T01:02:38.601+0000] {processor.py:208} INFO - Processing /home/airflow/.local/lib/python3.12/site-packages/airflow/example_dags/example_setup_teardown.py took 0.092 seconds
[2025-04-30T01:03:09.696+0000] {processor.py:186} INFO - Started process (PID=3191) to work on /home/airflow/.local/lib/python3.12/site-packages/airflow/example_dags/example_setup_teardown.py
[2025-04-30T01:03:09.698+0000] {processor.py:914} INFO - Processing file /home/airflow/.local/lib/python3.12/site-packages/airflow/example_dags/example_setup_teardown.py for tasks to queue
[2025-04-30T01:03:09.699+0000] {logging_mixin.py:190} INFO - [2025-04-30T01:03:09.699+0000] {dagbag.py:587} INFO - Filling up the DagBag from /home/airflow/.local/lib/python3.12/site-packages/airflow/example_dags/example_setup_teardown.py
[2025-04-30T01:03:09.708+0000] {processor.py:925} INFO - DAG(s) 'example_setup_teardown' retrieved from /home/airflow/.local/lib/python3.12/site-packages/airflow/example_dags/example_setup_teardown.py
[2025-04-30T01:03:09.729+0000] {logging_mixin.py:190} INFO - [2025-04-30T01:03:09.729+0000] {dag.py:3211} INFO - Sync 1 DAGs
[2025-04-30T01:03:09.756+0000] {logging_mixin.py:190} INFO - [2025-04-30T01:03:09.756+0000] {dag.py:4138} INFO - Setting next_dagrun for example_setup_teardown to 2025-04-29 00:00:00+00:00, run_after=2025-04-30 00:00:00+00:00
[2025-04-30T01:03:09.782+0000] {processor.py:208} INFO - Processing /home/airflow/.local/lib/python3.12/site-packages/airflow/example_dags/example_setup_teardown.py took 0.092 seconds
[2025-04-30T01:03:43.143+0000] {processor.py:186} INFO - Started process (PID=3254) to work on /home/airflow/.local/lib/python3.12/site-packages/airflow/example_dags/example_setup_teardown.py
[2025-04-30T01:03:43.145+0000] {processor.py:914} INFO - Processing file /home/airflow/.local/lib/python3.12/site-packages/airflow/example_dags/example_setup_teardown.py for tasks to queue
[2025-04-30T01:03:43.147+0000] {logging_mixin.py:190} INFO - [2025-04-30T01:03:43.146+0000] {dagbag.py:587} INFO - Filling up the DagBag from /home/airflow/.local/lib/python3.12/site-packages/airflow/example_dags/example_setup_teardown.py
[2025-04-30T01:03:43.158+0000] {processor.py:925} INFO - DAG(s) 'example_setup_teardown' retrieved from /home/airflow/.local/lib/python3.12/site-packages/airflow/example_dags/example_setup_teardown.py
[2025-04-30T01:03:43.183+0000] {logging_mixin.py:190} INFO - [2025-04-30T01:03:43.183+0000] {dag.py:3211} INFO - Sync 1 DAGs
[2025-04-30T01:03:43.209+0000] {logging_mixin.py:190} INFO - [2025-04-30T01:03:43.209+0000] {dag.py:4138} INFO - Setting next_dagrun for example_setup_teardown to 2025-04-29 00:00:00+00:00, run_after=2025-04-30 00:00:00+00:00
[2025-04-30T01:03:43.233+0000] {processor.py:208} INFO - Processing /home/airflow/.local/lib/python3.12/site-packages/airflow/example_dags/example_setup_teardown.py took 0.096 seconds
[2025-04-30T01:04:14.462+0000] {processor.py:186} INFO - Started process (PID=3318) to work on /home/airflow/.local/lib/python3.12/site-packages/airflow/example_dags/example_setup_teardown.py
[2025-04-30T01:04:14.463+0000] {processor.py:914} INFO - Processing file /home/airflow/.local/lib/python3.12/site-packages/airflow/example_dags/example_setup_teardown.py for tasks to queue
[2025-04-30T01:04:14.465+0000] {logging_mixin.py:190} INFO - [2025-04-30T01:04:14.465+0000] {dagbag.py:587} INFO - Filling up the DagBag from /home/airflow/.local/lib/python3.12/site-packages/airflow/example_dags/example_setup_teardown.py
[2025-04-30T01:04:14.668+0000] {processor.py:925} INFO - DAG(s) 'example_setup_teardown' retrieved from /home/airflow/.local/lib/python3.12/site-packages/airflow/example_dags/example_setup_teardown.py
[2025-04-30T01:04:14.694+0000] {logging_mixin.py:190} INFO - [2025-04-30T01:04:14.694+0000] {dag.py:3211} INFO - Sync 1 DAGs
[2025-04-30T01:04:14.729+0000] {logging_mixin.py:190} INFO - [2025-04-30T01:04:14.729+0000] {dag.py:4138} INFO - Setting next_dagrun for example_setup_teardown to 2025-04-29 00:00:00+00:00, run_after=2025-04-30 00:00:00+00:00
[2025-04-30T01:04:14.756+0000] {processor.py:208} INFO - Processing /home/airflow/.local/lib/python3.12/site-packages/airflow/example_dags/example_setup_teardown.py took 0.301 seconds
[2025-04-30T01:04:44.980+0000] {processor.py:186} INFO - Started process (PID=3381) to work on /home/airflow/.local/lib/python3.12/site-packages/airflow/example_dags/example_setup_teardown.py
[2025-04-30T01:04:44.981+0000] {processor.py:914} INFO - Processing file /home/airflow/.local/lib/python3.12/site-packages/airflow/example_dags/example_setup_teardown.py for tasks to queue
[2025-04-30T01:04:44.983+0000] {logging_mixin.py:190} INFO - [2025-04-30T01:04:44.982+0000] {dagbag.py:587} INFO - Filling up the DagBag from /home/airflow/.local/lib/python3.12/site-packages/airflow/example_dags/example_setup_teardown.py
[2025-04-30T01:04:44.994+0000] {processor.py:925} INFO - DAG(s) 'example_setup_teardown' retrieved from /home/airflow/.local/lib/python3.12/site-packages/airflow/example_dags/example_setup_teardown.py
[2025-04-30T01:04:45.014+0000] {logging_mixin.py:190} INFO - [2025-04-30T01:04:45.014+0000] {dag.py:3211} INFO - Sync 1 DAGs
[2025-04-30T01:04:45.038+0000] {logging_mixin.py:190} INFO - [2025-04-30T01:04:45.038+0000] {dag.py:4138} INFO - Setting next_dagrun for example_setup_teardown to 2025-04-29 00:00:00+00:00, run_after=2025-04-30 00:00:00+00:00
[2025-04-30T01:04:45.057+0000] {processor.py:208} INFO - Processing /home/airflow/.local/lib/python3.12/site-packages/airflow/example_dags/example_setup_teardown.py took 0.083 seconds
[2025-04-30T01:05:15.689+0000] {processor.py:186} INFO - Started process (PID=3444) to work on /home/airflow/.local/lib/python3.12/site-packages/airflow/example_dags/example_setup_teardown.py
[2025-04-30T01:05:15.690+0000] {processor.py:914} INFO - Processing file /home/airflow/.local/lib/python3.12/site-packages/airflow/example_dags/example_setup_teardown.py for tasks to queue
[2025-04-30T01:05:15.692+0000] {logging_mixin.py:190} INFO - [2025-04-30T01:05:15.691+0000] {dagbag.py:587} INFO - Filling up the DagBag from /home/airflow/.local/lib/python3.12/site-packages/airflow/example_dags/example_setup_teardown.py
[2025-04-30T01:05:15.703+0000] {processor.py:925} INFO - DAG(s) 'example_setup_teardown' retrieved from /home/airflow/.local/lib/python3.12/site-packages/airflow/example_dags/example_setup_teardown.py
[2025-04-30T01:05:15.726+0000] {logging_mixin.py:190} INFO - [2025-04-30T01:05:15.726+0000] {dag.py:3211} INFO - Sync 1 DAGs
[2025-04-30T01:05:15.752+0000] {logging_mixin.py:190} INFO - [2025-04-30T01:05:15.752+0000] {dag.py:4138} INFO - Setting next_dagrun for example_setup_teardown to 2025-04-29 00:00:00+00:00, run_after=2025-04-30 00:00:00+00:00
[2025-04-30T01:05:15.774+0000] {processor.py:208} INFO - Processing /home/airflow/.local/lib/python3.12/site-packages/airflow/example_dags/example_setup_teardown.py took 0.091 seconds
[2025-04-30T01:05:46.321+0000] {processor.py:186} INFO - Started process (PID=3507) to work on /home/airflow/.local/lib/python3.12/site-packages/airflow/example_dags/example_setup_teardown.py
[2025-04-30T01:05:46.323+0000] {processor.py:914} INFO - Processing file /home/airflow/.local/lib/python3.12/site-packages/airflow/example_dags/example_setup_teardown.py for tasks to queue
[2025-04-30T01:05:46.324+0000] {logging_mixin.py:190} INFO - [2025-04-30T01:05:46.324+0000] {dagbag.py:587} INFO - Filling up the DagBag from /home/airflow/.local/lib/python3.12/site-packages/airflow/example_dags/example_setup_teardown.py
[2025-04-30T01:05:46.335+0000] {processor.py:925} INFO - DAG(s) 'example_setup_teardown' retrieved from /home/airflow/.local/lib/python3.12/site-packages/airflow/example_dags/example_setup_teardown.py
[2025-04-30T01:05:46.360+0000] {logging_mixin.py:190} INFO - [2025-04-30T01:05:46.359+0000] {dag.py:3211} INFO - Sync 1 DAGs
[2025-04-30T01:05:46.396+0000] {logging_mixin.py:190} INFO - [2025-04-30T01:05:46.396+0000] {dag.py:4138} INFO - Setting next_dagrun for example_setup_teardown to 2025-04-29 00:00:00+00:00, run_after=2025-04-30 00:00:00+00:00
[2025-04-30T01:05:46.422+0000] {processor.py:208} INFO - Processing /home/airflow/.local/lib/python3.12/site-packages/airflow/example_dags/example_setup_teardown.py took 0.108 seconds
[2025-04-30T01:06:17.090+0000] {processor.py:186} INFO - Started process (PID=3570) to work on /home/airflow/.local/lib/python3.12/site-packages/airflow/example_dags/example_setup_teardown.py
[2025-04-30T01:06:17.092+0000] {processor.py:914} INFO - Processing file /home/airflow/.local/lib/python3.12/site-packages/airflow/example_dags/example_setup_teardown.py for tasks to queue
[2025-04-30T01:06:17.095+0000] {logging_mixin.py:190} INFO - [2025-04-30T01:06:17.094+0000] {dagbag.py:587} INFO - Filling up the DagBag from /home/airflow/.local/lib/python3.12/site-packages/airflow/example_dags/example_setup_teardown.py
[2025-04-30T01:06:17.107+0000] {processor.py:925} INFO - DAG(s) 'example_setup_teardown' retrieved from /home/airflow/.local/lib/python3.12/site-packages/airflow/example_dags/example_setup_teardown.py
[2025-04-30T01:06:17.134+0000] {logging_mixin.py:190} INFO - [2025-04-30T01:06:17.134+0000] {dag.py:3211} INFO - Sync 1 DAGs
[2025-04-30T01:06:17.160+0000] {logging_mixin.py:190} INFO - [2025-04-30T01:06:17.160+0000] {dag.py:4138} INFO - Setting next_dagrun for example_setup_teardown to 2025-04-29 00:00:00+00:00, run_after=2025-04-30 00:00:00+00:00
[2025-04-30T01:06:17.180+0000] {processor.py:208} INFO - Processing /home/airflow/.local/lib/python3.12/site-packages/airflow/example_dags/example_setup_teardown.py took 0.097 seconds
[2025-04-30T01:06:47.678+0000] {processor.py:186} INFO - Started process (PID=3633) to work on /home/airflow/.local/lib/python3.12/site-packages/airflow/example_dags/example_setup_teardown.py
[2025-04-30T01:06:47.679+0000] {processor.py:914} INFO - Processing file /home/airflow/.local/lib/python3.12/site-packages/airflow/example_dags/example_setup_teardown.py for tasks to queue
[2025-04-30T01:06:47.681+0000] {logging_mixin.py:190} INFO - [2025-04-30T01:06:47.681+0000] {dagbag.py:587} INFO - Filling up the DagBag from /home/airflow/.local/lib/python3.12/site-packages/airflow/example_dags/example_setup_teardown.py
[2025-04-30T01:06:47.691+0000] {processor.py:925} INFO - DAG(s) 'example_setup_teardown' retrieved from /home/airflow/.local/lib/python3.12/site-packages/airflow/example_dags/example_setup_teardown.py
[2025-04-30T01:06:47.713+0000] {logging_mixin.py:190} INFO - [2025-04-30T01:06:47.713+0000] {dag.py:3211} INFO - Sync 1 DAGs
[2025-04-30T01:06:47.740+0000] {logging_mixin.py:190} INFO - [2025-04-30T01:06:47.739+0000] {dag.py:4138} INFO - Setting next_dagrun for example_setup_teardown to 2025-04-29 00:00:00+00:00, run_after=2025-04-30 00:00:00+00:00
[2025-04-30T01:06:47.763+0000] {processor.py:208} INFO - Processing /home/airflow/.local/lib/python3.12/site-packages/airflow/example_dags/example_setup_teardown.py took 0.091 seconds
[2025-04-30T01:07:18.087+0000] {processor.py:186} INFO - Started process (PID=3696) to work on /home/airflow/.local/lib/python3.12/site-packages/airflow/example_dags/example_setup_teardown.py
[2025-04-30T01:07:18.088+0000] {processor.py:914} INFO - Processing file /home/airflow/.local/lib/python3.12/site-packages/airflow/example_dags/example_setup_teardown.py for tasks to queue
[2025-04-30T01:07:18.089+0000] {logging_mixin.py:190} INFO - [2025-04-30T01:07:18.089+0000] {dagbag.py:587} INFO - Filling up the DagBag from /home/airflow/.local/lib/python3.12/site-packages/airflow/example_dags/example_setup_teardown.py
[2025-04-30T01:07:18.099+0000] {processor.py:925} INFO - DAG(s) 'example_setup_teardown' retrieved from /home/airflow/.local/lib/python3.12/site-packages/airflow/example_dags/example_setup_teardown.py
[2025-04-30T01:07:18.121+0000] {logging_mixin.py:190} INFO - [2025-04-30T01:07:18.120+0000] {dag.py:3211} INFO - Sync 1 DAGs
[2025-04-30T01:07:18.144+0000] {logging_mixin.py:190} INFO - [2025-04-30T01:07:18.144+0000] {dag.py:4138} INFO - Setting next_dagrun for example_setup_teardown to 2025-04-29 00:00:00+00:00, run_after=2025-04-30 00:00:00+00:00
[2025-04-30T01:07:18.165+0000] {processor.py:208} INFO - Processing /home/airflow/.local/lib/python3.12/site-packages/airflow/example_dags/example_setup_teardown.py took 0.084 seconds
[2025-04-30T01:07:49.154+0000] {processor.py:186} INFO - Started process (PID=3759) to work on /home/airflow/.local/lib/python3.12/site-packages/airflow/example_dags/example_setup_teardown.py
[2025-04-30T01:07:49.155+0000] {processor.py:914} INFO - Processing file /home/airflow/.local/lib/python3.12/site-packages/airflow/example_dags/example_setup_teardown.py for tasks to queue
[2025-04-30T01:07:49.157+0000] {logging_mixin.py:190} INFO - [2025-04-30T01:07:49.156+0000] {dagbag.py:587} INFO - Filling up the DagBag from /home/airflow/.local/lib/python3.12/site-packages/airflow/example_dags/example_setup_teardown.py
[2025-04-30T01:07:49.169+0000] {processor.py:925} INFO - DAG(s) 'example_setup_teardown' retrieved from /home/airflow/.local/lib/python3.12/site-packages/airflow/example_dags/example_setup_teardown.py
[2025-04-30T01:07:49.193+0000] {logging_mixin.py:190} INFO - [2025-04-30T01:07:49.193+0000] {dag.py:3211} INFO - Sync 1 DAGs
[2025-04-30T01:07:49.223+0000] {logging_mixin.py:190} INFO - [2025-04-30T01:07:49.223+0000] {dag.py:4138} INFO - Setting next_dagrun for example_setup_teardown to 2025-04-29 00:00:00+00:00, run_after=2025-04-30 00:00:00+00:00
[2025-04-30T01:07:49.247+0000] {processor.py:208} INFO - Processing /home/airflow/.local/lib/python3.12/site-packages/airflow/example_dags/example_setup_teardown.py took 0.101 seconds
[2025-04-30T01:08:19.700+0000] {processor.py:186} INFO - Started process (PID=3821) to work on /home/airflow/.local/lib/python3.12/site-packages/airflow/example_dags/example_setup_teardown.py
[2025-04-30T01:08:19.701+0000] {processor.py:914} INFO - Processing file /home/airflow/.local/lib/python3.12/site-packages/airflow/example_dags/example_setup_teardown.py for tasks to queue
[2025-04-30T01:08:19.703+0000] {logging_mixin.py:190} INFO - [2025-04-30T01:08:19.702+0000] {dagbag.py:587} INFO - Filling up the DagBag from /home/airflow/.local/lib/python3.12/site-packages/airflow/example_dags/example_setup_teardown.py
[2025-04-30T01:08:19.714+0000] {processor.py:925} INFO - DAG(s) 'example_setup_teardown' retrieved from /home/airflow/.local/lib/python3.12/site-packages/airflow/example_dags/example_setup_teardown.py
[2025-04-30T01:08:19.743+0000] {logging_mixin.py:190} INFO - [2025-04-30T01:08:19.742+0000] {dag.py:3211} INFO - Sync 1 DAGs
[2025-04-30T01:08:19.772+0000] {logging_mixin.py:190} INFO - [2025-04-30T01:08:19.771+0000] {dag.py:4138} INFO - Setting next_dagrun for example_setup_teardown to 2025-04-29 00:00:00+00:00, run_after=2025-04-30 00:00:00+00:00
[2025-04-30T01:08:19.798+0000] {processor.py:208} INFO - Processing /home/airflow/.local/lib/python3.12/site-packages/airflow/example_dags/example_setup_teardown.py took 0.105 seconds
[2025-04-30T01:08:50.913+0000] {processor.py:186} INFO - Started process (PID=3889) to work on /home/airflow/.local/lib/python3.12/site-packages/airflow/example_dags/example_setup_teardown.py
[2025-04-30T01:08:50.915+0000] {processor.py:914} INFO - Processing file /home/airflow/.local/lib/python3.12/site-packages/airflow/example_dags/example_setup_teardown.py for tasks to queue
[2025-04-30T01:08:50.917+0000] {logging_mixin.py:190} INFO - [2025-04-30T01:08:50.916+0000] {dagbag.py:587} INFO - Filling up the DagBag from /home/airflow/.local/lib/python3.12/site-packages/airflow/example_dags/example_setup_teardown.py
[2025-04-30T01:08:50.929+0000] {processor.py:925} INFO - DAG(s) 'example_setup_teardown' retrieved from /home/airflow/.local/lib/python3.12/site-packages/airflow/example_dags/example_setup_teardown.py
[2025-04-30T01:08:50.960+0000] {logging_mixin.py:190} INFO - [2025-04-30T01:08:50.960+0000] {dag.py:3211} INFO - Sync 1 DAGs
[2025-04-30T01:08:50.986+0000] {logging_mixin.py:190} INFO - [2025-04-30T01:08:50.986+0000] {dag.py:4138} INFO - Setting next_dagrun for example_setup_teardown to 2025-04-29 00:00:00+00:00, run_after=2025-04-30 00:00:00+00:00
[2025-04-30T01:08:51.008+0000] {processor.py:208} INFO - Processing /home/airflow/.local/lib/python3.12/site-packages/airflow/example_dags/example_setup_teardown.py took 0.103 seconds
[2025-04-30T01:09:21.094+0000] {processor.py:186} INFO - Started process (PID=3951) to work on /home/airflow/.local/lib/python3.12/site-packages/airflow/example_dags/example_setup_teardown.py
[2025-04-30T01:09:21.095+0000] {processor.py:914} INFO - Processing file /home/airflow/.local/lib/python3.12/site-packages/airflow/example_dags/example_setup_teardown.py for tasks to queue
[2025-04-30T01:09:21.097+0000] {logging_mixin.py:190} INFO - [2025-04-30T01:09:21.096+0000] {dagbag.py:587} INFO - Filling up the DagBag from /home/airflow/.local/lib/python3.12/site-packages/airflow/example_dags/example_setup_teardown.py
[2025-04-30T01:09:21.106+0000] {processor.py:925} INFO - DAG(s) 'example_setup_teardown' retrieved from /home/airflow/.local/lib/python3.12/site-packages/airflow/example_dags/example_setup_teardown.py
[2025-04-30T01:09:21.130+0000] {logging_mixin.py:190} INFO - [2025-04-30T01:09:21.129+0000] {dag.py:3211} INFO - Sync 1 DAGs
[2025-04-30T01:09:21.161+0000] {logging_mixin.py:190} INFO - [2025-04-30T01:09:21.161+0000] {dag.py:4138} INFO - Setting next_dagrun for example_setup_teardown to 2025-04-29 00:00:00+00:00, run_after=2025-04-30 00:00:00+00:00
[2025-04-30T01:09:21.189+0000] {processor.py:208} INFO - Processing /home/airflow/.local/lib/python3.12/site-packages/airflow/example_dags/example_setup_teardown.py took 0.101 seconds
[2025-04-30T01:09:51.259+0000] {processor.py:186} INFO - Started process (PID=4013) to work on /home/airflow/.local/lib/python3.12/site-packages/airflow/example_dags/example_setup_teardown.py
[2025-04-30T01:09:51.262+0000] {processor.py:914} INFO - Processing file /home/airflow/.local/lib/python3.12/site-packages/airflow/example_dags/example_setup_teardown.py for tasks to queue
[2025-04-30T01:09:51.264+0000] {logging_mixin.py:190} INFO - [2025-04-30T01:09:51.263+0000] {dagbag.py:587} INFO - Filling up the DagBag from /home/airflow/.local/lib/python3.12/site-packages/airflow/example_dags/example_setup_teardown.py
[2025-04-30T01:09:51.281+0000] {processor.py:925} INFO - DAG(s) 'example_setup_teardown' retrieved from /home/airflow/.local/lib/python3.12/site-packages/airflow/example_dags/example_setup_teardown.py
[2025-04-30T01:09:51.307+0000] {logging_mixin.py:190} INFO - [2025-04-30T01:09:51.306+0000] {dag.py:3211} INFO - Sync 1 DAGs
[2025-04-30T01:09:51.339+0000] {logging_mixin.py:190} INFO - [2025-04-30T01:09:51.339+0000] {dag.py:4138} INFO - Setting next_dagrun for example_setup_teardown to 2025-04-29 00:00:00+00:00, run_after=2025-04-30 00:00:00+00:00
[2025-04-30T01:09:51.362+0000] {processor.py:208} INFO - Processing /home/airflow/.local/lib/python3.12/site-packages/airflow/example_dags/example_setup_teardown.py took 0.111 seconds
[2025-04-30T01:10:21.989+0000] {processor.py:186} INFO - Started process (PID=4075) to work on /home/airflow/.local/lib/python3.12/site-packages/airflow/example_dags/example_setup_teardown.py
[2025-04-30T01:10:21.990+0000] {processor.py:914} INFO - Processing file /home/airflow/.local/lib/python3.12/site-packages/airflow/example_dags/example_setup_teardown.py for tasks to queue
[2025-04-30T01:10:21.992+0000] {logging_mixin.py:190} INFO - [2025-04-30T01:10:21.992+0000] {dagbag.py:587} INFO - Filling up the DagBag from /home/airflow/.local/lib/python3.12/site-packages/airflow/example_dags/example_setup_teardown.py
[2025-04-30T01:10:22.006+0000] {processor.py:925} INFO - DAG(s) 'example_setup_teardown' retrieved from /home/airflow/.local/lib/python3.12/site-packages/airflow/example_dags/example_setup_teardown.py
[2025-04-30T01:10:22.034+0000] {logging_mixin.py:190} INFO - [2025-04-30T01:10:22.033+0000] {dag.py:3211} INFO - Sync 1 DAGs
[2025-04-30T01:10:22.064+0000] {logging_mixin.py:190} INFO - [2025-04-30T01:10:22.063+0000] {dag.py:4138} INFO - Setting next_dagrun for example_setup_teardown to 2025-04-29 00:00:00+00:00, run_after=2025-04-30 00:00:00+00:00
[2025-04-30T01:10:22.086+0000] {processor.py:208} INFO - Processing /home/airflow/.local/lib/python3.12/site-packages/airflow/example_dags/example_setup_teardown.py took 0.105 seconds
[2025-04-30T01:10:53.027+0000] {processor.py:186} INFO - Started process (PID=4137) to work on /home/airflow/.local/lib/python3.12/site-packages/airflow/example_dags/example_setup_teardown.py
[2025-04-30T01:10:53.028+0000] {processor.py:914} INFO - Processing file /home/airflow/.local/lib/python3.12/site-packages/airflow/example_dags/example_setup_teardown.py for tasks to queue
[2025-04-30T01:10:53.030+0000] {logging_mixin.py:190} INFO - [2025-04-30T01:10:53.029+0000] {dagbag.py:587} INFO - Filling up the DagBag from /home/airflow/.local/lib/python3.12/site-packages/airflow/example_dags/example_setup_teardown.py
[2025-04-30T01:10:53.043+0000] {processor.py:925} INFO - DAG(s) 'example_setup_teardown' retrieved from /home/airflow/.local/lib/python3.12/site-packages/airflow/example_dags/example_setup_teardown.py
[2025-04-30T01:10:53.069+0000] {logging_mixin.py:190} INFO - [2025-04-30T01:10:53.069+0000] {dag.py:3211} INFO - Sync 1 DAGs
[2025-04-30T01:10:53.098+0000] {logging_mixin.py:190} INFO - [2025-04-30T01:10:53.098+0000] {dag.py:4138} INFO - Setting next_dagrun for example_setup_teardown to 2025-04-29 00:00:00+00:00, run_after=2025-04-30 00:00:00+00:00
[2025-04-30T01:10:53.121+0000] {processor.py:208} INFO - Processing /home/airflow/.local/lib/python3.12/site-packages/airflow/example_dags/example_setup_teardown.py took 0.102 seconds
[2025-04-30T01:11:23.810+0000] {processor.py:186} INFO - Started process (PID=4199) to work on /home/airflow/.local/lib/python3.12/site-packages/airflow/example_dags/example_setup_teardown.py
[2025-04-30T01:11:23.811+0000] {processor.py:914} INFO - Processing file /home/airflow/.local/lib/python3.12/site-packages/airflow/example_dags/example_setup_teardown.py for tasks to queue
[2025-04-30T01:11:23.812+0000] {logging_mixin.py:190} INFO - [2025-04-30T01:11:23.812+0000] {dagbag.py:587} INFO - Filling up the DagBag from /home/airflow/.local/lib/python3.12/site-packages/airflow/example_dags/example_setup_teardown.py
[2025-04-30T01:11:23.823+0000] {processor.py:925} INFO - DAG(s) 'example_setup_teardown' retrieved from /home/airflow/.local/lib/python3.12/site-packages/airflow/example_dags/example_setup_teardown.py
[2025-04-30T01:11:23.846+0000] {logging_mixin.py:190} INFO - [2025-04-30T01:11:23.846+0000] {dag.py:3211} INFO - Sync 1 DAGs
[2025-04-30T01:11:23.874+0000] {logging_mixin.py:190} INFO - [2025-04-30T01:11:23.874+0000] {dag.py:4138} INFO - Setting next_dagrun for example_setup_teardown to 2025-04-29 00:00:00+00:00, run_after=2025-04-30 00:00:00+00:00
[2025-04-30T01:11:23.894+0000] {processor.py:208} INFO - Processing /home/airflow/.local/lib/python3.12/site-packages/airflow/example_dags/example_setup_teardown.py took 0.091 seconds
[2025-04-30T01:11:54.867+0000] {processor.py:186} INFO - Started process (PID=4261) to work on /home/airflow/.local/lib/python3.12/site-packages/airflow/example_dags/example_setup_teardown.py
[2025-04-30T01:11:54.869+0000] {processor.py:914} INFO - Processing file /home/airflow/.local/lib/python3.12/site-packages/airflow/example_dags/example_setup_teardown.py for tasks to queue
[2025-04-30T01:11:54.872+0000] {logging_mixin.py:190} INFO - [2025-04-30T01:11:54.871+0000] {dagbag.py:587} INFO - Filling up the DagBag from /home/airflow/.local/lib/python3.12/site-packages/airflow/example_dags/example_setup_teardown.py
[2025-04-30T01:11:54.887+0000] {processor.py:925} INFO - DAG(s) 'example_setup_teardown' retrieved from /home/airflow/.local/lib/python3.12/site-packages/airflow/example_dags/example_setup_teardown.py
[2025-04-30T01:11:54.918+0000] {logging_mixin.py:190} INFO - [2025-04-30T01:11:54.918+0000] {dag.py:3211} INFO - Sync 1 DAGs
[2025-04-30T01:11:54.960+0000] {logging_mixin.py:190} INFO - [2025-04-30T01:11:54.959+0000] {dag.py:4138} INFO - Setting next_dagrun for example_setup_teardown to 2025-04-29 00:00:00+00:00, run_after=2025-04-30 00:00:00+00:00
[2025-04-30T01:11:55.000+0000] {processor.py:208} INFO - Processing /home/airflow/.local/lib/python3.12/site-packages/airflow/example_dags/example_setup_teardown.py took 0.143 seconds
