[2025-04-30T00:30:53.413+0000] {processor.py:186} INFO - Started process (PID=103) to work on /home/airflow/.local/lib/python3.12/site-packages/airflow/example_dags/example_nested_branch_dag.py
[2025-04-30T00:30:53.416+0000] {processor.py:914} INFO - Processing file /home/airflow/.local/lib/python3.12/site-packages/airflow/example_dags/example_nested_branch_dag.py for tasks to queue
[2025-04-30T00:30:53.421+0000] {logging_mixin.py:190} INFO - [2025-04-30T00:30:53.420+0000] {dagbag.py:587} INFO - Filling up the DagBag from /home/airflow/.local/lib/python3.12/site-packages/airflow/example_dags/example_nested_branch_dag.py
[2025-04-30T00:30:53.449+0000] {processor.py:925} INFO - DAG(s) 'example_nested_branch_dag' retrieved from /home/airflow/.local/lib/python3.12/site-packages/airflow/example_dags/example_nested_branch_dag.py
[2025-04-30T00:30:52.875+0000] {logging_mixin.py:190} INFO - [2025-04-30T00:30:52.874+0000] {override.py:1858} INFO - Created Permission View: can edit on DAG:example_nested_branch_dag
[2025-04-30T00:30:52.894+0000] {logging_mixin.py:190} INFO - [2025-04-30T00:30:52.894+0000] {override.py:1858} INFO - Created Permission View: can read on DAG:example_nested_branch_dag
[2025-04-30T00:30:52.908+0000] {logging_mixin.py:190} INFO - [2025-04-30T00:30:52.907+0000] {override.py:1858} INFO - Created Permission View: can delete on DAG:example_nested_branch_dag
[2025-04-30T00:30:52.909+0000] {logging_mixin.py:190} INFO - [2025-04-30T00:30:52.909+0000] {dag.py:3211} INFO - Sync 1 DAGs
[2025-04-30T00:30:52.938+0000] {logging_mixin.py:190} INFO - [2025-04-30T00:30:52.937+0000] {dag.py:3234} INFO - Creating ORM DAG for example_nested_branch_dag
[2025-04-30T00:30:52.960+0000] {logging_mixin.py:190} INFO - [2025-04-30T00:30:52.960+0000] {dag.py:4138} INFO - Setting next_dagrun for example_nested_branch_dag to 2025-04-29 00:00:00+00:00, run_after=2025-04-30 00:00:00+00:00
[2025-04-30T00:30:52.998+0000] {processor.py:208} INFO - Processing /home/airflow/.local/lib/python3.12/site-packages/airflow/example_dags/example_nested_branch_dag.py took 0.416 seconds
[2025-04-30T00:31:23.978+0000] {processor.py:186} INFO - Started process (PID=164) to work on /home/airflow/.local/lib/python3.12/site-packages/airflow/example_dags/example_nested_branch_dag.py
[2025-04-30T00:31:23.980+0000] {processor.py:914} INFO - Processing file /home/airflow/.local/lib/python3.12/site-packages/airflow/example_dags/example_nested_branch_dag.py for tasks to queue
[2025-04-30T00:31:23.984+0000] {logging_mixin.py:190} INFO - [2025-04-30T00:31:23.984+0000] {dagbag.py:587} INFO - Filling up the DagBag from /home/airflow/.local/lib/python3.12/site-packages/airflow/example_dags/example_nested_branch_dag.py
[2025-04-30T00:31:24.016+0000] {processor.py:925} INFO - DAG(s) 'example_nested_branch_dag' retrieved from /home/airflow/.local/lib/python3.12/site-packages/airflow/example_dags/example_nested_branch_dag.py
[2025-04-30T00:31:24.072+0000] {logging_mixin.py:190} INFO - [2025-04-30T00:31:24.072+0000] {dag.py:3211} INFO - Sync 1 DAGs
[2025-04-30T00:31:24.136+0000] {logging_mixin.py:190} INFO - [2025-04-30T00:31:24.136+0000] {dag.py:4138} INFO - Setting next_dagrun for example_nested_branch_dag to 2025-04-29 00:00:00+00:00, run_after=2025-04-30 00:00:00+00:00
[2025-04-30T00:31:24.176+0000] {processor.py:208} INFO - Processing /home/airflow/.local/lib/python3.12/site-packages/airflow/example_dags/example_nested_branch_dag.py took 0.210 seconds
[2025-04-30T00:31:54.788+0000] {processor.py:186} INFO - Started process (PID=234) to work on /home/airflow/.local/lib/python3.12/site-packages/airflow/example_dags/example_nested_branch_dag.py
[2025-04-30T00:31:54.790+0000] {processor.py:914} INFO - Processing file /home/airflow/.local/lib/python3.12/site-packages/airflow/example_dags/example_nested_branch_dag.py for tasks to queue
[2025-04-30T00:31:54.795+0000] {logging_mixin.py:190} INFO - [2025-04-30T00:31:54.794+0000] {dagbag.py:587} INFO - Filling up the DagBag from /home/airflow/.local/lib/python3.12/site-packages/airflow/example_dags/example_nested_branch_dag.py
[2025-04-30T00:31:54.818+0000] {processor.py:925} INFO - DAG(s) 'example_nested_branch_dag' retrieved from /home/airflow/.local/lib/python3.12/site-packages/airflow/example_dags/example_nested_branch_dag.py
[2025-04-30T00:31:54.861+0000] {logging_mixin.py:190} INFO - [2025-04-30T00:31:54.860+0000] {dag.py:3211} INFO - Sync 1 DAGs
[2025-04-30T00:31:54.912+0000] {logging_mixin.py:190} INFO - [2025-04-30T00:31:54.911+0000] {dag.py:4138} INFO - Setting next_dagrun for example_nested_branch_dag to 2025-04-29 00:00:00+00:00, run_after=2025-04-30 00:00:00+00:00
[2025-04-30T00:31:54.956+0000] {processor.py:208} INFO - Processing /home/airflow/.local/lib/python3.12/site-packages/airflow/example_dags/example_nested_branch_dag.py took 0.179 seconds
[2025-04-30T00:32:25.364+0000] {processor.py:186} INFO - Started process (PID=297) to work on /home/airflow/.local/lib/python3.12/site-packages/airflow/example_dags/example_nested_branch_dag.py
[2025-04-30T00:32:25.366+0000] {processor.py:914} INFO - Processing file /home/airflow/.local/lib/python3.12/site-packages/airflow/example_dags/example_nested_branch_dag.py for tasks to queue
[2025-04-30T00:32:25.371+0000] {logging_mixin.py:190} INFO - [2025-04-30T00:32:25.370+0000] {dagbag.py:587} INFO - Filling up the DagBag from /home/airflow/.local/lib/python3.12/site-packages/airflow/example_dags/example_nested_branch_dag.py
[2025-04-30T00:32:25.394+0000] {processor.py:925} INFO - DAG(s) 'example_nested_branch_dag' retrieved from /home/airflow/.local/lib/python3.12/site-packages/airflow/example_dags/example_nested_branch_dag.py
[2025-04-30T00:32:25.436+0000] {logging_mixin.py:190} INFO - [2025-04-30T00:32:25.436+0000] {dag.py:3211} INFO - Sync 1 DAGs
[2025-04-30T00:32:25.485+0000] {logging_mixin.py:190} INFO - [2025-04-30T00:32:25.484+0000] {dag.py:4138} INFO - Setting next_dagrun for example_nested_branch_dag to 2025-04-29 00:00:00+00:00, run_after=2025-04-30 00:00:00+00:00
[2025-04-30T00:32:25.532+0000] {processor.py:208} INFO - Processing /home/airflow/.local/lib/python3.12/site-packages/airflow/example_dags/example_nested_branch_dag.py took 0.180 seconds
[2025-04-30T00:32:56.048+0000] {processor.py:186} INFO - Started process (PID=360) to work on /home/airflow/.local/lib/python3.12/site-packages/airflow/example_dags/example_nested_branch_dag.py
[2025-04-30T00:32:56.050+0000] {processor.py:914} INFO - Processing file /home/airflow/.local/lib/python3.12/site-packages/airflow/example_dags/example_nested_branch_dag.py for tasks to queue
[2025-04-30T00:32:56.055+0000] {logging_mixin.py:190} INFO - [2025-04-30T00:32:56.055+0000] {dagbag.py:587} INFO - Filling up the DagBag from /home/airflow/.local/lib/python3.12/site-packages/airflow/example_dags/example_nested_branch_dag.py
[2025-04-30T00:32:56.080+0000] {processor.py:925} INFO - DAG(s) 'example_nested_branch_dag' retrieved from /home/airflow/.local/lib/python3.12/site-packages/airflow/example_dags/example_nested_branch_dag.py
[2025-04-30T00:32:56.127+0000] {logging_mixin.py:190} INFO - [2025-04-30T00:32:56.126+0000] {dag.py:3211} INFO - Sync 1 DAGs
[2025-04-30T00:32:56.176+0000] {logging_mixin.py:190} INFO - [2025-04-30T00:32:56.176+0000] {dag.py:4138} INFO - Setting next_dagrun for example_nested_branch_dag to 2025-04-29 00:00:00+00:00, run_after=2025-04-30 00:00:00+00:00
[2025-04-30T00:32:56.212+0000] {processor.py:208} INFO - Processing /home/airflow/.local/lib/python3.12/site-packages/airflow/example_dags/example_nested_branch_dag.py took 0.176 seconds
[2025-04-30T00:33:26.482+0000] {processor.py:186} INFO - Started process (PID=423) to work on /home/airflow/.local/lib/python3.12/site-packages/airflow/example_dags/example_nested_branch_dag.py
[2025-04-30T00:33:26.484+0000] {processor.py:914} INFO - Processing file /home/airflow/.local/lib/python3.12/site-packages/airflow/example_dags/example_nested_branch_dag.py for tasks to queue
[2025-04-30T00:33:26.491+0000] {logging_mixin.py:190} INFO - [2025-04-30T00:33:26.491+0000] {dagbag.py:587} INFO - Filling up the DagBag from /home/airflow/.local/lib/python3.12/site-packages/airflow/example_dags/example_nested_branch_dag.py
[2025-04-30T00:33:26.516+0000] {processor.py:925} INFO - DAG(s) 'example_nested_branch_dag' retrieved from /home/airflow/.local/lib/python3.12/site-packages/airflow/example_dags/example_nested_branch_dag.py
[2025-04-30T00:33:26.565+0000] {logging_mixin.py:190} INFO - [2025-04-30T00:33:26.565+0000] {dag.py:3211} INFO - Sync 1 DAGs
[2025-04-30T00:33:26.627+0000] {logging_mixin.py:190} INFO - [2025-04-30T00:33:26.626+0000] {dag.py:4138} INFO - Setting next_dagrun for example_nested_branch_dag to 2025-04-29 00:00:00+00:00, run_after=2025-04-30 00:00:00+00:00
[2025-04-30T00:33:26.683+0000] {processor.py:208} INFO - Processing /home/airflow/.local/lib/python3.12/site-packages/airflow/example_dags/example_nested_branch_dag.py took 0.214 seconds
[2025-04-30T00:33:56.968+0000] {processor.py:186} INFO - Started process (PID=487) to work on /home/airflow/.local/lib/python3.12/site-packages/airflow/example_dags/example_nested_branch_dag.py
[2025-04-30T00:33:56.971+0000] {processor.py:914} INFO - Processing file /home/airflow/.local/lib/python3.12/site-packages/airflow/example_dags/example_nested_branch_dag.py for tasks to queue
[2025-04-30T00:33:56.977+0000] {logging_mixin.py:190} INFO - [2025-04-30T00:33:56.976+0000] {dagbag.py:587} INFO - Filling up the DagBag from /home/airflow/.local/lib/python3.12/site-packages/airflow/example_dags/example_nested_branch_dag.py
[2025-04-30T00:33:56.999+0000] {processor.py:925} INFO - DAG(s) 'example_nested_branch_dag' retrieved from /home/airflow/.local/lib/python3.12/site-packages/airflow/example_dags/example_nested_branch_dag.py
[2025-04-30T00:33:57.053+0000] {logging_mixin.py:190} INFO - [2025-04-30T00:33:57.052+0000] {dag.py:3211} INFO - Sync 1 DAGs
[2025-04-30T00:33:57.117+0000] {logging_mixin.py:190} INFO - [2025-04-30T00:33:57.116+0000] {dag.py:4138} INFO - Setting next_dagrun for example_nested_branch_dag to 2025-04-29 00:00:00+00:00, run_after=2025-04-30 00:00:00+00:00
[2025-04-30T00:33:57.164+0000] {processor.py:208} INFO - Processing /home/airflow/.local/lib/python3.12/site-packages/airflow/example_dags/example_nested_branch_dag.py took 0.206 seconds
[2025-04-30T00:34:28.095+0000] {processor.py:186} INFO - Started process (PID=550) to work on /home/airflow/.local/lib/python3.12/site-packages/airflow/example_dags/example_nested_branch_dag.py
[2025-04-30T00:34:28.097+0000] {processor.py:914} INFO - Processing file /home/airflow/.local/lib/python3.12/site-packages/airflow/example_dags/example_nested_branch_dag.py for tasks to queue
[2025-04-30T00:34:28.104+0000] {logging_mixin.py:190} INFO - [2025-04-30T00:34:28.102+0000] {dagbag.py:587} INFO - Filling up the DagBag from /home/airflow/.local/lib/python3.12/site-packages/airflow/example_dags/example_nested_branch_dag.py
[2025-04-30T00:34:28.130+0000] {processor.py:925} INFO - DAG(s) 'example_nested_branch_dag' retrieved from /home/airflow/.local/lib/python3.12/site-packages/airflow/example_dags/example_nested_branch_dag.py
[2025-04-30T00:34:28.178+0000] {logging_mixin.py:190} INFO - [2025-04-30T00:34:28.178+0000] {dag.py:3211} INFO - Sync 1 DAGs
[2025-04-30T00:34:28.233+0000] {logging_mixin.py:190} INFO - [2025-04-30T00:34:28.233+0000] {dag.py:4138} INFO - Setting next_dagrun for example_nested_branch_dag to 2025-04-29 00:00:00+00:00, run_after=2025-04-30 00:00:00+00:00
[2025-04-30T00:34:28.275+0000] {processor.py:208} INFO - Processing /home/airflow/.local/lib/python3.12/site-packages/airflow/example_dags/example_nested_branch_dag.py took 0.194 seconds
[2025-04-30T00:34:58.879+0000] {processor.py:186} INFO - Started process (PID=613) to work on /home/airflow/.local/lib/python3.12/site-packages/airflow/example_dags/example_nested_branch_dag.py
[2025-04-30T00:34:58.881+0000] {processor.py:914} INFO - Processing file /home/airflow/.local/lib/python3.12/site-packages/airflow/example_dags/example_nested_branch_dag.py for tasks to queue
[2025-04-30T00:34:58.886+0000] {logging_mixin.py:190} INFO - [2025-04-30T00:34:58.886+0000] {dagbag.py:587} INFO - Filling up the DagBag from /home/airflow/.local/lib/python3.12/site-packages/airflow/example_dags/example_nested_branch_dag.py
[2025-04-30T00:34:58.912+0000] {processor.py:925} INFO - DAG(s) 'example_nested_branch_dag' retrieved from /home/airflow/.local/lib/python3.12/site-packages/airflow/example_dags/example_nested_branch_dag.py
[2025-04-30T00:34:58.961+0000] {logging_mixin.py:190} INFO - [2025-04-30T00:34:58.961+0000] {dag.py:3211} INFO - Sync 1 DAGs
[2025-04-30T00:34:59.036+0000] {logging_mixin.py:190} INFO - [2025-04-30T00:34:59.035+0000] {dag.py:4138} INFO - Setting next_dagrun for example_nested_branch_dag to 2025-04-29 00:00:00+00:00, run_after=2025-04-30 00:00:00+00:00
[2025-04-30T00:34:59.098+0000] {processor.py:208} INFO - Processing /home/airflow/.local/lib/python3.12/site-packages/airflow/example_dags/example_nested_branch_dag.py took 0.232 seconds
[2025-04-30T00:35:29.322+0000] {processor.py:186} INFO - Started process (PID=676) to work on /home/airflow/.local/lib/python3.12/site-packages/airflow/example_dags/example_nested_branch_dag.py
[2025-04-30T00:35:29.325+0000] {processor.py:914} INFO - Processing file /home/airflow/.local/lib/python3.12/site-packages/airflow/example_dags/example_nested_branch_dag.py for tasks to queue
[2025-04-30T00:35:29.331+0000] {logging_mixin.py:190} INFO - [2025-04-30T00:35:29.330+0000] {dagbag.py:587} INFO - Filling up the DagBag from /home/airflow/.local/lib/python3.12/site-packages/airflow/example_dags/example_nested_branch_dag.py
[2025-04-30T00:35:29.356+0000] {processor.py:925} INFO - DAG(s) 'example_nested_branch_dag' retrieved from /home/airflow/.local/lib/python3.12/site-packages/airflow/example_dags/example_nested_branch_dag.py
[2025-04-30T00:35:29.405+0000] {logging_mixin.py:190} INFO - [2025-04-30T00:35:29.404+0000] {dag.py:3211} INFO - Sync 1 DAGs
[2025-04-30T00:35:29.462+0000] {logging_mixin.py:190} INFO - [2025-04-30T00:35:29.461+0000] {dag.py:4138} INFO - Setting next_dagrun for example_nested_branch_dag to 2025-04-29 00:00:00+00:00, run_after=2025-04-30 00:00:00+00:00
[2025-04-30T00:35:29.503+0000] {processor.py:208} INFO - Processing /home/airflow/.local/lib/python3.12/site-packages/airflow/example_dags/example_nested_branch_dag.py took 0.193 seconds
[2025-04-30T00:36:00.718+0000] {processor.py:186} INFO - Started process (PID=740) to work on /home/airflow/.local/lib/python3.12/site-packages/airflow/example_dags/example_nested_branch_dag.py
[2025-04-30T00:36:00.721+0000] {processor.py:914} INFO - Processing file /home/airflow/.local/lib/python3.12/site-packages/airflow/example_dags/example_nested_branch_dag.py for tasks to queue
[2025-04-30T00:36:00.726+0000] {logging_mixin.py:190} INFO - [2025-04-30T00:36:00.725+0000] {dagbag.py:587} INFO - Filling up the DagBag from /home/airflow/.local/lib/python3.12/site-packages/airflow/example_dags/example_nested_branch_dag.py
[2025-04-30T00:36:00.749+0000] {processor.py:925} INFO - DAG(s) 'example_nested_branch_dag' retrieved from /home/airflow/.local/lib/python3.12/site-packages/airflow/example_dags/example_nested_branch_dag.py
[2025-04-30T00:36:00.791+0000] {logging_mixin.py:190} INFO - [2025-04-30T00:36:00.791+0000] {dag.py:3211} INFO - Sync 1 DAGs
[2025-04-30T00:36:00.844+0000] {logging_mixin.py:190} INFO - [2025-04-30T00:36:00.844+0000] {dag.py:4138} INFO - Setting next_dagrun for example_nested_branch_dag to 2025-04-29 00:00:00+00:00, run_after=2025-04-30 00:00:00+00:00
[2025-04-30T00:36:00.897+0000] {processor.py:208} INFO - Processing /home/airflow/.local/lib/python3.12/site-packages/airflow/example_dags/example_nested_branch_dag.py took 0.191 seconds
[2025-04-30T00:36:31.037+0000] {processor.py:186} INFO - Started process (PID=803) to work on /home/airflow/.local/lib/python3.12/site-packages/airflow/example_dags/example_nested_branch_dag.py
[2025-04-30T00:36:31.040+0000] {processor.py:914} INFO - Processing file /home/airflow/.local/lib/python3.12/site-packages/airflow/example_dags/example_nested_branch_dag.py for tasks to queue
[2025-04-30T00:36:31.046+0000] {logging_mixin.py:190} INFO - [2025-04-30T00:36:31.046+0000] {dagbag.py:587} INFO - Filling up the DagBag from /home/airflow/.local/lib/python3.12/site-packages/airflow/example_dags/example_nested_branch_dag.py
[2025-04-30T00:36:31.072+0000] {processor.py:925} INFO - DAG(s) 'example_nested_branch_dag' retrieved from /home/airflow/.local/lib/python3.12/site-packages/airflow/example_dags/example_nested_branch_dag.py
[2025-04-30T00:36:31.127+0000] {logging_mixin.py:190} INFO - [2025-04-30T00:36:31.127+0000] {dag.py:3211} INFO - Sync 1 DAGs
[2025-04-30T00:36:31.179+0000] {logging_mixin.py:190} INFO - [2025-04-30T00:36:31.178+0000] {dag.py:4138} INFO - Setting next_dagrun for example_nested_branch_dag to 2025-04-29 00:00:00+00:00, run_after=2025-04-30 00:00:00+00:00
[2025-04-30T00:36:31.233+0000] {processor.py:208} INFO - Processing /home/airflow/.local/lib/python3.12/site-packages/airflow/example_dags/example_nested_branch_dag.py took 0.207 seconds
[2025-04-30T00:37:01.524+0000] {processor.py:186} INFO - Started process (PID=866) to work on /home/airflow/.local/lib/python3.12/site-packages/airflow/example_dags/example_nested_branch_dag.py
[2025-04-30T00:37:01.526+0000] {processor.py:914} INFO - Processing file /home/airflow/.local/lib/python3.12/site-packages/airflow/example_dags/example_nested_branch_dag.py for tasks to queue
[2025-04-30T00:37:01.531+0000] {logging_mixin.py:190} INFO - [2025-04-30T00:37:01.530+0000] {dagbag.py:587} INFO - Filling up the DagBag from /home/airflow/.local/lib/python3.12/site-packages/airflow/example_dags/example_nested_branch_dag.py
[2025-04-30T00:37:01.553+0000] {processor.py:925} INFO - DAG(s) 'example_nested_branch_dag' retrieved from /home/airflow/.local/lib/python3.12/site-packages/airflow/example_dags/example_nested_branch_dag.py
[2025-04-30T00:37:01.598+0000] {logging_mixin.py:190} INFO - [2025-04-30T00:37:01.597+0000] {dag.py:3211} INFO - Sync 1 DAGs
[2025-04-30T00:37:01.650+0000] {logging_mixin.py:190} INFO - [2025-04-30T00:37:01.650+0000] {dag.py:4138} INFO - Setting next_dagrun for example_nested_branch_dag to 2025-04-29 00:00:00+00:00, run_after=2025-04-30 00:00:00+00:00
[2025-04-30T00:37:01.688+0000] {processor.py:208} INFO - Processing /home/airflow/.local/lib/python3.12/site-packages/airflow/example_dags/example_nested_branch_dag.py took 0.176 seconds
[2025-04-30T00:37:32.952+0000] {processor.py:186} INFO - Started process (PID=929) to work on /home/airflow/.local/lib/python3.12/site-packages/airflow/example_dags/example_nested_branch_dag.py
[2025-04-30T00:37:32.954+0000] {processor.py:914} INFO - Processing file /home/airflow/.local/lib/python3.12/site-packages/airflow/example_dags/example_nested_branch_dag.py for tasks to queue
[2025-04-30T00:37:32.959+0000] {logging_mixin.py:190} INFO - [2025-04-30T00:37:32.958+0000] {dagbag.py:587} INFO - Filling up the DagBag from /home/airflow/.local/lib/python3.12/site-packages/airflow/example_dags/example_nested_branch_dag.py
[2025-04-30T00:37:32.982+0000] {processor.py:925} INFO - DAG(s) 'example_nested_branch_dag' retrieved from /home/airflow/.local/lib/python3.12/site-packages/airflow/example_dags/example_nested_branch_dag.py
[2025-04-30T00:37:33.031+0000] {logging_mixin.py:190} INFO - [2025-04-30T00:37:33.030+0000] {dag.py:3211} INFO - Sync 1 DAGs
[2025-04-30T00:37:33.090+0000] {logging_mixin.py:190} INFO - [2025-04-30T00:37:33.089+0000] {dag.py:4138} INFO - Setting next_dagrun for example_nested_branch_dag to 2025-04-29 00:00:00+00:00, run_after=2025-04-30 00:00:00+00:00
[2025-04-30T00:37:33.135+0000] {processor.py:208} INFO - Processing /home/airflow/.local/lib/python3.12/site-packages/airflow/example_dags/example_nested_branch_dag.py took 0.195 seconds
[2025-04-30T00:38:03.867+0000] {processor.py:186} INFO - Started process (PID=992) to work on /home/airflow/.local/lib/python3.12/site-packages/airflow/example_dags/example_nested_branch_dag.py
[2025-04-30T00:38:03.869+0000] {processor.py:914} INFO - Processing file /home/airflow/.local/lib/python3.12/site-packages/airflow/example_dags/example_nested_branch_dag.py for tasks to queue
[2025-04-30T00:38:03.877+0000] {logging_mixin.py:190} INFO - [2025-04-30T00:38:03.876+0000] {dagbag.py:587} INFO - Filling up the DagBag from /home/airflow/.local/lib/python3.12/site-packages/airflow/example_dags/example_nested_branch_dag.py
[2025-04-30T00:38:03.908+0000] {processor.py:925} INFO - DAG(s) 'example_nested_branch_dag' retrieved from /home/airflow/.local/lib/python3.12/site-packages/airflow/example_dags/example_nested_branch_dag.py
[2025-04-30T00:38:03.966+0000] {logging_mixin.py:190} INFO - [2025-04-30T00:38:03.965+0000] {dag.py:3211} INFO - Sync 1 DAGs
[2025-04-30T00:38:04.035+0000] {logging_mixin.py:190} INFO - [2025-04-30T00:38:04.034+0000] {dag.py:4138} INFO - Setting next_dagrun for example_nested_branch_dag to 2025-04-29 00:00:00+00:00, run_after=2025-04-30 00:00:00+00:00
[2025-04-30T00:38:04.083+0000] {processor.py:208} INFO - Processing /home/airflow/.local/lib/python3.12/site-packages/airflow/example_dags/example_nested_branch_dag.py took 0.232 seconds
[2025-04-30T00:38:34.857+0000] {processor.py:186} INFO - Started process (PID=1058) to work on /home/airflow/.local/lib/python3.12/site-packages/airflow/example_dags/example_nested_branch_dag.py
[2025-04-30T00:38:34.860+0000] {processor.py:914} INFO - Processing file /home/airflow/.local/lib/python3.12/site-packages/airflow/example_dags/example_nested_branch_dag.py for tasks to queue
[2025-04-30T00:38:34.864+0000] {logging_mixin.py:190} INFO - [2025-04-30T00:38:34.864+0000] {dagbag.py:587} INFO - Filling up the DagBag from /home/airflow/.local/lib/python3.12/site-packages/airflow/example_dags/example_nested_branch_dag.py
[2025-04-30T00:38:34.887+0000] {processor.py:925} INFO - DAG(s) 'example_nested_branch_dag' retrieved from /home/airflow/.local/lib/python3.12/site-packages/airflow/example_dags/example_nested_branch_dag.py
[2025-04-30T00:38:34.941+0000] {logging_mixin.py:190} INFO - [2025-04-30T00:38:34.940+0000] {dag.py:3211} INFO - Sync 1 DAGs
[2025-04-30T00:38:35.010+0000] {logging_mixin.py:190} INFO - [2025-04-30T00:38:35.010+0000] {dag.py:4138} INFO - Setting next_dagrun for example_nested_branch_dag to 2025-04-29 00:00:00+00:00, run_after=2025-04-30 00:00:00+00:00
[2025-04-30T00:38:35.055+0000] {processor.py:208} INFO - Processing /home/airflow/.local/lib/python3.12/site-packages/airflow/example_dags/example_nested_branch_dag.py took 0.209 seconds
[2025-04-30T00:39:05.959+0000] {processor.py:186} INFO - Started process (PID=1126) to work on /home/airflow/.local/lib/python3.12/site-packages/airflow/example_dags/example_nested_branch_dag.py
[2025-04-30T00:39:05.961+0000] {processor.py:914} INFO - Processing file /home/airflow/.local/lib/python3.12/site-packages/airflow/example_dags/example_nested_branch_dag.py for tasks to queue
[2025-04-30T00:39:05.966+0000] {logging_mixin.py:190} INFO - [2025-04-30T00:39:05.965+0000] {dagbag.py:587} INFO - Filling up the DagBag from /home/airflow/.local/lib/python3.12/site-packages/airflow/example_dags/example_nested_branch_dag.py
[2025-04-30T00:39:05.998+0000] {processor.py:925} INFO - DAG(s) 'example_nested_branch_dag' retrieved from /home/airflow/.local/lib/python3.12/site-packages/airflow/example_dags/example_nested_branch_dag.py
[2025-04-30T00:39:06.064+0000] {logging_mixin.py:190} INFO - [2025-04-30T00:39:06.063+0000] {dag.py:3211} INFO - Sync 1 DAGs
[2025-04-30T00:39:06.135+0000] {logging_mixin.py:190} INFO - [2025-04-30T00:39:06.134+0000] {dag.py:4138} INFO - Setting next_dagrun for example_nested_branch_dag to 2025-04-29 00:00:00+00:00, run_after=2025-04-30 00:00:00+00:00
[2025-04-30T00:39:06.185+0000] {processor.py:208} INFO - Processing /home/airflow/.local/lib/python3.12/site-packages/airflow/example_dags/example_nested_branch_dag.py took 0.238 seconds
[2025-04-30T00:39:36.870+0000] {processor.py:186} INFO - Started process (PID=1188) to work on /home/airflow/.local/lib/python3.12/site-packages/airflow/example_dags/example_nested_branch_dag.py
[2025-04-30T00:39:36.872+0000] {processor.py:914} INFO - Processing file /home/airflow/.local/lib/python3.12/site-packages/airflow/example_dags/example_nested_branch_dag.py for tasks to queue
[2025-04-30T00:39:36.877+0000] {logging_mixin.py:190} INFO - [2025-04-30T00:39:36.877+0000] {dagbag.py:587} INFO - Filling up the DagBag from /home/airflow/.local/lib/python3.12/site-packages/airflow/example_dags/example_nested_branch_dag.py
[2025-04-30T00:39:36.904+0000] {processor.py:925} INFO - DAG(s) 'example_nested_branch_dag' retrieved from /home/airflow/.local/lib/python3.12/site-packages/airflow/example_dags/example_nested_branch_dag.py
[2025-04-30T00:39:36.954+0000] {logging_mixin.py:190} INFO - [2025-04-30T00:39:36.953+0000] {dag.py:3211} INFO - Sync 1 DAGs
[2025-04-30T00:39:37.013+0000] {logging_mixin.py:190} INFO - [2025-04-30T00:39:37.012+0000] {dag.py:4138} INFO - Setting next_dagrun for example_nested_branch_dag to 2025-04-29 00:00:00+00:00, run_after=2025-04-30 00:00:00+00:00
[2025-04-30T00:39:37.061+0000] {processor.py:208} INFO - Processing /home/airflow/.local/lib/python3.12/site-packages/airflow/example_dags/example_nested_branch_dag.py took 0.203 seconds
[2025-04-30T00:40:07.840+0000] {processor.py:186} INFO - Started process (PID=1251) to work on /home/airflow/.local/lib/python3.12/site-packages/airflow/example_dags/example_nested_branch_dag.py
[2025-04-30T00:40:07.843+0000] {processor.py:914} INFO - Processing file /home/airflow/.local/lib/python3.12/site-packages/airflow/example_dags/example_nested_branch_dag.py for tasks to queue
[2025-04-30T00:40:07.848+0000] {logging_mixin.py:190} INFO - [2025-04-30T00:40:07.847+0000] {dagbag.py:587} INFO - Filling up the DagBag from /home/airflow/.local/lib/python3.12/site-packages/airflow/example_dags/example_nested_branch_dag.py
[2025-04-30T00:40:07.872+0000] {processor.py:925} INFO - DAG(s) 'example_nested_branch_dag' retrieved from /home/airflow/.local/lib/python3.12/site-packages/airflow/example_dags/example_nested_branch_dag.py
[2025-04-30T00:40:07.921+0000] {logging_mixin.py:190} INFO - [2025-04-30T00:40:07.920+0000] {dag.py:3211} INFO - Sync 1 DAGs
[2025-04-30T00:40:07.995+0000] {logging_mixin.py:190} INFO - [2025-04-30T00:40:07.994+0000] {dag.py:4138} INFO - Setting next_dagrun for example_nested_branch_dag to 2025-04-29 00:00:00+00:00, run_after=2025-04-30 00:00:00+00:00
[2025-04-30T00:40:08.051+0000] {processor.py:208} INFO - Processing /home/airflow/.local/lib/python3.12/site-packages/airflow/example_dags/example_nested_branch_dag.py took 0.223 seconds
[2025-04-30T00:40:38.481+0000] {processor.py:186} INFO - Started process (PID=1314) to work on /home/airflow/.local/lib/python3.12/site-packages/airflow/example_dags/example_nested_branch_dag.py
[2025-04-30T00:40:38.483+0000] {processor.py:914} INFO - Processing file /home/airflow/.local/lib/python3.12/site-packages/airflow/example_dags/example_nested_branch_dag.py for tasks to queue
[2025-04-30T00:40:38.487+0000] {logging_mixin.py:190} INFO - [2025-04-30T00:40:38.487+0000] {dagbag.py:587} INFO - Filling up the DagBag from /home/airflow/.local/lib/python3.12/site-packages/airflow/example_dags/example_nested_branch_dag.py
[2025-04-30T00:40:38.509+0000] {processor.py:925} INFO - DAG(s) 'example_nested_branch_dag' retrieved from /home/airflow/.local/lib/python3.12/site-packages/airflow/example_dags/example_nested_branch_dag.py
[2025-04-30T00:40:38.561+0000] {logging_mixin.py:190} INFO - [2025-04-30T00:40:38.560+0000] {dag.py:3211} INFO - Sync 1 DAGs
[2025-04-30T00:40:38.660+0000] {logging_mixin.py:190} INFO - [2025-04-30T00:40:38.660+0000] {dag.py:4138} INFO - Setting next_dagrun for example_nested_branch_dag to 2025-04-29 00:00:00+00:00, run_after=2025-04-30 00:00:00+00:00
[2025-04-30T00:40:38.707+0000] {processor.py:208} INFO - Processing /home/airflow/.local/lib/python3.12/site-packages/airflow/example_dags/example_nested_branch_dag.py took 0.239 seconds
[2025-04-30T00:41:09.221+0000] {processor.py:186} INFO - Started process (PID=1377) to work on /home/airflow/.local/lib/python3.12/site-packages/airflow/example_dags/example_nested_branch_dag.py
[2025-04-30T00:41:09.223+0000] {processor.py:914} INFO - Processing file /home/airflow/.local/lib/python3.12/site-packages/airflow/example_dags/example_nested_branch_dag.py for tasks to queue
[2025-04-30T00:41:09.229+0000] {logging_mixin.py:190} INFO - [2025-04-30T00:41:09.228+0000] {dagbag.py:587} INFO - Filling up the DagBag from /home/airflow/.local/lib/python3.12/site-packages/airflow/example_dags/example_nested_branch_dag.py
[2025-04-30T00:41:09.252+0000] {processor.py:925} INFO - DAG(s) 'example_nested_branch_dag' retrieved from /home/airflow/.local/lib/python3.12/site-packages/airflow/example_dags/example_nested_branch_dag.py
[2025-04-30T00:41:09.296+0000] {logging_mixin.py:190} INFO - [2025-04-30T00:41:09.295+0000] {dag.py:3211} INFO - Sync 1 DAGs
[2025-04-30T00:41:09.348+0000] {logging_mixin.py:190} INFO - [2025-04-30T00:41:09.348+0000] {dag.py:4138} INFO - Setting next_dagrun for example_nested_branch_dag to 2025-04-29 00:00:00+00:00, run_after=2025-04-30 00:00:00+00:00
[2025-04-30T00:41:09.390+0000] {processor.py:208} INFO - Processing /home/airflow/.local/lib/python3.12/site-packages/airflow/example_dags/example_nested_branch_dag.py took 0.180 seconds
[2025-04-30T00:41:40.061+0000] {processor.py:186} INFO - Started process (PID=1440) to work on /home/airflow/.local/lib/python3.12/site-packages/airflow/example_dags/example_nested_branch_dag.py
[2025-04-30T00:41:40.063+0000] {processor.py:914} INFO - Processing file /home/airflow/.local/lib/python3.12/site-packages/airflow/example_dags/example_nested_branch_dag.py for tasks to queue
[2025-04-30T00:41:40.069+0000] {logging_mixin.py:190} INFO - [2025-04-30T00:41:40.069+0000] {dagbag.py:587} INFO - Filling up the DagBag from /home/airflow/.local/lib/python3.12/site-packages/airflow/example_dags/example_nested_branch_dag.py
[2025-04-30T00:41:40.095+0000] {processor.py:925} INFO - DAG(s) 'example_nested_branch_dag' retrieved from /home/airflow/.local/lib/python3.12/site-packages/airflow/example_dags/example_nested_branch_dag.py
[2025-04-30T00:41:40.139+0000] {logging_mixin.py:190} INFO - [2025-04-30T00:41:40.138+0000] {dag.py:3211} INFO - Sync 1 DAGs
[2025-04-30T00:41:40.191+0000] {logging_mixin.py:190} INFO - [2025-04-30T00:41:40.191+0000] {dag.py:4138} INFO - Setting next_dagrun for example_nested_branch_dag to 2025-04-29 00:00:00+00:00, run_after=2025-04-30 00:00:00+00:00
[2025-04-30T00:41:40.240+0000] {processor.py:208} INFO - Processing /home/airflow/.local/lib/python3.12/site-packages/airflow/example_dags/example_nested_branch_dag.py took 0.193 seconds
[2025-04-30T00:42:10.719+0000] {processor.py:186} INFO - Started process (PID=1507) to work on /home/airflow/.local/lib/python3.12/site-packages/airflow/example_dags/example_nested_branch_dag.py
[2025-04-30T00:42:10.721+0000] {processor.py:914} INFO - Processing file /home/airflow/.local/lib/python3.12/site-packages/airflow/example_dags/example_nested_branch_dag.py for tasks to queue
[2025-04-30T00:42:10.724+0000] {logging_mixin.py:190} INFO - [2025-04-30T00:42:10.723+0000] {dagbag.py:587} INFO - Filling up the DagBag from /home/airflow/.local/lib/python3.12/site-packages/airflow/example_dags/example_nested_branch_dag.py
[2025-04-30T00:42:10.757+0000] {processor.py:925} INFO - DAG(s) 'example_nested_branch_dag' retrieved from /home/airflow/.local/lib/python3.12/site-packages/airflow/example_dags/example_nested_branch_dag.py
[2025-04-30T00:42:10.810+0000] {logging_mixin.py:190} INFO - [2025-04-30T00:42:10.810+0000] {dag.py:3211} INFO - Sync 1 DAGs
[2025-04-30T00:42:10.890+0000] {logging_mixin.py:190} INFO - [2025-04-30T00:42:10.889+0000] {dag.py:4138} INFO - Setting next_dagrun for example_nested_branch_dag to 2025-04-29 00:00:00+00:00, run_after=2025-04-30 00:00:00+00:00
[2025-04-30T00:42:10.941+0000] {processor.py:208} INFO - Processing /home/airflow/.local/lib/python3.12/site-packages/airflow/example_dags/example_nested_branch_dag.py took 0.239 seconds
[2025-04-30T00:42:41.100+0000] {processor.py:186} INFO - Started process (PID=1570) to work on /home/airflow/.local/lib/python3.12/site-packages/airflow/example_dags/example_nested_branch_dag.py
[2025-04-30T00:42:41.102+0000] {processor.py:914} INFO - Processing file /home/airflow/.local/lib/python3.12/site-packages/airflow/example_dags/example_nested_branch_dag.py for tasks to queue
[2025-04-30T00:42:41.106+0000] {logging_mixin.py:190} INFO - [2025-04-30T00:42:41.105+0000] {dagbag.py:587} INFO - Filling up the DagBag from /home/airflow/.local/lib/python3.12/site-packages/airflow/example_dags/example_nested_branch_dag.py
[2025-04-30T00:42:41.135+0000] {processor.py:925} INFO - DAG(s) 'example_nested_branch_dag' retrieved from /home/airflow/.local/lib/python3.12/site-packages/airflow/example_dags/example_nested_branch_dag.py
[2025-04-30T00:42:41.181+0000] {logging_mixin.py:190} INFO - [2025-04-30T00:42:41.181+0000] {dag.py:3211} INFO - Sync 1 DAGs
[2025-04-30T00:42:41.234+0000] {logging_mixin.py:190} INFO - [2025-04-30T00:42:41.233+0000] {dag.py:4138} INFO - Setting next_dagrun for example_nested_branch_dag to 2025-04-29 00:00:00+00:00, run_after=2025-04-30 00:00:00+00:00
[2025-04-30T00:42:41.284+0000] {processor.py:208} INFO - Processing /home/airflow/.local/lib/python3.12/site-packages/airflow/example_dags/example_nested_branch_dag.py took 0.200 seconds
[2025-04-30T00:43:11.530+0000] {processor.py:186} INFO - Started process (PID=1633) to work on /home/airflow/.local/lib/python3.12/site-packages/airflow/example_dags/example_nested_branch_dag.py
[2025-04-30T00:43:11.532+0000] {processor.py:914} INFO - Processing file /home/airflow/.local/lib/python3.12/site-packages/airflow/example_dags/example_nested_branch_dag.py for tasks to queue
[2025-04-30T00:43:11.535+0000] {logging_mixin.py:190} INFO - [2025-04-30T00:43:11.535+0000] {dagbag.py:587} INFO - Filling up the DagBag from /home/airflow/.local/lib/python3.12/site-packages/airflow/example_dags/example_nested_branch_dag.py
[2025-04-30T00:43:11.559+0000] {processor.py:925} INFO - DAG(s) 'example_nested_branch_dag' retrieved from /home/airflow/.local/lib/python3.12/site-packages/airflow/example_dags/example_nested_branch_dag.py
[2025-04-30T00:43:11.607+0000] {logging_mixin.py:190} INFO - [2025-04-30T00:43:11.607+0000] {dag.py:3211} INFO - Sync 1 DAGs
[2025-04-30T00:43:11.659+0000] {logging_mixin.py:190} INFO - [2025-04-30T00:43:11.658+0000] {dag.py:4138} INFO - Setting next_dagrun for example_nested_branch_dag to 2025-04-29 00:00:00+00:00, run_after=2025-04-30 00:00:00+00:00
[2025-04-30T00:43:11.697+0000] {processor.py:208} INFO - Processing /home/airflow/.local/lib/python3.12/site-packages/airflow/example_dags/example_nested_branch_dag.py took 0.179 seconds
[2025-04-30T00:43:43.474+0000] {processor.py:186} INFO - Started process (PID=1696) to work on /home/airflow/.local/lib/python3.12/site-packages/airflow/example_dags/example_nested_branch_dag.py
[2025-04-30T00:43:43.479+0000] {processor.py:914} INFO - Processing file /home/airflow/.local/lib/python3.12/site-packages/airflow/example_dags/example_nested_branch_dag.py for tasks to queue
[2025-04-30T00:43:43.486+0000] {logging_mixin.py:190} INFO - [2025-04-30T00:43:43.484+0000] {dagbag.py:587} INFO - Filling up the DagBag from /home/airflow/.local/lib/python3.12/site-packages/airflow/example_dags/example_nested_branch_dag.py
[2025-04-30T00:43:43.545+0000] {processor.py:925} INFO - DAG(s) 'example_nested_branch_dag' retrieved from /home/airflow/.local/lib/python3.12/site-packages/airflow/example_dags/example_nested_branch_dag.py
[2025-04-30T00:43:43.647+0000] {logging_mixin.py:190} INFO - [2025-04-30T00:43:43.647+0000] {dag.py:3211} INFO - Sync 1 DAGs
[2025-04-30T00:43:43.783+0000] {logging_mixin.py:190} INFO - [2025-04-30T00:43:43.782+0000] {dag.py:4138} INFO - Setting next_dagrun for example_nested_branch_dag to 2025-04-29 00:00:00+00:00, run_after=2025-04-30 00:00:00+00:00
[2025-04-30T00:43:43.870+0000] {processor.py:208} INFO - Processing /home/airflow/.local/lib/python3.12/site-packages/airflow/example_dags/example_nested_branch_dag.py took 0.421 seconds
[2025-04-30T00:44:14.220+0000] {processor.py:186} INFO - Started process (PID=1759) to work on /home/airflow/.local/lib/python3.12/site-packages/airflow/example_dags/example_nested_branch_dag.py
[2025-04-30T00:44:14.221+0000] {processor.py:914} INFO - Processing file /home/airflow/.local/lib/python3.12/site-packages/airflow/example_dags/example_nested_branch_dag.py for tasks to queue
[2025-04-30T00:44:14.224+0000] {logging_mixin.py:190} INFO - [2025-04-30T00:44:14.224+0000] {dagbag.py:587} INFO - Filling up the DagBag from /home/airflow/.local/lib/python3.12/site-packages/airflow/example_dags/example_nested_branch_dag.py
[2025-04-30T00:44:14.249+0000] {processor.py:925} INFO - DAG(s) 'example_nested_branch_dag' retrieved from /home/airflow/.local/lib/python3.12/site-packages/airflow/example_dags/example_nested_branch_dag.py
[2025-04-30T00:44:14.290+0000] {logging_mixin.py:190} INFO - [2025-04-30T00:44:14.289+0000] {dag.py:3211} INFO - Sync 1 DAGs
[2025-04-30T00:44:14.327+0000] {logging_mixin.py:190} INFO - [2025-04-30T00:44:14.327+0000] {dag.py:4138} INFO - Setting next_dagrun for example_nested_branch_dag to 2025-04-29 00:00:00+00:00, run_after=2025-04-30 00:00:00+00:00
[2025-04-30T00:44:14.353+0000] {processor.py:208} INFO - Processing /home/airflow/.local/lib/python3.12/site-packages/airflow/example_dags/example_nested_branch_dag.py took 0.144 seconds
[2025-04-30T00:44:45.088+0000] {processor.py:186} INFO - Started process (PID=1822) to work on /home/airflow/.local/lib/python3.12/site-packages/airflow/example_dags/example_nested_branch_dag.py
[2025-04-30T00:44:45.090+0000] {processor.py:914} INFO - Processing file /home/airflow/.local/lib/python3.12/site-packages/airflow/example_dags/example_nested_branch_dag.py for tasks to queue
[2025-04-30T00:44:45.092+0000] {logging_mixin.py:190} INFO - [2025-04-30T00:44:45.092+0000] {dagbag.py:587} INFO - Filling up the DagBag from /home/airflow/.local/lib/python3.12/site-packages/airflow/example_dags/example_nested_branch_dag.py
[2025-04-30T00:44:45.111+0000] {processor.py:925} INFO - DAG(s) 'example_nested_branch_dag' retrieved from /home/airflow/.local/lib/python3.12/site-packages/airflow/example_dags/example_nested_branch_dag.py
[2025-04-30T00:44:45.146+0000] {logging_mixin.py:190} INFO - [2025-04-30T00:44:45.146+0000] {dag.py:3211} INFO - Sync 1 DAGs
[2025-04-30T00:44:45.199+0000] {logging_mixin.py:190} INFO - [2025-04-30T00:44:45.199+0000] {dag.py:4138} INFO - Setting next_dagrun for example_nested_branch_dag to 2025-04-29 00:00:00+00:00, run_after=2025-04-30 00:00:00+00:00
[2025-04-30T00:44:45.234+0000] {processor.py:208} INFO - Processing /home/airflow/.local/lib/python3.12/site-packages/airflow/example_dags/example_nested_branch_dag.py took 0.155 seconds
[2025-04-30T00:45:15.476+0000] {processor.py:186} INFO - Started process (PID=1885) to work on /home/airflow/.local/lib/python3.12/site-packages/airflow/example_dags/example_nested_branch_dag.py
[2025-04-30T00:45:15.477+0000] {processor.py:914} INFO - Processing file /home/airflow/.local/lib/python3.12/site-packages/airflow/example_dags/example_nested_branch_dag.py for tasks to queue
[2025-04-30T00:45:15.479+0000] {logging_mixin.py:190} INFO - [2025-04-30T00:45:15.478+0000] {dagbag.py:587} INFO - Filling up the DagBag from /home/airflow/.local/lib/python3.12/site-packages/airflow/example_dags/example_nested_branch_dag.py
[2025-04-30T00:45:15.492+0000] {processor.py:925} INFO - DAG(s) 'example_nested_branch_dag' retrieved from /home/airflow/.local/lib/python3.12/site-packages/airflow/example_dags/example_nested_branch_dag.py
[2025-04-30T00:45:15.516+0000] {logging_mixin.py:190} INFO - [2025-04-30T00:45:15.516+0000] {dag.py:3211} INFO - Sync 1 DAGs
[2025-04-30T00:45:15.544+0000] {logging_mixin.py:190} INFO - [2025-04-30T00:45:15.544+0000] {dag.py:4138} INFO - Setting next_dagrun for example_nested_branch_dag to 2025-04-29 00:00:00+00:00, run_after=2025-04-30 00:00:00+00:00
[2025-04-30T00:45:15.566+0000] {processor.py:208} INFO - Processing /home/airflow/.local/lib/python3.12/site-packages/airflow/example_dags/example_nested_branch_dag.py took 0.096 seconds
[2025-04-30T00:45:46.360+0000] {processor.py:186} INFO - Started process (PID=1948) to work on /home/airflow/.local/lib/python3.12/site-packages/airflow/example_dags/example_nested_branch_dag.py
[2025-04-30T00:45:46.362+0000] {processor.py:914} INFO - Processing file /home/airflow/.local/lib/python3.12/site-packages/airflow/example_dags/example_nested_branch_dag.py for tasks to queue
[2025-04-30T00:45:46.364+0000] {logging_mixin.py:190} INFO - [2025-04-30T00:45:46.363+0000] {dagbag.py:587} INFO - Filling up the DagBag from /home/airflow/.local/lib/python3.12/site-packages/airflow/example_dags/example_nested_branch_dag.py
[2025-04-30T00:45:46.383+0000] {processor.py:925} INFO - DAG(s) 'example_nested_branch_dag' retrieved from /home/airflow/.local/lib/python3.12/site-packages/airflow/example_dags/example_nested_branch_dag.py
[2025-04-30T00:45:46.421+0000] {logging_mixin.py:190} INFO - [2025-04-30T00:45:46.421+0000] {dag.py:3211} INFO - Sync 1 DAGs
[2025-04-30T00:45:46.461+0000] {logging_mixin.py:190} INFO - [2025-04-30T00:45:46.461+0000] {dag.py:4138} INFO - Setting next_dagrun for example_nested_branch_dag to 2025-04-29 00:00:00+00:00, run_after=2025-04-30 00:00:00+00:00
[2025-04-30T00:45:46.494+0000] {processor.py:208} INFO - Processing /home/airflow/.local/lib/python3.12/site-packages/airflow/example_dags/example_nested_branch_dag.py took 0.144 seconds
[2025-04-30T00:46:16.903+0000] {processor.py:186} INFO - Started process (PID=2011) to work on /home/airflow/.local/lib/python3.12/site-packages/airflow/example_dags/example_nested_branch_dag.py
[2025-04-30T00:46:16.905+0000] {processor.py:914} INFO - Processing file /home/airflow/.local/lib/python3.12/site-packages/airflow/example_dags/example_nested_branch_dag.py for tasks to queue
[2025-04-30T00:46:16.907+0000] {logging_mixin.py:190} INFO - [2025-04-30T00:46:16.906+0000] {dagbag.py:587} INFO - Filling up the DagBag from /home/airflow/.local/lib/python3.12/site-packages/airflow/example_dags/example_nested_branch_dag.py
[2025-04-30T00:46:16.925+0000] {processor.py:925} INFO - DAG(s) 'example_nested_branch_dag' retrieved from /home/airflow/.local/lib/python3.12/site-packages/airflow/example_dags/example_nested_branch_dag.py
[2025-04-30T00:46:16.959+0000] {logging_mixin.py:190} INFO - [2025-04-30T00:46:16.958+0000] {dag.py:3211} INFO - Sync 1 DAGs
[2025-04-30T00:46:16.993+0000] {logging_mixin.py:190} INFO - [2025-04-30T00:46:16.992+0000] {dag.py:4138} INFO - Setting next_dagrun for example_nested_branch_dag to 2025-04-29 00:00:00+00:00, run_after=2025-04-30 00:00:00+00:00
[2025-04-30T00:46:17.016+0000] {processor.py:208} INFO - Processing /home/airflow/.local/lib/python3.12/site-packages/airflow/example_dags/example_nested_branch_dag.py took 0.121 seconds
[2025-04-30T00:46:47.412+0000] {processor.py:186} INFO - Started process (PID=2080) to work on /home/airflow/.local/lib/python3.12/site-packages/airflow/example_dags/example_nested_branch_dag.py
[2025-04-30T00:46:47.413+0000] {processor.py:914} INFO - Processing file /home/airflow/.local/lib/python3.12/site-packages/airflow/example_dags/example_nested_branch_dag.py for tasks to queue
[2025-04-30T00:46:47.415+0000] {logging_mixin.py:190} INFO - [2025-04-30T00:46:47.415+0000] {dagbag.py:587} INFO - Filling up the DagBag from /home/airflow/.local/lib/python3.12/site-packages/airflow/example_dags/example_nested_branch_dag.py
[2025-04-30T00:46:47.428+0000] {processor.py:925} INFO - DAG(s) 'example_nested_branch_dag' retrieved from /home/airflow/.local/lib/python3.12/site-packages/airflow/example_dags/example_nested_branch_dag.py
[2025-04-30T00:46:47.455+0000] {logging_mixin.py:190} INFO - [2025-04-30T00:46:47.455+0000] {dag.py:3211} INFO - Sync 1 DAGs
[2025-04-30T00:46:47.491+0000] {logging_mixin.py:190} INFO - [2025-04-30T00:46:47.490+0000] {dag.py:4138} INFO - Setting next_dagrun for example_nested_branch_dag to 2025-04-29 00:00:00+00:00, run_after=2025-04-30 00:00:00+00:00
[2025-04-30T00:46:47.511+0000] {processor.py:208} INFO - Processing /home/airflow/.local/lib/python3.12/site-packages/airflow/example_dags/example_nested_branch_dag.py took 0.105 seconds
[2025-04-30T00:47:18.233+0000] {processor.py:186} INFO - Started process (PID=2143) to work on /home/airflow/.local/lib/python3.12/site-packages/airflow/example_dags/example_nested_branch_dag.py
[2025-04-30T00:47:18.234+0000] {processor.py:914} INFO - Processing file /home/airflow/.local/lib/python3.12/site-packages/airflow/example_dags/example_nested_branch_dag.py for tasks to queue
[2025-04-30T00:47:18.236+0000] {logging_mixin.py:190} INFO - [2025-04-30T00:47:18.235+0000] {dagbag.py:587} INFO - Filling up the DagBag from /home/airflow/.local/lib/python3.12/site-packages/airflow/example_dags/example_nested_branch_dag.py
[2025-04-30T00:47:18.248+0000] {processor.py:925} INFO - DAG(s) 'example_nested_branch_dag' retrieved from /home/airflow/.local/lib/python3.12/site-packages/airflow/example_dags/example_nested_branch_dag.py
[2025-04-30T00:47:18.272+0000] {logging_mixin.py:190} INFO - [2025-04-30T00:47:18.272+0000] {dag.py:3211} INFO - Sync 1 DAGs
[2025-04-30T00:47:18.299+0000] {logging_mixin.py:190} INFO - [2025-04-30T00:47:18.298+0000] {dag.py:4138} INFO - Setting next_dagrun for example_nested_branch_dag to 2025-04-29 00:00:00+00:00, run_after=2025-04-30 00:00:00+00:00
[2025-04-30T00:47:18.323+0000] {processor.py:208} INFO - Processing /home/airflow/.local/lib/python3.12/site-packages/airflow/example_dags/example_nested_branch_dag.py took 0.096 seconds
[2025-04-30T00:47:49.517+0000] {processor.py:186} INFO - Started process (PID=2206) to work on /home/airflow/.local/lib/python3.12/site-packages/airflow/example_dags/example_nested_branch_dag.py
[2025-04-30T00:47:49.518+0000] {processor.py:914} INFO - Processing file /home/airflow/.local/lib/python3.12/site-packages/airflow/example_dags/example_nested_branch_dag.py for tasks to queue
[2025-04-30T00:47:49.520+0000] {logging_mixin.py:190} INFO - [2025-04-30T00:47:49.520+0000] {dagbag.py:587} INFO - Filling up the DagBag from /home/airflow/.local/lib/python3.12/site-packages/airflow/example_dags/example_nested_branch_dag.py
[2025-04-30T00:47:49.536+0000] {processor.py:925} INFO - DAG(s) 'example_nested_branch_dag' retrieved from /home/airflow/.local/lib/python3.12/site-packages/airflow/example_dags/example_nested_branch_dag.py
[2025-04-30T00:47:49.563+0000] {logging_mixin.py:190} INFO - [2025-04-30T00:47:49.563+0000] {dag.py:3211} INFO - Sync 1 DAGs
[2025-04-30T00:47:49.594+0000] {logging_mixin.py:190} INFO - [2025-04-30T00:47:49.593+0000] {dag.py:4138} INFO - Setting next_dagrun for example_nested_branch_dag to 2025-04-29 00:00:00+00:00, run_after=2025-04-30 00:00:00+00:00
[2025-04-30T00:47:49.619+0000] {processor.py:208} INFO - Processing /home/airflow/.local/lib/python3.12/site-packages/airflow/example_dags/example_nested_branch_dag.py took 0.110 seconds
[2025-04-30T00:48:20.198+0000] {processor.py:186} INFO - Started process (PID=2269) to work on /home/airflow/.local/lib/python3.12/site-packages/airflow/example_dags/example_nested_branch_dag.py
[2025-04-30T00:48:20.200+0000] {processor.py:914} INFO - Processing file /home/airflow/.local/lib/python3.12/site-packages/airflow/example_dags/example_nested_branch_dag.py for tasks to queue
[2025-04-30T00:48:20.202+0000] {logging_mixin.py:190} INFO - [2025-04-30T00:48:20.201+0000] {dagbag.py:587} INFO - Filling up the DagBag from /home/airflow/.local/lib/python3.12/site-packages/airflow/example_dags/example_nested_branch_dag.py
[2025-04-30T00:48:20.220+0000] {processor.py:925} INFO - DAG(s) 'example_nested_branch_dag' retrieved from /home/airflow/.local/lib/python3.12/site-packages/airflow/example_dags/example_nested_branch_dag.py
[2025-04-30T00:48:20.260+0000] {logging_mixin.py:190} INFO - [2025-04-30T00:48:20.259+0000] {dag.py:3211} INFO - Sync 1 DAGs
[2025-04-30T00:48:20.312+0000] {logging_mixin.py:190} INFO - [2025-04-30T00:48:20.312+0000] {dag.py:4138} INFO - Setting next_dagrun for example_nested_branch_dag to 2025-04-29 00:00:00+00:00, run_after=2025-04-30 00:00:00+00:00
[2025-04-30T00:48:20.352+0000] {processor.py:208} INFO - Processing /home/airflow/.local/lib/python3.12/site-packages/airflow/example_dags/example_nested_branch_dag.py took 0.164 seconds
[2025-04-30T00:48:51.313+0000] {processor.py:186} INFO - Started process (PID=2332) to work on /home/airflow/.local/lib/python3.12/site-packages/airflow/example_dags/example_nested_branch_dag.py
[2025-04-30T00:48:51.315+0000] {processor.py:914} INFO - Processing file /home/airflow/.local/lib/python3.12/site-packages/airflow/example_dags/example_nested_branch_dag.py for tasks to queue
[2025-04-30T00:48:51.317+0000] {logging_mixin.py:190} INFO - [2025-04-30T00:48:51.316+0000] {dagbag.py:587} INFO - Filling up the DagBag from /home/airflow/.local/lib/python3.12/site-packages/airflow/example_dags/example_nested_branch_dag.py
[2025-04-30T00:48:51.331+0000] {processor.py:925} INFO - DAG(s) 'example_nested_branch_dag' retrieved from /home/airflow/.local/lib/python3.12/site-packages/airflow/example_dags/example_nested_branch_dag.py
[2025-04-30T00:48:51.358+0000] {logging_mixin.py:190} INFO - [2025-04-30T00:48:51.358+0000] {dag.py:3211} INFO - Sync 1 DAGs
[2025-04-30T00:48:51.388+0000] {logging_mixin.py:190} INFO - [2025-04-30T00:48:51.388+0000] {dag.py:4138} INFO - Setting next_dagrun for example_nested_branch_dag to 2025-04-29 00:00:00+00:00, run_after=2025-04-30 00:00:00+00:00
[2025-04-30T00:48:51.411+0000] {processor.py:208} INFO - Processing /home/airflow/.local/lib/python3.12/site-packages/airflow/example_dags/example_nested_branch_dag.py took 0.105 seconds
[2025-04-30T00:49:22.032+0000] {processor.py:186} INFO - Started process (PID=2395) to work on /home/airflow/.local/lib/python3.12/site-packages/airflow/example_dags/example_nested_branch_dag.py
[2025-04-30T00:49:22.034+0000] {processor.py:914} INFO - Processing file /home/airflow/.local/lib/python3.12/site-packages/airflow/example_dags/example_nested_branch_dag.py for tasks to queue
[2025-04-30T00:49:22.035+0000] {logging_mixin.py:190} INFO - [2025-04-30T00:49:22.035+0000] {dagbag.py:587} INFO - Filling up the DagBag from /home/airflow/.local/lib/python3.12/site-packages/airflow/example_dags/example_nested_branch_dag.py
[2025-04-30T00:49:22.049+0000] {processor.py:925} INFO - DAG(s) 'example_nested_branch_dag' retrieved from /home/airflow/.local/lib/python3.12/site-packages/airflow/example_dags/example_nested_branch_dag.py
[2025-04-30T00:49:22.076+0000] {logging_mixin.py:190} INFO - [2025-04-30T00:49:22.076+0000] {dag.py:3211} INFO - Sync 1 DAGs
[2025-04-30T00:49:22.107+0000] {logging_mixin.py:190} INFO - [2025-04-30T00:49:22.106+0000] {dag.py:4138} INFO - Setting next_dagrun for example_nested_branch_dag to 2025-04-29 00:00:00+00:00, run_after=2025-04-30 00:00:00+00:00
[2025-04-30T00:49:22.135+0000] {processor.py:208} INFO - Processing /home/airflow/.local/lib/python3.12/site-packages/airflow/example_dags/example_nested_branch_dag.py took 0.111 seconds
[2025-04-30T00:49:52.755+0000] {processor.py:186} INFO - Started process (PID=2458) to work on /home/airflow/.local/lib/python3.12/site-packages/airflow/example_dags/example_nested_branch_dag.py
[2025-04-30T00:49:52.756+0000] {processor.py:914} INFO - Processing file /home/airflow/.local/lib/python3.12/site-packages/airflow/example_dags/example_nested_branch_dag.py for tasks to queue
[2025-04-30T00:49:52.758+0000] {logging_mixin.py:190} INFO - [2025-04-30T00:49:52.757+0000] {dagbag.py:587} INFO - Filling up the DagBag from /home/airflow/.local/lib/python3.12/site-packages/airflow/example_dags/example_nested_branch_dag.py
[2025-04-30T00:49:52.772+0000] {processor.py:925} INFO - DAG(s) 'example_nested_branch_dag' retrieved from /home/airflow/.local/lib/python3.12/site-packages/airflow/example_dags/example_nested_branch_dag.py
[2025-04-30T00:49:52.802+0000] {logging_mixin.py:190} INFO - [2025-04-30T00:49:52.801+0000] {dag.py:3211} INFO - Sync 1 DAGs
[2025-04-30T00:49:52.837+0000] {logging_mixin.py:190} INFO - [2025-04-30T00:49:52.837+0000] {dag.py:4138} INFO - Setting next_dagrun for example_nested_branch_dag to 2025-04-29 00:00:00+00:00, run_after=2025-04-30 00:00:00+00:00
[2025-04-30T00:49:52.862+0000] {processor.py:208} INFO - Processing /home/airflow/.local/lib/python3.12/site-packages/airflow/example_dags/example_nested_branch_dag.py took 0.114 seconds
[2025-04-30T00:50:23.287+0000] {processor.py:186} INFO - Started process (PID=2522) to work on /home/airflow/.local/lib/python3.12/site-packages/airflow/example_dags/example_nested_branch_dag.py
[2025-04-30T00:50:23.289+0000] {processor.py:914} INFO - Processing file /home/airflow/.local/lib/python3.12/site-packages/airflow/example_dags/example_nested_branch_dag.py for tasks to queue
[2025-04-30T00:50:23.292+0000] {logging_mixin.py:190} INFO - [2025-04-30T00:50:23.291+0000] {dagbag.py:587} INFO - Filling up the DagBag from /home/airflow/.local/lib/python3.12/site-packages/airflow/example_dags/example_nested_branch_dag.py
[2025-04-30T00:50:23.310+0000] {processor.py:925} INFO - DAG(s) 'example_nested_branch_dag' retrieved from /home/airflow/.local/lib/python3.12/site-packages/airflow/example_dags/example_nested_branch_dag.py
[2025-04-30T00:50:23.337+0000] {logging_mixin.py:190} INFO - [2025-04-30T00:50:23.337+0000] {dag.py:3211} INFO - Sync 1 DAGs
[2025-04-30T00:50:23.367+0000] {logging_mixin.py:190} INFO - [2025-04-30T00:50:23.367+0000] {dag.py:4138} INFO - Setting next_dagrun for example_nested_branch_dag to 2025-04-29 00:00:00+00:00, run_after=2025-04-30 00:00:00+00:00
[2025-04-30T00:50:23.388+0000] {processor.py:208} INFO - Processing /home/airflow/.local/lib/python3.12/site-packages/airflow/example_dags/example_nested_branch_dag.py took 0.110 seconds
[2025-04-30T00:50:53.938+0000] {processor.py:186} INFO - Started process (PID=2585) to work on /home/airflow/.local/lib/python3.12/site-packages/airflow/example_dags/example_nested_branch_dag.py
[2025-04-30T00:50:53.940+0000] {processor.py:914} INFO - Processing file /home/airflow/.local/lib/python3.12/site-packages/airflow/example_dags/example_nested_branch_dag.py for tasks to queue
[2025-04-30T00:50:53.942+0000] {logging_mixin.py:190} INFO - [2025-04-30T00:50:53.941+0000] {dagbag.py:587} INFO - Filling up the DagBag from /home/airflow/.local/lib/python3.12/site-packages/airflow/example_dags/example_nested_branch_dag.py
[2025-04-30T00:50:53.956+0000] {processor.py:925} INFO - DAG(s) 'example_nested_branch_dag' retrieved from /home/airflow/.local/lib/python3.12/site-packages/airflow/example_dags/example_nested_branch_dag.py
[2025-04-30T00:50:53.981+0000] {logging_mixin.py:190} INFO - [2025-04-30T00:50:53.981+0000] {dag.py:3211} INFO - Sync 1 DAGs
[2025-04-30T00:50:54.009+0000] {logging_mixin.py:190} INFO - [2025-04-30T00:50:54.009+0000] {dag.py:4138} INFO - Setting next_dagrun for example_nested_branch_dag to 2025-04-29 00:00:00+00:00, run_after=2025-04-30 00:00:00+00:00
[2025-04-30T00:50:54.038+0000] {processor.py:208} INFO - Processing /home/airflow/.local/lib/python3.12/site-packages/airflow/example_dags/example_nested_branch_dag.py took 0.107 seconds
[2025-04-30T00:51:24.224+0000] {processor.py:186} INFO - Started process (PID=2647) to work on /home/airflow/.local/lib/python3.12/site-packages/airflow/example_dags/example_nested_branch_dag.py
[2025-04-30T00:51:24.225+0000] {processor.py:914} INFO - Processing file /home/airflow/.local/lib/python3.12/site-packages/airflow/example_dags/example_nested_branch_dag.py for tasks to queue
[2025-04-30T00:51:24.227+0000] {logging_mixin.py:190} INFO - [2025-04-30T00:51:24.226+0000] {dagbag.py:587} INFO - Filling up the DagBag from /home/airflow/.local/lib/python3.12/site-packages/airflow/example_dags/example_nested_branch_dag.py
[2025-04-30T00:51:24.243+0000] {processor.py:925} INFO - DAG(s) 'example_nested_branch_dag' retrieved from /home/airflow/.local/lib/python3.12/site-packages/airflow/example_dags/example_nested_branch_dag.py
[2025-04-30T00:51:24.274+0000] {logging_mixin.py:190} INFO - [2025-04-30T00:51:24.273+0000] {dag.py:3211} INFO - Sync 1 DAGs
[2025-04-30T00:51:24.305+0000] {logging_mixin.py:190} INFO - [2025-04-30T00:51:24.305+0000] {dag.py:4138} INFO - Setting next_dagrun for example_nested_branch_dag to 2025-04-29 00:00:00+00:00, run_after=2025-04-30 00:00:00+00:00
[2025-04-30T00:51:24.330+0000] {processor.py:208} INFO - Processing /home/airflow/.local/lib/python3.12/site-packages/airflow/example_dags/example_nested_branch_dag.py took 0.113 seconds
[2025-04-30T00:59:32.918+0000] {processor.py:186} INFO - Started process (PID=2734) to work on /home/airflow/.local/lib/python3.12/site-packages/airflow/example_dags/example_nested_branch_dag.py
[2025-04-30T00:59:32.919+0000] {processor.py:914} INFO - Processing file /home/airflow/.local/lib/python3.12/site-packages/airflow/example_dags/example_nested_branch_dag.py for tasks to queue
[2025-04-30T00:59:32.921+0000] {logging_mixin.py:190} INFO - [2025-04-30T00:59:32.921+0000] {dagbag.py:587} INFO - Filling up the DagBag from /home/airflow/.local/lib/python3.12/site-packages/airflow/example_dags/example_nested_branch_dag.py
[2025-04-30T00:59:32.940+0000] {processor.py:925} INFO - DAG(s) 'example_nested_branch_dag' retrieved from /home/airflow/.local/lib/python3.12/site-packages/airflow/example_dags/example_nested_branch_dag.py
[2025-04-30T00:59:32.980+0000] {logging_mixin.py:190} INFO - [2025-04-30T00:59:32.979+0000] {dag.py:3211} INFO - Sync 1 DAGs
[2025-04-30T00:59:33.028+0000] {logging_mixin.py:190} INFO - [2025-04-30T00:59:33.027+0000] {dag.py:4138} INFO - Setting next_dagrun for example_nested_branch_dag to 2025-04-29 00:00:00+00:00, run_after=2025-04-30 00:00:00+00:00
[2025-04-30T00:59:33.063+0000] {processor.py:208} INFO - Processing /home/airflow/.local/lib/python3.12/site-packages/airflow/example_dags/example_nested_branch_dag.py took 0.154 seconds
[2025-04-30T01:00:03.406+0000] {processor.py:186} INFO - Started process (PID=2797) to work on /home/airflow/.local/lib/python3.12/site-packages/airflow/example_dags/example_nested_branch_dag.py
[2025-04-30T01:00:03.407+0000] {processor.py:914} INFO - Processing file /home/airflow/.local/lib/python3.12/site-packages/airflow/example_dags/example_nested_branch_dag.py for tasks to queue
[2025-04-30T01:00:03.409+0000] {logging_mixin.py:190} INFO - [2025-04-30T01:00:03.408+0000] {dagbag.py:587} INFO - Filling up the DagBag from /home/airflow/.local/lib/python3.12/site-packages/airflow/example_dags/example_nested_branch_dag.py
[2025-04-30T01:00:03.423+0000] {processor.py:925} INFO - DAG(s) 'example_nested_branch_dag' retrieved from /home/airflow/.local/lib/python3.12/site-packages/airflow/example_dags/example_nested_branch_dag.py
[2025-04-30T01:00:03.449+0000] {logging_mixin.py:190} INFO - [2025-04-30T01:00:03.449+0000] {dag.py:3211} INFO - Sync 1 DAGs
[2025-04-30T01:00:03.479+0000] {logging_mixin.py:190} INFO - [2025-04-30T01:00:03.479+0000] {dag.py:4138} INFO - Setting next_dagrun for example_nested_branch_dag to 2025-04-29 00:00:00+00:00, run_after=2025-04-30 00:00:00+00:00
[2025-04-30T01:00:03.504+0000] {processor.py:208} INFO - Processing /home/airflow/.local/lib/python3.12/site-packages/airflow/example_dags/example_nested_branch_dag.py took 0.105 seconds
[2025-04-30T01:00:33.948+0000] {processor.py:186} INFO - Started process (PID=2860) to work on /home/airflow/.local/lib/python3.12/site-packages/airflow/example_dags/example_nested_branch_dag.py
[2025-04-30T01:00:33.949+0000] {processor.py:914} INFO - Processing file /home/airflow/.local/lib/python3.12/site-packages/airflow/example_dags/example_nested_branch_dag.py for tasks to queue
[2025-04-30T01:00:33.951+0000] {logging_mixin.py:190} INFO - [2025-04-30T01:00:33.950+0000] {dagbag.py:587} INFO - Filling up the DagBag from /home/airflow/.local/lib/python3.12/site-packages/airflow/example_dags/example_nested_branch_dag.py
[2025-04-30T01:00:33.966+0000] {processor.py:925} INFO - DAG(s) 'example_nested_branch_dag' retrieved from /home/airflow/.local/lib/python3.12/site-packages/airflow/example_dags/example_nested_branch_dag.py
[2025-04-30T01:00:33.992+0000] {logging_mixin.py:190} INFO - [2025-04-30T01:00:33.992+0000] {dag.py:3211} INFO - Sync 1 DAGs
[2025-04-30T01:00:34.023+0000] {logging_mixin.py:190} INFO - [2025-04-30T01:00:34.023+0000] {dag.py:4138} INFO - Setting next_dagrun for example_nested_branch_dag to 2025-04-29 00:00:00+00:00, run_after=2025-04-30 00:00:00+00:00
[2025-04-30T01:00:34.045+0000] {processor.py:208} INFO - Processing /home/airflow/.local/lib/python3.12/site-packages/airflow/example_dags/example_nested_branch_dag.py took 0.105 seconds
[2025-04-30T01:01:05.627+0000] {processor.py:186} INFO - Started process (PID=2930) to work on /home/airflow/.local/lib/python3.12/site-packages/airflow/example_dags/example_nested_branch_dag.py
[2025-04-30T01:01:05.628+0000] {processor.py:914} INFO - Processing file /home/airflow/.local/lib/python3.12/site-packages/airflow/example_dags/example_nested_branch_dag.py for tasks to queue
[2025-04-30T01:01:05.630+0000] {logging_mixin.py:190} INFO - [2025-04-30T01:01:05.630+0000] {dagbag.py:587} INFO - Filling up the DagBag from /home/airflow/.local/lib/python3.12/site-packages/airflow/example_dags/example_nested_branch_dag.py
[2025-04-30T01:01:05.647+0000] {processor.py:925} INFO - DAG(s) 'example_nested_branch_dag' retrieved from /home/airflow/.local/lib/python3.12/site-packages/airflow/example_dags/example_nested_branch_dag.py
[2025-04-30T01:01:05.674+0000] {logging_mixin.py:190} INFO - [2025-04-30T01:01:05.674+0000] {dag.py:3211} INFO - Sync 1 DAGs
[2025-04-30T01:01:05.702+0000] {logging_mixin.py:190} INFO - [2025-04-30T01:01:05.702+0000] {dag.py:4138} INFO - Setting next_dagrun for example_nested_branch_dag to 2025-04-29 00:00:00+00:00, run_after=2025-04-30 00:00:00+00:00
[2025-04-30T01:01:05.724+0000] {processor.py:208} INFO - Processing /home/airflow/.local/lib/python3.12/site-packages/airflow/example_dags/example_nested_branch_dag.py took 0.107 seconds
[2025-04-30T01:01:36.429+0000] {processor.py:186} INFO - Started process (PID=2993) to work on /home/airflow/.local/lib/python3.12/site-packages/airflow/example_dags/example_nested_branch_dag.py
[2025-04-30T01:01:36.431+0000] {processor.py:914} INFO - Processing file /home/airflow/.local/lib/python3.12/site-packages/airflow/example_dags/example_nested_branch_dag.py for tasks to queue
[2025-04-30T01:01:36.433+0000] {logging_mixin.py:190} INFO - [2025-04-30T01:01:36.432+0000] {dagbag.py:587} INFO - Filling up the DagBag from /home/airflow/.local/lib/python3.12/site-packages/airflow/example_dags/example_nested_branch_dag.py
[2025-04-30T01:01:36.451+0000] {processor.py:925} INFO - DAG(s) 'example_nested_branch_dag' retrieved from /home/airflow/.local/lib/python3.12/site-packages/airflow/example_dags/example_nested_branch_dag.py
[2025-04-30T01:01:36.484+0000] {logging_mixin.py:190} INFO - [2025-04-30T01:01:36.484+0000] {dag.py:3211} INFO - Sync 1 DAGs
[2025-04-30T01:01:36.521+0000] {logging_mixin.py:190} INFO - [2025-04-30T01:01:36.521+0000] {dag.py:4138} INFO - Setting next_dagrun for example_nested_branch_dag to 2025-04-29 00:00:00+00:00, run_after=2025-04-30 00:00:00+00:00
[2025-04-30T01:01:36.566+0000] {processor.py:208} INFO - Processing /home/airflow/.local/lib/python3.12/site-packages/airflow/example_dags/example_nested_branch_dag.py took 0.144 seconds
[2025-04-30T01:02:07.429+0000] {processor.py:186} INFO - Started process (PID=3056) to work on /home/airflow/.local/lib/python3.12/site-packages/airflow/example_dags/example_nested_branch_dag.py
[2025-04-30T01:02:07.430+0000] {processor.py:914} INFO - Processing file /home/airflow/.local/lib/python3.12/site-packages/airflow/example_dags/example_nested_branch_dag.py for tasks to queue
[2025-04-30T01:02:07.431+0000] {logging_mixin.py:190} INFO - [2025-04-30T01:02:07.431+0000] {dagbag.py:587} INFO - Filling up the DagBag from /home/airflow/.local/lib/python3.12/site-packages/airflow/example_dags/example_nested_branch_dag.py
[2025-04-30T01:02:07.443+0000] {processor.py:925} INFO - DAG(s) 'example_nested_branch_dag' retrieved from /home/airflow/.local/lib/python3.12/site-packages/airflow/example_dags/example_nested_branch_dag.py
[2025-04-30T01:02:07.466+0000] {logging_mixin.py:190} INFO - [2025-04-30T01:02:07.465+0000] {dag.py:3211} INFO - Sync 1 DAGs
[2025-04-30T01:02:07.493+0000] {logging_mixin.py:190} INFO - [2025-04-30T01:02:07.493+0000] {dag.py:4138} INFO - Setting next_dagrun for example_nested_branch_dag to 2025-04-29 00:00:00+00:00, run_after=2025-04-30 00:00:00+00:00
[2025-04-30T01:02:07.513+0000] {processor.py:208} INFO - Processing /home/airflow/.local/lib/python3.12/site-packages/airflow/example_dags/example_nested_branch_dag.py took 0.091 seconds
[2025-04-30T01:02:37.731+0000] {processor.py:186} INFO - Started process (PID=3119) to work on /home/airflow/.local/lib/python3.12/site-packages/airflow/example_dags/example_nested_branch_dag.py
[2025-04-30T01:02:37.732+0000] {processor.py:914} INFO - Processing file /home/airflow/.local/lib/python3.12/site-packages/airflow/example_dags/example_nested_branch_dag.py for tasks to queue
[2025-04-30T01:02:37.734+0000] {logging_mixin.py:190} INFO - [2025-04-30T01:02:37.733+0000] {dagbag.py:587} INFO - Filling up the DagBag from /home/airflow/.local/lib/python3.12/site-packages/airflow/example_dags/example_nested_branch_dag.py
[2025-04-30T01:02:37.747+0000] {processor.py:925} INFO - DAG(s) 'example_nested_branch_dag' retrieved from /home/airflow/.local/lib/python3.12/site-packages/airflow/example_dags/example_nested_branch_dag.py
[2025-04-30T01:02:37.771+0000] {logging_mixin.py:190} INFO - [2025-04-30T01:02:37.771+0000] {dag.py:3211} INFO - Sync 1 DAGs
[2025-04-30T01:02:37.797+0000] {logging_mixin.py:190} INFO - [2025-04-30T01:02:37.797+0000] {dag.py:4138} INFO - Setting next_dagrun for example_nested_branch_dag to 2025-04-29 00:00:00+00:00, run_after=2025-04-30 00:00:00+00:00
[2025-04-30T01:02:37.818+0000] {processor.py:208} INFO - Processing /home/airflow/.local/lib/python3.12/site-packages/airflow/example_dags/example_nested_branch_dag.py took 0.093 seconds
[2025-04-30T01:03:09.064+0000] {processor.py:186} INFO - Started process (PID=3182) to work on /home/airflow/.local/lib/python3.12/site-packages/airflow/example_dags/example_nested_branch_dag.py
[2025-04-30T01:03:09.066+0000] {processor.py:914} INFO - Processing file /home/airflow/.local/lib/python3.12/site-packages/airflow/example_dags/example_nested_branch_dag.py for tasks to queue
[2025-04-30T01:03:09.067+0000] {logging_mixin.py:190} INFO - [2025-04-30T01:03:09.067+0000] {dagbag.py:587} INFO - Filling up the DagBag from /home/airflow/.local/lib/python3.12/site-packages/airflow/example_dags/example_nested_branch_dag.py
[2025-04-30T01:03:09.079+0000] {processor.py:925} INFO - DAG(s) 'example_nested_branch_dag' retrieved from /home/airflow/.local/lib/python3.12/site-packages/airflow/example_dags/example_nested_branch_dag.py
[2025-04-30T01:03:09.105+0000] {logging_mixin.py:190} INFO - [2025-04-30T01:03:09.104+0000] {dag.py:3211} INFO - Sync 1 DAGs
[2025-04-30T01:03:09.137+0000] {logging_mixin.py:190} INFO - [2025-04-30T01:03:09.137+0000] {dag.py:4138} INFO - Setting next_dagrun for example_nested_branch_dag to 2025-04-29 00:00:00+00:00, run_after=2025-04-30 00:00:00+00:00
[2025-04-30T01:03:09.158+0000] {processor.py:208} INFO - Processing /home/airflow/.local/lib/python3.12/site-packages/airflow/example_dags/example_nested_branch_dag.py took 0.100 seconds
[2025-04-30T01:03:41.745+0000] {processor.py:186} INFO - Started process (PID=3245) to work on /home/airflow/.local/lib/python3.12/site-packages/airflow/example_dags/example_nested_branch_dag.py
[2025-04-30T01:03:41.747+0000] {processor.py:914} INFO - Processing file /home/airflow/.local/lib/python3.12/site-packages/airflow/example_dags/example_nested_branch_dag.py for tasks to queue
[2025-04-30T01:03:41.748+0000] {logging_mixin.py:190} INFO - [2025-04-30T01:03:41.748+0000] {dagbag.py:587} INFO - Filling up the DagBag from /home/airflow/.local/lib/python3.12/site-packages/airflow/example_dags/example_nested_branch_dag.py
[2025-04-30T01:03:41.763+0000] {processor.py:925} INFO - DAG(s) 'example_nested_branch_dag' retrieved from /home/airflow/.local/lib/python3.12/site-packages/airflow/example_dags/example_nested_branch_dag.py
[2025-04-30T01:03:41.789+0000] {logging_mixin.py:190} INFO - [2025-04-30T01:03:41.789+0000] {dag.py:3211} INFO - Sync 1 DAGs
[2025-04-30T01:03:41.999+0000] {logging_mixin.py:190} INFO - [2025-04-30T01:03:41.999+0000] {dag.py:4138} INFO - Setting next_dagrun for example_nested_branch_dag to 2025-04-29 00:00:00+00:00, run_after=2025-04-30 00:00:00+00:00
[2025-04-30T01:03:42.018+0000] {processor.py:208} INFO - Processing /home/airflow/.local/lib/python3.12/site-packages/airflow/example_dags/example_nested_branch_dag.py took 0.279 seconds
[2025-04-30T01:04:12.770+0000] {processor.py:186} INFO - Started process (PID=3308) to work on /home/airflow/.local/lib/python3.12/site-packages/airflow/example_dags/example_nested_branch_dag.py
[2025-04-30T01:04:12.771+0000] {processor.py:914} INFO - Processing file /home/airflow/.local/lib/python3.12/site-packages/airflow/example_dags/example_nested_branch_dag.py for tasks to queue
[2025-04-30T01:04:12.772+0000] {logging_mixin.py:190} INFO - [2025-04-30T01:04:12.772+0000] {dagbag.py:587} INFO - Filling up the DagBag from /home/airflow/.local/lib/python3.12/site-packages/airflow/example_dags/example_nested_branch_dag.py
[2025-04-30T01:04:12.785+0000] {processor.py:925} INFO - DAG(s) 'example_nested_branch_dag' retrieved from /home/airflow/.local/lib/python3.12/site-packages/airflow/example_dags/example_nested_branch_dag.py
[2025-04-30T01:04:12.809+0000] {logging_mixin.py:190} INFO - [2025-04-30T01:04:12.808+0000] {dag.py:3211} INFO - Sync 1 DAGs
[2025-04-30T01:04:13.034+0000] {logging_mixin.py:190} INFO - [2025-04-30T01:04:13.034+0000] {dag.py:4138} INFO - Setting next_dagrun for example_nested_branch_dag to 2025-04-29 00:00:00+00:00, run_after=2025-04-30 00:00:00+00:00
[2025-04-30T01:04:13.057+0000] {processor.py:208} INFO - Processing /home/airflow/.local/lib/python3.12/site-packages/airflow/example_dags/example_nested_branch_dag.py took 0.292 seconds
[2025-04-30T01:04:43.182+0000] {processor.py:186} INFO - Started process (PID=3371) to work on /home/airflow/.local/lib/python3.12/site-packages/airflow/example_dags/example_nested_branch_dag.py
[2025-04-30T01:04:43.183+0000] {processor.py:914} INFO - Processing file /home/airflow/.local/lib/python3.12/site-packages/airflow/example_dags/example_nested_branch_dag.py for tasks to queue
[2025-04-30T01:04:43.185+0000] {logging_mixin.py:190} INFO - [2025-04-30T01:04:43.184+0000] {dagbag.py:587} INFO - Filling up the DagBag from /home/airflow/.local/lib/python3.12/site-packages/airflow/example_dags/example_nested_branch_dag.py
[2025-04-30T01:04:43.199+0000] {processor.py:925} INFO - DAG(s) 'example_nested_branch_dag' retrieved from /home/airflow/.local/lib/python3.12/site-packages/airflow/example_dags/example_nested_branch_dag.py
[2025-04-30T01:04:43.225+0000] {logging_mixin.py:190} INFO - [2025-04-30T01:04:43.225+0000] {dag.py:3211} INFO - Sync 1 DAGs
[2025-04-30T01:04:43.253+0000] {logging_mixin.py:190} INFO - [2025-04-30T01:04:43.253+0000] {dag.py:4138} INFO - Setting next_dagrun for example_nested_branch_dag to 2025-04-29 00:00:00+00:00, run_after=2025-04-30 00:00:00+00:00
[2025-04-30T01:04:43.277+0000] {processor.py:208} INFO - Processing /home/airflow/.local/lib/python3.12/site-packages/airflow/example_dags/example_nested_branch_dag.py took 0.102 seconds
[2025-04-30T01:05:13.840+0000] {processor.py:186} INFO - Started process (PID=3434) to work on /home/airflow/.local/lib/python3.12/site-packages/airflow/example_dags/example_nested_branch_dag.py
[2025-04-30T01:05:13.841+0000] {processor.py:914} INFO - Processing file /home/airflow/.local/lib/python3.12/site-packages/airflow/example_dags/example_nested_branch_dag.py for tasks to queue
[2025-04-30T01:05:13.843+0000] {logging_mixin.py:190} INFO - [2025-04-30T01:05:13.843+0000] {dagbag.py:587} INFO - Filling up the DagBag from /home/airflow/.local/lib/python3.12/site-packages/airflow/example_dags/example_nested_branch_dag.py
[2025-04-30T01:05:13.860+0000] {processor.py:925} INFO - DAG(s) 'example_nested_branch_dag' retrieved from /home/airflow/.local/lib/python3.12/site-packages/airflow/example_dags/example_nested_branch_dag.py
[2025-04-30T01:05:13.885+0000] {logging_mixin.py:190} INFO - [2025-04-30T01:05:13.885+0000] {dag.py:3211} INFO - Sync 1 DAGs
[2025-04-30T01:05:13.916+0000] {logging_mixin.py:190} INFO - [2025-04-30T01:05:13.915+0000] {dag.py:4138} INFO - Setting next_dagrun for example_nested_branch_dag to 2025-04-29 00:00:00+00:00, run_after=2025-04-30 00:00:00+00:00
[2025-04-30T01:05:13.939+0000] {processor.py:208} INFO - Processing /home/airflow/.local/lib/python3.12/site-packages/airflow/example_dags/example_nested_branch_dag.py took 0.110 seconds
[2025-04-30T01:05:44.455+0000] {processor.py:186} INFO - Started process (PID=3497) to work on /home/airflow/.local/lib/python3.12/site-packages/airflow/example_dags/example_nested_branch_dag.py
[2025-04-30T01:05:44.456+0000] {processor.py:914} INFO - Processing file /home/airflow/.local/lib/python3.12/site-packages/airflow/example_dags/example_nested_branch_dag.py for tasks to queue
[2025-04-30T01:05:44.458+0000] {logging_mixin.py:190} INFO - [2025-04-30T01:05:44.457+0000] {dagbag.py:587} INFO - Filling up the DagBag from /home/airflow/.local/lib/python3.12/site-packages/airflow/example_dags/example_nested_branch_dag.py
[2025-04-30T01:05:44.471+0000] {processor.py:925} INFO - DAG(s) 'example_nested_branch_dag' retrieved from /home/airflow/.local/lib/python3.12/site-packages/airflow/example_dags/example_nested_branch_dag.py
[2025-04-30T01:05:44.495+0000] {logging_mixin.py:190} INFO - [2025-04-30T01:05:44.495+0000] {dag.py:3211} INFO - Sync 1 DAGs
[2025-04-30T01:05:44.521+0000] {logging_mixin.py:190} INFO - [2025-04-30T01:05:44.521+0000] {dag.py:4138} INFO - Setting next_dagrun for example_nested_branch_dag to 2025-04-29 00:00:00+00:00, run_after=2025-04-30 00:00:00+00:00
[2025-04-30T01:05:44.541+0000] {processor.py:208} INFO - Processing /home/airflow/.local/lib/python3.12/site-packages/airflow/example_dags/example_nested_branch_dag.py took 0.092 seconds
[2025-04-30T01:06:15.298+0000] {processor.py:186} INFO - Started process (PID=3560) to work on /home/airflow/.local/lib/python3.12/site-packages/airflow/example_dags/example_nested_branch_dag.py
[2025-04-30T01:06:15.299+0000] {processor.py:914} INFO - Processing file /home/airflow/.local/lib/python3.12/site-packages/airflow/example_dags/example_nested_branch_dag.py for tasks to queue
[2025-04-30T01:06:15.301+0000] {logging_mixin.py:190} INFO - [2025-04-30T01:06:15.301+0000] {dagbag.py:587} INFO - Filling up the DagBag from /home/airflow/.local/lib/python3.12/site-packages/airflow/example_dags/example_nested_branch_dag.py
[2025-04-30T01:06:15.319+0000] {processor.py:925} INFO - DAG(s) 'example_nested_branch_dag' retrieved from /home/airflow/.local/lib/python3.12/site-packages/airflow/example_dags/example_nested_branch_dag.py
[2025-04-30T01:06:15.346+0000] {logging_mixin.py:190} INFO - [2025-04-30T01:06:15.346+0000] {dag.py:3211} INFO - Sync 1 DAGs
[2025-04-30T01:06:15.374+0000] {logging_mixin.py:190} INFO - [2025-04-30T01:06:15.374+0000] {dag.py:4138} INFO - Setting next_dagrun for example_nested_branch_dag to 2025-04-29 00:00:00+00:00, run_after=2025-04-30 00:00:00+00:00
[2025-04-30T01:06:15.397+0000] {processor.py:208} INFO - Processing /home/airflow/.local/lib/python3.12/site-packages/airflow/example_dags/example_nested_branch_dag.py took 0.110 seconds
[2025-04-30T01:06:46.010+0000] {processor.py:186} INFO - Started process (PID=3623) to work on /home/airflow/.local/lib/python3.12/site-packages/airflow/example_dags/example_nested_branch_dag.py
[2025-04-30T01:06:46.011+0000] {processor.py:914} INFO - Processing file /home/airflow/.local/lib/python3.12/site-packages/airflow/example_dags/example_nested_branch_dag.py for tasks to queue
[2025-04-30T01:06:46.013+0000] {logging_mixin.py:190} INFO - [2025-04-30T01:06:46.013+0000] {dagbag.py:587} INFO - Filling up the DagBag from /home/airflow/.local/lib/python3.12/site-packages/airflow/example_dags/example_nested_branch_dag.py
[2025-04-30T01:06:46.030+0000] {processor.py:925} INFO - DAG(s) 'example_nested_branch_dag' retrieved from /home/airflow/.local/lib/python3.12/site-packages/airflow/example_dags/example_nested_branch_dag.py
[2025-04-30T01:06:46.056+0000] {logging_mixin.py:190} INFO - [2025-04-30T01:06:46.055+0000] {dag.py:3211} INFO - Sync 1 DAGs
[2025-04-30T01:06:46.086+0000] {logging_mixin.py:190} INFO - [2025-04-30T01:06:46.086+0000] {dag.py:4138} INFO - Setting next_dagrun for example_nested_branch_dag to 2025-04-29 00:00:00+00:00, run_after=2025-04-30 00:00:00+00:00
[2025-04-30T01:06:46.114+0000] {processor.py:208} INFO - Processing /home/airflow/.local/lib/python3.12/site-packages/airflow/example_dags/example_nested_branch_dag.py took 0.112 seconds
[2025-04-30T01:07:16.247+0000] {processor.py:186} INFO - Started process (PID=3686) to work on /home/airflow/.local/lib/python3.12/site-packages/airflow/example_dags/example_nested_branch_dag.py
[2025-04-30T01:07:16.248+0000] {processor.py:914} INFO - Processing file /home/airflow/.local/lib/python3.12/site-packages/airflow/example_dags/example_nested_branch_dag.py for tasks to queue
[2025-04-30T01:07:16.250+0000] {logging_mixin.py:190} INFO - [2025-04-30T01:07:16.249+0000] {dagbag.py:587} INFO - Filling up the DagBag from /home/airflow/.local/lib/python3.12/site-packages/airflow/example_dags/example_nested_branch_dag.py
[2025-04-30T01:07:16.269+0000] {processor.py:925} INFO - DAG(s) 'example_nested_branch_dag' retrieved from /home/airflow/.local/lib/python3.12/site-packages/airflow/example_dags/example_nested_branch_dag.py
[2025-04-30T01:07:16.302+0000] {logging_mixin.py:190} INFO - [2025-04-30T01:07:16.302+0000] {dag.py:3211} INFO - Sync 1 DAGs
[2025-04-30T01:07:16.334+0000] {logging_mixin.py:190} INFO - [2025-04-30T01:07:16.334+0000] {dag.py:4138} INFO - Setting next_dagrun for example_nested_branch_dag to 2025-04-29 00:00:00+00:00, run_after=2025-04-30 00:00:00+00:00
[2025-04-30T01:07:16.369+0000] {processor.py:208} INFO - Processing /home/airflow/.local/lib/python3.12/site-packages/airflow/example_dags/example_nested_branch_dag.py took 0.129 seconds
[2025-04-30T01:07:47.252+0000] {processor.py:186} INFO - Started process (PID=3749) to work on /home/airflow/.local/lib/python3.12/site-packages/airflow/example_dags/example_nested_branch_dag.py
[2025-04-30T01:07:47.253+0000] {processor.py:914} INFO - Processing file /home/airflow/.local/lib/python3.12/site-packages/airflow/example_dags/example_nested_branch_dag.py for tasks to queue
[2025-04-30T01:07:47.255+0000] {logging_mixin.py:190} INFO - [2025-04-30T01:07:47.254+0000] {dagbag.py:587} INFO - Filling up the DagBag from /home/airflow/.local/lib/python3.12/site-packages/airflow/example_dags/example_nested_branch_dag.py
[2025-04-30T01:07:47.270+0000] {processor.py:925} INFO - DAG(s) 'example_nested_branch_dag' retrieved from /home/airflow/.local/lib/python3.12/site-packages/airflow/example_dags/example_nested_branch_dag.py
[2025-04-30T01:07:47.299+0000] {logging_mixin.py:190} INFO - [2025-04-30T01:07:47.299+0000] {dag.py:3211} INFO - Sync 1 DAGs
[2025-04-30T01:07:47.329+0000] {logging_mixin.py:190} INFO - [2025-04-30T01:07:47.329+0000] {dag.py:4138} INFO - Setting next_dagrun for example_nested_branch_dag to 2025-04-29 00:00:00+00:00, run_after=2025-04-30 00:00:00+00:00
[2025-04-30T01:07:47.353+0000] {processor.py:208} INFO - Processing /home/airflow/.local/lib/python3.12/site-packages/airflow/example_dags/example_nested_branch_dag.py took 0.110 seconds
[2025-04-30T01:08:17.981+0000] {processor.py:186} INFO - Started process (PID=3812) to work on /home/airflow/.local/lib/python3.12/site-packages/airflow/example_dags/example_nested_branch_dag.py
[2025-04-30T01:08:17.983+0000] {processor.py:914} INFO - Processing file /home/airflow/.local/lib/python3.12/site-packages/airflow/example_dags/example_nested_branch_dag.py for tasks to queue
[2025-04-30T01:08:17.984+0000] {logging_mixin.py:190} INFO - [2025-04-30T01:08:17.984+0000] {dagbag.py:587} INFO - Filling up the DagBag from /home/airflow/.local/lib/python3.12/site-packages/airflow/example_dags/example_nested_branch_dag.py
[2025-04-30T01:08:17.997+0000] {processor.py:925} INFO - DAG(s) 'example_nested_branch_dag' retrieved from /home/airflow/.local/lib/python3.12/site-packages/airflow/example_dags/example_nested_branch_dag.py
[2025-04-30T01:08:18.026+0000] {logging_mixin.py:190} INFO - [2025-04-30T01:08:18.026+0000] {dag.py:3211} INFO - Sync 1 DAGs
[2025-04-30T01:08:18.054+0000] {logging_mixin.py:190} INFO - [2025-04-30T01:08:18.054+0000] {dag.py:4138} INFO - Setting next_dagrun for example_nested_branch_dag to 2025-04-29 00:00:00+00:00, run_after=2025-04-30 00:00:00+00:00
[2025-04-30T01:08:18.077+0000] {processor.py:208} INFO - Processing /home/airflow/.local/lib/python3.12/site-packages/airflow/example_dags/example_nested_branch_dag.py took 0.101 seconds
[2025-04-30T01:08:49.021+0000] {processor.py:186} INFO - Started process (PID=3874) to work on /home/airflow/.local/lib/python3.12/site-packages/airflow/example_dags/example_nested_branch_dag.py
[2025-04-30T01:08:49.023+0000] {processor.py:914} INFO - Processing file /home/airflow/.local/lib/python3.12/site-packages/airflow/example_dags/example_nested_branch_dag.py for tasks to queue
[2025-04-30T01:08:49.026+0000] {logging_mixin.py:190} INFO - [2025-04-30T01:08:49.025+0000] {dagbag.py:587} INFO - Filling up the DagBag from /home/airflow/.local/lib/python3.12/site-packages/airflow/example_dags/example_nested_branch_dag.py
[2025-04-30T01:08:49.045+0000] {processor.py:925} INFO - DAG(s) 'example_nested_branch_dag' retrieved from /home/airflow/.local/lib/python3.12/site-packages/airflow/example_dags/example_nested_branch_dag.py
[2025-04-30T01:08:49.071+0000] {logging_mixin.py:190} INFO - [2025-04-30T01:08:49.071+0000] {dag.py:3211} INFO - Sync 1 DAGs
[2025-04-30T01:08:49.102+0000] {logging_mixin.py:190} INFO - [2025-04-30T01:08:49.102+0000] {dag.py:4138} INFO - Setting next_dagrun for example_nested_branch_dag to 2025-04-29 00:00:00+00:00, run_after=2025-04-30 00:00:00+00:00
[2025-04-30T01:08:49.128+0000] {processor.py:208} INFO - Processing /home/airflow/.local/lib/python3.12/site-packages/airflow/example_dags/example_nested_branch_dag.py took 0.114 seconds
[2025-04-30T01:09:19.335+0000] {processor.py:186} INFO - Started process (PID=3942) to work on /home/airflow/.local/lib/python3.12/site-packages/airflow/example_dags/example_nested_branch_dag.py
[2025-04-30T01:09:19.337+0000] {processor.py:914} INFO - Processing file /home/airflow/.local/lib/python3.12/site-packages/airflow/example_dags/example_nested_branch_dag.py for tasks to queue
[2025-04-30T01:09:19.338+0000] {logging_mixin.py:190} INFO - [2025-04-30T01:09:19.338+0000] {dagbag.py:587} INFO - Filling up the DagBag from /home/airflow/.local/lib/python3.12/site-packages/airflow/example_dags/example_nested_branch_dag.py
[2025-04-30T01:09:19.354+0000] {processor.py:925} INFO - DAG(s) 'example_nested_branch_dag' retrieved from /home/airflow/.local/lib/python3.12/site-packages/airflow/example_dags/example_nested_branch_dag.py
[2025-04-30T01:09:19.379+0000] {logging_mixin.py:190} INFO - [2025-04-30T01:09:19.379+0000] {dag.py:3211} INFO - Sync 1 DAGs
[2025-04-30T01:09:19.410+0000] {logging_mixin.py:190} INFO - [2025-04-30T01:09:19.410+0000] {dag.py:4138} INFO - Setting next_dagrun for example_nested_branch_dag to 2025-04-29 00:00:00+00:00, run_after=2025-04-30 00:00:00+00:00
[2025-04-30T01:09:19.433+0000] {processor.py:208} INFO - Processing /home/airflow/.local/lib/python3.12/site-packages/airflow/example_dags/example_nested_branch_dag.py took 0.105 seconds
[2025-04-30T01:09:49.522+0000] {processor.py:186} INFO - Started process (PID=4004) to work on /home/airflow/.local/lib/python3.12/site-packages/airflow/example_dags/example_nested_branch_dag.py
[2025-04-30T01:09:49.523+0000] {processor.py:914} INFO - Processing file /home/airflow/.local/lib/python3.12/site-packages/airflow/example_dags/example_nested_branch_dag.py for tasks to queue
[2025-04-30T01:09:49.524+0000] {logging_mixin.py:190} INFO - [2025-04-30T01:09:49.524+0000] {dagbag.py:587} INFO - Filling up the DagBag from /home/airflow/.local/lib/python3.12/site-packages/airflow/example_dags/example_nested_branch_dag.py
[2025-04-30T01:09:49.538+0000] {processor.py:925} INFO - DAG(s) 'example_nested_branch_dag' retrieved from /home/airflow/.local/lib/python3.12/site-packages/airflow/example_dags/example_nested_branch_dag.py
[2025-04-30T01:09:49.566+0000] {logging_mixin.py:190} INFO - [2025-04-30T01:09:49.566+0000] {dag.py:3211} INFO - Sync 1 DAGs
[2025-04-30T01:09:49.602+0000] {logging_mixin.py:190} INFO - [2025-04-30T01:09:49.601+0000] {dag.py:4138} INFO - Setting next_dagrun for example_nested_branch_dag to 2025-04-29 00:00:00+00:00, run_after=2025-04-30 00:00:00+00:00
[2025-04-30T01:09:49.627+0000] {processor.py:208} INFO - Processing /home/airflow/.local/lib/python3.12/site-packages/airflow/example_dags/example_nested_branch_dag.py took 0.112 seconds
[2025-04-30T01:10:20.271+0000] {processor.py:186} INFO - Started process (PID=4066) to work on /home/airflow/.local/lib/python3.12/site-packages/airflow/example_dags/example_nested_branch_dag.py
[2025-04-30T01:10:20.272+0000] {processor.py:914} INFO - Processing file /home/airflow/.local/lib/python3.12/site-packages/airflow/example_dags/example_nested_branch_dag.py for tasks to queue
[2025-04-30T01:10:20.274+0000] {logging_mixin.py:190} INFO - [2025-04-30T01:10:20.274+0000] {dagbag.py:587} INFO - Filling up the DagBag from /home/airflow/.local/lib/python3.12/site-packages/airflow/example_dags/example_nested_branch_dag.py
[2025-04-30T01:10:20.291+0000] {processor.py:925} INFO - DAG(s) 'example_nested_branch_dag' retrieved from /home/airflow/.local/lib/python3.12/site-packages/airflow/example_dags/example_nested_branch_dag.py
[2025-04-30T01:10:20.318+0000] {logging_mixin.py:190} INFO - [2025-04-30T01:10:20.318+0000] {dag.py:3211} INFO - Sync 1 DAGs
[2025-04-30T01:10:20.350+0000] {logging_mixin.py:190} INFO - [2025-04-30T01:10:20.349+0000] {dag.py:4138} INFO - Setting next_dagrun for example_nested_branch_dag to 2025-04-29 00:00:00+00:00, run_after=2025-04-30 00:00:00+00:00
[2025-04-30T01:10:20.371+0000] {processor.py:208} INFO - Processing /home/airflow/.local/lib/python3.12/site-packages/airflow/example_dags/example_nested_branch_dag.py took 0.108 seconds
[2025-04-30T01:10:51.308+0000] {processor.py:186} INFO - Started process (PID=4128) to work on /home/airflow/.local/lib/python3.12/site-packages/airflow/example_dags/example_nested_branch_dag.py
[2025-04-30T01:10:51.310+0000] {processor.py:914} INFO - Processing file /home/airflow/.local/lib/python3.12/site-packages/airflow/example_dags/example_nested_branch_dag.py for tasks to queue
[2025-04-30T01:10:51.312+0000] {logging_mixin.py:190} INFO - [2025-04-30T01:10:51.311+0000] {dagbag.py:587} INFO - Filling up the DagBag from /home/airflow/.local/lib/python3.12/site-packages/airflow/example_dags/example_nested_branch_dag.py
[2025-04-30T01:10:51.329+0000] {processor.py:925} INFO - DAG(s) 'example_nested_branch_dag' retrieved from /home/airflow/.local/lib/python3.12/site-packages/airflow/example_dags/example_nested_branch_dag.py
[2025-04-30T01:10:51.357+0000] {logging_mixin.py:190} INFO - [2025-04-30T01:10:51.357+0000] {dag.py:3211} INFO - Sync 1 DAGs
[2025-04-30T01:10:51.387+0000] {logging_mixin.py:190} INFO - [2025-04-30T01:10:51.386+0000] {dag.py:4138} INFO - Setting next_dagrun for example_nested_branch_dag to 2025-04-29 00:00:00+00:00, run_after=2025-04-30 00:00:00+00:00
[2025-04-30T01:10:51.415+0000] {processor.py:208} INFO - Processing /home/airflow/.local/lib/python3.12/site-packages/airflow/example_dags/example_nested_branch_dag.py took 0.116 seconds
[2025-04-30T01:11:22.138+0000] {processor.py:186} INFO - Started process (PID=4190) to work on /home/airflow/.local/lib/python3.12/site-packages/airflow/example_dags/example_nested_branch_dag.py
[2025-04-30T01:11:22.139+0000] {processor.py:914} INFO - Processing file /home/airflow/.local/lib/python3.12/site-packages/airflow/example_dags/example_nested_branch_dag.py for tasks to queue
[2025-04-30T01:11:22.141+0000] {logging_mixin.py:190} INFO - [2025-04-30T01:11:22.140+0000] {dagbag.py:587} INFO - Filling up the DagBag from /home/airflow/.local/lib/python3.12/site-packages/airflow/example_dags/example_nested_branch_dag.py
[2025-04-30T01:11:22.154+0000] {processor.py:925} INFO - DAG(s) 'example_nested_branch_dag' retrieved from /home/airflow/.local/lib/python3.12/site-packages/airflow/example_dags/example_nested_branch_dag.py
[2025-04-30T01:11:22.178+0000] {logging_mixin.py:190} INFO - [2025-04-30T01:11:22.178+0000] {dag.py:3211} INFO - Sync 1 DAGs
[2025-04-30T01:11:22.208+0000] {logging_mixin.py:190} INFO - [2025-04-30T01:11:22.208+0000] {dag.py:4138} INFO - Setting next_dagrun for example_nested_branch_dag to 2025-04-29 00:00:00+00:00, run_after=2025-04-30 00:00:00+00:00
[2025-04-30T01:11:22.232+0000] {processor.py:208} INFO - Processing /home/airflow/.local/lib/python3.12/site-packages/airflow/example_dags/example_nested_branch_dag.py took 0.101 seconds
[2025-04-30T01:11:53.054+0000] {processor.py:186} INFO - Started process (PID=4252) to work on /home/airflow/.local/lib/python3.12/site-packages/airflow/example_dags/example_nested_branch_dag.py
[2025-04-30T01:11:53.056+0000] {processor.py:914} INFO - Processing file /home/airflow/.local/lib/python3.12/site-packages/airflow/example_dags/example_nested_branch_dag.py for tasks to queue
[2025-04-30T01:11:53.059+0000] {logging_mixin.py:190} INFO - [2025-04-30T01:11:53.058+0000] {dagbag.py:587} INFO - Filling up the DagBag from /home/airflow/.local/lib/python3.12/site-packages/airflow/example_dags/example_nested_branch_dag.py
[2025-04-30T01:11:53.076+0000] {processor.py:925} INFO - DAG(s) 'example_nested_branch_dag' retrieved from /home/airflow/.local/lib/python3.12/site-packages/airflow/example_dags/example_nested_branch_dag.py
[2025-04-30T01:11:53.107+0000] {logging_mixin.py:190} INFO - [2025-04-30T01:11:53.107+0000] {dag.py:3211} INFO - Sync 1 DAGs
[2025-04-30T01:11:53.141+0000] {logging_mixin.py:190} INFO - [2025-04-30T01:11:53.141+0000] {dag.py:4138} INFO - Setting next_dagrun for example_nested_branch_dag to 2025-04-29 00:00:00+00:00, run_after=2025-04-30 00:00:00+00:00
[2025-04-30T01:11:53.168+0000] {processor.py:208} INFO - Processing /home/airflow/.local/lib/python3.12/site-packages/airflow/example_dags/example_nested_branch_dag.py took 0.122 seconds
