[2025-04-30T00:30:54.443+0000] {processor.py:186} INFO - Started process (PID=109) to work on /home/airflow/.local/lib/python3.12/site-packages/airflow/example_dags/example_workday_timetable.py
[2025-04-30T00:30:54.445+0000] {processor.py:914} INFO - Processing file /home/airflow/.local/lib/python3.12/site-packages/airflow/example_dags/example_workday_timetable.py for tasks to queue
[2025-04-30T00:30:54.450+0000] {logging_mixin.py:190} INFO - [2025-04-30T00:30:54.449+0000] {dagbag.py:587} INFO - Filling up the DagBag from /home/airflow/.local/lib/python3.12/site-packages/airflow/example_dags/example_workday_timetable.py
[2025-04-30T00:30:54.463+0000] {processor.py:925} INFO - DAG(s) 'example_workday_timetable' retrieved from /home/airflow/.local/lib/python3.12/site-packages/airflow/example_dags/example_workday_timetable.py
[2025-04-30T00:30:54.705+0000] {logging_mixin.py:190} INFO - [2025-04-30T00:30:54.704+0000] {override.py:1858} INFO - Created Permission View: can edit on DAG:example_workday_timetable
[2025-04-30T00:30:54.726+0000] {logging_mixin.py:190} INFO - [2025-04-30T00:30:54.725+0000] {override.py:1858} INFO - Created Permission View: can read on DAG:example_workday_timetable
[2025-04-30T00:30:54.743+0000] {logging_mixin.py:190} INFO - [2025-04-30T00:30:54.742+0000] {override.py:1858} INFO - Created Permission View: can delete on DAG:example_workday_timetable
[2025-04-30T00:30:54.744+0000] {logging_mixin.py:190} INFO - [2025-04-30T00:30:54.744+0000] {dag.py:3211} INFO - Sync 1 DAGs
[2025-04-30T00:30:54.777+0000] {logging_mixin.py:190} INFO - [2025-04-30T00:30:54.777+0000] {dag.py:3234} INFO - Creating ORM DAG for example_workday_timetable
[2025-04-30T00:30:54.889+0000] {logging_mixin.py:190} INFO - [2025-04-30T00:30:54.888+0000] {dag.py:4138} INFO - Setting next_dagrun for example_workday_timetable to 2021-01-04 00:00:00+00:00, run_after=2021-01-05 00:00:00+00:00
[2025-04-30T00:30:54.923+0000] {processor.py:208} INFO - Processing /home/airflow/.local/lib/python3.12/site-packages/airflow/example_dags/example_workday_timetable.py took 0.492 seconds
[2025-04-30T00:31:25.354+0000] {processor.py:186} INFO - Started process (PID=178) to work on /home/airflow/.local/lib/python3.12/site-packages/airflow/example_dags/example_workday_timetable.py
[2025-04-30T00:31:25.357+0000] {processor.py:914} INFO - Processing file /home/airflow/.local/lib/python3.12/site-packages/airflow/example_dags/example_workday_timetable.py for tasks to queue
[2025-04-30T00:31:25.361+0000] {logging_mixin.py:190} INFO - [2025-04-30T00:31:25.360+0000] {dagbag.py:587} INFO - Filling up the DagBag from /home/airflow/.local/lib/python3.12/site-packages/airflow/example_dags/example_workday_timetable.py
[2025-04-30T00:31:25.373+0000] {processor.py:925} INFO - DAG(s) 'example_workday_timetable' retrieved from /home/airflow/.local/lib/python3.12/site-packages/airflow/example_dags/example_workday_timetable.py
[2025-04-30T00:31:25.416+0000] {logging_mixin.py:190} INFO - [2025-04-30T00:31:25.416+0000] {dag.py:3211} INFO - Sync 1 DAGs
[2025-04-30T00:31:25.582+0000] {logging_mixin.py:190} INFO - [2025-04-30T00:31:25.582+0000] {dag.py:4138} INFO - Setting next_dagrun for example_workday_timetable to 2021-01-04 00:00:00+00:00, run_after=2021-01-05 00:00:00+00:00
[2025-04-30T00:31:25.635+0000] {processor.py:208} INFO - Processing /home/airflow/.local/lib/python3.12/site-packages/airflow/example_dags/example_workday_timetable.py took 0.296 seconds
[2025-04-30T00:31:55.819+0000] {processor.py:186} INFO - Started process (PID=240) to work on /home/airflow/.local/lib/python3.12/site-packages/airflow/example_dags/example_workday_timetable.py
[2025-04-30T00:31:55.822+0000] {processor.py:914} INFO - Processing file /home/airflow/.local/lib/python3.12/site-packages/airflow/example_dags/example_workday_timetable.py for tasks to queue
[2025-04-30T00:31:55.828+0000] {logging_mixin.py:190} INFO - [2025-04-30T00:31:55.827+0000] {dagbag.py:587} INFO - Filling up the DagBag from /home/airflow/.local/lib/python3.12/site-packages/airflow/example_dags/example_workday_timetable.py
[2025-04-30T00:31:55.842+0000] {processor.py:925} INFO - DAG(s) 'example_workday_timetable' retrieved from /home/airflow/.local/lib/python3.12/site-packages/airflow/example_dags/example_workday_timetable.py
[2025-04-30T00:31:55.893+0000] {logging_mixin.py:190} INFO - [2025-04-30T00:31:55.892+0000] {dag.py:3211} INFO - Sync 1 DAGs
[2025-04-30T00:31:56.002+0000] {logging_mixin.py:190} INFO - [2025-04-30T00:31:56.001+0000] {dag.py:4138} INFO - Setting next_dagrun for example_workday_timetable to 2021-01-04 00:00:00+00:00, run_after=2021-01-05 00:00:00+00:00
[2025-04-30T00:31:56.041+0000] {processor.py:208} INFO - Processing /home/airflow/.local/lib/python3.12/site-packages/airflow/example_dags/example_workday_timetable.py took 0.237 seconds
[2025-04-30T00:32:26.400+0000] {processor.py:186} INFO - Started process (PID=303) to work on /home/airflow/.local/lib/python3.12/site-packages/airflow/example_dags/example_workday_timetable.py
[2025-04-30T00:32:26.403+0000] {processor.py:914} INFO - Processing file /home/airflow/.local/lib/python3.12/site-packages/airflow/example_dags/example_workday_timetable.py for tasks to queue
[2025-04-30T00:32:26.407+0000] {logging_mixin.py:190} INFO - [2025-04-30T00:32:26.407+0000] {dagbag.py:587} INFO - Filling up the DagBag from /home/airflow/.local/lib/python3.12/site-packages/airflow/example_dags/example_workday_timetable.py
[2025-04-30T00:32:26.418+0000] {processor.py:925} INFO - DAG(s) 'example_workday_timetable' retrieved from /home/airflow/.local/lib/python3.12/site-packages/airflow/example_dags/example_workday_timetable.py
[2025-04-30T00:32:26.460+0000] {logging_mixin.py:190} INFO - [2025-04-30T00:32:26.460+0000] {dag.py:3211} INFO - Sync 1 DAGs
[2025-04-30T00:32:26.573+0000] {logging_mixin.py:190} INFO - [2025-04-30T00:32:26.573+0000] {dag.py:4138} INFO - Setting next_dagrun for example_workday_timetable to 2021-01-04 00:00:00+00:00, run_after=2021-01-05 00:00:00+00:00
[2025-04-30T00:32:26.618+0000] {processor.py:208} INFO - Processing /home/airflow/.local/lib/python3.12/site-packages/airflow/example_dags/example_workday_timetable.py took 0.228 seconds
[2025-04-30T00:32:57.244+0000] {processor.py:186} INFO - Started process (PID=366) to work on /home/airflow/.local/lib/python3.12/site-packages/airflow/example_dags/example_workday_timetable.py
[2025-04-30T00:32:57.246+0000] {processor.py:914} INFO - Processing file /home/airflow/.local/lib/python3.12/site-packages/airflow/example_dags/example_workday_timetable.py for tasks to queue
[2025-04-30T00:32:57.251+0000] {logging_mixin.py:190} INFO - [2025-04-30T00:32:57.250+0000] {dagbag.py:587} INFO - Filling up the DagBag from /home/airflow/.local/lib/python3.12/site-packages/airflow/example_dags/example_workday_timetable.py
[2025-04-30T00:32:57.261+0000] {processor.py:925} INFO - DAG(s) 'example_workday_timetable' retrieved from /home/airflow/.local/lib/python3.12/site-packages/airflow/example_dags/example_workday_timetable.py
[2025-04-30T00:32:57.299+0000] {logging_mixin.py:190} INFO - [2025-04-30T00:32:57.298+0000] {dag.py:3211} INFO - Sync 1 DAGs
[2025-04-30T00:32:57.427+0000] {logging_mixin.py:190} INFO - [2025-04-30T00:32:57.426+0000] {dag.py:4138} INFO - Setting next_dagrun for example_workday_timetable to 2021-01-04 00:00:00+00:00, run_after=2021-01-05 00:00:00+00:00
[2025-04-30T00:32:57.470+0000] {processor.py:208} INFO - Processing /home/airflow/.local/lib/python3.12/site-packages/airflow/example_dags/example_workday_timetable.py took 0.236 seconds
[2025-04-30T00:33:27.907+0000] {processor.py:186} INFO - Started process (PID=430) to work on /home/airflow/.local/lib/python3.12/site-packages/airflow/example_dags/example_workday_timetable.py
[2025-04-30T00:33:27.910+0000] {processor.py:914} INFO - Processing file /home/airflow/.local/lib/python3.12/site-packages/airflow/example_dags/example_workday_timetable.py for tasks to queue
[2025-04-30T00:33:27.917+0000] {logging_mixin.py:190} INFO - [2025-04-30T00:33:27.916+0000] {dagbag.py:587} INFO - Filling up the DagBag from /home/airflow/.local/lib/python3.12/site-packages/airflow/example_dags/example_workday_timetable.py
[2025-04-30T00:33:27.931+0000] {processor.py:925} INFO - DAG(s) 'example_workday_timetable' retrieved from /home/airflow/.local/lib/python3.12/site-packages/airflow/example_dags/example_workday_timetable.py
[2025-04-30T00:33:27.989+0000] {logging_mixin.py:190} INFO - [2025-04-30T00:33:27.988+0000] {dag.py:3211} INFO - Sync 1 DAGs
[2025-04-30T00:33:28.178+0000] {logging_mixin.py:190} INFO - [2025-04-30T00:33:28.178+0000] {dag.py:4138} INFO - Setting next_dagrun for example_workday_timetable to 2021-01-04 00:00:00+00:00, run_after=2021-01-05 00:00:00+00:00
[2025-04-30T00:33:28.236+0000] {processor.py:208} INFO - Processing /home/airflow/.local/lib/python3.12/site-packages/airflow/example_dags/example_workday_timetable.py took 0.347 seconds
[2025-04-30T00:33:58.759+0000] {processor.py:186} INFO - Started process (PID=493) to work on /home/airflow/.local/lib/python3.12/site-packages/airflow/example_dags/example_workday_timetable.py
[2025-04-30T00:33:58.762+0000] {processor.py:914} INFO - Processing file /home/airflow/.local/lib/python3.12/site-packages/airflow/example_dags/example_workday_timetable.py for tasks to queue
[2025-04-30T00:33:58.769+0000] {logging_mixin.py:190} INFO - [2025-04-30T00:33:58.768+0000] {dagbag.py:587} INFO - Filling up the DagBag from /home/airflow/.local/lib/python3.12/site-packages/airflow/example_dags/example_workday_timetable.py
[2025-04-30T00:33:58.787+0000] {processor.py:925} INFO - DAG(s) 'example_workday_timetable' retrieved from /home/airflow/.local/lib/python3.12/site-packages/airflow/example_dags/example_workday_timetable.py
[2025-04-30T00:33:58.835+0000] {logging_mixin.py:190} INFO - [2025-04-30T00:33:58.834+0000] {dag.py:3211} INFO - Sync 1 DAGs
[2025-04-30T00:33:58.990+0000] {logging_mixin.py:190} INFO - [2025-04-30T00:33:58.989+0000] {dag.py:4138} INFO - Setting next_dagrun for example_workday_timetable to 2021-01-04 00:00:00+00:00, run_after=2021-01-05 00:00:00+00:00
[2025-04-30T00:33:59.036+0000] {processor.py:208} INFO - Processing /home/airflow/.local/lib/python3.12/site-packages/airflow/example_dags/example_workday_timetable.py took 0.292 seconds
[2025-04-30T00:34:29.169+0000] {processor.py:186} INFO - Started process (PID=556) to work on /home/airflow/.local/lib/python3.12/site-packages/airflow/example_dags/example_workday_timetable.py
[2025-04-30T00:34:29.171+0000] {processor.py:914} INFO - Processing file /home/airflow/.local/lib/python3.12/site-packages/airflow/example_dags/example_workday_timetable.py for tasks to queue
[2025-04-30T00:34:29.178+0000] {logging_mixin.py:190} INFO - [2025-04-30T00:34:29.177+0000] {dagbag.py:587} INFO - Filling up the DagBag from /home/airflow/.local/lib/python3.12/site-packages/airflow/example_dags/example_workday_timetable.py
[2025-04-30T00:34:29.192+0000] {processor.py:925} INFO - DAG(s) 'example_workday_timetable' retrieved from /home/airflow/.local/lib/python3.12/site-packages/airflow/example_dags/example_workday_timetable.py
[2025-04-30T00:34:29.237+0000] {logging_mixin.py:190} INFO - [2025-04-30T00:34:29.236+0000] {dag.py:3211} INFO - Sync 1 DAGs
[2025-04-30T00:34:29.400+0000] {logging_mixin.py:190} INFO - [2025-04-30T00:34:29.400+0000] {dag.py:4138} INFO - Setting next_dagrun for example_workday_timetable to 2021-01-04 00:00:00+00:00, run_after=2021-01-05 00:00:00+00:00
[2025-04-30T00:34:29.453+0000] {processor.py:208} INFO - Processing /home/airflow/.local/lib/python3.12/site-packages/airflow/example_dags/example_workday_timetable.py took 0.299 seconds
[2025-04-30T00:34:59.715+0000] {processor.py:186} INFO - Started process (PID=619) to work on /home/airflow/.local/lib/python3.12/site-packages/airflow/example_dags/example_workday_timetable.py
[2025-04-30T00:34:59.716+0000] {processor.py:914} INFO - Processing file /home/airflow/.local/lib/python3.12/site-packages/airflow/example_dags/example_workday_timetable.py for tasks to queue
[2025-04-30T00:34:59.723+0000] {logging_mixin.py:190} INFO - [2025-04-30T00:34:59.722+0000] {dagbag.py:587} INFO - Filling up the DagBag from /home/airflow/.local/lib/python3.12/site-packages/airflow/example_dags/example_workday_timetable.py
[2025-04-30T00:34:59.734+0000] {processor.py:925} INFO - DAG(s) 'example_workday_timetable' retrieved from /home/airflow/.local/lib/python3.12/site-packages/airflow/example_dags/example_workday_timetable.py
[2025-04-30T00:34:59.774+0000] {logging_mixin.py:190} INFO - [2025-04-30T00:34:59.773+0000] {dag.py:3211} INFO - Sync 1 DAGs
[2025-04-30T00:34:59.952+0000] {logging_mixin.py:190} INFO - [2025-04-30T00:34:59.952+0000] {dag.py:4138} INFO - Setting next_dagrun for example_workday_timetable to 2021-01-04 00:00:00+00:00, run_after=2021-01-05 00:00:00+00:00
[2025-04-30T00:34:59.994+0000] {processor.py:208} INFO - Processing /home/airflow/.local/lib/python3.12/site-packages/airflow/example_dags/example_workday_timetable.py took 0.291 seconds
[2025-04-30T00:35:30.196+0000] {processor.py:186} INFO - Started process (PID=682) to work on /home/airflow/.local/lib/python3.12/site-packages/airflow/example_dags/example_workday_timetable.py
[2025-04-30T00:35:30.198+0000] {processor.py:914} INFO - Processing file /home/airflow/.local/lib/python3.12/site-packages/airflow/example_dags/example_workday_timetable.py for tasks to queue
[2025-04-30T00:35:30.205+0000] {logging_mixin.py:190} INFO - [2025-04-30T00:35:30.204+0000] {dagbag.py:587} INFO - Filling up the DagBag from /home/airflow/.local/lib/python3.12/site-packages/airflow/example_dags/example_workday_timetable.py
[2025-04-30T00:35:30.219+0000] {processor.py:925} INFO - DAG(s) 'example_workday_timetable' retrieved from /home/airflow/.local/lib/python3.12/site-packages/airflow/example_dags/example_workday_timetable.py
[2025-04-30T00:35:30.259+0000] {logging_mixin.py:190} INFO - [2025-04-30T00:35:30.259+0000] {dag.py:3211} INFO - Sync 1 DAGs
[2025-04-30T00:35:30.372+0000] {logging_mixin.py:190} INFO - [2025-04-30T00:35:30.371+0000] {dag.py:4138} INFO - Setting next_dagrun for example_workday_timetable to 2021-01-04 00:00:00+00:00, run_after=2021-01-05 00:00:00+00:00
[2025-04-30T00:35:30.411+0000] {processor.py:208} INFO - Processing /home/airflow/.local/lib/python3.12/site-packages/airflow/example_dags/example_workday_timetable.py took 0.225 seconds
[2025-04-30T00:36:01.601+0000] {processor.py:186} INFO - Started process (PID=745) to work on /home/airflow/.local/lib/python3.12/site-packages/airflow/example_dags/example_workday_timetable.py
[2025-04-30T00:36:01.604+0000] {processor.py:914} INFO - Processing file /home/airflow/.local/lib/python3.12/site-packages/airflow/example_dags/example_workday_timetable.py for tasks to queue
[2025-04-30T00:36:01.613+0000] {logging_mixin.py:190} INFO - [2025-04-30T00:36:01.612+0000] {dagbag.py:587} INFO - Filling up the DagBag from /home/airflow/.local/lib/python3.12/site-packages/airflow/example_dags/example_workday_timetable.py
[2025-04-30T00:36:01.628+0000] {processor.py:925} INFO - DAG(s) 'example_workday_timetable' retrieved from /home/airflow/.local/lib/python3.12/site-packages/airflow/example_dags/example_workday_timetable.py
[2025-04-30T00:36:01.668+0000] {logging_mixin.py:190} INFO - [2025-04-30T00:36:01.667+0000] {dag.py:3211} INFO - Sync 1 DAGs
[2025-04-30T00:36:01.765+0000] {logging_mixin.py:190} INFO - [2025-04-30T00:36:01.765+0000] {dag.py:4138} INFO - Setting next_dagrun for example_workday_timetable to 2021-01-04 00:00:00+00:00, run_after=2021-01-05 00:00:00+00:00
[2025-04-30T00:36:01.810+0000] {processor.py:208} INFO - Processing /home/airflow/.local/lib/python3.12/site-packages/airflow/example_dags/example_workday_timetable.py took 0.227 seconds
[2025-04-30T00:36:32.047+0000] {processor.py:186} INFO - Started process (PID=808) to work on /home/airflow/.local/lib/python3.12/site-packages/airflow/example_dags/example_workday_timetable.py
[2025-04-30T00:36:32.050+0000] {processor.py:914} INFO - Processing file /home/airflow/.local/lib/python3.12/site-packages/airflow/example_dags/example_workday_timetable.py for tasks to queue
[2025-04-30T00:36:32.056+0000] {logging_mixin.py:190} INFO - [2025-04-30T00:36:32.055+0000] {dagbag.py:587} INFO - Filling up the DagBag from /home/airflow/.local/lib/python3.12/site-packages/airflow/example_dags/example_workday_timetable.py
[2025-04-30T00:36:32.067+0000] {processor.py:925} INFO - DAG(s) 'example_workday_timetable' retrieved from /home/airflow/.local/lib/python3.12/site-packages/airflow/example_dags/example_workday_timetable.py
[2025-04-30T00:36:32.106+0000] {logging_mixin.py:190} INFO - [2025-04-30T00:36:32.105+0000] {dag.py:3211} INFO - Sync 1 DAGs
[2025-04-30T00:36:32.222+0000] {logging_mixin.py:190} INFO - [2025-04-30T00:36:32.222+0000] {dag.py:4138} INFO - Setting next_dagrun for example_workday_timetable to 2021-01-04 00:00:00+00:00, run_after=2021-01-05 00:00:00+00:00
[2025-04-30T00:36:32.268+0000] {processor.py:208} INFO - Processing /home/airflow/.local/lib/python3.12/site-packages/airflow/example_dags/example_workday_timetable.py took 0.234 seconds
[2025-04-30T00:37:02.653+0000] {processor.py:186} INFO - Started process (PID=871) to work on /home/airflow/.local/lib/python3.12/site-packages/airflow/example_dags/example_workday_timetable.py
[2025-04-30T00:37:02.658+0000] {processor.py:914} INFO - Processing file /home/airflow/.local/lib/python3.12/site-packages/airflow/example_dags/example_workday_timetable.py for tasks to queue
[2025-04-30T00:37:02.675+0000] {logging_mixin.py:190} INFO - [2025-04-30T00:37:02.673+0000] {dagbag.py:587} INFO - Filling up the DagBag from /home/airflow/.local/lib/python3.12/site-packages/airflow/example_dags/example_workday_timetable.py
[2025-04-30T00:37:02.701+0000] {processor.py:925} INFO - DAG(s) 'example_workday_timetable' retrieved from /home/airflow/.local/lib/python3.12/site-packages/airflow/example_dags/example_workday_timetable.py
[2025-04-30T00:37:02.767+0000] {logging_mixin.py:190} INFO - [2025-04-30T00:37:02.766+0000] {dag.py:3211} INFO - Sync 1 DAGs
[2025-04-30T00:37:02.982+0000] {logging_mixin.py:190} INFO - [2025-04-30T00:37:02.982+0000] {dag.py:4138} INFO - Setting next_dagrun for example_workday_timetable to 2021-01-04 00:00:00+00:00, run_after=2021-01-05 00:00:00+00:00
[2025-04-30T00:37:03.048+0000] {processor.py:208} INFO - Processing /home/airflow/.local/lib/python3.12/site-packages/airflow/example_dags/example_workday_timetable.py took 0.425 seconds
[2025-04-30T00:37:34.038+0000] {processor.py:186} INFO - Started process (PID=934) to work on /home/airflow/.local/lib/python3.12/site-packages/airflow/example_dags/example_workday_timetable.py
[2025-04-30T00:37:34.040+0000] {processor.py:914} INFO - Processing file /home/airflow/.local/lib/python3.12/site-packages/airflow/example_dags/example_workday_timetable.py for tasks to queue
[2025-04-30T00:37:34.046+0000] {logging_mixin.py:190} INFO - [2025-04-30T00:37:34.045+0000] {dagbag.py:587} INFO - Filling up the DagBag from /home/airflow/.local/lib/python3.12/site-packages/airflow/example_dags/example_workday_timetable.py
[2025-04-30T00:37:34.059+0000] {processor.py:925} INFO - DAG(s) 'example_workday_timetable' retrieved from /home/airflow/.local/lib/python3.12/site-packages/airflow/example_dags/example_workday_timetable.py
[2025-04-30T00:37:34.105+0000] {logging_mixin.py:190} INFO - [2025-04-30T00:37:34.105+0000] {dag.py:3211} INFO - Sync 1 DAGs
[2025-04-30T00:37:34.263+0000] {logging_mixin.py:190} INFO - [2025-04-30T00:37:34.262+0000] {dag.py:4138} INFO - Setting next_dagrun for example_workday_timetable to 2021-01-04 00:00:00+00:00, run_after=2021-01-05 00:00:00+00:00
[2025-04-30T00:37:34.313+0000] {processor.py:208} INFO - Processing /home/airflow/.local/lib/python3.12/site-packages/airflow/example_dags/example_workday_timetable.py took 0.289 seconds
[2025-04-30T00:38:04.460+0000] {processor.py:186} INFO - Started process (PID=997) to work on /home/airflow/.local/lib/python3.12/site-packages/airflow/example_dags/example_workday_timetable.py
[2025-04-30T00:38:04.462+0000] {processor.py:914} INFO - Processing file /home/airflow/.local/lib/python3.12/site-packages/airflow/example_dags/example_workday_timetable.py for tasks to queue
[2025-04-30T00:38:04.468+0000] {logging_mixin.py:190} INFO - [2025-04-30T00:38:04.467+0000] {dagbag.py:587} INFO - Filling up the DagBag from /home/airflow/.local/lib/python3.12/site-packages/airflow/example_dags/example_workday_timetable.py
[2025-04-30T00:38:04.488+0000] {processor.py:925} INFO - DAG(s) 'example_workday_timetable' retrieved from /home/airflow/.local/lib/python3.12/site-packages/airflow/example_dags/example_workday_timetable.py
[2025-04-30T00:38:04.545+0000] {logging_mixin.py:190} INFO - [2025-04-30T00:38:04.544+0000] {dag.py:3211} INFO - Sync 1 DAGs
[2025-04-30T00:38:04.732+0000] {logging_mixin.py:190} INFO - [2025-04-30T00:38:04.731+0000] {dag.py:4138} INFO - Setting next_dagrun for example_workday_timetable to 2021-01-04 00:00:00+00:00, run_after=2021-01-05 00:00:00+00:00
[2025-04-30T00:38:04.784+0000] {processor.py:208} INFO - Processing /home/airflow/.local/lib/python3.12/site-packages/airflow/example_dags/example_workday_timetable.py took 0.337 seconds
[2025-04-30T00:38:35.278+0000] {processor.py:186} INFO - Started process (PID=1061) to work on /home/airflow/.local/lib/python3.12/site-packages/airflow/example_dags/example_workday_timetable.py
[2025-04-30T00:38:35.280+0000] {processor.py:914} INFO - Processing file /home/airflow/.local/lib/python3.12/site-packages/airflow/example_dags/example_workday_timetable.py for tasks to queue
[2025-04-30T00:38:35.286+0000] {logging_mixin.py:190} INFO - [2025-04-30T00:38:35.285+0000] {dagbag.py:587} INFO - Filling up the DagBag from /home/airflow/.local/lib/python3.12/site-packages/airflow/example_dags/example_workday_timetable.py
[2025-04-30T00:38:35.301+0000] {processor.py:925} INFO - DAG(s) 'example_workday_timetable' retrieved from /home/airflow/.local/lib/python3.12/site-packages/airflow/example_dags/example_workday_timetable.py
[2025-04-30T00:38:35.350+0000] {logging_mixin.py:190} INFO - [2025-04-30T00:38:35.350+0000] {dag.py:3211} INFO - Sync 1 DAGs
[2025-04-30T00:38:35.539+0000] {logging_mixin.py:190} INFO - [2025-04-30T00:38:35.539+0000] {dag.py:4138} INFO - Setting next_dagrun for example_workday_timetable to 2021-01-04 00:00:00+00:00, run_after=2021-01-05 00:00:00+00:00
[2025-04-30T00:38:35.597+0000] {processor.py:208} INFO - Processing /home/airflow/.local/lib/python3.12/site-packages/airflow/example_dags/example_workday_timetable.py took 0.335 seconds
[2025-04-30T00:39:06.542+0000] {processor.py:186} INFO - Started process (PID=1130) to work on /home/airflow/.local/lib/python3.12/site-packages/airflow/example_dags/example_workday_timetable.py
[2025-04-30T00:39:06.545+0000] {processor.py:914} INFO - Processing file /home/airflow/.local/lib/python3.12/site-packages/airflow/example_dags/example_workday_timetable.py for tasks to queue
[2025-04-30T00:39:06.551+0000] {logging_mixin.py:190} INFO - [2025-04-30T00:39:06.550+0000] {dagbag.py:587} INFO - Filling up the DagBag from /home/airflow/.local/lib/python3.12/site-packages/airflow/example_dags/example_workday_timetable.py
[2025-04-30T00:39:06.564+0000] {processor.py:925} INFO - DAG(s) 'example_workday_timetable' retrieved from /home/airflow/.local/lib/python3.12/site-packages/airflow/example_dags/example_workday_timetable.py
[2025-04-30T00:39:06.601+0000] {logging_mixin.py:190} INFO - [2025-04-30T00:39:06.601+0000] {dag.py:3211} INFO - Sync 1 DAGs
[2025-04-30T00:39:06.748+0000] {logging_mixin.py:190} INFO - [2025-04-30T00:39:06.747+0000] {dag.py:4138} INFO - Setting next_dagrun for example_workday_timetable to 2021-01-04 00:00:00+00:00, run_after=2021-01-05 00:00:00+00:00
[2025-04-30T00:39:06.796+0000] {processor.py:208} INFO - Processing /home/airflow/.local/lib/python3.12/site-packages/airflow/example_dags/example_workday_timetable.py took 0.270 seconds
[2025-04-30T00:39:37.564+0000] {processor.py:186} INFO - Started process (PID=1193) to work on /home/airflow/.local/lib/python3.12/site-packages/airflow/example_dags/example_workday_timetable.py
[2025-04-30T00:39:37.567+0000] {processor.py:914} INFO - Processing file /home/airflow/.local/lib/python3.12/site-packages/airflow/example_dags/example_workday_timetable.py for tasks to queue
[2025-04-30T00:39:37.572+0000] {logging_mixin.py:190} INFO - [2025-04-30T00:39:37.571+0000] {dagbag.py:587} INFO - Filling up the DagBag from /home/airflow/.local/lib/python3.12/site-packages/airflow/example_dags/example_workday_timetable.py
[2025-04-30T00:39:37.585+0000] {processor.py:925} INFO - DAG(s) 'example_workday_timetable' retrieved from /home/airflow/.local/lib/python3.12/site-packages/airflow/example_dags/example_workday_timetable.py
[2025-04-30T00:39:37.627+0000] {logging_mixin.py:190} INFO - [2025-04-30T00:39:37.627+0000] {dag.py:3211} INFO - Sync 1 DAGs
[2025-04-30T00:39:37.766+0000] {logging_mixin.py:190} INFO - [2025-04-30T00:39:37.766+0000] {dag.py:4138} INFO - Setting next_dagrun for example_workday_timetable to 2021-01-04 00:00:00+00:00, run_after=2021-01-05 00:00:00+00:00
[2025-04-30T00:39:37.810+0000] {processor.py:208} INFO - Processing /home/airflow/.local/lib/python3.12/site-packages/airflow/example_dags/example_workday_timetable.py took 0.260 seconds
[2025-04-30T00:40:08.454+0000] {processor.py:186} INFO - Started process (PID=1256) to work on /home/airflow/.local/lib/python3.12/site-packages/airflow/example_dags/example_workday_timetable.py
[2025-04-30T00:40:08.457+0000] {processor.py:914} INFO - Processing file /home/airflow/.local/lib/python3.12/site-packages/airflow/example_dags/example_workday_timetable.py for tasks to queue
[2025-04-30T00:40:08.463+0000] {logging_mixin.py:190} INFO - [2025-04-30T00:40:08.462+0000] {dagbag.py:587} INFO - Filling up the DagBag from /home/airflow/.local/lib/python3.12/site-packages/airflow/example_dags/example_workday_timetable.py
[2025-04-30T00:40:08.477+0000] {processor.py:925} INFO - DAG(s) 'example_workday_timetable' retrieved from /home/airflow/.local/lib/python3.12/site-packages/airflow/example_dags/example_workday_timetable.py
[2025-04-30T00:40:08.521+0000] {logging_mixin.py:190} INFO - [2025-04-30T00:40:08.520+0000] {dag.py:3211} INFO - Sync 1 DAGs
[2025-04-30T00:40:08.692+0000] {logging_mixin.py:190} INFO - [2025-04-30T00:40:08.691+0000] {dag.py:4138} INFO - Setting next_dagrun for example_workday_timetable to 2021-01-04 00:00:00+00:00, run_after=2021-01-05 00:00:00+00:00
[2025-04-30T00:40:08.744+0000] {processor.py:208} INFO - Processing /home/airflow/.local/lib/python3.12/site-packages/airflow/example_dags/example_workday_timetable.py took 0.304 seconds
[2025-04-30T00:40:39.126+0000] {processor.py:186} INFO - Started process (PID=1319) to work on /home/airflow/.local/lib/python3.12/site-packages/airflow/example_dags/example_workday_timetable.py
[2025-04-30T00:40:39.128+0000] {processor.py:914} INFO - Processing file /home/airflow/.local/lib/python3.12/site-packages/airflow/example_dags/example_workday_timetable.py for tasks to queue
[2025-04-30T00:40:39.133+0000] {logging_mixin.py:190} INFO - [2025-04-30T00:40:39.132+0000] {dagbag.py:587} INFO - Filling up the DagBag from /home/airflow/.local/lib/python3.12/site-packages/airflow/example_dags/example_workday_timetable.py
[2025-04-30T00:40:39.144+0000] {processor.py:925} INFO - DAG(s) 'example_workday_timetable' retrieved from /home/airflow/.local/lib/python3.12/site-packages/airflow/example_dags/example_workday_timetable.py
[2025-04-30T00:40:39.183+0000] {logging_mixin.py:190} INFO - [2025-04-30T00:40:39.182+0000] {dag.py:3211} INFO - Sync 1 DAGs
[2025-04-30T00:40:39.328+0000] {logging_mixin.py:190} INFO - [2025-04-30T00:40:39.328+0000] {dag.py:4138} INFO - Setting next_dagrun for example_workday_timetable to 2021-01-04 00:00:00+00:00, run_after=2021-01-05 00:00:00+00:00
[2025-04-30T00:40:39.367+0000] {processor.py:208} INFO - Processing /home/airflow/.local/lib/python3.12/site-packages/airflow/example_dags/example_workday_timetable.py took 0.252 seconds
[2025-04-30T00:41:09.818+0000] {processor.py:186} INFO - Started process (PID=1382) to work on /home/airflow/.local/lib/python3.12/site-packages/airflow/example_dags/example_workday_timetable.py
[2025-04-30T00:41:09.821+0000] {processor.py:914} INFO - Processing file /home/airflow/.local/lib/python3.12/site-packages/airflow/example_dags/example_workday_timetable.py for tasks to queue
[2025-04-30T00:41:09.826+0000] {logging_mixin.py:190} INFO - [2025-04-30T00:41:09.825+0000] {dagbag.py:587} INFO - Filling up the DagBag from /home/airflow/.local/lib/python3.12/site-packages/airflow/example_dags/example_workday_timetable.py
[2025-04-30T00:41:09.840+0000] {processor.py:925} INFO - DAG(s) 'example_workday_timetable' retrieved from /home/airflow/.local/lib/python3.12/site-packages/airflow/example_dags/example_workday_timetable.py
[2025-04-30T00:41:09.884+0000] {logging_mixin.py:190} INFO - [2025-04-30T00:41:09.884+0000] {dag.py:3211} INFO - Sync 1 DAGs
[2025-04-30T00:41:10.041+0000] {logging_mixin.py:190} INFO - [2025-04-30T00:41:10.040+0000] {dag.py:4138} INFO - Setting next_dagrun for example_workday_timetable to 2021-01-04 00:00:00+00:00, run_after=2021-01-05 00:00:00+00:00
[2025-04-30T00:41:10.091+0000] {processor.py:208} INFO - Processing /home/airflow/.local/lib/python3.12/site-packages/airflow/example_dags/example_workday_timetable.py took 0.287 seconds
[2025-04-30T00:41:40.962+0000] {processor.py:186} INFO - Started process (PID=1445) to work on /home/airflow/.local/lib/python3.12/site-packages/airflow/example_dags/example_workday_timetable.py
[2025-04-30T00:41:40.965+0000] {processor.py:914} INFO - Processing file /home/airflow/.local/lib/python3.12/site-packages/airflow/example_dags/example_workday_timetable.py for tasks to queue
[2025-04-30T00:41:40.970+0000] {logging_mixin.py:190} INFO - [2025-04-30T00:41:40.970+0000] {dagbag.py:587} INFO - Filling up the DagBag from /home/airflow/.local/lib/python3.12/site-packages/airflow/example_dags/example_workday_timetable.py
[2025-04-30T00:41:40.984+0000] {processor.py:925} INFO - DAG(s) 'example_workday_timetable' retrieved from /home/airflow/.local/lib/python3.12/site-packages/airflow/example_dags/example_workday_timetable.py
[2025-04-30T00:41:41.035+0000] {logging_mixin.py:190} INFO - [2025-04-30T00:41:41.034+0000] {dag.py:3211} INFO - Sync 1 DAGs
[2025-04-30T00:41:41.190+0000] {logging_mixin.py:190} INFO - [2025-04-30T00:41:41.190+0000] {dag.py:4138} INFO - Setting next_dagrun for example_workday_timetable to 2021-01-04 00:00:00+00:00, run_after=2021-01-05 00:00:00+00:00
[2025-04-30T00:41:41.244+0000] {processor.py:208} INFO - Processing /home/airflow/.local/lib/python3.12/site-packages/airflow/example_dags/example_workday_timetable.py took 0.295 seconds
[2025-04-30T00:42:11.574+0000] {processor.py:186} INFO - Started process (PID=1512) to work on /home/airflow/.local/lib/python3.12/site-packages/airflow/example_dags/example_workday_timetable.py
[2025-04-30T00:42:11.576+0000] {processor.py:914} INFO - Processing file /home/airflow/.local/lib/python3.12/site-packages/airflow/example_dags/example_workday_timetable.py for tasks to queue
[2025-04-30T00:42:11.578+0000] {logging_mixin.py:190} INFO - [2025-04-30T00:42:11.578+0000] {dagbag.py:587} INFO - Filling up the DagBag from /home/airflow/.local/lib/python3.12/site-packages/airflow/example_dags/example_workday_timetable.py
[2025-04-30T00:42:11.590+0000] {processor.py:925} INFO - DAG(s) 'example_workday_timetable' retrieved from /home/airflow/.local/lib/python3.12/site-packages/airflow/example_dags/example_workday_timetable.py
[2025-04-30T00:42:11.631+0000] {logging_mixin.py:190} INFO - [2025-04-30T00:42:11.631+0000] {dag.py:3211} INFO - Sync 1 DAGs
[2025-04-30T00:42:11.772+0000] {logging_mixin.py:190} INFO - [2025-04-30T00:42:11.771+0000] {dag.py:4138} INFO - Setting next_dagrun for example_workday_timetable to 2021-01-04 00:00:00+00:00, run_after=2021-01-05 00:00:00+00:00
[2025-04-30T00:42:11.809+0000] {processor.py:208} INFO - Processing /home/airflow/.local/lib/python3.12/site-packages/airflow/example_dags/example_workday_timetable.py took 0.249 seconds
[2025-04-30T00:42:42.655+0000] {processor.py:186} INFO - Started process (PID=1575) to work on /home/airflow/.local/lib/python3.12/site-packages/airflow/example_dags/example_workday_timetable.py
[2025-04-30T00:42:42.658+0000] {processor.py:914} INFO - Processing file /home/airflow/.local/lib/python3.12/site-packages/airflow/example_dags/example_workday_timetable.py for tasks to queue
[2025-04-30T00:42:42.661+0000] {logging_mixin.py:190} INFO - [2025-04-30T00:42:42.660+0000] {dagbag.py:587} INFO - Filling up the DagBag from /home/airflow/.local/lib/python3.12/site-packages/airflow/example_dags/example_workday_timetable.py
[2025-04-30T00:42:42.672+0000] {processor.py:925} INFO - DAG(s) 'example_workday_timetable' retrieved from /home/airflow/.local/lib/python3.12/site-packages/airflow/example_dags/example_workday_timetable.py
[2025-04-30T00:42:42.714+0000] {logging_mixin.py:190} INFO - [2025-04-30T00:42:42.714+0000] {dag.py:3211} INFO - Sync 1 DAGs
[2025-04-30T00:42:42.959+0000] {logging_mixin.py:190} INFO - [2025-04-30T00:42:42.958+0000] {dag.py:4138} INFO - Setting next_dagrun for example_workday_timetable to 2021-01-04 00:00:00+00:00, run_after=2021-01-05 00:00:00+00:00
[2025-04-30T00:42:43.015+0000] {processor.py:208} INFO - Processing /home/airflow/.local/lib/python3.12/site-packages/airflow/example_dags/example_workday_timetable.py took 0.373 seconds
[2025-04-30T00:43:13.502+0000] {processor.py:186} INFO - Started process (PID=1638) to work on /home/airflow/.local/lib/python3.12/site-packages/airflow/example_dags/example_workday_timetable.py
[2025-04-30T00:43:13.505+0000] {processor.py:914} INFO - Processing file /home/airflow/.local/lib/python3.12/site-packages/airflow/example_dags/example_workday_timetable.py for tasks to queue
[2025-04-30T00:43:13.508+0000] {logging_mixin.py:190} INFO - [2025-04-30T00:43:13.508+0000] {dagbag.py:587} INFO - Filling up the DagBag from /home/airflow/.local/lib/python3.12/site-packages/airflow/example_dags/example_workday_timetable.py
[2025-04-30T00:43:13.521+0000] {processor.py:925} INFO - DAG(s) 'example_workday_timetable' retrieved from /home/airflow/.local/lib/python3.12/site-packages/airflow/example_dags/example_workday_timetable.py
[2025-04-30T00:43:13.566+0000] {logging_mixin.py:190} INFO - [2025-04-30T00:43:13.565+0000] {dag.py:3211} INFO - Sync 1 DAGs
[2025-04-30T00:43:13.706+0000] {logging_mixin.py:190} INFO - [2025-04-30T00:43:13.706+0000] {dag.py:4138} INFO - Setting next_dagrun for example_workday_timetable to 2021-01-04 00:00:00+00:00, run_after=2021-01-05 00:00:00+00:00
[2025-04-30T00:43:13.747+0000] {processor.py:208} INFO - Processing /home/airflow/.local/lib/python3.12/site-packages/airflow/example_dags/example_workday_timetable.py took 0.279 seconds
[2025-04-30T00:43:44.806+0000] {processor.py:186} INFO - Started process (PID=1701) to work on /home/airflow/.local/lib/python3.12/site-packages/airflow/example_dags/example_workday_timetable.py
[2025-04-30T00:43:44.811+0000] {processor.py:914} INFO - Processing file /home/airflow/.local/lib/python3.12/site-packages/airflow/example_dags/example_workday_timetable.py for tasks to queue
[2025-04-30T00:43:44.816+0000] {logging_mixin.py:190} INFO - [2025-04-30T00:43:44.815+0000] {dagbag.py:587} INFO - Filling up the DagBag from /home/airflow/.local/lib/python3.12/site-packages/airflow/example_dags/example_workday_timetable.py
[2025-04-30T00:43:44.841+0000] {processor.py:925} INFO - DAG(s) 'example_workday_timetable' retrieved from /home/airflow/.local/lib/python3.12/site-packages/airflow/example_dags/example_workday_timetable.py
[2025-04-30T00:43:44.936+0000] {logging_mixin.py:190} INFO - [2025-04-30T00:43:44.935+0000] {dag.py:3211} INFO - Sync 1 DAGs
[2025-04-30T00:43:45.259+0000] {logging_mixin.py:190} INFO - [2025-04-30T00:43:45.258+0000] {dag.py:4138} INFO - Setting next_dagrun for example_workday_timetable to 2021-01-04 00:00:00+00:00, run_after=2021-01-05 00:00:00+00:00
[2025-04-30T00:43:45.339+0000] {processor.py:208} INFO - Processing /home/airflow/.local/lib/python3.12/site-packages/airflow/example_dags/example_workday_timetable.py took 0.564 seconds
[2025-04-30T00:44:15.651+0000] {processor.py:186} INFO - Started process (PID=1764) to work on /home/airflow/.local/lib/python3.12/site-packages/airflow/example_dags/example_workday_timetable.py
[2025-04-30T00:44:15.653+0000] {processor.py:914} INFO - Processing file /home/airflow/.local/lib/python3.12/site-packages/airflow/example_dags/example_workday_timetable.py for tasks to queue
[2025-04-30T00:44:15.655+0000] {logging_mixin.py:190} INFO - [2025-04-30T00:44:15.655+0000] {dagbag.py:587} INFO - Filling up the DagBag from /home/airflow/.local/lib/python3.12/site-packages/airflow/example_dags/example_workday_timetable.py
[2025-04-30T00:44:15.662+0000] {processor.py:925} INFO - DAG(s) 'example_workday_timetable' retrieved from /home/airflow/.local/lib/python3.12/site-packages/airflow/example_dags/example_workday_timetable.py
[2025-04-30T00:44:15.695+0000] {logging_mixin.py:190} INFO - [2025-04-30T00:44:15.694+0000] {dag.py:3211} INFO - Sync 1 DAGs
[2025-04-30T00:44:15.772+0000] {logging_mixin.py:190} INFO - [2025-04-30T00:44:15.772+0000] {dag.py:4138} INFO - Setting next_dagrun for example_workday_timetable to 2021-01-04 00:00:00+00:00, run_after=2021-01-05 00:00:00+00:00
[2025-04-30T00:44:15.799+0000] {processor.py:208} INFO - Processing /home/airflow/.local/lib/python3.12/site-packages/airflow/example_dags/example_workday_timetable.py took 0.154 seconds
[2025-04-30T00:44:46.248+0000] {processor.py:186} INFO - Started process (PID=1827) to work on /home/airflow/.local/lib/python3.12/site-packages/airflow/example_dags/example_workday_timetable.py
[2025-04-30T00:44:46.250+0000] {processor.py:914} INFO - Processing file /home/airflow/.local/lib/python3.12/site-packages/airflow/example_dags/example_workday_timetable.py for tasks to queue
[2025-04-30T00:44:46.251+0000] {logging_mixin.py:190} INFO - [2025-04-30T00:44:46.251+0000] {dagbag.py:587} INFO - Filling up the DagBag from /home/airflow/.local/lib/python3.12/site-packages/airflow/example_dags/example_workday_timetable.py
[2025-04-30T00:44:46.259+0000] {processor.py:925} INFO - DAG(s) 'example_workday_timetable' retrieved from /home/airflow/.local/lib/python3.12/site-packages/airflow/example_dags/example_workday_timetable.py
[2025-04-30T00:44:46.286+0000] {logging_mixin.py:190} INFO - [2025-04-30T00:44:46.286+0000] {dag.py:3211} INFO - Sync 1 DAGs
[2025-04-30T00:44:46.377+0000] {logging_mixin.py:190} INFO - [2025-04-30T00:44:46.377+0000] {dag.py:4138} INFO - Setting next_dagrun for example_workday_timetable to 2021-01-04 00:00:00+00:00, run_after=2021-01-05 00:00:00+00:00
[2025-04-30T00:44:46.404+0000] {processor.py:208} INFO - Processing /home/airflow/.local/lib/python3.12/site-packages/airflow/example_dags/example_workday_timetable.py took 0.164 seconds
[2025-04-30T00:45:16.922+0000] {processor.py:186} INFO - Started process (PID=1890) to work on /home/airflow/.local/lib/python3.12/site-packages/airflow/example_dags/example_workday_timetable.py
[2025-04-30T00:45:16.923+0000] {processor.py:914} INFO - Processing file /home/airflow/.local/lib/python3.12/site-packages/airflow/example_dags/example_workday_timetable.py for tasks to queue
[2025-04-30T00:45:16.925+0000] {logging_mixin.py:190} INFO - [2025-04-30T00:45:16.924+0000] {dagbag.py:587} INFO - Filling up the DagBag from /home/airflow/.local/lib/python3.12/site-packages/airflow/example_dags/example_workday_timetable.py
[2025-04-30T00:45:16.932+0000] {processor.py:925} INFO - DAG(s) 'example_workday_timetable' retrieved from /home/airflow/.local/lib/python3.12/site-packages/airflow/example_dags/example_workday_timetable.py
[2025-04-30T00:45:16.957+0000] {logging_mixin.py:190} INFO - [2025-04-30T00:45:16.957+0000] {dag.py:3211} INFO - Sync 1 DAGs
[2025-04-30T00:45:17.031+0000] {logging_mixin.py:190} INFO - [2025-04-30T00:45:17.030+0000] {dag.py:4138} INFO - Setting next_dagrun for example_workday_timetable to 2021-01-04 00:00:00+00:00, run_after=2021-01-05 00:00:00+00:00
[2025-04-30T00:45:17.054+0000] {processor.py:208} INFO - Processing /home/airflow/.local/lib/python3.12/site-packages/airflow/example_dags/example_workday_timetable.py took 0.140 seconds
[2025-04-30T00:45:47.892+0000] {processor.py:186} INFO - Started process (PID=1953) to work on /home/airflow/.local/lib/python3.12/site-packages/airflow/example_dags/example_workday_timetable.py
[2025-04-30T00:45:47.894+0000] {processor.py:914} INFO - Processing file /home/airflow/.local/lib/python3.12/site-packages/airflow/example_dags/example_workday_timetable.py for tasks to queue
[2025-04-30T00:45:47.896+0000] {logging_mixin.py:190} INFO - [2025-04-30T00:45:47.895+0000] {dagbag.py:587} INFO - Filling up the DagBag from /home/airflow/.local/lib/python3.12/site-packages/airflow/example_dags/example_workday_timetable.py
[2025-04-30T00:45:47.903+0000] {processor.py:925} INFO - DAG(s) 'example_workday_timetable' retrieved from /home/airflow/.local/lib/python3.12/site-packages/airflow/example_dags/example_workday_timetable.py
[2025-04-30T00:45:47.930+0000] {logging_mixin.py:190} INFO - [2025-04-30T00:45:47.930+0000] {dag.py:3211} INFO - Sync 1 DAGs
[2025-04-30T00:45:48.006+0000] {logging_mixin.py:190} INFO - [2025-04-30T00:45:48.006+0000] {dag.py:4138} INFO - Setting next_dagrun for example_workday_timetable to 2021-01-04 00:00:00+00:00, run_after=2021-01-05 00:00:00+00:00
[2025-04-30T00:45:48.029+0000] {processor.py:208} INFO - Processing /home/airflow/.local/lib/python3.12/site-packages/airflow/example_dags/example_workday_timetable.py took 0.146 seconds
[2025-04-30T00:46:18.333+0000] {processor.py:186} INFO - Started process (PID=2022) to work on /home/airflow/.local/lib/python3.12/site-packages/airflow/example_dags/example_workday_timetable.py
[2025-04-30T00:46:18.335+0000] {processor.py:914} INFO - Processing file /home/airflow/.local/lib/python3.12/site-packages/airflow/example_dags/example_workday_timetable.py for tasks to queue
[2025-04-30T00:46:18.336+0000] {logging_mixin.py:190} INFO - [2025-04-30T00:46:18.336+0000] {dagbag.py:587} INFO - Filling up the DagBag from /home/airflow/.local/lib/python3.12/site-packages/airflow/example_dags/example_workday_timetable.py
[2025-04-30T00:46:18.342+0000] {processor.py:925} INFO - DAG(s) 'example_workday_timetable' retrieved from /home/airflow/.local/lib/python3.12/site-packages/airflow/example_dags/example_workday_timetable.py
[2025-04-30T00:46:18.369+0000] {logging_mixin.py:190} INFO - [2025-04-30T00:46:18.368+0000] {dag.py:3211} INFO - Sync 1 DAGs
[2025-04-30T00:46:18.448+0000] {logging_mixin.py:190} INFO - [2025-04-30T00:46:18.447+0000] {dag.py:4138} INFO - Setting next_dagrun for example_workday_timetable to 2021-01-04 00:00:00+00:00, run_after=2021-01-05 00:00:00+00:00
[2025-04-30T00:46:18.470+0000] {processor.py:208} INFO - Processing /home/airflow/.local/lib/python3.12/site-packages/airflow/example_dags/example_workday_timetable.py took 0.144 seconds
[2025-04-30T00:46:48.781+0000] {processor.py:186} INFO - Started process (PID=2085) to work on /home/airflow/.local/lib/python3.12/site-packages/airflow/example_dags/example_workday_timetable.py
[2025-04-30T00:46:48.782+0000] {processor.py:914} INFO - Processing file /home/airflow/.local/lib/python3.12/site-packages/airflow/example_dags/example_workday_timetable.py for tasks to queue
[2025-04-30T00:46:48.783+0000] {logging_mixin.py:190} INFO - [2025-04-30T00:46:48.783+0000] {dagbag.py:587} INFO - Filling up the DagBag from /home/airflow/.local/lib/python3.12/site-packages/airflow/example_dags/example_workday_timetable.py
[2025-04-30T00:46:48.790+0000] {processor.py:925} INFO - DAG(s) 'example_workday_timetable' retrieved from /home/airflow/.local/lib/python3.12/site-packages/airflow/example_dags/example_workday_timetable.py
[2025-04-30T00:46:48.815+0000] {logging_mixin.py:190} INFO - [2025-04-30T00:46:48.815+0000] {dag.py:3211} INFO - Sync 1 DAGs
[2025-04-30T00:46:48.893+0000] {logging_mixin.py:190} INFO - [2025-04-30T00:46:48.893+0000] {dag.py:4138} INFO - Setting next_dagrun for example_workday_timetable to 2021-01-04 00:00:00+00:00, run_after=2021-01-05 00:00:00+00:00
[2025-04-30T00:46:48.917+0000] {processor.py:208} INFO - Processing /home/airflow/.local/lib/python3.12/site-packages/airflow/example_dags/example_workday_timetable.py took 0.143 seconds
[2025-04-30T00:47:19.605+0000] {processor.py:186} INFO - Started process (PID=2148) to work on /home/airflow/.local/lib/python3.12/site-packages/airflow/example_dags/example_workday_timetable.py
[2025-04-30T00:47:19.606+0000] {processor.py:914} INFO - Processing file /home/airflow/.local/lib/python3.12/site-packages/airflow/example_dags/example_workday_timetable.py for tasks to queue
[2025-04-30T00:47:19.609+0000] {logging_mixin.py:190} INFO - [2025-04-30T00:47:19.608+0000] {dagbag.py:587} INFO - Filling up the DagBag from /home/airflow/.local/lib/python3.12/site-packages/airflow/example_dags/example_workday_timetable.py
[2025-04-30T00:47:19.615+0000] {processor.py:925} INFO - DAG(s) 'example_workday_timetable' retrieved from /home/airflow/.local/lib/python3.12/site-packages/airflow/example_dags/example_workday_timetable.py
[2025-04-30T00:47:19.642+0000] {logging_mixin.py:190} INFO - [2025-04-30T00:47:19.642+0000] {dag.py:3211} INFO - Sync 1 DAGs
[2025-04-30T00:47:19.719+0000] {logging_mixin.py:190} INFO - [2025-04-30T00:47:19.718+0000] {dag.py:4138} INFO - Setting next_dagrun for example_workday_timetable to 2021-01-04 00:00:00+00:00, run_after=2021-01-05 00:00:00+00:00
[2025-04-30T00:47:19.739+0000] {processor.py:208} INFO - Processing /home/airflow/.local/lib/python3.12/site-packages/airflow/example_dags/example_workday_timetable.py took 0.141 seconds
[2025-04-30T00:47:49.894+0000] {processor.py:186} INFO - Started process (PID=2211) to work on /home/airflow/.local/lib/python3.12/site-packages/airflow/example_dags/example_workday_timetable.py
[2025-04-30T00:47:49.895+0000] {processor.py:914} INFO - Processing file /home/airflow/.local/lib/python3.12/site-packages/airflow/example_dags/example_workday_timetable.py for tasks to queue
[2025-04-30T00:47:49.898+0000] {logging_mixin.py:190} INFO - [2025-04-30T00:47:49.897+0000] {dagbag.py:587} INFO - Filling up the DagBag from /home/airflow/.local/lib/python3.12/site-packages/airflow/example_dags/example_workday_timetable.py
[2025-04-30T00:47:49.908+0000] {processor.py:925} INFO - DAG(s) 'example_workday_timetable' retrieved from /home/airflow/.local/lib/python3.12/site-packages/airflow/example_dags/example_workday_timetable.py
[2025-04-30T00:47:49.934+0000] {logging_mixin.py:190} INFO - [2025-04-30T00:47:49.934+0000] {dag.py:3211} INFO - Sync 1 DAGs
[2025-04-30T00:47:50.013+0000] {logging_mixin.py:190} INFO - [2025-04-30T00:47:50.013+0000] {dag.py:4138} INFO - Setting next_dagrun for example_workday_timetable to 2021-01-04 00:00:00+00:00, run_after=2021-01-05 00:00:00+00:00
[2025-04-30T00:47:50.036+0000] {processor.py:208} INFO - Processing /home/airflow/.local/lib/python3.12/site-packages/airflow/example_dags/example_workday_timetable.py took 0.152 seconds
[2025-04-30T00:48:20.744+0000] {processor.py:186} INFO - Started process (PID=2274) to work on /home/airflow/.local/lib/python3.12/site-packages/airflow/example_dags/example_workday_timetable.py
[2025-04-30T00:48:20.745+0000] {processor.py:914} INFO - Processing file /home/airflow/.local/lib/python3.12/site-packages/airflow/example_dags/example_workday_timetable.py for tasks to queue
[2025-04-30T00:48:20.747+0000] {logging_mixin.py:190} INFO - [2025-04-30T00:48:20.747+0000] {dagbag.py:587} INFO - Filling up the DagBag from /home/airflow/.local/lib/python3.12/site-packages/airflow/example_dags/example_workday_timetable.py
[2025-04-30T00:48:20.758+0000] {processor.py:925} INFO - DAG(s) 'example_workday_timetable' retrieved from /home/airflow/.local/lib/python3.12/site-packages/airflow/example_dags/example_workday_timetable.py
[2025-04-30T00:48:20.796+0000] {logging_mixin.py:190} INFO - [2025-04-30T00:48:20.796+0000] {dag.py:3211} INFO - Sync 1 DAGs
[2025-04-30T00:48:20.914+0000] {logging_mixin.py:190} INFO - [2025-04-30T00:48:20.913+0000] {dag.py:4138} INFO - Setting next_dagrun for example_workday_timetable to 2021-01-04 00:00:00+00:00, run_after=2021-01-05 00:00:00+00:00
[2025-04-30T00:48:20.947+0000] {processor.py:208} INFO - Processing /home/airflow/.local/lib/python3.12/site-packages/airflow/example_dags/example_workday_timetable.py took 0.214 seconds
[2025-04-30T00:48:51.715+0000] {processor.py:186} INFO - Started process (PID=2337) to work on /home/airflow/.local/lib/python3.12/site-packages/airflow/example_dags/example_workday_timetable.py
[2025-04-30T00:48:51.717+0000] {processor.py:914} INFO - Processing file /home/airflow/.local/lib/python3.12/site-packages/airflow/example_dags/example_workday_timetable.py for tasks to queue
[2025-04-30T00:48:51.718+0000] {logging_mixin.py:190} INFO - [2025-04-30T00:48:51.718+0000] {dagbag.py:587} INFO - Filling up the DagBag from /home/airflow/.local/lib/python3.12/site-packages/airflow/example_dags/example_workday_timetable.py
[2025-04-30T00:48:51.724+0000] {processor.py:925} INFO - DAG(s) 'example_workday_timetable' retrieved from /home/airflow/.local/lib/python3.12/site-packages/airflow/example_dags/example_workday_timetable.py
[2025-04-30T00:48:51.747+0000] {logging_mixin.py:190} INFO - [2025-04-30T00:48:51.747+0000] {dag.py:3211} INFO - Sync 1 DAGs
[2025-04-30T00:48:51.865+0000] {logging_mixin.py:190} INFO - [2025-04-30T00:48:51.864+0000] {dag.py:4138} INFO - Setting next_dagrun for example_workday_timetable to 2021-01-04 00:00:00+00:00, run_after=2021-01-05 00:00:00+00:00
[2025-04-30T00:48:51.894+0000] {processor.py:208} INFO - Processing /home/airflow/.local/lib/python3.12/site-packages/airflow/example_dags/example_workday_timetable.py took 0.185 seconds
[2025-04-30T00:49:22.418+0000] {processor.py:186} INFO - Started process (PID=2400) to work on /home/airflow/.local/lib/python3.12/site-packages/airflow/example_dags/example_workday_timetable.py
[2025-04-30T00:49:22.420+0000] {processor.py:914} INFO - Processing file /home/airflow/.local/lib/python3.12/site-packages/airflow/example_dags/example_workday_timetable.py for tasks to queue
[2025-04-30T00:49:22.422+0000] {logging_mixin.py:190} INFO - [2025-04-30T00:49:22.421+0000] {dagbag.py:587} INFO - Filling up the DagBag from /home/airflow/.local/lib/python3.12/site-packages/airflow/example_dags/example_workday_timetable.py
[2025-04-30T00:49:22.429+0000] {processor.py:925} INFO - DAG(s) 'example_workday_timetable' retrieved from /home/airflow/.local/lib/python3.12/site-packages/airflow/example_dags/example_workday_timetable.py
[2025-04-30T00:49:22.456+0000] {logging_mixin.py:190} INFO - [2025-04-30T00:49:22.456+0000] {dag.py:3211} INFO - Sync 1 DAGs
[2025-04-30T00:49:22.542+0000] {logging_mixin.py:190} INFO - [2025-04-30T00:49:22.541+0000] {dag.py:4138} INFO - Setting next_dagrun for example_workday_timetable to 2021-01-04 00:00:00+00:00, run_after=2021-01-05 00:00:00+00:00
[2025-04-30T00:49:22.567+0000] {processor.py:208} INFO - Processing /home/airflow/.local/lib/python3.12/site-packages/airflow/example_dags/example_workday_timetable.py took 0.158 seconds
[2025-04-30T00:49:53.186+0000] {processor.py:186} INFO - Started process (PID=2463) to work on /home/airflow/.local/lib/python3.12/site-packages/airflow/example_dags/example_workday_timetable.py
[2025-04-30T00:49:53.189+0000] {processor.py:914} INFO - Processing file /home/airflow/.local/lib/python3.12/site-packages/airflow/example_dags/example_workday_timetable.py for tasks to queue
[2025-04-30T00:49:53.192+0000] {logging_mixin.py:190} INFO - [2025-04-30T00:49:53.191+0000] {dagbag.py:587} INFO - Filling up the DagBag from /home/airflow/.local/lib/python3.12/site-packages/airflow/example_dags/example_workday_timetable.py
[2025-04-30T00:49:53.203+0000] {processor.py:925} INFO - DAG(s) 'example_workday_timetable' retrieved from /home/airflow/.local/lib/python3.12/site-packages/airflow/example_dags/example_workday_timetable.py
[2025-04-30T00:49:53.230+0000] {logging_mixin.py:190} INFO - [2025-04-30T00:49:53.230+0000] {dag.py:3211} INFO - Sync 1 DAGs
[2025-04-30T00:49:53.322+0000] {logging_mixin.py:190} INFO - [2025-04-30T00:49:53.322+0000] {dag.py:4138} INFO - Setting next_dagrun for example_workday_timetable to 2021-01-04 00:00:00+00:00, run_after=2021-01-05 00:00:00+00:00
[2025-04-30T00:49:53.346+0000] {processor.py:208} INFO - Processing /home/airflow/.local/lib/python3.12/site-packages/airflow/example_dags/example_workday_timetable.py took 0.175 seconds
[2025-04-30T00:50:23.681+0000] {processor.py:186} INFO - Started process (PID=2527) to work on /home/airflow/.local/lib/python3.12/site-packages/airflow/example_dags/example_workday_timetable.py
[2025-04-30T00:50:23.683+0000] {processor.py:914} INFO - Processing file /home/airflow/.local/lib/python3.12/site-packages/airflow/example_dags/example_workday_timetable.py for tasks to queue
[2025-04-30T00:50:23.684+0000] {logging_mixin.py:190} INFO - [2025-04-30T00:50:23.684+0000] {dagbag.py:587} INFO - Filling up the DagBag from /home/airflow/.local/lib/python3.12/site-packages/airflow/example_dags/example_workday_timetable.py
[2025-04-30T00:50:23.691+0000] {processor.py:925} INFO - DAG(s) 'example_workday_timetable' retrieved from /home/airflow/.local/lib/python3.12/site-packages/airflow/example_dags/example_workday_timetable.py
[2025-04-30T00:50:23.715+0000] {logging_mixin.py:190} INFO - [2025-04-30T00:50:23.715+0000] {dag.py:3211} INFO - Sync 1 DAGs
[2025-04-30T00:50:23.796+0000] {logging_mixin.py:190} INFO - [2025-04-30T00:50:23.795+0000] {dag.py:4138} INFO - Setting next_dagrun for example_workday_timetable to 2021-01-04 00:00:00+00:00, run_after=2021-01-05 00:00:00+00:00
[2025-04-30T00:50:23.818+0000] {processor.py:208} INFO - Processing /home/airflow/.local/lib/python3.12/site-packages/airflow/example_dags/example_workday_timetable.py took 0.143 seconds
[2025-04-30T00:50:54.409+0000] {processor.py:186} INFO - Started process (PID=2590) to work on /home/airflow/.local/lib/python3.12/site-packages/airflow/example_dags/example_workday_timetable.py
[2025-04-30T00:50:54.410+0000] {processor.py:914} INFO - Processing file /home/airflow/.local/lib/python3.12/site-packages/airflow/example_dags/example_workday_timetable.py for tasks to queue
[2025-04-30T00:50:54.412+0000] {logging_mixin.py:190} INFO - [2025-04-30T00:50:54.412+0000] {dagbag.py:587} INFO - Filling up the DagBag from /home/airflow/.local/lib/python3.12/site-packages/airflow/example_dags/example_workday_timetable.py
[2025-04-30T00:50:54.419+0000] {processor.py:925} INFO - DAG(s) 'example_workday_timetable' retrieved from /home/airflow/.local/lib/python3.12/site-packages/airflow/example_dags/example_workday_timetable.py
[2025-04-30T00:50:54.455+0000] {logging_mixin.py:190} INFO - [2025-04-30T00:50:54.455+0000] {dag.py:3211} INFO - Sync 1 DAGs
[2025-04-30T00:50:54.543+0000] {logging_mixin.py:190} INFO - [2025-04-30T00:50:54.542+0000] {dag.py:4138} INFO - Setting next_dagrun for example_workday_timetable to 2021-01-04 00:00:00+00:00, run_after=2021-01-05 00:00:00+00:00
[2025-04-30T00:50:54.568+0000] {processor.py:208} INFO - Processing /home/airflow/.local/lib/python3.12/site-packages/airflow/example_dags/example_workday_timetable.py took 0.166 seconds
[2025-04-30T00:51:24.939+0000] {processor.py:186} INFO - Started process (PID=2653) to work on /home/airflow/.local/lib/python3.12/site-packages/airflow/example_dags/example_workday_timetable.py
[2025-04-30T00:51:24.940+0000] {processor.py:914} INFO - Processing file /home/airflow/.local/lib/python3.12/site-packages/airflow/example_dags/example_workday_timetable.py for tasks to queue
[2025-04-30T00:51:24.942+0000] {logging_mixin.py:190} INFO - [2025-04-30T00:51:24.941+0000] {dagbag.py:587} INFO - Filling up the DagBag from /home/airflow/.local/lib/python3.12/site-packages/airflow/example_dags/example_workday_timetable.py
[2025-04-30T00:51:24.947+0000] {processor.py:925} INFO - DAG(s) 'example_workday_timetable' retrieved from /home/airflow/.local/lib/python3.12/site-packages/airflow/example_dags/example_workday_timetable.py
[2025-04-30T00:51:24.970+0000] {logging_mixin.py:190} INFO - [2025-04-30T00:51:24.970+0000] {dag.py:3211} INFO - Sync 1 DAGs
[2025-04-30T00:51:25.047+0000] {logging_mixin.py:190} INFO - [2025-04-30T00:51:25.046+0000] {dag.py:4138} INFO - Setting next_dagrun for example_workday_timetable to 2021-01-04 00:00:00+00:00, run_after=2021-01-05 00:00:00+00:00
[2025-04-30T00:51:25.074+0000] {processor.py:208} INFO - Processing /home/airflow/.local/lib/python3.12/site-packages/airflow/example_dags/example_workday_timetable.py took 0.141 seconds
[2025-04-30T00:59:34.057+0000] {processor.py:186} INFO - Started process (PID=2740) to work on /home/airflow/.local/lib/python3.12/site-packages/airflow/example_dags/example_workday_timetable.py
[2025-04-30T00:59:34.058+0000] {processor.py:914} INFO - Processing file /home/airflow/.local/lib/python3.12/site-packages/airflow/example_dags/example_workday_timetable.py for tasks to queue
[2025-04-30T00:59:34.060+0000] {logging_mixin.py:190} INFO - [2025-04-30T00:59:34.060+0000] {dagbag.py:587} INFO - Filling up the DagBag from /home/airflow/.local/lib/python3.12/site-packages/airflow/example_dags/example_workday_timetable.py
[2025-04-30T00:59:34.072+0000] {processor.py:925} INFO - DAG(s) 'example_workday_timetable' retrieved from /home/airflow/.local/lib/python3.12/site-packages/airflow/example_dags/example_workday_timetable.py
[2025-04-30T00:59:34.117+0000] {logging_mixin.py:190} INFO - [2025-04-30T00:59:34.116+0000] {dag.py:3211} INFO - Sync 1 DAGs
[2025-04-30T00:59:34.284+0000] {logging_mixin.py:190} INFO - [2025-04-30T00:59:34.283+0000] {dag.py:4138} INFO - Setting next_dagrun for example_workday_timetable to 2021-01-04 00:00:00+00:00, run_after=2021-01-05 00:00:00+00:00
[2025-04-30T00:59:34.314+0000] {processor.py:208} INFO - Processing /home/airflow/.local/lib/python3.12/site-packages/airflow/example_dags/example_workday_timetable.py took 0.268 seconds
[2025-04-30T01:00:04.872+0000] {processor.py:186} INFO - Started process (PID=2803) to work on /home/airflow/.local/lib/python3.12/site-packages/airflow/example_dags/example_workday_timetable.py
[2025-04-30T01:00:04.874+0000] {processor.py:914} INFO - Processing file /home/airflow/.local/lib/python3.12/site-packages/airflow/example_dags/example_workday_timetable.py for tasks to queue
[2025-04-30T01:00:04.876+0000] {logging_mixin.py:190} INFO - [2025-04-30T01:00:04.875+0000] {dagbag.py:587} INFO - Filling up the DagBag from /home/airflow/.local/lib/python3.12/site-packages/airflow/example_dags/example_workday_timetable.py
[2025-04-30T01:00:04.882+0000] {processor.py:925} INFO - DAG(s) 'example_workday_timetable' retrieved from /home/airflow/.local/lib/python3.12/site-packages/airflow/example_dags/example_workday_timetable.py
[2025-04-30T01:00:04.908+0000] {logging_mixin.py:190} INFO - [2025-04-30T01:00:04.908+0000] {dag.py:3211} INFO - Sync 1 DAGs
[2025-04-30T01:00:04.995+0000] {logging_mixin.py:190} INFO - [2025-04-30T01:00:04.994+0000] {dag.py:4138} INFO - Setting next_dagrun for example_workday_timetable to 2021-01-04 00:00:00+00:00, run_after=2021-01-05 00:00:00+00:00
[2025-04-30T01:00:05.021+0000] {processor.py:208} INFO - Processing /home/airflow/.local/lib/python3.12/site-packages/airflow/example_dags/example_workday_timetable.py took 0.158 seconds
[2025-04-30T01:00:35.268+0000] {processor.py:186} INFO - Started process (PID=2871) to work on /home/airflow/.local/lib/python3.12/site-packages/airflow/example_dags/example_workday_timetable.py
[2025-04-30T01:00:35.270+0000] {processor.py:914} INFO - Processing file /home/airflow/.local/lib/python3.12/site-packages/airflow/example_dags/example_workday_timetable.py for tasks to queue
[2025-04-30T01:00:35.271+0000] {logging_mixin.py:190} INFO - [2025-04-30T01:00:35.271+0000] {dagbag.py:587} INFO - Filling up the DagBag from /home/airflow/.local/lib/python3.12/site-packages/airflow/example_dags/example_workday_timetable.py
[2025-04-30T01:00:35.278+0000] {processor.py:925} INFO - DAG(s) 'example_workday_timetable' retrieved from /home/airflow/.local/lib/python3.12/site-packages/airflow/example_dags/example_workday_timetable.py
[2025-04-30T01:00:35.302+0000] {logging_mixin.py:190} INFO - [2025-04-30T01:00:35.302+0000] {dag.py:3211} INFO - Sync 1 DAGs
[2025-04-30T01:00:35.372+0000] {logging_mixin.py:190} INFO - [2025-04-30T01:00:35.371+0000] {dag.py:4138} INFO - Setting next_dagrun for example_workday_timetable to 2021-01-04 00:00:00+00:00, run_after=2021-01-05 00:00:00+00:00
[2025-04-30T01:00:35.392+0000] {processor.py:208} INFO - Processing /home/airflow/.local/lib/python3.12/site-packages/airflow/example_dags/example_workday_timetable.py took 0.131 seconds
[2025-04-30T01:01:05.982+0000] {processor.py:186} INFO - Started process (PID=2935) to work on /home/airflow/.local/lib/python3.12/site-packages/airflow/example_dags/example_workday_timetable.py
[2025-04-30T01:01:05.983+0000] {processor.py:914} INFO - Processing file /home/airflow/.local/lib/python3.12/site-packages/airflow/example_dags/example_workday_timetable.py for tasks to queue
[2025-04-30T01:01:05.985+0000] {logging_mixin.py:190} INFO - [2025-04-30T01:01:05.985+0000] {dagbag.py:587} INFO - Filling up the DagBag from /home/airflow/.local/lib/python3.12/site-packages/airflow/example_dags/example_workday_timetable.py
[2025-04-30T01:01:05.994+0000] {processor.py:925} INFO - DAG(s) 'example_workday_timetable' retrieved from /home/airflow/.local/lib/python3.12/site-packages/airflow/example_dags/example_workday_timetable.py
[2025-04-30T01:01:06.019+0000] {logging_mixin.py:190} INFO - [2025-04-30T01:01:06.018+0000] {dag.py:3211} INFO - Sync 1 DAGs
[2025-04-30T01:01:06.105+0000] {logging_mixin.py:190} INFO - [2025-04-30T01:01:06.105+0000] {dag.py:4138} INFO - Setting next_dagrun for example_workday_timetable to 2021-01-04 00:00:00+00:00, run_after=2021-01-05 00:00:00+00:00
[2025-04-30T01:01:06.127+0000] {processor.py:208} INFO - Processing /home/airflow/.local/lib/python3.12/site-packages/airflow/example_dags/example_workday_timetable.py took 0.156 seconds
[2025-04-30T01:01:36.868+0000] {processor.py:186} INFO - Started process (PID=2998) to work on /home/airflow/.local/lib/python3.12/site-packages/airflow/example_dags/example_workday_timetable.py
[2025-04-30T01:01:36.869+0000] {processor.py:914} INFO - Processing file /home/airflow/.local/lib/python3.12/site-packages/airflow/example_dags/example_workday_timetable.py for tasks to queue
[2025-04-30T01:01:36.872+0000] {logging_mixin.py:190} INFO - [2025-04-30T01:01:36.871+0000] {dagbag.py:587} INFO - Filling up the DagBag from /home/airflow/.local/lib/python3.12/site-packages/airflow/example_dags/example_workday_timetable.py
[2025-04-30T01:01:36.882+0000] {processor.py:925} INFO - DAG(s) 'example_workday_timetable' retrieved from /home/airflow/.local/lib/python3.12/site-packages/airflow/example_dags/example_workday_timetable.py
[2025-04-30T01:01:36.912+0000] {logging_mixin.py:190} INFO - [2025-04-30T01:01:36.912+0000] {dag.py:3211} INFO - Sync 1 DAGs
[2025-04-30T01:01:37.009+0000] {logging_mixin.py:190} INFO - [2025-04-30T01:01:37.009+0000] {dag.py:4138} INFO - Setting next_dagrun for example_workday_timetable to 2021-01-04 00:00:00+00:00, run_after=2021-01-05 00:00:00+00:00
[2025-04-30T01:01:37.048+0000] {processor.py:208} INFO - Processing /home/airflow/.local/lib/python3.12/site-packages/airflow/example_dags/example_workday_timetable.py took 0.188 seconds
[2025-04-30T01:02:07.735+0000] {processor.py:186} INFO - Started process (PID=3061) to work on /home/airflow/.local/lib/python3.12/site-packages/airflow/example_dags/example_workday_timetable.py
[2025-04-30T01:02:07.737+0000] {processor.py:914} INFO - Processing file /home/airflow/.local/lib/python3.12/site-packages/airflow/example_dags/example_workday_timetable.py for tasks to queue
[2025-04-30T01:02:07.739+0000] {logging_mixin.py:190} INFO - [2025-04-30T01:02:07.738+0000] {dagbag.py:587} INFO - Filling up the DagBag from /home/airflow/.local/lib/python3.12/site-packages/airflow/example_dags/example_workday_timetable.py
[2025-04-30T01:02:07.745+0000] {processor.py:925} INFO - DAG(s) 'example_workday_timetable' retrieved from /home/airflow/.local/lib/python3.12/site-packages/airflow/example_dags/example_workday_timetable.py
[2025-04-30T01:02:07.769+0000] {logging_mixin.py:190} INFO - [2025-04-30T01:02:07.768+0000] {dag.py:3211} INFO - Sync 1 DAGs
[2025-04-30T01:02:07.841+0000] {logging_mixin.py:190} INFO - [2025-04-30T01:02:07.841+0000] {dag.py:4138} INFO - Setting next_dagrun for example_workday_timetable to 2021-01-04 00:00:00+00:00, run_after=2021-01-05 00:00:00+00:00
[2025-04-30T01:02:07.861+0000] {processor.py:208} INFO - Processing /home/airflow/.local/lib/python3.12/site-packages/airflow/example_dags/example_workday_timetable.py took 0.133 seconds
[2025-04-30T01:02:38.205+0000] {processor.py:186} INFO - Started process (PID=3124) to work on /home/airflow/.local/lib/python3.12/site-packages/airflow/example_dags/example_workday_timetable.py
[2025-04-30T01:02:38.206+0000] {processor.py:914} INFO - Processing file /home/airflow/.local/lib/python3.12/site-packages/airflow/example_dags/example_workday_timetable.py for tasks to queue
[2025-04-30T01:02:38.208+0000] {logging_mixin.py:190} INFO - [2025-04-30T01:02:38.207+0000] {dagbag.py:587} INFO - Filling up the DagBag from /home/airflow/.local/lib/python3.12/site-packages/airflow/example_dags/example_workday_timetable.py
[2025-04-30T01:02:38.216+0000] {processor.py:925} INFO - DAG(s) 'example_workday_timetable' retrieved from /home/airflow/.local/lib/python3.12/site-packages/airflow/example_dags/example_workday_timetable.py
[2025-04-30T01:02:38.239+0000] {logging_mixin.py:190} INFO - [2025-04-30T01:02:38.239+0000] {dag.py:3211} INFO - Sync 1 DAGs
[2025-04-30T01:02:38.304+0000] {logging_mixin.py:190} INFO - [2025-04-30T01:02:38.303+0000] {dag.py:4138} INFO - Setting next_dagrun for example_workday_timetable to 2021-01-04 00:00:00+00:00, run_after=2021-01-05 00:00:00+00:00
[2025-04-30T01:02:38.325+0000] {processor.py:208} INFO - Processing /home/airflow/.local/lib/python3.12/site-packages/airflow/example_dags/example_workday_timetable.py took 0.128 seconds
[2025-04-30T01:03:09.422+0000] {processor.py:186} INFO - Started process (PID=3187) to work on /home/airflow/.local/lib/python3.12/site-packages/airflow/example_dags/example_workday_timetable.py
[2025-04-30T01:03:09.423+0000] {processor.py:914} INFO - Processing file /home/airflow/.local/lib/python3.12/site-packages/airflow/example_dags/example_workday_timetable.py for tasks to queue
[2025-04-30T01:03:09.424+0000] {logging_mixin.py:190} INFO - [2025-04-30T01:03:09.424+0000] {dagbag.py:587} INFO - Filling up the DagBag from /home/airflow/.local/lib/python3.12/site-packages/airflow/example_dags/example_workday_timetable.py
[2025-04-30T01:03:09.431+0000] {processor.py:925} INFO - DAG(s) 'example_workday_timetable' retrieved from /home/airflow/.local/lib/python3.12/site-packages/airflow/example_dags/example_workday_timetable.py
[2025-04-30T01:03:09.453+0000] {logging_mixin.py:190} INFO - [2025-04-30T01:03:09.452+0000] {dag.py:3211} INFO - Sync 1 DAGs
[2025-04-30T01:03:09.524+0000] {logging_mixin.py:190} INFO - [2025-04-30T01:03:09.523+0000] {dag.py:4138} INFO - Setting next_dagrun for example_workday_timetable to 2021-01-04 00:00:00+00:00, run_after=2021-01-05 00:00:00+00:00
[2025-04-30T01:03:09.544+0000] {processor.py:208} INFO - Processing /home/airflow/.local/lib/python3.12/site-packages/airflow/example_dags/example_workday_timetable.py took 0.129 seconds
[2025-04-30T01:03:42.674+0000] {processor.py:186} INFO - Started process (PID=3250) to work on /home/airflow/.local/lib/python3.12/site-packages/airflow/example_dags/example_workday_timetable.py
[2025-04-30T01:03:42.676+0000] {processor.py:914} INFO - Processing file /home/airflow/.local/lib/python3.12/site-packages/airflow/example_dags/example_workday_timetable.py for tasks to queue
[2025-04-30T01:03:42.677+0000] {logging_mixin.py:190} INFO - [2025-04-30T01:03:42.677+0000] {dagbag.py:587} INFO - Filling up the DagBag from /home/airflow/.local/lib/python3.12/site-packages/airflow/example_dags/example_workday_timetable.py
[2025-04-30T01:03:42.684+0000] {processor.py:925} INFO - DAG(s) 'example_workday_timetable' retrieved from /home/airflow/.local/lib/python3.12/site-packages/airflow/example_dags/example_workday_timetable.py
[2025-04-30T01:03:42.707+0000] {logging_mixin.py:190} INFO - [2025-04-30T01:03:42.707+0000] {dag.py:3211} INFO - Sync 1 DAGs
[2025-04-30T01:03:42.933+0000] {logging_mixin.py:190} INFO - [2025-04-30T01:03:42.933+0000] {dag.py:4138} INFO - Setting next_dagrun for example_workday_timetable to 2021-01-04 00:00:00+00:00, run_after=2021-01-05 00:00:00+00:00
[2025-04-30T01:03:42.951+0000] {processor.py:208} INFO - Processing /home/airflow/.local/lib/python3.12/site-packages/airflow/example_dags/example_workday_timetable.py took 0.283 seconds
[2025-04-30T01:04:13.803+0000] {processor.py:186} INFO - Started process (PID=3314) to work on /home/airflow/.local/lib/python3.12/site-packages/airflow/example_dags/example_workday_timetable.py
[2025-04-30T01:04:13.804+0000] {processor.py:914} INFO - Processing file /home/airflow/.local/lib/python3.12/site-packages/airflow/example_dags/example_workday_timetable.py for tasks to queue
[2025-04-30T01:04:13.805+0000] {logging_mixin.py:190} INFO - [2025-04-30T01:04:13.805+0000] {dagbag.py:587} INFO - Filling up the DagBag from /home/airflow/.local/lib/python3.12/site-packages/airflow/example_dags/example_workday_timetable.py
[2025-04-30T01:04:13.813+0000] {processor.py:925} INFO - DAG(s) 'example_workday_timetable' retrieved from /home/airflow/.local/lib/python3.12/site-packages/airflow/example_dags/example_workday_timetable.py
[2025-04-30T01:04:13.837+0000] {logging_mixin.py:190} INFO - [2025-04-30T01:04:13.836+0000] {dag.py:3211} INFO - Sync 1 DAGs
[2025-04-30T01:04:14.092+0000] {logging_mixin.py:190} INFO - [2025-04-30T01:04:14.092+0000] {dag.py:4138} INFO - Setting next_dagrun for example_workday_timetable to 2021-01-04 00:00:00+00:00, run_after=2021-01-05 00:00:00+00:00
[2025-04-30T01:04:14.113+0000] {processor.py:208} INFO - Processing /home/airflow/.local/lib/python3.12/site-packages/airflow/example_dags/example_workday_timetable.py took 0.317 seconds
[2025-04-30T01:04:44.624+0000] {processor.py:186} INFO - Started process (PID=3377) to work on /home/airflow/.local/lib/python3.12/site-packages/airflow/example_dags/example_workday_timetable.py
[2025-04-30T01:04:44.626+0000] {processor.py:914} INFO - Processing file /home/airflow/.local/lib/python3.12/site-packages/airflow/example_dags/example_workday_timetable.py for tasks to queue
[2025-04-30T01:04:44.627+0000] {logging_mixin.py:190} INFO - [2025-04-30T01:04:44.627+0000] {dagbag.py:587} INFO - Filling up the DagBag from /home/airflow/.local/lib/python3.12/site-packages/airflow/example_dags/example_workday_timetable.py
[2025-04-30T01:04:44.635+0000] {processor.py:925} INFO - DAG(s) 'example_workday_timetable' retrieved from /home/airflow/.local/lib/python3.12/site-packages/airflow/example_dags/example_workday_timetable.py
[2025-04-30T01:04:44.660+0000] {logging_mixin.py:190} INFO - [2025-04-30T01:04:44.660+0000] {dag.py:3211} INFO - Sync 1 DAGs
[2025-04-30T01:04:44.730+0000] {logging_mixin.py:190} INFO - [2025-04-30T01:04:44.730+0000] {dag.py:4138} INFO - Setting next_dagrun for example_workday_timetable to 2021-01-04 00:00:00+00:00, run_after=2021-01-05 00:00:00+00:00
[2025-04-30T01:04:44.750+0000] {processor.py:208} INFO - Processing /home/airflow/.local/lib/python3.12/site-packages/airflow/example_dags/example_workday_timetable.py took 0.133 seconds
[2025-04-30T01:05:15.369+0000] {processor.py:186} INFO - Started process (PID=3440) to work on /home/airflow/.local/lib/python3.12/site-packages/airflow/example_dags/example_workday_timetable.py
[2025-04-30T01:05:15.370+0000] {processor.py:914} INFO - Processing file /home/airflow/.local/lib/python3.12/site-packages/airflow/example_dags/example_workday_timetable.py for tasks to queue
[2025-04-30T01:05:15.371+0000] {logging_mixin.py:190} INFO - [2025-04-30T01:05:15.371+0000] {dagbag.py:587} INFO - Filling up the DagBag from /home/airflow/.local/lib/python3.12/site-packages/airflow/example_dags/example_workday_timetable.py
[2025-04-30T01:05:15.379+0000] {processor.py:925} INFO - DAG(s) 'example_workday_timetable' retrieved from /home/airflow/.local/lib/python3.12/site-packages/airflow/example_dags/example_workday_timetable.py
[2025-04-30T01:05:15.405+0000] {logging_mixin.py:190} INFO - [2025-04-30T01:05:15.405+0000] {dag.py:3211} INFO - Sync 1 DAGs
[2025-04-30T01:05:15.475+0000] {logging_mixin.py:190} INFO - [2025-04-30T01:05:15.474+0000] {dag.py:4138} INFO - Setting next_dagrun for example_workday_timetable to 2021-01-04 00:00:00+00:00, run_after=2021-01-05 00:00:00+00:00
[2025-04-30T01:05:15.500+0000] {processor.py:208} INFO - Processing /home/airflow/.local/lib/python3.12/site-packages/airflow/example_dags/example_workday_timetable.py took 0.138 seconds
[2025-04-30T01:05:45.980+0000] {processor.py:186} INFO - Started process (PID=3503) to work on /home/airflow/.local/lib/python3.12/site-packages/airflow/example_dags/example_workday_timetable.py
[2025-04-30T01:05:45.981+0000] {processor.py:914} INFO - Processing file /home/airflow/.local/lib/python3.12/site-packages/airflow/example_dags/example_workday_timetable.py for tasks to queue
[2025-04-30T01:05:45.983+0000] {logging_mixin.py:190} INFO - [2025-04-30T01:05:45.982+0000] {dagbag.py:587} INFO - Filling up the DagBag from /home/airflow/.local/lib/python3.12/site-packages/airflow/example_dags/example_workday_timetable.py
[2025-04-30T01:05:45.990+0000] {processor.py:925} INFO - DAG(s) 'example_workday_timetable' retrieved from /home/airflow/.local/lib/python3.12/site-packages/airflow/example_dags/example_workday_timetable.py
[2025-04-30T01:05:46.015+0000] {logging_mixin.py:190} INFO - [2025-04-30T01:05:46.014+0000] {dag.py:3211} INFO - Sync 1 DAGs
[2025-04-30T01:05:46.086+0000] {logging_mixin.py:190} INFO - [2025-04-30T01:05:46.086+0000] {dag.py:4138} INFO - Setting next_dagrun for example_workday_timetable to 2021-01-04 00:00:00+00:00, run_after=2021-01-05 00:00:00+00:00
[2025-04-30T01:05:46.108+0000] {processor.py:208} INFO - Processing /home/airflow/.local/lib/python3.12/site-packages/airflow/example_dags/example_workday_timetable.py took 0.136 seconds
[2025-04-30T01:06:16.814+0000] {processor.py:186} INFO - Started process (PID=3566) to work on /home/airflow/.local/lib/python3.12/site-packages/airflow/example_dags/example_workday_timetable.py
[2025-04-30T01:06:16.815+0000] {processor.py:914} INFO - Processing file /home/airflow/.local/lib/python3.12/site-packages/airflow/example_dags/example_workday_timetable.py for tasks to queue
[2025-04-30T01:06:16.817+0000] {logging_mixin.py:190} INFO - [2025-04-30T01:06:16.816+0000] {dagbag.py:587} INFO - Filling up the DagBag from /home/airflow/.local/lib/python3.12/site-packages/airflow/example_dags/example_workday_timetable.py
[2025-04-30T01:06:16.822+0000] {processor.py:925} INFO - DAG(s) 'example_workday_timetable' retrieved from /home/airflow/.local/lib/python3.12/site-packages/airflow/example_dags/example_workday_timetable.py
[2025-04-30T01:06:16.845+0000] {logging_mixin.py:190} INFO - [2025-04-30T01:06:16.844+0000] {dag.py:3211} INFO - Sync 1 DAGs
[2025-04-30T01:06:16.915+0000] {logging_mixin.py:190} INFO - [2025-04-30T01:06:16.914+0000] {dag.py:4138} INFO - Setting next_dagrun for example_workday_timetable to 2021-01-04 00:00:00+00:00, run_after=2021-01-05 00:00:00+00:00
[2025-04-30T01:06:16.938+0000] {processor.py:208} INFO - Processing /home/airflow/.local/lib/python3.12/site-packages/airflow/example_dags/example_workday_timetable.py took 0.130 seconds
[2025-04-30T01:06:47.366+0000] {processor.py:186} INFO - Started process (PID=3629) to work on /home/airflow/.local/lib/python3.12/site-packages/airflow/example_dags/example_workday_timetable.py
[2025-04-30T01:06:47.367+0000] {processor.py:914} INFO - Processing file /home/airflow/.local/lib/python3.12/site-packages/airflow/example_dags/example_workday_timetable.py for tasks to queue
[2025-04-30T01:06:47.368+0000] {logging_mixin.py:190} INFO - [2025-04-30T01:06:47.368+0000] {dagbag.py:587} INFO - Filling up the DagBag from /home/airflow/.local/lib/python3.12/site-packages/airflow/example_dags/example_workday_timetable.py
[2025-04-30T01:06:47.375+0000] {processor.py:925} INFO - DAG(s) 'example_workday_timetable' retrieved from /home/airflow/.local/lib/python3.12/site-packages/airflow/example_dags/example_workday_timetable.py
[2025-04-30T01:06:47.399+0000] {logging_mixin.py:190} INFO - [2025-04-30T01:06:47.399+0000] {dag.py:3211} INFO - Sync 1 DAGs
[2025-04-30T01:06:47.482+0000] {logging_mixin.py:190} INFO - [2025-04-30T01:06:47.481+0000] {dag.py:4138} INFO - Setting next_dagrun for example_workday_timetable to 2021-01-04 00:00:00+00:00, run_after=2021-01-05 00:00:00+00:00
[2025-04-30T01:06:47.507+0000] {processor.py:208} INFO - Processing /home/airflow/.local/lib/python3.12/site-packages/airflow/example_dags/example_workday_timetable.py took 0.148 seconds
[2025-04-30T01:07:17.786+0000] {processor.py:186} INFO - Started process (PID=3692) to work on /home/airflow/.local/lib/python3.12/site-packages/airflow/example_dags/example_workday_timetable.py
[2025-04-30T01:07:17.788+0000] {processor.py:914} INFO - Processing file /home/airflow/.local/lib/python3.12/site-packages/airflow/example_dags/example_workday_timetable.py for tasks to queue
[2025-04-30T01:07:17.789+0000] {logging_mixin.py:190} INFO - [2025-04-30T01:07:17.789+0000] {dagbag.py:587} INFO - Filling up the DagBag from /home/airflow/.local/lib/python3.12/site-packages/airflow/example_dags/example_workday_timetable.py
[2025-04-30T01:07:17.794+0000] {processor.py:925} INFO - DAG(s) 'example_workday_timetable' retrieved from /home/airflow/.local/lib/python3.12/site-packages/airflow/example_dags/example_workday_timetable.py
[2025-04-30T01:07:17.816+0000] {logging_mixin.py:190} INFO - [2025-04-30T01:07:17.816+0000] {dag.py:3211} INFO - Sync 1 DAGs
[2025-04-30T01:07:17.901+0000] {logging_mixin.py:190} INFO - [2025-04-30T01:07:17.900+0000] {dag.py:4138} INFO - Setting next_dagrun for example_workday_timetable to 2021-01-04 00:00:00+00:00, run_after=2021-01-05 00:00:00+00:00
[2025-04-30T01:07:17.926+0000] {processor.py:208} INFO - Processing /home/airflow/.local/lib/python3.12/site-packages/airflow/example_dags/example_workday_timetable.py took 0.146 seconds
[2025-04-30T01:07:48.796+0000] {processor.py:186} INFO - Started process (PID=3755) to work on /home/airflow/.local/lib/python3.12/site-packages/airflow/example_dags/example_workday_timetable.py
[2025-04-30T01:07:48.797+0000] {processor.py:914} INFO - Processing file /home/airflow/.local/lib/python3.12/site-packages/airflow/example_dags/example_workday_timetable.py for tasks to queue
[2025-04-30T01:07:48.799+0000] {logging_mixin.py:190} INFO - [2025-04-30T01:07:48.799+0000] {dagbag.py:587} INFO - Filling up the DagBag from /home/airflow/.local/lib/python3.12/site-packages/airflow/example_dags/example_workday_timetable.py
[2025-04-30T01:07:48.805+0000] {processor.py:925} INFO - DAG(s) 'example_workday_timetable' retrieved from /home/airflow/.local/lib/python3.12/site-packages/airflow/example_dags/example_workday_timetable.py
[2025-04-30T01:07:48.832+0000] {logging_mixin.py:190} INFO - [2025-04-30T01:07:48.832+0000] {dag.py:3211} INFO - Sync 1 DAGs
[2025-04-30T01:07:48.906+0000] {logging_mixin.py:190} INFO - [2025-04-30T01:07:48.905+0000] {dag.py:4138} INFO - Setting next_dagrun for example_workday_timetable to 2021-01-04 00:00:00+00:00, run_after=2021-01-05 00:00:00+00:00
[2025-04-30T01:07:48.933+0000] {processor.py:208} INFO - Processing /home/airflow/.local/lib/python3.12/site-packages/airflow/example_dags/example_workday_timetable.py took 0.144 seconds
[2025-04-30T01:08:19.355+0000] {processor.py:186} INFO - Started process (PID=3817) to work on /home/airflow/.local/lib/python3.12/site-packages/airflow/example_dags/example_workday_timetable.py
[2025-04-30T01:08:19.357+0000] {processor.py:914} INFO - Processing file /home/airflow/.local/lib/python3.12/site-packages/airflow/example_dags/example_workday_timetable.py for tasks to queue
[2025-04-30T01:08:19.358+0000] {logging_mixin.py:190} INFO - [2025-04-30T01:08:19.358+0000] {dagbag.py:587} INFO - Filling up the DagBag from /home/airflow/.local/lib/python3.12/site-packages/airflow/example_dags/example_workday_timetable.py
[2025-04-30T01:08:19.365+0000] {processor.py:925} INFO - DAG(s) 'example_workday_timetable' retrieved from /home/airflow/.local/lib/python3.12/site-packages/airflow/example_dags/example_workday_timetable.py
[2025-04-30T01:08:19.390+0000] {logging_mixin.py:190} INFO - [2025-04-30T01:08:19.390+0000] {dag.py:3211} INFO - Sync 1 DAGs
[2025-04-30T01:08:19.477+0000] {logging_mixin.py:190} INFO - [2025-04-30T01:08:19.476+0000] {dag.py:4138} INFO - Setting next_dagrun for example_workday_timetable to 2021-01-04 00:00:00+00:00, run_after=2021-01-05 00:00:00+00:00
[2025-04-30T01:08:19.505+0000] {processor.py:208} INFO - Processing /home/airflow/.local/lib/python3.12/site-packages/airflow/example_dags/example_workday_timetable.py took 0.156 seconds
[2025-04-30T01:08:50.399+0000] {processor.py:186} INFO - Started process (PID=3885) to work on /home/airflow/.local/lib/python3.12/site-packages/airflow/example_dags/example_workday_timetable.py
[2025-04-30T01:08:50.401+0000] {processor.py:914} INFO - Processing file /home/airflow/.local/lib/python3.12/site-packages/airflow/example_dags/example_workday_timetable.py for tasks to queue
[2025-04-30T01:08:50.402+0000] {logging_mixin.py:190} INFO - [2025-04-30T01:08:50.402+0000] {dagbag.py:587} INFO - Filling up the DagBag from /home/airflow/.local/lib/python3.12/site-packages/airflow/example_dags/example_workday_timetable.py
[2025-04-30T01:08:50.410+0000] {processor.py:925} INFO - DAG(s) 'example_workday_timetable' retrieved from /home/airflow/.local/lib/python3.12/site-packages/airflow/example_dags/example_workday_timetable.py
[2025-04-30T01:08:50.436+0000] {logging_mixin.py:190} INFO - [2025-04-30T01:08:50.436+0000] {dag.py:3211} INFO - Sync 1 DAGs
[2025-04-30T01:08:50.523+0000] {logging_mixin.py:190} INFO - [2025-04-30T01:08:50.523+0000] {dag.py:4138} INFO - Setting next_dagrun for example_workday_timetable to 2021-01-04 00:00:00+00:00, run_after=2021-01-05 00:00:00+00:00
[2025-04-30T01:08:50.557+0000] {processor.py:208} INFO - Processing /home/airflow/.local/lib/python3.12/site-packages/airflow/example_dags/example_workday_timetable.py took 0.164 seconds
[2025-04-30T01:09:20.641+0000] {processor.py:186} INFO - Started process (PID=3947) to work on /home/airflow/.local/lib/python3.12/site-packages/airflow/example_dags/example_workday_timetable.py
[2025-04-30T01:09:20.643+0000] {processor.py:914} INFO - Processing file /home/airflow/.local/lib/python3.12/site-packages/airflow/example_dags/example_workday_timetable.py for tasks to queue
[2025-04-30T01:09:20.644+0000] {logging_mixin.py:190} INFO - [2025-04-30T01:09:20.644+0000] {dagbag.py:587} INFO - Filling up the DagBag from /home/airflow/.local/lib/python3.12/site-packages/airflow/example_dags/example_workday_timetable.py
[2025-04-30T01:09:20.651+0000] {processor.py:925} INFO - DAG(s) 'example_workday_timetable' retrieved from /home/airflow/.local/lib/python3.12/site-packages/airflow/example_dags/example_workday_timetable.py
[2025-04-30T01:09:20.675+0000] {logging_mixin.py:190} INFO - [2025-04-30T01:09:20.675+0000] {dag.py:3211} INFO - Sync 1 DAGs
[2025-04-30T01:09:20.753+0000] {logging_mixin.py:190} INFO - [2025-04-30T01:09:20.752+0000] {dag.py:4138} INFO - Setting next_dagrun for example_workday_timetable to 2021-01-04 00:00:00+00:00, run_after=2021-01-05 00:00:00+00:00
[2025-04-30T01:09:20.779+0000] {processor.py:208} INFO - Processing /home/airflow/.local/lib/python3.12/site-packages/airflow/example_dags/example_workday_timetable.py took 0.144 seconds
[2025-04-30T01:09:50.888+0000] {processor.py:186} INFO - Started process (PID=4009) to work on /home/airflow/.local/lib/python3.12/site-packages/airflow/example_dags/example_workday_timetable.py
[2025-04-30T01:09:50.889+0000] {processor.py:914} INFO - Processing file /home/airflow/.local/lib/python3.12/site-packages/airflow/example_dags/example_workday_timetable.py for tasks to queue
[2025-04-30T01:09:50.891+0000] {logging_mixin.py:190} INFO - [2025-04-30T01:09:50.890+0000] {dagbag.py:587} INFO - Filling up the DagBag from /home/airflow/.local/lib/python3.12/site-packages/airflow/example_dags/example_workday_timetable.py
[2025-04-30T01:09:50.898+0000] {processor.py:925} INFO - DAG(s) 'example_workday_timetable' retrieved from /home/airflow/.local/lib/python3.12/site-packages/airflow/example_dags/example_workday_timetable.py
[2025-04-30T01:09:50.924+0000] {logging_mixin.py:190} INFO - [2025-04-30T01:09:50.923+0000] {dag.py:3211} INFO - Sync 1 DAGs
[2025-04-30T01:09:51.022+0000] {logging_mixin.py:190} INFO - [2025-04-30T01:09:51.022+0000] {dag.py:4138} INFO - Setting next_dagrun for example_workday_timetable to 2021-01-04 00:00:00+00:00, run_after=2021-01-05 00:00:00+00:00
[2025-04-30T01:09:51.046+0000] {processor.py:208} INFO - Processing /home/airflow/.local/lib/python3.12/site-packages/airflow/example_dags/example_workday_timetable.py took 0.165 seconds
[2025-04-30T01:10:21.653+0000] {processor.py:186} INFO - Started process (PID=4071) to work on /home/airflow/.local/lib/python3.12/site-packages/airflow/example_dags/example_workday_timetable.py
[2025-04-30T01:10:21.654+0000] {processor.py:914} INFO - Processing file /home/airflow/.local/lib/python3.12/site-packages/airflow/example_dags/example_workday_timetable.py for tasks to queue
[2025-04-30T01:10:21.656+0000] {logging_mixin.py:190} INFO - [2025-04-30T01:10:21.655+0000] {dagbag.py:587} INFO - Filling up the DagBag from /home/airflow/.local/lib/python3.12/site-packages/airflow/example_dags/example_workday_timetable.py
[2025-04-30T01:10:21.663+0000] {processor.py:925} INFO - DAG(s) 'example_workday_timetable' retrieved from /home/airflow/.local/lib/python3.12/site-packages/airflow/example_dags/example_workday_timetable.py
[2025-04-30T01:10:21.687+0000] {logging_mixin.py:190} INFO - [2025-04-30T01:10:21.687+0000] {dag.py:3211} INFO - Sync 1 DAGs
[2025-04-30T01:10:21.776+0000] {logging_mixin.py:190} INFO - [2025-04-30T01:10:21.776+0000] {dag.py:4138} INFO - Setting next_dagrun for example_workday_timetable to 2021-01-04 00:00:00+00:00, run_after=2021-01-05 00:00:00+00:00
[2025-04-30T01:10:21.802+0000] {processor.py:208} INFO - Processing /home/airflow/.local/lib/python3.12/site-packages/airflow/example_dags/example_workday_timetable.py took 0.156 seconds
[2025-04-30T01:10:52.684+0000] {processor.py:186} INFO - Started process (PID=4133) to work on /home/airflow/.local/lib/python3.12/site-packages/airflow/example_dags/example_workday_timetable.py
[2025-04-30T01:10:52.685+0000] {processor.py:914} INFO - Processing file /home/airflow/.local/lib/python3.12/site-packages/airflow/example_dags/example_workday_timetable.py for tasks to queue
[2025-04-30T01:10:52.686+0000] {logging_mixin.py:190} INFO - [2025-04-30T01:10:52.686+0000] {dagbag.py:587} INFO - Filling up the DagBag from /home/airflow/.local/lib/python3.12/site-packages/airflow/example_dags/example_workday_timetable.py
[2025-04-30T01:10:52.694+0000] {processor.py:925} INFO - DAG(s) 'example_workday_timetable' retrieved from /home/airflow/.local/lib/python3.12/site-packages/airflow/example_dags/example_workday_timetable.py
[2025-04-30T01:10:52.722+0000] {logging_mixin.py:190} INFO - [2025-04-30T01:10:52.722+0000] {dag.py:3211} INFO - Sync 1 DAGs
[2025-04-30T01:10:52.810+0000] {logging_mixin.py:190} INFO - [2025-04-30T01:10:52.810+0000] {dag.py:4138} INFO - Setting next_dagrun for example_workday_timetable to 2021-01-04 00:00:00+00:00, run_after=2021-01-05 00:00:00+00:00
[2025-04-30T01:10:52.836+0000] {processor.py:208} INFO - Processing /home/airflow/.local/lib/python3.12/site-packages/airflow/example_dags/example_workday_timetable.py took 0.160 seconds
[2025-04-30T01:11:23.506+0000] {processor.py:186} INFO - Started process (PID=4195) to work on /home/airflow/.local/lib/python3.12/site-packages/airflow/example_dags/example_workday_timetable.py
[2025-04-30T01:11:23.507+0000] {processor.py:914} INFO - Processing file /home/airflow/.local/lib/python3.12/site-packages/airflow/example_dags/example_workday_timetable.py for tasks to queue
[2025-04-30T01:11:23.508+0000] {logging_mixin.py:190} INFO - [2025-04-30T01:11:23.508+0000] {dagbag.py:587} INFO - Filling up the DagBag from /home/airflow/.local/lib/python3.12/site-packages/airflow/example_dags/example_workday_timetable.py
[2025-04-30T01:11:23.514+0000] {processor.py:925} INFO - DAG(s) 'example_workday_timetable' retrieved from /home/airflow/.local/lib/python3.12/site-packages/airflow/example_dags/example_workday_timetable.py
[2025-04-30T01:11:23.535+0000] {logging_mixin.py:190} INFO - [2025-04-30T01:11:23.535+0000] {dag.py:3211} INFO - Sync 1 DAGs
[2025-04-30T01:11:23.604+0000] {logging_mixin.py:190} INFO - [2025-04-30T01:11:23.603+0000] {dag.py:4138} INFO - Setting next_dagrun for example_workday_timetable to 2021-01-04 00:00:00+00:00, run_after=2021-01-05 00:00:00+00:00
[2025-04-30T01:11:23.623+0000] {processor.py:208} INFO - Processing /home/airflow/.local/lib/python3.12/site-packages/airflow/example_dags/example_workday_timetable.py took 0.124 seconds
[2025-04-30T01:11:54.467+0000] {processor.py:186} INFO - Started process (PID=4257) to work on /home/airflow/.local/lib/python3.12/site-packages/airflow/example_dags/example_workday_timetable.py
[2025-04-30T01:11:54.468+0000] {processor.py:914} INFO - Processing file /home/airflow/.local/lib/python3.12/site-packages/airflow/example_dags/example_workday_timetable.py for tasks to queue
[2025-04-30T01:11:54.471+0000] {logging_mixin.py:190} INFO - [2025-04-30T01:11:54.470+0000] {dagbag.py:587} INFO - Filling up the DagBag from /home/airflow/.local/lib/python3.12/site-packages/airflow/example_dags/example_workday_timetable.py
[2025-04-30T01:11:54.478+0000] {processor.py:925} INFO - DAG(s) 'example_workday_timetable' retrieved from /home/airflow/.local/lib/python3.12/site-packages/airflow/example_dags/example_workday_timetable.py
[2025-04-30T01:11:54.507+0000] {logging_mixin.py:190} INFO - [2025-04-30T01:11:54.506+0000] {dag.py:3211} INFO - Sync 1 DAGs
[2025-04-30T01:11:54.609+0000] {logging_mixin.py:190} INFO - [2025-04-30T01:11:54.609+0000] {dag.py:4138} INFO - Setting next_dagrun for example_workday_timetable to 2021-01-04 00:00:00+00:00, run_after=2021-01-05 00:00:00+00:00
[2025-04-30T01:11:54.641+0000] {processor.py:208} INFO - Processing /home/airflow/.local/lib/python3.12/site-packages/airflow/example_dags/example_workday_timetable.py took 0.182 seconds
