[2025-04-30T00:30:46.423+0000] {processor.py:186} INFO - Started process (PID=77) to work on /home/airflow/.local/lib/python3.12/site-packages/airflow/example_dags/example_bash_decorator.py
[2025-04-30T00:30:46.425+0000] {processor.py:914} INFO - Processing file /home/airflow/.local/lib/python3.12/site-packages/airflow/example_dags/example_bash_decorator.py for tasks to queue
[2025-04-30T00:30:46.431+0000] {logging_mixin.py:190} INFO - [2025-04-30T00:30:46.430+0000] {dagbag.py:587} INFO - Filling up the DagBag from /home/airflow/.local/lib/python3.12/site-packages/airflow/example_dags/example_bash_decorator.py
[2025-04-30T00:30:46.491+0000] {processor.py:925} INFO - DAG(s) 'example_bash_decorator' retrieved from /home/airflow/.local/lib/python3.12/site-packages/airflow/example_dags/example_bash_decorator.py
[2025-04-30T00:30:46.780+0000] {logging_mixin.py:190} INFO - [2025-04-30T00:30:46.779+0000] {override.py:1858} INFO - Created Permission View: can edit on DAG:example_bash_decorator
[2025-04-30T00:30:46.800+0000] {logging_mixin.py:190} INFO - [2025-04-30T00:30:46.800+0000] {override.py:1858} INFO - Created Permission View: can read on DAG:example_bash_decorator
[2025-04-30T00:30:46.814+0000] {logging_mixin.py:190} INFO - [2025-04-30T00:30:46.813+0000] {override.py:1858} INFO - Created Permission View: can delete on DAG:example_bash_decorator
[2025-04-30T00:30:46.816+0000] {logging_mixin.py:190} INFO - [2025-04-30T00:30:46.815+0000] {dag.py:3211} INFO - Sync 1 DAGs
[2025-04-30T00:30:46.845+0000] {logging_mixin.py:190} INFO - [2025-04-30T00:30:46.844+0000] {dag.py:3234} INFO - Creating ORM DAG for example_bash_decorator
[2025-04-30T00:30:46.846+0000] {logging_mixin.py:190} INFO - [2025-04-30T00:30:46.846+0000] {dag.py:4138} INFO - Setting next_dagrun for example_bash_decorator to None, run_after=None
[2025-04-30T00:30:46.876+0000] {processor.py:208} INFO - Processing /home/airflow/.local/lib/python3.12/site-packages/airflow/example_dags/example_bash_decorator.py took 0.472 seconds
[2025-04-30T00:31:17.672+0000] {processor.py:186} INFO - Started process (PID=140) to work on /home/airflow/.local/lib/python3.12/site-packages/airflow/example_dags/example_bash_decorator.py
[2025-04-30T00:31:17.674+0000] {processor.py:914} INFO - Processing file /home/airflow/.local/lib/python3.12/site-packages/airflow/example_dags/example_bash_decorator.py for tasks to queue
[2025-04-30T00:31:17.678+0000] {logging_mixin.py:190} INFO - [2025-04-30T00:31:17.678+0000] {dagbag.py:587} INFO - Filling up the DagBag from /home/airflow/.local/lib/python3.12/site-packages/airflow/example_dags/example_bash_decorator.py
[2025-04-30T00:31:17.703+0000] {processor.py:925} INFO - DAG(s) 'example_bash_decorator' retrieved from /home/airflow/.local/lib/python3.12/site-packages/airflow/example_dags/example_bash_decorator.py
[2025-04-30T00:31:17.754+0000] {logging_mixin.py:190} INFO - [2025-04-30T00:31:17.754+0000] {dag.py:3211} INFO - Sync 1 DAGs
[2025-04-30T00:31:17.789+0000] {logging_mixin.py:190} INFO - [2025-04-30T00:31:17.788+0000] {dag.py:4138} INFO - Setting next_dagrun for example_bash_decorator to None, run_after=None
[2025-04-30T00:31:17.835+0000] {processor.py:208} INFO - Processing /home/airflow/.local/lib/python3.12/site-packages/airflow/example_dags/example_bash_decorator.py took 0.174 seconds
[2025-04-30T00:31:48.167+0000] {processor.py:186} INFO - Started process (PID=203) to work on /home/airflow/.local/lib/python3.12/site-packages/airflow/example_dags/example_bash_decorator.py
[2025-04-30T00:31:48.169+0000] {processor.py:914} INFO - Processing file /home/airflow/.local/lib/python3.12/site-packages/airflow/example_dags/example_bash_decorator.py for tasks to queue
[2025-04-30T00:31:48.174+0000] {logging_mixin.py:190} INFO - [2025-04-30T00:31:48.173+0000] {dagbag.py:587} INFO - Filling up the DagBag from /home/airflow/.local/lib/python3.12/site-packages/airflow/example_dags/example_bash_decorator.py
[2025-04-30T00:31:48.203+0000] {processor.py:925} INFO - DAG(s) 'example_bash_decorator' retrieved from /home/airflow/.local/lib/python3.12/site-packages/airflow/example_dags/example_bash_decorator.py
[2025-04-30T00:31:48.251+0000] {logging_mixin.py:190} INFO - [2025-04-30T00:31:48.250+0000] {dag.py:3211} INFO - Sync 1 DAGs
[2025-04-30T00:31:48.283+0000] {logging_mixin.py:190} INFO - [2025-04-30T00:31:48.282+0000] {dag.py:4138} INFO - Setting next_dagrun for example_bash_decorator to None, run_after=None
[2025-04-30T00:31:48.330+0000] {processor.py:208} INFO - Processing /home/airflow/.local/lib/python3.12/site-packages/airflow/example_dags/example_bash_decorator.py took 0.175 seconds
[2025-04-30T00:32:18.418+0000] {processor.py:186} INFO - Started process (PID=266) to work on /home/airflow/.local/lib/python3.12/site-packages/airflow/example_dags/example_bash_decorator.py
[2025-04-30T00:32:18.421+0000] {processor.py:914} INFO - Processing file /home/airflow/.local/lib/python3.12/site-packages/airflow/example_dags/example_bash_decorator.py for tasks to queue
[2025-04-30T00:32:18.427+0000] {logging_mixin.py:190} INFO - [2025-04-30T00:32:18.426+0000] {dagbag.py:587} INFO - Filling up the DagBag from /home/airflow/.local/lib/python3.12/site-packages/airflow/example_dags/example_bash_decorator.py
[2025-04-30T00:32:18.479+0000] {processor.py:925} INFO - DAG(s) 'example_bash_decorator' retrieved from /home/airflow/.local/lib/python3.12/site-packages/airflow/example_dags/example_bash_decorator.py
[2025-04-30T00:32:18.558+0000] {logging_mixin.py:190} INFO - [2025-04-30T00:32:18.557+0000] {dag.py:3211} INFO - Sync 1 DAGs
[2025-04-30T00:32:18.606+0000] {logging_mixin.py:190} INFO - [2025-04-30T00:32:18.605+0000] {dag.py:4138} INFO - Setting next_dagrun for example_bash_decorator to None, run_after=None
[2025-04-30T00:32:18.668+0000] {processor.py:208} INFO - Processing /home/airflow/.local/lib/python3.12/site-packages/airflow/example_dags/example_bash_decorator.py took 0.265 seconds
[2025-04-30T00:32:48.857+0000] {processor.py:186} INFO - Started process (PID=329) to work on /home/airflow/.local/lib/python3.12/site-packages/airflow/example_dags/example_bash_decorator.py
[2025-04-30T00:32:48.860+0000] {processor.py:914} INFO - Processing file /home/airflow/.local/lib/python3.12/site-packages/airflow/example_dags/example_bash_decorator.py for tasks to queue
[2025-04-30T00:32:48.868+0000] {logging_mixin.py:190} INFO - [2025-04-30T00:32:48.867+0000] {dagbag.py:587} INFO - Filling up the DagBag from /home/airflow/.local/lib/python3.12/site-packages/airflow/example_dags/example_bash_decorator.py
[2025-04-30T00:32:48.907+0000] {processor.py:925} INFO - DAG(s) 'example_bash_decorator' retrieved from /home/airflow/.local/lib/python3.12/site-packages/airflow/example_dags/example_bash_decorator.py
[2025-04-30T00:32:48.961+0000] {logging_mixin.py:190} INFO - [2025-04-30T00:32:48.961+0000] {dag.py:3211} INFO - Sync 1 DAGs
[2025-04-30T00:32:48.997+0000] {logging_mixin.py:190} INFO - [2025-04-30T00:32:48.997+0000] {dag.py:4138} INFO - Setting next_dagrun for example_bash_decorator to None, run_after=None
[2025-04-30T00:32:49.043+0000] {processor.py:208} INFO - Processing /home/airflow/.local/lib/python3.12/site-packages/airflow/example_dags/example_bash_decorator.py took 0.204 seconds
[2025-04-30T00:33:19.616+0000] {processor.py:186} INFO - Started process (PID=392) to work on /home/airflow/.local/lib/python3.12/site-packages/airflow/example_dags/example_bash_decorator.py
[2025-04-30T00:33:19.619+0000] {processor.py:914} INFO - Processing file /home/airflow/.local/lib/python3.12/site-packages/airflow/example_dags/example_bash_decorator.py for tasks to queue
[2025-04-30T00:33:19.625+0000] {logging_mixin.py:190} INFO - [2025-04-30T00:33:19.624+0000] {dagbag.py:587} INFO - Filling up the DagBag from /home/airflow/.local/lib/python3.12/site-packages/airflow/example_dags/example_bash_decorator.py
[2025-04-30T00:33:19.663+0000] {processor.py:925} INFO - DAG(s) 'example_bash_decorator' retrieved from /home/airflow/.local/lib/python3.12/site-packages/airflow/example_dags/example_bash_decorator.py
[2025-04-30T00:33:19.712+0000] {logging_mixin.py:190} INFO - [2025-04-30T00:33:19.711+0000] {dag.py:3211} INFO - Sync 1 DAGs
[2025-04-30T00:33:19.749+0000] {logging_mixin.py:190} INFO - [2025-04-30T00:33:19.749+0000] {dag.py:4138} INFO - Setting next_dagrun for example_bash_decorator to None, run_after=None
[2025-04-30T00:33:19.789+0000] {processor.py:208} INFO - Processing /home/airflow/.local/lib/python3.12/site-packages/airflow/example_dags/example_bash_decorator.py took 0.187 seconds
[2025-04-30T00:33:50.437+0000] {processor.py:186} INFO - Started process (PID=462) to work on /home/airflow/.local/lib/python3.12/site-packages/airflow/example_dags/example_bash_decorator.py
[2025-04-30T00:33:50.440+0000] {processor.py:914} INFO - Processing file /home/airflow/.local/lib/python3.12/site-packages/airflow/example_dags/example_bash_decorator.py for tasks to queue
[2025-04-30T00:33:50.445+0000] {logging_mixin.py:190} INFO - [2025-04-30T00:33:50.444+0000] {dagbag.py:587} INFO - Filling up the DagBag from /home/airflow/.local/lib/python3.12/site-packages/airflow/example_dags/example_bash_decorator.py
[2025-04-30T00:33:50.471+0000] {processor.py:925} INFO - DAG(s) 'example_bash_decorator' retrieved from /home/airflow/.local/lib/python3.12/site-packages/airflow/example_dags/example_bash_decorator.py
[2025-04-30T00:33:50.517+0000] {logging_mixin.py:190} INFO - [2025-04-30T00:33:50.516+0000] {dag.py:3211} INFO - Sync 1 DAGs
[2025-04-30T00:33:50.543+0000] {logging_mixin.py:190} INFO - [2025-04-30T00:33:50.543+0000] {dag.py:4138} INFO - Setting next_dagrun for example_bash_decorator to None, run_after=None
[2025-04-30T00:33:50.588+0000] {processor.py:208} INFO - Processing /home/airflow/.local/lib/python3.12/site-packages/airflow/example_dags/example_bash_decorator.py took 0.165 seconds
[2025-04-30T00:34:21.274+0000] {processor.py:186} INFO - Started process (PID=525) to work on /home/airflow/.local/lib/python3.12/site-packages/airflow/example_dags/example_bash_decorator.py
[2025-04-30T00:34:21.276+0000] {processor.py:914} INFO - Processing file /home/airflow/.local/lib/python3.12/site-packages/airflow/example_dags/example_bash_decorator.py for tasks to queue
[2025-04-30T00:34:21.281+0000] {logging_mixin.py:190} INFO - [2025-04-30T00:34:21.280+0000] {dagbag.py:587} INFO - Filling up the DagBag from /home/airflow/.local/lib/python3.12/site-packages/airflow/example_dags/example_bash_decorator.py
[2025-04-30T00:34:21.307+0000] {processor.py:925} INFO - DAG(s) 'example_bash_decorator' retrieved from /home/airflow/.local/lib/python3.12/site-packages/airflow/example_dags/example_bash_decorator.py
[2025-04-30T00:34:21.350+0000] {logging_mixin.py:190} INFO - [2025-04-30T00:34:21.349+0000] {dag.py:3211} INFO - Sync 1 DAGs
[2025-04-30T00:34:21.379+0000] {logging_mixin.py:190} INFO - [2025-04-30T00:34:21.379+0000] {dag.py:4138} INFO - Setting next_dagrun for example_bash_decorator to None, run_after=None
[2025-04-30T00:34:21.425+0000] {processor.py:208} INFO - Processing /home/airflow/.local/lib/python3.12/site-packages/airflow/example_dags/example_bash_decorator.py took 0.160 seconds
[2025-04-30T00:34:51.669+0000] {processor.py:186} INFO - Started process (PID=588) to work on /home/airflow/.local/lib/python3.12/site-packages/airflow/example_dags/example_bash_decorator.py
[2025-04-30T00:34:51.672+0000] {processor.py:914} INFO - Processing file /home/airflow/.local/lib/python3.12/site-packages/airflow/example_dags/example_bash_decorator.py for tasks to queue
[2025-04-30T00:34:51.679+0000] {logging_mixin.py:190} INFO - [2025-04-30T00:34:51.678+0000] {dagbag.py:587} INFO - Filling up the DagBag from /home/airflow/.local/lib/python3.12/site-packages/airflow/example_dags/example_bash_decorator.py
[2025-04-30T00:34:51.724+0000] {processor.py:925} INFO - DAG(s) 'example_bash_decorator' retrieved from /home/airflow/.local/lib/python3.12/site-packages/airflow/example_dags/example_bash_decorator.py
[2025-04-30T00:34:51.790+0000] {logging_mixin.py:190} INFO - [2025-04-30T00:34:51.789+0000] {dag.py:3211} INFO - Sync 1 DAGs
[2025-04-30T00:34:51.828+0000] {logging_mixin.py:190} INFO - [2025-04-30T00:34:51.827+0000] {dag.py:4138} INFO - Setting next_dagrun for example_bash_decorator to None, run_after=None
[2025-04-30T00:34:51.870+0000] {processor.py:208} INFO - Processing /home/airflow/.local/lib/python3.12/site-packages/airflow/example_dags/example_bash_decorator.py took 0.222 seconds
[2025-04-30T00:35:22.228+0000] {processor.py:186} INFO - Started process (PID=651) to work on /home/airflow/.local/lib/python3.12/site-packages/airflow/example_dags/example_bash_decorator.py
[2025-04-30T00:35:22.230+0000] {processor.py:914} INFO - Processing file /home/airflow/.local/lib/python3.12/site-packages/airflow/example_dags/example_bash_decorator.py for tasks to queue
[2025-04-30T00:35:22.235+0000] {logging_mixin.py:190} INFO - [2025-04-30T00:35:22.235+0000] {dagbag.py:587} INFO - Filling up the DagBag from /home/airflow/.local/lib/python3.12/site-packages/airflow/example_dags/example_bash_decorator.py
[2025-04-30T00:35:22.268+0000] {processor.py:925} INFO - DAG(s) 'example_bash_decorator' retrieved from /home/airflow/.local/lib/python3.12/site-packages/airflow/example_dags/example_bash_decorator.py
[2025-04-30T00:35:22.315+0000] {logging_mixin.py:190} INFO - [2025-04-30T00:35:22.315+0000] {dag.py:3211} INFO - Sync 1 DAGs
[2025-04-30T00:35:22.344+0000] {logging_mixin.py:190} INFO - [2025-04-30T00:35:22.344+0000] {dag.py:4138} INFO - Setting next_dagrun for example_bash_decorator to None, run_after=None
[2025-04-30T00:35:22.384+0000] {processor.py:208} INFO - Processing /home/airflow/.local/lib/python3.12/site-packages/airflow/example_dags/example_bash_decorator.py took 0.172 seconds
[2025-04-30T00:35:53.301+0000] {processor.py:186} INFO - Started process (PID=714) to work on /home/airflow/.local/lib/python3.12/site-packages/airflow/example_dags/example_bash_decorator.py
[2025-04-30T00:35:53.303+0000] {processor.py:914} INFO - Processing file /home/airflow/.local/lib/python3.12/site-packages/airflow/example_dags/example_bash_decorator.py for tasks to queue
[2025-04-30T00:35:53.308+0000] {logging_mixin.py:190} INFO - [2025-04-30T00:35:53.307+0000] {dagbag.py:587} INFO - Filling up the DagBag from /home/airflow/.local/lib/python3.12/site-packages/airflow/example_dags/example_bash_decorator.py
[2025-04-30T00:35:53.338+0000] {processor.py:925} INFO - DAG(s) 'example_bash_decorator' retrieved from /home/airflow/.local/lib/python3.12/site-packages/airflow/example_dags/example_bash_decorator.py
[2025-04-30T00:35:53.385+0000] {logging_mixin.py:190} INFO - [2025-04-30T00:35:53.385+0000] {dag.py:3211} INFO - Sync 1 DAGs
[2025-04-30T00:35:53.414+0000] {logging_mixin.py:190} INFO - [2025-04-30T00:35:53.414+0000] {dag.py:4138} INFO - Setting next_dagrun for example_bash_decorator to None, run_after=None
[2025-04-30T00:35:53.453+0000] {processor.py:208} INFO - Processing /home/airflow/.local/lib/python3.12/site-packages/airflow/example_dags/example_bash_decorator.py took 0.164 seconds
[2025-04-30T00:36:23.759+0000] {processor.py:186} INFO - Started process (PID=777) to work on /home/airflow/.local/lib/python3.12/site-packages/airflow/example_dags/example_bash_decorator.py
[2025-04-30T00:36:23.766+0000] {processor.py:914} INFO - Processing file /home/airflow/.local/lib/python3.12/site-packages/airflow/example_dags/example_bash_decorator.py for tasks to queue
[2025-04-30T00:36:23.778+0000] {logging_mixin.py:190} INFO - [2025-04-30T00:36:23.777+0000] {dagbag.py:587} INFO - Filling up the DagBag from /home/airflow/.local/lib/python3.12/site-packages/airflow/example_dags/example_bash_decorator.py
[2025-04-30T00:36:23.814+0000] {processor.py:925} INFO - DAG(s) 'example_bash_decorator' retrieved from /home/airflow/.local/lib/python3.12/site-packages/airflow/example_dags/example_bash_decorator.py
[2025-04-30T00:36:23.867+0000] {logging_mixin.py:190} INFO - [2025-04-30T00:36:23.866+0000] {dag.py:3211} INFO - Sync 1 DAGs
[2025-04-30T00:36:23.902+0000] {logging_mixin.py:190} INFO - [2025-04-30T00:36:23.901+0000] {dag.py:4138} INFO - Setting next_dagrun for example_bash_decorator to None, run_after=None
[2025-04-30T00:36:23.947+0000] {processor.py:208} INFO - Processing /home/airflow/.local/lib/python3.12/site-packages/airflow/example_dags/example_bash_decorator.py took 0.226 seconds
[2025-04-30T00:36:54.478+0000] {processor.py:186} INFO - Started process (PID=840) to work on /home/airflow/.local/lib/python3.12/site-packages/airflow/example_dags/example_bash_decorator.py
[2025-04-30T00:36:54.481+0000] {processor.py:914} INFO - Processing file /home/airflow/.local/lib/python3.12/site-packages/airflow/example_dags/example_bash_decorator.py for tasks to queue
[2025-04-30T00:36:54.487+0000] {logging_mixin.py:190} INFO - [2025-04-30T00:36:54.487+0000] {dagbag.py:587} INFO - Filling up the DagBag from /home/airflow/.local/lib/python3.12/site-packages/airflow/example_dags/example_bash_decorator.py
[2025-04-30T00:36:54.523+0000] {processor.py:925} INFO - DAG(s) 'example_bash_decorator' retrieved from /home/airflow/.local/lib/python3.12/site-packages/airflow/example_dags/example_bash_decorator.py
[2025-04-30T00:36:54.591+0000] {logging_mixin.py:190} INFO - [2025-04-30T00:36:54.590+0000] {dag.py:3211} INFO - Sync 1 DAGs
[2025-04-30T00:36:54.634+0000] {logging_mixin.py:190} INFO - [2025-04-30T00:36:54.634+0000] {dag.py:4138} INFO - Setting next_dagrun for example_bash_decorator to None, run_after=None
[2025-04-30T00:36:54.683+0000] {processor.py:208} INFO - Processing /home/airflow/.local/lib/python3.12/site-packages/airflow/example_dags/example_bash_decorator.py took 0.220 seconds
[2025-04-30T00:37:25.356+0000] {processor.py:186} INFO - Started process (PID=903) to work on /home/airflow/.local/lib/python3.12/site-packages/airflow/example_dags/example_bash_decorator.py
[2025-04-30T00:37:25.359+0000] {processor.py:914} INFO - Processing file /home/airflow/.local/lib/python3.12/site-packages/airflow/example_dags/example_bash_decorator.py for tasks to queue
[2025-04-30T00:37:25.365+0000] {logging_mixin.py:190} INFO - [2025-04-30T00:37:25.364+0000] {dagbag.py:587} INFO - Filling up the DagBag from /home/airflow/.local/lib/python3.12/site-packages/airflow/example_dags/example_bash_decorator.py
[2025-04-30T00:37:25.410+0000] {processor.py:925} INFO - DAG(s) 'example_bash_decorator' retrieved from /home/airflow/.local/lib/python3.12/site-packages/airflow/example_dags/example_bash_decorator.py
[2025-04-30T00:37:25.491+0000] {logging_mixin.py:190} INFO - [2025-04-30T00:37:25.490+0000] {dag.py:3211} INFO - Sync 1 DAGs
[2025-04-30T00:37:25.539+0000] {logging_mixin.py:190} INFO - [2025-04-30T00:37:25.539+0000] {dag.py:4138} INFO - Setting next_dagrun for example_bash_decorator to None, run_after=None
[2025-04-30T00:37:25.589+0000] {processor.py:208} INFO - Processing /home/airflow/.local/lib/python3.12/site-packages/airflow/example_dags/example_bash_decorator.py took 0.252 seconds
[2025-04-30T00:37:56.073+0000] {processor.py:186} INFO - Started process (PID=966) to work on /home/airflow/.local/lib/python3.12/site-packages/airflow/example_dags/example_bash_decorator.py
[2025-04-30T00:37:56.079+0000] {processor.py:914} INFO - Processing file /home/airflow/.local/lib/python3.12/site-packages/airflow/example_dags/example_bash_decorator.py for tasks to queue
[2025-04-30T00:37:56.093+0000] {logging_mixin.py:190} INFO - [2025-04-30T00:37:56.091+0000] {dagbag.py:587} INFO - Filling up the DagBag from /home/airflow/.local/lib/python3.12/site-packages/airflow/example_dags/example_bash_decorator.py
[2025-04-30T00:37:56.156+0000] {processor.py:925} INFO - DAG(s) 'example_bash_decorator' retrieved from /home/airflow/.local/lib/python3.12/site-packages/airflow/example_dags/example_bash_decorator.py
[2025-04-30T00:37:56.202+0000] {logging_mixin.py:190} INFO - [2025-04-30T00:37:56.201+0000] {dag.py:3211} INFO - Sync 1 DAGs
[2025-04-30T00:37:56.240+0000] {logging_mixin.py:190} INFO - [2025-04-30T00:37:56.239+0000] {dag.py:4138} INFO - Setting next_dagrun for example_bash_decorator to None, run_after=None
[2025-04-30T00:37:56.285+0000] {processor.py:208} INFO - Processing /home/airflow/.local/lib/python3.12/site-packages/airflow/example_dags/example_bash_decorator.py took 0.249 seconds
[2025-04-30T00:38:26.498+0000] {processor.py:186} INFO - Started process (PID=1029) to work on /home/airflow/.local/lib/python3.12/site-packages/airflow/example_dags/example_bash_decorator.py
[2025-04-30T00:38:26.500+0000] {processor.py:914} INFO - Processing file /home/airflow/.local/lib/python3.12/site-packages/airflow/example_dags/example_bash_decorator.py for tasks to queue
[2025-04-30T00:38:26.504+0000] {logging_mixin.py:190} INFO - [2025-04-30T00:38:26.504+0000] {dagbag.py:587} INFO - Filling up the DagBag from /home/airflow/.local/lib/python3.12/site-packages/airflow/example_dags/example_bash_decorator.py
[2025-04-30T00:38:26.531+0000] {processor.py:925} INFO - DAG(s) 'example_bash_decorator' retrieved from /home/airflow/.local/lib/python3.12/site-packages/airflow/example_dags/example_bash_decorator.py
[2025-04-30T00:38:26.576+0000] {logging_mixin.py:190} INFO - [2025-04-30T00:38:26.575+0000] {dag.py:3211} INFO - Sync 1 DAGs
[2025-04-30T00:38:26.604+0000] {logging_mixin.py:190} INFO - [2025-04-30T00:38:26.603+0000] {dag.py:4138} INFO - Setting next_dagrun for example_bash_decorator to None, run_after=None
[2025-04-30T00:38:26.639+0000] {processor.py:208} INFO - Processing /home/airflow/.local/lib/python3.12/site-packages/airflow/example_dags/example_bash_decorator.py took 0.153 seconds
[2025-04-30T00:38:56.861+0000] {processor.py:186} INFO - Started process (PID=1092) to work on /home/airflow/.local/lib/python3.12/site-packages/airflow/example_dags/example_bash_decorator.py
[2025-04-30T00:38:56.866+0000] {processor.py:914} INFO - Processing file /home/airflow/.local/lib/python3.12/site-packages/airflow/example_dags/example_bash_decorator.py for tasks to queue
[2025-04-30T00:38:56.877+0000] {logging_mixin.py:190} INFO - [2025-04-30T00:38:56.876+0000] {dagbag.py:587} INFO - Filling up the DagBag from /home/airflow/.local/lib/python3.12/site-packages/airflow/example_dags/example_bash_decorator.py
[2025-04-30T00:38:56.958+0000] {processor.py:925} INFO - DAG(s) 'example_bash_decorator' retrieved from /home/airflow/.local/lib/python3.12/site-packages/airflow/example_dags/example_bash_decorator.py
[2025-04-30T00:38:57.028+0000] {logging_mixin.py:190} INFO - [2025-04-30T00:38:57.028+0000] {dag.py:3211} INFO - Sync 1 DAGs
[2025-04-30T00:38:57.072+0000] {logging_mixin.py:190} INFO - [2025-04-30T00:38:57.072+0000] {dag.py:4138} INFO - Setting next_dagrun for example_bash_decorator to None, run_after=None
[2025-04-30T00:38:57.133+0000] {processor.py:208} INFO - Processing /home/airflow/.local/lib/python3.12/site-packages/airflow/example_dags/example_bash_decorator.py took 0.299 seconds
[2025-04-30T00:39:27.648+0000] {processor.py:186} INFO - Started process (PID=1155) to work on /home/airflow/.local/lib/python3.12/site-packages/airflow/example_dags/example_bash_decorator.py
[2025-04-30T00:39:27.653+0000] {processor.py:914} INFO - Processing file /home/airflow/.local/lib/python3.12/site-packages/airflow/example_dags/example_bash_decorator.py for tasks to queue
[2025-04-30T00:39:27.666+0000] {logging_mixin.py:190} INFO - [2025-04-30T00:39:27.664+0000] {dagbag.py:587} INFO - Filling up the DagBag from /home/airflow/.local/lib/python3.12/site-packages/airflow/example_dags/example_bash_decorator.py
[2025-04-30T00:39:27.721+0000] {processor.py:925} INFO - DAG(s) 'example_bash_decorator' retrieved from /home/airflow/.local/lib/python3.12/site-packages/airflow/example_dags/example_bash_decorator.py
[2025-04-30T00:39:27.765+0000] {logging_mixin.py:190} INFO - [2025-04-30T00:39:27.765+0000] {dag.py:3211} INFO - Sync 1 DAGs
[2025-04-30T00:39:27.796+0000] {logging_mixin.py:190} INFO - [2025-04-30T00:39:27.795+0000] {dag.py:4138} INFO - Setting next_dagrun for example_bash_decorator to None, run_after=None
[2025-04-30T00:39:27.846+0000] {processor.py:208} INFO - Processing /home/airflow/.local/lib/python3.12/site-packages/airflow/example_dags/example_bash_decorator.py took 0.226 seconds
[2025-04-30T00:39:58.257+0000] {processor.py:186} INFO - Started process (PID=1219) to work on /home/airflow/.local/lib/python3.12/site-packages/airflow/example_dags/example_bash_decorator.py
[2025-04-30T00:39:58.259+0000] {processor.py:914} INFO - Processing file /home/airflow/.local/lib/python3.12/site-packages/airflow/example_dags/example_bash_decorator.py for tasks to queue
[2025-04-30T00:39:58.264+0000] {logging_mixin.py:190} INFO - [2025-04-30T00:39:58.264+0000] {dagbag.py:587} INFO - Filling up the DagBag from /home/airflow/.local/lib/python3.12/site-packages/airflow/example_dags/example_bash_decorator.py
[2025-04-30T00:39:58.302+0000] {processor.py:925} INFO - DAG(s) 'example_bash_decorator' retrieved from /home/airflow/.local/lib/python3.12/site-packages/airflow/example_dags/example_bash_decorator.py
[2025-04-30T00:39:58.353+0000] {logging_mixin.py:190} INFO - [2025-04-30T00:39:58.353+0000] {dag.py:3211} INFO - Sync 1 DAGs
[2025-04-30T00:39:58.384+0000] {logging_mixin.py:190} INFO - [2025-04-30T00:39:58.383+0000] {dag.py:4138} INFO - Setting next_dagrun for example_bash_decorator to None, run_after=None
[2025-04-30T00:39:58.429+0000] {processor.py:208} INFO - Processing /home/airflow/.local/lib/python3.12/site-packages/airflow/example_dags/example_bash_decorator.py took 0.189 seconds
[2025-04-30T00:40:29.303+0000] {processor.py:186} INFO - Started process (PID=1282) to work on /home/airflow/.local/lib/python3.12/site-packages/airflow/example_dags/example_bash_decorator.py
[2025-04-30T00:40:29.305+0000] {processor.py:914} INFO - Processing file /home/airflow/.local/lib/python3.12/site-packages/airflow/example_dags/example_bash_decorator.py for tasks to queue
[2025-04-30T00:40:29.311+0000] {logging_mixin.py:190} INFO - [2025-04-30T00:40:29.311+0000] {dagbag.py:587} INFO - Filling up the DagBag from /home/airflow/.local/lib/python3.12/site-packages/airflow/example_dags/example_bash_decorator.py
[2025-04-30T00:40:29.339+0000] {processor.py:925} INFO - DAG(s) 'example_bash_decorator' retrieved from /home/airflow/.local/lib/python3.12/site-packages/airflow/example_dags/example_bash_decorator.py
[2025-04-30T00:40:29.387+0000] {logging_mixin.py:190} INFO - [2025-04-30T00:40:29.387+0000] {dag.py:3211} INFO - Sync 1 DAGs
[2025-04-30T00:40:29.419+0000] {logging_mixin.py:190} INFO - [2025-04-30T00:40:29.418+0000] {dag.py:4138} INFO - Setting next_dagrun for example_bash_decorator to None, run_after=None
[2025-04-30T00:40:29.460+0000] {processor.py:208} INFO - Processing /home/airflow/.local/lib/python3.12/site-packages/airflow/example_dags/example_bash_decorator.py took 0.174 seconds
[2025-04-30T00:40:59.903+0000] {processor.py:186} INFO - Started process (PID=1345) to work on /home/airflow/.local/lib/python3.12/site-packages/airflow/example_dags/example_bash_decorator.py
[2025-04-30T00:40:59.906+0000] {processor.py:914} INFO - Processing file /home/airflow/.local/lib/python3.12/site-packages/airflow/example_dags/example_bash_decorator.py for tasks to queue
[2025-04-30T00:40:59.920+0000] {logging_mixin.py:190} INFO - [2025-04-30T00:40:59.918+0000] {dagbag.py:587} INFO - Filling up the DagBag from /home/airflow/.local/lib/python3.12/site-packages/airflow/example_dags/example_bash_decorator.py
[2025-04-30T00:40:59.962+0000] {processor.py:925} INFO - DAG(s) 'example_bash_decorator' retrieved from /home/airflow/.local/lib/python3.12/site-packages/airflow/example_dags/example_bash_decorator.py
[2025-04-30T00:41:00.048+0000] {logging_mixin.py:190} INFO - [2025-04-30T00:41:00.048+0000] {dag.py:3211} INFO - Sync 1 DAGs
[2025-04-30T00:41:00.101+0000] {logging_mixin.py:190} INFO - [2025-04-30T00:41:00.100+0000] {dag.py:4138} INFO - Setting next_dagrun for example_bash_decorator to None, run_after=None
[2025-04-30T00:41:00.154+0000] {processor.py:208} INFO - Processing /home/airflow/.local/lib/python3.12/site-packages/airflow/example_dags/example_bash_decorator.py took 0.274 seconds
[2025-04-30T00:41:30.369+0000] {processor.py:186} INFO - Started process (PID=1414) to work on /home/airflow/.local/lib/python3.12/site-packages/airflow/example_dags/example_bash_decorator.py
[2025-04-30T00:41:30.371+0000] {processor.py:914} INFO - Processing file /home/airflow/.local/lib/python3.12/site-packages/airflow/example_dags/example_bash_decorator.py for tasks to queue
[2025-04-30T00:41:30.377+0000] {logging_mixin.py:190} INFO - [2025-04-30T00:41:30.376+0000] {dagbag.py:587} INFO - Filling up the DagBag from /home/airflow/.local/lib/python3.12/site-packages/airflow/example_dags/example_bash_decorator.py
[2025-04-30T00:41:30.408+0000] {processor.py:925} INFO - DAG(s) 'example_bash_decorator' retrieved from /home/airflow/.local/lib/python3.12/site-packages/airflow/example_dags/example_bash_decorator.py
[2025-04-30T00:41:30.459+0000] {logging_mixin.py:190} INFO - [2025-04-30T00:41:30.458+0000] {dag.py:3211} INFO - Sync 1 DAGs
[2025-04-30T00:41:30.488+0000] {logging_mixin.py:190} INFO - [2025-04-30T00:41:30.487+0000] {dag.py:4138} INFO - Setting next_dagrun for example_bash_decorator to None, run_after=None
[2025-04-30T00:41:30.529+0000] {processor.py:208} INFO - Processing /home/airflow/.local/lib/python3.12/site-packages/airflow/example_dags/example_bash_decorator.py took 0.176 seconds
[2025-04-30T00:42:01.042+0000] {processor.py:186} INFO - Started process (PID=1481) to work on /home/airflow/.local/lib/python3.12/site-packages/airflow/example_dags/example_bash_decorator.py
[2025-04-30T00:42:01.044+0000] {processor.py:914} INFO - Processing file /home/airflow/.local/lib/python3.12/site-packages/airflow/example_dags/example_bash_decorator.py for tasks to queue
[2025-04-30T00:42:01.047+0000] {logging_mixin.py:190} INFO - [2025-04-30T00:42:01.046+0000] {dagbag.py:587} INFO - Filling up the DagBag from /home/airflow/.local/lib/python3.12/site-packages/airflow/example_dags/example_bash_decorator.py
[2025-04-30T00:42:01.082+0000] {processor.py:925} INFO - DAG(s) 'example_bash_decorator' retrieved from /home/airflow/.local/lib/python3.12/site-packages/airflow/example_dags/example_bash_decorator.py
[2025-04-30T00:42:01.130+0000] {logging_mixin.py:190} INFO - [2025-04-30T00:42:01.130+0000] {dag.py:3211} INFO - Sync 1 DAGs
[2025-04-30T00:42:01.158+0000] {logging_mixin.py:190} INFO - [2025-04-30T00:42:01.157+0000] {dag.py:4138} INFO - Setting next_dagrun for example_bash_decorator to None, run_after=None
[2025-04-30T00:42:01.214+0000] {processor.py:208} INFO - Processing /home/airflow/.local/lib/python3.12/site-packages/airflow/example_dags/example_bash_decorator.py took 0.187 seconds
[2025-04-30T00:42:31.530+0000] {processor.py:186} INFO - Started process (PID=1544) to work on /home/airflow/.local/lib/python3.12/site-packages/airflow/example_dags/example_bash_decorator.py
[2025-04-30T00:42:31.533+0000] {processor.py:914} INFO - Processing file /home/airflow/.local/lib/python3.12/site-packages/airflow/example_dags/example_bash_decorator.py for tasks to queue
[2025-04-30T00:42:31.536+0000] {logging_mixin.py:190} INFO - [2025-04-30T00:42:31.535+0000] {dagbag.py:587} INFO - Filling up the DagBag from /home/airflow/.local/lib/python3.12/site-packages/airflow/example_dags/example_bash_decorator.py
[2025-04-30T00:42:31.572+0000] {processor.py:925} INFO - DAG(s) 'example_bash_decorator' retrieved from /home/airflow/.local/lib/python3.12/site-packages/airflow/example_dags/example_bash_decorator.py
[2025-04-30T00:42:31.620+0000] {logging_mixin.py:190} INFO - [2025-04-30T00:42:31.619+0000] {dag.py:3211} INFO - Sync 1 DAGs
[2025-04-30T00:42:31.646+0000] {logging_mixin.py:190} INFO - [2025-04-30T00:42:31.645+0000] {dag.py:4138} INFO - Setting next_dagrun for example_bash_decorator to None, run_after=None
[2025-04-30T00:42:31.683+0000] {processor.py:208} INFO - Processing /home/airflow/.local/lib/python3.12/site-packages/airflow/example_dags/example_bash_decorator.py took 0.169 seconds
[2025-04-30T00:43:02.130+0000] {processor.py:186} INFO - Started process (PID=1607) to work on /home/airflow/.local/lib/python3.12/site-packages/airflow/example_dags/example_bash_decorator.py
[2025-04-30T00:43:02.133+0000] {processor.py:914} INFO - Processing file /home/airflow/.local/lib/python3.12/site-packages/airflow/example_dags/example_bash_decorator.py for tasks to queue
[2025-04-30T00:43:02.136+0000] {logging_mixin.py:190} INFO - [2025-04-30T00:43:02.135+0000] {dagbag.py:587} INFO - Filling up the DagBag from /home/airflow/.local/lib/python3.12/site-packages/airflow/example_dags/example_bash_decorator.py
[2025-04-30T00:43:02.180+0000] {processor.py:925} INFO - DAG(s) 'example_bash_decorator' retrieved from /home/airflow/.local/lib/python3.12/site-packages/airflow/example_dags/example_bash_decorator.py
[2025-04-30T00:43:02.231+0000] {logging_mixin.py:190} INFO - [2025-04-30T00:43:02.230+0000] {dag.py:3211} INFO - Sync 1 DAGs
[2025-04-30T00:43:02.257+0000] {logging_mixin.py:190} INFO - [2025-04-30T00:43:02.256+0000] {dag.py:4138} INFO - Setting next_dagrun for example_bash_decorator to None, run_after=None
[2025-04-30T00:43:02.296+0000] {processor.py:208} INFO - Processing /home/airflow/.local/lib/python3.12/site-packages/airflow/example_dags/example_bash_decorator.py took 0.182 seconds
[2025-04-30T00:43:32.850+0000] {processor.py:186} INFO - Started process (PID=1670) to work on /home/airflow/.local/lib/python3.12/site-packages/airflow/example_dags/example_bash_decorator.py
[2025-04-30T00:43:32.854+0000] {processor.py:914} INFO - Processing file /home/airflow/.local/lib/python3.12/site-packages/airflow/example_dags/example_bash_decorator.py for tasks to queue
[2025-04-30T00:43:32.858+0000] {logging_mixin.py:190} INFO - [2025-04-30T00:43:32.857+0000] {dagbag.py:587} INFO - Filling up the DagBag from /home/airflow/.local/lib/python3.12/site-packages/airflow/example_dags/example_bash_decorator.py
[2025-04-30T00:43:32.915+0000] {processor.py:925} INFO - DAG(s) 'example_bash_decorator' retrieved from /home/airflow/.local/lib/python3.12/site-packages/airflow/example_dags/example_bash_decorator.py
[2025-04-30T00:43:33.003+0000] {logging_mixin.py:190} INFO - [2025-04-30T00:43:33.003+0000] {dag.py:3211} INFO - Sync 1 DAGs
[2025-04-30T00:43:33.055+0000] {logging_mixin.py:190} INFO - [2025-04-30T00:43:33.054+0000] {dag.py:4138} INFO - Setting next_dagrun for example_bash_decorator to None, run_after=None
[2025-04-30T00:43:33.117+0000] {processor.py:208} INFO - Processing /home/airflow/.local/lib/python3.12/site-packages/airflow/example_dags/example_bash_decorator.py took 0.292 seconds
[2025-04-30T00:44:03.868+0000] {processor.py:186} INFO - Started process (PID=1733) to work on /home/airflow/.local/lib/python3.12/site-packages/airflow/example_dags/example_bash_decorator.py
[2025-04-30T00:44:03.869+0000] {processor.py:914} INFO - Processing file /home/airflow/.local/lib/python3.12/site-packages/airflow/example_dags/example_bash_decorator.py for tasks to queue
[2025-04-30T00:44:03.871+0000] {logging_mixin.py:190} INFO - [2025-04-30T00:44:03.870+0000] {dagbag.py:587} INFO - Filling up the DagBag from /home/airflow/.local/lib/python3.12/site-packages/airflow/example_dags/example_bash_decorator.py
[2025-04-30T00:44:03.888+0000] {processor.py:925} INFO - DAG(s) 'example_bash_decorator' retrieved from /home/airflow/.local/lib/python3.12/site-packages/airflow/example_dags/example_bash_decorator.py
[2025-04-30T00:44:03.921+0000] {logging_mixin.py:190} INFO - [2025-04-30T00:44:03.921+0000] {dag.py:3211} INFO - Sync 1 DAGs
[2025-04-30T00:44:03.940+0000] {logging_mixin.py:190} INFO - [2025-04-30T00:44:03.940+0000] {dag.py:4138} INFO - Setting next_dagrun for example_bash_decorator to None, run_after=None
[2025-04-30T00:44:03.966+0000] {processor.py:208} INFO - Processing /home/airflow/.local/lib/python3.12/site-packages/airflow/example_dags/example_bash_decorator.py took 0.104 seconds
[2025-04-30T00:44:34.502+0000] {processor.py:186} INFO - Started process (PID=1796) to work on /home/airflow/.local/lib/python3.12/site-packages/airflow/example_dags/example_bash_decorator.py
[2025-04-30T00:44:34.503+0000] {processor.py:914} INFO - Processing file /home/airflow/.local/lib/python3.12/site-packages/airflow/example_dags/example_bash_decorator.py for tasks to queue
[2025-04-30T00:44:34.505+0000] {logging_mixin.py:190} INFO - [2025-04-30T00:44:34.505+0000] {dagbag.py:587} INFO - Filling up the DagBag from /home/airflow/.local/lib/python3.12/site-packages/airflow/example_dags/example_bash_decorator.py
[2025-04-30T00:44:34.527+0000] {processor.py:925} INFO - DAG(s) 'example_bash_decorator' retrieved from /home/airflow/.local/lib/python3.12/site-packages/airflow/example_dags/example_bash_decorator.py
[2025-04-30T00:44:34.559+0000] {logging_mixin.py:190} INFO - [2025-04-30T00:44:34.558+0000] {dag.py:3211} INFO - Sync 1 DAGs
[2025-04-30T00:44:34.578+0000] {logging_mixin.py:190} INFO - [2025-04-30T00:44:34.577+0000] {dag.py:4138} INFO - Setting next_dagrun for example_bash_decorator to None, run_after=None
[2025-04-30T00:44:34.605+0000] {processor.py:208} INFO - Processing /home/airflow/.local/lib/python3.12/site-packages/airflow/example_dags/example_bash_decorator.py took 0.112 seconds
[2025-04-30T00:45:05.257+0000] {processor.py:186} INFO - Started process (PID=1859) to work on /home/airflow/.local/lib/python3.12/site-packages/airflow/example_dags/example_bash_decorator.py
[2025-04-30T00:45:05.258+0000] {processor.py:914} INFO - Processing file /home/airflow/.local/lib/python3.12/site-packages/airflow/example_dags/example_bash_decorator.py for tasks to queue
[2025-04-30T00:45:05.260+0000] {logging_mixin.py:190} INFO - [2025-04-30T00:45:05.260+0000] {dagbag.py:587} INFO - Filling up the DagBag from /home/airflow/.local/lib/python3.12/site-packages/airflow/example_dags/example_bash_decorator.py
[2025-04-30T00:45:05.284+0000] {processor.py:925} INFO - DAG(s) 'example_bash_decorator' retrieved from /home/airflow/.local/lib/python3.12/site-packages/airflow/example_dags/example_bash_decorator.py
[2025-04-30T00:45:05.325+0000] {logging_mixin.py:190} INFO - [2025-04-30T00:45:05.325+0000] {dag.py:3211} INFO - Sync 1 DAGs
[2025-04-30T00:45:05.353+0000] {logging_mixin.py:190} INFO - [2025-04-30T00:45:05.352+0000] {dag.py:4138} INFO - Setting next_dagrun for example_bash_decorator to None, run_after=None
[2025-04-30T00:45:05.385+0000] {processor.py:208} INFO - Processing /home/airflow/.local/lib/python3.12/site-packages/airflow/example_dags/example_bash_decorator.py took 0.138 seconds
[2025-04-30T00:45:35.847+0000] {processor.py:186} INFO - Started process (PID=1922) to work on /home/airflow/.local/lib/python3.12/site-packages/airflow/example_dags/example_bash_decorator.py
[2025-04-30T00:45:35.848+0000] {processor.py:914} INFO - Processing file /home/airflow/.local/lib/python3.12/site-packages/airflow/example_dags/example_bash_decorator.py for tasks to queue
[2025-04-30T00:45:35.850+0000] {logging_mixin.py:190} INFO - [2025-04-30T00:45:35.850+0000] {dagbag.py:587} INFO - Filling up the DagBag from /home/airflow/.local/lib/python3.12/site-packages/airflow/example_dags/example_bash_decorator.py
[2025-04-30T00:45:35.872+0000] {processor.py:925} INFO - DAG(s) 'example_bash_decorator' retrieved from /home/airflow/.local/lib/python3.12/site-packages/airflow/example_dags/example_bash_decorator.py
[2025-04-30T00:45:35.905+0000] {logging_mixin.py:190} INFO - [2025-04-30T00:45:35.904+0000] {dag.py:3211} INFO - Sync 1 DAGs
[2025-04-30T00:45:35.921+0000] {logging_mixin.py:190} INFO - [2025-04-30T00:45:35.921+0000] {dag.py:4138} INFO - Setting next_dagrun for example_bash_decorator to None, run_after=None
[2025-04-30T00:45:35.946+0000] {processor.py:208} INFO - Processing /home/airflow/.local/lib/python3.12/site-packages/airflow/example_dags/example_bash_decorator.py took 0.106 seconds
[2025-04-30T00:46:06.462+0000] {processor.py:186} INFO - Started process (PID=1985) to work on /home/airflow/.local/lib/python3.12/site-packages/airflow/example_dags/example_bash_decorator.py
[2025-04-30T00:46:06.464+0000] {processor.py:914} INFO - Processing file /home/airflow/.local/lib/python3.12/site-packages/airflow/example_dags/example_bash_decorator.py for tasks to queue
[2025-04-30T00:46:06.466+0000] {logging_mixin.py:190} INFO - [2025-04-30T00:46:06.465+0000] {dagbag.py:587} INFO - Filling up the DagBag from /home/airflow/.local/lib/python3.12/site-packages/airflow/example_dags/example_bash_decorator.py
[2025-04-30T00:46:06.482+0000] {processor.py:925} INFO - DAG(s) 'example_bash_decorator' retrieved from /home/airflow/.local/lib/python3.12/site-packages/airflow/example_dags/example_bash_decorator.py
[2025-04-30T00:46:06.509+0000] {logging_mixin.py:190} INFO - [2025-04-30T00:46:06.508+0000] {dag.py:3211} INFO - Sync 1 DAGs
[2025-04-30T00:46:06.525+0000] {logging_mixin.py:190} INFO - [2025-04-30T00:46:06.524+0000] {dag.py:4138} INFO - Setting next_dagrun for example_bash_decorator to None, run_after=None
[2025-04-30T00:46:06.547+0000] {processor.py:208} INFO - Processing /home/airflow/.local/lib/python3.12/site-packages/airflow/example_dags/example_bash_decorator.py took 0.095 seconds
[2025-04-30T00:46:36.634+0000] {processor.py:186} INFO - Started process (PID=2048) to work on /home/airflow/.local/lib/python3.12/site-packages/airflow/example_dags/example_bash_decorator.py
[2025-04-30T00:46:36.636+0000] {processor.py:914} INFO - Processing file /home/airflow/.local/lib/python3.12/site-packages/airflow/example_dags/example_bash_decorator.py for tasks to queue
[2025-04-30T00:46:36.638+0000] {logging_mixin.py:190} INFO - [2025-04-30T00:46:36.637+0000] {dagbag.py:587} INFO - Filling up the DagBag from /home/airflow/.local/lib/python3.12/site-packages/airflow/example_dags/example_bash_decorator.py
[2025-04-30T00:46:36.659+0000] {processor.py:925} INFO - DAG(s) 'example_bash_decorator' retrieved from /home/airflow/.local/lib/python3.12/site-packages/airflow/example_dags/example_bash_decorator.py
[2025-04-30T00:46:36.691+0000] {logging_mixin.py:190} INFO - [2025-04-30T00:46:36.691+0000] {dag.py:3211} INFO - Sync 1 DAGs
[2025-04-30T00:46:36.715+0000] {logging_mixin.py:190} INFO - [2025-04-30T00:46:36.715+0000] {dag.py:4138} INFO - Setting next_dagrun for example_bash_decorator to None, run_after=None
[2025-04-30T00:46:36.742+0000] {processor.py:208} INFO - Processing /home/airflow/.local/lib/python3.12/site-packages/airflow/example_dags/example_bash_decorator.py took 0.119 seconds
[2025-04-30T00:47:06.896+0000] {processor.py:186} INFO - Started process (PID=2111) to work on /home/airflow/.local/lib/python3.12/site-packages/airflow/example_dags/example_bash_decorator.py
[2025-04-30T00:47:06.897+0000] {processor.py:914} INFO - Processing file /home/airflow/.local/lib/python3.12/site-packages/airflow/example_dags/example_bash_decorator.py for tasks to queue
[2025-04-30T00:47:06.899+0000] {logging_mixin.py:190} INFO - [2025-04-30T00:47:06.898+0000] {dagbag.py:587} INFO - Filling up the DagBag from /home/airflow/.local/lib/python3.12/site-packages/airflow/example_dags/example_bash_decorator.py
[2025-04-30T00:47:06.915+0000] {processor.py:925} INFO - DAG(s) 'example_bash_decorator' retrieved from /home/airflow/.local/lib/python3.12/site-packages/airflow/example_dags/example_bash_decorator.py
[2025-04-30T00:47:06.943+0000] {logging_mixin.py:190} INFO - [2025-04-30T00:47:06.943+0000] {dag.py:3211} INFO - Sync 1 DAGs
[2025-04-30T00:47:06.960+0000] {logging_mixin.py:190} INFO - [2025-04-30T00:47:06.959+0000] {dag.py:4138} INFO - Setting next_dagrun for example_bash_decorator to None, run_after=None
[2025-04-30T00:47:06.984+0000] {processor.py:208} INFO - Processing /home/airflow/.local/lib/python3.12/site-packages/airflow/example_dags/example_bash_decorator.py took 0.095 seconds
[2025-04-30T00:47:37.196+0000] {processor.py:186} INFO - Started process (PID=2174) to work on /home/airflow/.local/lib/python3.12/site-packages/airflow/example_dags/example_bash_decorator.py
[2025-04-30T00:47:37.197+0000] {processor.py:914} INFO - Processing file /home/airflow/.local/lib/python3.12/site-packages/airflow/example_dags/example_bash_decorator.py for tasks to queue
[2025-04-30T00:47:37.198+0000] {logging_mixin.py:190} INFO - [2025-04-30T00:47:37.198+0000] {dagbag.py:587} INFO - Filling up the DagBag from /home/airflow/.local/lib/python3.12/site-packages/airflow/example_dags/example_bash_decorator.py
[2025-04-30T00:47:37.214+0000] {processor.py:925} INFO - DAG(s) 'example_bash_decorator' retrieved from /home/airflow/.local/lib/python3.12/site-packages/airflow/example_dags/example_bash_decorator.py
[2025-04-30T00:47:37.240+0000] {logging_mixin.py:190} INFO - [2025-04-30T00:47:37.239+0000] {dag.py:3211} INFO - Sync 1 DAGs
[2025-04-30T00:47:37.255+0000] {logging_mixin.py:190} INFO - [2025-04-30T00:47:37.255+0000] {dag.py:4138} INFO - Setting next_dagrun for example_bash_decorator to None, run_after=None
[2025-04-30T00:47:37.284+0000] {processor.py:208} INFO - Processing /home/airflow/.local/lib/python3.12/site-packages/airflow/example_dags/example_bash_decorator.py took 0.095 seconds
[2025-04-30T00:48:07.354+0000] {processor.py:186} INFO - Started process (PID=2237) to work on /home/airflow/.local/lib/python3.12/site-packages/airflow/example_dags/example_bash_decorator.py
[2025-04-30T00:48:07.355+0000] {processor.py:914} INFO - Processing file /home/airflow/.local/lib/python3.12/site-packages/airflow/example_dags/example_bash_decorator.py for tasks to queue
[2025-04-30T00:48:07.357+0000] {logging_mixin.py:190} INFO - [2025-04-30T00:48:07.356+0000] {dagbag.py:587} INFO - Filling up the DagBag from /home/airflow/.local/lib/python3.12/site-packages/airflow/example_dags/example_bash_decorator.py
[2025-04-30T00:48:07.374+0000] {processor.py:925} INFO - DAG(s) 'example_bash_decorator' retrieved from /home/airflow/.local/lib/python3.12/site-packages/airflow/example_dags/example_bash_decorator.py
[2025-04-30T00:48:07.403+0000] {logging_mixin.py:190} INFO - [2025-04-30T00:48:07.402+0000] {dag.py:3211} INFO - Sync 1 DAGs
[2025-04-30T00:48:07.421+0000] {logging_mixin.py:190} INFO - [2025-04-30T00:48:07.421+0000] {dag.py:4138} INFO - Setting next_dagrun for example_bash_decorator to None, run_after=None
[2025-04-30T00:48:07.445+0000] {processor.py:208} INFO - Processing /home/airflow/.local/lib/python3.12/site-packages/airflow/example_dags/example_bash_decorator.py took 0.099 seconds
[2025-04-30T00:48:37.685+0000] {processor.py:186} INFO - Started process (PID=2300) to work on /home/airflow/.local/lib/python3.12/site-packages/airflow/example_dags/example_bash_decorator.py
[2025-04-30T00:48:37.687+0000] {processor.py:914} INFO - Processing file /home/airflow/.local/lib/python3.12/site-packages/airflow/example_dags/example_bash_decorator.py for tasks to queue
[2025-04-30T00:48:37.688+0000] {logging_mixin.py:190} INFO - [2025-04-30T00:48:37.688+0000] {dagbag.py:587} INFO - Filling up the DagBag from /home/airflow/.local/lib/python3.12/site-packages/airflow/example_dags/example_bash_decorator.py
[2025-04-30T00:48:37.704+0000] {processor.py:925} INFO - DAG(s) 'example_bash_decorator' retrieved from /home/airflow/.local/lib/python3.12/site-packages/airflow/example_dags/example_bash_decorator.py
[2025-04-30T00:48:37.729+0000] {logging_mixin.py:190} INFO - [2025-04-30T00:48:37.729+0000] {dag.py:3211} INFO - Sync 1 DAGs
[2025-04-30T00:48:37.746+0000] {logging_mixin.py:190} INFO - [2025-04-30T00:48:37.746+0000] {dag.py:4138} INFO - Setting next_dagrun for example_bash_decorator to None, run_after=None
[2025-04-30T00:48:37.770+0000] {processor.py:208} INFO - Processing /home/airflow/.local/lib/python3.12/site-packages/airflow/example_dags/example_bash_decorator.py took 0.092 seconds
[2025-04-30T00:49:08.167+0000] {processor.py:186} INFO - Started process (PID=2363) to work on /home/airflow/.local/lib/python3.12/site-packages/airflow/example_dags/example_bash_decorator.py
[2025-04-30T00:49:08.168+0000] {processor.py:914} INFO - Processing file /home/airflow/.local/lib/python3.12/site-packages/airflow/example_dags/example_bash_decorator.py for tasks to queue
[2025-04-30T00:49:08.170+0000] {logging_mixin.py:190} INFO - [2025-04-30T00:49:08.169+0000] {dagbag.py:587} INFO - Filling up the DagBag from /home/airflow/.local/lib/python3.12/site-packages/airflow/example_dags/example_bash_decorator.py
[2025-04-30T00:49:08.196+0000] {processor.py:925} INFO - DAG(s) 'example_bash_decorator' retrieved from /home/airflow/.local/lib/python3.12/site-packages/airflow/example_dags/example_bash_decorator.py
[2025-04-30T00:49:08.237+0000] {logging_mixin.py:190} INFO - [2025-04-30T00:49:08.236+0000] {dag.py:3211} INFO - Sync 1 DAGs
[2025-04-30T00:49:08.261+0000] {logging_mixin.py:190} INFO - [2025-04-30T00:49:08.260+0000] {dag.py:4138} INFO - Setting next_dagrun for example_bash_decorator to None, run_after=None
[2025-04-30T00:49:08.289+0000] {processor.py:208} INFO - Processing /home/airflow/.local/lib/python3.12/site-packages/airflow/example_dags/example_bash_decorator.py took 0.130 seconds
[2025-04-30T00:49:38.686+0000] {processor.py:186} INFO - Started process (PID=2432) to work on /home/airflow/.local/lib/python3.12/site-packages/airflow/example_dags/example_bash_decorator.py
[2025-04-30T00:49:38.688+0000] {processor.py:914} INFO - Processing file /home/airflow/.local/lib/python3.12/site-packages/airflow/example_dags/example_bash_decorator.py for tasks to queue
[2025-04-30T00:49:38.690+0000] {logging_mixin.py:190} INFO - [2025-04-30T00:49:38.689+0000] {dagbag.py:587} INFO - Filling up the DagBag from /home/airflow/.local/lib/python3.12/site-packages/airflow/example_dags/example_bash_decorator.py
[2025-04-30T00:49:38.711+0000] {processor.py:925} INFO - DAG(s) 'example_bash_decorator' retrieved from /home/airflow/.local/lib/python3.12/site-packages/airflow/example_dags/example_bash_decorator.py
[2025-04-30T00:49:38.742+0000] {logging_mixin.py:190} INFO - [2025-04-30T00:49:38.742+0000] {dag.py:3211} INFO - Sync 1 DAGs
[2025-04-30T00:49:38.757+0000] {logging_mixin.py:190} INFO - [2025-04-30T00:49:38.757+0000] {dag.py:4138} INFO - Setting next_dagrun for example_bash_decorator to None, run_after=None
[2025-04-30T00:49:38.779+0000] {processor.py:208} INFO - Processing /home/airflow/.local/lib/python3.12/site-packages/airflow/example_dags/example_bash_decorator.py took 0.100 seconds
[2025-04-30T00:50:08.963+0000] {processor.py:186} INFO - Started process (PID=2496) to work on /home/airflow/.local/lib/python3.12/site-packages/airflow/example_dags/example_bash_decorator.py
[2025-04-30T00:50:08.964+0000] {processor.py:914} INFO - Processing file /home/airflow/.local/lib/python3.12/site-packages/airflow/example_dags/example_bash_decorator.py for tasks to queue
[2025-04-30T00:50:08.966+0000] {logging_mixin.py:190} INFO - [2025-04-30T00:50:08.966+0000] {dagbag.py:587} INFO - Filling up the DagBag from /home/airflow/.local/lib/python3.12/site-packages/airflow/example_dags/example_bash_decorator.py
[2025-04-30T00:50:08.984+0000] {processor.py:925} INFO - DAG(s) 'example_bash_decorator' retrieved from /home/airflow/.local/lib/python3.12/site-packages/airflow/example_dags/example_bash_decorator.py
[2025-04-30T00:50:09.012+0000] {logging_mixin.py:190} INFO - [2025-04-30T00:50:09.011+0000] {dag.py:3211} INFO - Sync 1 DAGs
[2025-04-30T00:50:09.029+0000] {logging_mixin.py:190} INFO - [2025-04-30T00:50:09.028+0000] {dag.py:4138} INFO - Setting next_dagrun for example_bash_decorator to None, run_after=None
[2025-04-30T00:50:09.061+0000] {processor.py:208} INFO - Processing /home/airflow/.local/lib/python3.12/site-packages/airflow/example_dags/example_bash_decorator.py took 0.106 seconds
[2025-04-30T00:50:40.029+0000] {processor.py:186} INFO - Started process (PID=2559) to work on /home/airflow/.local/lib/python3.12/site-packages/airflow/example_dags/example_bash_decorator.py
[2025-04-30T00:50:40.030+0000] {processor.py:914} INFO - Processing file /home/airflow/.local/lib/python3.12/site-packages/airflow/example_dags/example_bash_decorator.py for tasks to queue
[2025-04-30T00:50:40.032+0000] {logging_mixin.py:190} INFO - [2025-04-30T00:50:40.031+0000] {dagbag.py:587} INFO - Filling up the DagBag from /home/airflow/.local/lib/python3.12/site-packages/airflow/example_dags/example_bash_decorator.py
[2025-04-30T00:50:40.047+0000] {processor.py:925} INFO - DAG(s) 'example_bash_decorator' retrieved from /home/airflow/.local/lib/python3.12/site-packages/airflow/example_dags/example_bash_decorator.py
[2025-04-30T00:50:40.073+0000] {logging_mixin.py:190} INFO - [2025-04-30T00:50:40.073+0000] {dag.py:3211} INFO - Sync 1 DAGs
[2025-04-30T00:50:40.089+0000] {logging_mixin.py:190} INFO - [2025-04-30T00:50:40.088+0000] {dag.py:4138} INFO - Setting next_dagrun for example_bash_decorator to None, run_after=None
[2025-04-30T00:50:40.112+0000] {processor.py:208} INFO - Processing /home/airflow/.local/lib/python3.12/site-packages/airflow/example_dags/example_bash_decorator.py took 0.090 seconds
[2025-04-30T00:51:10.633+0000] {processor.py:186} INFO - Started process (PID=2622) to work on /home/airflow/.local/lib/python3.12/site-packages/airflow/example_dags/example_bash_decorator.py
[2025-04-30T00:51:10.634+0000] {processor.py:914} INFO - Processing file /home/airflow/.local/lib/python3.12/site-packages/airflow/example_dags/example_bash_decorator.py for tasks to queue
[2025-04-30T00:51:10.636+0000] {logging_mixin.py:190} INFO - [2025-04-30T00:51:10.635+0000] {dagbag.py:587} INFO - Filling up the DagBag from /home/airflow/.local/lib/python3.12/site-packages/airflow/example_dags/example_bash_decorator.py
[2025-04-30T00:51:10.651+0000] {processor.py:925} INFO - DAG(s) 'example_bash_decorator' retrieved from /home/airflow/.local/lib/python3.12/site-packages/airflow/example_dags/example_bash_decorator.py
[2025-04-30T00:51:10.677+0000] {logging_mixin.py:190} INFO - [2025-04-30T00:51:10.676+0000] {dag.py:3211} INFO - Sync 1 DAGs
[2025-04-30T00:51:10.693+0000] {logging_mixin.py:190} INFO - [2025-04-30T00:51:10.692+0000] {dag.py:4138} INFO - Setting next_dagrun for example_bash_decorator to None, run_after=None
[2025-04-30T00:51:10.718+0000] {processor.py:208} INFO - Processing /home/airflow/.local/lib/python3.12/site-packages/airflow/example_dags/example_bash_decorator.py took 0.091 seconds
[2025-04-30T00:51:41.146+0000] {processor.py:186} INFO - Started process (PID=2685) to work on /home/airflow/.local/lib/python3.12/site-packages/airflow/example_dags/example_bash_decorator.py
[2025-04-30T00:51:41.147+0000] {processor.py:914} INFO - Processing file /home/airflow/.local/lib/python3.12/site-packages/airflow/example_dags/example_bash_decorator.py for tasks to queue
[2025-04-30T00:51:41.149+0000] {logging_mixin.py:190} INFO - [2025-04-30T00:51:41.149+0000] {dagbag.py:587} INFO - Filling up the DagBag from /home/airflow/.local/lib/python3.12/site-packages/airflow/example_dags/example_bash_decorator.py
[2025-04-30T00:51:41.165+0000] {processor.py:925} INFO - DAG(s) 'example_bash_decorator' retrieved from /home/airflow/.local/lib/python3.12/site-packages/airflow/example_dags/example_bash_decorator.py
[2025-04-30T00:51:41.190+0000] {logging_mixin.py:190} INFO - [2025-04-30T00:51:41.190+0000] {dag.py:3211} INFO - Sync 1 DAGs
[2025-04-30T00:51:41.205+0000] {logging_mixin.py:190} INFO - [2025-04-30T00:51:41.205+0000] {dag.py:4138} INFO - Setting next_dagrun for example_bash_decorator to None, run_after=None
[2025-04-30T00:51:41.234+0000] {processor.py:208} INFO - Processing /home/airflow/.local/lib/python3.12/site-packages/airflow/example_dags/example_bash_decorator.py took 0.094 seconds
[2025-04-30T00:59:29.764+0000] {processor.py:186} INFO - Started process (PID=2713) to work on /home/airflow/.local/lib/python3.12/site-packages/airflow/example_dags/example_bash_decorator.py
[2025-04-30T00:59:29.766+0000] {processor.py:914} INFO - Processing file /home/airflow/.local/lib/python3.12/site-packages/airflow/example_dags/example_bash_decorator.py for tasks to queue
[2025-04-30T00:59:29.769+0000] {logging_mixin.py:190} INFO - [2025-04-30T00:59:29.768+0000] {dagbag.py:587} INFO - Filling up the DagBag from /home/airflow/.local/lib/python3.12/site-packages/airflow/example_dags/example_bash_decorator.py
[2025-04-30T00:59:29.849+0000] {processor.py:925} INFO - DAG(s) 'example_bash_decorator' retrieved from /home/airflow/.local/lib/python3.12/site-packages/airflow/example_dags/example_bash_decorator.py
[2025-04-30T00:59:29.953+0000] {logging_mixin.py:190} INFO - [2025-04-30T00:59:29.952+0000] {dag.py:3211} INFO - Sync 1 DAGs
[2025-04-30T00:59:30.009+0000] {logging_mixin.py:190} INFO - [2025-04-30T00:59:30.009+0000] {dag.py:4138} INFO - Setting next_dagrun for example_bash_decorator to None, run_after=None
[2025-04-30T00:59:30.064+0000] {processor.py:208} INFO - Processing /home/airflow/.local/lib/python3.12/site-packages/airflow/example_dags/example_bash_decorator.py took 0.322 seconds
[2025-04-30T01:00:00.267+0000] {processor.py:186} INFO - Started process (PID=2774) to work on /home/airflow/.local/lib/python3.12/site-packages/airflow/example_dags/example_bash_decorator.py
[2025-04-30T01:00:00.269+0000] {processor.py:914} INFO - Processing file /home/airflow/.local/lib/python3.12/site-packages/airflow/example_dags/example_bash_decorator.py for tasks to queue
[2025-04-30T01:00:00.271+0000] {logging_mixin.py:190} INFO - [2025-04-30T01:00:00.271+0000] {dagbag.py:587} INFO - Filling up the DagBag from /home/airflow/.local/lib/python3.12/site-packages/airflow/example_dags/example_bash_decorator.py
[2025-04-30T01:00:00.291+0000] {processor.py:925} INFO - DAG(s) 'example_bash_decorator' retrieved from /home/airflow/.local/lib/python3.12/site-packages/airflow/example_dags/example_bash_decorator.py
[2025-04-30T01:00:00.320+0000] {logging_mixin.py:190} INFO - [2025-04-30T01:00:00.319+0000] {dag.py:3211} INFO - Sync 1 DAGs
[2025-04-30T01:00:00.336+0000] {logging_mixin.py:190} INFO - [2025-04-30T01:00:00.336+0000] {dag.py:4138} INFO - Setting next_dagrun for example_bash_decorator to None, run_after=None
[2025-04-30T01:00:00.365+0000] {processor.py:208} INFO - Processing /home/airflow/.local/lib/python3.12/site-packages/airflow/example_dags/example_bash_decorator.py took 0.104 seconds
[2025-04-30T01:00:30.581+0000] {processor.py:186} INFO - Started process (PID=2834) to work on /home/airflow/.local/lib/python3.12/site-packages/airflow/example_dags/example_bash_decorator.py
[2025-04-30T01:00:30.583+0000] {processor.py:914} INFO - Processing file /home/airflow/.local/lib/python3.12/site-packages/airflow/example_dags/example_bash_decorator.py for tasks to queue
[2025-04-30T01:00:30.585+0000] {logging_mixin.py:190} INFO - [2025-04-30T01:00:30.584+0000] {dagbag.py:587} INFO - Filling up the DagBag from /home/airflow/.local/lib/python3.12/site-packages/airflow/example_dags/example_bash_decorator.py
[2025-04-30T01:00:30.603+0000] {processor.py:925} INFO - DAG(s) 'example_bash_decorator' retrieved from /home/airflow/.local/lib/python3.12/site-packages/airflow/example_dags/example_bash_decorator.py
[2025-04-30T01:00:30.633+0000] {logging_mixin.py:190} INFO - [2025-04-30T01:00:30.633+0000] {dag.py:3211} INFO - Sync 1 DAGs
[2025-04-30T01:00:30.651+0000] {logging_mixin.py:190} INFO - [2025-04-30T01:00:30.651+0000] {dag.py:4138} INFO - Setting next_dagrun for example_bash_decorator to None, run_after=None
[2025-04-30T01:00:30.674+0000] {processor.py:208} INFO - Processing /home/airflow/.local/lib/python3.12/site-packages/airflow/example_dags/example_bash_decorator.py took 0.102 seconds
[2025-04-30T01:01:00.814+0000] {processor.py:186} INFO - Started process (PID=2897) to work on /home/airflow/.local/lib/python3.12/site-packages/airflow/example_dags/example_bash_decorator.py
[2025-04-30T01:01:00.815+0000] {processor.py:914} INFO - Processing file /home/airflow/.local/lib/python3.12/site-packages/airflow/example_dags/example_bash_decorator.py for tasks to queue
[2025-04-30T01:01:00.816+0000] {logging_mixin.py:190} INFO - [2025-04-30T01:01:00.816+0000] {dagbag.py:587} INFO - Filling up the DagBag from /home/airflow/.local/lib/python3.12/site-packages/airflow/example_dags/example_bash_decorator.py
[2025-04-30T01:01:00.832+0000] {processor.py:925} INFO - DAG(s) 'example_bash_decorator' retrieved from /home/airflow/.local/lib/python3.12/site-packages/airflow/example_dags/example_bash_decorator.py
[2025-04-30T01:01:00.857+0000] {logging_mixin.py:190} INFO - [2025-04-30T01:01:00.857+0000] {dag.py:3211} INFO - Sync 1 DAGs
[2025-04-30T01:01:00.877+0000] {logging_mixin.py:190} INFO - [2025-04-30T01:01:00.877+0000] {dag.py:4138} INFO - Setting next_dagrun for example_bash_decorator to None, run_after=None
[2025-04-30T01:01:00.906+0000] {processor.py:208} INFO - Processing /home/airflow/.local/lib/python3.12/site-packages/airflow/example_dags/example_bash_decorator.py took 0.099 seconds
[2025-04-30T01:01:31.674+0000] {processor.py:186} INFO - Started process (PID=2961) to work on /home/airflow/.local/lib/python3.12/site-packages/airflow/example_dags/example_bash_decorator.py
[2025-04-30T01:01:31.675+0000] {processor.py:914} INFO - Processing file /home/airflow/.local/lib/python3.12/site-packages/airflow/example_dags/example_bash_decorator.py for tasks to queue
[2025-04-30T01:01:31.676+0000] {logging_mixin.py:190} INFO - [2025-04-30T01:01:31.676+0000] {dagbag.py:587} INFO - Filling up the DagBag from /home/airflow/.local/lib/python3.12/site-packages/airflow/example_dags/example_bash_decorator.py
[2025-04-30T01:01:31.694+0000] {processor.py:925} INFO - DAG(s) 'example_bash_decorator' retrieved from /home/airflow/.local/lib/python3.12/site-packages/airflow/example_dags/example_bash_decorator.py
[2025-04-30T01:01:31.719+0000] {logging_mixin.py:190} INFO - [2025-04-30T01:01:31.719+0000] {dag.py:3211} INFO - Sync 1 DAGs
[2025-04-30T01:01:31.735+0000] {logging_mixin.py:190} INFO - [2025-04-30T01:01:31.735+0000] {dag.py:4138} INFO - Setting next_dagrun for example_bash_decorator to None, run_after=None
[2025-04-30T01:01:31.758+0000] {processor.py:208} INFO - Processing /home/airflow/.local/lib/python3.12/site-packages/airflow/example_dags/example_bash_decorator.py took 0.091 seconds
[2025-04-30T01:02:02.117+0000] {processor.py:186} INFO - Started process (PID=3024) to work on /home/airflow/.local/lib/python3.12/site-packages/airflow/example_dags/example_bash_decorator.py
[2025-04-30T01:02:02.118+0000] {processor.py:914} INFO - Processing file /home/airflow/.local/lib/python3.12/site-packages/airflow/example_dags/example_bash_decorator.py for tasks to queue
[2025-04-30T01:02:02.120+0000] {logging_mixin.py:190} INFO - [2025-04-30T01:02:02.119+0000] {dagbag.py:587} INFO - Filling up the DagBag from /home/airflow/.local/lib/python3.12/site-packages/airflow/example_dags/example_bash_decorator.py
[2025-04-30T01:02:02.138+0000] {processor.py:925} INFO - DAG(s) 'example_bash_decorator' retrieved from /home/airflow/.local/lib/python3.12/site-packages/airflow/example_dags/example_bash_decorator.py
[2025-04-30T01:02:02.168+0000] {logging_mixin.py:190} INFO - [2025-04-30T01:02:02.167+0000] {dag.py:3211} INFO - Sync 1 DAGs
[2025-04-30T01:02:02.184+0000] {logging_mixin.py:190} INFO - [2025-04-30T01:02:02.184+0000] {dag.py:4138} INFO - Setting next_dagrun for example_bash_decorator to None, run_after=None
[2025-04-30T01:02:02.208+0000] {processor.py:208} INFO - Processing /home/airflow/.local/lib/python3.12/site-packages/airflow/example_dags/example_bash_decorator.py took 0.097 seconds
[2025-04-30T01:02:32.544+0000] {processor.py:186} INFO - Started process (PID=3093) to work on /home/airflow/.local/lib/python3.12/site-packages/airflow/example_dags/example_bash_decorator.py
[2025-04-30T01:02:32.546+0000] {processor.py:914} INFO - Processing file /home/airflow/.local/lib/python3.12/site-packages/airflow/example_dags/example_bash_decorator.py for tasks to queue
[2025-04-30T01:02:32.548+0000] {logging_mixin.py:190} INFO - [2025-04-30T01:02:32.547+0000] {dagbag.py:587} INFO - Filling up the DagBag from /home/airflow/.local/lib/python3.12/site-packages/airflow/example_dags/example_bash_decorator.py
[2025-04-30T01:02:32.564+0000] {processor.py:925} INFO - DAG(s) 'example_bash_decorator' retrieved from /home/airflow/.local/lib/python3.12/site-packages/airflow/example_dags/example_bash_decorator.py
[2025-04-30T01:02:32.590+0000] {logging_mixin.py:190} INFO - [2025-04-30T01:02:32.590+0000] {dag.py:3211} INFO - Sync 1 DAGs
[2025-04-30T01:02:32.607+0000] {logging_mixin.py:190} INFO - [2025-04-30T01:02:32.606+0000] {dag.py:4138} INFO - Setting next_dagrun for example_bash_decorator to None, run_after=None
[2025-04-30T01:02:32.629+0000] {processor.py:208} INFO - Processing /home/airflow/.local/lib/python3.12/site-packages/airflow/example_dags/example_bash_decorator.py took 0.091 seconds
[2025-04-30T01:03:03.533+0000] {processor.py:186} INFO - Started process (PID=3156) to work on /home/airflow/.local/lib/python3.12/site-packages/airflow/example_dags/example_bash_decorator.py
[2025-04-30T01:03:03.535+0000] {processor.py:914} INFO - Processing file /home/airflow/.local/lib/python3.12/site-packages/airflow/example_dags/example_bash_decorator.py for tasks to queue
[2025-04-30T01:03:03.536+0000] {logging_mixin.py:190} INFO - [2025-04-30T01:03:03.536+0000] {dagbag.py:587} INFO - Filling up the DagBag from /home/airflow/.local/lib/python3.12/site-packages/airflow/example_dags/example_bash_decorator.py
[2025-04-30T01:03:03.556+0000] {processor.py:925} INFO - DAG(s) 'example_bash_decorator' retrieved from /home/airflow/.local/lib/python3.12/site-packages/airflow/example_dags/example_bash_decorator.py
[2025-04-30T01:03:03.586+0000] {logging_mixin.py:190} INFO - [2025-04-30T01:03:03.585+0000] {dag.py:3211} INFO - Sync 1 DAGs
[2025-04-30T01:03:03.774+0000] {logging_mixin.py:190} INFO - [2025-04-30T01:03:03.773+0000] {dag.py:4138} INFO - Setting next_dagrun for example_bash_decorator to None, run_after=None
[2025-04-30T01:03:03.802+0000] {processor.py:208} INFO - Processing /home/airflow/.local/lib/python3.12/site-packages/airflow/example_dags/example_bash_decorator.py took 0.275 seconds
[2025-04-30T01:03:34.116+0000] {processor.py:186} INFO - Started process (PID=3219) to work on /home/airflow/.local/lib/python3.12/site-packages/airflow/example_dags/example_bash_decorator.py
[2025-04-30T01:03:34.117+0000] {processor.py:914} INFO - Processing file /home/airflow/.local/lib/python3.12/site-packages/airflow/example_dags/example_bash_decorator.py for tasks to queue
[2025-04-30T01:03:34.119+0000] {logging_mixin.py:190} INFO - [2025-04-30T01:03:34.119+0000] {dagbag.py:587} INFO - Filling up the DagBag from /home/airflow/.local/lib/python3.12/site-packages/airflow/example_dags/example_bash_decorator.py
[2025-04-30T01:03:34.139+0000] {processor.py:925} INFO - DAG(s) 'example_bash_decorator' retrieved from /home/airflow/.local/lib/python3.12/site-packages/airflow/example_dags/example_bash_decorator.py
[2025-04-30T01:03:34.171+0000] {logging_mixin.py:190} INFO - [2025-04-30T01:03:34.171+0000] {dag.py:3211} INFO - Sync 1 DAGs
[2025-04-30T01:03:34.362+0000] {logging_mixin.py:190} INFO - [2025-04-30T01:03:34.362+0000] {dag.py:4138} INFO - Setting next_dagrun for example_bash_decorator to None, run_after=None
[2025-04-30T01:03:34.390+0000] {processor.py:208} INFO - Processing /home/airflow/.local/lib/python3.12/site-packages/airflow/example_dags/example_bash_decorator.py took 0.281 seconds
[2025-04-30T01:04:04.524+0000] {processor.py:186} INFO - Started process (PID=3282) to work on /home/airflow/.local/lib/python3.12/site-packages/airflow/example_dags/example_bash_decorator.py
[2025-04-30T01:04:04.525+0000] {processor.py:914} INFO - Processing file /home/airflow/.local/lib/python3.12/site-packages/airflow/example_dags/example_bash_decorator.py for tasks to queue
[2025-04-30T01:04:04.527+0000] {logging_mixin.py:190} INFO - [2025-04-30T01:04:04.527+0000] {dagbag.py:587} INFO - Filling up the DagBag from /home/airflow/.local/lib/python3.12/site-packages/airflow/example_dags/example_bash_decorator.py
[2025-04-30T01:04:04.545+0000] {processor.py:925} INFO - DAG(s) 'example_bash_decorator' retrieved from /home/airflow/.local/lib/python3.12/site-packages/airflow/example_dags/example_bash_decorator.py
[2025-04-30T01:04:04.576+0000] {logging_mixin.py:190} INFO - [2025-04-30T01:04:04.575+0000] {dag.py:3211} INFO - Sync 1 DAGs
[2025-04-30T01:04:04.593+0000] {logging_mixin.py:190} INFO - [2025-04-30T01:04:04.593+0000] {dag.py:4138} INFO - Setting next_dagrun for example_bash_decorator to None, run_after=None
[2025-04-30T01:04:04.798+0000] {processor.py:208} INFO - Processing /home/airflow/.local/lib/python3.12/site-packages/airflow/example_dags/example_bash_decorator.py took 0.282 seconds
[2025-04-30T01:04:34.875+0000] {processor.py:186} INFO - Started process (PID=3345) to work on /home/airflow/.local/lib/python3.12/site-packages/airflow/example_dags/example_bash_decorator.py
[2025-04-30T01:04:34.876+0000] {processor.py:914} INFO - Processing file /home/airflow/.local/lib/python3.12/site-packages/airflow/example_dags/example_bash_decorator.py for tasks to queue
[2025-04-30T01:04:34.878+0000] {logging_mixin.py:190} INFO - [2025-04-30T01:04:34.877+0000] {dagbag.py:587} INFO - Filling up the DagBag from /home/airflow/.local/lib/python3.12/site-packages/airflow/example_dags/example_bash_decorator.py
[2025-04-30T01:04:34.895+0000] {processor.py:925} INFO - DAG(s) 'example_bash_decorator' retrieved from /home/airflow/.local/lib/python3.12/site-packages/airflow/example_dags/example_bash_decorator.py
[2025-04-30T01:04:34.926+0000] {logging_mixin.py:190} INFO - [2025-04-30T01:04:34.926+0000] {dag.py:3211} INFO - Sync 1 DAGs
[2025-04-30T01:04:34.944+0000] {logging_mixin.py:190} INFO - [2025-04-30T01:04:34.944+0000] {dag.py:4138} INFO - Setting next_dagrun for example_bash_decorator to None, run_after=None
[2025-04-30T01:04:34.968+0000] {processor.py:208} INFO - Processing /home/airflow/.local/lib/python3.12/site-packages/airflow/example_dags/example_bash_decorator.py took 0.100 seconds
[2025-04-30T01:05:05.808+0000] {processor.py:186} INFO - Started process (PID=3408) to work on /home/airflow/.local/lib/python3.12/site-packages/airflow/example_dags/example_bash_decorator.py
[2025-04-30T01:05:05.810+0000] {processor.py:914} INFO - Processing file /home/airflow/.local/lib/python3.12/site-packages/airflow/example_dags/example_bash_decorator.py for tasks to queue
[2025-04-30T01:05:05.812+0000] {logging_mixin.py:190} INFO - [2025-04-30T01:05:05.811+0000] {dagbag.py:587} INFO - Filling up the DagBag from /home/airflow/.local/lib/python3.12/site-packages/airflow/example_dags/example_bash_decorator.py
[2025-04-30T01:05:05.832+0000] {processor.py:925} INFO - DAG(s) 'example_bash_decorator' retrieved from /home/airflow/.local/lib/python3.12/site-packages/airflow/example_dags/example_bash_decorator.py
[2025-04-30T01:05:05.864+0000] {logging_mixin.py:190} INFO - [2025-04-30T01:05:05.864+0000] {dag.py:3211} INFO - Sync 1 DAGs
[2025-04-30T01:05:05.882+0000] {logging_mixin.py:190} INFO - [2025-04-30T01:05:05.882+0000] {dag.py:4138} INFO - Setting next_dagrun for example_bash_decorator to None, run_after=None
[2025-04-30T01:05:05.909+0000] {processor.py:208} INFO - Processing /home/airflow/.local/lib/python3.12/site-packages/airflow/example_dags/example_bash_decorator.py took 0.108 seconds
[2025-04-30T01:05:36.421+0000] {processor.py:186} INFO - Started process (PID=3471) to work on /home/airflow/.local/lib/python3.12/site-packages/airflow/example_dags/example_bash_decorator.py
[2025-04-30T01:05:36.423+0000] {processor.py:914} INFO - Processing file /home/airflow/.local/lib/python3.12/site-packages/airflow/example_dags/example_bash_decorator.py for tasks to queue
[2025-04-30T01:05:36.424+0000] {logging_mixin.py:190} INFO - [2025-04-30T01:05:36.424+0000] {dagbag.py:587} INFO - Filling up the DagBag from /home/airflow/.local/lib/python3.12/site-packages/airflow/example_dags/example_bash_decorator.py
[2025-04-30T01:05:36.440+0000] {processor.py:925} INFO - DAG(s) 'example_bash_decorator' retrieved from /home/airflow/.local/lib/python3.12/site-packages/airflow/example_dags/example_bash_decorator.py
[2025-04-30T01:05:36.464+0000] {logging_mixin.py:190} INFO - [2025-04-30T01:05:36.463+0000] {dag.py:3211} INFO - Sync 1 DAGs
[2025-04-30T01:05:36.479+0000] {logging_mixin.py:190} INFO - [2025-04-30T01:05:36.479+0000] {dag.py:4138} INFO - Setting next_dagrun for example_bash_decorator to None, run_after=None
[2025-04-30T01:05:36.501+0000] {processor.py:208} INFO - Processing /home/airflow/.local/lib/python3.12/site-packages/airflow/example_dags/example_bash_decorator.py took 0.086 seconds
[2025-04-30T01:06:07.166+0000] {processor.py:186} INFO - Started process (PID=3534) to work on /home/airflow/.local/lib/python3.12/site-packages/airflow/example_dags/example_bash_decorator.py
[2025-04-30T01:06:07.167+0000] {processor.py:914} INFO - Processing file /home/airflow/.local/lib/python3.12/site-packages/airflow/example_dags/example_bash_decorator.py for tasks to queue
[2025-04-30T01:06:07.169+0000] {logging_mixin.py:190} INFO - [2025-04-30T01:06:07.168+0000] {dagbag.py:587} INFO - Filling up the DagBag from /home/airflow/.local/lib/python3.12/site-packages/airflow/example_dags/example_bash_decorator.py
[2025-04-30T01:06:07.189+0000] {processor.py:925} INFO - DAG(s) 'example_bash_decorator' retrieved from /home/airflow/.local/lib/python3.12/site-packages/airflow/example_dags/example_bash_decorator.py
[2025-04-30T01:06:07.221+0000] {logging_mixin.py:190} INFO - [2025-04-30T01:06:07.221+0000] {dag.py:3211} INFO - Sync 1 DAGs
[2025-04-30T01:06:07.237+0000] {logging_mixin.py:190} INFO - [2025-04-30T01:06:07.237+0000] {dag.py:4138} INFO - Setting next_dagrun for example_bash_decorator to None, run_after=None
[2025-04-30T01:06:07.266+0000] {processor.py:208} INFO - Processing /home/airflow/.local/lib/python3.12/site-packages/airflow/example_dags/example_bash_decorator.py took 0.109 seconds
[2025-04-30T01:06:38.249+0000] {processor.py:186} INFO - Started process (PID=3597) to work on /home/airflow/.local/lib/python3.12/site-packages/airflow/example_dags/example_bash_decorator.py
[2025-04-30T01:06:38.250+0000] {processor.py:914} INFO - Processing file /home/airflow/.local/lib/python3.12/site-packages/airflow/example_dags/example_bash_decorator.py for tasks to queue
[2025-04-30T01:06:38.252+0000] {logging_mixin.py:190} INFO - [2025-04-30T01:06:38.251+0000] {dagbag.py:587} INFO - Filling up the DagBag from /home/airflow/.local/lib/python3.12/site-packages/airflow/example_dags/example_bash_decorator.py
[2025-04-30T01:06:38.268+0000] {processor.py:925} INFO - DAG(s) 'example_bash_decorator' retrieved from /home/airflow/.local/lib/python3.12/site-packages/airflow/example_dags/example_bash_decorator.py
[2025-04-30T01:06:38.295+0000] {logging_mixin.py:190} INFO - [2025-04-30T01:06:38.294+0000] {dag.py:3211} INFO - Sync 1 DAGs
[2025-04-30T01:06:38.311+0000] {logging_mixin.py:190} INFO - [2025-04-30T01:06:38.311+0000] {dag.py:4138} INFO - Setting next_dagrun for example_bash_decorator to None, run_after=None
[2025-04-30T01:06:38.333+0000] {processor.py:208} INFO - Processing /home/airflow/.local/lib/python3.12/site-packages/airflow/example_dags/example_bash_decorator.py took 0.090 seconds
[2025-04-30T01:07:08.425+0000] {processor.py:186} INFO - Started process (PID=3660) to work on /home/airflow/.local/lib/python3.12/site-packages/airflow/example_dags/example_bash_decorator.py
[2025-04-30T01:07:08.426+0000] {processor.py:914} INFO - Processing file /home/airflow/.local/lib/python3.12/site-packages/airflow/example_dags/example_bash_decorator.py for tasks to queue
[2025-04-30T01:07:08.428+0000] {logging_mixin.py:190} INFO - [2025-04-30T01:07:08.428+0000] {dagbag.py:587} INFO - Filling up the DagBag from /home/airflow/.local/lib/python3.12/site-packages/airflow/example_dags/example_bash_decorator.py
[2025-04-30T01:07:08.447+0000] {processor.py:925} INFO - DAG(s) 'example_bash_decorator' retrieved from /home/airflow/.local/lib/python3.12/site-packages/airflow/example_dags/example_bash_decorator.py
[2025-04-30T01:07:08.476+0000] {logging_mixin.py:190} INFO - [2025-04-30T01:07:08.475+0000] {dag.py:3211} INFO - Sync 1 DAGs
[2025-04-30T01:07:08.492+0000] {logging_mixin.py:190} INFO - [2025-04-30T01:07:08.492+0000] {dag.py:4138} INFO - Setting next_dagrun for example_bash_decorator to None, run_after=None
[2025-04-30T01:07:08.515+0000] {processor.py:208} INFO - Processing /home/airflow/.local/lib/python3.12/site-packages/airflow/example_dags/example_bash_decorator.py took 0.096 seconds
[2025-04-30T01:07:38.915+0000] {processor.py:186} INFO - Started process (PID=3723) to work on /home/airflow/.local/lib/python3.12/site-packages/airflow/example_dags/example_bash_decorator.py
[2025-04-30T01:07:38.917+0000] {processor.py:914} INFO - Processing file /home/airflow/.local/lib/python3.12/site-packages/airflow/example_dags/example_bash_decorator.py for tasks to queue
[2025-04-30T01:07:38.918+0000] {logging_mixin.py:190} INFO - [2025-04-30T01:07:38.918+0000] {dagbag.py:587} INFO - Filling up the DagBag from /home/airflow/.local/lib/python3.12/site-packages/airflow/example_dags/example_bash_decorator.py
[2025-04-30T01:07:38.937+0000] {processor.py:925} INFO - DAG(s) 'example_bash_decorator' retrieved from /home/airflow/.local/lib/python3.12/site-packages/airflow/example_dags/example_bash_decorator.py
[2025-04-30T01:07:38.964+0000] {logging_mixin.py:190} INFO - [2025-04-30T01:07:38.964+0000] {dag.py:3211} INFO - Sync 1 DAGs
[2025-04-30T01:07:38.979+0000] {logging_mixin.py:190} INFO - [2025-04-30T01:07:38.979+0000] {dag.py:4138} INFO - Setting next_dagrun for example_bash_decorator to None, run_after=None
[2025-04-30T01:07:39.000+0000] {processor.py:208} INFO - Processing /home/airflow/.local/lib/python3.12/site-packages/airflow/example_dags/example_bash_decorator.py took 0.092 seconds
[2025-04-30T01:08:09.710+0000] {processor.py:186} INFO - Started process (PID=3786) to work on /home/airflow/.local/lib/python3.12/site-packages/airflow/example_dags/example_bash_decorator.py
[2025-04-30T01:08:09.711+0000] {processor.py:914} INFO - Processing file /home/airflow/.local/lib/python3.12/site-packages/airflow/example_dags/example_bash_decorator.py for tasks to queue
[2025-04-30T01:08:09.713+0000] {logging_mixin.py:190} INFO - [2025-04-30T01:08:09.713+0000] {dagbag.py:587} INFO - Filling up the DagBag from /home/airflow/.local/lib/python3.12/site-packages/airflow/example_dags/example_bash_decorator.py
[2025-04-30T01:08:09.729+0000] {processor.py:925} INFO - DAG(s) 'example_bash_decorator' retrieved from /home/airflow/.local/lib/python3.12/site-packages/airflow/example_dags/example_bash_decorator.py
[2025-04-30T01:08:09.754+0000] {logging_mixin.py:190} INFO - [2025-04-30T01:08:09.754+0000] {dag.py:3211} INFO - Sync 1 DAGs
[2025-04-30T01:08:09.769+0000] {logging_mixin.py:190} INFO - [2025-04-30T01:08:09.769+0000] {dag.py:4138} INFO - Setting next_dagrun for example_bash_decorator to None, run_after=None
[2025-04-30T01:08:09.792+0000] {processor.py:208} INFO - Processing /home/airflow/.local/lib/python3.12/site-packages/airflow/example_dags/example_bash_decorator.py took 0.088 seconds
[2025-04-30T01:08:40.565+0000] {processor.py:186} INFO - Started process (PID=3848) to work on /home/airflow/.local/lib/python3.12/site-packages/airflow/example_dags/example_bash_decorator.py
[2025-04-30T01:08:40.566+0000] {processor.py:914} INFO - Processing file /home/airflow/.local/lib/python3.12/site-packages/airflow/example_dags/example_bash_decorator.py for tasks to queue
[2025-04-30T01:08:40.568+0000] {logging_mixin.py:190} INFO - [2025-04-30T01:08:40.568+0000] {dagbag.py:587} INFO - Filling up the DagBag from /home/airflow/.local/lib/python3.12/site-packages/airflow/example_dags/example_bash_decorator.py
[2025-04-30T01:08:40.586+0000] {processor.py:925} INFO - DAG(s) 'example_bash_decorator' retrieved from /home/airflow/.local/lib/python3.12/site-packages/airflow/example_dags/example_bash_decorator.py
[2025-04-30T01:08:40.610+0000] {logging_mixin.py:190} INFO - [2025-04-30T01:08:40.610+0000] {dag.py:3211} INFO - Sync 1 DAGs
[2025-04-30T01:08:40.626+0000] {logging_mixin.py:190} INFO - [2025-04-30T01:08:40.625+0000] {dag.py:4138} INFO - Setting next_dagrun for example_bash_decorator to None, run_after=None
[2025-04-30T01:08:40.647+0000] {processor.py:208} INFO - Processing /home/airflow/.local/lib/python3.12/site-packages/airflow/example_dags/example_bash_decorator.py took 0.089 seconds
[2025-04-30T01:09:10.806+0000] {processor.py:186} INFO - Started process (PID=3910) to work on /home/airflow/.local/lib/python3.12/site-packages/airflow/example_dags/example_bash_decorator.py
[2025-04-30T01:09:10.807+0000] {processor.py:914} INFO - Processing file /home/airflow/.local/lib/python3.12/site-packages/airflow/example_dags/example_bash_decorator.py for tasks to queue
[2025-04-30T01:09:10.809+0000] {logging_mixin.py:190} INFO - [2025-04-30T01:09:10.808+0000] {dagbag.py:587} INFO - Filling up the DagBag from /home/airflow/.local/lib/python3.12/site-packages/airflow/example_dags/example_bash_decorator.py
[2025-04-30T01:09:10.827+0000] {processor.py:925} INFO - DAG(s) 'example_bash_decorator' retrieved from /home/airflow/.local/lib/python3.12/site-packages/airflow/example_dags/example_bash_decorator.py
[2025-04-30T01:09:10.856+0000] {logging_mixin.py:190} INFO - [2025-04-30T01:09:10.856+0000] {dag.py:3211} INFO - Sync 1 DAGs
[2025-04-30T01:09:10.874+0000] {logging_mixin.py:190} INFO - [2025-04-30T01:09:10.874+0000] {dag.py:4138} INFO - Setting next_dagrun for example_bash_decorator to None, run_after=None
[2025-04-30T01:09:10.899+0000] {processor.py:208} INFO - Processing /home/airflow/.local/lib/python3.12/site-packages/airflow/example_dags/example_bash_decorator.py took 0.101 seconds
[2025-04-30T01:09:41.938+0000] {processor.py:186} INFO - Started process (PID=3972) to work on /home/airflow/.local/lib/python3.12/site-packages/airflow/example_dags/example_bash_decorator.py
[2025-04-30T01:09:41.940+0000] {processor.py:914} INFO - Processing file /home/airflow/.local/lib/python3.12/site-packages/airflow/example_dags/example_bash_decorator.py for tasks to queue
[2025-04-30T01:09:41.941+0000] {logging_mixin.py:190} INFO - [2025-04-30T01:09:41.941+0000] {dagbag.py:587} INFO - Filling up the DagBag from /home/airflow/.local/lib/python3.12/site-packages/airflow/example_dags/example_bash_decorator.py
[2025-04-30T01:09:41.962+0000] {processor.py:925} INFO - DAG(s) 'example_bash_decorator' retrieved from /home/airflow/.local/lib/python3.12/site-packages/airflow/example_dags/example_bash_decorator.py
[2025-04-30T01:09:41.992+0000] {logging_mixin.py:190} INFO - [2025-04-30T01:09:41.991+0000] {dag.py:3211} INFO - Sync 1 DAGs
[2025-04-30T01:09:42.011+0000] {logging_mixin.py:190} INFO - [2025-04-30T01:09:42.010+0000] {dag.py:4138} INFO - Setting next_dagrun for example_bash_decorator to None, run_after=None
[2025-04-30T01:09:42.034+0000] {processor.py:208} INFO - Processing /home/airflow/.local/lib/python3.12/site-packages/airflow/example_dags/example_bash_decorator.py took 0.104 seconds
[2025-04-30T01:10:13.000+0000] {processor.py:186} INFO - Started process (PID=4034) to work on /home/airflow/.local/lib/python3.12/site-packages/airflow/example_dags/example_bash_decorator.py
[2025-04-30T01:10:13.001+0000] {processor.py:914} INFO - Processing file /home/airflow/.local/lib/python3.12/site-packages/airflow/example_dags/example_bash_decorator.py for tasks to queue
[2025-04-30T01:10:13.003+0000] {logging_mixin.py:190} INFO - [2025-04-30T01:10:13.003+0000] {dagbag.py:587} INFO - Filling up the DagBag from /home/airflow/.local/lib/python3.12/site-packages/airflow/example_dags/example_bash_decorator.py
[2025-04-30T01:10:13.022+0000] {processor.py:925} INFO - DAG(s) 'example_bash_decorator' retrieved from /home/airflow/.local/lib/python3.12/site-packages/airflow/example_dags/example_bash_decorator.py
[2025-04-30T01:10:13.051+0000] {logging_mixin.py:190} INFO - [2025-04-30T01:10:13.051+0000] {dag.py:3211} INFO - Sync 1 DAGs
[2025-04-30T01:10:13.071+0000] {logging_mixin.py:190} INFO - [2025-04-30T01:10:13.071+0000] {dag.py:4138} INFO - Setting next_dagrun for example_bash_decorator to None, run_after=None
[2025-04-30T01:10:13.093+0000] {processor.py:208} INFO - Processing /home/airflow/.local/lib/python3.12/site-packages/airflow/example_dags/example_bash_decorator.py took 0.100 seconds
[2025-04-30T01:10:44.062+0000] {processor.py:186} INFO - Started process (PID=4096) to work on /home/airflow/.local/lib/python3.12/site-packages/airflow/example_dags/example_bash_decorator.py
[2025-04-30T01:10:44.063+0000] {processor.py:914} INFO - Processing file /home/airflow/.local/lib/python3.12/site-packages/airflow/example_dags/example_bash_decorator.py for tasks to queue
[2025-04-30T01:10:44.064+0000] {logging_mixin.py:190} INFO - [2025-04-30T01:10:44.064+0000] {dagbag.py:587} INFO - Filling up the DagBag from /home/airflow/.local/lib/python3.12/site-packages/airflow/example_dags/example_bash_decorator.py
[2025-04-30T01:10:44.084+0000] {processor.py:925} INFO - DAG(s) 'example_bash_decorator' retrieved from /home/airflow/.local/lib/python3.12/site-packages/airflow/example_dags/example_bash_decorator.py
[2025-04-30T01:10:44.110+0000] {logging_mixin.py:190} INFO - [2025-04-30T01:10:44.110+0000] {dag.py:3211} INFO - Sync 1 DAGs
[2025-04-30T01:10:44.125+0000] {logging_mixin.py:190} INFO - [2025-04-30T01:10:44.125+0000] {dag.py:4138} INFO - Setting next_dagrun for example_bash_decorator to None, run_after=None
[2025-04-30T01:10:44.145+0000] {processor.py:208} INFO - Processing /home/airflow/.local/lib/python3.12/site-packages/airflow/example_dags/example_bash_decorator.py took 0.089 seconds
[2025-04-30T01:11:14.948+0000] {processor.py:186} INFO - Started process (PID=4164) to work on /home/airflow/.local/lib/python3.12/site-packages/airflow/example_dags/example_bash_decorator.py
[2025-04-30T01:11:14.949+0000] {processor.py:914} INFO - Processing file /home/airflow/.local/lib/python3.12/site-packages/airflow/example_dags/example_bash_decorator.py for tasks to queue
[2025-04-30T01:11:14.951+0000] {logging_mixin.py:190} INFO - [2025-04-30T01:11:14.950+0000] {dagbag.py:587} INFO - Filling up the DagBag from /home/airflow/.local/lib/python3.12/site-packages/airflow/example_dags/example_bash_decorator.py
[2025-04-30T01:11:14.971+0000] {processor.py:925} INFO - DAG(s) 'example_bash_decorator' retrieved from /home/airflow/.local/lib/python3.12/site-packages/airflow/example_dags/example_bash_decorator.py
[2025-04-30T01:11:15.000+0000] {logging_mixin.py:190} INFO - [2025-04-30T01:11:15.000+0000] {dag.py:3211} INFO - Sync 1 DAGs
[2025-04-30T01:11:15.017+0000] {logging_mixin.py:190} INFO - [2025-04-30T01:11:15.016+0000] {dag.py:4138} INFO - Setting next_dagrun for example_bash_decorator to None, run_after=None
[2025-04-30T01:11:15.037+0000] {processor.py:208} INFO - Processing /home/airflow/.local/lib/python3.12/site-packages/airflow/example_dags/example_bash_decorator.py took 0.097 seconds
[2025-04-30T01:11:45.490+0000] {processor.py:186} INFO - Started process (PID=4226) to work on /home/airflow/.local/lib/python3.12/site-packages/airflow/example_dags/example_bash_decorator.py
[2025-04-30T01:11:45.492+0000] {processor.py:914} INFO - Processing file /home/airflow/.local/lib/python3.12/site-packages/airflow/example_dags/example_bash_decorator.py for tasks to queue
[2025-04-30T01:11:45.493+0000] {logging_mixin.py:190} INFO - [2025-04-30T01:11:45.493+0000] {dagbag.py:587} INFO - Filling up the DagBag from /home/airflow/.local/lib/python3.12/site-packages/airflow/example_dags/example_bash_decorator.py
[2025-04-30T01:11:45.512+0000] {processor.py:925} INFO - DAG(s) 'example_bash_decorator' retrieved from /home/airflow/.local/lib/python3.12/site-packages/airflow/example_dags/example_bash_decorator.py
[2025-04-30T01:11:45.544+0000] {logging_mixin.py:190} INFO - [2025-04-30T01:11:45.544+0000] {dag.py:3211} INFO - Sync 1 DAGs
[2025-04-30T01:11:45.562+0000] {logging_mixin.py:190} INFO - [2025-04-30T01:11:45.562+0000] {dag.py:4138} INFO - Setting next_dagrun for example_bash_decorator to None, run_after=None
[2025-04-30T01:11:45.584+0000] {processor.py:208} INFO - Processing /home/airflow/.local/lib/python3.12/site-packages/airflow/example_dags/example_bash_decorator.py took 0.101 seconds
[2025-04-30T01:12:15.834+0000] {processor.py:186} INFO - Started process (PID=4288) to work on /home/airflow/.local/lib/python3.12/site-packages/airflow/example_dags/example_bash_decorator.py
[2025-04-30T01:12:15.835+0000] {processor.py:914} INFO - Processing file /home/airflow/.local/lib/python3.12/site-packages/airflow/example_dags/example_bash_decorator.py for tasks to queue
[2025-04-30T01:12:15.838+0000] {logging_mixin.py:190} INFO - [2025-04-30T01:12:15.837+0000] {dagbag.py:587} INFO - Filling up the DagBag from /home/airflow/.local/lib/python3.12/site-packages/airflow/example_dags/example_bash_decorator.py
[2025-04-30T01:12:15.862+0000] {processor.py:925} INFO - DAG(s) 'example_bash_decorator' retrieved from /home/airflow/.local/lib/python3.12/site-packages/airflow/example_dags/example_bash_decorator.py
[2025-04-30T01:12:15.901+0000] {logging_mixin.py:190} INFO - [2025-04-30T01:12:15.901+0000] {dag.py:3211} INFO - Sync 1 DAGs
[2025-04-30T01:12:15.922+0000] {logging_mixin.py:190} INFO - [2025-04-30T01:12:15.921+0000] {dag.py:4138} INFO - Setting next_dagrun for example_bash_decorator to None, run_after=None
[2025-04-30T01:12:15.945+0000] {processor.py:208} INFO - Processing /home/airflow/.local/lib/python3.12/site-packages/airflow/example_dags/example_bash_decorator.py took 0.123 seconds
