[2025-04-30T00:30:56.576+0000] {processor.py:186} INFO - Started process (PID=123) to work on /home/airflow/.local/lib/python3.12/site-packages/airflow/example_dags/example_complex.py
[2025-04-30T00:30:56.578+0000] {processor.py:914} INFO - Processing file /home/airflow/.local/lib/python3.12/site-packages/airflow/example_dags/example_complex.py for tasks to queue
[2025-04-30T00:30:56.583+0000] {logging_mixin.py:190} INFO - [2025-04-30T00:30:56.583+0000] {dagbag.py:587} INFO - Filling up the DagBag from /home/airflow/.local/lib/python3.12/site-packages/airflow/example_dags/example_complex.py
[2025-04-30T00:30:56.623+0000] {processor.py:925} INFO - DAG(s) 'example_complex' retrieved from /home/airflow/.local/lib/python3.12/site-packages/airflow/example_dags/example_complex.py
[2025-04-30T00:30:56.897+0000] {logging_mixin.py:190} INFO - [2025-04-30T00:30:56.896+0000] {override.py:1858} INFO - Created Permission View: can edit on DAG:example_complex
[2025-04-30T00:30:56.918+0000] {logging_mixin.py:190} INFO - [2025-04-30T00:30:56.917+0000] {override.py:1858} INFO - Created Permission View: can read on DAG:example_complex
[2025-04-30T00:30:56.932+0000] {logging_mixin.py:190} INFO - [2025-04-30T00:30:56.932+0000] {override.py:1858} INFO - Created Permission View: can delete on DAG:example_complex
[2025-04-30T00:30:56.934+0000] {logging_mixin.py:190} INFO - [2025-04-30T00:30:56.933+0000] {dag.py:3211} INFO - Sync 1 DAGs
[2025-04-30T00:30:56.957+0000] {logging_mixin.py:190} INFO - [2025-04-30T00:30:56.957+0000] {dag.py:3234} INFO - Creating ORM DAG for example_complex
[2025-04-30T00:30:56.960+0000] {logging_mixin.py:190} INFO - [2025-04-30T00:30:56.960+0000] {dag.py:4138} INFO - Setting next_dagrun for example_complex to None, run_after=None
[2025-04-30T00:30:56.994+0000] {processor.py:208} INFO - Processing /home/airflow/.local/lib/python3.12/site-packages/airflow/example_dags/example_complex.py took 0.431 seconds
[2025-04-30T00:31:27.792+0000] {processor.py:186} INFO - Started process (PID=186) to work on /home/airflow/.local/lib/python3.12/site-packages/airflow/example_dags/example_complex.py
[2025-04-30T00:31:27.794+0000] {processor.py:914} INFO - Processing file /home/airflow/.local/lib/python3.12/site-packages/airflow/example_dags/example_complex.py for tasks to queue
[2025-04-30T00:31:27.799+0000] {logging_mixin.py:190} INFO - [2025-04-30T00:31:27.798+0000] {dagbag.py:587} INFO - Filling up the DagBag from /home/airflow/.local/lib/python3.12/site-packages/airflow/example_dags/example_complex.py
[2025-04-30T00:31:27.828+0000] {processor.py:925} INFO - DAG(s) 'example_complex' retrieved from /home/airflow/.local/lib/python3.12/site-packages/airflow/example_dags/example_complex.py
[2025-04-30T00:31:27.926+0000] {logging_mixin.py:190} INFO - [2025-04-30T00:31:27.925+0000] {dag.py:3211} INFO - Sync 1 DAGs
[2025-04-30T00:31:27.972+0000] {logging_mixin.py:190} INFO - [2025-04-30T00:31:27.971+0000] {dag.py:4138} INFO - Setting next_dagrun for example_complex to None, run_after=None
[2025-04-30T00:31:28.032+0000] {processor.py:208} INFO - Processing /home/airflow/.local/lib/python3.12/site-packages/airflow/example_dags/example_complex.py took 0.254 seconds
[2025-04-30T00:31:58.413+0000] {processor.py:186} INFO - Started process (PID=249) to work on /home/airflow/.local/lib/python3.12/site-packages/airflow/example_dags/example_complex.py
[2025-04-30T00:31:58.415+0000] {processor.py:914} INFO - Processing file /home/airflow/.local/lib/python3.12/site-packages/airflow/example_dags/example_complex.py for tasks to queue
[2025-04-30T00:31:58.420+0000] {logging_mixin.py:190} INFO - [2025-04-30T00:31:58.419+0000] {dagbag.py:587} INFO - Filling up the DagBag from /home/airflow/.local/lib/python3.12/site-packages/airflow/example_dags/example_complex.py
[2025-04-30T00:31:58.444+0000] {processor.py:925} INFO - DAG(s) 'example_complex' retrieved from /home/airflow/.local/lib/python3.12/site-packages/airflow/example_dags/example_complex.py
[2025-04-30T00:31:58.513+0000] {logging_mixin.py:190} INFO - [2025-04-30T00:31:58.512+0000] {dag.py:3211} INFO - Sync 1 DAGs
[2025-04-30T00:31:58.541+0000] {logging_mixin.py:190} INFO - [2025-04-30T00:31:58.540+0000] {dag.py:4138} INFO - Setting next_dagrun for example_complex to None, run_after=None
[2025-04-30T00:31:58.586+0000] {processor.py:208} INFO - Processing /home/airflow/.local/lib/python3.12/site-packages/airflow/example_dags/example_complex.py took 0.183 seconds
[2025-04-30T00:32:28.739+0000] {processor.py:186} INFO - Started process (PID=312) to work on /home/airflow/.local/lib/python3.12/site-packages/airflow/example_dags/example_complex.py
[2025-04-30T00:32:28.741+0000] {processor.py:914} INFO - Processing file /home/airflow/.local/lib/python3.12/site-packages/airflow/example_dags/example_complex.py for tasks to queue
[2025-04-30T00:32:28.746+0000] {logging_mixin.py:190} INFO - [2025-04-30T00:32:28.745+0000] {dagbag.py:587} INFO - Filling up the DagBag from /home/airflow/.local/lib/python3.12/site-packages/airflow/example_dags/example_complex.py
[2025-04-30T00:32:28.770+0000] {processor.py:925} INFO - DAG(s) 'example_complex' retrieved from /home/airflow/.local/lib/python3.12/site-packages/airflow/example_dags/example_complex.py
[2025-04-30T00:32:28.836+0000] {logging_mixin.py:190} INFO - [2025-04-30T00:32:28.836+0000] {dag.py:3211} INFO - Sync 1 DAGs
[2025-04-30T00:32:28.863+0000] {logging_mixin.py:190} INFO - [2025-04-30T00:32:28.862+0000] {dag.py:4138} INFO - Setting next_dagrun for example_complex to None, run_after=None
[2025-04-30T00:32:28.907+0000] {processor.py:208} INFO - Processing /home/airflow/.local/lib/python3.12/site-packages/airflow/example_dags/example_complex.py took 0.181 seconds
[2025-04-30T00:32:59.401+0000] {processor.py:186} INFO - Started process (PID=374) to work on /home/airflow/.local/lib/python3.12/site-packages/airflow/example_dags/example_complex.py
[2025-04-30T00:32:59.403+0000] {processor.py:914} INFO - Processing file /home/airflow/.local/lib/python3.12/site-packages/airflow/example_dags/example_complex.py for tasks to queue
[2025-04-30T00:32:59.408+0000] {logging_mixin.py:190} INFO - [2025-04-30T00:32:59.408+0000] {dagbag.py:587} INFO - Filling up the DagBag from /home/airflow/.local/lib/python3.12/site-packages/airflow/example_dags/example_complex.py
[2025-04-30T00:32:59.436+0000] {processor.py:925} INFO - DAG(s) 'example_complex' retrieved from /home/airflow/.local/lib/python3.12/site-packages/airflow/example_dags/example_complex.py
[2025-04-30T00:32:59.506+0000] {logging_mixin.py:190} INFO - [2025-04-30T00:32:59.505+0000] {dag.py:3211} INFO - Sync 1 DAGs
[2025-04-30T00:32:59.538+0000] {logging_mixin.py:190} INFO - [2025-04-30T00:32:59.537+0000] {dag.py:4138} INFO - Setting next_dagrun for example_complex to None, run_after=None
[2025-04-30T00:32:59.577+0000] {processor.py:208} INFO - Processing /home/airflow/.local/lib/python3.12/site-packages/airflow/example_dags/example_complex.py took 0.189 seconds
[2025-04-30T00:33:29.857+0000] {processor.py:186} INFO - Started process (PID=437) to work on /home/airflow/.local/lib/python3.12/site-packages/airflow/example_dags/example_complex.py
[2025-04-30T00:33:29.859+0000] {processor.py:914} INFO - Processing file /home/airflow/.local/lib/python3.12/site-packages/airflow/example_dags/example_complex.py for tasks to queue
[2025-04-30T00:33:29.865+0000] {logging_mixin.py:190} INFO - [2025-04-30T00:33:29.864+0000] {dagbag.py:587} INFO - Filling up the DagBag from /home/airflow/.local/lib/python3.12/site-packages/airflow/example_dags/example_complex.py
[2025-04-30T00:33:29.898+0000] {processor.py:925} INFO - DAG(s) 'example_complex' retrieved from /home/airflow/.local/lib/python3.12/site-packages/airflow/example_dags/example_complex.py
[2025-04-30T00:33:29.968+0000] {logging_mixin.py:190} INFO - [2025-04-30T00:33:29.967+0000] {dag.py:3211} INFO - Sync 1 DAGs
[2025-04-30T00:33:30.006+0000] {logging_mixin.py:190} INFO - [2025-04-30T00:33:30.006+0000] {dag.py:4138} INFO - Setting next_dagrun for example_complex to None, run_after=None
[2025-04-30T00:33:30.059+0000] {processor.py:208} INFO - Processing /home/airflow/.local/lib/python3.12/site-packages/airflow/example_dags/example_complex.py took 0.217 seconds
[2025-04-30T00:34:00.308+0000] {processor.py:186} INFO - Started process (PID=501) to work on /home/airflow/.local/lib/python3.12/site-packages/airflow/example_dags/example_complex.py
[2025-04-30T00:34:00.311+0000] {processor.py:914} INFO - Processing file /home/airflow/.local/lib/python3.12/site-packages/airflow/example_dags/example_complex.py for tasks to queue
[2025-04-30T00:34:00.316+0000] {logging_mixin.py:190} INFO - [2025-04-30T00:34:00.315+0000] {dagbag.py:587} INFO - Filling up the DagBag from /home/airflow/.local/lib/python3.12/site-packages/airflow/example_dags/example_complex.py
[2025-04-30T00:34:00.344+0000] {processor.py:925} INFO - DAG(s) 'example_complex' retrieved from /home/airflow/.local/lib/python3.12/site-packages/airflow/example_dags/example_complex.py
[2025-04-30T00:34:00.412+0000] {logging_mixin.py:190} INFO - [2025-04-30T00:34:00.411+0000] {dag.py:3211} INFO - Sync 1 DAGs
[2025-04-30T00:34:00.445+0000] {logging_mixin.py:190} INFO - [2025-04-30T00:34:00.444+0000] {dag.py:4138} INFO - Setting next_dagrun for example_complex to None, run_after=None
[2025-04-30T00:34:00.488+0000] {processor.py:208} INFO - Processing /home/airflow/.local/lib/python3.12/site-packages/airflow/example_dags/example_complex.py took 0.192 seconds
[2025-04-30T00:34:30.963+0000] {processor.py:186} INFO - Started process (PID=564) to work on /home/airflow/.local/lib/python3.12/site-packages/airflow/example_dags/example_complex.py
[2025-04-30T00:34:30.966+0000] {processor.py:914} INFO - Processing file /home/airflow/.local/lib/python3.12/site-packages/airflow/example_dags/example_complex.py for tasks to queue
[2025-04-30T00:34:30.972+0000] {logging_mixin.py:190} INFO - [2025-04-30T00:34:30.971+0000] {dagbag.py:587} INFO - Filling up the DagBag from /home/airflow/.local/lib/python3.12/site-packages/airflow/example_dags/example_complex.py
[2025-04-30T00:34:31.004+0000] {processor.py:925} INFO - DAG(s) 'example_complex' retrieved from /home/airflow/.local/lib/python3.12/site-packages/airflow/example_dags/example_complex.py
[2025-04-30T00:34:31.104+0000] {logging_mixin.py:190} INFO - [2025-04-30T00:34:31.103+0000] {dag.py:3211} INFO - Sync 1 DAGs
[2025-04-30T00:34:31.143+0000] {logging_mixin.py:190} INFO - [2025-04-30T00:34:31.142+0000] {dag.py:4138} INFO - Setting next_dagrun for example_complex to None, run_after=None
[2025-04-30T00:34:31.196+0000] {processor.py:208} INFO - Processing /home/airflow/.local/lib/python3.12/site-packages/airflow/example_dags/example_complex.py took 0.246 seconds
[2025-04-30T00:35:01.728+0000] {processor.py:186} INFO - Started process (PID=627) to work on /home/airflow/.local/lib/python3.12/site-packages/airflow/example_dags/example_complex.py
[2025-04-30T00:35:01.730+0000] {processor.py:914} INFO - Processing file /home/airflow/.local/lib/python3.12/site-packages/airflow/example_dags/example_complex.py for tasks to queue
[2025-04-30T00:35:01.735+0000] {logging_mixin.py:190} INFO - [2025-04-30T00:35:01.735+0000] {dagbag.py:587} INFO - Filling up the DagBag from /home/airflow/.local/lib/python3.12/site-packages/airflow/example_dags/example_complex.py
[2025-04-30T00:35:01.759+0000] {processor.py:925} INFO - DAG(s) 'example_complex' retrieved from /home/airflow/.local/lib/python3.12/site-packages/airflow/example_dags/example_complex.py
[2025-04-30T00:35:01.832+0000] {logging_mixin.py:190} INFO - [2025-04-30T00:35:01.831+0000] {dag.py:3211} INFO - Sync 1 DAGs
[2025-04-30T00:35:01.864+0000] {logging_mixin.py:190} INFO - [2025-04-30T00:35:01.863+0000] {dag.py:4138} INFO - Setting next_dagrun for example_complex to None, run_after=None
[2025-04-30T00:35:01.908+0000] {processor.py:208} INFO - Processing /home/airflow/.local/lib/python3.12/site-packages/airflow/example_dags/example_complex.py took 0.192 seconds
[2025-04-30T00:35:32.529+0000] {processor.py:186} INFO - Started process (PID=690) to work on /home/airflow/.local/lib/python3.12/site-packages/airflow/example_dags/example_complex.py
[2025-04-30T00:35:32.531+0000] {processor.py:914} INFO - Processing file /home/airflow/.local/lib/python3.12/site-packages/airflow/example_dags/example_complex.py for tasks to queue
[2025-04-30T00:35:32.538+0000] {logging_mixin.py:190} INFO - [2025-04-30T00:35:32.537+0000] {dagbag.py:587} INFO - Filling up the DagBag from /home/airflow/.local/lib/python3.12/site-packages/airflow/example_dags/example_complex.py
[2025-04-30T00:35:32.599+0000] {processor.py:925} INFO - DAG(s) 'example_complex' retrieved from /home/airflow/.local/lib/python3.12/site-packages/airflow/example_dags/example_complex.py
[2025-04-30T00:35:32.693+0000] {logging_mixin.py:190} INFO - [2025-04-30T00:35:32.693+0000] {dag.py:3211} INFO - Sync 1 DAGs
[2025-04-30T00:35:32.727+0000] {logging_mixin.py:190} INFO - [2025-04-30T00:35:32.727+0000] {dag.py:4138} INFO - Setting next_dagrun for example_complex to None, run_after=None
[2025-04-30T00:35:32.780+0000] {processor.py:208} INFO - Processing /home/airflow/.local/lib/python3.12/site-packages/airflow/example_dags/example_complex.py took 0.269 seconds
[2025-04-30T00:36:02.992+0000] {processor.py:186} INFO - Started process (PID=752) to work on /home/airflow/.local/lib/python3.12/site-packages/airflow/example_dags/example_complex.py
[2025-04-30T00:36:02.994+0000] {processor.py:914} INFO - Processing file /home/airflow/.local/lib/python3.12/site-packages/airflow/example_dags/example_complex.py for tasks to queue
[2025-04-30T00:36:02.998+0000] {logging_mixin.py:190} INFO - [2025-04-30T00:36:02.998+0000] {dagbag.py:587} INFO - Filling up the DagBag from /home/airflow/.local/lib/python3.12/site-packages/airflow/example_dags/example_complex.py
[2025-04-30T00:36:03.018+0000] {processor.py:925} INFO - DAG(s) 'example_complex' retrieved from /home/airflow/.local/lib/python3.12/site-packages/airflow/example_dags/example_complex.py
[2025-04-30T00:36:03.080+0000] {logging_mixin.py:190} INFO - [2025-04-30T00:36:03.080+0000] {dag.py:3211} INFO - Sync 1 DAGs
[2025-04-30T00:36:03.114+0000] {logging_mixin.py:190} INFO - [2025-04-30T00:36:03.113+0000] {dag.py:4138} INFO - Setting next_dagrun for example_complex to None, run_after=None
[2025-04-30T00:36:03.161+0000] {processor.py:208} INFO - Processing /home/airflow/.local/lib/python3.12/site-packages/airflow/example_dags/example_complex.py took 0.183 seconds
[2025-04-30T00:36:33.258+0000] {processor.py:186} INFO - Started process (PID=815) to work on /home/airflow/.local/lib/python3.12/site-packages/airflow/example_dags/example_complex.py
[2025-04-30T00:36:33.261+0000] {processor.py:914} INFO - Processing file /home/airflow/.local/lib/python3.12/site-packages/airflow/example_dags/example_complex.py for tasks to queue
[2025-04-30T00:36:33.265+0000] {logging_mixin.py:190} INFO - [2025-04-30T00:36:33.265+0000] {dagbag.py:587} INFO - Filling up the DagBag from /home/airflow/.local/lib/python3.12/site-packages/airflow/example_dags/example_complex.py
[2025-04-30T00:36:33.291+0000] {processor.py:925} INFO - DAG(s) 'example_complex' retrieved from /home/airflow/.local/lib/python3.12/site-packages/airflow/example_dags/example_complex.py
[2025-04-30T00:36:33.360+0000] {logging_mixin.py:190} INFO - [2025-04-30T00:36:33.359+0000] {dag.py:3211} INFO - Sync 1 DAGs
[2025-04-30T00:36:33.392+0000] {logging_mixin.py:190} INFO - [2025-04-30T00:36:33.391+0000] {dag.py:4138} INFO - Setting next_dagrun for example_complex to None, run_after=None
[2025-04-30T00:36:33.433+0000] {processor.py:208} INFO - Processing /home/airflow/.local/lib/python3.12/site-packages/airflow/example_dags/example_complex.py took 0.187 seconds
[2025-04-30T00:37:03.951+0000] {processor.py:186} INFO - Started process (PID=878) to work on /home/airflow/.local/lib/python3.12/site-packages/airflow/example_dags/example_complex.py
[2025-04-30T00:37:03.953+0000] {processor.py:914} INFO - Processing file /home/airflow/.local/lib/python3.12/site-packages/airflow/example_dags/example_complex.py for tasks to queue
[2025-04-30T00:37:03.959+0000] {logging_mixin.py:190} INFO - [2025-04-30T00:37:03.958+0000] {dagbag.py:587} INFO - Filling up the DagBag from /home/airflow/.local/lib/python3.12/site-packages/airflow/example_dags/example_complex.py
[2025-04-30T00:37:03.994+0000] {processor.py:925} INFO - DAG(s) 'example_complex' retrieved from /home/airflow/.local/lib/python3.12/site-packages/airflow/example_dags/example_complex.py
[2025-04-30T00:37:04.075+0000] {logging_mixin.py:190} INFO - [2025-04-30T00:37:04.074+0000] {dag.py:3211} INFO - Sync 1 DAGs
[2025-04-30T00:37:04.110+0000] {logging_mixin.py:190} INFO - [2025-04-30T00:37:04.109+0000] {dag.py:4138} INFO - Setting next_dagrun for example_complex to None, run_after=None
[2025-04-30T00:37:04.157+0000] {processor.py:208} INFO - Processing /home/airflow/.local/lib/python3.12/site-packages/airflow/example_dags/example_complex.py took 0.221 seconds
[2025-04-30T00:37:34.957+0000] {processor.py:186} INFO - Started process (PID=941) to work on /home/airflow/.local/lib/python3.12/site-packages/airflow/example_dags/example_complex.py
[2025-04-30T00:37:34.959+0000] {processor.py:914} INFO - Processing file /home/airflow/.local/lib/python3.12/site-packages/airflow/example_dags/example_complex.py for tasks to queue
[2025-04-30T00:37:34.964+0000] {logging_mixin.py:190} INFO - [2025-04-30T00:37:34.964+0000] {dagbag.py:587} INFO - Filling up the DagBag from /home/airflow/.local/lib/python3.12/site-packages/airflow/example_dags/example_complex.py
[2025-04-30T00:37:34.997+0000] {processor.py:925} INFO - DAG(s) 'example_complex' retrieved from /home/airflow/.local/lib/python3.12/site-packages/airflow/example_dags/example_complex.py
[2025-04-30T00:37:35.071+0000] {logging_mixin.py:190} INFO - [2025-04-30T00:37:35.071+0000] {dag.py:3211} INFO - Sync 1 DAGs
[2025-04-30T00:37:35.102+0000] {logging_mixin.py:190} INFO - [2025-04-30T00:37:35.102+0000] {dag.py:4138} INFO - Setting next_dagrun for example_complex to None, run_after=None
[2025-04-30T00:37:35.143+0000] {processor.py:208} INFO - Processing /home/airflow/.local/lib/python3.12/site-packages/airflow/example_dags/example_complex.py took 0.198 seconds
[2025-04-30T00:38:05.452+0000] {processor.py:186} INFO - Started process (PID=1004) to work on /home/airflow/.local/lib/python3.12/site-packages/airflow/example_dags/example_complex.py
[2025-04-30T00:38:05.454+0000] {processor.py:914} INFO - Processing file /home/airflow/.local/lib/python3.12/site-packages/airflow/example_dags/example_complex.py for tasks to queue
[2025-04-30T00:38:05.461+0000] {logging_mixin.py:190} INFO - [2025-04-30T00:38:05.460+0000] {dagbag.py:587} INFO - Filling up the DagBag from /home/airflow/.local/lib/python3.12/site-packages/airflow/example_dags/example_complex.py
[2025-04-30T00:38:05.488+0000] {processor.py:925} INFO - DAG(s) 'example_complex' retrieved from /home/airflow/.local/lib/python3.12/site-packages/airflow/example_dags/example_complex.py
[2025-04-30T00:38:05.571+0000] {logging_mixin.py:190} INFO - [2025-04-30T00:38:05.571+0000] {dag.py:3211} INFO - Sync 1 DAGs
[2025-04-30T00:38:05.607+0000] {logging_mixin.py:190} INFO - [2025-04-30T00:38:05.606+0000] {dag.py:4138} INFO - Setting next_dagrun for example_complex to None, run_after=None
[2025-04-30T00:38:05.667+0000] {processor.py:208} INFO - Processing /home/airflow/.local/lib/python3.12/site-packages/airflow/example_dags/example_complex.py took 0.229 seconds
[2025-04-30T00:38:36.332+0000] {processor.py:186} INFO - Started process (PID=1068) to work on /home/airflow/.local/lib/python3.12/site-packages/airflow/example_dags/example_complex.py
[2025-04-30T00:38:36.334+0000] {processor.py:914} INFO - Processing file /home/airflow/.local/lib/python3.12/site-packages/airflow/example_dags/example_complex.py for tasks to queue
[2025-04-30T00:38:36.341+0000] {logging_mixin.py:190} INFO - [2025-04-30T00:38:36.340+0000] {dagbag.py:587} INFO - Filling up the DagBag from /home/airflow/.local/lib/python3.12/site-packages/airflow/example_dags/example_complex.py
[2025-04-30T00:38:36.374+0000] {processor.py:925} INFO - DAG(s) 'example_complex' retrieved from /home/airflow/.local/lib/python3.12/site-packages/airflow/example_dags/example_complex.py
[2025-04-30T00:38:36.449+0000] {logging_mixin.py:190} INFO - [2025-04-30T00:38:36.448+0000] {dag.py:3211} INFO - Sync 1 DAGs
[2025-04-30T00:38:36.496+0000] {logging_mixin.py:190} INFO - [2025-04-30T00:38:36.496+0000] {dag.py:4138} INFO - Setting next_dagrun for example_complex to None, run_after=None
[2025-04-30T00:38:36.554+0000] {processor.py:208} INFO - Processing /home/airflow/.local/lib/python3.12/site-packages/airflow/example_dags/example_complex.py took 0.238 seconds
[2025-04-30T00:39:07.725+0000] {processor.py:186} INFO - Started process (PID=1137) to work on /home/airflow/.local/lib/python3.12/site-packages/airflow/example_dags/example_complex.py
[2025-04-30T00:39:07.727+0000] {processor.py:914} INFO - Processing file /home/airflow/.local/lib/python3.12/site-packages/airflow/example_dags/example_complex.py for tasks to queue
[2025-04-30T00:39:07.733+0000] {logging_mixin.py:190} INFO - [2025-04-30T00:39:07.732+0000] {dagbag.py:587} INFO - Filling up the DagBag from /home/airflow/.local/lib/python3.12/site-packages/airflow/example_dags/example_complex.py
[2025-04-30T00:39:07.762+0000] {processor.py:925} INFO - DAG(s) 'example_complex' retrieved from /home/airflow/.local/lib/python3.12/site-packages/airflow/example_dags/example_complex.py
[2025-04-30T00:39:07.839+0000] {logging_mixin.py:190} INFO - [2025-04-30T00:39:07.838+0000] {dag.py:3211} INFO - Sync 1 DAGs
[2025-04-30T00:39:07.875+0000] {logging_mixin.py:190} INFO - [2025-04-30T00:39:07.875+0000] {dag.py:4138} INFO - Setting next_dagrun for example_complex to None, run_after=None
[2025-04-30T00:39:07.925+0000] {processor.py:208} INFO - Processing /home/airflow/.local/lib/python3.12/site-packages/airflow/example_dags/example_complex.py took 0.214 seconds
[2025-04-30T00:39:38.482+0000] {processor.py:186} INFO - Started process (PID=1200) to work on /home/airflow/.local/lib/python3.12/site-packages/airflow/example_dags/example_complex.py
[2025-04-30T00:39:38.485+0000] {processor.py:914} INFO - Processing file /home/airflow/.local/lib/python3.12/site-packages/airflow/example_dags/example_complex.py for tasks to queue
[2025-04-30T00:39:38.490+0000] {logging_mixin.py:190} INFO - [2025-04-30T00:39:38.490+0000] {dagbag.py:587} INFO - Filling up the DagBag from /home/airflow/.local/lib/python3.12/site-packages/airflow/example_dags/example_complex.py
[2025-04-30T00:39:38.517+0000] {processor.py:925} INFO - DAG(s) 'example_complex' retrieved from /home/airflow/.local/lib/python3.12/site-packages/airflow/example_dags/example_complex.py
[2025-04-30T00:39:38.582+0000] {logging_mixin.py:190} INFO - [2025-04-30T00:39:38.582+0000] {dag.py:3211} INFO - Sync 1 DAGs
[2025-04-30T00:39:38.613+0000] {logging_mixin.py:190} INFO - [2025-04-30T00:39:38.612+0000] {dag.py:4138} INFO - Setting next_dagrun for example_complex to None, run_after=None
[2025-04-30T00:39:38.665+0000] {processor.py:208} INFO - Processing /home/airflow/.local/lib/python3.12/site-packages/airflow/example_dags/example_complex.py took 0.195 seconds
[2025-04-30T00:40:09.475+0000] {processor.py:186} INFO - Started process (PID=1263) to work on /home/airflow/.local/lib/python3.12/site-packages/airflow/example_dags/example_complex.py
[2025-04-30T00:40:09.477+0000] {processor.py:914} INFO - Processing file /home/airflow/.local/lib/python3.12/site-packages/airflow/example_dags/example_complex.py for tasks to queue
[2025-04-30T00:40:09.483+0000] {logging_mixin.py:190} INFO - [2025-04-30T00:40:09.482+0000] {dagbag.py:587} INFO - Filling up the DagBag from /home/airflow/.local/lib/python3.12/site-packages/airflow/example_dags/example_complex.py
[2025-04-30T00:40:09.511+0000] {processor.py:925} INFO - DAG(s) 'example_complex' retrieved from /home/airflow/.local/lib/python3.12/site-packages/airflow/example_dags/example_complex.py
[2025-04-30T00:40:09.586+0000] {logging_mixin.py:190} INFO - [2025-04-30T00:40:09.585+0000] {dag.py:3211} INFO - Sync 1 DAGs
[2025-04-30T00:40:09.619+0000] {logging_mixin.py:190} INFO - [2025-04-30T00:40:09.619+0000] {dag.py:4138} INFO - Setting next_dagrun for example_complex to None, run_after=None
[2025-04-30T00:40:09.663+0000] {processor.py:208} INFO - Processing /home/airflow/.local/lib/python3.12/site-packages/airflow/example_dags/example_complex.py took 0.204 seconds
[2025-04-30T00:40:39.989+0000] {processor.py:186} INFO - Started process (PID=1326) to work on /home/airflow/.local/lib/python3.12/site-packages/airflow/example_dags/example_complex.py
[2025-04-30T00:40:39.991+0000] {processor.py:914} INFO - Processing file /home/airflow/.local/lib/python3.12/site-packages/airflow/example_dags/example_complex.py for tasks to queue
[2025-04-30T00:40:39.996+0000] {logging_mixin.py:190} INFO - [2025-04-30T00:40:39.995+0000] {dagbag.py:587} INFO - Filling up the DagBag from /home/airflow/.local/lib/python3.12/site-packages/airflow/example_dags/example_complex.py
[2025-04-30T00:40:40.027+0000] {processor.py:925} INFO - DAG(s) 'example_complex' retrieved from /home/airflow/.local/lib/python3.12/site-packages/airflow/example_dags/example_complex.py
[2025-04-30T00:40:40.102+0000] {logging_mixin.py:190} INFO - [2025-04-30T00:40:40.102+0000] {dag.py:3211} INFO - Sync 1 DAGs
[2025-04-30T00:40:40.132+0000] {logging_mixin.py:190} INFO - [2025-04-30T00:40:40.131+0000] {dag.py:4138} INFO - Setting next_dagrun for example_complex to None, run_after=None
[2025-04-30T00:40:40.172+0000] {processor.py:208} INFO - Processing /home/airflow/.local/lib/python3.12/site-packages/airflow/example_dags/example_complex.py took 0.196 seconds
[2025-04-30T00:41:10.834+0000] {processor.py:186} INFO - Started process (PID=1389) to work on /home/airflow/.local/lib/python3.12/site-packages/airflow/example_dags/example_complex.py
[2025-04-30T00:41:10.837+0000] {processor.py:914} INFO - Processing file /home/airflow/.local/lib/python3.12/site-packages/airflow/example_dags/example_complex.py for tasks to queue
[2025-04-30T00:41:10.843+0000] {logging_mixin.py:190} INFO - [2025-04-30T00:41:10.842+0000] {dagbag.py:587} INFO - Filling up the DagBag from /home/airflow/.local/lib/python3.12/site-packages/airflow/example_dags/example_complex.py
[2025-04-30T00:41:10.878+0000] {processor.py:925} INFO - DAG(s) 'example_complex' retrieved from /home/airflow/.local/lib/python3.12/site-packages/airflow/example_dags/example_complex.py
[2025-04-30T00:41:10.963+0000] {logging_mixin.py:190} INFO - [2025-04-30T00:41:10.963+0000] {dag.py:3211} INFO - Sync 1 DAGs
[2025-04-30T00:41:11.005+0000] {logging_mixin.py:190} INFO - [2025-04-30T00:41:11.004+0000] {dag.py:4138} INFO - Setting next_dagrun for example_complex to None, run_after=None
[2025-04-30T00:41:11.058+0000] {processor.py:208} INFO - Processing /home/airflow/.local/lib/python3.12/site-packages/airflow/example_dags/example_complex.py took 0.240 seconds
[2025-04-30T00:41:42.168+0000] {processor.py:186} INFO - Started process (PID=1452) to work on /home/airflow/.local/lib/python3.12/site-packages/airflow/example_dags/example_complex.py
[2025-04-30T00:41:42.171+0000] {processor.py:914} INFO - Processing file /home/airflow/.local/lib/python3.12/site-packages/airflow/example_dags/example_complex.py for tasks to queue
[2025-04-30T00:41:42.179+0000] {logging_mixin.py:190} INFO - [2025-04-30T00:41:42.178+0000] {dagbag.py:587} INFO - Filling up the DagBag from /home/airflow/.local/lib/python3.12/site-packages/airflow/example_dags/example_complex.py
[2025-04-30T00:41:42.213+0000] {processor.py:925} INFO - DAG(s) 'example_complex' retrieved from /home/airflow/.local/lib/python3.12/site-packages/airflow/example_dags/example_complex.py
[2025-04-30T00:41:42.304+0000] {logging_mixin.py:190} INFO - [2025-04-30T00:41:42.304+0000] {dag.py:3211} INFO - Sync 1 DAGs
[2025-04-30T00:41:42.345+0000] {logging_mixin.py:190} INFO - [2025-04-30T00:41:42.344+0000] {dag.py:4138} INFO - Setting next_dagrun for example_complex to None, run_after=None
[2025-04-30T00:41:42.403+0000] {processor.py:208} INFO - Processing /home/airflow/.local/lib/python3.12/site-packages/airflow/example_dags/example_complex.py took 0.251 seconds
[2025-04-30T00:42:12.745+0000] {processor.py:186} INFO - Started process (PID=1519) to work on /home/airflow/.local/lib/python3.12/site-packages/airflow/example_dags/example_complex.py
[2025-04-30T00:42:12.748+0000] {processor.py:914} INFO - Processing file /home/airflow/.local/lib/python3.12/site-packages/airflow/example_dags/example_complex.py for tasks to queue
[2025-04-30T00:42:12.751+0000] {logging_mixin.py:190} INFO - [2025-04-30T00:42:12.750+0000] {dagbag.py:587} INFO - Filling up the DagBag from /home/airflow/.local/lib/python3.12/site-packages/airflow/example_dags/example_complex.py
[2025-04-30T00:42:12.810+0000] {processor.py:925} INFO - DAG(s) 'example_complex' retrieved from /home/airflow/.local/lib/python3.12/site-packages/airflow/example_dags/example_complex.py
[2025-04-30T00:42:12.947+0000] {logging_mixin.py:190} INFO - [2025-04-30T00:42:12.947+0000] {dag.py:3211} INFO - Sync 1 DAGs
[2025-04-30T00:42:12.983+0000] {logging_mixin.py:190} INFO - [2025-04-30T00:42:12.982+0000] {dag.py:4138} INFO - Setting next_dagrun for example_complex to None, run_after=None
[2025-04-30T00:42:13.027+0000] {processor.py:208} INFO - Processing /home/airflow/.local/lib/python3.12/site-packages/airflow/example_dags/example_complex.py took 0.300 seconds
[2025-04-30T00:42:43.715+0000] {processor.py:186} INFO - Started process (PID=1582) to work on /home/airflow/.local/lib/python3.12/site-packages/airflow/example_dags/example_complex.py
[2025-04-30T00:42:43.717+0000] {processor.py:914} INFO - Processing file /home/airflow/.local/lib/python3.12/site-packages/airflow/example_dags/example_complex.py for tasks to queue
[2025-04-30T00:42:43.721+0000] {logging_mixin.py:190} INFO - [2025-04-30T00:42:43.720+0000] {dagbag.py:587} INFO - Filling up the DagBag from /home/airflow/.local/lib/python3.12/site-packages/airflow/example_dags/example_complex.py
[2025-04-30T00:42:43.749+0000] {processor.py:925} INFO - DAG(s) 'example_complex' retrieved from /home/airflow/.local/lib/python3.12/site-packages/airflow/example_dags/example_complex.py
[2025-04-30T00:42:43.828+0000] {logging_mixin.py:190} INFO - [2025-04-30T00:42:43.828+0000] {dag.py:3211} INFO - Sync 1 DAGs
[2025-04-30T00:42:43.861+0000] {logging_mixin.py:190} INFO - [2025-04-30T00:42:43.861+0000] {dag.py:4138} INFO - Setting next_dagrun for example_complex to None, run_after=None
[2025-04-30T00:42:43.909+0000] {processor.py:208} INFO - Processing /home/airflow/.local/lib/python3.12/site-packages/airflow/example_dags/example_complex.py took 0.206 seconds
[2025-04-30T00:43:14.373+0000] {processor.py:186} INFO - Started process (PID=1645) to work on /home/airflow/.local/lib/python3.12/site-packages/airflow/example_dags/example_complex.py
[2025-04-30T00:43:14.375+0000] {processor.py:914} INFO - Processing file /home/airflow/.local/lib/python3.12/site-packages/airflow/example_dags/example_complex.py for tasks to queue
[2025-04-30T00:43:14.378+0000] {logging_mixin.py:190} INFO - [2025-04-30T00:43:14.377+0000] {dagbag.py:587} INFO - Filling up the DagBag from /home/airflow/.local/lib/python3.12/site-packages/airflow/example_dags/example_complex.py
[2025-04-30T00:43:14.405+0000] {processor.py:925} INFO - DAG(s) 'example_complex' retrieved from /home/airflow/.local/lib/python3.12/site-packages/airflow/example_dags/example_complex.py
[2025-04-30T00:43:14.478+0000] {logging_mixin.py:190} INFO - [2025-04-30T00:43:14.477+0000] {dag.py:3211} INFO - Sync 1 DAGs
[2025-04-30T00:43:14.508+0000] {logging_mixin.py:190} INFO - [2025-04-30T00:43:14.508+0000] {dag.py:4138} INFO - Setting next_dagrun for example_complex to None, run_after=None
[2025-04-30T00:43:14.545+0000] {processor.py:208} INFO - Processing /home/airflow/.local/lib/python3.12/site-packages/airflow/example_dags/example_complex.py took 0.185 seconds
[2025-04-30T00:43:46.364+0000] {processor.py:186} INFO - Started process (PID=1708) to work on /home/airflow/.local/lib/python3.12/site-packages/airflow/example_dags/example_complex.py
[2025-04-30T00:43:46.369+0000] {processor.py:914} INFO - Processing file /home/airflow/.local/lib/python3.12/site-packages/airflow/example_dags/example_complex.py for tasks to queue
[2025-04-30T00:43:46.376+0000] {logging_mixin.py:190} INFO - [2025-04-30T00:43:46.374+0000] {dagbag.py:587} INFO - Filling up the DagBag from /home/airflow/.local/lib/python3.12/site-packages/airflow/example_dags/example_complex.py
[2025-04-30T00:43:46.440+0000] {processor.py:925} INFO - DAG(s) 'example_complex' retrieved from /home/airflow/.local/lib/python3.12/site-packages/airflow/example_dags/example_complex.py
[2025-04-30T00:43:46.596+0000] {logging_mixin.py:190} INFO - [2025-04-30T00:43:46.595+0000] {dag.py:3211} INFO - Sync 1 DAGs
[2025-04-30T00:43:46.672+0000] {logging_mixin.py:190} INFO - [2025-04-30T00:43:46.671+0000] {dag.py:4138} INFO - Setting next_dagrun for example_complex to None, run_after=None
[2025-04-30T00:43:46.772+0000] {processor.py:208} INFO - Processing /home/airflow/.local/lib/python3.12/site-packages/airflow/example_dags/example_complex.py took 0.440 seconds
[2025-04-30T00:44:17.092+0000] {processor.py:186} INFO - Started process (PID=1771) to work on /home/airflow/.local/lib/python3.12/site-packages/airflow/example_dags/example_complex.py
[2025-04-30T00:44:17.094+0000] {processor.py:914} INFO - Processing file /home/airflow/.local/lib/python3.12/site-packages/airflow/example_dags/example_complex.py for tasks to queue
[2025-04-30T00:44:17.096+0000] {logging_mixin.py:190} INFO - [2025-04-30T00:44:17.095+0000] {dagbag.py:587} INFO - Filling up the DagBag from /home/airflow/.local/lib/python3.12/site-packages/airflow/example_dags/example_complex.py
[2025-04-30T00:44:17.109+0000] {processor.py:925} INFO - DAG(s) 'example_complex' retrieved from /home/airflow/.local/lib/python3.12/site-packages/airflow/example_dags/example_complex.py
[2025-04-30T00:44:17.150+0000] {logging_mixin.py:190} INFO - [2025-04-30T00:44:17.150+0000] {dag.py:3211} INFO - Sync 1 DAGs
[2025-04-30T00:44:17.169+0000] {logging_mixin.py:190} INFO - [2025-04-30T00:44:17.169+0000] {dag.py:4138} INFO - Setting next_dagrun for example_complex to None, run_after=None
[2025-04-30T00:44:17.199+0000] {processor.py:208} INFO - Processing /home/airflow/.local/lib/python3.12/site-packages/airflow/example_dags/example_complex.py took 0.114 seconds
[2025-04-30T00:44:48.054+0000] {processor.py:186} INFO - Started process (PID=1834) to work on /home/airflow/.local/lib/python3.12/site-packages/airflow/example_dags/example_complex.py
[2025-04-30T00:44:48.055+0000] {processor.py:914} INFO - Processing file /home/airflow/.local/lib/python3.12/site-packages/airflow/example_dags/example_complex.py for tasks to queue
[2025-04-30T00:44:48.057+0000] {logging_mixin.py:190} INFO - [2025-04-30T00:44:48.057+0000] {dagbag.py:587} INFO - Filling up the DagBag from /home/airflow/.local/lib/python3.12/site-packages/airflow/example_dags/example_complex.py
[2025-04-30T00:44:48.078+0000] {processor.py:925} INFO - DAG(s) 'example_complex' retrieved from /home/airflow/.local/lib/python3.12/site-packages/airflow/example_dags/example_complex.py
[2025-04-30T00:44:48.121+0000] {logging_mixin.py:190} INFO - [2025-04-30T00:44:48.120+0000] {dag.py:3211} INFO - Sync 1 DAGs
[2025-04-30T00:44:48.141+0000] {logging_mixin.py:190} INFO - [2025-04-30T00:44:48.140+0000] {dag.py:4138} INFO - Setting next_dagrun for example_complex to None, run_after=None
[2025-04-30T00:44:48.168+0000] {processor.py:208} INFO - Processing /home/airflow/.local/lib/python3.12/site-packages/airflow/example_dags/example_complex.py took 0.125 seconds
[2025-04-30T00:45:18.566+0000] {processor.py:186} INFO - Started process (PID=1897) to work on /home/airflow/.local/lib/python3.12/site-packages/airflow/example_dags/example_complex.py
[2025-04-30T00:45:18.567+0000] {processor.py:914} INFO - Processing file /home/airflow/.local/lib/python3.12/site-packages/airflow/example_dags/example_complex.py for tasks to queue
[2025-04-30T00:45:18.569+0000] {logging_mixin.py:190} INFO - [2025-04-30T00:45:18.568+0000] {dagbag.py:587} INFO - Filling up the DagBag from /home/airflow/.local/lib/python3.12/site-packages/airflow/example_dags/example_complex.py
[2025-04-30T00:45:18.581+0000] {processor.py:925} INFO - DAG(s) 'example_complex' retrieved from /home/airflow/.local/lib/python3.12/site-packages/airflow/example_dags/example_complex.py
[2025-04-30T00:45:18.616+0000] {logging_mixin.py:190} INFO - [2025-04-30T00:45:18.616+0000] {dag.py:3211} INFO - Sync 1 DAGs
[2025-04-30T00:45:18.633+0000] {logging_mixin.py:190} INFO - [2025-04-30T00:45:18.632+0000] {dag.py:4138} INFO - Setting next_dagrun for example_complex to None, run_after=None
[2025-04-30T00:45:18.656+0000] {processor.py:208} INFO - Processing /home/airflow/.local/lib/python3.12/site-packages/airflow/example_dags/example_complex.py took 0.097 seconds
[2025-04-30T00:45:49.547+0000] {processor.py:186} INFO - Started process (PID=1966) to work on /home/airflow/.local/lib/python3.12/site-packages/airflow/example_dags/example_complex.py
[2025-04-30T00:45:49.548+0000] {processor.py:914} INFO - Processing file /home/airflow/.local/lib/python3.12/site-packages/airflow/example_dags/example_complex.py for tasks to queue
[2025-04-30T00:45:49.550+0000] {logging_mixin.py:190} INFO - [2025-04-30T00:45:49.550+0000] {dagbag.py:587} INFO - Filling up the DagBag from /home/airflow/.local/lib/python3.12/site-packages/airflow/example_dags/example_complex.py
[2025-04-30T00:45:49.564+0000] {processor.py:925} INFO - DAG(s) 'example_complex' retrieved from /home/airflow/.local/lib/python3.12/site-packages/airflow/example_dags/example_complex.py
[2025-04-30T00:45:49.603+0000] {logging_mixin.py:190} INFO - [2025-04-30T00:45:49.602+0000] {dag.py:3211} INFO - Sync 1 DAGs
[2025-04-30T00:45:49.618+0000] {logging_mixin.py:190} INFO - [2025-04-30T00:45:49.618+0000] {dag.py:4138} INFO - Setting next_dagrun for example_complex to None, run_after=None
[2025-04-30T00:45:49.642+0000] {processor.py:208} INFO - Processing /home/airflow/.local/lib/python3.12/site-packages/airflow/example_dags/example_complex.py took 0.102 seconds
[2025-04-30T00:46:20.036+0000] {processor.py:186} INFO - Started process (PID=2029) to work on /home/airflow/.local/lib/python3.12/site-packages/airflow/example_dags/example_complex.py
[2025-04-30T00:46:20.038+0000] {processor.py:914} INFO - Processing file /home/airflow/.local/lib/python3.12/site-packages/airflow/example_dags/example_complex.py for tasks to queue
[2025-04-30T00:46:20.041+0000] {logging_mixin.py:190} INFO - [2025-04-30T00:46:20.040+0000] {dagbag.py:587} INFO - Filling up the DagBag from /home/airflow/.local/lib/python3.12/site-packages/airflow/example_dags/example_complex.py
[2025-04-30T00:46:20.071+0000] {processor.py:925} INFO - DAG(s) 'example_complex' retrieved from /home/airflow/.local/lib/python3.12/site-packages/airflow/example_dags/example_complex.py
[2025-04-30T00:46:20.126+0000] {logging_mixin.py:190} INFO - [2025-04-30T00:46:20.126+0000] {dag.py:3211} INFO - Sync 1 DAGs
[2025-04-30T00:46:20.145+0000] {logging_mixin.py:190} INFO - [2025-04-30T00:46:20.145+0000] {dag.py:4138} INFO - Setting next_dagrun for example_complex to None, run_after=None
[2025-04-30T00:46:20.172+0000] {processor.py:208} INFO - Processing /home/airflow/.local/lib/python3.12/site-packages/airflow/example_dags/example_complex.py took 0.148 seconds
[2025-04-30T00:46:50.419+0000] {processor.py:186} INFO - Started process (PID=2092) to work on /home/airflow/.local/lib/python3.12/site-packages/airflow/example_dags/example_complex.py
[2025-04-30T00:46:50.420+0000] {processor.py:914} INFO - Processing file /home/airflow/.local/lib/python3.12/site-packages/airflow/example_dags/example_complex.py for tasks to queue
[2025-04-30T00:46:50.422+0000] {logging_mixin.py:190} INFO - [2025-04-30T00:46:50.422+0000] {dagbag.py:587} INFO - Filling up the DagBag from /home/airflow/.local/lib/python3.12/site-packages/airflow/example_dags/example_complex.py
[2025-04-30T00:46:50.437+0000] {processor.py:925} INFO - DAG(s) 'example_complex' retrieved from /home/airflow/.local/lib/python3.12/site-packages/airflow/example_dags/example_complex.py
[2025-04-30T00:46:50.476+0000] {logging_mixin.py:190} INFO - [2025-04-30T00:46:50.475+0000] {dag.py:3211} INFO - Sync 1 DAGs
[2025-04-30T00:46:50.492+0000] {logging_mixin.py:190} INFO - [2025-04-30T00:46:50.491+0000] {dag.py:4138} INFO - Setting next_dagrun for example_complex to None, run_after=None
[2025-04-30T00:46:50.514+0000] {processor.py:208} INFO - Processing /home/airflow/.local/lib/python3.12/site-packages/airflow/example_dags/example_complex.py took 0.104 seconds
[2025-04-30T00:47:21.218+0000] {processor.py:186} INFO - Started process (PID=2155) to work on /home/airflow/.local/lib/python3.12/site-packages/airflow/example_dags/example_complex.py
[2025-04-30T00:47:21.219+0000] {processor.py:914} INFO - Processing file /home/airflow/.local/lib/python3.12/site-packages/airflow/example_dags/example_complex.py for tasks to queue
[2025-04-30T00:47:21.220+0000] {logging_mixin.py:190} INFO - [2025-04-30T00:47:21.220+0000] {dagbag.py:587} INFO - Filling up the DagBag from /home/airflow/.local/lib/python3.12/site-packages/airflow/example_dags/example_complex.py
[2025-04-30T00:47:21.233+0000] {processor.py:925} INFO - DAG(s) 'example_complex' retrieved from /home/airflow/.local/lib/python3.12/site-packages/airflow/example_dags/example_complex.py
[2025-04-30T00:47:21.269+0000] {logging_mixin.py:190} INFO - [2025-04-30T00:47:21.269+0000] {dag.py:3211} INFO - Sync 1 DAGs
[2025-04-30T00:47:21.285+0000] {logging_mixin.py:190} INFO - [2025-04-30T00:47:21.284+0000] {dag.py:4138} INFO - Setting next_dagrun for example_complex to None, run_after=None
[2025-04-30T00:47:21.307+0000] {processor.py:208} INFO - Processing /home/airflow/.local/lib/python3.12/site-packages/airflow/example_dags/example_complex.py took 0.096 seconds
[2025-04-30T00:47:51.435+0000] {processor.py:186} INFO - Started process (PID=2218) to work on /home/airflow/.local/lib/python3.12/site-packages/airflow/example_dags/example_complex.py
[2025-04-30T00:47:51.437+0000] {processor.py:914} INFO - Processing file /home/airflow/.local/lib/python3.12/site-packages/airflow/example_dags/example_complex.py for tasks to queue
[2025-04-30T00:47:51.439+0000] {logging_mixin.py:190} INFO - [2025-04-30T00:47:51.438+0000] {dagbag.py:587} INFO - Filling up the DagBag from /home/airflow/.local/lib/python3.12/site-packages/airflow/example_dags/example_complex.py
[2025-04-30T00:47:51.453+0000] {processor.py:925} INFO - DAG(s) 'example_complex' retrieved from /home/airflow/.local/lib/python3.12/site-packages/airflow/example_dags/example_complex.py
[2025-04-30T00:47:51.492+0000] {logging_mixin.py:190} INFO - [2025-04-30T00:47:51.491+0000] {dag.py:3211} INFO - Sync 1 DAGs
[2025-04-30T00:47:51.508+0000] {logging_mixin.py:190} INFO - [2025-04-30T00:47:51.508+0000] {dag.py:4138} INFO - Setting next_dagrun for example_complex to None, run_after=None
[2025-04-30T00:47:51.534+0000] {processor.py:208} INFO - Processing /home/airflow/.local/lib/python3.12/site-packages/airflow/example_dags/example_complex.py took 0.108 seconds
[2025-04-30T00:48:22.494+0000] {processor.py:186} INFO - Started process (PID=2281) to work on /home/airflow/.local/lib/python3.12/site-packages/airflow/example_dags/example_complex.py
[2025-04-30T00:48:22.495+0000] {processor.py:914} INFO - Processing file /home/airflow/.local/lib/python3.12/site-packages/airflow/example_dags/example_complex.py for tasks to queue
[2025-04-30T00:48:22.496+0000] {logging_mixin.py:190} INFO - [2025-04-30T00:48:22.496+0000] {dagbag.py:587} INFO - Filling up the DagBag from /home/airflow/.local/lib/python3.12/site-packages/airflow/example_dags/example_complex.py
[2025-04-30T00:48:22.512+0000] {processor.py:925} INFO - DAG(s) 'example_complex' retrieved from /home/airflow/.local/lib/python3.12/site-packages/airflow/example_dags/example_complex.py
[2025-04-30T00:48:22.556+0000] {logging_mixin.py:190} INFO - [2025-04-30T00:48:22.556+0000] {dag.py:3211} INFO - Sync 1 DAGs
[2025-04-30T00:48:22.574+0000] {logging_mixin.py:190} INFO - [2025-04-30T00:48:22.574+0000] {dag.py:4138} INFO - Setting next_dagrun for example_complex to None, run_after=None
[2025-04-30T00:48:22.600+0000] {processor.py:208} INFO - Processing /home/airflow/.local/lib/python3.12/site-packages/airflow/example_dags/example_complex.py took 0.113 seconds
[2025-04-30T00:48:53.437+0000] {processor.py:186} INFO - Started process (PID=2344) to work on /home/airflow/.local/lib/python3.12/site-packages/airflow/example_dags/example_complex.py
[2025-04-30T00:48:53.441+0000] {processor.py:914} INFO - Processing file /home/airflow/.local/lib/python3.12/site-packages/airflow/example_dags/example_complex.py for tasks to queue
[2025-04-30T00:48:53.444+0000] {logging_mixin.py:190} INFO - [2025-04-30T00:48:53.443+0000] {dagbag.py:587} INFO - Filling up the DagBag from /home/airflow/.local/lib/python3.12/site-packages/airflow/example_dags/example_complex.py
[2025-04-30T00:48:53.468+0000] {processor.py:925} INFO - DAG(s) 'example_complex' retrieved from /home/airflow/.local/lib/python3.12/site-packages/airflow/example_dags/example_complex.py
[2025-04-30T00:48:53.523+0000] {logging_mixin.py:190} INFO - [2025-04-30T00:48:53.523+0000] {dag.py:3211} INFO - Sync 1 DAGs
[2025-04-30T00:48:53.545+0000] {logging_mixin.py:190} INFO - [2025-04-30T00:48:53.544+0000] {dag.py:4138} INFO - Setting next_dagrun for example_complex to None, run_after=None
[2025-04-30T00:48:53.571+0000] {processor.py:208} INFO - Processing /home/airflow/.local/lib/python3.12/site-packages/airflow/example_dags/example_complex.py took 0.144 seconds
[2025-04-30T00:49:24.002+0000] {processor.py:186} INFO - Started process (PID=2407) to work on /home/airflow/.local/lib/python3.12/site-packages/airflow/example_dags/example_complex.py
[2025-04-30T00:49:24.004+0000] {processor.py:914} INFO - Processing file /home/airflow/.local/lib/python3.12/site-packages/airflow/example_dags/example_complex.py for tasks to queue
[2025-04-30T00:49:24.005+0000] {logging_mixin.py:190} INFO - [2025-04-30T00:49:24.005+0000] {dagbag.py:587} INFO - Filling up the DagBag from /home/airflow/.local/lib/python3.12/site-packages/airflow/example_dags/example_complex.py
[2025-04-30T00:49:24.018+0000] {processor.py:925} INFO - DAG(s) 'example_complex' retrieved from /home/airflow/.local/lib/python3.12/site-packages/airflow/example_dags/example_complex.py
[2025-04-30T00:49:24.055+0000] {logging_mixin.py:190} INFO - [2025-04-30T00:49:24.054+0000] {dag.py:3211} INFO - Sync 1 DAGs
[2025-04-30T00:49:24.071+0000] {logging_mixin.py:190} INFO - [2025-04-30T00:49:24.071+0000] {dag.py:4138} INFO - Setting next_dagrun for example_complex to None, run_after=None
[2025-04-30T00:49:24.093+0000] {processor.py:208} INFO - Processing /home/airflow/.local/lib/python3.12/site-packages/airflow/example_dags/example_complex.py took 0.098 seconds
[2025-04-30T00:49:54.749+0000] {processor.py:186} INFO - Started process (PID=2470) to work on /home/airflow/.local/lib/python3.12/site-packages/airflow/example_dags/example_complex.py
[2025-04-30T00:49:54.751+0000] {processor.py:914} INFO - Processing file /home/airflow/.local/lib/python3.12/site-packages/airflow/example_dags/example_complex.py for tasks to queue
[2025-04-30T00:49:54.752+0000] {logging_mixin.py:190} INFO - [2025-04-30T00:49:54.752+0000] {dagbag.py:587} INFO - Filling up the DagBag from /home/airflow/.local/lib/python3.12/site-packages/airflow/example_dags/example_complex.py
[2025-04-30T00:49:54.767+0000] {processor.py:925} INFO - DAG(s) 'example_complex' retrieved from /home/airflow/.local/lib/python3.12/site-packages/airflow/example_dags/example_complex.py
[2025-04-30T00:49:54.811+0000] {logging_mixin.py:190} INFO - [2025-04-30T00:49:54.811+0000] {dag.py:3211} INFO - Sync 1 DAGs
[2025-04-30T00:49:54.828+0000] {logging_mixin.py:190} INFO - [2025-04-30T00:49:54.828+0000] {dag.py:4138} INFO - Setting next_dagrun for example_complex to None, run_after=None
[2025-04-30T00:49:54.851+0000] {processor.py:208} INFO - Processing /home/airflow/.local/lib/python3.12/site-packages/airflow/example_dags/example_complex.py took 0.109 seconds
[2025-04-30T00:50:25.214+0000] {processor.py:186} INFO - Started process (PID=2534) to work on /home/airflow/.local/lib/python3.12/site-packages/airflow/example_dags/example_complex.py
[2025-04-30T00:50:25.216+0000] {processor.py:914} INFO - Processing file /home/airflow/.local/lib/python3.12/site-packages/airflow/example_dags/example_complex.py for tasks to queue
[2025-04-30T00:50:25.217+0000] {logging_mixin.py:190} INFO - [2025-04-30T00:50:25.217+0000] {dagbag.py:587} INFO - Filling up the DagBag from /home/airflow/.local/lib/python3.12/site-packages/airflow/example_dags/example_complex.py
[2025-04-30T00:50:25.236+0000] {processor.py:925} INFO - DAG(s) 'example_complex' retrieved from /home/airflow/.local/lib/python3.12/site-packages/airflow/example_dags/example_complex.py
[2025-04-30T00:50:25.280+0000] {logging_mixin.py:190} INFO - [2025-04-30T00:50:25.279+0000] {dag.py:3211} INFO - Sync 1 DAGs
[2025-04-30T00:50:25.301+0000] {logging_mixin.py:190} INFO - [2025-04-30T00:50:25.301+0000] {dag.py:4138} INFO - Setting next_dagrun for example_complex to None, run_after=None
[2025-04-30T00:50:25.331+0000] {processor.py:208} INFO - Processing /home/airflow/.local/lib/python3.12/site-packages/airflow/example_dags/example_complex.py took 0.123 seconds
[2025-04-30T00:50:56.029+0000] {processor.py:186} INFO - Started process (PID=2597) to work on /home/airflow/.local/lib/python3.12/site-packages/airflow/example_dags/example_complex.py
[2025-04-30T00:50:56.031+0000] {processor.py:914} INFO - Processing file /home/airflow/.local/lib/python3.12/site-packages/airflow/example_dags/example_complex.py for tasks to queue
[2025-04-30T00:50:56.033+0000] {logging_mixin.py:190} INFO - [2025-04-30T00:50:56.033+0000] {dagbag.py:587} INFO - Filling up the DagBag from /home/airflow/.local/lib/python3.12/site-packages/airflow/example_dags/example_complex.py
[2025-04-30T00:50:56.047+0000] {processor.py:925} INFO - DAG(s) 'example_complex' retrieved from /home/airflow/.local/lib/python3.12/site-packages/airflow/example_dags/example_complex.py
[2025-04-30T00:50:56.090+0000] {logging_mixin.py:190} INFO - [2025-04-30T00:50:56.089+0000] {dag.py:3211} INFO - Sync 1 DAGs
[2025-04-30T00:50:56.109+0000] {logging_mixin.py:190} INFO - [2025-04-30T00:50:56.109+0000] {dag.py:4138} INFO - Setting next_dagrun for example_complex to None, run_after=None
[2025-04-30T00:50:56.139+0000] {processor.py:208} INFO - Processing /home/airflow/.local/lib/python3.12/site-packages/airflow/example_dags/example_complex.py took 0.117 seconds
[2025-04-30T00:51:26.465+0000] {processor.py:186} INFO - Started process (PID=2660) to work on /home/airflow/.local/lib/python3.12/site-packages/airflow/example_dags/example_complex.py
[2025-04-30T00:51:26.467+0000] {processor.py:914} INFO - Processing file /home/airflow/.local/lib/python3.12/site-packages/airflow/example_dags/example_complex.py for tasks to queue
[2025-04-30T00:51:26.469+0000] {logging_mixin.py:190} INFO - [2025-04-30T00:51:26.468+0000] {dagbag.py:587} INFO - Filling up the DagBag from /home/airflow/.local/lib/python3.12/site-packages/airflow/example_dags/example_complex.py
[2025-04-30T00:51:26.483+0000] {processor.py:925} INFO - DAG(s) 'example_complex' retrieved from /home/airflow/.local/lib/python3.12/site-packages/airflow/example_dags/example_complex.py
[2025-04-30T00:51:26.523+0000] {logging_mixin.py:190} INFO - [2025-04-30T00:51:26.522+0000] {dag.py:3211} INFO - Sync 1 DAGs
[2025-04-30T00:51:26.538+0000] {logging_mixin.py:190} INFO - [2025-04-30T00:51:26.538+0000] {dag.py:4138} INFO - Setting next_dagrun for example_complex to None, run_after=None
[2025-04-30T00:51:26.561+0000] {processor.py:208} INFO - Processing /home/airflow/.local/lib/python3.12/site-packages/airflow/example_dags/example_complex.py took 0.105 seconds
[2025-04-30T00:59:35.403+0000] {processor.py:186} INFO - Started process (PID=2748) to work on /home/airflow/.local/lib/python3.12/site-packages/airflow/example_dags/example_complex.py
[2025-04-30T00:59:35.405+0000] {processor.py:914} INFO - Processing file /home/airflow/.local/lib/python3.12/site-packages/airflow/example_dags/example_complex.py for tasks to queue
[2025-04-30T00:59:35.409+0000] {logging_mixin.py:190} INFO - [2025-04-30T00:59:35.409+0000] {dagbag.py:587} INFO - Filling up the DagBag from /home/airflow/.local/lib/python3.12/site-packages/airflow/example_dags/example_complex.py
[2025-04-30T00:59:35.441+0000] {processor.py:925} INFO - DAG(s) 'example_complex' retrieved from /home/airflow/.local/lib/python3.12/site-packages/airflow/example_dags/example_complex.py
[2025-04-30T00:59:35.500+0000] {logging_mixin.py:190} INFO - [2025-04-30T00:59:35.498+0000] {dag.py:3211} INFO - Sync 1 DAGs
[2025-04-30T00:59:35.524+0000] {logging_mixin.py:190} INFO - [2025-04-30T00:59:35.523+0000] {dag.py:4138} INFO - Setting next_dagrun for example_complex to None, run_after=None
[2025-04-30T00:59:35.552+0000] {processor.py:208} INFO - Processing /home/airflow/.local/lib/python3.12/site-packages/airflow/example_dags/example_complex.py took 0.160 seconds
[2025-04-30T01:00:05.762+0000] {processor.py:186} INFO - Started process (PID=2817) to work on /home/airflow/.local/lib/python3.12/site-packages/airflow/example_dags/example_complex.py
[2025-04-30T01:00:05.763+0000] {processor.py:914} INFO - Processing file /home/airflow/.local/lib/python3.12/site-packages/airflow/example_dags/example_complex.py for tasks to queue
[2025-04-30T01:00:05.766+0000] {logging_mixin.py:190} INFO - [2025-04-30T01:00:05.765+0000] {dagbag.py:587} INFO - Filling up the DagBag from /home/airflow/.local/lib/python3.12/site-packages/airflow/example_dags/example_complex.py
[2025-04-30T01:00:05.805+0000] {processor.py:925} INFO - DAG(s) 'example_complex' retrieved from /home/airflow/.local/lib/python3.12/site-packages/airflow/example_dags/example_complex.py
[2025-04-30T01:00:05.879+0000] {logging_mixin.py:190} INFO - [2025-04-30T01:00:05.879+0000] {dag.py:3211} INFO - Sync 1 DAGs
[2025-04-30T01:00:05.904+0000] {logging_mixin.py:190} INFO - [2025-04-30T01:00:05.904+0000] {dag.py:4138} INFO - Setting next_dagrun for example_complex to None, run_after=None
[2025-04-30T01:00:05.931+0000] {processor.py:208} INFO - Processing /home/airflow/.local/lib/python3.12/site-packages/airflow/example_dags/example_complex.py took 0.177 seconds
[2025-04-30T01:00:36.136+0000] {processor.py:186} INFO - Started process (PID=2879) to work on /home/airflow/.local/lib/python3.12/site-packages/airflow/example_dags/example_complex.py
[2025-04-30T01:00:36.138+0000] {processor.py:914} INFO - Processing file /home/airflow/.local/lib/python3.12/site-packages/airflow/example_dags/example_complex.py for tasks to queue
[2025-04-30T01:00:36.139+0000] {logging_mixin.py:190} INFO - [2025-04-30T01:00:36.139+0000] {dagbag.py:587} INFO - Filling up the DagBag from /home/airflow/.local/lib/python3.12/site-packages/airflow/example_dags/example_complex.py
[2025-04-30T01:00:36.153+0000] {processor.py:925} INFO - DAG(s) 'example_complex' retrieved from /home/airflow/.local/lib/python3.12/site-packages/airflow/example_dags/example_complex.py
[2025-04-30T01:00:36.189+0000] {logging_mixin.py:190} INFO - [2025-04-30T01:00:36.189+0000] {dag.py:3211} INFO - Sync 1 DAGs
[2025-04-30T01:00:36.206+0000] {logging_mixin.py:190} INFO - [2025-04-30T01:00:36.205+0000] {dag.py:4138} INFO - Setting next_dagrun for example_complex to None, run_after=None
[2025-04-30T01:00:36.230+0000] {processor.py:208} INFO - Processing /home/airflow/.local/lib/python3.12/site-packages/airflow/example_dags/example_complex.py took 0.101 seconds
[2025-04-30T01:01:06.880+0000] {processor.py:186} INFO - Started process (PID=2944) to work on /home/airflow/.local/lib/python3.12/site-packages/airflow/example_dags/example_complex.py
[2025-04-30T01:01:06.881+0000] {processor.py:914} INFO - Processing file /home/airflow/.local/lib/python3.12/site-packages/airflow/example_dags/example_complex.py for tasks to queue
[2025-04-30T01:01:06.883+0000] {logging_mixin.py:190} INFO - [2025-04-30T01:01:06.883+0000] {dagbag.py:587} INFO - Filling up the DagBag from /home/airflow/.local/lib/python3.12/site-packages/airflow/example_dags/example_complex.py
[2025-04-30T01:01:06.895+0000] {processor.py:925} INFO - DAG(s) 'example_complex' retrieved from /home/airflow/.local/lib/python3.12/site-packages/airflow/example_dags/example_complex.py
[2025-04-30T01:01:06.937+0000] {logging_mixin.py:190} INFO - [2025-04-30T01:01:06.936+0000] {dag.py:3211} INFO - Sync 1 DAGs
[2025-04-30T01:01:06.954+0000] {logging_mixin.py:190} INFO - [2025-04-30T01:01:06.953+0000] {dag.py:4138} INFO - Setting next_dagrun for example_complex to None, run_after=None
[2025-04-30T01:01:06.980+0000] {processor.py:208} INFO - Processing /home/airflow/.local/lib/python3.12/site-packages/airflow/example_dags/example_complex.py took 0.107 seconds
[2025-04-30T01:01:38.527+0000] {processor.py:186} INFO - Started process (PID=3007) to work on /home/airflow/.local/lib/python3.12/site-packages/airflow/example_dags/example_complex.py
[2025-04-30T01:01:38.529+0000] {processor.py:914} INFO - Processing file /home/airflow/.local/lib/python3.12/site-packages/airflow/example_dags/example_complex.py for tasks to queue
[2025-04-30T01:01:38.531+0000] {logging_mixin.py:190} INFO - [2025-04-30T01:01:38.530+0000] {dagbag.py:587} INFO - Filling up the DagBag from /home/airflow/.local/lib/python3.12/site-packages/airflow/example_dags/example_complex.py
[2025-04-30T01:01:38.544+0000] {processor.py:925} INFO - DAG(s) 'example_complex' retrieved from /home/airflow/.local/lib/python3.12/site-packages/airflow/example_dags/example_complex.py
[2025-04-30T01:01:38.580+0000] {logging_mixin.py:190} INFO - [2025-04-30T01:01:38.580+0000] {dag.py:3211} INFO - Sync 1 DAGs
[2025-04-30T01:01:38.596+0000] {logging_mixin.py:190} INFO - [2025-04-30T01:01:38.596+0000] {dag.py:4138} INFO - Setting next_dagrun for example_complex to None, run_after=None
[2025-04-30T01:01:38.617+0000] {processor.py:208} INFO - Processing /home/airflow/.local/lib/python3.12/site-packages/airflow/example_dags/example_complex.py took 0.096 seconds
[2025-04-30T01:02:09.108+0000] {processor.py:186} INFO - Started process (PID=3070) to work on /home/airflow/.local/lib/python3.12/site-packages/airflow/example_dags/example_complex.py
[2025-04-30T01:02:09.109+0000] {processor.py:914} INFO - Processing file /home/airflow/.local/lib/python3.12/site-packages/airflow/example_dags/example_complex.py for tasks to queue
[2025-04-30T01:02:09.112+0000] {logging_mixin.py:190} INFO - [2025-04-30T01:02:09.111+0000] {dagbag.py:587} INFO - Filling up the DagBag from /home/airflow/.local/lib/python3.12/site-packages/airflow/example_dags/example_complex.py
[2025-04-30T01:02:09.127+0000] {processor.py:925} INFO - DAG(s) 'example_complex' retrieved from /home/airflow/.local/lib/python3.12/site-packages/airflow/example_dags/example_complex.py
[2025-04-30T01:02:09.169+0000] {logging_mixin.py:190} INFO - [2025-04-30T01:02:09.169+0000] {dag.py:3211} INFO - Sync 1 DAGs
[2025-04-30T01:02:09.192+0000] {logging_mixin.py:190} INFO - [2025-04-30T01:02:09.192+0000] {dag.py:4138} INFO - Setting next_dagrun for example_complex to None, run_after=None
[2025-04-30T01:02:09.405+0000] {processor.py:208} INFO - Processing /home/airflow/.local/lib/python3.12/site-packages/airflow/example_dags/example_complex.py took 0.305 seconds
[2025-04-30T01:02:40.294+0000] {processor.py:186} INFO - Started process (PID=3133) to work on /home/airflow/.local/lib/python3.12/site-packages/airflow/example_dags/example_complex.py
[2025-04-30T01:02:40.295+0000] {processor.py:914} INFO - Processing file /home/airflow/.local/lib/python3.12/site-packages/airflow/example_dags/example_complex.py for tasks to queue
[2025-04-30T01:02:40.297+0000] {logging_mixin.py:190} INFO - [2025-04-30T01:02:40.296+0000] {dagbag.py:587} INFO - Filling up the DagBag from /home/airflow/.local/lib/python3.12/site-packages/airflow/example_dags/example_complex.py
[2025-04-30T01:02:40.313+0000] {processor.py:925} INFO - DAG(s) 'example_complex' retrieved from /home/airflow/.local/lib/python3.12/site-packages/airflow/example_dags/example_complex.py
[2025-04-30T01:02:40.350+0000] {logging_mixin.py:190} INFO - [2025-04-30T01:02:40.350+0000] {dag.py:3211} INFO - Sync 1 DAGs
[2025-04-30T01:02:40.366+0000] {logging_mixin.py:190} INFO - [2025-04-30T01:02:40.366+0000] {dag.py:4138} INFO - Setting next_dagrun for example_complex to None, run_after=None
[2025-04-30T01:02:40.389+0000] {processor.py:208} INFO - Processing /home/airflow/.local/lib/python3.12/site-packages/airflow/example_dags/example_complex.py took 0.102 seconds
[2025-04-30T01:03:11.548+0000] {processor.py:186} INFO - Started process (PID=3197) to work on /home/airflow/.local/lib/python3.12/site-packages/airflow/example_dags/example_complex.py
[2025-04-30T01:03:11.549+0000] {processor.py:914} INFO - Processing file /home/airflow/.local/lib/python3.12/site-packages/airflow/example_dags/example_complex.py for tasks to queue
[2025-04-30T01:03:11.551+0000] {logging_mixin.py:190} INFO - [2025-04-30T01:03:11.550+0000] {dagbag.py:587} INFO - Filling up the DagBag from /home/airflow/.local/lib/python3.12/site-packages/airflow/example_dags/example_complex.py
[2025-04-30T01:03:11.565+0000] {processor.py:925} INFO - DAG(s) 'example_complex' retrieved from /home/airflow/.local/lib/python3.12/site-packages/airflow/example_dags/example_complex.py
[2025-04-30T01:03:11.605+0000] {logging_mixin.py:190} INFO - [2025-04-30T01:03:11.604+0000] {dag.py:3211} INFO - Sync 1 DAGs
[2025-04-30T01:03:11.621+0000] {logging_mixin.py:190} INFO - [2025-04-30T01:03:11.620+0000] {dag.py:4138} INFO - Setting next_dagrun for example_complex to None, run_after=None
[2025-04-30T01:03:11.641+0000] {processor.py:208} INFO - Processing /home/airflow/.local/lib/python3.12/site-packages/airflow/example_dags/example_complex.py took 0.100 seconds
[2025-04-30T01:03:44.002+0000] {processor.py:186} INFO - Started process (PID=3260) to work on /home/airflow/.local/lib/python3.12/site-packages/airflow/example_dags/example_complex.py
[2025-04-30T01:03:44.003+0000] {processor.py:914} INFO - Processing file /home/airflow/.local/lib/python3.12/site-packages/airflow/example_dags/example_complex.py for tasks to queue
[2025-04-30T01:03:44.004+0000] {logging_mixin.py:190} INFO - [2025-04-30T01:03:44.004+0000] {dagbag.py:587} INFO - Filling up the DagBag from /home/airflow/.local/lib/python3.12/site-packages/airflow/example_dags/example_complex.py
[2025-04-30T01:03:44.017+0000] {processor.py:925} INFO - DAG(s) 'example_complex' retrieved from /home/airflow/.local/lib/python3.12/site-packages/airflow/example_dags/example_complex.py
[2025-04-30T01:03:44.055+0000] {logging_mixin.py:190} INFO - [2025-04-30T01:03:44.055+0000] {dag.py:3211} INFO - Sync 1 DAGs
[2025-04-30T01:03:44.070+0000] {logging_mixin.py:190} INFO - [2025-04-30T01:03:44.070+0000] {dag.py:4138} INFO - Setting next_dagrun for example_complex to None, run_after=None
[2025-04-30T01:03:44.094+0000] {processor.py:208} INFO - Processing /home/airflow/.local/lib/python3.12/site-packages/airflow/example_dags/example_complex.py took 0.099 seconds
[2025-04-30T01:04:15.530+0000] {processor.py:186} INFO - Started process (PID=3323) to work on /home/airflow/.local/lib/python3.12/site-packages/airflow/example_dags/example_complex.py
[2025-04-30T01:04:15.531+0000] {processor.py:914} INFO - Processing file /home/airflow/.local/lib/python3.12/site-packages/airflow/example_dags/example_complex.py for tasks to queue
[2025-04-30T01:04:15.533+0000] {logging_mixin.py:190} INFO - [2025-04-30T01:04:15.533+0000] {dagbag.py:587} INFO - Filling up the DagBag from /home/airflow/.local/lib/python3.12/site-packages/airflow/example_dags/example_complex.py
[2025-04-30T01:04:15.548+0000] {processor.py:925} INFO - DAG(s) 'example_complex' retrieved from /home/airflow/.local/lib/python3.12/site-packages/airflow/example_dags/example_complex.py
[2025-04-30T01:04:15.583+0000] {logging_mixin.py:190} INFO - [2025-04-30T01:04:15.583+0000] {dag.py:3211} INFO - Sync 1 DAGs
[2025-04-30T01:04:15.600+0000] {logging_mixin.py:190} INFO - [2025-04-30T01:04:15.600+0000] {dag.py:4138} INFO - Setting next_dagrun for example_complex to None, run_after=None
[2025-04-30T01:04:15.621+0000] {processor.py:208} INFO - Processing /home/airflow/.local/lib/python3.12/site-packages/airflow/example_dags/example_complex.py took 0.097 seconds
[2025-04-30T01:04:46.509+0000] {processor.py:186} INFO - Started process (PID=3386) to work on /home/airflow/.local/lib/python3.12/site-packages/airflow/example_dags/example_complex.py
[2025-04-30T01:04:46.511+0000] {processor.py:914} INFO - Processing file /home/airflow/.local/lib/python3.12/site-packages/airflow/example_dags/example_complex.py for tasks to queue
[2025-04-30T01:04:46.513+0000] {logging_mixin.py:190} INFO - [2025-04-30T01:04:46.512+0000] {dagbag.py:587} INFO - Filling up the DagBag from /home/airflow/.local/lib/python3.12/site-packages/airflow/example_dags/example_complex.py
[2025-04-30T01:04:46.528+0000] {processor.py:925} INFO - DAG(s) 'example_complex' retrieved from /home/airflow/.local/lib/python3.12/site-packages/airflow/example_dags/example_complex.py
[2025-04-30T01:04:46.564+0000] {logging_mixin.py:190} INFO - [2025-04-30T01:04:46.564+0000] {dag.py:3211} INFO - Sync 1 DAGs
[2025-04-30T01:04:46.580+0000] {logging_mixin.py:190} INFO - [2025-04-30T01:04:46.580+0000] {dag.py:4138} INFO - Setting next_dagrun for example_complex to None, run_after=None
[2025-04-30T01:04:46.602+0000] {processor.py:208} INFO - Processing /home/airflow/.local/lib/python3.12/site-packages/airflow/example_dags/example_complex.py took 0.102 seconds
[2025-04-30T01:05:17.130+0000] {processor.py:186} INFO - Started process (PID=3449) to work on /home/airflow/.local/lib/python3.12/site-packages/airflow/example_dags/example_complex.py
[2025-04-30T01:05:17.131+0000] {processor.py:914} INFO - Processing file /home/airflow/.local/lib/python3.12/site-packages/airflow/example_dags/example_complex.py for tasks to queue
[2025-04-30T01:05:17.133+0000] {logging_mixin.py:190} INFO - [2025-04-30T01:05:17.133+0000] {dagbag.py:587} INFO - Filling up the DagBag from /home/airflow/.local/lib/python3.12/site-packages/airflow/example_dags/example_complex.py
[2025-04-30T01:05:17.149+0000] {processor.py:925} INFO - DAG(s) 'example_complex' retrieved from /home/airflow/.local/lib/python3.12/site-packages/airflow/example_dags/example_complex.py
[2025-04-30T01:05:17.189+0000] {logging_mixin.py:190} INFO - [2025-04-30T01:05:17.189+0000] {dag.py:3211} INFO - Sync 1 DAGs
[2025-04-30T01:05:17.207+0000] {logging_mixin.py:190} INFO - [2025-04-30T01:05:17.207+0000] {dag.py:4138} INFO - Setting next_dagrun for example_complex to None, run_after=None
[2025-04-30T01:05:17.231+0000] {processor.py:208} INFO - Processing /home/airflow/.local/lib/python3.12/site-packages/airflow/example_dags/example_complex.py took 0.108 seconds
[2025-04-30T01:05:47.811+0000] {processor.py:186} INFO - Started process (PID=3512) to work on /home/airflow/.local/lib/python3.12/site-packages/airflow/example_dags/example_complex.py
[2025-04-30T01:05:47.813+0000] {processor.py:914} INFO - Processing file /home/airflow/.local/lib/python3.12/site-packages/airflow/example_dags/example_complex.py for tasks to queue
[2025-04-30T01:05:47.814+0000] {logging_mixin.py:190} INFO - [2025-04-30T01:05:47.814+0000] {dagbag.py:587} INFO - Filling up the DagBag from /home/airflow/.local/lib/python3.12/site-packages/airflow/example_dags/example_complex.py
[2025-04-30T01:05:47.830+0000] {processor.py:925} INFO - DAG(s) 'example_complex' retrieved from /home/airflow/.local/lib/python3.12/site-packages/airflow/example_dags/example_complex.py
[2025-04-30T01:05:47.872+0000] {logging_mixin.py:190} INFO - [2025-04-30T01:05:47.872+0000] {dag.py:3211} INFO - Sync 1 DAGs
[2025-04-30T01:05:47.889+0000] {logging_mixin.py:190} INFO - [2025-04-30T01:05:47.888+0000] {dag.py:4138} INFO - Setting next_dagrun for example_complex to None, run_after=None
[2025-04-30T01:05:47.913+0000] {processor.py:208} INFO - Processing /home/airflow/.local/lib/python3.12/site-packages/airflow/example_dags/example_complex.py took 0.107 seconds
[2025-04-30T01:06:18.815+0000] {processor.py:186} INFO - Started process (PID=3575) to work on /home/airflow/.local/lib/python3.12/site-packages/airflow/example_dags/example_complex.py
[2025-04-30T01:06:18.817+0000] {processor.py:914} INFO - Processing file /home/airflow/.local/lib/python3.12/site-packages/airflow/example_dags/example_complex.py for tasks to queue
[2025-04-30T01:06:18.818+0000] {logging_mixin.py:190} INFO - [2025-04-30T01:06:18.818+0000] {dagbag.py:587} INFO - Filling up the DagBag from /home/airflow/.local/lib/python3.12/site-packages/airflow/example_dags/example_complex.py
[2025-04-30T01:06:18.833+0000] {processor.py:925} INFO - DAG(s) 'example_complex' retrieved from /home/airflow/.local/lib/python3.12/site-packages/airflow/example_dags/example_complex.py
[2025-04-30T01:06:18.869+0000] {logging_mixin.py:190} INFO - [2025-04-30T01:06:18.868+0000] {dag.py:3211} INFO - Sync 1 DAGs
[2025-04-30T01:06:18.884+0000] {logging_mixin.py:190} INFO - [2025-04-30T01:06:18.884+0000] {dag.py:4138} INFO - Setting next_dagrun for example_complex to None, run_after=None
[2025-04-30T01:06:18.905+0000] {processor.py:208} INFO - Processing /home/airflow/.local/lib/python3.12/site-packages/airflow/example_dags/example_complex.py took 0.096 seconds
[2025-04-30T01:06:49.175+0000] {processor.py:186} INFO - Started process (PID=3638) to work on /home/airflow/.local/lib/python3.12/site-packages/airflow/example_dags/example_complex.py
[2025-04-30T01:06:49.176+0000] {processor.py:914} INFO - Processing file /home/airflow/.local/lib/python3.12/site-packages/airflow/example_dags/example_complex.py for tasks to queue
[2025-04-30T01:06:49.178+0000] {logging_mixin.py:190} INFO - [2025-04-30T01:06:49.177+0000] {dagbag.py:587} INFO - Filling up the DagBag from /home/airflow/.local/lib/python3.12/site-packages/airflow/example_dags/example_complex.py
[2025-04-30T01:06:49.191+0000] {processor.py:925} INFO - DAG(s) 'example_complex' retrieved from /home/airflow/.local/lib/python3.12/site-packages/airflow/example_dags/example_complex.py
[2025-04-30T01:06:49.229+0000] {logging_mixin.py:190} INFO - [2025-04-30T01:06:49.228+0000] {dag.py:3211} INFO - Sync 1 DAGs
[2025-04-30T01:06:49.246+0000] {logging_mixin.py:190} INFO - [2025-04-30T01:06:49.246+0000] {dag.py:4138} INFO - Setting next_dagrun for example_complex to None, run_after=None
[2025-04-30T01:06:49.270+0000] {processor.py:208} INFO - Processing /home/airflow/.local/lib/python3.12/site-packages/airflow/example_dags/example_complex.py took 0.101 seconds
[2025-04-30T01:07:19.663+0000] {processor.py:186} INFO - Started process (PID=3701) to work on /home/airflow/.local/lib/python3.12/site-packages/airflow/example_dags/example_complex.py
[2025-04-30T01:07:19.664+0000] {processor.py:914} INFO - Processing file /home/airflow/.local/lib/python3.12/site-packages/airflow/example_dags/example_complex.py for tasks to queue
[2025-04-30T01:07:19.666+0000] {logging_mixin.py:190} INFO - [2025-04-30T01:07:19.665+0000] {dagbag.py:587} INFO - Filling up the DagBag from /home/airflow/.local/lib/python3.12/site-packages/airflow/example_dags/example_complex.py
[2025-04-30T01:07:19.678+0000] {processor.py:925} INFO - DAG(s) 'example_complex' retrieved from /home/airflow/.local/lib/python3.12/site-packages/airflow/example_dags/example_complex.py
[2025-04-30T01:07:19.712+0000] {logging_mixin.py:190} INFO - [2025-04-30T01:07:19.711+0000] {dag.py:3211} INFO - Sync 1 DAGs
[2025-04-30T01:07:19.727+0000] {logging_mixin.py:190} INFO - [2025-04-30T01:07:19.726+0000] {dag.py:4138} INFO - Setting next_dagrun for example_complex to None, run_after=None
[2025-04-30T01:07:19.748+0000] {processor.py:208} INFO - Processing /home/airflow/.local/lib/python3.12/site-packages/airflow/example_dags/example_complex.py took 0.090 seconds
[2025-04-30T01:07:50.648+0000] {processor.py:186} INFO - Started process (PID=3764) to work on /home/airflow/.local/lib/python3.12/site-packages/airflow/example_dags/example_complex.py
[2025-04-30T01:07:50.649+0000] {processor.py:914} INFO - Processing file /home/airflow/.local/lib/python3.12/site-packages/airflow/example_dags/example_complex.py for tasks to queue
[2025-04-30T01:07:50.651+0000] {logging_mixin.py:190} INFO - [2025-04-30T01:07:50.651+0000] {dagbag.py:587} INFO - Filling up the DagBag from /home/airflow/.local/lib/python3.12/site-packages/airflow/example_dags/example_complex.py
[2025-04-30T01:07:50.667+0000] {processor.py:925} INFO - DAG(s) 'example_complex' retrieved from /home/airflow/.local/lib/python3.12/site-packages/airflow/example_dags/example_complex.py
[2025-04-30T01:07:50.706+0000] {logging_mixin.py:190} INFO - [2025-04-30T01:07:50.706+0000] {dag.py:3211} INFO - Sync 1 DAGs
[2025-04-30T01:07:50.723+0000] {logging_mixin.py:190} INFO - [2025-04-30T01:07:50.723+0000] {dag.py:4138} INFO - Setting next_dagrun for example_complex to None, run_after=None
[2025-04-30T01:07:50.744+0000] {processor.py:208} INFO - Processing /home/airflow/.local/lib/python3.12/site-packages/airflow/example_dags/example_complex.py took 0.105 seconds
[2025-04-30T01:08:21.230+0000] {processor.py:186} INFO - Started process (PID=3832) to work on /home/airflow/.local/lib/python3.12/site-packages/airflow/example_dags/example_complex.py
[2025-04-30T01:08:21.232+0000] {processor.py:914} INFO - Processing file /home/airflow/.local/lib/python3.12/site-packages/airflow/example_dags/example_complex.py for tasks to queue
[2025-04-30T01:08:21.233+0000] {logging_mixin.py:190} INFO - [2025-04-30T01:08:21.233+0000] {dagbag.py:587} INFO - Filling up the DagBag from /home/airflow/.local/lib/python3.12/site-packages/airflow/example_dags/example_complex.py
[2025-04-30T01:08:21.247+0000] {processor.py:925} INFO - DAG(s) 'example_complex' retrieved from /home/airflow/.local/lib/python3.12/site-packages/airflow/example_dags/example_complex.py
[2025-04-30T01:08:21.285+0000] {logging_mixin.py:190} INFO - [2025-04-30T01:08:21.285+0000] {dag.py:3211} INFO - Sync 1 DAGs
[2025-04-30T01:08:21.302+0000] {logging_mixin.py:190} INFO - [2025-04-30T01:08:21.302+0000] {dag.py:4138} INFO - Setting next_dagrun for example_complex to None, run_after=None
[2025-04-30T01:08:21.324+0000] {processor.py:208} INFO - Processing /home/airflow/.local/lib/python3.12/site-packages/airflow/example_dags/example_complex.py took 0.100 seconds
[2025-04-30T01:08:52.406+0000] {processor.py:186} INFO - Started process (PID=3894) to work on /home/airflow/.local/lib/python3.12/site-packages/airflow/example_dags/example_complex.py
[2025-04-30T01:08:52.407+0000] {processor.py:914} INFO - Processing file /home/airflow/.local/lib/python3.12/site-packages/airflow/example_dags/example_complex.py for tasks to queue
[2025-04-30T01:08:52.409+0000] {logging_mixin.py:190} INFO - [2025-04-30T01:08:52.409+0000] {dagbag.py:587} INFO - Filling up the DagBag from /home/airflow/.local/lib/python3.12/site-packages/airflow/example_dags/example_complex.py
[2025-04-30T01:08:52.426+0000] {processor.py:925} INFO - DAG(s) 'example_complex' retrieved from /home/airflow/.local/lib/python3.12/site-packages/airflow/example_dags/example_complex.py
[2025-04-30T01:08:52.463+0000] {logging_mixin.py:190} INFO - [2025-04-30T01:08:52.463+0000] {dag.py:3211} INFO - Sync 1 DAGs
[2025-04-30T01:08:52.480+0000] {logging_mixin.py:190} INFO - [2025-04-30T01:08:52.480+0000] {dag.py:4138} INFO - Setting next_dagrun for example_complex to None, run_after=None
[2025-04-30T01:08:52.504+0000] {processor.py:208} INFO - Processing /home/airflow/.local/lib/python3.12/site-packages/airflow/example_dags/example_complex.py took 0.105 seconds
[2025-04-30T01:09:23.582+0000] {processor.py:186} INFO - Started process (PID=3956) to work on /home/airflow/.local/lib/python3.12/site-packages/airflow/example_dags/example_complex.py
[2025-04-30T01:09:23.583+0000] {processor.py:914} INFO - Processing file /home/airflow/.local/lib/python3.12/site-packages/airflow/example_dags/example_complex.py for tasks to queue
[2025-04-30T01:09:23.586+0000] {logging_mixin.py:190} INFO - [2025-04-30T01:09:23.585+0000] {dagbag.py:587} INFO - Filling up the DagBag from /home/airflow/.local/lib/python3.12/site-packages/airflow/example_dags/example_complex.py
[2025-04-30T01:09:23.601+0000] {processor.py:925} INFO - DAG(s) 'example_complex' retrieved from /home/airflow/.local/lib/python3.12/site-packages/airflow/example_dags/example_complex.py
[2025-04-30T01:09:23.640+0000] {logging_mixin.py:190} INFO - [2025-04-30T01:09:23.640+0000] {dag.py:3211} INFO - Sync 1 DAGs
[2025-04-30T01:09:23.657+0000] {logging_mixin.py:190} INFO - [2025-04-30T01:09:23.657+0000] {dag.py:4138} INFO - Setting next_dagrun for example_complex to None, run_after=None
[2025-04-30T01:09:23.680+0000] {processor.py:208} INFO - Processing /home/airflow/.local/lib/python3.12/site-packages/airflow/example_dags/example_complex.py took 0.106 seconds
[2025-04-30T01:09:54.886+0000] {processor.py:186} INFO - Started process (PID=4018) to work on /home/airflow/.local/lib/python3.12/site-packages/airflow/example_dags/example_complex.py
[2025-04-30T01:09:54.887+0000] {processor.py:914} INFO - Processing file /home/airflow/.local/lib/python3.12/site-packages/airflow/example_dags/example_complex.py for tasks to queue
[2025-04-30T01:09:54.890+0000] {logging_mixin.py:190} INFO - [2025-04-30T01:09:54.889+0000] {dagbag.py:587} INFO - Filling up the DagBag from /home/airflow/.local/lib/python3.12/site-packages/airflow/example_dags/example_complex.py
[2025-04-30T01:09:54.907+0000] {processor.py:925} INFO - DAG(s) 'example_complex' retrieved from /home/airflow/.local/lib/python3.12/site-packages/airflow/example_dags/example_complex.py
[2025-04-30T01:09:54.954+0000] {logging_mixin.py:190} INFO - [2025-04-30T01:09:54.954+0000] {dag.py:3211} INFO - Sync 1 DAGs
[2025-04-30T01:09:54.979+0000] {logging_mixin.py:190} INFO - [2025-04-30T01:09:54.978+0000] {dag.py:4138} INFO - Setting next_dagrun for example_complex to None, run_after=None
[2025-04-30T01:09:55.012+0000] {processor.py:208} INFO - Processing /home/airflow/.local/lib/python3.12/site-packages/airflow/example_dags/example_complex.py took 0.133 seconds
[2025-04-30T01:10:25.710+0000] {processor.py:186} INFO - Started process (PID=4080) to work on /home/airflow/.local/lib/python3.12/site-packages/airflow/example_dags/example_complex.py
[2025-04-30T01:10:25.712+0000] {processor.py:914} INFO - Processing file /home/airflow/.local/lib/python3.12/site-packages/airflow/example_dags/example_complex.py for tasks to queue
[2025-04-30T01:10:25.714+0000] {logging_mixin.py:190} INFO - [2025-04-30T01:10:25.713+0000] {dagbag.py:587} INFO - Filling up the DagBag from /home/airflow/.local/lib/python3.12/site-packages/airflow/example_dags/example_complex.py
[2025-04-30T01:10:25.731+0000] {processor.py:925} INFO - DAG(s) 'example_complex' retrieved from /home/airflow/.local/lib/python3.12/site-packages/airflow/example_dags/example_complex.py
[2025-04-30T01:10:25.776+0000] {logging_mixin.py:190} INFO - [2025-04-30T01:10:25.775+0000] {dag.py:3211} INFO - Sync 1 DAGs
[2025-04-30T01:10:25.793+0000] {logging_mixin.py:190} INFO - [2025-04-30T01:10:25.793+0000] {dag.py:4138} INFO - Setting next_dagrun for example_complex to None, run_after=None
[2025-04-30T01:10:25.816+0000] {processor.py:208} INFO - Processing /home/airflow/.local/lib/python3.12/site-packages/airflow/example_dags/example_complex.py took 0.114 seconds
[2025-04-30T01:10:56.684+0000] {processor.py:186} INFO - Started process (PID=4142) to work on /home/airflow/.local/lib/python3.12/site-packages/airflow/example_dags/example_complex.py
[2025-04-30T01:10:56.686+0000] {processor.py:914} INFO - Processing file /home/airflow/.local/lib/python3.12/site-packages/airflow/example_dags/example_complex.py for tasks to queue
[2025-04-30T01:10:56.687+0000] {logging_mixin.py:190} INFO - [2025-04-30T01:10:56.687+0000] {dagbag.py:587} INFO - Filling up the DagBag from /home/airflow/.local/lib/python3.12/site-packages/airflow/example_dags/example_complex.py
[2025-04-30T01:10:56.707+0000] {processor.py:925} INFO - DAG(s) 'example_complex' retrieved from /home/airflow/.local/lib/python3.12/site-packages/airflow/example_dags/example_complex.py
[2025-04-30T01:10:56.756+0000] {logging_mixin.py:190} INFO - [2025-04-30T01:10:56.756+0000] {dag.py:3211} INFO - Sync 1 DAGs
[2025-04-30T01:10:56.776+0000] {logging_mixin.py:190} INFO - [2025-04-30T01:10:56.776+0000] {dag.py:4138} INFO - Setting next_dagrun for example_complex to None, run_after=None
[2025-04-30T01:10:56.801+0000] {processor.py:208} INFO - Processing /home/airflow/.local/lib/python3.12/site-packages/airflow/example_dags/example_complex.py took 0.124 seconds
[2025-04-30T01:11:27.323+0000] {processor.py:186} INFO - Started process (PID=4204) to work on /home/airflow/.local/lib/python3.12/site-packages/airflow/example_dags/example_complex.py
[2025-04-30T01:11:27.325+0000] {processor.py:914} INFO - Processing file /home/airflow/.local/lib/python3.12/site-packages/airflow/example_dags/example_complex.py for tasks to queue
[2025-04-30T01:11:27.328+0000] {logging_mixin.py:190} INFO - [2025-04-30T01:11:27.328+0000] {dagbag.py:587} INFO - Filling up the DagBag from /home/airflow/.local/lib/python3.12/site-packages/airflow/example_dags/example_complex.py
[2025-04-30T01:11:27.352+0000] {processor.py:925} INFO - DAG(s) 'example_complex' retrieved from /home/airflow/.local/lib/python3.12/site-packages/airflow/example_dags/example_complex.py
[2025-04-30T01:11:27.402+0000] {logging_mixin.py:190} INFO - [2025-04-30T01:11:27.402+0000] {dag.py:3211} INFO - Sync 1 DAGs
[2025-04-30T01:11:27.429+0000] {logging_mixin.py:190} INFO - [2025-04-30T01:11:27.429+0000] {dag.py:4138} INFO - Setting next_dagrun for example_complex to None, run_after=None
[2025-04-30T01:11:27.458+0000] {processor.py:208} INFO - Processing /home/airflow/.local/lib/python3.12/site-packages/airflow/example_dags/example_complex.py took 0.145 seconds
[2025-04-30T01:11:58.429+0000] {processor.py:186} INFO - Started process (PID=4266) to work on /home/airflow/.local/lib/python3.12/site-packages/airflow/example_dags/example_complex.py
[2025-04-30T01:11:58.431+0000] {processor.py:914} INFO - Processing file /home/airflow/.local/lib/python3.12/site-packages/airflow/example_dags/example_complex.py for tasks to queue
[2025-04-30T01:11:58.433+0000] {logging_mixin.py:190} INFO - [2025-04-30T01:11:58.433+0000] {dagbag.py:587} INFO - Filling up the DagBag from /home/airflow/.local/lib/python3.12/site-packages/airflow/example_dags/example_complex.py
[2025-04-30T01:11:58.456+0000] {processor.py:925} INFO - DAG(s) 'example_complex' retrieved from /home/airflow/.local/lib/python3.12/site-packages/airflow/example_dags/example_complex.py
[2025-04-30T01:11:58.494+0000] {logging_mixin.py:190} INFO - [2025-04-30T01:11:58.493+0000] {dag.py:3211} INFO - Sync 1 DAGs
[2025-04-30T01:11:58.511+0000] {logging_mixin.py:190} INFO - [2025-04-30T01:11:58.510+0000] {dag.py:4138} INFO - Setting next_dagrun for example_complex to None, run_after=None
[2025-04-30T01:11:58.531+0000] {processor.py:208} INFO - Processing /home/airflow/.local/lib/python3.12/site-packages/airflow/example_dags/example_complex.py took 0.114 seconds
