[2025-04-30T00:30:52.971+0000] {processor.py:186} INFO - Started process (PID=99) to work on /home/airflow/.local/lib/python3.12/site-packages/airflow/example_dags/tutorial_taskflow_api.py
[2025-04-30T00:30:52.973+0000] {processor.py:914} INFO - Processing file /home/airflow/.local/lib/python3.12/site-packages/airflow/example_dags/tutorial_taskflow_api.py for tasks to queue
[2025-04-30T00:30:52.981+0000] {logging_mixin.py:190} INFO - [2025-04-30T00:30:52.980+0000] {dagbag.py:587} INFO - Filling up the DagBag from /home/airflow/.local/lib/python3.12/site-packages/airflow/example_dags/tutorial_taskflow_api.py
[2025-04-30T00:30:53.002+0000] {processor.py:925} INFO - DAG(s) 'tutorial_taskflow_api' retrieved from /home/airflow/.local/lib/python3.12/site-packages/airflow/example_dags/tutorial_taskflow_api.py
[2025-04-30T00:30:53.245+0000] {logging_mixin.py:190} INFO - [2025-04-30T00:30:53.244+0000] {override.py:1858} INFO - Created Permission View: can edit on DAG:tutorial_taskflow_api
[2025-04-30T00:30:53.269+0000] {logging_mixin.py:190} INFO - [2025-04-30T00:30:53.268+0000] {override.py:1858} INFO - Created Permission View: can read on DAG:tutorial_taskflow_api
[2025-04-30T00:30:53.282+0000] {logging_mixin.py:190} INFO - [2025-04-30T00:30:53.281+0000] {override.py:1858} INFO - Created Permission View: can delete on DAG:tutorial_taskflow_api
[2025-04-30T00:30:53.283+0000] {logging_mixin.py:190} INFO - [2025-04-30T00:30:53.283+0000] {dag.py:3211} INFO - Sync 1 DAGs
[2025-04-30T00:30:53.313+0000] {logging_mixin.py:190} INFO - [2025-04-30T00:30:53.312+0000] {dag.py:3234} INFO - Creating ORM DAG for tutorial_taskflow_api
[2025-04-30T00:30:53.316+0000] {logging_mixin.py:190} INFO - [2025-04-30T00:30:53.315+0000] {dag.py:4138} INFO - Setting next_dagrun for tutorial_taskflow_api to None, run_after=None
[2025-04-30T00:30:53.356+0000] {processor.py:208} INFO - Processing /home/airflow/.local/lib/python3.12/site-packages/airflow/example_dags/tutorial_taskflow_api.py took 0.396 seconds
[2025-04-30T00:31:23.466+0000] {processor.py:186} INFO - Started process (PID=162) to work on /home/airflow/.local/lib/python3.12/site-packages/airflow/example_dags/tutorial_taskflow_api.py
[2025-04-30T00:31:23.469+0000] {processor.py:914} INFO - Processing file /home/airflow/.local/lib/python3.12/site-packages/airflow/example_dags/tutorial_taskflow_api.py for tasks to queue
[2025-04-30T00:31:23.475+0000] {logging_mixin.py:190} INFO - [2025-04-30T00:31:23.474+0000] {dagbag.py:587} INFO - Filling up the DagBag from /home/airflow/.local/lib/python3.12/site-packages/airflow/example_dags/tutorial_taskflow_api.py
[2025-04-30T00:31:23.497+0000] {processor.py:925} INFO - DAG(s) 'tutorial_taskflow_api' retrieved from /home/airflow/.local/lib/python3.12/site-packages/airflow/example_dags/tutorial_taskflow_api.py
[2025-04-30T00:31:23.539+0000] {logging_mixin.py:190} INFO - [2025-04-30T00:31:23.538+0000] {dag.py:3211} INFO - Sync 1 DAGs
[2025-04-30T00:31:23.591+0000] {logging_mixin.py:190} INFO - [2025-04-30T00:31:23.590+0000] {dag.py:4138} INFO - Setting next_dagrun for tutorial_taskflow_api to None, run_after=None
[2025-04-30T00:31:23.641+0000] {processor.py:208} INFO - Processing /home/airflow/.local/lib/python3.12/site-packages/airflow/example_dags/tutorial_taskflow_api.py took 0.196 seconds
[2025-04-30T00:31:54.362+0000] {processor.py:186} INFO - Started process (PID=231) to work on /home/airflow/.local/lib/python3.12/site-packages/airflow/example_dags/tutorial_taskflow_api.py
[2025-04-30T00:31:54.364+0000] {processor.py:914} INFO - Processing file /home/airflow/.local/lib/python3.12/site-packages/airflow/example_dags/tutorial_taskflow_api.py for tasks to queue
[2025-04-30T00:31:54.369+0000] {logging_mixin.py:190} INFO - [2025-04-30T00:31:54.368+0000] {dagbag.py:587} INFO - Filling up the DagBag from /home/airflow/.local/lib/python3.12/site-packages/airflow/example_dags/tutorial_taskflow_api.py
[2025-04-30T00:31:54.384+0000] {processor.py:925} INFO - DAG(s) 'tutorial_taskflow_api' retrieved from /home/airflow/.local/lib/python3.12/site-packages/airflow/example_dags/tutorial_taskflow_api.py
[2025-04-30T00:31:54.422+0000] {logging_mixin.py:190} INFO - [2025-04-30T00:31:54.421+0000] {dag.py:3211} INFO - Sync 1 DAGs
[2025-04-30T00:31:54.448+0000] {logging_mixin.py:190} INFO - [2025-04-30T00:31:54.447+0000] {dag.py:4138} INFO - Setting next_dagrun for tutorial_taskflow_api to None, run_after=None
[2025-04-30T00:31:54.486+0000] {processor.py:208} INFO - Processing /home/airflow/.local/lib/python3.12/site-packages/airflow/example_dags/tutorial_taskflow_api.py took 0.138 seconds
[2025-04-30T00:32:24.927+0000] {processor.py:186} INFO - Started process (PID=294) to work on /home/airflow/.local/lib/python3.12/site-packages/airflow/example_dags/tutorial_taskflow_api.py
[2025-04-30T00:32:24.929+0000] {processor.py:914} INFO - Processing file /home/airflow/.local/lib/python3.12/site-packages/airflow/example_dags/tutorial_taskflow_api.py for tasks to queue
[2025-04-30T00:32:24.933+0000] {logging_mixin.py:190} INFO - [2025-04-30T00:32:24.933+0000] {dagbag.py:587} INFO - Filling up the DagBag from /home/airflow/.local/lib/python3.12/site-packages/airflow/example_dags/tutorial_taskflow_api.py
[2025-04-30T00:32:24.948+0000] {processor.py:925} INFO - DAG(s) 'tutorial_taskflow_api' retrieved from /home/airflow/.local/lib/python3.12/site-packages/airflow/example_dags/tutorial_taskflow_api.py
[2025-04-30T00:32:24.987+0000] {logging_mixin.py:190} INFO - [2025-04-30T00:32:24.986+0000] {dag.py:3211} INFO - Sync 1 DAGs
[2025-04-30T00:32:25.018+0000] {logging_mixin.py:190} INFO - [2025-04-30T00:32:25.018+0000] {dag.py:4138} INFO - Setting next_dagrun for tutorial_taskflow_api to None, run_after=None
[2025-04-30T00:32:25.052+0000] {processor.py:208} INFO - Processing /home/airflow/.local/lib/python3.12/site-packages/airflow/example_dags/tutorial_taskflow_api.py took 0.137 seconds
[2025-04-30T00:32:55.615+0000] {processor.py:186} INFO - Started process (PID=357) to work on /home/airflow/.local/lib/python3.12/site-packages/airflow/example_dags/tutorial_taskflow_api.py
[2025-04-30T00:32:55.617+0000] {processor.py:914} INFO - Processing file /home/airflow/.local/lib/python3.12/site-packages/airflow/example_dags/tutorial_taskflow_api.py for tasks to queue
[2025-04-30T00:32:55.622+0000] {logging_mixin.py:190} INFO - [2025-04-30T00:32:55.621+0000] {dagbag.py:587} INFO - Filling up the DagBag from /home/airflow/.local/lib/python3.12/site-packages/airflow/example_dags/tutorial_taskflow_api.py
[2025-04-30T00:32:55.638+0000] {processor.py:925} INFO - DAG(s) 'tutorial_taskflow_api' retrieved from /home/airflow/.local/lib/python3.12/site-packages/airflow/example_dags/tutorial_taskflow_api.py
[2025-04-30T00:32:55.676+0000] {logging_mixin.py:190} INFO - [2025-04-30T00:32:55.676+0000] {dag.py:3211} INFO - Sync 1 DAGs
[2025-04-30T00:32:55.705+0000] {logging_mixin.py:190} INFO - [2025-04-30T00:32:55.705+0000] {dag.py:4138} INFO - Setting next_dagrun for tutorial_taskflow_api to None, run_after=None
[2025-04-30T00:32:55.742+0000] {processor.py:208} INFO - Processing /home/airflow/.local/lib/python3.12/site-packages/airflow/example_dags/tutorial_taskflow_api.py took 0.137 seconds
[2025-04-30T00:33:26.080+0000] {processor.py:186} INFO - Started process (PID=420) to work on /home/airflow/.local/lib/python3.12/site-packages/airflow/example_dags/tutorial_taskflow_api.py
[2025-04-30T00:33:26.083+0000] {processor.py:914} INFO - Processing file /home/airflow/.local/lib/python3.12/site-packages/airflow/example_dags/tutorial_taskflow_api.py for tasks to queue
[2025-04-30T00:33:26.090+0000] {logging_mixin.py:190} INFO - [2025-04-30T00:33:26.089+0000] {dagbag.py:587} INFO - Filling up the DagBag from /home/airflow/.local/lib/python3.12/site-packages/airflow/example_dags/tutorial_taskflow_api.py
[2025-04-30T00:33:26.107+0000] {processor.py:925} INFO - DAG(s) 'tutorial_taskflow_api' retrieved from /home/airflow/.local/lib/python3.12/site-packages/airflow/example_dags/tutorial_taskflow_api.py
[2025-04-30T00:33:26.150+0000] {logging_mixin.py:190} INFO - [2025-04-30T00:33:26.150+0000] {dag.py:3211} INFO - Sync 1 DAGs
[2025-04-30T00:33:26.189+0000] {logging_mixin.py:190} INFO - [2025-04-30T00:33:26.189+0000] {dag.py:4138} INFO - Setting next_dagrun for tutorial_taskflow_api to None, run_after=None
[2025-04-30T00:33:26.234+0000] {processor.py:208} INFO - Processing /home/airflow/.local/lib/python3.12/site-packages/airflow/example_dags/tutorial_taskflow_api.py took 0.165 seconds
[2025-04-30T00:33:56.654+0000] {processor.py:186} INFO - Started process (PID=484) to work on /home/airflow/.local/lib/python3.12/site-packages/airflow/example_dags/tutorial_taskflow_api.py
[2025-04-30T00:33:56.656+0000] {processor.py:914} INFO - Processing file /home/airflow/.local/lib/python3.12/site-packages/airflow/example_dags/tutorial_taskflow_api.py for tasks to queue
[2025-04-30T00:33:56.662+0000] {logging_mixin.py:190} INFO - [2025-04-30T00:33:56.662+0000] {dagbag.py:587} INFO - Filling up the DagBag from /home/airflow/.local/lib/python3.12/site-packages/airflow/example_dags/tutorial_taskflow_api.py
[2025-04-30T00:33:56.680+0000] {processor.py:925} INFO - DAG(s) 'tutorial_taskflow_api' retrieved from /home/airflow/.local/lib/python3.12/site-packages/airflow/example_dags/tutorial_taskflow_api.py
[2025-04-30T00:33:56.722+0000] {logging_mixin.py:190} INFO - [2025-04-30T00:33:56.722+0000] {dag.py:3211} INFO - Sync 1 DAGs
[2025-04-30T00:33:56.760+0000] {logging_mixin.py:190} INFO - [2025-04-30T00:33:56.759+0000] {dag.py:4138} INFO - Setting next_dagrun for tutorial_taskflow_api to None, run_after=None
[2025-04-30T00:33:56.810+0000] {processor.py:208} INFO - Processing /home/airflow/.local/lib/python3.12/site-packages/airflow/example_dags/tutorial_taskflow_api.py took 0.168 seconds
[2025-04-30T00:34:27.644+0000] {processor.py:186} INFO - Started process (PID=547) to work on /home/airflow/.local/lib/python3.12/site-packages/airflow/example_dags/tutorial_taskflow_api.py
[2025-04-30T00:34:27.647+0000] {processor.py:914} INFO - Processing file /home/airflow/.local/lib/python3.12/site-packages/airflow/example_dags/tutorial_taskflow_api.py for tasks to queue
[2025-04-30T00:34:27.653+0000] {logging_mixin.py:190} INFO - [2025-04-30T00:34:27.652+0000] {dagbag.py:587} INFO - Filling up the DagBag from /home/airflow/.local/lib/python3.12/site-packages/airflow/example_dags/tutorial_taskflow_api.py
[2025-04-30T00:34:27.670+0000] {processor.py:925} INFO - DAG(s) 'tutorial_taskflow_api' retrieved from /home/airflow/.local/lib/python3.12/site-packages/airflow/example_dags/tutorial_taskflow_api.py
[2025-04-30T00:34:27.708+0000] {logging_mixin.py:190} INFO - [2025-04-30T00:34:27.708+0000] {dag.py:3211} INFO - Sync 1 DAGs
[2025-04-30T00:34:27.738+0000] {logging_mixin.py:190} INFO - [2025-04-30T00:34:27.737+0000] {dag.py:4138} INFO - Setting next_dagrun for tutorial_taskflow_api to None, run_after=None
[2025-04-30T00:34:27.777+0000] {processor.py:208} INFO - Processing /home/airflow/.local/lib/python3.12/site-packages/airflow/example_dags/tutorial_taskflow_api.py took 0.148 seconds
[2025-04-30T00:34:58.497+0000] {processor.py:186} INFO - Started process (PID=610) to work on /home/airflow/.local/lib/python3.12/site-packages/airflow/example_dags/tutorial_taskflow_api.py
[2025-04-30T00:34:58.498+0000] {processor.py:914} INFO - Processing file /home/airflow/.local/lib/python3.12/site-packages/airflow/example_dags/tutorial_taskflow_api.py for tasks to queue
[2025-04-30T00:34:58.504+0000] {logging_mixin.py:190} INFO - [2025-04-30T00:34:58.503+0000] {dagbag.py:587} INFO - Filling up the DagBag from /home/airflow/.local/lib/python3.12/site-packages/airflow/example_dags/tutorial_taskflow_api.py
[2025-04-30T00:34:58.522+0000] {processor.py:925} INFO - DAG(s) 'tutorial_taskflow_api' retrieved from /home/airflow/.local/lib/python3.12/site-packages/airflow/example_dags/tutorial_taskflow_api.py
[2025-04-30T00:34:58.568+0000] {logging_mixin.py:190} INFO - [2025-04-30T00:34:58.567+0000] {dag.py:3211} INFO - Sync 1 DAGs
[2025-04-30T00:34:58.615+0000] {logging_mixin.py:190} INFO - [2025-04-30T00:34:58.615+0000] {dag.py:4138} INFO - Setting next_dagrun for tutorial_taskflow_api to None, run_after=None
[2025-04-30T00:34:58.668+0000] {processor.py:208} INFO - Processing /home/airflow/.local/lib/python3.12/site-packages/airflow/example_dags/tutorial_taskflow_api.py took 0.182 seconds
[2025-04-30T00:35:29.007+0000] {processor.py:186} INFO - Started process (PID=673) to work on /home/airflow/.local/lib/python3.12/site-packages/airflow/example_dags/tutorial_taskflow_api.py
[2025-04-30T00:35:29.009+0000] {processor.py:914} INFO - Processing file /home/airflow/.local/lib/python3.12/site-packages/airflow/example_dags/tutorial_taskflow_api.py for tasks to queue
[2025-04-30T00:35:29.015+0000] {logging_mixin.py:190} INFO - [2025-04-30T00:35:29.015+0000] {dagbag.py:587} INFO - Filling up the DagBag from /home/airflow/.local/lib/python3.12/site-packages/airflow/example_dags/tutorial_taskflow_api.py
[2025-04-30T00:35:29.034+0000] {processor.py:925} INFO - DAG(s) 'tutorial_taskflow_api' retrieved from /home/airflow/.local/lib/python3.12/site-packages/airflow/example_dags/tutorial_taskflow_api.py
[2025-04-30T00:35:29.076+0000] {logging_mixin.py:190} INFO - [2025-04-30T00:35:29.075+0000] {dag.py:3211} INFO - Sync 1 DAGs
[2025-04-30T00:35:29.111+0000] {logging_mixin.py:190} INFO - [2025-04-30T00:35:29.111+0000] {dag.py:4138} INFO - Setting next_dagrun for tutorial_taskflow_api to None, run_after=None
[2025-04-30T00:35:29.152+0000] {processor.py:208} INFO - Processing /home/airflow/.local/lib/python3.12/site-packages/airflow/example_dags/tutorial_taskflow_api.py took 0.158 seconds
[2025-04-30T00:35:59.809+0000] {processor.py:186} INFO - Started process (PID=736) to work on /home/airflow/.local/lib/python3.12/site-packages/airflow/example_dags/tutorial_taskflow_api.py
[2025-04-30T00:35:59.812+0000] {processor.py:914} INFO - Processing file /home/airflow/.local/lib/python3.12/site-packages/airflow/example_dags/tutorial_taskflow_api.py for tasks to queue
[2025-04-30T00:35:59.819+0000] {logging_mixin.py:190} INFO - [2025-04-30T00:35:59.818+0000] {dagbag.py:587} INFO - Filling up the DagBag from /home/airflow/.local/lib/python3.12/site-packages/airflow/example_dags/tutorial_taskflow_api.py
[2025-04-30T00:35:59.840+0000] {processor.py:925} INFO - DAG(s) 'tutorial_taskflow_api' retrieved from /home/airflow/.local/lib/python3.12/site-packages/airflow/example_dags/tutorial_taskflow_api.py
[2025-04-30T00:35:59.890+0000] {logging_mixin.py:190} INFO - [2025-04-30T00:35:59.889+0000] {dag.py:3211} INFO - Sync 1 DAGs
[2025-04-30T00:35:59.929+0000] {logging_mixin.py:190} INFO - [2025-04-30T00:35:59.929+0000] {dag.py:4138} INFO - Setting next_dagrun for tutorial_taskflow_api to None, run_after=None
[2025-04-30T00:35:59.985+0000] {processor.py:208} INFO - Processing /home/airflow/.local/lib/python3.12/site-packages/airflow/example_dags/tutorial_taskflow_api.py took 0.188 seconds
[2025-04-30T00:36:30.438+0000] {processor.py:186} INFO - Started process (PID=799) to work on /home/airflow/.local/lib/python3.12/site-packages/airflow/example_dags/tutorial_taskflow_api.py
[2025-04-30T00:36:30.439+0000] {processor.py:914} INFO - Processing file /home/airflow/.local/lib/python3.12/site-packages/airflow/example_dags/tutorial_taskflow_api.py for tasks to queue
[2025-04-30T00:36:30.443+0000] {logging_mixin.py:190} INFO - [2025-04-30T00:36:30.443+0000] {dagbag.py:587} INFO - Filling up the DagBag from /home/airflow/.local/lib/python3.12/site-packages/airflow/example_dags/tutorial_taskflow_api.py
[2025-04-30T00:36:30.459+0000] {processor.py:925} INFO - DAG(s) 'tutorial_taskflow_api' retrieved from /home/airflow/.local/lib/python3.12/site-packages/airflow/example_dags/tutorial_taskflow_api.py
[2025-04-30T00:36:30.502+0000] {logging_mixin.py:190} INFO - [2025-04-30T00:36:30.501+0000] {dag.py:3211} INFO - Sync 1 DAGs
[2025-04-30T00:36:30.530+0000] {logging_mixin.py:190} INFO - [2025-04-30T00:36:30.530+0000] {dag.py:4138} INFO - Setting next_dagrun for tutorial_taskflow_api to None, run_after=None
[2025-04-30T00:36:30.574+0000] {processor.py:208} INFO - Processing /home/airflow/.local/lib/python3.12/site-packages/airflow/example_dags/tutorial_taskflow_api.py took 0.147 seconds
[2025-04-30T00:37:00.894+0000] {processor.py:186} INFO - Started process (PID=862) to work on /home/airflow/.local/lib/python3.12/site-packages/airflow/example_dags/tutorial_taskflow_api.py
[2025-04-30T00:37:00.897+0000] {processor.py:914} INFO - Processing file /home/airflow/.local/lib/python3.12/site-packages/airflow/example_dags/tutorial_taskflow_api.py for tasks to queue
[2025-04-30T00:37:00.903+0000] {logging_mixin.py:190} INFO - [2025-04-30T00:37:00.902+0000] {dagbag.py:587} INFO - Filling up the DagBag from /home/airflow/.local/lib/python3.12/site-packages/airflow/example_dags/tutorial_taskflow_api.py
[2025-04-30T00:37:00.937+0000] {processor.py:925} INFO - DAG(s) 'tutorial_taskflow_api' retrieved from /home/airflow/.local/lib/python3.12/site-packages/airflow/example_dags/tutorial_taskflow_api.py
[2025-04-30T00:37:01.019+0000] {logging_mixin.py:190} INFO - [2025-04-30T00:37:01.019+0000] {dag.py:3211} INFO - Sync 1 DAGs
[2025-04-30T00:37:01.081+0000] {logging_mixin.py:190} INFO - [2025-04-30T00:37:01.080+0000] {dag.py:4138} INFO - Setting next_dagrun for tutorial_taskflow_api to None, run_after=None
[2025-04-30T00:37:01.124+0000] {processor.py:208} INFO - Processing /home/airflow/.local/lib/python3.12/site-packages/airflow/example_dags/tutorial_taskflow_api.py took 0.250 seconds
[2025-04-30T00:37:32.421+0000] {processor.py:186} INFO - Started process (PID=925) to work on /home/airflow/.local/lib/python3.12/site-packages/airflow/example_dags/tutorial_taskflow_api.py
[2025-04-30T00:37:32.423+0000] {processor.py:914} INFO - Processing file /home/airflow/.local/lib/python3.12/site-packages/airflow/example_dags/tutorial_taskflow_api.py for tasks to queue
[2025-04-30T00:37:32.429+0000] {logging_mixin.py:190} INFO - [2025-04-30T00:37:32.428+0000] {dagbag.py:587} INFO - Filling up the DagBag from /home/airflow/.local/lib/python3.12/site-packages/airflow/example_dags/tutorial_taskflow_api.py
[2025-04-30T00:37:32.446+0000] {processor.py:925} INFO - DAG(s) 'tutorial_taskflow_api' retrieved from /home/airflow/.local/lib/python3.12/site-packages/airflow/example_dags/tutorial_taskflow_api.py
[2025-04-30T00:37:32.488+0000] {logging_mixin.py:190} INFO - [2025-04-30T00:37:32.487+0000] {dag.py:3211} INFO - Sync 1 DAGs
[2025-04-30T00:37:32.526+0000] {logging_mixin.py:190} INFO - [2025-04-30T00:37:32.526+0000] {dag.py:4138} INFO - Setting next_dagrun for tutorial_taskflow_api to None, run_after=None
[2025-04-30T00:37:32.574+0000] {processor.py:208} INFO - Processing /home/airflow/.local/lib/python3.12/site-packages/airflow/example_dags/tutorial_taskflow_api.py took 0.167 seconds
[2025-04-30T00:38:03.401+0000] {processor.py:186} INFO - Started process (PID=988) to work on /home/airflow/.local/lib/python3.12/site-packages/airflow/example_dags/tutorial_taskflow_api.py
[2025-04-30T00:38:03.404+0000] {processor.py:914} INFO - Processing file /home/airflow/.local/lib/python3.12/site-packages/airflow/example_dags/tutorial_taskflow_api.py for tasks to queue
[2025-04-30T00:38:03.409+0000] {logging_mixin.py:190} INFO - [2025-04-30T00:38:03.408+0000] {dagbag.py:587} INFO - Filling up the DagBag from /home/airflow/.local/lib/python3.12/site-packages/airflow/example_dags/tutorial_taskflow_api.py
[2025-04-30T00:38:03.430+0000] {processor.py:925} INFO - DAG(s) 'tutorial_taskflow_api' retrieved from /home/airflow/.local/lib/python3.12/site-packages/airflow/example_dags/tutorial_taskflow_api.py
[2025-04-30T00:38:03.470+0000] {logging_mixin.py:190} INFO - [2025-04-30T00:38:03.470+0000] {dag.py:3211} INFO - Sync 1 DAGs
[2025-04-30T00:38:03.501+0000] {logging_mixin.py:190} INFO - [2025-04-30T00:38:03.501+0000] {dag.py:4138} INFO - Setting next_dagrun for tutorial_taskflow_api to None, run_after=None
[2025-04-30T00:38:03.544+0000] {processor.py:208} INFO - Processing /home/airflow/.local/lib/python3.12/site-packages/airflow/example_dags/tutorial_taskflow_api.py took 0.157 seconds
[2025-04-30T00:38:34.297+0000] {processor.py:186} INFO - Started process (PID=1053) to work on /home/airflow/.local/lib/python3.12/site-packages/airflow/example_dags/tutorial_taskflow_api.py
[2025-04-30T00:38:34.300+0000] {processor.py:914} INFO - Processing file /home/airflow/.local/lib/python3.12/site-packages/airflow/example_dags/tutorial_taskflow_api.py for tasks to queue
[2025-04-30T00:38:34.305+0000] {logging_mixin.py:190} INFO - [2025-04-30T00:38:34.304+0000] {dagbag.py:587} INFO - Filling up the DagBag from /home/airflow/.local/lib/python3.12/site-packages/airflow/example_dags/tutorial_taskflow_api.py
[2025-04-30T00:38:34.321+0000] {processor.py:925} INFO - DAG(s) 'tutorial_taskflow_api' retrieved from /home/airflow/.local/lib/python3.12/site-packages/airflow/example_dags/tutorial_taskflow_api.py
[2025-04-30T00:38:34.368+0000] {logging_mixin.py:190} INFO - [2025-04-30T00:38:34.367+0000] {dag.py:3211} INFO - Sync 1 DAGs
[2025-04-30T00:38:34.406+0000] {logging_mixin.py:190} INFO - [2025-04-30T00:38:34.405+0000] {dag.py:4138} INFO - Setting next_dagrun for tutorial_taskflow_api to None, run_after=None
[2025-04-30T00:38:34.456+0000] {processor.py:208} INFO - Processing /home/airflow/.local/lib/python3.12/site-packages/airflow/example_dags/tutorial_taskflow_api.py took 0.170 seconds
[2025-04-30T00:39:05.378+0000] {processor.py:186} INFO - Started process (PID=1121) to work on /home/airflow/.local/lib/python3.12/site-packages/airflow/example_dags/tutorial_taskflow_api.py
[2025-04-30T00:39:05.380+0000] {processor.py:914} INFO - Processing file /home/airflow/.local/lib/python3.12/site-packages/airflow/example_dags/tutorial_taskflow_api.py for tasks to queue
[2025-04-30T00:39:05.385+0000] {logging_mixin.py:190} INFO - [2025-04-30T00:39:05.384+0000] {dagbag.py:587} INFO - Filling up the DagBag from /home/airflow/.local/lib/python3.12/site-packages/airflow/example_dags/tutorial_taskflow_api.py
[2025-04-30T00:39:05.402+0000] {processor.py:925} INFO - DAG(s) 'tutorial_taskflow_api' retrieved from /home/airflow/.local/lib/python3.12/site-packages/airflow/example_dags/tutorial_taskflow_api.py
[2025-04-30T00:39:05.441+0000] {logging_mixin.py:190} INFO - [2025-04-30T00:39:05.440+0000] {dag.py:3211} INFO - Sync 1 DAGs
[2025-04-30T00:39:05.475+0000] {logging_mixin.py:190} INFO - [2025-04-30T00:39:05.474+0000] {dag.py:4138} INFO - Setting next_dagrun for tutorial_taskflow_api to None, run_after=None
[2025-04-30T00:39:05.515+0000] {processor.py:208} INFO - Processing /home/airflow/.local/lib/python3.12/site-packages/airflow/example_dags/tutorial_taskflow_api.py took 0.149 seconds
[2025-04-30T00:39:36.447+0000] {processor.py:186} INFO - Started process (PID=1184) to work on /home/airflow/.local/lib/python3.12/site-packages/airflow/example_dags/tutorial_taskflow_api.py
[2025-04-30T00:39:36.449+0000] {processor.py:914} INFO - Processing file /home/airflow/.local/lib/python3.12/site-packages/airflow/example_dags/tutorial_taskflow_api.py for tasks to queue
[2025-04-30T00:39:36.454+0000] {logging_mixin.py:190} INFO - [2025-04-30T00:39:36.453+0000] {dagbag.py:587} INFO - Filling up the DagBag from /home/airflow/.local/lib/python3.12/site-packages/airflow/example_dags/tutorial_taskflow_api.py
[2025-04-30T00:39:36.470+0000] {processor.py:925} INFO - DAG(s) 'tutorial_taskflow_api' retrieved from /home/airflow/.local/lib/python3.12/site-packages/airflow/example_dags/tutorial_taskflow_api.py
[2025-04-30T00:39:36.509+0000] {logging_mixin.py:190} INFO - [2025-04-30T00:39:36.508+0000] {dag.py:3211} INFO - Sync 1 DAGs
[2025-04-30T00:39:36.540+0000] {logging_mixin.py:190} INFO - [2025-04-30T00:39:36.540+0000] {dag.py:4138} INFO - Setting next_dagrun for tutorial_taskflow_api to None, run_after=None
[2025-04-30T00:39:36.579+0000] {processor.py:208} INFO - Processing /home/airflow/.local/lib/python3.12/site-packages/airflow/example_dags/tutorial_taskflow_api.py took 0.144 seconds
[2025-04-30T00:40:07.368+0000] {processor.py:186} INFO - Started process (PID=1247) to work on /home/airflow/.local/lib/python3.12/site-packages/airflow/example_dags/tutorial_taskflow_api.py
[2025-04-30T00:40:07.370+0000] {processor.py:914} INFO - Processing file /home/airflow/.local/lib/python3.12/site-packages/airflow/example_dags/tutorial_taskflow_api.py for tasks to queue
[2025-04-30T00:40:07.375+0000] {logging_mixin.py:190} INFO - [2025-04-30T00:40:07.375+0000] {dagbag.py:587} INFO - Filling up the DagBag from /home/airflow/.local/lib/python3.12/site-packages/airflow/example_dags/tutorial_taskflow_api.py
[2025-04-30T00:40:07.392+0000] {processor.py:925} INFO - DAG(s) 'tutorial_taskflow_api' retrieved from /home/airflow/.local/lib/python3.12/site-packages/airflow/example_dags/tutorial_taskflow_api.py
[2025-04-30T00:40:07.433+0000] {logging_mixin.py:190} INFO - [2025-04-30T00:40:07.432+0000] {dag.py:3211} INFO - Sync 1 DAGs
[2025-04-30T00:40:07.465+0000] {logging_mixin.py:190} INFO - [2025-04-30T00:40:07.464+0000] {dag.py:4138} INFO - Setting next_dagrun for tutorial_taskflow_api to None, run_after=None
[2025-04-30T00:40:07.503+0000] {processor.py:208} INFO - Processing /home/airflow/.local/lib/python3.12/site-packages/airflow/example_dags/tutorial_taskflow_api.py took 0.145 seconds
[2025-04-30T00:40:38.050+0000] {processor.py:186} INFO - Started process (PID=1310) to work on /home/airflow/.local/lib/python3.12/site-packages/airflow/example_dags/tutorial_taskflow_api.py
[2025-04-30T00:40:38.052+0000] {processor.py:914} INFO - Processing file /home/airflow/.local/lib/python3.12/site-packages/airflow/example_dags/tutorial_taskflow_api.py for tasks to queue
[2025-04-30T00:40:38.058+0000] {logging_mixin.py:190} INFO - [2025-04-30T00:40:38.057+0000] {dagbag.py:587} INFO - Filling up the DagBag from /home/airflow/.local/lib/python3.12/site-packages/airflow/example_dags/tutorial_taskflow_api.py
[2025-04-30T00:40:38.076+0000] {processor.py:925} INFO - DAG(s) 'tutorial_taskflow_api' retrieved from /home/airflow/.local/lib/python3.12/site-packages/airflow/example_dags/tutorial_taskflow_api.py
[2025-04-30T00:40:38.120+0000] {logging_mixin.py:190} INFO - [2025-04-30T00:40:38.120+0000] {dag.py:3211} INFO - Sync 1 DAGs
[2025-04-30T00:40:38.155+0000] {logging_mixin.py:190} INFO - [2025-04-30T00:40:38.155+0000] {dag.py:4138} INFO - Setting next_dagrun for tutorial_taskflow_api to None, run_after=None
[2025-04-30T00:40:38.192+0000] {processor.py:208} INFO - Processing /home/airflow/.local/lib/python3.12/site-packages/airflow/example_dags/tutorial_taskflow_api.py took 0.159 seconds
[2025-04-30T00:41:08.719+0000] {processor.py:186} INFO - Started process (PID=1373) to work on /home/airflow/.local/lib/python3.12/site-packages/airflow/example_dags/tutorial_taskflow_api.py
[2025-04-30T00:41:08.723+0000] {processor.py:914} INFO - Processing file /home/airflow/.local/lib/python3.12/site-packages/airflow/example_dags/tutorial_taskflow_api.py for tasks to queue
[2025-04-30T00:41:08.728+0000] {logging_mixin.py:190} INFO - [2025-04-30T00:41:08.727+0000] {dagbag.py:587} INFO - Filling up the DagBag from /home/airflow/.local/lib/python3.12/site-packages/airflow/example_dags/tutorial_taskflow_api.py
[2025-04-30T00:41:08.747+0000] {processor.py:925} INFO - DAG(s) 'tutorial_taskflow_api' retrieved from /home/airflow/.local/lib/python3.12/site-packages/airflow/example_dags/tutorial_taskflow_api.py
[2025-04-30T00:41:08.792+0000] {logging_mixin.py:190} INFO - [2025-04-30T00:41:08.791+0000] {dag.py:3211} INFO - Sync 1 DAGs
[2025-04-30T00:41:08.828+0000] {logging_mixin.py:190} INFO - [2025-04-30T00:41:08.827+0000] {dag.py:4138} INFO - Setting next_dagrun for tutorial_taskflow_api to None, run_after=None
[2025-04-30T00:41:08.872+0000] {processor.py:208} INFO - Processing /home/airflow/.local/lib/python3.12/site-packages/airflow/example_dags/tutorial_taskflow_api.py took 0.166 seconds
[2025-04-30T00:41:39.350+0000] {processor.py:186} INFO - Started process (PID=1436) to work on /home/airflow/.local/lib/python3.12/site-packages/airflow/example_dags/tutorial_taskflow_api.py
[2025-04-30T00:41:39.352+0000] {processor.py:914} INFO - Processing file /home/airflow/.local/lib/python3.12/site-packages/airflow/example_dags/tutorial_taskflow_api.py for tasks to queue
[2025-04-30T00:41:39.357+0000] {logging_mixin.py:190} INFO - [2025-04-30T00:41:39.357+0000] {dagbag.py:587} INFO - Filling up the DagBag from /home/airflow/.local/lib/python3.12/site-packages/airflow/example_dags/tutorial_taskflow_api.py
[2025-04-30T00:41:39.377+0000] {processor.py:925} INFO - DAG(s) 'tutorial_taskflow_api' retrieved from /home/airflow/.local/lib/python3.12/site-packages/airflow/example_dags/tutorial_taskflow_api.py
[2025-04-30T00:41:39.424+0000] {logging_mixin.py:190} INFO - [2025-04-30T00:41:39.423+0000] {dag.py:3211} INFO - Sync 1 DAGs
[2025-04-30T00:41:39.460+0000] {logging_mixin.py:190} INFO - [2025-04-30T00:41:39.460+0000] {dag.py:4138} INFO - Setting next_dagrun for tutorial_taskflow_api to None, run_after=None
[2025-04-30T00:41:39.512+0000] {processor.py:208} INFO - Processing /home/airflow/.local/lib/python3.12/site-packages/airflow/example_dags/tutorial_taskflow_api.py took 0.175 seconds
[2025-04-30T00:42:09.705+0000] {processor.py:186} INFO - Started process (PID=1502) to work on /home/airflow/.local/lib/python3.12/site-packages/airflow/example_dags/tutorial_taskflow_api.py
[2025-04-30T00:42:09.707+0000] {processor.py:914} INFO - Processing file /home/airflow/.local/lib/python3.12/site-packages/airflow/example_dags/tutorial_taskflow_api.py for tasks to queue
[2025-04-30T00:42:09.709+0000] {logging_mixin.py:190} INFO - [2025-04-30T00:42:09.709+0000] {dagbag.py:587} INFO - Filling up the DagBag from /home/airflow/.local/lib/python3.12/site-packages/airflow/example_dags/tutorial_taskflow_api.py
[2025-04-30T00:42:09.726+0000] {processor.py:925} INFO - DAG(s) 'tutorial_taskflow_api' retrieved from /home/airflow/.local/lib/python3.12/site-packages/airflow/example_dags/tutorial_taskflow_api.py
[2025-04-30T00:42:09.767+0000] {logging_mixin.py:190} INFO - [2025-04-30T00:42:09.766+0000] {dag.py:3211} INFO - Sync 1 DAGs
[2025-04-30T00:42:09.799+0000] {logging_mixin.py:190} INFO - [2025-04-30T00:42:09.798+0000] {dag.py:4138} INFO - Setting next_dagrun for tutorial_taskflow_api to None, run_after=None
[2025-04-30T00:42:09.846+0000] {processor.py:208} INFO - Processing /home/airflow/.local/lib/python3.12/site-packages/airflow/example_dags/tutorial_taskflow_api.py took 0.153 seconds
[2025-04-30T00:42:40.208+0000] {processor.py:186} INFO - Started process (PID=1565) to work on /home/airflow/.local/lib/python3.12/site-packages/airflow/example_dags/tutorial_taskflow_api.py
[2025-04-30T00:42:40.210+0000] {processor.py:914} INFO - Processing file /home/airflow/.local/lib/python3.12/site-packages/airflow/example_dags/tutorial_taskflow_api.py for tasks to queue
[2025-04-30T00:42:40.214+0000] {logging_mixin.py:190} INFO - [2025-04-30T00:42:40.212+0000] {dagbag.py:587} INFO - Filling up the DagBag from /home/airflow/.local/lib/python3.12/site-packages/airflow/example_dags/tutorial_taskflow_api.py
[2025-04-30T00:42:40.230+0000] {processor.py:925} INFO - DAG(s) 'tutorial_taskflow_api' retrieved from /home/airflow/.local/lib/python3.12/site-packages/airflow/example_dags/tutorial_taskflow_api.py
[2025-04-30T00:42:40.271+0000] {logging_mixin.py:190} INFO - [2025-04-30T00:42:40.270+0000] {dag.py:3211} INFO - Sync 1 DAGs
[2025-04-30T00:42:40.301+0000] {logging_mixin.py:190} INFO - [2025-04-30T00:42:40.299+0000] {dag.py:4138} INFO - Setting next_dagrun for tutorial_taskflow_api to None, run_after=None
[2025-04-30T00:42:40.343+0000] {processor.py:208} INFO - Processing /home/airflow/.local/lib/python3.12/site-packages/airflow/example_dags/tutorial_taskflow_api.py took 0.148 seconds
[2025-04-30T00:43:10.891+0000] {processor.py:186} INFO - Started process (PID=1628) to work on /home/airflow/.local/lib/python3.12/site-packages/airflow/example_dags/tutorial_taskflow_api.py
[2025-04-30T00:43:10.893+0000] {processor.py:914} INFO - Processing file /home/airflow/.local/lib/python3.12/site-packages/airflow/example_dags/tutorial_taskflow_api.py for tasks to queue
[2025-04-30T00:43:10.896+0000] {logging_mixin.py:190} INFO - [2025-04-30T00:43:10.895+0000] {dagbag.py:587} INFO - Filling up the DagBag from /home/airflow/.local/lib/python3.12/site-packages/airflow/example_dags/tutorial_taskflow_api.py
[2025-04-30T00:43:10.912+0000] {processor.py:925} INFO - DAG(s) 'tutorial_taskflow_api' retrieved from /home/airflow/.local/lib/python3.12/site-packages/airflow/example_dags/tutorial_taskflow_api.py
[2025-04-30T00:43:10.957+0000] {logging_mixin.py:190} INFO - [2025-04-30T00:43:10.956+0000] {dag.py:3211} INFO - Sync 1 DAGs
[2025-04-30T00:43:10.987+0000] {logging_mixin.py:190} INFO - [2025-04-30T00:43:10.986+0000] {dag.py:4138} INFO - Setting next_dagrun for tutorial_taskflow_api to None, run_after=None
[2025-04-30T00:43:11.027+0000] {processor.py:208} INFO - Processing /home/airflow/.local/lib/python3.12/site-packages/airflow/example_dags/tutorial_taskflow_api.py took 0.148 seconds
[2025-04-30T00:43:42.288+0000] {processor.py:186} INFO - Started process (PID=1691) to work on /home/airflow/.local/lib/python3.12/site-packages/airflow/example_dags/tutorial_taskflow_api.py
[2025-04-30T00:43:42.294+0000] {processor.py:914} INFO - Processing file /home/airflow/.local/lib/python3.12/site-packages/airflow/example_dags/tutorial_taskflow_api.py for tasks to queue
[2025-04-30T00:43:42.302+0000] {logging_mixin.py:190} INFO - [2025-04-30T00:43:42.300+0000] {dagbag.py:587} INFO - Filling up the DagBag from /home/airflow/.local/lib/python3.12/site-packages/airflow/example_dags/tutorial_taskflow_api.py
[2025-04-30T00:43:42.342+0000] {processor.py:925} INFO - DAG(s) 'tutorial_taskflow_api' retrieved from /home/airflow/.local/lib/python3.12/site-packages/airflow/example_dags/tutorial_taskflow_api.py
[2025-04-30T00:43:42.439+0000] {logging_mixin.py:190} INFO - [2025-04-30T00:43:42.438+0000] {dag.py:3211} INFO - Sync 1 DAGs
[2025-04-30T00:43:42.514+0000] {logging_mixin.py:190} INFO - [2025-04-30T00:43:42.513+0000] {dag.py:4138} INFO - Setting next_dagrun for tutorial_taskflow_api to None, run_after=None
[2025-04-30T00:43:42.605+0000] {processor.py:208} INFO - Processing /home/airflow/.local/lib/python3.12/site-packages/airflow/example_dags/tutorial_taskflow_api.py took 0.352 seconds
[2025-04-30T00:44:12.739+0000] {processor.py:186} INFO - Started process (PID=1754) to work on /home/airflow/.local/lib/python3.12/site-packages/airflow/example_dags/tutorial_taskflow_api.py
[2025-04-30T00:44:12.741+0000] {processor.py:914} INFO - Processing file /home/airflow/.local/lib/python3.12/site-packages/airflow/example_dags/tutorial_taskflow_api.py for tasks to queue
[2025-04-30T00:44:12.743+0000] {logging_mixin.py:190} INFO - [2025-04-30T00:44:12.743+0000] {dagbag.py:587} INFO - Filling up the DagBag from /home/airflow/.local/lib/python3.12/site-packages/airflow/example_dags/tutorial_taskflow_api.py
[2025-04-30T00:44:12.752+0000] {processor.py:925} INFO - DAG(s) 'tutorial_taskflow_api' retrieved from /home/airflow/.local/lib/python3.12/site-packages/airflow/example_dags/tutorial_taskflow_api.py
[2025-04-30T00:44:12.778+0000] {logging_mixin.py:190} INFO - [2025-04-30T00:44:12.778+0000] {dag.py:3211} INFO - Sync 1 DAGs
[2025-04-30T00:44:12.795+0000] {logging_mixin.py:190} INFO - [2025-04-30T00:44:12.795+0000] {dag.py:4138} INFO - Setting next_dagrun for tutorial_taskflow_api to None, run_after=None
[2025-04-30T00:44:12.820+0000] {processor.py:208} INFO - Processing /home/airflow/.local/lib/python3.12/site-packages/airflow/example_dags/tutorial_taskflow_api.py took 0.088 seconds
[2025-04-30T00:44:43.563+0000] {processor.py:186} INFO - Started process (PID=1817) to work on /home/airflow/.local/lib/python3.12/site-packages/airflow/example_dags/tutorial_taskflow_api.py
[2025-04-30T00:44:43.566+0000] {processor.py:914} INFO - Processing file /home/airflow/.local/lib/python3.12/site-packages/airflow/example_dags/tutorial_taskflow_api.py for tasks to queue
[2025-04-30T00:44:43.568+0000] {logging_mixin.py:190} INFO - [2025-04-30T00:44:43.567+0000] {dagbag.py:587} INFO - Filling up the DagBag from /home/airflow/.local/lib/python3.12/site-packages/airflow/example_dags/tutorial_taskflow_api.py
[2025-04-30T00:44:43.580+0000] {processor.py:925} INFO - DAG(s) 'tutorial_taskflow_api' retrieved from /home/airflow/.local/lib/python3.12/site-packages/airflow/example_dags/tutorial_taskflow_api.py
[2025-04-30T00:44:43.611+0000] {logging_mixin.py:190} INFO - [2025-04-30T00:44:43.611+0000] {dag.py:3211} INFO - Sync 1 DAGs
[2025-04-30T00:44:43.636+0000] {logging_mixin.py:190} INFO - [2025-04-30T00:44:43.635+0000] {dag.py:4138} INFO - Setting next_dagrun for tutorial_taskflow_api to None, run_after=None
[2025-04-30T00:44:43.668+0000] {processor.py:208} INFO - Processing /home/airflow/.local/lib/python3.12/site-packages/airflow/example_dags/tutorial_taskflow_api.py took 0.114 seconds
[2025-04-30T00:45:14.361+0000] {processor.py:186} INFO - Started process (PID=1880) to work on /home/airflow/.local/lib/python3.12/site-packages/airflow/example_dags/tutorial_taskflow_api.py
[2025-04-30T00:45:14.362+0000] {processor.py:914} INFO - Processing file /home/airflow/.local/lib/python3.12/site-packages/airflow/example_dags/tutorial_taskflow_api.py for tasks to queue
[2025-04-30T00:45:14.364+0000] {logging_mixin.py:190} INFO - [2025-04-30T00:45:14.363+0000] {dagbag.py:587} INFO - Filling up the DagBag from /home/airflow/.local/lib/python3.12/site-packages/airflow/example_dags/tutorial_taskflow_api.py
[2025-04-30T00:45:14.375+0000] {processor.py:925} INFO - DAG(s) 'tutorial_taskflow_api' retrieved from /home/airflow/.local/lib/python3.12/site-packages/airflow/example_dags/tutorial_taskflow_api.py
[2025-04-30T00:45:13.838+0000] {logging_mixin.py:190} INFO - [2025-04-30T00:45:13.837+0000] {dag.py:3211} INFO - Sync 1 DAGs
[2025-04-30T00:45:13.857+0000] {logging_mixin.py:190} INFO - [2025-04-30T00:45:13.857+0000] {dag.py:4138} INFO - Setting next_dagrun for tutorial_taskflow_api to None, run_after=None
[2025-04-30T00:45:13.881+0000] {processor.py:208} INFO - Processing /home/airflow/.local/lib/python3.12/site-packages/airflow/example_dags/tutorial_taskflow_api.py took 0.089 seconds
[2025-04-30T00:45:44.331+0000] {processor.py:186} INFO - Started process (PID=1941) to work on /home/airflow/.local/lib/python3.12/site-packages/airflow/example_dags/tutorial_taskflow_api.py
[2025-04-30T00:45:44.333+0000] {processor.py:914} INFO - Processing file /home/airflow/.local/lib/python3.12/site-packages/airflow/example_dags/tutorial_taskflow_api.py for tasks to queue
[2025-04-30T00:45:44.336+0000] {logging_mixin.py:190} INFO - [2025-04-30T00:45:44.336+0000] {dagbag.py:587} INFO - Filling up the DagBag from /home/airflow/.local/lib/python3.12/site-packages/airflow/example_dags/tutorial_taskflow_api.py
[2025-04-30T00:45:44.350+0000] {processor.py:925} INFO - DAG(s) 'tutorial_taskflow_api' retrieved from /home/airflow/.local/lib/python3.12/site-packages/airflow/example_dags/tutorial_taskflow_api.py
[2025-04-30T00:45:44.389+0000] {logging_mixin.py:190} INFO - [2025-04-30T00:45:44.388+0000] {dag.py:3211} INFO - Sync 1 DAGs
[2025-04-30T00:45:44.416+0000] {logging_mixin.py:190} INFO - [2025-04-30T00:45:44.416+0000] {dag.py:4138} INFO - Setting next_dagrun for tutorial_taskflow_api to None, run_after=None
[2025-04-30T00:45:44.445+0000] {processor.py:208} INFO - Processing /home/airflow/.local/lib/python3.12/site-packages/airflow/example_dags/tutorial_taskflow_api.py took 0.123 seconds
[2025-04-30T00:46:15.339+0000] {processor.py:186} INFO - Started process (PID=2005) to work on /home/airflow/.local/lib/python3.12/site-packages/airflow/example_dags/tutorial_taskflow_api.py
[2025-04-30T00:46:15.340+0000] {processor.py:914} INFO - Processing file /home/airflow/.local/lib/python3.12/site-packages/airflow/example_dags/tutorial_taskflow_api.py for tasks to queue
[2025-04-30T00:46:15.342+0000] {logging_mixin.py:190} INFO - [2025-04-30T00:46:15.341+0000] {dagbag.py:587} INFO - Filling up the DagBag from /home/airflow/.local/lib/python3.12/site-packages/airflow/example_dags/tutorial_taskflow_api.py
[2025-04-30T00:46:15.351+0000] {processor.py:925} INFO - DAG(s) 'tutorial_taskflow_api' retrieved from /home/airflow/.local/lib/python3.12/site-packages/airflow/example_dags/tutorial_taskflow_api.py
[2025-04-30T00:46:15.374+0000] {logging_mixin.py:190} INFO - [2025-04-30T00:46:15.373+0000] {dag.py:3211} INFO - Sync 1 DAGs
[2025-04-30T00:46:15.391+0000] {logging_mixin.py:190} INFO - [2025-04-30T00:46:15.391+0000] {dag.py:4138} INFO - Setting next_dagrun for tutorial_taskflow_api to None, run_after=None
[2025-04-30T00:46:15.413+0000] {processor.py:208} INFO - Processing /home/airflow/.local/lib/python3.12/site-packages/airflow/example_dags/tutorial_taskflow_api.py took 0.080 seconds
[2025-04-30T00:46:45.711+0000] {processor.py:186} INFO - Started process (PID=2068) to work on /home/airflow/.local/lib/python3.12/site-packages/airflow/example_dags/tutorial_taskflow_api.py
[2025-04-30T00:46:45.712+0000] {processor.py:914} INFO - Processing file /home/airflow/.local/lib/python3.12/site-packages/airflow/example_dags/tutorial_taskflow_api.py for tasks to queue
[2025-04-30T00:46:45.714+0000] {logging_mixin.py:190} INFO - [2025-04-30T00:46:45.713+0000] {dagbag.py:587} INFO - Filling up the DagBag from /home/airflow/.local/lib/python3.12/site-packages/airflow/example_dags/tutorial_taskflow_api.py
[2025-04-30T00:46:45.725+0000] {processor.py:925} INFO - DAG(s) 'tutorial_taskflow_api' retrieved from /home/airflow/.local/lib/python3.12/site-packages/airflow/example_dags/tutorial_taskflow_api.py
[2025-04-30T00:46:45.752+0000] {logging_mixin.py:190} INFO - [2025-04-30T00:46:45.752+0000] {dag.py:3211} INFO - Sync 1 DAGs
[2025-04-30T00:46:45.770+0000] {logging_mixin.py:190} INFO - [2025-04-30T00:46:45.769+0000] {dag.py:4138} INFO - Setting next_dagrun for tutorial_taskflow_api to None, run_after=None
[2025-04-30T00:46:45.794+0000] {processor.py:208} INFO - Processing /home/airflow/.local/lib/python3.12/site-packages/airflow/example_dags/tutorial_taskflow_api.py took 0.092 seconds
[2025-04-30T00:47:16.409+0000] {processor.py:186} INFO - Started process (PID=2137) to work on /home/airflow/.local/lib/python3.12/site-packages/airflow/example_dags/tutorial_taskflow_api.py
[2025-04-30T00:47:16.410+0000] {processor.py:914} INFO - Processing file /home/airflow/.local/lib/python3.12/site-packages/airflow/example_dags/tutorial_taskflow_api.py for tasks to queue
[2025-04-30T00:47:16.412+0000] {logging_mixin.py:190} INFO - [2025-04-30T00:47:16.411+0000] {dagbag.py:587} INFO - Filling up the DagBag from /home/airflow/.local/lib/python3.12/site-packages/airflow/example_dags/tutorial_taskflow_api.py
[2025-04-30T00:47:16.422+0000] {processor.py:925} INFO - DAG(s) 'tutorial_taskflow_api' retrieved from /home/airflow/.local/lib/python3.12/site-packages/airflow/example_dags/tutorial_taskflow_api.py
[2025-04-30T00:47:16.445+0000] {logging_mixin.py:190} INFO - [2025-04-30T00:47:16.445+0000] {dag.py:3211} INFO - Sync 1 DAGs
[2025-04-30T00:47:16.460+0000] {logging_mixin.py:190} INFO - [2025-04-30T00:47:16.460+0000] {dag.py:4138} INFO - Setting next_dagrun for tutorial_taskflow_api to None, run_after=None
[2025-04-30T00:47:16.481+0000] {processor.py:208} INFO - Processing /home/airflow/.local/lib/python3.12/site-packages/airflow/example_dags/tutorial_taskflow_api.py took 0.079 seconds
[2025-04-30T00:47:46.794+0000] {processor.py:186} INFO - Started process (PID=2200) to work on /home/airflow/.local/lib/python3.12/site-packages/airflow/example_dags/tutorial_taskflow_api.py
[2025-04-30T00:47:46.795+0000] {processor.py:914} INFO - Processing file /home/airflow/.local/lib/python3.12/site-packages/airflow/example_dags/tutorial_taskflow_api.py for tasks to queue
[2025-04-30T00:47:46.797+0000] {logging_mixin.py:190} INFO - [2025-04-30T00:47:46.796+0000] {dagbag.py:587} INFO - Filling up the DagBag from /home/airflow/.local/lib/python3.12/site-packages/airflow/example_dags/tutorial_taskflow_api.py
[2025-04-30T00:47:46.808+0000] {processor.py:925} INFO - DAG(s) 'tutorial_taskflow_api' retrieved from /home/airflow/.local/lib/python3.12/site-packages/airflow/example_dags/tutorial_taskflow_api.py
[2025-04-30T00:47:46.832+0000] {logging_mixin.py:190} INFO - [2025-04-30T00:47:46.832+0000] {dag.py:3211} INFO - Sync 1 DAGs
[2025-04-30T00:47:46.850+0000] {logging_mixin.py:190} INFO - [2025-04-30T00:47:46.850+0000] {dag.py:4138} INFO - Setting next_dagrun for tutorial_taskflow_api to None, run_after=None
[2025-04-30T00:47:46.874+0000] {processor.py:208} INFO - Processing /home/airflow/.local/lib/python3.12/site-packages/airflow/example_dags/tutorial_taskflow_api.py took 0.087 seconds
[2025-04-30T00:48:17.339+0000] {processor.py:186} INFO - Started process (PID=2263) to work on /home/airflow/.local/lib/python3.12/site-packages/airflow/example_dags/tutorial_taskflow_api.py
[2025-04-30T00:48:17.341+0000] {processor.py:914} INFO - Processing file /home/airflow/.local/lib/python3.12/site-packages/airflow/example_dags/tutorial_taskflow_api.py for tasks to queue
[2025-04-30T00:48:17.345+0000] {logging_mixin.py:190} INFO - [2025-04-30T00:48:17.344+0000] {dagbag.py:587} INFO - Filling up the DagBag from /home/airflow/.local/lib/python3.12/site-packages/airflow/example_dags/tutorial_taskflow_api.py
[2025-04-30T00:48:17.360+0000] {processor.py:925} INFO - DAG(s) 'tutorial_taskflow_api' retrieved from /home/airflow/.local/lib/python3.12/site-packages/airflow/example_dags/tutorial_taskflow_api.py
[2025-04-30T00:48:17.401+0000] {logging_mixin.py:190} INFO - [2025-04-30T00:48:17.401+0000] {dag.py:3211} INFO - Sync 1 DAGs
[2025-04-30T00:48:17.431+0000] {logging_mixin.py:190} INFO - [2025-04-30T00:48:17.431+0000] {dag.py:4138} INFO - Setting next_dagrun for tutorial_taskflow_api to None, run_after=None
[2025-04-30T00:48:17.464+0000] {processor.py:208} INFO - Processing /home/airflow/.local/lib/python3.12/site-packages/airflow/example_dags/tutorial_taskflow_api.py took 0.138 seconds
[2025-04-30T00:48:48.301+0000] {processor.py:186} INFO - Started process (PID=2326) to work on /home/airflow/.local/lib/python3.12/site-packages/airflow/example_dags/tutorial_taskflow_api.py
[2025-04-30T00:48:48.302+0000] {processor.py:914} INFO - Processing file /home/airflow/.local/lib/python3.12/site-packages/airflow/example_dags/tutorial_taskflow_api.py for tasks to queue
[2025-04-30T00:48:48.304+0000] {logging_mixin.py:190} INFO - [2025-04-30T00:48:48.304+0000] {dagbag.py:587} INFO - Filling up the DagBag from /home/airflow/.local/lib/python3.12/site-packages/airflow/example_dags/tutorial_taskflow_api.py
[2025-04-30T00:48:48.317+0000] {processor.py:925} INFO - DAG(s) 'tutorial_taskflow_api' retrieved from /home/airflow/.local/lib/python3.12/site-packages/airflow/example_dags/tutorial_taskflow_api.py
[2025-04-30T00:48:48.346+0000] {logging_mixin.py:190} INFO - [2025-04-30T00:48:48.346+0000] {dag.py:3211} INFO - Sync 1 DAGs
[2025-04-30T00:48:48.366+0000] {logging_mixin.py:190} INFO - [2025-04-30T00:48:48.366+0000] {dag.py:4138} INFO - Setting next_dagrun for tutorial_taskflow_api to None, run_after=None
[2025-04-30T00:48:48.390+0000] {processor.py:208} INFO - Processing /home/airflow/.local/lib/python3.12/site-packages/airflow/example_dags/tutorial_taskflow_api.py took 0.096 seconds
[2025-04-30T00:49:18.612+0000] {processor.py:186} INFO - Started process (PID=2388) to work on /home/airflow/.local/lib/python3.12/site-packages/airflow/example_dags/tutorial_taskflow_api.py
[2025-04-30T00:49:18.613+0000] {processor.py:914} INFO - Processing file /home/airflow/.local/lib/python3.12/site-packages/airflow/example_dags/tutorial_taskflow_api.py for tasks to queue
[2025-04-30T00:49:18.615+0000] {logging_mixin.py:190} INFO - [2025-04-30T00:49:18.615+0000] {dagbag.py:587} INFO - Filling up the DagBag from /home/airflow/.local/lib/python3.12/site-packages/airflow/example_dags/tutorial_taskflow_api.py
[2025-04-30T00:49:18.624+0000] {processor.py:925} INFO - DAG(s) 'tutorial_taskflow_api' retrieved from /home/airflow/.local/lib/python3.12/site-packages/airflow/example_dags/tutorial_taskflow_api.py
[2025-04-30T00:49:18.646+0000] {logging_mixin.py:190} INFO - [2025-04-30T00:49:18.646+0000] {dag.py:3211} INFO - Sync 1 DAGs
[2025-04-30T00:49:18.661+0000] {logging_mixin.py:190} INFO - [2025-04-30T00:49:18.661+0000] {dag.py:4138} INFO - Setting next_dagrun for tutorial_taskflow_api to None, run_after=None
[2025-04-30T00:49:18.685+0000] {processor.py:208} INFO - Processing /home/airflow/.local/lib/python3.12/site-packages/airflow/example_dags/tutorial_taskflow_api.py took 0.081 seconds
[2025-04-30T00:49:49.171+0000] {processor.py:186} INFO - Started process (PID=2451) to work on /home/airflow/.local/lib/python3.12/site-packages/airflow/example_dags/tutorial_taskflow_api.py
[2025-04-30T00:49:49.172+0000] {processor.py:914} INFO - Processing file /home/airflow/.local/lib/python3.12/site-packages/airflow/example_dags/tutorial_taskflow_api.py for tasks to queue
[2025-04-30T00:49:49.174+0000] {logging_mixin.py:190} INFO - [2025-04-30T00:49:49.173+0000] {dagbag.py:587} INFO - Filling up the DagBag from /home/airflow/.local/lib/python3.12/site-packages/airflow/example_dags/tutorial_taskflow_api.py
[2025-04-30T00:49:49.186+0000] {processor.py:925} INFO - DAG(s) 'tutorial_taskflow_api' retrieved from /home/airflow/.local/lib/python3.12/site-packages/airflow/example_dags/tutorial_taskflow_api.py
[2025-04-30T00:49:49.210+0000] {logging_mixin.py:190} INFO - [2025-04-30T00:49:49.210+0000] {dag.py:3211} INFO - Sync 1 DAGs
[2025-04-30T00:49:49.226+0000] {logging_mixin.py:190} INFO - [2025-04-30T00:49:49.225+0000] {dag.py:4138} INFO - Setting next_dagrun for tutorial_taskflow_api to None, run_after=None
[2025-04-30T00:49:49.260+0000] {processor.py:208} INFO - Processing /home/airflow/.local/lib/python3.12/site-packages/airflow/example_dags/tutorial_taskflow_api.py took 0.099 seconds
[2025-04-30T00:50:19.475+0000] {processor.py:186} INFO - Started process (PID=2515) to work on /home/airflow/.local/lib/python3.12/site-packages/airflow/example_dags/tutorial_taskflow_api.py
[2025-04-30T00:50:19.476+0000] {processor.py:914} INFO - Processing file /home/airflow/.local/lib/python3.12/site-packages/airflow/example_dags/tutorial_taskflow_api.py for tasks to queue
[2025-04-30T00:50:19.477+0000] {logging_mixin.py:190} INFO - [2025-04-30T00:50:19.477+0000] {dagbag.py:587} INFO - Filling up the DagBag from /home/airflow/.local/lib/python3.12/site-packages/airflow/example_dags/tutorial_taskflow_api.py
[2025-04-30T00:50:19.487+0000] {processor.py:925} INFO - DAG(s) 'tutorial_taskflow_api' retrieved from /home/airflow/.local/lib/python3.12/site-packages/airflow/example_dags/tutorial_taskflow_api.py
[2025-04-30T00:50:19.515+0000] {logging_mixin.py:190} INFO - [2025-04-30T00:50:19.514+0000] {dag.py:3211} INFO - Sync 1 DAGs
[2025-04-30T00:50:19.541+0000] {logging_mixin.py:190} INFO - [2025-04-30T00:50:19.540+0000] {dag.py:4138} INFO - Setting next_dagrun for tutorial_taskflow_api to None, run_after=None
[2025-04-30T00:50:19.563+0000] {processor.py:208} INFO - Processing /home/airflow/.local/lib/python3.12/site-packages/airflow/example_dags/tutorial_taskflow_api.py took 0.094 seconds
[2025-04-30T00:50:50.582+0000] {processor.py:186} INFO - Started process (PID=2578) to work on /home/airflow/.local/lib/python3.12/site-packages/airflow/example_dags/tutorial_taskflow_api.py
[2025-04-30T00:50:50.583+0000] {processor.py:914} INFO - Processing file /home/airflow/.local/lib/python3.12/site-packages/airflow/example_dags/tutorial_taskflow_api.py for tasks to queue
[2025-04-30T00:50:50.585+0000] {logging_mixin.py:190} INFO - [2025-04-30T00:50:50.584+0000] {dagbag.py:587} INFO - Filling up the DagBag from /home/airflow/.local/lib/python3.12/site-packages/airflow/example_dags/tutorial_taskflow_api.py
[2025-04-30T00:50:50.594+0000] {processor.py:925} INFO - DAG(s) 'tutorial_taskflow_api' retrieved from /home/airflow/.local/lib/python3.12/site-packages/airflow/example_dags/tutorial_taskflow_api.py
[2025-04-30T00:50:50.617+0000] {logging_mixin.py:190} INFO - [2025-04-30T00:50:50.616+0000] {dag.py:3211} INFO - Sync 1 DAGs
[2025-04-30T00:50:50.632+0000] {logging_mixin.py:190} INFO - [2025-04-30T00:50:50.632+0000] {dag.py:4138} INFO - Setting next_dagrun for tutorial_taskflow_api to None, run_after=None
[2025-04-30T00:50:50.657+0000] {processor.py:208} INFO - Processing /home/airflow/.local/lib/python3.12/site-packages/airflow/example_dags/tutorial_taskflow_api.py took 0.081 seconds
[2025-04-30T00:51:21.079+0000] {processor.py:186} INFO - Started process (PID=2641) to work on /home/airflow/.local/lib/python3.12/site-packages/airflow/example_dags/tutorial_taskflow_api.py
[2025-04-30T00:51:21.081+0000] {processor.py:914} INFO - Processing file /home/airflow/.local/lib/python3.12/site-packages/airflow/example_dags/tutorial_taskflow_api.py for tasks to queue
[2025-04-30T00:51:21.083+0000] {logging_mixin.py:190} INFO - [2025-04-30T00:51:21.083+0000] {dagbag.py:587} INFO - Filling up the DagBag from /home/airflow/.local/lib/python3.12/site-packages/airflow/example_dags/tutorial_taskflow_api.py
[2025-04-30T00:51:21.099+0000] {processor.py:925} INFO - DAG(s) 'tutorial_taskflow_api' retrieved from /home/airflow/.local/lib/python3.12/site-packages/airflow/example_dags/tutorial_taskflow_api.py
[2025-04-30T00:51:21.133+0000] {logging_mixin.py:190} INFO - [2025-04-30T00:51:21.132+0000] {dag.py:3211} INFO - Sync 1 DAGs
[2025-04-30T00:51:21.155+0000] {logging_mixin.py:190} INFO - [2025-04-30T00:51:21.154+0000] {dag.py:4138} INFO - Setting next_dagrun for tutorial_taskflow_api to None, run_after=None
[2025-04-30T00:51:21.184+0000] {processor.py:208} INFO - Processing /home/airflow/.local/lib/python3.12/site-packages/airflow/example_dags/tutorial_taskflow_api.py took 0.114 seconds
[2025-04-30T00:51:53.348+0000] {processor.py:186} INFO - Started process (PID=2704) to work on /home/airflow/.local/lib/python3.12/site-packages/airflow/example_dags/tutorial_taskflow_api.py
[2025-04-30T00:51:53.378+0000] {processor.py:914} INFO - Processing file /home/airflow/.local/lib/python3.12/site-packages/airflow/example_dags/tutorial_taskflow_api.py for tasks to queue
[2025-04-30T00:51:53.403+0000] {logging_mixin.py:190} INFO - [2025-04-30T00:51:53.395+0000] {dagbag.py:587} INFO - Filling up the DagBag from /home/airflow/.local/lib/python3.12/site-packages/airflow/example_dags/tutorial_taskflow_api.py
[2025-04-30T00:51:53.436+0000] {processor.py:925} INFO - DAG(s) 'tutorial_taskflow_api' retrieved from /home/airflow/.local/lib/python3.12/site-packages/airflow/example_dags/tutorial_taskflow_api.py
[2025-04-30T00:51:53.531+0000] {logging_mixin.py:190} INFO - [2025-04-30T00:51:53.531+0000] {dag.py:3211} INFO - Sync 1 DAGs
[2025-04-30T00:51:53.603+0000] {logging_mixin.py:190} INFO - [2025-04-30T00:51:53.603+0000] {dag.py:4138} INFO - Setting next_dagrun for tutorial_taskflow_api to None, run_after=None
[2025-04-30T00:51:53.694+0000] {processor.py:208} INFO - Processing /home/airflow/.local/lib/python3.12/site-packages/airflow/example_dags/tutorial_taskflow_api.py took 0.363 seconds
[2025-04-30T00:59:32.856+0000] {processor.py:186} INFO - Started process (PID=2733) to work on /home/airflow/.local/lib/python3.12/site-packages/airflow/example_dags/tutorial_taskflow_api.py
[2025-04-30T00:59:32.857+0000] {processor.py:914} INFO - Processing file /home/airflow/.local/lib/python3.12/site-packages/airflow/example_dags/tutorial_taskflow_api.py for tasks to queue
[2025-04-30T00:59:32.859+0000] {logging_mixin.py:190} INFO - [2025-04-30T00:59:32.858+0000] {dagbag.py:587} INFO - Filling up the DagBag from /home/airflow/.local/lib/python3.12/site-packages/airflow/example_dags/tutorial_taskflow_api.py
[2025-04-30T00:59:32.874+0000] {processor.py:925} INFO - DAG(s) 'tutorial_taskflow_api' retrieved from /home/airflow/.local/lib/python3.12/site-packages/airflow/example_dags/tutorial_taskflow_api.py
[2025-04-30T00:59:32.915+0000] {logging_mixin.py:190} INFO - [2025-04-30T00:59:32.914+0000] {dag.py:3211} INFO - Sync 1 DAGs
[2025-04-30T00:59:32.941+0000] {logging_mixin.py:190} INFO - [2025-04-30T00:59:32.941+0000] {dag.py:4138} INFO - Setting next_dagrun for tutorial_taskflow_api to None, run_after=None
[2025-04-30T00:59:32.981+0000] {processor.py:208} INFO - Processing /home/airflow/.local/lib/python3.12/site-packages/airflow/example_dags/tutorial_taskflow_api.py took 0.134 seconds
[2025-04-30T01:00:03.290+0000] {processor.py:186} INFO - Started process (PID=2796) to work on /home/airflow/.local/lib/python3.12/site-packages/airflow/example_dags/tutorial_taskflow_api.py
[2025-04-30T01:00:03.292+0000] {processor.py:914} INFO - Processing file /home/airflow/.local/lib/python3.12/site-packages/airflow/example_dags/tutorial_taskflow_api.py for tasks to queue
[2025-04-30T01:00:03.293+0000] {logging_mixin.py:190} INFO - [2025-04-30T01:00:03.292+0000] {dagbag.py:587} INFO - Filling up the DagBag from /home/airflow/.local/lib/python3.12/site-packages/airflow/example_dags/tutorial_taskflow_api.py
[2025-04-30T01:00:03.302+0000] {processor.py:925} INFO - DAG(s) 'tutorial_taskflow_api' retrieved from /home/airflow/.local/lib/python3.12/site-packages/airflow/example_dags/tutorial_taskflow_api.py
[2025-04-30T01:00:03.328+0000] {logging_mixin.py:190} INFO - [2025-04-30T01:00:03.328+0000] {dag.py:3211} INFO - Sync 1 DAGs
[2025-04-30T01:00:03.344+0000] {logging_mixin.py:190} INFO - [2025-04-30T01:00:03.344+0000] {dag.py:4138} INFO - Setting next_dagrun for tutorial_taskflow_api to None, run_after=None
[2025-04-30T01:00:03.368+0000] {processor.py:208} INFO - Processing /home/airflow/.local/lib/python3.12/site-packages/airflow/example_dags/tutorial_taskflow_api.py took 0.083 seconds
[2025-04-30T01:00:33.799+0000] {processor.py:186} INFO - Started process (PID=2859) to work on /home/airflow/.local/lib/python3.12/site-packages/airflow/example_dags/tutorial_taskflow_api.py
[2025-04-30T01:00:33.800+0000] {processor.py:914} INFO - Processing file /home/airflow/.local/lib/python3.12/site-packages/airflow/example_dags/tutorial_taskflow_api.py for tasks to queue
[2025-04-30T01:00:33.802+0000] {logging_mixin.py:190} INFO - [2025-04-30T01:00:33.802+0000] {dagbag.py:587} INFO - Filling up the DagBag from /home/airflow/.local/lib/python3.12/site-packages/airflow/example_dags/tutorial_taskflow_api.py
[2025-04-30T01:00:33.816+0000] {processor.py:925} INFO - DAG(s) 'tutorial_taskflow_api' retrieved from /home/airflow/.local/lib/python3.12/site-packages/airflow/example_dags/tutorial_taskflow_api.py
[2025-04-30T01:00:33.841+0000] {logging_mixin.py:190} INFO - [2025-04-30T01:00:33.840+0000] {dag.py:3211} INFO - Sync 1 DAGs
[2025-04-30T01:00:33.859+0000] {logging_mixin.py:190} INFO - [2025-04-30T01:00:33.859+0000] {dag.py:4138} INFO - Setting next_dagrun for tutorial_taskflow_api to None, run_after=None
[2025-04-30T01:00:33.902+0000] {processor.py:208} INFO - Processing /home/airflow/.local/lib/python3.12/site-packages/airflow/example_dags/tutorial_taskflow_api.py took 0.111 seconds
[2025-04-30T01:01:05.494+0000] {processor.py:186} INFO - Started process (PID=2929) to work on /home/airflow/.local/lib/python3.12/site-packages/airflow/example_dags/tutorial_taskflow_api.py
[2025-04-30T01:01:05.496+0000] {processor.py:914} INFO - Processing file /home/airflow/.local/lib/python3.12/site-packages/airflow/example_dags/tutorial_taskflow_api.py for tasks to queue
[2025-04-30T01:01:05.498+0000] {logging_mixin.py:190} INFO - [2025-04-30T01:01:05.498+0000] {dagbag.py:587} INFO - Filling up the DagBag from /home/airflow/.local/lib/python3.12/site-packages/airflow/example_dags/tutorial_taskflow_api.py
[2025-04-30T01:01:05.509+0000] {processor.py:925} INFO - DAG(s) 'tutorial_taskflow_api' retrieved from /home/airflow/.local/lib/python3.12/site-packages/airflow/example_dags/tutorial_taskflow_api.py
[2025-04-30T01:01:05.536+0000] {logging_mixin.py:190} INFO - [2025-04-30T01:01:05.536+0000] {dag.py:3211} INFO - Sync 1 DAGs
[2025-04-30T01:01:05.556+0000] {logging_mixin.py:190} INFO - [2025-04-30T01:01:05.556+0000] {dag.py:4138} INFO - Setting next_dagrun for tutorial_taskflow_api to None, run_after=None
[2025-04-30T01:01:05.581+0000] {processor.py:208} INFO - Processing /home/airflow/.local/lib/python3.12/site-packages/airflow/example_dags/tutorial_taskflow_api.py took 0.096 seconds
[2025-04-30T01:01:36.301+0000] {processor.py:186} INFO - Started process (PID=2992) to work on /home/airflow/.local/lib/python3.12/site-packages/airflow/example_dags/tutorial_taskflow_api.py
[2025-04-30T01:01:36.302+0000] {processor.py:914} INFO - Processing file /home/airflow/.local/lib/python3.12/site-packages/airflow/example_dags/tutorial_taskflow_api.py for tasks to queue
[2025-04-30T01:01:36.303+0000] {logging_mixin.py:190} INFO - [2025-04-30T01:01:36.303+0000] {dagbag.py:587} INFO - Filling up the DagBag from /home/airflow/.local/lib/python3.12/site-packages/airflow/example_dags/tutorial_taskflow_api.py
[2025-04-30T01:01:36.314+0000] {processor.py:925} INFO - DAG(s) 'tutorial_taskflow_api' retrieved from /home/airflow/.local/lib/python3.12/site-packages/airflow/example_dags/tutorial_taskflow_api.py
[2025-04-30T01:01:36.344+0000] {logging_mixin.py:190} INFO - [2025-04-30T01:01:36.344+0000] {dag.py:3211} INFO - Sync 1 DAGs
[2025-04-30T01:01:36.363+0000] {logging_mixin.py:190} INFO - [2025-04-30T01:01:36.362+0000] {dag.py:4138} INFO - Setting next_dagrun for tutorial_taskflow_api to None, run_after=None
[2025-04-30T01:01:36.388+0000] {processor.py:208} INFO - Processing /home/airflow/.local/lib/python3.12/site-packages/airflow/example_dags/tutorial_taskflow_api.py took 0.094 seconds
[2025-04-30T01:02:07.294+0000] {processor.py:186} INFO - Started process (PID=3055) to work on /home/airflow/.local/lib/python3.12/site-packages/airflow/example_dags/tutorial_taskflow_api.py
[2025-04-30T01:02:07.296+0000] {processor.py:914} INFO - Processing file /home/airflow/.local/lib/python3.12/site-packages/airflow/example_dags/tutorial_taskflow_api.py for tasks to queue
[2025-04-30T01:02:07.297+0000] {logging_mixin.py:190} INFO - [2025-04-30T01:02:07.297+0000] {dagbag.py:587} INFO - Filling up the DagBag from /home/airflow/.local/lib/python3.12/site-packages/airflow/example_dags/tutorial_taskflow_api.py
[2025-04-30T01:02:07.308+0000] {processor.py:925} INFO - DAG(s) 'tutorial_taskflow_api' retrieved from /home/airflow/.local/lib/python3.12/site-packages/airflow/example_dags/tutorial_taskflow_api.py
[2025-04-30T01:02:07.332+0000] {logging_mixin.py:190} INFO - [2025-04-30T01:02:07.331+0000] {dag.py:3211} INFO - Sync 1 DAGs
[2025-04-30T01:02:07.351+0000] {logging_mixin.py:190} INFO - [2025-04-30T01:02:07.351+0000] {dag.py:4138} INFO - Setting next_dagrun for tutorial_taskflow_api to None, run_after=None
[2025-04-30T01:02:07.377+0000] {processor.py:208} INFO - Processing /home/airflow/.local/lib/python3.12/site-packages/airflow/example_dags/tutorial_taskflow_api.py took 0.089 seconds
[2025-04-30T01:02:37.627+0000] {processor.py:186} INFO - Started process (PID=3117) to work on /home/airflow/.local/lib/python3.12/site-packages/airflow/example_dags/tutorial_taskflow_api.py
[2025-04-30T01:02:37.628+0000] {processor.py:914} INFO - Processing file /home/airflow/.local/lib/python3.12/site-packages/airflow/example_dags/tutorial_taskflow_api.py for tasks to queue
[2025-04-30T01:02:37.629+0000] {logging_mixin.py:190} INFO - [2025-04-30T01:02:37.629+0000] {dagbag.py:587} INFO - Filling up the DagBag from /home/airflow/.local/lib/python3.12/site-packages/airflow/example_dags/tutorial_taskflow_api.py
[2025-04-30T01:02:37.638+0000] {processor.py:925} INFO - DAG(s) 'tutorial_taskflow_api' retrieved from /home/airflow/.local/lib/python3.12/site-packages/airflow/example_dags/tutorial_taskflow_api.py
[2025-04-30T01:02:37.659+0000] {logging_mixin.py:190} INFO - [2025-04-30T01:02:37.658+0000] {dag.py:3211} INFO - Sync 1 DAGs
[2025-04-30T01:02:37.674+0000] {logging_mixin.py:190} INFO - [2025-04-30T01:02:37.674+0000] {dag.py:4138} INFO - Setting next_dagrun for tutorial_taskflow_api to None, run_after=None
[2025-04-30T01:02:37.696+0000] {processor.py:208} INFO - Processing /home/airflow/.local/lib/python3.12/site-packages/airflow/example_dags/tutorial_taskflow_api.py took 0.076 seconds
[2025-04-30T01:03:08.818+0000] {processor.py:186} INFO - Started process (PID=3179) to work on /home/airflow/.local/lib/python3.12/site-packages/airflow/example_dags/tutorial_taskflow_api.py
[2025-04-30T01:03:08.819+0000] {processor.py:914} INFO - Processing file /home/airflow/.local/lib/python3.12/site-packages/airflow/example_dags/tutorial_taskflow_api.py for tasks to queue
[2025-04-30T01:03:08.821+0000] {logging_mixin.py:190} INFO - [2025-04-30T01:03:08.820+0000] {dagbag.py:587} INFO - Filling up the DagBag from /home/airflow/.local/lib/python3.12/site-packages/airflow/example_dags/tutorial_taskflow_api.py
[2025-04-30T01:03:08.829+0000] {processor.py:925} INFO - DAG(s) 'tutorial_taskflow_api' retrieved from /home/airflow/.local/lib/python3.12/site-packages/airflow/example_dags/tutorial_taskflow_api.py
[2025-04-30T01:03:08.852+0000] {logging_mixin.py:190} INFO - [2025-04-30T01:03:08.852+0000] {dag.py:3211} INFO - Sync 1 DAGs
[2025-04-30T01:03:08.868+0000] {logging_mixin.py:190} INFO - [2025-04-30T01:03:08.868+0000] {dag.py:4138} INFO - Setting next_dagrun for tutorial_taskflow_api to None, run_after=None
[2025-04-30T01:03:08.891+0000] {processor.py:208} INFO - Processing /home/airflow/.local/lib/python3.12/site-packages/airflow/example_dags/tutorial_taskflow_api.py took 0.079 seconds
[2025-04-30T01:03:41.361+0000] {processor.py:186} INFO - Started process (PID=3242) to work on /home/airflow/.local/lib/python3.12/site-packages/airflow/example_dags/tutorial_taskflow_api.py
[2025-04-30T01:03:41.362+0000] {processor.py:914} INFO - Processing file /home/airflow/.local/lib/python3.12/site-packages/airflow/example_dags/tutorial_taskflow_api.py for tasks to queue
[2025-04-30T01:03:41.364+0000] {logging_mixin.py:190} INFO - [2025-04-30T01:03:41.364+0000] {dagbag.py:587} INFO - Filling up the DagBag from /home/airflow/.local/lib/python3.12/site-packages/airflow/example_dags/tutorial_taskflow_api.py
[2025-04-30T01:03:41.374+0000] {processor.py:925} INFO - DAG(s) 'tutorial_taskflow_api' retrieved from /home/airflow/.local/lib/python3.12/site-packages/airflow/example_dags/tutorial_taskflow_api.py
[2025-04-30T01:03:41.399+0000] {logging_mixin.py:190} INFO - [2025-04-30T01:03:41.398+0000] {dag.py:3211} INFO - Sync 1 DAGs
[2025-04-30T01:03:41.588+0000] {logging_mixin.py:190} INFO - [2025-04-30T01:03:41.587+0000] {dag.py:4138} INFO - Setting next_dagrun for tutorial_taskflow_api to None, run_after=None
[2025-04-30T01:03:41.617+0000] {processor.py:208} INFO - Processing /home/airflow/.local/lib/python3.12/site-packages/airflow/example_dags/tutorial_taskflow_api.py took 0.263 seconds
[2025-04-30T01:04:12.364+0000] {processor.py:186} INFO - Started process (PID=3305) to work on /home/airflow/.local/lib/python3.12/site-packages/airflow/example_dags/tutorial_taskflow_api.py
[2025-04-30T01:04:12.365+0000] {processor.py:914} INFO - Processing file /home/airflow/.local/lib/python3.12/site-packages/airflow/example_dags/tutorial_taskflow_api.py for tasks to queue
[2025-04-30T01:04:12.367+0000] {logging_mixin.py:190} INFO - [2025-04-30T01:04:12.367+0000] {dagbag.py:587} INFO - Filling up the DagBag from /home/airflow/.local/lib/python3.12/site-packages/airflow/example_dags/tutorial_taskflow_api.py
[2025-04-30T01:04:12.379+0000] {processor.py:925} INFO - DAG(s) 'tutorial_taskflow_api' retrieved from /home/airflow/.local/lib/python3.12/site-packages/airflow/example_dags/tutorial_taskflow_api.py
[2025-04-30T01:04:12.410+0000] {logging_mixin.py:190} INFO - [2025-04-30T01:04:12.409+0000] {dag.py:3211} INFO - Sync 1 DAGs
[2025-04-30T01:04:12.608+0000] {logging_mixin.py:190} INFO - [2025-04-30T01:04:12.607+0000] {dag.py:4138} INFO - Setting next_dagrun for tutorial_taskflow_api to None, run_after=None
[2025-04-30T01:04:12.636+0000] {processor.py:208} INFO - Processing /home/airflow/.local/lib/python3.12/site-packages/airflow/example_dags/tutorial_taskflow_api.py took 0.278 seconds
[2025-04-30T01:04:42.835+0000] {processor.py:186} INFO - Started process (PID=3368) to work on /home/airflow/.local/lib/python3.12/site-packages/airflow/example_dags/tutorial_taskflow_api.py
[2025-04-30T01:04:42.837+0000] {processor.py:914} INFO - Processing file /home/airflow/.local/lib/python3.12/site-packages/airflow/example_dags/tutorial_taskflow_api.py for tasks to queue
[2025-04-30T01:04:42.839+0000] {logging_mixin.py:190} INFO - [2025-04-30T01:04:42.839+0000] {dagbag.py:587} INFO - Filling up the DagBag from /home/airflow/.local/lib/python3.12/site-packages/airflow/example_dags/tutorial_taskflow_api.py
[2025-04-30T01:04:42.848+0000] {processor.py:925} INFO - DAG(s) 'tutorial_taskflow_api' retrieved from /home/airflow/.local/lib/python3.12/site-packages/airflow/example_dags/tutorial_taskflow_api.py
[2025-04-30T01:04:42.871+0000] {logging_mixin.py:190} INFO - [2025-04-30T01:04:42.871+0000] {dag.py:3211} INFO - Sync 1 DAGs
[2025-04-30T01:04:42.890+0000] {logging_mixin.py:190} INFO - [2025-04-30T01:04:42.889+0000] {dag.py:4138} INFO - Setting next_dagrun for tutorial_taskflow_api to None, run_after=None
[2025-04-30T01:04:42.916+0000] {processor.py:208} INFO - Processing /home/airflow/.local/lib/python3.12/site-packages/airflow/example_dags/tutorial_taskflow_api.py took 0.087 seconds
[2025-04-30T01:05:13.638+0000] {processor.py:186} INFO - Started process (PID=3431) to work on /home/airflow/.local/lib/python3.12/site-packages/airflow/example_dags/tutorial_taskflow_api.py
[2025-04-30T01:05:13.639+0000] {processor.py:914} INFO - Processing file /home/airflow/.local/lib/python3.12/site-packages/airflow/example_dags/tutorial_taskflow_api.py for tasks to queue
[2025-04-30T01:05:13.640+0000] {logging_mixin.py:190} INFO - [2025-04-30T01:05:13.640+0000] {dagbag.py:587} INFO - Filling up the DagBag from /home/airflow/.local/lib/python3.12/site-packages/airflow/example_dags/tutorial_taskflow_api.py
[2025-04-30T01:05:13.650+0000] {processor.py:925} INFO - DAG(s) 'tutorial_taskflow_api' retrieved from /home/airflow/.local/lib/python3.12/site-packages/airflow/example_dags/tutorial_taskflow_api.py
[2025-04-30T01:05:13.674+0000] {logging_mixin.py:190} INFO - [2025-04-30T01:05:13.674+0000] {dag.py:3211} INFO - Sync 1 DAGs
[2025-04-30T01:05:13.694+0000] {logging_mixin.py:190} INFO - [2025-04-30T01:05:13.694+0000] {dag.py:4138} INFO - Setting next_dagrun for tutorial_taskflow_api to None, run_after=None
[2025-04-30T01:05:13.719+0000] {processor.py:208} INFO - Processing /home/airflow/.local/lib/python3.12/site-packages/airflow/example_dags/tutorial_taskflow_api.py took 0.087 seconds
[2025-04-30T01:05:44.262+0000] {processor.py:186} INFO - Started process (PID=3494) to work on /home/airflow/.local/lib/python3.12/site-packages/airflow/example_dags/tutorial_taskflow_api.py
[2025-04-30T01:05:44.264+0000] {processor.py:914} INFO - Processing file /home/airflow/.local/lib/python3.12/site-packages/airflow/example_dags/tutorial_taskflow_api.py for tasks to queue
[2025-04-30T01:05:44.266+0000] {logging_mixin.py:190} INFO - [2025-04-30T01:05:44.266+0000] {dagbag.py:587} INFO - Filling up the DagBag from /home/airflow/.local/lib/python3.12/site-packages/airflow/example_dags/tutorial_taskflow_api.py
[2025-04-30T01:05:44.277+0000] {processor.py:925} INFO - DAG(s) 'tutorial_taskflow_api' retrieved from /home/airflow/.local/lib/python3.12/site-packages/airflow/example_dags/tutorial_taskflow_api.py
[2025-04-30T01:05:44.302+0000] {logging_mixin.py:190} INFO - [2025-04-30T01:05:44.302+0000] {dag.py:3211} INFO - Sync 1 DAGs
[2025-04-30T01:05:44.319+0000] {logging_mixin.py:190} INFO - [2025-04-30T01:05:44.319+0000] {dag.py:4138} INFO - Setting next_dagrun for tutorial_taskflow_api to None, run_after=None
[2025-04-30T01:05:44.341+0000] {processor.py:208} INFO - Processing /home/airflow/.local/lib/python3.12/site-packages/airflow/example_dags/tutorial_taskflow_api.py took 0.086 seconds
[2025-04-30T01:06:15.089+0000] {processor.py:186} INFO - Started process (PID=3557) to work on /home/airflow/.local/lib/python3.12/site-packages/airflow/example_dags/tutorial_taskflow_api.py
[2025-04-30T01:06:15.090+0000] {processor.py:914} INFO - Processing file /home/airflow/.local/lib/python3.12/site-packages/airflow/example_dags/tutorial_taskflow_api.py for tasks to queue
[2025-04-30T01:06:15.091+0000] {logging_mixin.py:190} INFO - [2025-04-30T01:06:15.091+0000] {dagbag.py:587} INFO - Filling up the DagBag from /home/airflow/.local/lib/python3.12/site-packages/airflow/example_dags/tutorial_taskflow_api.py
[2025-04-30T01:06:15.102+0000] {processor.py:925} INFO - DAG(s) 'tutorial_taskflow_api' retrieved from /home/airflow/.local/lib/python3.12/site-packages/airflow/example_dags/tutorial_taskflow_api.py
[2025-04-30T01:06:15.124+0000] {logging_mixin.py:190} INFO - [2025-04-30T01:06:15.124+0000] {dag.py:3211} INFO - Sync 1 DAGs
[2025-04-30T01:06:15.139+0000] {logging_mixin.py:190} INFO - [2025-04-30T01:06:15.139+0000] {dag.py:4138} INFO - Setting next_dagrun for tutorial_taskflow_api to None, run_after=None
[2025-04-30T01:06:15.169+0000] {processor.py:208} INFO - Processing /home/airflow/.local/lib/python3.12/site-packages/airflow/example_dags/tutorial_taskflow_api.py took 0.088 seconds
[2025-04-30T01:06:45.775+0000] {processor.py:186} INFO - Started process (PID=3620) to work on /home/airflow/.local/lib/python3.12/site-packages/airflow/example_dags/tutorial_taskflow_api.py
[2025-04-30T01:06:45.777+0000] {processor.py:914} INFO - Processing file /home/airflow/.local/lib/python3.12/site-packages/airflow/example_dags/tutorial_taskflow_api.py for tasks to queue
[2025-04-30T01:06:45.779+0000] {logging_mixin.py:190} INFO - [2025-04-30T01:06:45.778+0000] {dagbag.py:587} INFO - Filling up the DagBag from /home/airflow/.local/lib/python3.12/site-packages/airflow/example_dags/tutorial_taskflow_api.py
[2025-04-30T01:06:45.789+0000] {processor.py:925} INFO - DAG(s) 'tutorial_taskflow_api' retrieved from /home/airflow/.local/lib/python3.12/site-packages/airflow/example_dags/tutorial_taskflow_api.py
[2025-04-30T01:06:45.814+0000] {logging_mixin.py:190} INFO - [2025-04-30T01:06:45.814+0000] {dag.py:3211} INFO - Sync 1 DAGs
[2025-04-30T01:06:45.837+0000] {logging_mixin.py:190} INFO - [2025-04-30T01:06:45.837+0000] {dag.py:4138} INFO - Setting next_dagrun for tutorial_taskflow_api to None, run_after=None
[2025-04-30T01:06:45.866+0000] {processor.py:208} INFO - Processing /home/airflow/.local/lib/python3.12/site-packages/airflow/example_dags/tutorial_taskflow_api.py took 0.099 seconds
[2025-04-30T01:07:15.979+0000] {processor.py:186} INFO - Started process (PID=3683) to work on /home/airflow/.local/lib/python3.12/site-packages/airflow/example_dags/tutorial_taskflow_api.py
[2025-04-30T01:07:15.980+0000] {processor.py:914} INFO - Processing file /home/airflow/.local/lib/python3.12/site-packages/airflow/example_dags/tutorial_taskflow_api.py for tasks to queue
[2025-04-30T01:07:15.982+0000] {logging_mixin.py:190} INFO - [2025-04-30T01:07:15.981+0000] {dagbag.py:587} INFO - Filling up the DagBag from /home/airflow/.local/lib/python3.12/site-packages/airflow/example_dags/tutorial_taskflow_api.py
[2025-04-30T01:07:15.992+0000] {processor.py:925} INFO - DAG(s) 'tutorial_taskflow_api' retrieved from /home/airflow/.local/lib/python3.12/site-packages/airflow/example_dags/tutorial_taskflow_api.py
[2025-04-30T01:07:16.017+0000] {logging_mixin.py:190} INFO - [2025-04-30T01:07:16.017+0000] {dag.py:3211} INFO - Sync 1 DAGs
[2025-04-30T01:07:16.033+0000] {logging_mixin.py:190} INFO - [2025-04-30T01:07:16.033+0000] {dag.py:4138} INFO - Setting next_dagrun for tutorial_taskflow_api to None, run_after=None
[2025-04-30T01:07:16.055+0000] {processor.py:208} INFO - Processing /home/airflow/.local/lib/python3.12/site-packages/airflow/example_dags/tutorial_taskflow_api.py took 0.083 seconds
[2025-04-30T01:07:46.996+0000] {processor.py:186} INFO - Started process (PID=3746) to work on /home/airflow/.local/lib/python3.12/site-packages/airflow/example_dags/tutorial_taskflow_api.py
[2025-04-30T01:07:46.997+0000] {processor.py:914} INFO - Processing file /home/airflow/.local/lib/python3.12/site-packages/airflow/example_dags/tutorial_taskflow_api.py for tasks to queue
[2025-04-30T01:07:46.999+0000] {logging_mixin.py:190} INFO - [2025-04-30T01:07:46.999+0000] {dagbag.py:587} INFO - Filling up the DagBag from /home/airflow/.local/lib/python3.12/site-packages/airflow/example_dags/tutorial_taskflow_api.py
[2025-04-30T01:07:47.010+0000] {processor.py:925} INFO - DAG(s) 'tutorial_taskflow_api' retrieved from /home/airflow/.local/lib/python3.12/site-packages/airflow/example_dags/tutorial_taskflow_api.py
[2025-04-30T01:07:47.039+0000] {logging_mixin.py:190} INFO - [2025-04-30T01:07:47.038+0000] {dag.py:3211} INFO - Sync 1 DAGs
[2025-04-30T01:07:47.062+0000] {logging_mixin.py:190} INFO - [2025-04-30T01:07:47.061+0000] {dag.py:4138} INFO - Setting next_dagrun for tutorial_taskflow_api to None, run_after=None
[2025-04-30T01:07:47.088+0000] {processor.py:208} INFO - Processing /home/airflow/.local/lib/python3.12/site-packages/airflow/example_dags/tutorial_taskflow_api.py took 0.102 seconds
[2025-04-30T01:08:17.781+0000] {processor.py:186} INFO - Started process (PID=3809) to work on /home/airflow/.local/lib/python3.12/site-packages/airflow/example_dags/tutorial_taskflow_api.py
[2025-04-30T01:08:17.782+0000] {processor.py:914} INFO - Processing file /home/airflow/.local/lib/python3.12/site-packages/airflow/example_dags/tutorial_taskflow_api.py for tasks to queue
[2025-04-30T01:08:17.784+0000] {logging_mixin.py:190} INFO - [2025-04-30T01:08:17.783+0000] {dagbag.py:587} INFO - Filling up the DagBag from /home/airflow/.local/lib/python3.12/site-packages/airflow/example_dags/tutorial_taskflow_api.py
[2025-04-30T01:08:17.793+0000] {processor.py:925} INFO - DAG(s) 'tutorial_taskflow_api' retrieved from /home/airflow/.local/lib/python3.12/site-packages/airflow/example_dags/tutorial_taskflow_api.py
[2025-04-30T01:08:17.818+0000] {logging_mixin.py:190} INFO - [2025-04-30T01:08:17.817+0000] {dag.py:3211} INFO - Sync 1 DAGs
[2025-04-30T01:08:17.836+0000] {logging_mixin.py:190} INFO - [2025-04-30T01:08:17.836+0000] {dag.py:4138} INFO - Setting next_dagrun for tutorial_taskflow_api to None, run_after=None
[2025-04-30T01:08:17.861+0000] {processor.py:208} INFO - Processing /home/airflow/.local/lib/python3.12/site-packages/airflow/example_dags/tutorial_taskflow_api.py took 0.086 seconds
[2025-04-30T01:08:48.740+0000] {processor.py:186} INFO - Started process (PID=3871) to work on /home/airflow/.local/lib/python3.12/site-packages/airflow/example_dags/tutorial_taskflow_api.py
[2025-04-30T01:08:48.742+0000] {processor.py:914} INFO - Processing file /home/airflow/.local/lib/python3.12/site-packages/airflow/example_dags/tutorial_taskflow_api.py for tasks to queue
[2025-04-30T01:08:48.745+0000] {logging_mixin.py:190} INFO - [2025-04-30T01:08:48.744+0000] {dagbag.py:587} INFO - Filling up the DagBag from /home/airflow/.local/lib/python3.12/site-packages/airflow/example_dags/tutorial_taskflow_api.py
[2025-04-30T01:08:48.755+0000] {processor.py:925} INFO - DAG(s) 'tutorial_taskflow_api' retrieved from /home/airflow/.local/lib/python3.12/site-packages/airflow/example_dags/tutorial_taskflow_api.py
[2025-04-30T01:08:48.786+0000] {logging_mixin.py:190} INFO - [2025-04-30T01:08:48.785+0000] {dag.py:3211} INFO - Sync 1 DAGs
[2025-04-30T01:08:48.811+0000] {logging_mixin.py:190} INFO - [2025-04-30T01:08:48.811+0000] {dag.py:4138} INFO - Setting next_dagrun for tutorial_taskflow_api to None, run_after=None
[2025-04-30T01:08:48.858+0000] {processor.py:208} INFO - Processing /home/airflow/.local/lib/python3.12/site-packages/airflow/example_dags/tutorial_taskflow_api.py took 0.129 seconds
[2025-04-30T01:09:19.028+0000] {processor.py:186} INFO - Started process (PID=3939) to work on /home/airflow/.local/lib/python3.12/site-packages/airflow/example_dags/tutorial_taskflow_api.py
[2025-04-30T01:09:19.030+0000] {processor.py:914} INFO - Processing file /home/airflow/.local/lib/python3.12/site-packages/airflow/example_dags/tutorial_taskflow_api.py for tasks to queue
[2025-04-30T01:09:19.031+0000] {logging_mixin.py:190} INFO - [2025-04-30T01:09:19.031+0000] {dagbag.py:587} INFO - Filling up the DagBag from /home/airflow/.local/lib/python3.12/site-packages/airflow/example_dags/tutorial_taskflow_api.py
[2025-04-30T01:09:19.041+0000] {processor.py:925} INFO - DAG(s) 'tutorial_taskflow_api' retrieved from /home/airflow/.local/lib/python3.12/site-packages/airflow/example_dags/tutorial_taskflow_api.py
[2025-04-30T01:09:19.065+0000] {logging_mixin.py:190} INFO - [2025-04-30T01:09:19.065+0000] {dag.py:3211} INFO - Sync 1 DAGs
[2025-04-30T01:09:19.092+0000] {logging_mixin.py:190} INFO - [2025-04-30T01:09:19.091+0000] {dag.py:4138} INFO - Setting next_dagrun for tutorial_taskflow_api to None, run_after=None
[2025-04-30T01:09:19.127+0000] {processor.py:208} INFO - Processing /home/airflow/.local/lib/python3.12/site-packages/airflow/example_dags/tutorial_taskflow_api.py took 0.106 seconds
[2025-04-30T01:09:49.324+0000] {processor.py:186} INFO - Started process (PID=4001) to work on /home/airflow/.local/lib/python3.12/site-packages/airflow/example_dags/tutorial_taskflow_api.py
[2025-04-30T01:09:49.326+0000] {processor.py:914} INFO - Processing file /home/airflow/.local/lib/python3.12/site-packages/airflow/example_dags/tutorial_taskflow_api.py for tasks to queue
[2025-04-30T01:09:49.328+0000] {logging_mixin.py:190} INFO - [2025-04-30T01:09:49.327+0000] {dagbag.py:587} INFO - Filling up the DagBag from /home/airflow/.local/lib/python3.12/site-packages/airflow/example_dags/tutorial_taskflow_api.py
[2025-04-30T01:09:49.336+0000] {processor.py:925} INFO - DAG(s) 'tutorial_taskflow_api' retrieved from /home/airflow/.local/lib/python3.12/site-packages/airflow/example_dags/tutorial_taskflow_api.py
[2025-04-30T01:09:49.360+0000] {logging_mixin.py:190} INFO - [2025-04-30T01:09:49.360+0000] {dag.py:3211} INFO - Sync 1 DAGs
[2025-04-30T01:09:49.378+0000] {logging_mixin.py:190} INFO - [2025-04-30T01:09:49.378+0000] {dag.py:4138} INFO - Setting next_dagrun for tutorial_taskflow_api to None, run_after=None
[2025-04-30T01:09:49.400+0000] {processor.py:208} INFO - Processing /home/airflow/.local/lib/python3.12/site-packages/airflow/example_dags/tutorial_taskflow_api.py took 0.082 seconds
[2025-04-30T01:10:20.035+0000] {processor.py:186} INFO - Started process (PID=4063) to work on /home/airflow/.local/lib/python3.12/site-packages/airflow/example_dags/tutorial_taskflow_api.py
[2025-04-30T01:10:20.036+0000] {processor.py:914} INFO - Processing file /home/airflow/.local/lib/python3.12/site-packages/airflow/example_dags/tutorial_taskflow_api.py for tasks to queue
[2025-04-30T01:10:20.038+0000] {logging_mixin.py:190} INFO - [2025-04-30T01:10:20.037+0000] {dagbag.py:587} INFO - Filling up the DagBag from /home/airflow/.local/lib/python3.12/site-packages/airflow/example_dags/tutorial_taskflow_api.py
[2025-04-30T01:10:20.053+0000] {processor.py:925} INFO - DAG(s) 'tutorial_taskflow_api' retrieved from /home/airflow/.local/lib/python3.12/site-packages/airflow/example_dags/tutorial_taskflow_api.py
[2025-04-30T01:10:20.093+0000] {logging_mixin.py:190} INFO - [2025-04-30T01:10:20.092+0000] {dag.py:3211} INFO - Sync 1 DAGs
[2025-04-30T01:10:20.125+0000] {logging_mixin.py:190} INFO - [2025-04-30T01:10:20.124+0000] {dag.py:4138} INFO - Setting next_dagrun for tutorial_taskflow_api to None, run_after=None
[2025-04-30T01:10:20.154+0000] {processor.py:208} INFO - Processing /home/airflow/.local/lib/python3.12/site-packages/airflow/example_dags/tutorial_taskflow_api.py took 0.127 seconds
[2025-04-30T01:10:51.087+0000] {processor.py:186} INFO - Started process (PID=4125) to work on /home/airflow/.local/lib/python3.12/site-packages/airflow/example_dags/tutorial_taskflow_api.py
[2025-04-30T01:10:51.088+0000] {processor.py:914} INFO - Processing file /home/airflow/.local/lib/python3.12/site-packages/airflow/example_dags/tutorial_taskflow_api.py for tasks to queue
[2025-04-30T01:10:51.090+0000] {logging_mixin.py:190} INFO - [2025-04-30T01:10:51.090+0000] {dagbag.py:587} INFO - Filling up the DagBag from /home/airflow/.local/lib/python3.12/site-packages/airflow/example_dags/tutorial_taskflow_api.py
[2025-04-30T01:10:51.100+0000] {processor.py:925} INFO - DAG(s) 'tutorial_taskflow_api' retrieved from /home/airflow/.local/lib/python3.12/site-packages/airflow/example_dags/tutorial_taskflow_api.py
[2025-04-30T01:10:51.124+0000] {logging_mixin.py:190} INFO - [2025-04-30T01:10:51.124+0000] {dag.py:3211} INFO - Sync 1 DAGs
[2025-04-30T01:10:51.142+0000] {logging_mixin.py:190} INFO - [2025-04-30T01:10:51.142+0000] {dag.py:4138} INFO - Setting next_dagrun for tutorial_taskflow_api to None, run_after=None
[2025-04-30T01:10:51.167+0000] {processor.py:208} INFO - Processing /home/airflow/.local/lib/python3.12/site-packages/airflow/example_dags/tutorial_taskflow_api.py took 0.086 seconds
[2025-04-30T01:11:21.891+0000] {processor.py:186} INFO - Started process (PID=4187) to work on /home/airflow/.local/lib/python3.12/site-packages/airflow/example_dags/tutorial_taskflow_api.py
[2025-04-30T01:11:21.892+0000] {processor.py:914} INFO - Processing file /home/airflow/.local/lib/python3.12/site-packages/airflow/example_dags/tutorial_taskflow_api.py for tasks to queue
[2025-04-30T01:11:21.894+0000] {logging_mixin.py:190} INFO - [2025-04-30T01:11:21.894+0000] {dagbag.py:587} INFO - Filling up the DagBag from /home/airflow/.local/lib/python3.12/site-packages/airflow/example_dags/tutorial_taskflow_api.py
[2025-04-30T01:11:21.903+0000] {processor.py:925} INFO - DAG(s) 'tutorial_taskflow_api' retrieved from /home/airflow/.local/lib/python3.12/site-packages/airflow/example_dags/tutorial_taskflow_api.py
[2025-04-30T01:11:21.928+0000] {logging_mixin.py:190} INFO - [2025-04-30T01:11:21.928+0000] {dag.py:3211} INFO - Sync 1 DAGs
[2025-04-30T01:11:21.947+0000] {logging_mixin.py:190} INFO - [2025-04-30T01:11:21.946+0000] {dag.py:4138} INFO - Setting next_dagrun for tutorial_taskflow_api to None, run_after=None
[2025-04-30T01:11:21.980+0000] {processor.py:208} INFO - Processing /home/airflow/.local/lib/python3.12/site-packages/airflow/example_dags/tutorial_taskflow_api.py took 0.095 seconds
[2025-04-30T01:11:52.813+0000] {processor.py:186} INFO - Started process (PID=4249) to work on /home/airflow/.local/lib/python3.12/site-packages/airflow/example_dags/tutorial_taskflow_api.py
[2025-04-30T01:11:52.814+0000] {processor.py:914} INFO - Processing file /home/airflow/.local/lib/python3.12/site-packages/airflow/example_dags/tutorial_taskflow_api.py for tasks to queue
[2025-04-30T01:11:52.817+0000] {logging_mixin.py:190} INFO - [2025-04-30T01:11:52.816+0000] {dagbag.py:587} INFO - Filling up the DagBag from /home/airflow/.local/lib/python3.12/site-packages/airflow/example_dags/tutorial_taskflow_api.py
[2025-04-30T01:11:52.829+0000] {processor.py:925} INFO - DAG(s) 'tutorial_taskflow_api' retrieved from /home/airflow/.local/lib/python3.12/site-packages/airflow/example_dags/tutorial_taskflow_api.py
[2025-04-30T01:11:52.857+0000] {logging_mixin.py:190} INFO - [2025-04-30T01:11:52.857+0000] {dag.py:3211} INFO - Sync 1 DAGs
[2025-04-30T01:11:52.877+0000] {logging_mixin.py:190} INFO - [2025-04-30T01:11:52.877+0000] {dag.py:4138} INFO - Setting next_dagrun for tutorial_taskflow_api to None, run_after=None
[2025-04-30T01:11:52.904+0000] {processor.py:208} INFO - Processing /home/airflow/.local/lib/python3.12/site-packages/airflow/example_dags/tutorial_taskflow_api.py took 0.099 seconds
