[2025-04-30T00:41:53.979+0000] {local_task_job_runner.py:123} INFO - ::group::Pre task execution logs
[2025-04-30T00:41:54.019+0000] {taskinstance.py:2603} INFO - Dependencies all met for dep_context=non-requeueable deps ti=<TaskInstance: initial_dag.sub_task manual__2025-04-30T00:41:46.064754+00:00 [queued]>
[2025-04-30T00:41:54.038+0000] {taskinstance.py:2603} INFO - Dependencies all met for dep_context=requeueable deps ti=<TaskInstance: initial_dag.sub_task manual__2025-04-30T00:41:46.064754+00:00 [queued]>
[2025-04-30T00:41:54.039+0000] {taskinstance.py:2856} INFO - Starting attempt 1 of 1
[2025-04-30T00:41:54.077+0000] {taskinstance.py:2879} INFO - Executing <Task(PythonOperator): sub_task> on 2025-04-30 00:41:46.064754+00:00
[2025-04-30T00:41:54.090+0000] {warnings.py:112} WARNING - /home/***/.local/lib/python3.12/site-packages/***/task/task_runner/standard_task_runner.py:70: DeprecationWarning: This process (pid=207) is multi-threaded, use of fork() may lead to deadlocks in the child.
  pid = os.fork()

[2025-04-30T00:41:54.094+0000] {standard_task_runner.py:72} INFO - Started process 211 to run task
[2025-04-30T00:41:54.096+0000] {standard_task_runner.py:104} INFO - Running: ['***', 'tasks', 'run', 'initial_dag', 'sub_task', 'manual__2025-04-30T00:41:46.064754+00:00', '--job-id', '3', '--raw', '--subdir', 'DAGS_FOLDER/anyname.py', '--cfg-path', '/tmp/tmp7q6rpc9b']
[2025-04-30T00:41:54.099+0000] {standard_task_runner.py:105} INFO - Job 3: Subtask sub_task
[2025-04-30T00:41:54.229+0000] {task_command.py:467} INFO - Running <TaskInstance: initial_dag.sub_task manual__2025-04-30T00:41:46.064754+00:00 [running]> on host 281dbefc219a
[2025-04-30T00:41:54.420+0000] {taskinstance.py:3122} INFO - Exporting env vars: AIRFLOW_CTX_DAG_OWNER='***' AIRFLOW_CTX_DAG_ID='initial_dag' AIRFLOW_CTX_TASK_ID='sub_task' AIRFLOW_CTX_EXECUTION_DATE='2025-04-30T00:41:46.064754+00:00' AIRFLOW_CTX_TRY_NUMBER='1' AIRFLOW_CTX_DAG_RUN_ID='manual__2025-04-30T00:41:46.064754+00:00'
[2025-04-30T00:41:54.426+0000] {logging_mixin.py:190} INFO - Task instance is in running state
[2025-04-30T00:41:54.427+0000] {logging_mixin.py:190} INFO -  Previous state of the Task instance: queued
[2025-04-30T00:41:54.428+0000] {logging_mixin.py:190} INFO - Current task name:sub_task state:running start_date:2025-04-30 00:41:54.020696+00:00
[2025-04-30T00:41:54.430+0000] {logging_mixin.py:190} INFO - Dag name:initial_dag and current dag run status:running
[2025-04-30T00:41:54.434+0000] {taskinstance.py:731} INFO - ::endgroup::
[2025-04-30T00:41:54.437+0000] {python.py:240} INFO - Done. Returned value was: 2
[2025-04-30T00:41:54.497+0000] {taskinstance.py:340} INFO - ::group::Post task execution logs
[2025-04-30T00:41:54.498+0000] {taskinstance.py:352} INFO - Marking task as SUCCESS. dag_id=initial_dag, task_id=sub_task, run_id=manual__2025-04-30T00:41:46.064754+00:00, execution_date=20250430T004146, start_date=20250430T004154, end_date=20250430T004154
[2025-04-30T00:41:54.519+0000] {logging_mixin.py:190} INFO - Task instance in success state
[2025-04-30T00:41:54.521+0000] {logging_mixin.py:190} INFO -  Previous state of the Task instance: running
[2025-04-30T00:41:54.522+0000] {logging_mixin.py:190} INFO - Dag name:initial_dag queued_at:2025-04-30 00:41:46.141322+00:00
[2025-04-30T00:41:54.523+0000] {logging_mixin.py:190} INFO - Task hostname:281dbefc219a operator:PythonOperator
[2025-04-30T00:41:54.557+0000] {local_task_job_runner.py:261} INFO - Task exited with return code 0
[2025-04-30T00:41:54.587+0000] {taskinstance.py:3891} INFO - 0 downstream tasks scheduled from follow-on schedule check
[2025-04-30T00:41:54.591+0000] {local_task_job_runner.py:240} INFO - ::endgroup::
