[2025-05-03T22:26:04.374+0000] {manager.py:470} INFO - Processing files using up to 2 processes at a time 
[2025-05-03T22:26:04.376+0000] {manager.py:471} INFO - Process each file at most once every 30 seconds
[2025-05-03T22:26:04.378+0000] {manager.py:472} INFO - Checking for new files in /opt/airflow/dags every 300 seconds
[2025-05-03T22:26:04.380+0000] {manager.py:737} INFO - Searching for files in /opt/airflow/dags
[2025-05-03T22:26:04.442+0000] {manager.py:740} INFO - There are 1 files in /opt/airflow/dags
[2025-05-03T22:26:04.645+0000] {manager.py:878} INFO - 
================================================================================
DAG File Processing Stats

File Path                   PID  Runtime      # DAGs    # Errors  Last Runtime    Last Run
------------------------  -----  ---------  --------  ----------  --------------  ----------
/opt/airflow/dags/dag.py     66  0.11s             0           0
================================================================================
[2025-05-03T22:26:35.170+0000] {manager.py:878} INFO - 
================================================================================
DAG File Processing Stats

File Path                   PID  Runtime      # DAGs    # Errors  Last Runtime    Last Run
------------------------  -----  ---------  --------  ----------  --------------  -------------------
/opt/airflow/dags/dag.py     73  0.01s             0           0  0.15s           2025-05-03T22:26:04
================================================================================
[2025-05-03T22:27:05.689+0000] {manager.py:878} INFO - 
================================================================================
DAG File Processing Stats

File Path                   PID  Runtime      # DAGs    # Errors  Last Runtime    Last Run
------------------------  -----  ---------  --------  ----------  --------------  -------------------
/opt/airflow/dags/dag.py     80  0.01s             0           0  0.19s           2025-05-03T22:26:35
================================================================================
[2025-05-03T22:27:36.284+0000] {manager.py:878} INFO - 
================================================================================
DAG File Processing Stats

File Path                   PID  Runtime      # DAGs    # Errors  Last Runtime    Last Run
------------------------  -----  ---------  --------  ----------  --------------  -------------------
/opt/airflow/dags/dag.py     87  0.01s             0           0  0.22s           2025-05-03T22:27:05
================================================================================
[2025-05-03T22:28:06.946+0000] {manager.py:878} INFO - 
================================================================================
DAG File Processing Stats

File Path                   PID  Runtime      # DAGs    # Errors  Last Runtime    Last Run
------------------------  -----  ---------  --------  ----------  --------------  -------------------
/opt/airflow/dags/dag.py     94  0.00s             0           0  0.12s           2025-05-03T22:27:36
================================================================================
[2025-05-03T22:28:37.428+0000] {manager.py:878} INFO - 
================================================================================
DAG File Processing Stats

File Path                   PID  Runtime      # DAGs    # Errors  Last Runtime    Last Run
------------------------  -----  ---------  --------  ----------  --------------  -------------------
/opt/airflow/dags/dag.py    127  0.01s             0           0  0.12s           2025-05-03T22:28:07
================================================================================
[2025-05-03T22:29:07.978+0000] {manager.py:878} INFO - 
================================================================================
DAG File Processing Stats

File Path                   PID  Runtime      # DAGs    # Errors  Last Runtime    Last Run
------------------------  -----  ---------  --------  ----------  --------------  -------------------
/opt/airflow/dags/dag.py    134  0.01s             0           0  0.23s           2025-05-03T22:28:37
================================================================================
[2025-05-03T22:29:38.443+0000] {manager.py:878} INFO - 
================================================================================
DAG File Processing Stats

File Path                   PID  Runtime      # DAGs    # Errors  Last Runtime    Last Run
------------------------  -----  ---------  --------  ----------  --------------  -------------------
/opt/airflow/dags/dag.py    141  0.01s             0           0  0.22s           2025-05-03T22:29:08
================================================================================
[2025-05-03T22:30:08.930+0000] {manager.py:878} INFO - 
================================================================================
DAG File Processing Stats

File Path                   PID  Runtime      # DAGs    # Errors  Last Runtime    Last Run
------------------------  -----  ---------  --------  ----------  --------------  -------------------
/opt/airflow/dags/dag.py    148  0.01s             0           0  0.15s           2025-05-03T22:29:38
================================================================================
[2025-05-03T22:30:39.559+0000] {manager.py:878} INFO - 
================================================================================
DAG File Processing Stats

File Path                   PID  Runtime      # DAGs    # Errors  Last Runtime    Last Run
------------------------  -----  ---------  --------  ----------  --------------  -------------------
/opt/airflow/dags/dag.py    155  0.01s             0           0  0.15s           2025-05-03T22:30:09
================================================================================
[2025-05-03T22:31:04.983+0000] {manager.py:737} INFO - Searching for files in /opt/airflow/dags
[2025-05-03T22:31:05.098+0000] {manager.py:740} INFO - There are 1 files in /opt/airflow/dags
[2025-05-03T22:31:10.226+0000] {manager.py:878} INFO - 
================================================================================
DAG File Processing Stats

File Path                   PID  Runtime      # DAGs    # Errors  Last Runtime    Last Run
------------------------  -----  ---------  --------  ----------  --------------  -------------------
/opt/airflow/dags/dag.py    162  0.01s             0           0  0.11s           2025-05-03T22:30:39
================================================================================
[2025-05-03T22:31:40.796+0000] {manager.py:878} INFO - 
================================================================================
DAG File Processing Stats

File Path                   PID  Runtime      # DAGs    # Errors  Last Runtime    Last Run
------------------------  -----  ---------  --------  ----------  --------------  -------------------
/opt/airflow/dags/dag.py    169  0.01s             0           0  0.18s           2025-05-03T22:31:10
================================================================================
[2025-05-03T22:32:11.421+0000] {manager.py:878} INFO - 
================================================================================
DAG File Processing Stats

File Path                   PID  Runtime      # DAGs    # Errors  Last Runtime    Last Run
------------------------  -----  ---------  --------  ----------  --------------  -------------------
/opt/airflow/dags/dag.py    176  0.01s             0           0  0.28s           2025-05-03T22:31:41
================================================================================
[2025-05-03T22:32:42.035+0000] {manager.py:878} INFO - 
================================================================================
DAG File Processing Stats

File Path                   PID  Runtime      # DAGs    # Errors  Last Runtime    Last Run
------------------------  -----  ---------  --------  ----------  --------------  -------------------
/opt/airflow/dags/dag.py    183  0.00s             0           0  0.21s           2025-05-03T22:32:11
================================================================================
[2025-05-03T22:33:12.572+0000] {manager.py:878} INFO - 
================================================================================
DAG File Processing Stats

File Path                   PID  Runtime      # DAGs    # Errors  Last Runtime    Last Run
------------------------  -----  ---------  --------  ----------  --------------  -------------------
/opt/airflow/dags/dag.py    190  0.01s             0           0  0.11s           2025-05-03T22:32:42
================================================================================
[2025-05-03T22:33:43.097+0000] {manager.py:878} INFO - 
================================================================================
DAG File Processing Stats

File Path                   PID  Runtime      # DAGs    # Errors  Last Runtime    Last Run
------------------------  -----  ---------  --------  ----------  --------------  -------------------
/opt/airflow/dags/dag.py    197  0.01s             0           0  0.24s           2025-05-03T22:33:12
================================================================================
[2025-05-03T22:34:13.638+0000] {manager.py:878} INFO - 
================================================================================
DAG File Processing Stats

File Path                   PID  Runtime      # DAGs    # Errors  Last Runtime    Last Run
------------------------  -----  ---------  --------  ----------  --------------  -------------------
/opt/airflow/dags/dag.py    204  0.01s             0           0  0.15s           2025-05-03T22:33:43
================================================================================
[2025-05-03T22:34:44.311+0000] {manager.py:878} INFO - 
================================================================================
DAG File Processing Stats

File Path                   PID  Runtime      # DAGs    # Errors  Last Runtime    Last Run
------------------------  -----  ---------  --------  ----------  --------------  -------------------
/opt/airflow/dags/dag.py    211  0.01s             0           0  0.11s           2025-05-03T22:34:13
================================================================================
[2025-05-03T22:35:14.920+0000] {manager.py:878} INFO - 
================================================================================
DAG File Processing Stats

File Path                   PID  Runtime      # DAGs    # Errors  Last Runtime    Last Run
------------------------  -----  ---------  --------  ----------  --------------  -------------------
/opt/airflow/dags/dag.py    218  0.02s             0           0  0.21s           2025-05-03T22:34:44
================================================================================
[2025-05-03T22:35:40.649+0000] {manager.py:452} INFO - Exiting gracefully upon receiving signal 15
[2025-05-03T22:41:01.297+0000] {manager.py:470} INFO - Processing files using up to 2 processes at a time 
[2025-05-03T22:41:01.300+0000] {manager.py:471} INFO - Process each file at most once every 30 seconds
[2025-05-03T22:41:01.302+0000] {manager.py:472} INFO - Checking for new files in /opt/airflow/dags every 300 seconds
[2025-05-03T22:41:01.305+0000] {manager.py:737} INFO - Searching for files in /opt/airflow/dags
[2025-05-03T22:41:01.360+0000] {manager.py:740} INFO - There are 1 files in /opt/airflow/dags
[2025-05-03T22:41:01.558+0000] {manager.py:878} INFO - 
================================================================================
DAG File Processing Stats

File Path                   PID  Runtime      # DAGs    # Errors  Last Runtime    Last Run
------------------------  -----  ---------  --------  ----------  --------------  ----------
/opt/airflow/dags/dag.py     66  0.09s             0           0
================================================================================
[2025-05-03T22:41:32.069+0000] {manager.py:878} INFO - 
================================================================================
DAG File Processing Stats

File Path                   PID  Runtime      # DAGs    # Errors  Last Runtime    Last Run
------------------------  -----  ---------  --------  ----------  --------------  -------------------
/opt/airflow/dags/dag.py     73  0.01s             0           0  0.12s           2025-05-03T22:41:01
================================================================================
[2025-05-03T22:42:02.618+0000] {manager.py:878} INFO - 
================================================================================
DAG File Processing Stats

File Path                   PID  Runtime      # DAGs    # Errors  Last Runtime    Last Run
------------------------  -----  ---------  --------  ----------  --------------  -------------------
/opt/airflow/dags/dag.py     80  0.01s             0           0  0.12s           2025-05-03T22:41:32
================================================================================
[2025-05-03T22:42:33.110+0000] {manager.py:878} INFO - 
================================================================================
DAG File Processing Stats

File Path                   PID  Runtime      # DAGs    # Errors  Last Runtime    Last Run
------------------------  -----  ---------  --------  ----------  --------------  -------------------
/opt/airflow/dags/dag.py     87  0.01s             0           0  0.17s           2025-05-03T22:42:02
================================================================================
[2025-05-03T22:43:03.736+0000] {manager.py:878} INFO - 
================================================================================
DAG File Processing Stats

File Path                   PID  Runtime      # DAGs    # Errors  Last Runtime    Last Run
------------------------  -----  ---------  --------  ----------  --------------  -------------------
/opt/airflow/dags/dag.py     94  0.01s             0           0  0.15s           2025-05-03T22:42:33
================================================================================
[2025-05-03T22:43:34.293+0000] {manager.py:878} INFO - 
================================================================================
DAG File Processing Stats

File Path                   PID  Runtime      # DAGs    # Errors  Last Runtime    Last Run
------------------------  -----  ---------  --------  ----------  --------------  -------------------
/opt/airflow/dags/dag.py    101  0.01s             0           0  0.24s           2025-05-03T22:43:03
================================================================================
[2025-05-03T22:44:04.944+0000] {manager.py:878} INFO - 
================================================================================
DAG File Processing Stats

File Path                   PID  Runtime      # DAGs    # Errors  Last Runtime    Last Run
------------------------  -----  ---------  --------  ----------  --------------  -------------------
/opt/airflow/dags/dag.py    115  0.02s             0           0  0.25s           2025-05-03T22:43:34
================================================================================
[2025-05-03T22:44:35.527+0000] {manager.py:878} INFO - 
================================================================================
DAG File Processing Stats

File Path                   PID  Runtime      # DAGs    # Errors  Last Runtime    Last Run
------------------------  -----  ---------  --------  ----------  --------------  -------------------
/opt/airflow/dags/dag.py    122  0.01s             0           0  0.26s           2025-05-03T22:44:05
================================================================================
[2025-05-03T22:45:06.283+0000] {manager.py:878} INFO - 
================================================================================
DAG File Processing Stats

File Path                   PID  Runtime      # DAGs    # Errors  Last Runtime    Last Run
------------------------  -----  ---------  --------  ----------  --------------  -------------------
/opt/airflow/dags/dag.py    129  0.01s             0           0  0.13s           2025-05-03T22:44:35
================================================================================
[2025-05-03T22:45:36.786+0000] {manager.py:878} INFO - 
================================================================================
DAG File Processing Stats

File Path                   PID  Runtime      # DAGs    # Errors  Last Runtime    Last Run
------------------------  -----  ---------  --------  ----------  --------------  -------------------
/opt/airflow/dags/dag.py    137  0.01s             0           0  0.24s           2025-05-03T22:45:06
================================================================================
[2025-05-03T22:46:02.081+0000] {manager.py:737} INFO - Searching for files in /opt/airflow/dags
[2025-05-03T22:46:02.198+0000] {manager.py:740} INFO - There are 1 files in /opt/airflow/dags
[2025-05-03T22:46:07.525+0000] {manager.py:878} INFO - 
================================================================================
DAG File Processing Stats

File Path                   PID  Runtime      # DAGs    # Errors  Last Runtime    Last Run
------------------------  -----  ---------  --------  ----------  --------------  -------------------
/opt/airflow/dags/dag.py    144  0.01s             0           0  0.13s           2025-05-03T22:45:36
================================================================================
[2025-05-04T14:24:44.229+0000] {manager.py:737} INFO - Searching for files in /opt/airflow/dags
[2025-05-04T14:24:48.445+0000] {manager.py:740} INFO - There are 1 files in /opt/airflow/dags
[2025-05-04T14:24:55.668+0000] {manager.py:878} INFO - 
================================================================================
DAG File Processing Stats

File Path                 PID    Runtime      # DAGs    # Errors  Last Runtime    Last Run
------------------------  -----  ---------  --------  ----------  --------------  -------------------
/opt/airflow/dags/dag.py                           0           0  0.65s           2025-05-04T14:24:49
================================================================================
[2025-05-04T14:25:26.860+0000] {manager.py:878} INFO - 
================================================================================
DAG File Processing Stats

File Path                 PID    Runtime      # DAGs    # Errors  Last Runtime    Last Run
------------------------  -----  ---------  --------  ----------  --------------  -------------------
/opt/airflow/dags/dag.py                           0           0  0.14s           2025-05-04T14:25:20
================================================================================
[2025-05-04T14:25:58.299+0000] {manager.py:878} INFO - 
================================================================================
DAG File Processing Stats

File Path                 PID    Runtime      # DAGs    # Errors  Last Runtime    Last Run
------------------------  -----  ---------  --------  ----------  --------------  -------------------
/opt/airflow/dags/dag.py                           0           0  0.11s           2025-05-04T14:25:50
================================================================================
[2025-05-04T14:26:28.535+0000] {manager.py:878} INFO - 
================================================================================
DAG File Processing Stats

File Path                 PID    Runtime      # DAGs    # Errors  Last Runtime    Last Run
------------------------  -----  ---------  --------  ----------  --------------  -------------------
/opt/airflow/dags/dag.py                           0           0  0.12s           2025-05-04T14:26:20
================================================================================
[2025-05-04T14:27:00.533+0000] {manager.py:878} INFO - 
================================================================================
DAG File Processing Stats

File Path                 PID    Runtime      # DAGs    # Errors  Last Runtime    Last Run
------------------------  -----  ---------  --------  ----------  --------------  -------------------
/opt/airflow/dags/dag.py                           0           0  0.15s           2025-05-04T14:26:50
================================================================================
[2025-05-04T14:27:31.815+0000] {manager.py:878} INFO - 
================================================================================
DAG File Processing Stats

File Path                 PID    Runtime      # DAGs    # Errors  Last Runtime    Last Run
------------------------  -----  ---------  --------  ----------  --------------  -------------------
/opt/airflow/dags/dag.py                           0           0  0.29s           2025-05-04T14:27:22
================================================================================
[2025-05-04T14:28:03.213+0000] {manager.py:878} INFO - 
================================================================================
DAG File Processing Stats

File Path                 PID    Runtime      # DAGs    # Errors  Last Runtime    Last Run
------------------------  -----  ---------  --------  ----------  --------------  -------------------
/opt/airflow/dags/dag.py                           0           0  0.14s           2025-05-04T14:27:52
================================================================================
[2025-05-04T14:28:34.476+0000] {manager.py:878} INFO - 
================================================================================
DAG File Processing Stats

File Path                 PID    Runtime      # DAGs    # Errors  Last Runtime    Last Run
------------------------  -----  ---------  --------  ----------  --------------  -------------------
/opt/airflow/dags/dag.py                           0           0  0.17s           2025-05-04T14:28:22
================================================================================
[2025-05-04T14:29:05.911+0000] {manager.py:878} INFO - 
================================================================================
DAG File Processing Stats

File Path                 PID    Runtime      # DAGs    # Errors  Last Runtime    Last Run
------------------------  -----  ---------  --------  ----------  --------------  -------------------
/opt/airflow/dags/dag.py                           0           0  0.18s           2025-05-04T14:28:53
================================================================================
[2025-05-04T14:29:37.037+0000] {manager.py:878} INFO - 
================================================================================
DAG File Processing Stats

File Path                 PID    Runtime      # DAGs    # Errors  Last Runtime    Last Run
------------------------  -----  ---------  --------  ----------  --------------  -------------------
/opt/airflow/dags/dag.py                           0           0  0.13s           2025-05-04T14:29:23
================================================================================
[2025-05-04T14:29:44.252+0000] {manager.py:737} INFO - Searching for files in /opt/airflow/dags
[2025-05-04T14:29:44.365+0000] {manager.py:740} INFO - There are 1 files in /opt/airflow/dags
[2025-05-04T14:30:08.498+0000] {manager.py:878} INFO - 
================================================================================
DAG File Processing Stats

File Path                 PID    Runtime      # DAGs    # Errors  Last Runtime    Last Run
------------------------  -----  ---------  --------  ----------  --------------  -------------------
/opt/airflow/dags/dag.py                           0           0  0.11s           2025-05-04T14:29:53
================================================================================
[2025-05-04T14:30:39.898+0000] {manager.py:878} INFO - 
================================================================================
DAG File Processing Stats

File Path                 PID    Runtime      # DAGs    # Errors  Last Runtime    Last Run
------------------------  -----  ---------  --------  ----------  --------------  -------------------
/opt/airflow/dags/dag.py                           0           0  0.21s           2025-05-04T14:30:23
================================================================================
[2025-05-04T14:31:10.855+0000] {manager.py:878} INFO - 
================================================================================
DAG File Processing Stats

File Path                 PID    Runtime      # DAGs    # Errors  Last Runtime    Last Run
------------------------  -----  ---------  --------  ----------  --------------  -------------------
/opt/airflow/dags/dag.py                           0           0  0.12s           2025-05-04T14:30:54
================================================================================
[2025-05-04T14:31:41.923+0000] {manager.py:878} INFO - 
================================================================================
DAG File Processing Stats

File Path                 PID    Runtime      # DAGs    # Errors  Last Runtime    Last Run
------------------------  -----  ---------  --------  ----------  --------------  -------------------
/opt/airflow/dags/dag.py                           0           0  0.15s           2025-05-04T14:31:25
================================================================================
[2025-05-04T14:32:13.230+0000] {manager.py:878} INFO - 
================================================================================
DAG File Processing Stats

File Path                 PID    Runtime      # DAGs    # Errors  Last Runtime    Last Run
------------------------  -----  ---------  --------  ----------  --------------  -------------------
/opt/airflow/dags/dag.py                           0           0  0.13s           2025-05-04T14:31:56
================================================================================
[2025-05-04T14:32:44.517+0000] {manager.py:878} INFO - 
================================================================================
DAG File Processing Stats

File Path                 PID    Runtime      # DAGs    # Errors  Last Runtime    Last Run
------------------------  -----  ---------  --------  ----------  --------------  -------------------
/opt/airflow/dags/dag.py                           0           0  0.16s           2025-05-04T14:32:26
================================================================================
[2025-05-04T14:33:15.781+0000] {manager.py:878} INFO - 
================================================================================
DAG File Processing Stats

File Path                 PID    Runtime      # DAGs    # Errors  Last Runtime    Last Run
------------------------  -----  ---------  --------  ----------  --------------  -------------------
/opt/airflow/dags/dag.py                           0           0  0.13s           2025-05-04T14:32:56
================================================================================
[2025-05-04T14:33:46.928+0000] {manager.py:878} INFO - 
================================================================================
DAG File Processing Stats

File Path                 PID    Runtime      # DAGs    # Errors  Last Runtime    Last Run
------------------------  -----  ---------  --------  ----------  --------------  -------------------
/opt/airflow/dags/dag.py                           0           0  0.24s           2025-05-04T14:33:27
================================================================================
[2025-05-04T14:34:18.437+0000] {manager.py:878} INFO - 
================================================================================
DAG File Processing Stats

File Path                 PID    Runtime      # DAGs    # Errors  Last Runtime    Last Run
------------------------  -----  ---------  --------  ----------  --------------  -------------------
/opt/airflow/dags/dag.py                           0           0  0.20s           2025-05-04T14:33:57
================================================================================
[2025-05-04T14:34:44.582+0000] {manager.py:737} INFO - Searching for files in /opt/airflow/dags
[2025-05-04T14:34:44.645+0000] {manager.py:740} INFO - There are 1 files in /opt/airflow/dags
[2025-05-04T14:34:49.746+0000] {manager.py:878} INFO - 
================================================================================
DAG File Processing Stats

File Path                 PID    Runtime      # DAGs    # Errors  Last Runtime    Last Run
------------------------  -----  ---------  --------  ----------  --------------  -------------------
/opt/airflow/dags/dag.py                           0           0  0.12s           2025-05-04T14:34:27
================================================================================
[2025-05-04T14:35:20.900+0000] {manager.py:878} INFO - 
================================================================================
DAG File Processing Stats

File Path                 PID    Runtime      # DAGs    # Errors  Last Runtime    Last Run
------------------------  -----  ---------  --------  ----------  --------------  -------------------
/opt/airflow/dags/dag.py                           0           0  0.11s           2025-05-04T14:34:58
================================================================================
[2025-05-04T14:35:52.259+0000] {manager.py:878} INFO - 
================================================================================
DAG File Processing Stats

File Path                 PID    Runtime      # DAGs    # Errors  Last Runtime    Last Run
------------------------  -----  ---------  --------  ----------  --------------  -------------------
/opt/airflow/dags/dag.py                           0           0  0.17s           2025-05-04T14:35:28
================================================================================
[2025-05-04T14:36:23.455+0000] {manager.py:878} INFO - 
================================================================================
DAG File Processing Stats

File Path                 PID    Runtime      # DAGs    # Errors  Last Runtime    Last Run
------------------------  -----  ---------  --------  ----------  --------------  -------------------
/opt/airflow/dags/dag.py                           0           0  0.12s           2025-05-04T14:35:58
================================================================================
[2025-05-04T14:36:54.832+0000] {manager.py:878} INFO - 
================================================================================
DAG File Processing Stats

File Path                 PID    Runtime      # DAGs    # Errors  Last Runtime    Last Run
------------------------  -----  ---------  --------  ----------  --------------  -------------------
/opt/airflow/dags/dag.py                           0           0  0.12s           2025-05-04T14:36:28
================================================================================
[2025-05-04T14:37:26.006+0000] {manager.py:878} INFO - 
================================================================================
DAG File Processing Stats

File Path                 PID    Runtime      # DAGs    # Errors  Last Runtime    Last Run
------------------------  -----  ---------  --------  ----------  --------------  -------------------
/opt/airflow/dags/dag.py                           0           0  0.15s           2025-05-04T14:36:59
================================================================================
[2025-05-04T14:37:57.483+0000] {manager.py:878} INFO - 
================================================================================
DAG File Processing Stats

File Path                 PID    Runtime      # DAGs    # Errors  Last Runtime    Last Run
------------------------  -----  ---------  --------  ----------  --------------  -------------------
/opt/airflow/dags/dag.py                           0           0  0.12s           2025-05-04T14:37:29
================================================================================
[2025-05-04T14:38:28.800+0000] {manager.py:878} INFO - 
================================================================================
DAG File Processing Stats

File Path                 PID    Runtime      # DAGs    # Errors  Last Runtime    Last Run
------------------------  -----  ---------  --------  ----------  --------------  -------------------
/opt/airflow/dags/dag.py                           0           0  0.11s           2025-05-04T14:37:59
================================================================================
[2025-05-04T14:39:00.225+0000] {manager.py:878} INFO - 
================================================================================
DAG File Processing Stats

File Path                   PID  Runtime      # DAGs    # Errors  Last Runtime    Last Run
------------------------  -----  ---------  --------  ----------  --------------  -------------------
/opt/airflow/dags/dag.py    341  0.01s             0           0  0.13s           2025-05-04T14:38:29
================================================================================
[2025-05-04T14:39:31.502+0000] {manager.py:878} INFO - 
================================================================================
DAG File Processing Stats

File Path                 PID    Runtime      # DAGs    # Errors  Last Runtime    Last Run
------------------------  -----  ---------  --------  ----------  --------------  -------------------
/opt/airflow/dags/dag.py                           0           0  0.13s           2025-05-04T14:39:30
================================================================================
[2025-05-04T14:39:45.637+0000] {manager.py:737} INFO - Searching for files in /opt/airflow/dags
[2025-05-04T14:39:45.705+0000] {manager.py:740} INFO - There are 1 files in /opt/airflow/dags
[2025-05-04T14:40:02.942+0000] {manager.py:878} INFO - 
================================================================================
DAG File Processing Stats

File Path                 PID    Runtime      # DAGs    # Errors  Last Runtime    Last Run
------------------------  -----  ---------  --------  ----------  --------------  -------------------
/opt/airflow/dags/dag.py                           0           0  0.15s           2025-05-04T14:40:01
================================================================================
[2025-05-04T14:40:34.183+0000] {manager.py:878} INFO - 
================================================================================
DAG File Processing Stats

File Path                 PID    Runtime      # DAGs    # Errors  Last Runtime    Last Run
------------------------  -----  ---------  --------  ----------  --------------  -------------------
/opt/airflow/dags/dag.py                           0           0  0.11s           2025-05-04T14:40:31
================================================================================
[2025-05-04T14:41:05.608+0000] {manager.py:878} INFO - 
================================================================================
DAG File Processing Stats

File Path                 PID    Runtime      # DAGs    # Errors  Last Runtime    Last Run
------------------------  -----  ---------  --------  ----------  --------------  -------------------
/opt/airflow/dags/dag.py                           0           0  0.13s           2025-05-04T14:41:01
================================================================================
[2025-05-04T14:41:36.807+0000] {manager.py:878} INFO - 
================================================================================
DAG File Processing Stats

File Path                 PID    Runtime      # DAGs    # Errors  Last Runtime    Last Run
------------------------  -----  ---------  --------  ----------  --------------  -------------------
/opt/airflow/dags/dag.py                           0           0  0.11s           2025-05-04T14:41:31
================================================================================
[2025-05-04T14:42:08.247+0000] {manager.py:878} INFO - 
================================================================================
DAG File Processing Stats

File Path                 PID    Runtime      # DAGs    # Errors  Last Runtime    Last Run
------------------------  -----  ---------  --------  ----------  --------------  -------------------
/opt/airflow/dags/dag.py                           0           0  0.12s           2025-05-04T14:42:02
================================================================================
[2025-05-04T14:42:39.648+0000] {manager.py:878} INFO - 
================================================================================
DAG File Processing Stats

File Path                 PID    Runtime      # DAGs    # Errors  Last Runtime    Last Run
------------------------  -----  ---------  --------  ----------  --------------  -------------------
/opt/airflow/dags/dag.py                           0           0  0.14s           2025-05-04T14:42:32
================================================================================
[2025-05-04T14:43:10.931+0000] {manager.py:878} INFO - 
================================================================================
DAG File Processing Stats

File Path                 PID    Runtime      # DAGs    # Errors  Last Runtime    Last Run
------------------------  -----  ---------  --------  ----------  --------------  -------------------
/opt/airflow/dags/dag.py                           0           0  0.14s           2025-05-04T14:43:02
================================================================================
[2025-05-04T14:43:42.337+0000] {manager.py:878} INFO - 
================================================================================
DAG File Processing Stats

File Path                 PID    Runtime      # DAGs    # Errors  Last Runtime    Last Run
------------------------  -----  ---------  --------  ----------  --------------  -------------------
/opt/airflow/dags/dag.py                           0           0  0.16s           2025-05-04T14:43:33
================================================================================
[2025-05-04T14:44:13.727+0000] {manager.py:878} INFO - 
================================================================================
DAG File Processing Stats

File Path                 PID    Runtime      # DAGs    # Errors  Last Runtime    Last Run
------------------------  -----  ---------  --------  ----------  --------------  -------------------
/opt/airflow/dags/dag.py                           0           0  0.15s           2025-05-04T14:44:03
================================================================================
[2025-05-04T14:44:44.724+0000] {manager.py:878} INFO - 
================================================================================
DAG File Processing Stats

File Path                 PID    Runtime      # DAGs    # Errors  Last Runtime    Last Run
------------------------  -----  ---------  --------  ----------  --------------  -------------------
/opt/airflow/dags/dag.py                           0           0  0.14s           2025-05-04T14:44:33
================================================================================
[2025-05-04T15:40:57.419+0000] {manager.py:737} INFO - Searching for files in /opt/airflow/dags
[2025-05-04T15:40:58.843+0000] {manager.py:740} INFO - There are 1 files in /opt/airflow/dags
[2025-05-04T15:41:26.997+0000] {manager.py:878} INFO - 
================================================================================
DAG File Processing Stats

File Path                 PID    Runtime      # DAGs    # Errors  Last Runtime    Last Run
------------------------  -----  ---------  --------  ----------  --------------  -------------------
/opt/airflow/dags/dag.py                           0           0  0.45s           2025-05-04T15:40:59
================================================================================
[2025-05-04T15:41:57.972+0000] {manager.py:878} INFO - 
================================================================================
DAG File Processing Stats

File Path                 PID    Runtime      # DAGs    # Errors  Last Runtime    Last Run
------------------------  -----  ---------  --------  ----------  --------------  -------------------
/opt/airflow/dags/dag.py                           0           0  0.12s           2025-05-04T15:41:29
================================================================================
[2025-05-04T15:42:29.364+0000] {manager.py:878} INFO - 
================================================================================
DAG File Processing Stats

File Path                 PID    Runtime      # DAGs    # Errors  Last Runtime    Last Run
------------------------  -----  ---------  --------  ----------  --------------  -------------------
/opt/airflow/dags/dag.py                           0           0  0.15s           2025-05-04T15:42:00
================================================================================
[2025-05-04T15:43:00.837+0000] {manager.py:878} INFO - 
================================================================================
DAG File Processing Stats

File Path                   PID  Runtime      # DAGs    # Errors  Last Runtime    Last Run
------------------------  -----  ---------  --------  ----------  --------------  -------------------
/opt/airflow/dags/dag.py    449  0.01s             0           0  0.14s           2025-05-04T15:42:30
================================================================================
