[2025-04-30T00:30:54.529+0000] {processor.py:186} INFO - Started process (PID=110) to work on /home/airflow/.local/lib/python3.12/site-packages/airflow/example_dags/example_branch_operator.py
[2025-04-30T00:30:54.532+0000] {processor.py:914} INFO - Processing file /home/airflow/.local/lib/python3.12/site-packages/airflow/example_dags/example_branch_operator.py for tasks to queue
[2025-04-30T00:30:54.536+0000] {logging_mixin.py:190} INFO - [2025-04-30T00:30:54.535+0000] {dagbag.py:587} INFO - Filling up the DagBag from /home/airflow/.local/lib/python3.12/site-packages/airflow/example_dags/example_branch_operator.py
[2025-04-30T00:30:54.582+0000] {processor.py:925} INFO - DAG(s) 'example_branch_operator' retrieved from /home/airflow/.local/lib/python3.12/site-packages/airflow/example_dags/example_branch_operator.py
[2025-04-30T00:30:54.829+0000] {logging_mixin.py:190} INFO - [2025-04-30T00:30:54.827+0000] {override.py:1858} INFO - Created Permission View: can edit on DAG:example_branch_operator
[2025-04-30T00:30:54.849+0000] {logging_mixin.py:190} INFO - [2025-04-30T00:30:54.849+0000] {override.py:1858} INFO - Created Permission View: can read on DAG:example_branch_operator
[2025-04-30T00:30:54.864+0000] {logging_mixin.py:190} INFO - [2025-04-30T00:30:54.863+0000] {override.py:1858} INFO - Created Permission View: can delete on DAG:example_branch_operator
[2025-04-30T00:30:54.865+0000] {logging_mixin.py:190} INFO - [2025-04-30T00:30:54.865+0000] {dag.py:3211} INFO - Sync 1 DAGs
[2025-04-30T00:30:54.896+0000] {logging_mixin.py:190} INFO - [2025-04-30T00:30:54.896+0000] {dag.py:3234} INFO - Creating ORM DAG for example_branch_operator
[2025-04-30T00:30:54.917+0000] {logging_mixin.py:190} INFO - [2025-04-30T00:30:54.917+0000] {dag.py:4138} INFO - Setting next_dagrun for example_branch_operator to 2025-04-29 00:00:00+00:00, run_after=2025-04-30 00:00:00+00:00
[2025-04-30T00:30:54.956+0000] {processor.py:208} INFO - Processing /home/airflow/.local/lib/python3.12/site-packages/airflow/example_dags/example_branch_operator.py took 0.440 seconds
[2025-04-30T00:31:25.714+0000] {processor.py:186} INFO - Started process (PID=179) to work on /home/airflow/.local/lib/python3.12/site-packages/airflow/example_dags/example_branch_operator.py
[2025-04-30T00:31:25.719+0000] {processor.py:914} INFO - Processing file /home/airflow/.local/lib/python3.12/site-packages/airflow/example_dags/example_branch_operator.py for tasks to queue
[2025-04-30T00:31:25.730+0000] {logging_mixin.py:190} INFO - [2025-04-30T00:31:25.729+0000] {dagbag.py:587} INFO - Filling up the DagBag from /home/airflow/.local/lib/python3.12/site-packages/airflow/example_dags/example_branch_operator.py
[2025-04-30T00:31:25.797+0000] {processor.py:925} INFO - DAG(s) 'example_branch_operator' retrieved from /home/airflow/.local/lib/python3.12/site-packages/airflow/example_dags/example_branch_operator.py
[2025-04-30T00:31:25.858+0000] {logging_mixin.py:190} INFO - [2025-04-30T00:31:25.858+0000] {dag.py:3211} INFO - Sync 1 DAGs
[2025-04-30T00:31:25.912+0000] {logging_mixin.py:190} INFO - [2025-04-30T00:31:25.911+0000] {dag.py:4138} INFO - Setting next_dagrun for example_branch_operator to 2025-04-29 00:00:00+00:00, run_after=2025-04-30 00:00:00+00:00
[2025-04-30T00:31:25.951+0000] {processor.py:208} INFO - Processing /home/airflow/.local/lib/python3.12/site-packages/airflow/example_dags/example_branch_operator.py took 0.262 seconds
[2025-04-30T00:31:56.129+0000] {processor.py:186} INFO - Started process (PID=242) to work on /home/airflow/.local/lib/python3.12/site-packages/airflow/example_dags/example_branch_operator.py
[2025-04-30T00:31:56.132+0000] {processor.py:914} INFO - Processing file /home/airflow/.local/lib/python3.12/site-packages/airflow/example_dags/example_branch_operator.py for tasks to queue
[2025-04-30T00:31:56.138+0000] {logging_mixin.py:190} INFO - [2025-04-30T00:31:56.137+0000] {dagbag.py:587} INFO - Filling up the DagBag from /home/airflow/.local/lib/python3.12/site-packages/airflow/example_dags/example_branch_operator.py
[2025-04-30T00:31:56.182+0000] {processor.py:925} INFO - DAG(s) 'example_branch_operator' retrieved from /home/airflow/.local/lib/python3.12/site-packages/airflow/example_dags/example_branch_operator.py
[2025-04-30T00:31:56.239+0000] {logging_mixin.py:190} INFO - [2025-04-30T00:31:56.239+0000] {dag.py:3211} INFO - Sync 1 DAGs
[2025-04-30T00:31:56.287+0000] {logging_mixin.py:190} INFO - [2025-04-30T00:31:56.286+0000] {dag.py:4138} INFO - Setting next_dagrun for example_branch_operator to 2025-04-29 00:00:00+00:00, run_after=2025-04-30 00:00:00+00:00
[2025-04-30T00:31:56.321+0000] {processor.py:208} INFO - Processing /home/airflow/.local/lib/python3.12/site-packages/airflow/example_dags/example_branch_operator.py took 0.207 seconds
[2025-04-30T00:32:26.695+0000] {processor.py:186} INFO - Started process (PID=304) to work on /home/airflow/.local/lib/python3.12/site-packages/airflow/example_dags/example_branch_operator.py
[2025-04-30T00:32:26.697+0000] {processor.py:914} INFO - Processing file /home/airflow/.local/lib/python3.12/site-packages/airflow/example_dags/example_branch_operator.py for tasks to queue
[2025-04-30T00:32:26.703+0000] {logging_mixin.py:190} INFO - [2025-04-30T00:32:26.702+0000] {dagbag.py:587} INFO - Filling up the DagBag from /home/airflow/.local/lib/python3.12/site-packages/airflow/example_dags/example_branch_operator.py
[2025-04-30T00:32:26.740+0000] {processor.py:925} INFO - DAG(s) 'example_branch_operator' retrieved from /home/airflow/.local/lib/python3.12/site-packages/airflow/example_dags/example_branch_operator.py
[2025-04-30T00:32:26.792+0000] {logging_mixin.py:190} INFO - [2025-04-30T00:32:26.792+0000] {dag.py:3211} INFO - Sync 1 DAGs
[2025-04-30T00:32:26.836+0000] {logging_mixin.py:190} INFO - [2025-04-30T00:32:26.835+0000] {dag.py:4138} INFO - Setting next_dagrun for example_branch_operator to 2025-04-29 00:00:00+00:00, run_after=2025-04-30 00:00:00+00:00
[2025-04-30T00:32:26.872+0000] {processor.py:208} INFO - Processing /home/airflow/.local/lib/python3.12/site-packages/airflow/example_dags/example_branch_operator.py took 0.186 seconds
[2025-04-30T00:32:57.244+0000] {processor.py:186} INFO - Started process (PID=367) to work on /home/airflow/.local/lib/python3.12/site-packages/airflow/example_dags/example_branch_operator.py
[2025-04-30T00:32:57.246+0000] {processor.py:914} INFO - Processing file /home/airflow/.local/lib/python3.12/site-packages/airflow/example_dags/example_branch_operator.py for tasks to queue
[2025-04-30T00:32:57.251+0000] {logging_mixin.py:190} INFO - [2025-04-30T00:32:57.250+0000] {dagbag.py:587} INFO - Filling up the DagBag from /home/airflow/.local/lib/python3.12/site-packages/airflow/example_dags/example_branch_operator.py
[2025-04-30T00:32:57.286+0000] {processor.py:925} INFO - DAG(s) 'example_branch_operator' retrieved from /home/airflow/.local/lib/python3.12/site-packages/airflow/example_dags/example_branch_operator.py
[2025-04-30T00:32:57.345+0000] {logging_mixin.py:190} INFO - [2025-04-30T00:32:57.345+0000] {dag.py:3211} INFO - Sync 1 DAGs
[2025-04-30T00:32:57.393+0000] {logging_mixin.py:190} INFO - [2025-04-30T00:32:57.392+0000] {dag.py:4138} INFO - Setting next_dagrun for example_branch_operator to 2025-04-29 00:00:00+00:00, run_after=2025-04-30 00:00:00+00:00
[2025-04-30T00:32:57.431+0000] {processor.py:208} INFO - Processing /home/airflow/.local/lib/python3.12/site-packages/airflow/example_dags/example_branch_operator.py took 0.197 seconds
[2025-04-30T00:33:27.538+0000] {processor.py:186} INFO - Started process (PID=429) to work on /home/airflow/.local/lib/python3.12/site-packages/airflow/example_dags/example_branch_operator.py
[2025-04-30T00:33:27.540+0000] {processor.py:914} INFO - Processing file /home/airflow/.local/lib/python3.12/site-packages/airflow/example_dags/example_branch_operator.py for tasks to queue
[2025-04-30T00:33:27.546+0000] {logging_mixin.py:190} INFO - [2025-04-30T00:33:27.545+0000] {dagbag.py:587} INFO - Filling up the DagBag from /home/airflow/.local/lib/python3.12/site-packages/airflow/example_dags/example_branch_operator.py
[2025-04-30T00:33:27.594+0000] {processor.py:925} INFO - DAG(s) 'example_branch_operator' retrieved from /home/airflow/.local/lib/python3.12/site-packages/airflow/example_dags/example_branch_operator.py
[2025-04-30T00:33:27.677+0000] {logging_mixin.py:190} INFO - [2025-04-30T00:33:27.676+0000] {dag.py:3211} INFO - Sync 1 DAGs
[2025-04-30T00:33:27.746+0000] {logging_mixin.py:190} INFO - [2025-04-30T00:33:27.745+0000] {dag.py:4138} INFO - Setting next_dagrun for example_branch_operator to 2025-04-29 00:00:00+00:00, run_after=2025-04-30 00:00:00+00:00
[2025-04-30T00:33:27.807+0000] {processor.py:208} INFO - Processing /home/airflow/.local/lib/python3.12/site-packages/airflow/example_dags/example_branch_operator.py took 0.279 seconds
[2025-04-30T00:33:58.770+0000] {processor.py:186} INFO - Started process (PID=494) to work on /home/airflow/.local/lib/python3.12/site-packages/airflow/example_dags/example_branch_operator.py
[2025-04-30T00:33:58.772+0000] {processor.py:914} INFO - Processing file /home/airflow/.local/lib/python3.12/site-packages/airflow/example_dags/example_branch_operator.py for tasks to queue
[2025-04-30T00:33:58.780+0000] {logging_mixin.py:190} INFO - [2025-04-30T00:33:58.779+0000] {dagbag.py:587} INFO - Filling up the DagBag from /home/airflow/.local/lib/python3.12/site-packages/airflow/example_dags/example_branch_operator.py
[2025-04-30T00:33:58.828+0000] {processor.py:925} INFO - DAG(s) 'example_branch_operator' retrieved from /home/airflow/.local/lib/python3.12/site-packages/airflow/example_dags/example_branch_operator.py
[2025-04-30T00:33:58.891+0000] {logging_mixin.py:190} INFO - [2025-04-30T00:33:58.891+0000] {dag.py:3211} INFO - Sync 1 DAGs
[2025-04-30T00:33:58.947+0000] {logging_mixin.py:190} INFO - [2025-04-30T00:33:58.946+0000] {dag.py:4138} INFO - Setting next_dagrun for example_branch_operator to 2025-04-29 00:00:00+00:00, run_after=2025-04-30 00:00:00+00:00
[2025-04-30T00:33:58.990+0000] {processor.py:208} INFO - Processing /home/airflow/.local/lib/python3.12/site-packages/airflow/example_dags/example_branch_operator.py took 0.239 seconds
[2025-04-30T00:34:29.549+0000] {processor.py:186} INFO - Started process (PID=557) to work on /home/airflow/.local/lib/python3.12/site-packages/airflow/example_dags/example_branch_operator.py
[2025-04-30T00:34:29.551+0000] {processor.py:914} INFO - Processing file /home/airflow/.local/lib/python3.12/site-packages/airflow/example_dags/example_branch_operator.py for tasks to queue
[2025-04-30T00:34:29.558+0000] {logging_mixin.py:190} INFO - [2025-04-30T00:34:29.557+0000] {dagbag.py:587} INFO - Filling up the DagBag from /home/airflow/.local/lib/python3.12/site-packages/airflow/example_dags/example_branch_operator.py
[2025-04-30T00:34:29.605+0000] {processor.py:925} INFO - DAG(s) 'example_branch_operator' retrieved from /home/airflow/.local/lib/python3.12/site-packages/airflow/example_dags/example_branch_operator.py
[2025-04-30T00:34:29.679+0000] {logging_mixin.py:190} INFO - [2025-04-30T00:34:29.678+0000] {dag.py:3211} INFO - Sync 1 DAGs
[2025-04-30T00:34:29.745+0000] {logging_mixin.py:190} INFO - [2025-04-30T00:34:29.744+0000] {dag.py:4138} INFO - Setting next_dagrun for example_branch_operator to 2025-04-29 00:00:00+00:00, run_after=2025-04-30 00:00:00+00:00
[2025-04-30T00:34:29.794+0000] {processor.py:208} INFO - Processing /home/airflow/.local/lib/python3.12/site-packages/airflow/example_dags/example_branch_operator.py took 0.259 seconds
[2025-04-30T00:35:00.088+0000] {processor.py:186} INFO - Started process (PID=620) to work on /home/airflow/.local/lib/python3.12/site-packages/airflow/example_dags/example_branch_operator.py
[2025-04-30T00:35:00.091+0000] {processor.py:914} INFO - Processing file /home/airflow/.local/lib/python3.12/site-packages/airflow/example_dags/example_branch_operator.py for tasks to queue
[2025-04-30T00:35:00.098+0000] {logging_mixin.py:190} INFO - [2025-04-30T00:35:00.097+0000] {dagbag.py:587} INFO - Filling up the DagBag from /home/airflow/.local/lib/python3.12/site-packages/airflow/example_dags/example_branch_operator.py
[2025-04-30T00:35:00.146+0000] {processor.py:925} INFO - DAG(s) 'example_branch_operator' retrieved from /home/airflow/.local/lib/python3.12/site-packages/airflow/example_dags/example_branch_operator.py
[2025-04-30T00:35:00.208+0000] {logging_mixin.py:190} INFO - [2025-04-30T00:35:00.207+0000] {dag.py:3211} INFO - Sync 1 DAGs
[2025-04-30T00:35:00.258+0000] {logging_mixin.py:190} INFO - [2025-04-30T00:35:00.257+0000] {dag.py:4138} INFO - Setting next_dagrun for example_branch_operator to 2025-04-29 00:00:00+00:00, run_after=2025-04-30 00:00:00+00:00
[2025-04-30T00:35:00.297+0000] {processor.py:208} INFO - Processing /home/airflow/.local/lib/python3.12/site-packages/airflow/example_dags/example_branch_operator.py took 0.227 seconds
[2025-04-30T00:35:30.504+0000] {processor.py:186} INFO - Started process (PID=683) to work on /home/airflow/.local/lib/python3.12/site-packages/airflow/example_dags/example_branch_operator.py
[2025-04-30T00:35:30.506+0000] {processor.py:914} INFO - Processing file /home/airflow/.local/lib/python3.12/site-packages/airflow/example_dags/example_branch_operator.py for tasks to queue
[2025-04-30T00:35:30.512+0000] {logging_mixin.py:190} INFO - [2025-04-30T00:35:30.511+0000] {dagbag.py:587} INFO - Filling up the DagBag from /home/airflow/.local/lib/python3.12/site-packages/airflow/example_dags/example_branch_operator.py
[2025-04-30T00:35:30.557+0000] {processor.py:925} INFO - DAG(s) 'example_branch_operator' retrieved from /home/airflow/.local/lib/python3.12/site-packages/airflow/example_dags/example_branch_operator.py
[2025-04-30T00:35:30.634+0000] {logging_mixin.py:190} INFO - [2025-04-30T00:35:30.634+0000] {dag.py:3211} INFO - Sync 1 DAGs
[2025-04-30T00:35:30.690+0000] {logging_mixin.py:190} INFO - [2025-04-30T00:35:30.688+0000] {dag.py:4138} INFO - Setting next_dagrun for example_branch_operator to 2025-04-29 00:00:00+00:00, run_after=2025-04-30 00:00:00+00:00
[2025-04-30T00:35:30.732+0000] {processor.py:208} INFO - Processing /home/airflow/.local/lib/python3.12/site-packages/airflow/example_dags/example_branch_operator.py took 0.242 seconds
[2025-04-30T00:36:01.884+0000] {processor.py:186} INFO - Started process (PID=746) to work on /home/airflow/.local/lib/python3.12/site-packages/airflow/example_dags/example_branch_operator.py
[2025-04-30T00:36:01.886+0000] {processor.py:914} INFO - Processing file /home/airflow/.local/lib/python3.12/site-packages/airflow/example_dags/example_branch_operator.py for tasks to queue
[2025-04-30T00:36:01.891+0000] {logging_mixin.py:190} INFO - [2025-04-30T00:36:01.890+0000] {dagbag.py:587} INFO - Filling up the DagBag from /home/airflow/.local/lib/python3.12/site-packages/airflow/example_dags/example_branch_operator.py
[2025-04-30T00:36:01.926+0000] {processor.py:925} INFO - DAG(s) 'example_branch_operator' retrieved from /home/airflow/.local/lib/python3.12/site-packages/airflow/example_dags/example_branch_operator.py
[2025-04-30T00:36:01.981+0000] {logging_mixin.py:190} INFO - [2025-04-30T00:36:01.980+0000] {dag.py:3211} INFO - Sync 1 DAGs
[2025-04-30T00:36:02.024+0000] {logging_mixin.py:190} INFO - [2025-04-30T00:36:02.023+0000] {dag.py:4138} INFO - Setting next_dagrun for example_branch_operator to 2025-04-29 00:00:00+00:00, run_after=2025-04-30 00:00:00+00:00
[2025-04-30T00:36:02.065+0000] {processor.py:208} INFO - Processing /home/airflow/.local/lib/python3.12/site-packages/airflow/example_dags/example_branch_operator.py took 0.192 seconds
[2025-04-30T00:36:32.356+0000] {processor.py:186} INFO - Started process (PID=809) to work on /home/airflow/.local/lib/python3.12/site-packages/airflow/example_dags/example_branch_operator.py
[2025-04-30T00:36:32.358+0000] {processor.py:914} INFO - Processing file /home/airflow/.local/lib/python3.12/site-packages/airflow/example_dags/example_branch_operator.py for tasks to queue
[2025-04-30T00:36:32.362+0000] {logging_mixin.py:190} INFO - [2025-04-30T00:36:32.362+0000] {dagbag.py:587} INFO - Filling up the DagBag from /home/airflow/.local/lib/python3.12/site-packages/airflow/example_dags/example_branch_operator.py
[2025-04-30T00:36:32.396+0000] {processor.py:925} INFO - DAG(s) 'example_branch_operator' retrieved from /home/airflow/.local/lib/python3.12/site-packages/airflow/example_dags/example_branch_operator.py
[2025-04-30T00:36:32.459+0000] {logging_mixin.py:190} INFO - [2025-04-30T00:36:32.458+0000] {dag.py:3211} INFO - Sync 1 DAGs
[2025-04-30T00:36:32.503+0000] {logging_mixin.py:190} INFO - [2025-04-30T00:36:32.502+0000] {dag.py:4138} INFO - Setting next_dagrun for example_branch_operator to 2025-04-29 00:00:00+00:00, run_after=2025-04-30 00:00:00+00:00
[2025-04-30T00:36:32.545+0000] {processor.py:208} INFO - Processing /home/airflow/.local/lib/python3.12/site-packages/airflow/example_dags/example_branch_operator.py took 0.206 seconds
[2025-04-30T00:37:02.982+0000] {processor.py:186} INFO - Started process (PID=873) to work on /home/airflow/.local/lib/python3.12/site-packages/airflow/example_dags/example_branch_operator.py
[2025-04-30T00:37:02.984+0000] {processor.py:914} INFO - Processing file /home/airflow/.local/lib/python3.12/site-packages/airflow/example_dags/example_branch_operator.py for tasks to queue
[2025-04-30T00:37:02.992+0000] {logging_mixin.py:190} INFO - [2025-04-30T00:37:02.991+0000] {dagbag.py:587} INFO - Filling up the DagBag from /home/airflow/.local/lib/python3.12/site-packages/airflow/example_dags/example_branch_operator.py
[2025-04-30T00:37:03.063+0000] {processor.py:925} INFO - DAG(s) 'example_branch_operator' retrieved from /home/airflow/.local/lib/python3.12/site-packages/airflow/example_dags/example_branch_operator.py
[2025-04-30T00:37:03.171+0000] {logging_mixin.py:190} INFO - [2025-04-30T00:37:03.170+0000] {dag.py:3211} INFO - Sync 1 DAGs
[2025-04-30T00:37:03.245+0000] {logging_mixin.py:190} INFO - [2025-04-30T00:37:03.244+0000] {dag.py:4138} INFO - Setting next_dagrun for example_branch_operator to 2025-04-29 00:00:00+00:00, run_after=2025-04-30 00:00:00+00:00
[2025-04-30T00:37:03.310+0000] {processor.py:208} INFO - Processing /home/airflow/.local/lib/python3.12/site-packages/airflow/example_dags/example_branch_operator.py took 0.347 seconds
[2025-04-30T00:37:34.038+0000] {processor.py:186} INFO - Started process (PID=935) to work on /home/airflow/.local/lib/python3.12/site-packages/airflow/example_dags/example_branch_operator.py
[2025-04-30T00:37:34.040+0000] {processor.py:914} INFO - Processing file /home/airflow/.local/lib/python3.12/site-packages/airflow/example_dags/example_branch_operator.py for tasks to queue
[2025-04-30T00:37:34.046+0000] {logging_mixin.py:190} INFO - [2025-04-30T00:37:34.045+0000] {dagbag.py:587} INFO - Filling up the DagBag from /home/airflow/.local/lib/python3.12/site-packages/airflow/example_dags/example_branch_operator.py
[2025-04-30T00:37:34.091+0000] {processor.py:925} INFO - DAG(s) 'example_branch_operator' retrieved from /home/airflow/.local/lib/python3.12/site-packages/airflow/example_dags/example_branch_operator.py
[2025-04-30T00:37:34.159+0000] {logging_mixin.py:190} INFO - [2025-04-30T00:37:34.158+0000] {dag.py:3211} INFO - Sync 1 DAGs
[2025-04-30T00:37:34.214+0000] {logging_mixin.py:190} INFO - [2025-04-30T00:37:34.214+0000] {dag.py:4138} INFO - Setting next_dagrun for example_branch_operator to 2025-04-29 00:00:00+00:00, run_after=2025-04-30 00:00:00+00:00
[2025-04-30T00:37:34.262+0000] {processor.py:208} INFO - Processing /home/airflow/.local/lib/python3.12/site-packages/airflow/example_dags/example_branch_operator.py took 0.237 seconds
[2025-04-30T00:38:04.460+0000] {processor.py:186} INFO - Started process (PID=998) to work on /home/airflow/.local/lib/python3.12/site-packages/airflow/example_dags/example_branch_operator.py
[2025-04-30T00:38:04.462+0000] {processor.py:914} INFO - Processing file /home/airflow/.local/lib/python3.12/site-packages/airflow/example_dags/example_branch_operator.py for tasks to queue
[2025-04-30T00:38:04.468+0000] {logging_mixin.py:190} INFO - [2025-04-30T00:38:04.467+0000] {dagbag.py:587} INFO - Filling up the DagBag from /home/airflow/.local/lib/python3.12/site-packages/airflow/example_dags/example_branch_operator.py
[2025-04-30T00:38:04.524+0000] {processor.py:925} INFO - DAG(s) 'example_branch_operator' retrieved from /home/airflow/.local/lib/python3.12/site-packages/airflow/example_dags/example_branch_operator.py
[2025-04-30T00:38:04.601+0000] {logging_mixin.py:190} INFO - [2025-04-30T00:38:04.601+0000] {dag.py:3211} INFO - Sync 1 DAGs
[2025-04-30T00:38:04.672+0000] {logging_mixin.py:190} INFO - [2025-04-30T00:38:04.671+0000] {dag.py:4138} INFO - Setting next_dagrun for example_branch_operator to 2025-04-29 00:00:00+00:00, run_after=2025-04-30 00:00:00+00:00
[2025-04-30T00:38:04.734+0000] {processor.py:208} INFO - Processing /home/airflow/.local/lib/python3.12/site-packages/airflow/example_dags/example_branch_operator.py took 0.285 seconds
[2025-04-30T00:38:35.382+0000] {processor.py:186} INFO - Started process (PID=1062) to work on /home/airflow/.local/lib/python3.12/site-packages/airflow/example_dags/example_branch_operator.py
[2025-04-30T00:38:35.384+0000] {processor.py:914} INFO - Processing file /home/airflow/.local/lib/python3.12/site-packages/airflow/example_dags/example_branch_operator.py for tasks to queue
[2025-04-30T00:38:35.391+0000] {logging_mixin.py:190} INFO - [2025-04-30T00:38:35.390+0000] {dagbag.py:587} INFO - Filling up the DagBag from /home/airflow/.local/lib/python3.12/site-packages/airflow/example_dags/example_branch_operator.py
[2025-04-30T00:38:35.436+0000] {processor.py:925} INFO - DAG(s) 'example_branch_operator' retrieved from /home/airflow/.local/lib/python3.12/site-packages/airflow/example_dags/example_branch_operator.py
[2025-04-30T00:38:35.513+0000] {logging_mixin.py:190} INFO - [2025-04-30T00:38:35.512+0000] {dag.py:3211} INFO - Sync 1 DAGs
[2025-04-30T00:38:35.583+0000] {logging_mixin.py:190} INFO - [2025-04-30T00:38:35.582+0000] {dag.py:4138} INFO - Setting next_dagrun for example_branch_operator to 2025-04-29 00:00:00+00:00, run_after=2025-04-30 00:00:00+00:00
[2025-04-30T00:38:35.630+0000] {processor.py:208} INFO - Processing /home/airflow/.local/lib/python3.12/site-packages/airflow/example_dags/example_branch_operator.py took 0.264 seconds
[2025-04-30T00:39:06.592+0000] {processor.py:186} INFO - Started process (PID=1131) to work on /home/airflow/.local/lib/python3.12/site-packages/airflow/example_dags/example_branch_operator.py
[2025-04-30T00:39:06.595+0000] {processor.py:914} INFO - Processing file /home/airflow/.local/lib/python3.12/site-packages/airflow/example_dags/example_branch_operator.py for tasks to queue
[2025-04-30T00:39:06.600+0000] {logging_mixin.py:190} INFO - [2025-04-30T00:39:06.600+0000] {dagbag.py:587} INFO - Filling up the DagBag from /home/airflow/.local/lib/python3.12/site-packages/airflow/example_dags/example_branch_operator.py
[2025-04-30T00:39:06.639+0000] {processor.py:925} INFO - DAG(s) 'example_branch_operator' retrieved from /home/airflow/.local/lib/python3.12/site-packages/airflow/example_dags/example_branch_operator.py
[2025-04-30T00:39:06.704+0000] {logging_mixin.py:190} INFO - [2025-04-30T00:39:06.703+0000] {dag.py:3211} INFO - Sync 1 DAGs
[2025-04-30T00:39:06.768+0000] {logging_mixin.py:190} INFO - [2025-04-30T00:39:06.768+0000] {dag.py:4138} INFO - Setting next_dagrun for example_branch_operator to 2025-04-29 00:00:00+00:00, run_after=2025-04-30 00:00:00+00:00
[2025-04-30T00:39:06.815+0000] {processor.py:208} INFO - Processing /home/airflow/.local/lib/python3.12/site-packages/airflow/example_dags/example_branch_operator.py took 0.234 seconds
[2025-04-30T00:39:37.644+0000] {processor.py:186} INFO - Started process (PID=1194) to work on /home/airflow/.local/lib/python3.12/site-packages/airflow/example_dags/example_branch_operator.py
[2025-04-30T00:39:37.646+0000] {processor.py:914} INFO - Processing file /home/airflow/.local/lib/python3.12/site-packages/airflow/example_dags/example_branch_operator.py for tasks to queue
[2025-04-30T00:39:37.652+0000] {logging_mixin.py:190} INFO - [2025-04-30T00:39:37.652+0000] {dagbag.py:587} INFO - Filling up the DagBag from /home/airflow/.local/lib/python3.12/site-packages/airflow/example_dags/example_branch_operator.py
[2025-04-30T00:39:37.693+0000] {processor.py:925} INFO - DAG(s) 'example_branch_operator' retrieved from /home/airflow/.local/lib/python3.12/site-packages/airflow/example_dags/example_branch_operator.py
[2025-04-30T00:39:37.756+0000] {logging_mixin.py:190} INFO - [2025-04-30T00:39:37.755+0000] {dag.py:3211} INFO - Sync 1 DAGs
[2025-04-30T00:39:37.800+0000] {logging_mixin.py:190} INFO - [2025-04-30T00:39:37.800+0000] {dag.py:4138} INFO - Setting next_dagrun for example_branch_operator to 2025-04-29 00:00:00+00:00, run_after=2025-04-30 00:00:00+00:00
[2025-04-30T00:39:37.846+0000] {processor.py:208} INFO - Processing /home/airflow/.local/lib/python3.12/site-packages/airflow/example_dags/example_branch_operator.py took 0.215 seconds
[2025-04-30T00:40:08.608+0000] {processor.py:186} INFO - Started process (PID=1257) to work on /home/airflow/.local/lib/python3.12/site-packages/airflow/example_dags/example_branch_operator.py
[2025-04-30T00:40:08.612+0000] {processor.py:914} INFO - Processing file /home/airflow/.local/lib/python3.12/site-packages/airflow/example_dags/example_branch_operator.py for tasks to queue
[2025-04-30T00:40:08.618+0000] {logging_mixin.py:190} INFO - [2025-04-30T00:40:08.617+0000] {dagbag.py:587} INFO - Filling up the DagBag from /home/airflow/.local/lib/python3.12/site-packages/airflow/example_dags/example_branch_operator.py
[2025-04-30T00:40:08.665+0000] {processor.py:925} INFO - DAG(s) 'example_branch_operator' retrieved from /home/airflow/.local/lib/python3.12/site-packages/airflow/example_dags/example_branch_operator.py
[2025-04-30T00:40:08.735+0000] {logging_mixin.py:190} INFO - [2025-04-30T00:40:08.735+0000] {dag.py:3211} INFO - Sync 1 DAGs
[2025-04-30T00:40:08.792+0000] {logging_mixin.py:190} INFO - [2025-04-30T00:40:08.792+0000] {dag.py:4138} INFO - Setting next_dagrun for example_branch_operator to 2025-04-29 00:00:00+00:00, run_after=2025-04-30 00:00:00+00:00
[2025-04-30T00:40:08.837+0000] {processor.py:208} INFO - Processing /home/airflow/.local/lib/python3.12/site-packages/airflow/example_dags/example_branch_operator.py took 0.243 seconds
[2025-04-30T00:40:39.217+0000] {processor.py:186} INFO - Started process (PID=1320) to work on /home/airflow/.local/lib/python3.12/site-packages/airflow/example_dags/example_branch_operator.py
[2025-04-30T00:40:39.219+0000] {processor.py:914} INFO - Processing file /home/airflow/.local/lib/python3.12/site-packages/airflow/example_dags/example_branch_operator.py for tasks to queue
[2025-04-30T00:40:39.224+0000] {logging_mixin.py:190} INFO - [2025-04-30T00:40:39.223+0000] {dagbag.py:587} INFO - Filling up the DagBag from /home/airflow/.local/lib/python3.12/site-packages/airflow/example_dags/example_branch_operator.py
[2025-04-30T00:40:39.264+0000] {processor.py:925} INFO - DAG(s) 'example_branch_operator' retrieved from /home/airflow/.local/lib/python3.12/site-packages/airflow/example_dags/example_branch_operator.py
[2025-04-30T00:40:39.325+0000] {logging_mixin.py:190} INFO - [2025-04-30T00:40:39.324+0000] {dag.py:3211} INFO - Sync 1 DAGs
[2025-04-30T00:40:39.376+0000] {logging_mixin.py:190} INFO - [2025-04-30T00:40:39.376+0000] {dag.py:4138} INFO - Setting next_dagrun for example_branch_operator to 2025-04-29 00:00:00+00:00, run_after=2025-04-30 00:00:00+00:00
[2025-04-30T00:40:39.416+0000] {processor.py:208} INFO - Processing /home/airflow/.local/lib/python3.12/site-packages/airflow/example_dags/example_branch_operator.py took 0.213 seconds
[2025-04-30T00:41:09.924+0000] {processor.py:186} INFO - Started process (PID=1383) to work on /home/airflow/.local/lib/python3.12/site-packages/airflow/example_dags/example_branch_operator.py
[2025-04-30T00:41:09.927+0000] {processor.py:914} INFO - Processing file /home/airflow/.local/lib/python3.12/site-packages/airflow/example_dags/example_branch_operator.py for tasks to queue
[2025-04-30T00:41:09.932+0000] {logging_mixin.py:190} INFO - [2025-04-30T00:41:09.931+0000] {dagbag.py:587} INFO - Filling up the DagBag from /home/airflow/.local/lib/python3.12/site-packages/airflow/example_dags/example_branch_operator.py
[2025-04-30T00:41:09.973+0000] {processor.py:925} INFO - DAG(s) 'example_branch_operator' retrieved from /home/airflow/.local/lib/python3.12/site-packages/airflow/example_dags/example_branch_operator.py
[2025-04-30T00:41:10.039+0000] {logging_mixin.py:190} INFO - [2025-04-30T00:41:10.038+0000] {dag.py:3211} INFO - Sync 1 DAGs
[2025-04-30T00:41:10.094+0000] {logging_mixin.py:190} INFO - [2025-04-30T00:41:10.093+0000] {dag.py:4138} INFO - Setting next_dagrun for example_branch_operator to 2025-04-29 00:00:00+00:00, run_after=2025-04-30 00:00:00+00:00
[2025-04-30T00:41:10.141+0000] {processor.py:208} INFO - Processing /home/airflow/.local/lib/python3.12/site-packages/airflow/example_dags/example_branch_operator.py took 0.230 seconds
[2025-04-30T00:41:41.320+0000] {processor.py:186} INFO - Started process (PID=1446) to work on /home/airflow/.local/lib/python3.12/site-packages/airflow/example_dags/example_branch_operator.py
[2025-04-30T00:41:41.323+0000] {processor.py:914} INFO - Processing file /home/airflow/.local/lib/python3.12/site-packages/airflow/example_dags/example_branch_operator.py for tasks to queue
[2025-04-30T00:41:41.330+0000] {logging_mixin.py:190} INFO - [2025-04-30T00:41:41.329+0000] {dagbag.py:587} INFO - Filling up the DagBag from /home/airflow/.local/lib/python3.12/site-packages/airflow/example_dags/example_branch_operator.py
[2025-04-30T00:41:41.374+0000] {processor.py:925} INFO - DAG(s) 'example_branch_operator' retrieved from /home/airflow/.local/lib/python3.12/site-packages/airflow/example_dags/example_branch_operator.py
[2025-04-30T00:41:41.436+0000] {logging_mixin.py:190} INFO - [2025-04-30T00:41:41.436+0000] {dag.py:3211} INFO - Sync 1 DAGs
[2025-04-30T00:41:41.492+0000] {logging_mixin.py:190} INFO - [2025-04-30T00:41:41.491+0000] {dag.py:4138} INFO - Setting next_dagrun for example_branch_operator to 2025-04-29 00:00:00+00:00, run_after=2025-04-30 00:00:00+00:00
[2025-04-30T00:41:41.541+0000] {processor.py:208} INFO - Processing /home/airflow/.local/lib/python3.12/site-packages/airflow/example_dags/example_branch_operator.py took 0.232 seconds
[2025-04-30T00:42:12.138+0000] {processor.py:186} INFO - Started process (PID=1514) to work on /home/airflow/.local/lib/python3.12/site-packages/airflow/example_dags/example_branch_operator.py
[2025-04-30T00:42:12.140+0000] {processor.py:914} INFO - Processing file /home/airflow/.local/lib/python3.12/site-packages/airflow/example_dags/example_branch_operator.py for tasks to queue
[2025-04-30T00:42:12.143+0000] {logging_mixin.py:190} INFO - [2025-04-30T00:42:12.142+0000] {dagbag.py:587} INFO - Filling up the DagBag from /home/airflow/.local/lib/python3.12/site-packages/airflow/example_dags/example_branch_operator.py
[2025-04-30T00:42:12.174+0000] {processor.py:925} INFO - DAG(s) 'example_branch_operator' retrieved from /home/airflow/.local/lib/python3.12/site-packages/airflow/example_dags/example_branch_operator.py
[2025-04-30T00:42:12.251+0000] {logging_mixin.py:190} INFO - [2025-04-30T00:42:12.250+0000] {dag.py:3211} INFO - Sync 1 DAGs
[2025-04-30T00:42:12.316+0000] {logging_mixin.py:190} INFO - [2025-04-30T00:42:12.315+0000] {dag.py:4138} INFO - Setting next_dagrun for example_branch_operator to 2025-04-29 00:00:00+00:00, run_after=2025-04-30 00:00:00+00:00
[2025-04-30T00:42:12.356+0000] {processor.py:208} INFO - Processing /home/airflow/.local/lib/python3.12/site-packages/airflow/example_dags/example_branch_operator.py took 0.228 seconds
[2025-04-30T00:42:42.653+0000] {processor.py:186} INFO - Started process (PID=1576) to work on /home/airflow/.local/lib/python3.12/site-packages/airflow/example_dags/example_branch_operator.py
[2025-04-30T00:42:42.656+0000] {processor.py:914} INFO - Processing file /home/airflow/.local/lib/python3.12/site-packages/airflow/example_dags/example_branch_operator.py for tasks to queue
[2025-04-30T00:42:42.659+0000] {logging_mixin.py:190} INFO - [2025-04-30T00:42:42.658+0000] {dagbag.py:587} INFO - Filling up the DagBag from /home/airflow/.local/lib/python3.12/site-packages/airflow/example_dags/example_branch_operator.py
[2025-04-30T00:42:42.701+0000] {processor.py:925} INFO - DAG(s) 'example_branch_operator' retrieved from /home/airflow/.local/lib/python3.12/site-packages/airflow/example_dags/example_branch_operator.py
[2025-04-30T00:42:42.789+0000] {logging_mixin.py:190} INFO - [2025-04-30T00:42:42.788+0000] {dag.py:3211} INFO - Sync 1 DAGs
[2025-04-30T00:42:42.885+0000] {logging_mixin.py:190} INFO - [2025-04-30T00:42:42.885+0000] {dag.py:4138} INFO - Setting next_dagrun for example_branch_operator to 2025-04-29 00:00:00+00:00, run_after=2025-04-30 00:00:00+00:00
[2025-04-30T00:42:42.942+0000] {processor.py:208} INFO - Processing /home/airflow/.local/lib/python3.12/site-packages/airflow/example_dags/example_branch_operator.py took 0.299 seconds
[2025-04-30T00:43:13.504+0000] {processor.py:186} INFO - Started process (PID=1639) to work on /home/airflow/.local/lib/python3.12/site-packages/airflow/example_dags/example_branch_operator.py
[2025-04-30T00:43:13.507+0000] {processor.py:914} INFO - Processing file /home/airflow/.local/lib/python3.12/site-packages/airflow/example_dags/example_branch_operator.py for tasks to queue
[2025-04-30T00:43:13.510+0000] {logging_mixin.py:190} INFO - [2025-04-30T00:43:13.510+0000] {dagbag.py:587} INFO - Filling up the DagBag from /home/airflow/.local/lib/python3.12/site-packages/airflow/example_dags/example_branch_operator.py
[2025-04-30T00:43:13.555+0000] {processor.py:925} INFO - DAG(s) 'example_branch_operator' retrieved from /home/airflow/.local/lib/python3.12/site-packages/airflow/example_dags/example_branch_operator.py
[2025-04-30T00:43:13.618+0000] {logging_mixin.py:190} INFO - [2025-04-30T00:43:13.618+0000] {dag.py:3211} INFO - Sync 1 DAGs
[2025-04-30T00:43:13.669+0000] {logging_mixin.py:190} INFO - [2025-04-30T00:43:13.669+0000] {dag.py:4138} INFO - Setting next_dagrun for example_branch_operator to 2025-04-29 00:00:00+00:00, run_after=2025-04-30 00:00:00+00:00
[2025-04-30T00:43:13.711+0000] {processor.py:208} INFO - Processing /home/airflow/.local/lib/python3.12/site-packages/airflow/example_dags/example_branch_operator.py took 0.237 seconds
[2025-04-30T00:43:44.992+0000] {processor.py:186} INFO - Started process (PID=1702) to work on /home/airflow/.local/lib/python3.12/site-packages/airflow/example_dags/example_branch_operator.py
[2025-04-30T00:43:44.997+0000] {processor.py:914} INFO - Processing file /home/airflow/.local/lib/python3.12/site-packages/airflow/example_dags/example_branch_operator.py for tasks to queue
[2025-04-30T00:43:45.002+0000] {logging_mixin.py:190} INFO - [2025-04-30T00:43:45.001+0000] {dagbag.py:587} INFO - Filling up the DagBag from /home/airflow/.local/lib/python3.12/site-packages/airflow/example_dags/example_branch_operator.py
[2025-04-30T00:43:45.087+0000] {processor.py:925} INFO - DAG(s) 'example_branch_operator' retrieved from /home/airflow/.local/lib/python3.12/site-packages/airflow/example_dags/example_branch_operator.py
[2025-04-30T00:43:45.235+0000] {logging_mixin.py:190} INFO - [2025-04-30T00:43:45.234+0000] {dag.py:3211} INFO - Sync 1 DAGs
[2025-04-30T00:43:45.347+0000] {logging_mixin.py:190} INFO - [2025-04-30T00:43:45.346+0000] {dag.py:4138} INFO - Setting next_dagrun for example_branch_operator to 2025-04-29 00:00:00+00:00, run_after=2025-04-30 00:00:00+00:00
[2025-04-30T00:43:45.428+0000] {processor.py:208} INFO - Processing /home/airflow/.local/lib/python3.12/site-packages/airflow/example_dags/example_branch_operator.py took 0.460 seconds
[2025-04-30T00:44:15.653+0000] {processor.py:186} INFO - Started process (PID=1765) to work on /home/airflow/.local/lib/python3.12/site-packages/airflow/example_dags/example_branch_operator.py
[2025-04-30T00:44:15.654+0000] {processor.py:914} INFO - Processing file /home/airflow/.local/lib/python3.12/site-packages/airflow/example_dags/example_branch_operator.py for tasks to queue
[2025-04-30T00:44:15.656+0000] {logging_mixin.py:190} INFO - [2025-04-30T00:44:15.656+0000] {dagbag.py:587} INFO - Filling up the DagBag from /home/airflow/.local/lib/python3.12/site-packages/airflow/example_dags/example_branch_operator.py
[2025-04-30T00:44:15.685+0000] {processor.py:925} INFO - DAG(s) 'example_branch_operator' retrieved from /home/airflow/.local/lib/python3.12/site-packages/airflow/example_dags/example_branch_operator.py
[2025-04-30T00:44:15.721+0000] {logging_mixin.py:190} INFO - [2025-04-30T00:44:15.721+0000] {dag.py:3211} INFO - Sync 1 DAGs
[2025-04-30T00:44:15.751+0000] {logging_mixin.py:190} INFO - [2025-04-30T00:44:15.750+0000] {dag.py:4138} INFO - Setting next_dagrun for example_branch_operator to 2025-04-29 00:00:00+00:00, run_after=2025-04-30 00:00:00+00:00
[2025-04-30T00:44:15.773+0000] {processor.py:208} INFO - Processing /home/airflow/.local/lib/python3.12/site-packages/airflow/example_dags/example_branch_operator.py took 0.127 seconds
[2025-04-30T00:44:46.456+0000] {processor.py:186} INFO - Started process (PID=1828) to work on /home/airflow/.local/lib/python3.12/site-packages/airflow/example_dags/example_branch_operator.py
[2025-04-30T00:44:46.458+0000] {processor.py:914} INFO - Processing file /home/airflow/.local/lib/python3.12/site-packages/airflow/example_dags/example_branch_operator.py for tasks to queue
[2025-04-30T00:44:46.459+0000] {logging_mixin.py:190} INFO - [2025-04-30T00:44:46.459+0000] {dagbag.py:587} INFO - Filling up the DagBag from /home/airflow/.local/lib/python3.12/site-packages/airflow/example_dags/example_branch_operator.py
[2025-04-30T00:44:46.488+0000] {processor.py:925} INFO - DAG(s) 'example_branch_operator' retrieved from /home/airflow/.local/lib/python3.12/site-packages/airflow/example_dags/example_branch_operator.py
[2025-04-30T00:44:46.533+0000] {logging_mixin.py:190} INFO - [2025-04-30T00:44:46.532+0000] {dag.py:3211} INFO - Sync 1 DAGs
[2025-04-30T00:44:46.572+0000] {logging_mixin.py:190} INFO - [2025-04-30T00:44:46.571+0000] {dag.py:4138} INFO - Setting next_dagrun for example_branch_operator to 2025-04-29 00:00:00+00:00, run_after=2025-04-30 00:00:00+00:00
[2025-04-30T00:44:46.604+0000] {processor.py:208} INFO - Processing /home/airflow/.local/lib/python3.12/site-packages/airflow/example_dags/example_branch_operator.py took 0.157 seconds
[2025-04-30T00:45:17.105+0000] {processor.py:186} INFO - Started process (PID=1891) to work on /home/airflow/.local/lib/python3.12/site-packages/airflow/example_dags/example_branch_operator.py
[2025-04-30T00:45:17.107+0000] {processor.py:914} INFO - Processing file /home/airflow/.local/lib/python3.12/site-packages/airflow/example_dags/example_branch_operator.py for tasks to queue
[2025-04-30T00:45:17.108+0000] {logging_mixin.py:190} INFO - [2025-04-30T00:45:17.108+0000] {dagbag.py:587} INFO - Filling up the DagBag from /home/airflow/.local/lib/python3.12/site-packages/airflow/example_dags/example_branch_operator.py
[2025-04-30T00:45:17.132+0000] {processor.py:925} INFO - DAG(s) 'example_branch_operator' retrieved from /home/airflow/.local/lib/python3.12/site-packages/airflow/example_dags/example_branch_operator.py
[2025-04-30T00:45:17.172+0000] {logging_mixin.py:190} INFO - [2025-04-30T00:45:17.172+0000] {dag.py:3211} INFO - Sync 1 DAGs
[2025-04-30T00:45:17.199+0000] {logging_mixin.py:190} INFO - [2025-04-30T00:45:17.199+0000] {dag.py:4138} INFO - Setting next_dagrun for example_branch_operator to 2025-04-29 00:00:00+00:00, run_after=2025-04-30 00:00:00+00:00
[2025-04-30T00:45:17.223+0000] {processor.py:208} INFO - Processing /home/airflow/.local/lib/python3.12/site-packages/airflow/example_dags/example_branch_operator.py took 0.126 seconds
[2025-04-30T00:45:48.072+0000] {processor.py:186} INFO - Started process (PID=1954) to work on /home/airflow/.local/lib/python3.12/site-packages/airflow/example_dags/example_branch_operator.py
[2025-04-30T00:45:48.073+0000] {processor.py:914} INFO - Processing file /home/airflow/.local/lib/python3.12/site-packages/airflow/example_dags/example_branch_operator.py for tasks to queue
[2025-04-30T00:45:48.074+0000] {logging_mixin.py:190} INFO - [2025-04-30T00:45:48.074+0000] {dagbag.py:587} INFO - Filling up the DagBag from /home/airflow/.local/lib/python3.12/site-packages/airflow/example_dags/example_branch_operator.py
[2025-04-30T00:45:48.093+0000] {processor.py:925} INFO - DAG(s) 'example_branch_operator' retrieved from /home/airflow/.local/lib/python3.12/site-packages/airflow/example_dags/example_branch_operator.py
[2025-04-30T00:45:48.126+0000] {logging_mixin.py:190} INFO - [2025-04-30T00:45:48.126+0000] {dag.py:3211} INFO - Sync 1 DAGs
[2025-04-30T00:45:48.152+0000] {logging_mixin.py:190} INFO - [2025-04-30T00:45:48.152+0000] {dag.py:4138} INFO - Setting next_dagrun for example_branch_operator to 2025-04-29 00:00:00+00:00, run_after=2025-04-30 00:00:00+00:00
[2025-04-30T00:45:48.179+0000] {processor.py:208} INFO - Processing /home/airflow/.local/lib/python3.12/site-packages/airflow/example_dags/example_branch_operator.py took 0.114 seconds
[2025-04-30T00:46:18.512+0000] {processor.py:186} INFO - Started process (PID=2023) to work on /home/airflow/.local/lib/python3.12/site-packages/airflow/example_dags/example_branch_operator.py
[2025-04-30T00:46:18.514+0000] {processor.py:914} INFO - Processing file /home/airflow/.local/lib/python3.12/site-packages/airflow/example_dags/example_branch_operator.py for tasks to queue
[2025-04-30T00:46:18.515+0000] {logging_mixin.py:190} INFO - [2025-04-30T00:46:18.515+0000] {dagbag.py:587} INFO - Filling up the DagBag from /home/airflow/.local/lib/python3.12/site-packages/airflow/example_dags/example_branch_operator.py
[2025-04-30T00:46:18.535+0000] {processor.py:925} INFO - DAG(s) 'example_branch_operator' retrieved from /home/airflow/.local/lib/python3.12/site-packages/airflow/example_dags/example_branch_operator.py
[2025-04-30T00:46:18.578+0000] {logging_mixin.py:190} INFO - [2025-04-30T00:46:18.578+0000] {dag.py:3211} INFO - Sync 1 DAGs
[2025-04-30T00:46:18.610+0000] {logging_mixin.py:190} INFO - [2025-04-30T00:46:18.610+0000] {dag.py:4138} INFO - Setting next_dagrun for example_branch_operator to 2025-04-29 00:00:00+00:00, run_after=2025-04-30 00:00:00+00:00
[2025-04-30T00:46:18.635+0000] {processor.py:208} INFO - Processing /home/airflow/.local/lib/python3.12/site-packages/airflow/example_dags/example_branch_operator.py took 0.129 seconds
[2025-04-30T00:46:48.962+0000] {processor.py:186} INFO - Started process (PID=2086) to work on /home/airflow/.local/lib/python3.12/site-packages/airflow/example_dags/example_branch_operator.py
[2025-04-30T00:46:48.963+0000] {processor.py:914} INFO - Processing file /home/airflow/.local/lib/python3.12/site-packages/airflow/example_dags/example_branch_operator.py for tasks to queue
[2025-04-30T00:46:48.964+0000] {logging_mixin.py:190} INFO - [2025-04-30T00:46:48.964+0000] {dagbag.py:587} INFO - Filling up the DagBag from /home/airflow/.local/lib/python3.12/site-packages/airflow/example_dags/example_branch_operator.py
[2025-04-30T00:46:48.985+0000] {processor.py:925} INFO - DAG(s) 'example_branch_operator' retrieved from /home/airflow/.local/lib/python3.12/site-packages/airflow/example_dags/example_branch_operator.py
[2025-04-30T00:46:49.018+0000] {logging_mixin.py:190} INFO - [2025-04-30T00:46:49.017+0000] {dag.py:3211} INFO - Sync 1 DAGs
[2025-04-30T00:46:49.045+0000] {logging_mixin.py:190} INFO - [2025-04-30T00:46:49.044+0000] {dag.py:4138} INFO - Setting next_dagrun for example_branch_operator to 2025-04-29 00:00:00+00:00, run_after=2025-04-30 00:00:00+00:00
[2025-04-30T00:46:49.069+0000] {processor.py:208} INFO - Processing /home/airflow/.local/lib/python3.12/site-packages/airflow/example_dags/example_branch_operator.py took 0.114 seconds
[2025-04-30T00:47:19.780+0000] {processor.py:186} INFO - Started process (PID=2149) to work on /home/airflow/.local/lib/python3.12/site-packages/airflow/example_dags/example_branch_operator.py
[2025-04-30T00:47:19.781+0000] {processor.py:914} INFO - Processing file /home/airflow/.local/lib/python3.12/site-packages/airflow/example_dags/example_branch_operator.py for tasks to queue
[2025-04-30T00:47:19.783+0000] {logging_mixin.py:190} INFO - [2025-04-30T00:47:19.783+0000] {dagbag.py:587} INFO - Filling up the DagBag from /home/airflow/.local/lib/python3.12/site-packages/airflow/example_dags/example_branch_operator.py
[2025-04-30T00:47:19.803+0000] {processor.py:925} INFO - DAG(s) 'example_branch_operator' retrieved from /home/airflow/.local/lib/python3.12/site-packages/airflow/example_dags/example_branch_operator.py
[2025-04-30T00:47:19.837+0000] {logging_mixin.py:190} INFO - [2025-04-30T00:47:19.836+0000] {dag.py:3211} INFO - Sync 1 DAGs
[2025-04-30T00:47:19.862+0000] {logging_mixin.py:190} INFO - [2025-04-30T00:47:19.862+0000] {dag.py:4138} INFO - Setting next_dagrun for example_branch_operator to 2025-04-29 00:00:00+00:00, run_after=2025-04-30 00:00:00+00:00
[2025-04-30T00:47:19.889+0000] {processor.py:208} INFO - Processing /home/airflow/.local/lib/python3.12/site-packages/airflow/example_dags/example_branch_operator.py took 0.115 seconds
[2025-04-30T00:47:49.934+0000] {processor.py:186} INFO - Started process (PID=2212) to work on /home/airflow/.local/lib/python3.12/site-packages/airflow/example_dags/example_branch_operator.py
[2025-04-30T00:47:49.935+0000] {processor.py:914} INFO - Processing file /home/airflow/.local/lib/python3.12/site-packages/airflow/example_dags/example_branch_operator.py for tasks to queue
[2025-04-30T00:47:49.937+0000] {logging_mixin.py:190} INFO - [2025-04-30T00:47:49.937+0000] {dagbag.py:587} INFO - Filling up the DagBag from /home/airflow/.local/lib/python3.12/site-packages/airflow/example_dags/example_branch_operator.py
[2025-04-30T00:47:49.961+0000] {processor.py:925} INFO - DAG(s) 'example_branch_operator' retrieved from /home/airflow/.local/lib/python3.12/site-packages/airflow/example_dags/example_branch_operator.py
[2025-04-30T00:47:49.998+0000] {logging_mixin.py:190} INFO - [2025-04-30T00:47:49.998+0000] {dag.py:3211} INFO - Sync 1 DAGs
[2025-04-30T00:47:50.027+0000] {logging_mixin.py:190} INFO - [2025-04-30T00:47:50.027+0000] {dag.py:4138} INFO - Setting next_dagrun for example_branch_operator to 2025-04-29 00:00:00+00:00, run_after=2025-04-30 00:00:00+00:00
[2025-04-30T00:47:50.055+0000] {processor.py:208} INFO - Processing /home/airflow/.local/lib/python3.12/site-packages/airflow/example_dags/example_branch_operator.py took 0.130 seconds
[2025-04-30T00:48:20.812+0000] {processor.py:186} INFO - Started process (PID=2275) to work on /home/airflow/.local/lib/python3.12/site-packages/airflow/example_dags/example_branch_operator.py
[2025-04-30T00:48:20.814+0000] {processor.py:914} INFO - Processing file /home/airflow/.local/lib/python3.12/site-packages/airflow/example_dags/example_branch_operator.py for tasks to queue
[2025-04-30T00:48:20.816+0000] {logging_mixin.py:190} INFO - [2025-04-30T00:48:20.816+0000] {dagbag.py:587} INFO - Filling up the DagBag from /home/airflow/.local/lib/python3.12/site-packages/airflow/example_dags/example_branch_operator.py
[2025-04-30T00:48:20.850+0000] {processor.py:925} INFO - DAG(s) 'example_branch_operator' retrieved from /home/airflow/.local/lib/python3.12/site-packages/airflow/example_dags/example_branch_operator.py
[2025-04-30T00:48:20.901+0000] {logging_mixin.py:190} INFO - [2025-04-30T00:48:20.901+0000] {dag.py:3211} INFO - Sync 1 DAGs
[2025-04-30T00:48:20.945+0000] {logging_mixin.py:190} INFO - [2025-04-30T00:48:20.945+0000] {dag.py:4138} INFO - Setting next_dagrun for example_branch_operator to 2025-04-29 00:00:00+00:00, run_after=2025-04-30 00:00:00+00:00
[2025-04-30T00:48:20.980+0000] {processor.py:208} INFO - Processing /home/airflow/.local/lib/python3.12/site-packages/airflow/example_dags/example_branch_operator.py took 0.177 seconds
[2025-04-30T00:48:51.874+0000] {processor.py:186} INFO - Started process (PID=2338) to work on /home/airflow/.local/lib/python3.12/site-packages/airflow/example_dags/example_branch_operator.py
[2025-04-30T00:48:51.876+0000] {processor.py:914} INFO - Processing file /home/airflow/.local/lib/python3.12/site-packages/airflow/example_dags/example_branch_operator.py for tasks to queue
[2025-04-30T00:48:51.878+0000] {logging_mixin.py:190} INFO - [2025-04-30T00:48:51.877+0000] {dagbag.py:587} INFO - Filling up the DagBag from /home/airflow/.local/lib/python3.12/site-packages/airflow/example_dags/example_branch_operator.py
[2025-04-30T00:48:51.906+0000] {processor.py:925} INFO - DAG(s) 'example_branch_operator' retrieved from /home/airflow/.local/lib/python3.12/site-packages/airflow/example_dags/example_branch_operator.py
[2025-04-30T00:48:51.948+0000] {logging_mixin.py:190} INFO - [2025-04-30T00:48:51.947+0000] {dag.py:3211} INFO - Sync 1 DAGs
[2025-04-30T00:48:51.981+0000] {logging_mixin.py:190} INFO - [2025-04-30T00:48:51.981+0000] {dag.py:4138} INFO - Setting next_dagrun for example_branch_operator to 2025-04-29 00:00:00+00:00, run_after=2025-04-30 00:00:00+00:00
[2025-04-30T00:48:52.008+0000] {processor.py:208} INFO - Processing /home/airflow/.local/lib/python3.12/site-packages/airflow/example_dags/example_branch_operator.py took 0.143 seconds
[2025-04-30T00:49:22.466+0000] {processor.py:186} INFO - Started process (PID=2401) to work on /home/airflow/.local/lib/python3.12/site-packages/airflow/example_dags/example_branch_operator.py
[2025-04-30T00:49:22.467+0000] {processor.py:914} INFO - Processing file /home/airflow/.local/lib/python3.12/site-packages/airflow/example_dags/example_branch_operator.py for tasks to queue
[2025-04-30T00:49:22.468+0000] {logging_mixin.py:190} INFO - [2025-04-30T00:49:22.468+0000] {dagbag.py:587} INFO - Filling up the DagBag from /home/airflow/.local/lib/python3.12/site-packages/airflow/example_dags/example_branch_operator.py
[2025-04-30T00:49:22.491+0000] {processor.py:925} INFO - DAG(s) 'example_branch_operator' retrieved from /home/airflow/.local/lib/python3.12/site-packages/airflow/example_dags/example_branch_operator.py
[2025-04-30T00:49:22.527+0000] {logging_mixin.py:190} INFO - [2025-04-30T00:49:22.527+0000] {dag.py:3211} INFO - Sync 1 DAGs
[2025-04-30T00:49:22.556+0000] {logging_mixin.py:190} INFO - [2025-04-30T00:49:22.556+0000] {dag.py:4138} INFO - Setting next_dagrun for example_branch_operator to 2025-04-29 00:00:00+00:00, run_after=2025-04-30 00:00:00+00:00
[2025-04-30T00:49:22.580+0000] {processor.py:208} INFO - Processing /home/airflow/.local/lib/python3.12/site-packages/airflow/example_dags/example_branch_operator.py took 0.122 seconds
[2025-04-30T00:49:53.238+0000] {processor.py:186} INFO - Started process (PID=2464) to work on /home/airflow/.local/lib/python3.12/site-packages/airflow/example_dags/example_branch_operator.py
[2025-04-30T00:49:53.240+0000] {processor.py:914} INFO - Processing file /home/airflow/.local/lib/python3.12/site-packages/airflow/example_dags/example_branch_operator.py for tasks to queue
[2025-04-30T00:49:53.241+0000] {logging_mixin.py:190} INFO - [2025-04-30T00:49:53.241+0000] {dagbag.py:587} INFO - Filling up the DagBag from /home/airflow/.local/lib/python3.12/site-packages/airflow/example_dags/example_branch_operator.py
[2025-04-30T00:49:53.266+0000] {processor.py:925} INFO - DAG(s) 'example_branch_operator' retrieved from /home/airflow/.local/lib/python3.12/site-packages/airflow/example_dags/example_branch_operator.py
[2025-04-30T00:49:53.305+0000] {logging_mixin.py:190} INFO - [2025-04-30T00:49:53.304+0000] {dag.py:3211} INFO - Sync 1 DAGs
[2025-04-30T00:49:53.336+0000] {logging_mixin.py:190} INFO - [2025-04-30T00:49:53.336+0000] {dag.py:4138} INFO - Setting next_dagrun for example_branch_operator to 2025-04-29 00:00:00+00:00, run_after=2025-04-30 00:00:00+00:00
[2025-04-30T00:49:53.360+0000] {processor.py:208} INFO - Processing /home/airflow/.local/lib/python3.12/site-packages/airflow/example_dags/example_branch_operator.py took 0.130 seconds
[2025-04-30T00:50:23.734+0000] {processor.py:186} INFO - Started process (PID=2528) to work on /home/airflow/.local/lib/python3.12/site-packages/airflow/example_dags/example_branch_operator.py
[2025-04-30T00:50:23.735+0000] {processor.py:914} INFO - Processing file /home/airflow/.local/lib/python3.12/site-packages/airflow/example_dags/example_branch_operator.py for tasks to queue
[2025-04-30T00:50:23.736+0000] {logging_mixin.py:190} INFO - [2025-04-30T00:50:23.736+0000] {dagbag.py:587} INFO - Filling up the DagBag from /home/airflow/.local/lib/python3.12/site-packages/airflow/example_dags/example_branch_operator.py
[2025-04-30T00:50:23.757+0000] {processor.py:925} INFO - DAG(s) 'example_branch_operator' retrieved from /home/airflow/.local/lib/python3.12/site-packages/airflow/example_dags/example_branch_operator.py
[2025-04-30T00:50:23.800+0000] {logging_mixin.py:190} INFO - [2025-04-30T00:50:23.799+0000] {dag.py:3211} INFO - Sync 1 DAGs
[2025-04-30T00:50:23.826+0000] {logging_mixin.py:190} INFO - [2025-04-30T00:50:23.826+0000] {dag.py:4138} INFO - Setting next_dagrun for example_branch_operator to 2025-04-29 00:00:00+00:00, run_after=2025-04-30 00:00:00+00:00
[2025-04-30T00:50:23.850+0000] {processor.py:208} INFO - Processing /home/airflow/.local/lib/python3.12/site-packages/airflow/example_dags/example_branch_operator.py took 0.122 seconds
[2025-04-30T00:50:54.466+0000] {processor.py:186} INFO - Started process (PID=2591) to work on /home/airflow/.local/lib/python3.12/site-packages/airflow/example_dags/example_branch_operator.py
[2025-04-30T00:50:54.467+0000] {processor.py:914} INFO - Processing file /home/airflow/.local/lib/python3.12/site-packages/airflow/example_dags/example_branch_operator.py for tasks to queue
[2025-04-30T00:50:54.468+0000] {logging_mixin.py:190} INFO - [2025-04-30T00:50:54.468+0000] {dagbag.py:587} INFO - Filling up the DagBag from /home/airflow/.local/lib/python3.12/site-packages/airflow/example_dags/example_branch_operator.py
[2025-04-30T00:50:54.501+0000] {processor.py:925} INFO - DAG(s) 'example_branch_operator' retrieved from /home/airflow/.local/lib/python3.12/site-packages/airflow/example_dags/example_branch_operator.py
[2025-04-30T00:50:54.538+0000] {logging_mixin.py:190} INFO - [2025-04-30T00:50:54.538+0000] {dag.py:3211} INFO - Sync 1 DAGs
[2025-04-30T00:50:54.571+0000] {logging_mixin.py:190} INFO - [2025-04-30T00:50:54.571+0000] {dag.py:4138} INFO - Setting next_dagrun for example_branch_operator to 2025-04-29 00:00:00+00:00, run_after=2025-04-30 00:00:00+00:00
[2025-04-30T00:50:54.611+0000] {processor.py:208} INFO - Processing /home/airflow/.local/lib/python3.12/site-packages/airflow/example_dags/example_branch_operator.py took 0.152 seconds
[2025-04-30T00:51:24.941+0000] {processor.py:186} INFO - Started process (PID=2654) to work on /home/airflow/.local/lib/python3.12/site-packages/airflow/example_dags/example_branch_operator.py
[2025-04-30T00:51:24.942+0000] {processor.py:914} INFO - Processing file /home/airflow/.local/lib/python3.12/site-packages/airflow/example_dags/example_branch_operator.py for tasks to queue
[2025-04-30T00:51:24.943+0000] {logging_mixin.py:190} INFO - [2025-04-30T00:51:24.943+0000] {dagbag.py:587} INFO - Filling up the DagBag from /home/airflow/.local/lib/python3.12/site-packages/airflow/example_dags/example_branch_operator.py
[2025-04-30T00:51:24.962+0000] {processor.py:925} INFO - DAG(s) 'example_branch_operator' retrieved from /home/airflow/.local/lib/python3.12/site-packages/airflow/example_dags/example_branch_operator.py
[2025-04-30T00:51:24.997+0000] {logging_mixin.py:190} INFO - [2025-04-30T00:51:24.997+0000] {dag.py:3211} INFO - Sync 1 DAGs
[2025-04-30T00:51:25.025+0000] {logging_mixin.py:190} INFO - [2025-04-30T00:51:25.025+0000] {dag.py:4138} INFO - Setting next_dagrun for example_branch_operator to 2025-04-29 00:00:00+00:00, run_after=2025-04-30 00:00:00+00:00
[2025-04-30T00:51:25.053+0000] {processor.py:208} INFO - Processing /home/airflow/.local/lib/python3.12/site-packages/airflow/example_dags/example_branch_operator.py took 0.118 seconds
[2025-04-30T00:59:34.160+0000] {processor.py:186} INFO - Started process (PID=2741) to work on /home/airflow/.local/lib/python3.12/site-packages/airflow/example_dags/example_branch_operator.py
[2025-04-30T00:59:34.162+0000] {processor.py:914} INFO - Processing file /home/airflow/.local/lib/python3.12/site-packages/airflow/example_dags/example_branch_operator.py for tasks to queue
[2025-04-30T00:59:34.165+0000] {logging_mixin.py:190} INFO - [2025-04-30T00:59:34.164+0000] {dagbag.py:587} INFO - Filling up the DagBag from /home/airflow/.local/lib/python3.12/site-packages/airflow/example_dags/example_branch_operator.py
[2025-04-30T00:59:34.205+0000] {processor.py:925} INFO - DAG(s) 'example_branch_operator' retrieved from /home/airflow/.local/lib/python3.12/site-packages/airflow/example_dags/example_branch_operator.py
[2025-04-30T00:59:34.272+0000] {logging_mixin.py:190} INFO - [2025-04-30T00:59:34.272+0000] {dag.py:3211} INFO - Sync 1 DAGs
[2025-04-30T00:59:34.319+0000] {logging_mixin.py:190} INFO - [2025-04-30T00:59:34.319+0000] {dag.py:4138} INFO - Setting next_dagrun for example_branch_operator to 2025-04-29 00:00:00+00:00, run_after=2025-04-30 00:00:00+00:00
[2025-04-30T00:59:34.364+0000] {processor.py:208} INFO - Processing /home/airflow/.local/lib/python3.12/site-packages/airflow/example_dags/example_branch_operator.py took 0.217 seconds
[2025-04-30T01:00:05.059+0000] {processor.py:186} INFO - Started process (PID=2804) to work on /home/airflow/.local/lib/python3.12/site-packages/airflow/example_dags/example_branch_operator.py
[2025-04-30T01:00:05.060+0000] {processor.py:914} INFO - Processing file /home/airflow/.local/lib/python3.12/site-packages/airflow/example_dags/example_branch_operator.py for tasks to queue
[2025-04-30T01:00:05.061+0000] {logging_mixin.py:190} INFO - [2025-04-30T01:00:05.061+0000] {dagbag.py:587} INFO - Filling up the DagBag from /home/airflow/.local/lib/python3.12/site-packages/airflow/example_dags/example_branch_operator.py
[2025-04-30T01:00:05.084+0000] {processor.py:925} INFO - DAG(s) 'example_branch_operator' retrieved from /home/airflow/.local/lib/python3.12/site-packages/airflow/example_dags/example_branch_operator.py
[2025-04-30T01:00:05.120+0000] {logging_mixin.py:190} INFO - [2025-04-30T01:00:05.120+0000] {dag.py:3211} INFO - Sync 1 DAGs
[2025-04-30T01:00:05.152+0000] {logging_mixin.py:190} INFO - [2025-04-30T01:00:05.152+0000] {dag.py:4138} INFO - Setting next_dagrun for example_branch_operator to 2025-04-29 00:00:00+00:00, run_after=2025-04-30 00:00:00+00:00
[2025-04-30T01:00:05.176+0000] {processor.py:208} INFO - Processing /home/airflow/.local/lib/python3.12/site-packages/airflow/example_dags/example_branch_operator.py took 0.125 seconds
[2025-04-30T01:00:35.436+0000] {processor.py:186} INFO - Started process (PID=2873) to work on /home/airflow/.local/lib/python3.12/site-packages/airflow/example_dags/example_branch_operator.py
[2025-04-30T01:00:35.437+0000] {processor.py:914} INFO - Processing file /home/airflow/.local/lib/python3.12/site-packages/airflow/example_dags/example_branch_operator.py for tasks to queue
[2025-04-30T01:00:35.439+0000] {logging_mixin.py:190} INFO - [2025-04-30T01:00:35.438+0000] {dagbag.py:587} INFO - Filling up the DagBag from /home/airflow/.local/lib/python3.12/site-packages/airflow/example_dags/example_branch_operator.py
[2025-04-30T01:00:35.458+0000] {processor.py:925} INFO - DAG(s) 'example_branch_operator' retrieved from /home/airflow/.local/lib/python3.12/site-packages/airflow/example_dags/example_branch_operator.py
[2025-04-30T01:00:35.494+0000] {logging_mixin.py:190} INFO - [2025-04-30T01:00:35.493+0000] {dag.py:3211} INFO - Sync 1 DAGs
[2025-04-30T01:00:35.526+0000] {logging_mixin.py:190} INFO - [2025-04-30T01:00:35.526+0000] {dag.py:4138} INFO - Setting next_dagrun for example_branch_operator to 2025-04-29 00:00:00+00:00, run_after=2025-04-30 00:00:00+00:00
[2025-04-30T01:00:35.554+0000] {processor.py:208} INFO - Processing /home/airflow/.local/lib/python3.12/site-packages/airflow/example_dags/example_branch_operator.py took 0.124 seconds
[2025-04-30T01:01:06.053+0000] {processor.py:186} INFO - Started process (PID=2936) to work on /home/airflow/.local/lib/python3.12/site-packages/airflow/example_dags/example_branch_operator.py
[2025-04-30T01:01:06.054+0000] {processor.py:914} INFO - Processing file /home/airflow/.local/lib/python3.12/site-packages/airflow/example_dags/example_branch_operator.py for tasks to queue
[2025-04-30T01:01:06.056+0000] {logging_mixin.py:190} INFO - [2025-04-30T01:01:06.056+0000] {dagbag.py:587} INFO - Filling up the DagBag from /home/airflow/.local/lib/python3.12/site-packages/airflow/example_dags/example_branch_operator.py
[2025-04-30T01:01:06.083+0000] {processor.py:925} INFO - DAG(s) 'example_branch_operator' retrieved from /home/airflow/.local/lib/python3.12/site-packages/airflow/example_dags/example_branch_operator.py
[2025-04-30T01:01:06.119+0000] {logging_mixin.py:190} INFO - [2025-04-30T01:01:06.119+0000] {dag.py:3211} INFO - Sync 1 DAGs
[2025-04-30T01:01:06.149+0000] {logging_mixin.py:190} INFO - [2025-04-30T01:01:06.148+0000] {dag.py:4138} INFO - Setting next_dagrun for example_branch_operator to 2025-04-29 00:00:00+00:00, run_after=2025-04-30 00:00:00+00:00
[2025-04-30T01:01:06.175+0000] {processor.py:208} INFO - Processing /home/airflow/.local/lib/python3.12/site-packages/airflow/example_dags/example_branch_operator.py took 0.129 seconds
[2025-04-30T01:01:36.914+0000] {processor.py:186} INFO - Started process (PID=2999) to work on /home/airflow/.local/lib/python3.12/site-packages/airflow/example_dags/example_branch_operator.py
[2025-04-30T01:01:36.915+0000] {processor.py:914} INFO - Processing file /home/airflow/.local/lib/python3.12/site-packages/airflow/example_dags/example_branch_operator.py for tasks to queue
[2025-04-30T01:01:36.917+0000] {logging_mixin.py:190} INFO - [2025-04-30T01:01:36.916+0000] {dagbag.py:587} INFO - Filling up the DagBag from /home/airflow/.local/lib/python3.12/site-packages/airflow/example_dags/example_branch_operator.py
[2025-04-30T01:01:36.943+0000] {processor.py:925} INFO - DAG(s) 'example_branch_operator' retrieved from /home/airflow/.local/lib/python3.12/site-packages/airflow/example_dags/example_branch_operator.py
[2025-04-30T01:01:36.988+0000] {logging_mixin.py:190} INFO - [2025-04-30T01:01:36.988+0000] {dag.py:3211} INFO - Sync 1 DAGs
[2025-04-30T01:01:37.274+0000] {logging_mixin.py:190} INFO - [2025-04-30T01:01:37.273+0000] {dag.py:4138} INFO - Setting next_dagrun for example_branch_operator to 2025-04-29 00:00:00+00:00, run_after=2025-04-30 00:00:00+00:00
[2025-04-30T01:01:37.306+0000] {processor.py:208} INFO - Processing /home/airflow/.local/lib/python3.12/site-packages/airflow/example_dags/example_branch_operator.py took 0.401 seconds
[2025-04-30T01:02:07.791+0000] {processor.py:186} INFO - Started process (PID=3062) to work on /home/airflow/.local/lib/python3.12/site-packages/airflow/example_dags/example_branch_operator.py
[2025-04-30T01:02:07.792+0000] {processor.py:914} INFO - Processing file /home/airflow/.local/lib/python3.12/site-packages/airflow/example_dags/example_branch_operator.py for tasks to queue
[2025-04-30T01:02:07.793+0000] {logging_mixin.py:190} INFO - [2025-04-30T01:02:07.793+0000] {dagbag.py:587} INFO - Filling up the DagBag from /home/airflow/.local/lib/python3.12/site-packages/airflow/example_dags/example_branch_operator.py
[2025-04-30T01:02:07.814+0000] {processor.py:925} INFO - DAG(s) 'example_branch_operator' retrieved from /home/airflow/.local/lib/python3.12/site-packages/airflow/example_dags/example_branch_operator.py
[2025-04-30T01:02:07.849+0000] {logging_mixin.py:190} INFO - [2025-04-30T01:02:07.849+0000] {dag.py:3211} INFO - Sync 1 DAGs
[2025-04-30T01:02:07.879+0000] {logging_mixin.py:190} INFO - [2025-04-30T01:02:07.879+0000] {dag.py:4138} INFO - Setting next_dagrun for example_branch_operator to 2025-04-29 00:00:00+00:00, run_after=2025-04-30 00:00:00+00:00
[2025-04-30T01:02:08.093+0000] {processor.py:208} INFO - Processing /home/airflow/.local/lib/python3.12/site-packages/airflow/example_dags/example_branch_operator.py took 0.309 seconds
[2025-04-30T01:02:38.366+0000] {processor.py:186} INFO - Started process (PID=3126) to work on /home/airflow/.local/lib/python3.12/site-packages/airflow/example_dags/example_branch_operator.py
[2025-04-30T01:02:38.367+0000] {processor.py:914} INFO - Processing file /home/airflow/.local/lib/python3.12/site-packages/airflow/example_dags/example_branch_operator.py for tasks to queue
[2025-04-30T01:02:38.368+0000] {logging_mixin.py:190} INFO - [2025-04-30T01:02:38.368+0000] {dagbag.py:587} INFO - Filling up the DagBag from /home/airflow/.local/lib/python3.12/site-packages/airflow/example_dags/example_branch_operator.py
[2025-04-30T01:02:38.388+0000] {processor.py:925} INFO - DAG(s) 'example_branch_operator' retrieved from /home/airflow/.local/lib/python3.12/site-packages/airflow/example_dags/example_branch_operator.py
[2025-04-30T01:02:38.424+0000] {logging_mixin.py:190} INFO - [2025-04-30T01:02:38.423+0000] {dag.py:3211} INFO - Sync 1 DAGs
[2025-04-30T01:02:38.452+0000] {logging_mixin.py:190} INFO - [2025-04-30T01:02:38.451+0000] {dag.py:4138} INFO - Setting next_dagrun for example_branch_operator to 2025-04-29 00:00:00+00:00, run_after=2025-04-30 00:00:00+00:00
[2025-04-30T01:02:38.472+0000] {processor.py:208} INFO - Processing /home/airflow/.local/lib/python3.12/site-packages/airflow/example_dags/example_branch_operator.py took 0.113 seconds
[2025-04-30T01:03:09.489+0000] {processor.py:186} INFO - Started process (PID=3188) to work on /home/airflow/.local/lib/python3.12/site-packages/airflow/example_dags/example_branch_operator.py
[2025-04-30T01:03:09.490+0000] {processor.py:914} INFO - Processing file /home/airflow/.local/lib/python3.12/site-packages/airflow/example_dags/example_branch_operator.py for tasks to queue
[2025-04-30T01:03:09.492+0000] {logging_mixin.py:190} INFO - [2025-04-30T01:03:09.491+0000] {dagbag.py:587} INFO - Filling up the DagBag from /home/airflow/.local/lib/python3.12/site-packages/airflow/example_dags/example_branch_operator.py
[2025-04-30T01:03:09.510+0000] {processor.py:925} INFO - DAG(s) 'example_branch_operator' retrieved from /home/airflow/.local/lib/python3.12/site-packages/airflow/example_dags/example_branch_operator.py
[2025-04-30T01:03:09.542+0000] {logging_mixin.py:190} INFO - [2025-04-30T01:03:09.542+0000] {dag.py:3211} INFO - Sync 1 DAGs
[2025-04-30T01:03:09.573+0000] {logging_mixin.py:190} INFO - [2025-04-30T01:03:09.572+0000] {dag.py:4138} INFO - Setting next_dagrun for example_branch_operator to 2025-04-29 00:00:00+00:00, run_after=2025-04-30 00:00:00+00:00
[2025-04-30T01:03:09.593+0000] {processor.py:208} INFO - Processing /home/airflow/.local/lib/python3.12/site-packages/airflow/example_dags/example_branch_operator.py took 0.110 seconds
[2025-04-30T01:03:42.736+0000] {processor.py:186} INFO - Started process (PID=3251) to work on /home/airflow/.local/lib/python3.12/site-packages/airflow/example_dags/example_branch_operator.py
[2025-04-30T01:03:42.737+0000] {processor.py:914} INFO - Processing file /home/airflow/.local/lib/python3.12/site-packages/airflow/example_dags/example_branch_operator.py for tasks to queue
[2025-04-30T01:03:42.739+0000] {logging_mixin.py:190} INFO - [2025-04-30T01:03:42.739+0000] {dagbag.py:587} INFO - Filling up the DagBag from /home/airflow/.local/lib/python3.12/site-packages/airflow/example_dags/example_branch_operator.py
[2025-04-30T01:03:42.760+0000] {processor.py:925} INFO - DAG(s) 'example_branch_operator' retrieved from /home/airflow/.local/lib/python3.12/site-packages/airflow/example_dags/example_branch_operator.py
[2025-04-30T01:03:42.791+0000] {logging_mixin.py:190} INFO - [2025-04-30T01:03:42.791+0000] {dag.py:3211} INFO - Sync 1 DAGs
[2025-04-30T01:03:42.819+0000] {logging_mixin.py:190} INFO - [2025-04-30T01:03:42.819+0000] {dag.py:4138} INFO - Setting next_dagrun for example_branch_operator to 2025-04-29 00:00:00+00:00, run_after=2025-04-30 00:00:00+00:00
[2025-04-30T01:03:42.846+0000] {processor.py:208} INFO - Processing /home/airflow/.local/lib/python3.12/site-packages/airflow/example_dags/example_branch_operator.py took 0.117 seconds
[2025-04-30T01:04:14.055+0000] {processor.py:186} INFO - Started process (PID=3315) to work on /home/airflow/.local/lib/python3.12/site-packages/airflow/example_dags/example_branch_operator.py
[2025-04-30T01:04:14.057+0000] {processor.py:914} INFO - Processing file /home/airflow/.local/lib/python3.12/site-packages/airflow/example_dags/example_branch_operator.py for tasks to queue
[2025-04-30T01:04:14.058+0000] {logging_mixin.py:190} INFO - [2025-04-30T01:04:14.058+0000] {dagbag.py:587} INFO - Filling up the DagBag from /home/airflow/.local/lib/python3.12/site-packages/airflow/example_dags/example_branch_operator.py
[2025-04-30T01:04:14.245+0000] {processor.py:925} INFO - DAG(s) 'example_branch_operator' retrieved from /home/airflow/.local/lib/python3.12/site-packages/airflow/example_dags/example_branch_operator.py
[2025-04-30T01:04:14.279+0000] {logging_mixin.py:190} INFO - [2025-04-30T01:04:14.279+0000] {dag.py:3211} INFO - Sync 1 DAGs
[2025-04-30T01:04:14.312+0000] {logging_mixin.py:190} INFO - [2025-04-30T01:04:14.312+0000] {dag.py:4138} INFO - Setting next_dagrun for example_branch_operator to 2025-04-29 00:00:00+00:00, run_after=2025-04-30 00:00:00+00:00
[2025-04-30T01:04:14.337+0000] {processor.py:208} INFO - Processing /home/airflow/.local/lib/python3.12/site-packages/airflow/example_dags/example_branch_operator.py took 0.289 seconds
[2025-04-30T01:04:44.794+0000] {processor.py:186} INFO - Started process (PID=3378) to work on /home/airflow/.local/lib/python3.12/site-packages/airflow/example_dags/example_branch_operator.py
[2025-04-30T01:04:44.795+0000] {processor.py:914} INFO - Processing file /home/airflow/.local/lib/python3.12/site-packages/airflow/example_dags/example_branch_operator.py for tasks to queue
[2025-04-30T01:04:44.797+0000] {logging_mixin.py:190} INFO - [2025-04-30T01:04:44.796+0000] {dagbag.py:587} INFO - Filling up the DagBag from /home/airflow/.local/lib/python3.12/site-packages/airflow/example_dags/example_branch_operator.py
[2025-04-30T01:04:44.820+0000] {processor.py:925} INFO - DAG(s) 'example_branch_operator' retrieved from /home/airflow/.local/lib/python3.12/site-packages/airflow/example_dags/example_branch_operator.py
[2025-04-30T01:04:44.855+0000] {logging_mixin.py:190} INFO - [2025-04-30T01:04:44.855+0000] {dag.py:3211} INFO - Sync 1 DAGs
[2025-04-30T01:04:44.893+0000] {logging_mixin.py:190} INFO - [2025-04-30T01:04:44.893+0000] {dag.py:4138} INFO - Setting next_dagrun for example_branch_operator to 2025-04-29 00:00:00+00:00, run_after=2025-04-30 00:00:00+00:00
[2025-04-30T01:04:44.924+0000] {processor.py:208} INFO - Processing /home/airflow/.local/lib/python3.12/site-packages/airflow/example_dags/example_branch_operator.py took 0.135 seconds
[2025-04-30T01:05:15.544+0000] {processor.py:186} INFO - Started process (PID=3441) to work on /home/airflow/.local/lib/python3.12/site-packages/airflow/example_dags/example_branch_operator.py
[2025-04-30T01:05:15.545+0000] {processor.py:914} INFO - Processing file /home/airflow/.local/lib/python3.12/site-packages/airflow/example_dags/example_branch_operator.py for tasks to queue
[2025-04-30T01:05:15.547+0000] {logging_mixin.py:190} INFO - [2025-04-30T01:05:15.547+0000] {dagbag.py:587} INFO - Filling up the DagBag from /home/airflow/.local/lib/python3.12/site-packages/airflow/example_dags/example_branch_operator.py
[2025-04-30T01:05:15.566+0000] {processor.py:925} INFO - DAG(s) 'example_branch_operator' retrieved from /home/airflow/.local/lib/python3.12/site-packages/airflow/example_dags/example_branch_operator.py
[2025-04-30T01:05:15.599+0000] {logging_mixin.py:190} INFO - [2025-04-30T01:05:15.598+0000] {dag.py:3211} INFO - Sync 1 DAGs
[2025-04-30T01:05:15.624+0000] {logging_mixin.py:190} INFO - [2025-04-30T01:05:15.624+0000] {dag.py:4138} INFO - Setting next_dagrun for example_branch_operator to 2025-04-29 00:00:00+00:00, run_after=2025-04-30 00:00:00+00:00
[2025-04-30T01:05:15.650+0000] {processor.py:208} INFO - Processing /home/airflow/.local/lib/python3.12/site-packages/airflow/example_dags/example_branch_operator.py took 0.112 seconds
[2025-04-30T01:05:46.158+0000] {processor.py:186} INFO - Started process (PID=3504) to work on /home/airflow/.local/lib/python3.12/site-packages/airflow/example_dags/example_branch_operator.py
[2025-04-30T01:05:46.159+0000] {processor.py:914} INFO - Processing file /home/airflow/.local/lib/python3.12/site-packages/airflow/example_dags/example_branch_operator.py for tasks to queue
[2025-04-30T01:05:46.161+0000] {logging_mixin.py:190} INFO - [2025-04-30T01:05:46.160+0000] {dagbag.py:587} INFO - Filling up the DagBag from /home/airflow/.local/lib/python3.12/site-packages/airflow/example_dags/example_branch_operator.py
[2025-04-30T01:05:46.182+0000] {processor.py:925} INFO - DAG(s) 'example_branch_operator' retrieved from /home/airflow/.local/lib/python3.12/site-packages/airflow/example_dags/example_branch_operator.py
[2025-04-30T01:05:46.217+0000] {logging_mixin.py:190} INFO - [2025-04-30T01:05:46.217+0000] {dag.py:3211} INFO - Sync 1 DAGs
[2025-04-30T01:05:46.250+0000] {logging_mixin.py:190} INFO - [2025-04-30T01:05:46.249+0000] {dag.py:4138} INFO - Setting next_dagrun for example_branch_operator to 2025-04-29 00:00:00+00:00, run_after=2025-04-30 00:00:00+00:00
[2025-04-30T01:05:46.279+0000] {processor.py:208} INFO - Processing /home/airflow/.local/lib/python3.12/site-packages/airflow/example_dags/example_branch_operator.py took 0.129 seconds
[2025-04-30T01:06:16.815+0000] {processor.py:186} INFO - Started process (PID=3567) to work on /home/airflow/.local/lib/python3.12/site-packages/airflow/example_dags/example_branch_operator.py
[2025-04-30T01:06:16.816+0000] {processor.py:914} INFO - Processing file /home/airflow/.local/lib/python3.12/site-packages/airflow/example_dags/example_branch_operator.py for tasks to queue
[2025-04-30T01:06:16.817+0000] {logging_mixin.py:190} INFO - [2025-04-30T01:06:16.817+0000] {dagbag.py:587} INFO - Filling up the DagBag from /home/airflow/.local/lib/python3.12/site-packages/airflow/example_dags/example_branch_operator.py
[2025-04-30T01:06:16.836+0000] {processor.py:925} INFO - DAG(s) 'example_branch_operator' retrieved from /home/airflow/.local/lib/python3.12/site-packages/airflow/example_dags/example_branch_operator.py
[2025-04-30T01:06:16.869+0000] {logging_mixin.py:190} INFO - [2025-04-30T01:06:16.869+0000] {dag.py:3211} INFO - Sync 1 DAGs
[2025-04-30T01:06:16.897+0000] {logging_mixin.py:190} INFO - [2025-04-30T01:06:16.897+0000] {dag.py:4138} INFO - Setting next_dagrun for example_branch_operator to 2025-04-29 00:00:00+00:00, run_after=2025-04-30 00:00:00+00:00
[2025-04-30T01:06:16.919+0000] {processor.py:208} INFO - Processing /home/airflow/.local/lib/python3.12/site-packages/airflow/example_dags/example_branch_operator.py took 0.110 seconds
[2025-04-30T01:06:47.497+0000] {processor.py:186} INFO - Started process (PID=3630) to work on /home/airflow/.local/lib/python3.12/site-packages/airflow/example_dags/example_branch_operator.py
[2025-04-30T01:06:47.499+0000] {processor.py:914} INFO - Processing file /home/airflow/.local/lib/python3.12/site-packages/airflow/example_dags/example_branch_operator.py for tasks to queue
[2025-04-30T01:06:47.501+0000] {logging_mixin.py:190} INFO - [2025-04-30T01:06:47.500+0000] {dagbag.py:587} INFO - Filling up the DagBag from /home/airflow/.local/lib/python3.12/site-packages/airflow/example_dags/example_branch_operator.py
[2025-04-30T01:06:47.527+0000] {processor.py:925} INFO - DAG(s) 'example_branch_operator' retrieved from /home/airflow/.local/lib/python3.12/site-packages/airflow/example_dags/example_branch_operator.py
[2025-04-30T01:06:47.563+0000] {logging_mixin.py:190} INFO - [2025-04-30T01:06:47.562+0000] {dag.py:3211} INFO - Sync 1 DAGs
[2025-04-30T01:06:47.590+0000] {logging_mixin.py:190} INFO - [2025-04-30T01:06:47.590+0000] {dag.py:4138} INFO - Setting next_dagrun for example_branch_operator to 2025-04-29 00:00:00+00:00, run_after=2025-04-30 00:00:00+00:00
[2025-04-30T01:06:47.612+0000] {processor.py:208} INFO - Processing /home/airflow/.local/lib/python3.12/site-packages/airflow/example_dags/example_branch_operator.py took 0.122 seconds
[2025-04-30T01:07:17.919+0000] {processor.py:186} INFO - Started process (PID=3693) to work on /home/airflow/.local/lib/python3.12/site-packages/airflow/example_dags/example_branch_operator.py
[2025-04-30T01:07:17.920+0000] {processor.py:914} INFO - Processing file /home/airflow/.local/lib/python3.12/site-packages/airflow/example_dags/example_branch_operator.py for tasks to queue
[2025-04-30T01:07:17.922+0000] {logging_mixin.py:190} INFO - [2025-04-30T01:07:17.922+0000] {dagbag.py:587} INFO - Filling up the DagBag from /home/airflow/.local/lib/python3.12/site-packages/airflow/example_dags/example_branch_operator.py
[2025-04-30T01:07:17.945+0000] {processor.py:925} INFO - DAG(s) 'example_branch_operator' retrieved from /home/airflow/.local/lib/python3.12/site-packages/airflow/example_dags/example_branch_operator.py
[2025-04-30T01:07:17.976+0000] {logging_mixin.py:190} INFO - [2025-04-30T01:07:17.976+0000] {dag.py:3211} INFO - Sync 1 DAGs
[2025-04-30T01:07:18.001+0000] {logging_mixin.py:190} INFO - [2025-04-30T01:07:18.001+0000] {dag.py:4138} INFO - Setting next_dagrun for example_branch_operator to 2025-04-29 00:00:00+00:00, run_after=2025-04-30 00:00:00+00:00
[2025-04-30T01:07:18.022+0000] {processor.py:208} INFO - Processing /home/airflow/.local/lib/python3.12/site-packages/airflow/example_dags/example_branch_operator.py took 0.112 seconds
[2025-04-30T01:07:48.982+0000] {processor.py:186} INFO - Started process (PID=3756) to work on /home/airflow/.local/lib/python3.12/site-packages/airflow/example_dags/example_branch_operator.py
[2025-04-30T01:07:48.983+0000] {processor.py:914} INFO - Processing file /home/airflow/.local/lib/python3.12/site-packages/airflow/example_dags/example_branch_operator.py for tasks to queue
[2025-04-30T01:07:48.985+0000] {logging_mixin.py:190} INFO - [2025-04-30T01:07:48.985+0000] {dagbag.py:587} INFO - Filling up the DagBag from /home/airflow/.local/lib/python3.12/site-packages/airflow/example_dags/example_branch_operator.py
[2025-04-30T01:07:49.009+0000] {processor.py:925} INFO - DAG(s) 'example_branch_operator' retrieved from /home/airflow/.local/lib/python3.12/site-packages/airflow/example_dags/example_branch_operator.py
[2025-04-30T01:07:49.047+0000] {logging_mixin.py:190} INFO - [2025-04-30T01:07:49.046+0000] {dag.py:3211} INFO - Sync 1 DAGs
[2025-04-30T01:07:49.078+0000] {logging_mixin.py:190} INFO - [2025-04-30T01:07:49.078+0000] {dag.py:4138} INFO - Setting next_dagrun for example_branch_operator to 2025-04-29 00:00:00+00:00, run_after=2025-04-30 00:00:00+00:00
[2025-04-30T01:07:49.108+0000] {processor.py:208} INFO - Processing /home/airflow/.local/lib/python3.12/site-packages/airflow/example_dags/example_branch_operator.py took 0.133 seconds
[2025-04-30T01:08:19.498+0000] {processor.py:186} INFO - Started process (PID=3818) to work on /home/airflow/.local/lib/python3.12/site-packages/airflow/example_dags/example_branch_operator.py
[2025-04-30T01:08:19.499+0000] {processor.py:914} INFO - Processing file /home/airflow/.local/lib/python3.12/site-packages/airflow/example_dags/example_branch_operator.py for tasks to queue
[2025-04-30T01:08:19.501+0000] {logging_mixin.py:190} INFO - [2025-04-30T01:08:19.501+0000] {dagbag.py:587} INFO - Filling up the DagBag from /home/airflow/.local/lib/python3.12/site-packages/airflow/example_dags/example_branch_operator.py
[2025-04-30T01:08:19.524+0000] {processor.py:925} INFO - DAG(s) 'example_branch_operator' retrieved from /home/airflow/.local/lib/python3.12/site-packages/airflow/example_dags/example_branch_operator.py
[2025-04-30T01:08:19.568+0000] {logging_mixin.py:190} INFO - [2025-04-30T01:08:19.567+0000] {dag.py:3211} INFO - Sync 1 DAGs
[2025-04-30T01:08:19.601+0000] {logging_mixin.py:190} INFO - [2025-04-30T01:08:19.601+0000] {dag.py:4138} INFO - Setting next_dagrun for example_branch_operator to 2025-04-29 00:00:00+00:00, run_after=2025-04-30 00:00:00+00:00
[2025-04-30T01:08:19.626+0000] {processor.py:208} INFO - Processing /home/airflow/.local/lib/python3.12/site-packages/airflow/example_dags/example_branch_operator.py took 0.135 seconds
[2025-04-30T01:08:50.565+0000] {processor.py:186} INFO - Started process (PID=3886) to work on /home/airflow/.local/lib/python3.12/site-packages/airflow/example_dags/example_branch_operator.py
[2025-04-30T01:08:50.566+0000] {processor.py:914} INFO - Processing file /home/airflow/.local/lib/python3.12/site-packages/airflow/example_dags/example_branch_operator.py for tasks to queue
[2025-04-30T01:08:50.568+0000] {logging_mixin.py:190} INFO - [2025-04-30T01:08:50.568+0000] {dagbag.py:587} INFO - Filling up the DagBag from /home/airflow/.local/lib/python3.12/site-packages/airflow/example_dags/example_branch_operator.py
[2025-04-30T01:08:50.591+0000] {processor.py:925} INFO - DAG(s) 'example_branch_operator' retrieved from /home/airflow/.local/lib/python3.12/site-packages/airflow/example_dags/example_branch_operator.py
[2025-04-30T01:08:50.625+0000] {logging_mixin.py:190} INFO - [2025-04-30T01:08:50.625+0000] {dag.py:3211} INFO - Sync 1 DAGs
[2025-04-30T01:08:50.655+0000] {logging_mixin.py:190} INFO - [2025-04-30T01:08:50.654+0000] {dag.py:4138} INFO - Setting next_dagrun for example_branch_operator to 2025-04-29 00:00:00+00:00, run_after=2025-04-30 00:00:00+00:00
[2025-04-30T01:08:50.682+0000] {processor.py:208} INFO - Processing /home/airflow/.local/lib/python3.12/site-packages/airflow/example_dags/example_branch_operator.py took 0.126 seconds
[2025-04-30T01:09:20.784+0000] {processor.py:186} INFO - Started process (PID=3948) to work on /home/airflow/.local/lib/python3.12/site-packages/airflow/example_dags/example_branch_operator.py
[2025-04-30T01:09:20.785+0000] {processor.py:914} INFO - Processing file /home/airflow/.local/lib/python3.12/site-packages/airflow/example_dags/example_branch_operator.py for tasks to queue
[2025-04-30T01:09:20.787+0000] {logging_mixin.py:190} INFO - [2025-04-30T01:09:20.786+0000] {dagbag.py:587} INFO - Filling up the DagBag from /home/airflow/.local/lib/python3.12/site-packages/airflow/example_dags/example_branch_operator.py
[2025-04-30T01:09:20.813+0000] {processor.py:925} INFO - DAG(s) 'example_branch_operator' retrieved from /home/airflow/.local/lib/python3.12/site-packages/airflow/example_dags/example_branch_operator.py
[2025-04-30T01:09:20.846+0000] {logging_mixin.py:190} INFO - [2025-04-30T01:09:20.846+0000] {dag.py:3211} INFO - Sync 1 DAGs
[2025-04-30T01:09:20.875+0000] {logging_mixin.py:190} INFO - [2025-04-30T01:09:20.874+0000] {dag.py:4138} INFO - Setting next_dagrun for example_branch_operator to 2025-04-29 00:00:00+00:00, run_after=2025-04-30 00:00:00+00:00
[2025-04-30T01:09:20.896+0000] {processor.py:208} INFO - Processing /home/airflow/.local/lib/python3.12/site-packages/airflow/example_dags/example_branch_operator.py took 0.120 seconds
[2025-04-30T01:09:51.036+0000] {processor.py:186} INFO - Started process (PID=4010) to work on /home/airflow/.local/lib/python3.12/site-packages/airflow/example_dags/example_branch_operator.py
[2025-04-30T01:09:51.038+0000] {processor.py:914} INFO - Processing file /home/airflow/.local/lib/python3.12/site-packages/airflow/example_dags/example_branch_operator.py for tasks to queue
[2025-04-30T01:09:51.040+0000] {logging_mixin.py:190} INFO - [2025-04-30T01:09:51.039+0000] {dagbag.py:587} INFO - Filling up the DagBag from /home/airflow/.local/lib/python3.12/site-packages/airflow/example_dags/example_branch_operator.py
[2025-04-30T01:09:51.065+0000] {processor.py:925} INFO - DAG(s) 'example_branch_operator' retrieved from /home/airflow/.local/lib/python3.12/site-packages/airflow/example_dags/example_branch_operator.py
[2025-04-30T01:09:51.109+0000] {logging_mixin.py:190} INFO - [2025-04-30T01:09:51.108+0000] {dag.py:3211} INFO - Sync 1 DAGs
[2025-04-30T01:09:51.141+0000] {logging_mixin.py:190} INFO - [2025-04-30T01:09:51.141+0000] {dag.py:4138} INFO - Setting next_dagrun for example_branch_operator to 2025-04-29 00:00:00+00:00, run_after=2025-04-30 00:00:00+00:00
[2025-04-30T01:09:51.165+0000] {processor.py:208} INFO - Processing /home/airflow/.local/lib/python3.12/site-packages/airflow/example_dags/example_branch_operator.py took 0.137 seconds
[2025-04-30T01:10:21.791+0000] {processor.py:186} INFO - Started process (PID=4072) to work on /home/airflow/.local/lib/python3.12/site-packages/airflow/example_dags/example_branch_operator.py
[2025-04-30T01:10:21.792+0000] {processor.py:914} INFO - Processing file /home/airflow/.local/lib/python3.12/site-packages/airflow/example_dags/example_branch_operator.py for tasks to queue
[2025-04-30T01:10:21.794+0000] {logging_mixin.py:190} INFO - [2025-04-30T01:10:21.793+0000] {dagbag.py:587} INFO - Filling up the DagBag from /home/airflow/.local/lib/python3.12/site-packages/airflow/example_dags/example_branch_operator.py
[2025-04-30T01:10:21.820+0000] {processor.py:925} INFO - DAG(s) 'example_branch_operator' retrieved from /home/airflow/.local/lib/python3.12/site-packages/airflow/example_dags/example_branch_operator.py
[2025-04-30T01:10:21.859+0000] {logging_mixin.py:190} INFO - [2025-04-30T01:10:21.859+0000] {dag.py:3211} INFO - Sync 1 DAGs
[2025-04-30T01:10:21.891+0000] {logging_mixin.py:190} INFO - [2025-04-30T01:10:21.891+0000] {dag.py:4138} INFO - Setting next_dagrun for example_branch_operator to 2025-04-29 00:00:00+00:00, run_after=2025-04-30 00:00:00+00:00
[2025-04-30T01:10:21.920+0000] {processor.py:208} INFO - Processing /home/airflow/.local/lib/python3.12/site-packages/airflow/example_dags/example_branch_operator.py took 0.136 seconds
[2025-04-30T01:10:52.830+0000] {processor.py:186} INFO - Started process (PID=4134) to work on /home/airflow/.local/lib/python3.12/site-packages/airflow/example_dags/example_branch_operator.py
[2025-04-30T01:10:52.832+0000] {processor.py:914} INFO - Processing file /home/airflow/.local/lib/python3.12/site-packages/airflow/example_dags/example_branch_operator.py for tasks to queue
[2025-04-30T01:10:52.834+0000] {logging_mixin.py:190} INFO - [2025-04-30T01:10:52.833+0000] {dagbag.py:587} INFO - Filling up the DagBag from /home/airflow/.local/lib/python3.12/site-packages/airflow/example_dags/example_branch_operator.py
[2025-04-30T01:10:52.866+0000] {processor.py:925} INFO - DAG(s) 'example_branch_operator' retrieved from /home/airflow/.local/lib/python3.12/site-packages/airflow/example_dags/example_branch_operator.py
[2025-04-30T01:10:52.910+0000] {logging_mixin.py:190} INFO - [2025-04-30T01:10:52.910+0000] {dag.py:3211} INFO - Sync 1 DAGs
[2025-04-30T01:10:52.942+0000] {logging_mixin.py:190} INFO - [2025-04-30T01:10:52.942+0000] {dag.py:4138} INFO - Setting next_dagrun for example_branch_operator to 2025-04-29 00:00:00+00:00, run_after=2025-04-30 00:00:00+00:00
[2025-04-30T01:10:52.965+0000] {processor.py:208} INFO - Processing /home/airflow/.local/lib/python3.12/site-packages/airflow/example_dags/example_branch_operator.py took 0.141 seconds
[2025-04-30T01:11:23.665+0000] {processor.py:186} INFO - Started process (PID=4196) to work on /home/airflow/.local/lib/python3.12/site-packages/airflow/example_dags/example_branch_operator.py
[2025-04-30T01:11:23.666+0000] {processor.py:914} INFO - Processing file /home/airflow/.local/lib/python3.12/site-packages/airflow/example_dags/example_branch_operator.py for tasks to queue
[2025-04-30T01:11:23.668+0000] {logging_mixin.py:190} INFO - [2025-04-30T01:11:23.667+0000] {dagbag.py:587} INFO - Filling up the DagBag from /home/airflow/.local/lib/python3.12/site-packages/airflow/example_dags/example_branch_operator.py
[2025-04-30T01:11:23.687+0000] {processor.py:925} INFO - DAG(s) 'example_branch_operator' retrieved from /home/airflow/.local/lib/python3.12/site-packages/airflow/example_dags/example_branch_operator.py
[2025-04-30T01:11:23.719+0000] {logging_mixin.py:190} INFO - [2025-04-30T01:11:23.719+0000] {dag.py:3211} INFO - Sync 1 DAGs
[2025-04-30T01:11:23.746+0000] {logging_mixin.py:190} INFO - [2025-04-30T01:11:23.746+0000] {dag.py:4138} INFO - Setting next_dagrun for example_branch_operator to 2025-04-29 00:00:00+00:00, run_after=2025-04-30 00:00:00+00:00
[2025-04-30T01:11:23.768+0000] {processor.py:208} INFO - Processing /home/airflow/.local/lib/python3.12/site-packages/airflow/example_dags/example_branch_operator.py took 0.109 seconds
[2025-04-30T01:11:54.614+0000] {processor.py:186} INFO - Started process (PID=4258) to work on /home/airflow/.local/lib/python3.12/site-packages/airflow/example_dags/example_branch_operator.py
[2025-04-30T01:11:54.616+0000] {processor.py:914} INFO - Processing file /home/airflow/.local/lib/python3.12/site-packages/airflow/example_dags/example_branch_operator.py for tasks to queue
[2025-04-30T01:11:54.618+0000] {logging_mixin.py:190} INFO - [2025-04-30T01:11:54.617+0000] {dagbag.py:587} INFO - Filling up the DagBag from /home/airflow/.local/lib/python3.12/site-packages/airflow/example_dags/example_branch_operator.py
[2025-04-30T01:11:54.653+0000] {processor.py:925} INFO - DAG(s) 'example_branch_operator' retrieved from /home/airflow/.local/lib/python3.12/site-packages/airflow/example_dags/example_branch_operator.py
[2025-04-30T01:11:54.705+0000] {logging_mixin.py:190} INFO - [2025-04-30T01:11:54.704+0000] {dag.py:3211} INFO - Sync 1 DAGs
[2025-04-30T01:11:54.745+0000] {logging_mixin.py:190} INFO - [2025-04-30T01:11:54.745+0000] {dag.py:4138} INFO - Setting next_dagrun for example_branch_operator to 2025-04-29 00:00:00+00:00, run_after=2025-04-30 00:00:00+00:00
[2025-04-30T01:11:54.774+0000] {processor.py:208} INFO - Processing /home/airflow/.local/lib/python3.12/site-packages/airflow/example_dags/example_branch_operator.py took 0.170 seconds
