[2025-04-30T00:30:50.681+0000] {processor.py:186} INFO - Started process (PID=91) to work on /home/airflow/.local/lib/python3.12/site-packages/airflow/example_dags/example_branch_labels.py
[2025-04-30T00:30:50.683+0000] {processor.py:914} INFO - Processing file /home/airflow/.local/lib/python3.12/site-packages/airflow/example_dags/example_branch_labels.py for tasks to queue
[2025-04-30T00:30:50.688+0000] {logging_mixin.py:190} INFO - [2025-04-30T00:30:50.687+0000] {dagbag.py:587} INFO - Filling up the DagBag from /home/airflow/.local/lib/python3.12/site-packages/airflow/example_dags/example_branch_labels.py
[2025-04-30T00:30:50.719+0000] {processor.py:925} INFO - DAG(s) 'example_branch_labels' retrieved from /home/airflow/.local/lib/python3.12/site-packages/airflow/example_dags/example_branch_labels.py
[2025-04-30T00:30:50.921+0000] {logging_mixin.py:190} INFO - [2025-04-30T00:30:50.920+0000] {override.py:1858} INFO - Created Permission View: can edit on DAG:example_branch_labels
[2025-04-30T00:30:50.942+0000] {logging_mixin.py:190} INFO - [2025-04-30T00:30:50.942+0000] {override.py:1858} INFO - Created Permission View: can read on DAG:example_branch_labels
[2025-04-30T00:30:50.956+0000] {logging_mixin.py:190} INFO - [2025-04-30T00:30:50.956+0000] {override.py:1858} INFO - Created Permission View: can delete on DAG:example_branch_labels
[2025-04-30T00:30:50.958+0000] {logging_mixin.py:190} INFO - [2025-04-30T00:30:50.958+0000] {dag.py:3211} INFO - Sync 1 DAGs
[2025-04-30T00:30:50.987+0000] {logging_mixin.py:190} INFO - [2025-04-30T00:30:50.987+0000] {dag.py:3234} INFO - Creating ORM DAG for example_branch_labels
[2025-04-30T00:30:51.013+0000] {logging_mixin.py:190} INFO - [2025-04-30T00:30:51.013+0000] {dag.py:4138} INFO - Setting next_dagrun for example_branch_labels to 2025-04-29 00:00:00+00:00, run_after=2025-04-30 00:00:00+00:00
[2025-04-30T00:30:51.047+0000] {processor.py:208} INFO - Processing /home/airflow/.local/lib/python3.12/site-packages/airflow/example_dags/example_branch_labels.py took 0.379 seconds
[2025-04-30T00:31:21.807+0000] {processor.py:186} INFO - Started process (PID=154) to work on /home/airflow/.local/lib/python3.12/site-packages/airflow/example_dags/example_branch_labels.py
[2025-04-30T00:31:21.810+0000] {processor.py:914} INFO - Processing file /home/airflow/.local/lib/python3.12/site-packages/airflow/example_dags/example_branch_labels.py for tasks to queue
[2025-04-30T00:31:21.819+0000] {logging_mixin.py:190} INFO - [2025-04-30T00:31:21.819+0000] {dagbag.py:587} INFO - Filling up the DagBag from /home/airflow/.local/lib/python3.12/site-packages/airflow/example_dags/example_branch_labels.py
[2025-04-30T00:31:21.847+0000] {processor.py:925} INFO - DAG(s) 'example_branch_labels' retrieved from /home/airflow/.local/lib/python3.12/site-packages/airflow/example_dags/example_branch_labels.py
[2025-04-30T00:31:21.890+0000] {logging_mixin.py:190} INFO - [2025-04-30T00:31:21.890+0000] {dag.py:3211} INFO - Sync 1 DAGs
[2025-04-30T00:31:21.941+0000] {logging_mixin.py:190} INFO - [2025-04-30T00:31:21.940+0000] {dag.py:4138} INFO - Setting next_dagrun for example_branch_labels to 2025-04-29 00:00:00+00:00, run_after=2025-04-30 00:00:00+00:00
[2025-04-30T00:31:21.978+0000] {processor.py:208} INFO - Processing /home/airflow/.local/lib/python3.12/site-packages/airflow/example_dags/example_branch_labels.py took 0.188 seconds
[2025-04-30T00:31:52.564+0000] {processor.py:186} INFO - Started process (PID=217) to work on /home/airflow/.local/lib/python3.12/site-packages/airflow/example_dags/example_branch_labels.py
[2025-04-30T00:31:52.566+0000] {processor.py:914} INFO - Processing file /home/airflow/.local/lib/python3.12/site-packages/airflow/example_dags/example_branch_labels.py for tasks to queue
[2025-04-30T00:31:52.572+0000] {logging_mixin.py:190} INFO - [2025-04-30T00:31:52.571+0000] {dagbag.py:587} INFO - Filling up the DagBag from /home/airflow/.local/lib/python3.12/site-packages/airflow/example_dags/example_branch_labels.py
[2025-04-30T00:31:52.594+0000] {processor.py:925} INFO - DAG(s) 'example_branch_labels' retrieved from /home/airflow/.local/lib/python3.12/site-packages/airflow/example_dags/example_branch_labels.py
[2025-04-30T00:31:52.645+0000] {logging_mixin.py:190} INFO - [2025-04-30T00:31:52.645+0000] {dag.py:3211} INFO - Sync 1 DAGs
[2025-04-30T00:31:52.702+0000] {logging_mixin.py:190} INFO - [2025-04-30T00:31:52.702+0000] {dag.py:4138} INFO - Setting next_dagrun for example_branch_labels to 2025-04-29 00:00:00+00:00, run_after=2025-04-30 00:00:00+00:00
[2025-04-30T00:31:52.750+0000] {processor.py:208} INFO - Processing /home/airflow/.local/lib/python3.12/site-packages/airflow/example_dags/example_branch_labels.py took 0.199 seconds
[2025-04-30T00:32:23.113+0000] {processor.py:186} INFO - Started process (PID=286) to work on /home/airflow/.local/lib/python3.12/site-packages/airflow/example_dags/example_branch_labels.py
[2025-04-30T00:32:23.116+0000] {processor.py:914} INFO - Processing file /home/airflow/.local/lib/python3.12/site-packages/airflow/example_dags/example_branch_labels.py for tasks to queue
[2025-04-30T00:32:23.122+0000] {logging_mixin.py:190} INFO - [2025-04-30T00:32:23.121+0000] {dagbag.py:587} INFO - Filling up the DagBag from /home/airflow/.local/lib/python3.12/site-packages/airflow/example_dags/example_branch_labels.py
[2025-04-30T00:32:23.143+0000] {processor.py:925} INFO - DAG(s) 'example_branch_labels' retrieved from /home/airflow/.local/lib/python3.12/site-packages/airflow/example_dags/example_branch_labels.py
[2025-04-30T00:32:23.185+0000] {logging_mixin.py:190} INFO - [2025-04-30T00:32:23.185+0000] {dag.py:3211} INFO - Sync 1 DAGs
[2025-04-30T00:32:23.239+0000] {logging_mixin.py:190} INFO - [2025-04-30T00:32:23.239+0000] {dag.py:4138} INFO - Setting next_dagrun for example_branch_labels to 2025-04-29 00:00:00+00:00, run_after=2025-04-30 00:00:00+00:00
[2025-04-30T00:32:23.276+0000] {processor.py:208} INFO - Processing /home/airflow/.local/lib/python3.12/site-packages/airflow/example_dags/example_branch_labels.py took 0.177 seconds
[2025-04-30T00:32:54.440+0000] {processor.py:186} INFO - Started process (PID=349) to work on /home/airflow/.local/lib/python3.12/site-packages/airflow/example_dags/example_branch_labels.py
[2025-04-30T00:32:54.442+0000] {processor.py:914} INFO - Processing file /home/airflow/.local/lib/python3.12/site-packages/airflow/example_dags/example_branch_labels.py for tasks to queue
[2025-04-30T00:32:54.447+0000] {logging_mixin.py:190} INFO - [2025-04-30T00:32:54.446+0000] {dagbag.py:587} INFO - Filling up the DagBag from /home/airflow/.local/lib/python3.12/site-packages/airflow/example_dags/example_branch_labels.py
[2025-04-30T00:32:54.468+0000] {processor.py:925} INFO - DAG(s) 'example_branch_labels' retrieved from /home/airflow/.local/lib/python3.12/site-packages/airflow/example_dags/example_branch_labels.py
[2025-04-30T00:32:54.507+0000] {logging_mixin.py:190} INFO - [2025-04-30T00:32:54.506+0000] {dag.py:3211} INFO - Sync 1 DAGs
[2025-04-30T00:32:54.554+0000] {logging_mixin.py:190} INFO - [2025-04-30T00:32:54.554+0000] {dag.py:4138} INFO - Setting next_dagrun for example_branch_labels to 2025-04-29 00:00:00+00:00, run_after=2025-04-30 00:00:00+00:00
[2025-04-30T00:32:54.589+0000] {processor.py:208} INFO - Processing /home/airflow/.local/lib/python3.12/site-packages/airflow/example_dags/example_branch_labels.py took 0.161 seconds
[2025-04-30T00:33:24.822+0000] {processor.py:186} INFO - Started process (PID=412) to work on /home/airflow/.local/lib/python3.12/site-packages/airflow/example_dags/example_branch_labels.py
[2025-04-30T00:33:24.824+0000] {processor.py:914} INFO - Processing file /home/airflow/.local/lib/python3.12/site-packages/airflow/example_dags/example_branch_labels.py for tasks to queue
[2025-04-30T00:33:24.829+0000] {logging_mixin.py:190} INFO - [2025-04-30T00:33:24.828+0000] {dagbag.py:587} INFO - Filling up the DagBag from /home/airflow/.local/lib/python3.12/site-packages/airflow/example_dags/example_branch_labels.py
[2025-04-30T00:33:24.849+0000] {processor.py:925} INFO - DAG(s) 'example_branch_labels' retrieved from /home/airflow/.local/lib/python3.12/site-packages/airflow/example_dags/example_branch_labels.py
[2025-04-30T00:33:24.905+0000] {logging_mixin.py:190} INFO - [2025-04-30T00:33:24.904+0000] {dag.py:3211} INFO - Sync 1 DAGs
[2025-04-30T00:33:24.975+0000] {logging_mixin.py:190} INFO - [2025-04-30T00:33:24.974+0000] {dag.py:4138} INFO - Setting next_dagrun for example_branch_labels to 2025-04-29 00:00:00+00:00, run_after=2025-04-30 00:00:00+00:00
[2025-04-30T00:33:25.026+0000] {processor.py:208} INFO - Processing /home/airflow/.local/lib/python3.12/site-packages/airflow/example_dags/example_branch_labels.py took 0.219 seconds
[2025-04-30T00:33:55.332+0000] {processor.py:186} INFO - Started process (PID=475) to work on /home/airflow/.local/lib/python3.12/site-packages/airflow/example_dags/example_branch_labels.py
[2025-04-30T00:33:55.334+0000] {processor.py:914} INFO - Processing file /home/airflow/.local/lib/python3.12/site-packages/airflow/example_dags/example_branch_labels.py for tasks to queue
[2025-04-30T00:33:55.340+0000] {logging_mixin.py:190} INFO - [2025-04-30T00:33:55.339+0000] {dagbag.py:587} INFO - Filling up the DagBag from /home/airflow/.local/lib/python3.12/site-packages/airflow/example_dags/example_branch_labels.py
[2025-04-30T00:33:55.362+0000] {processor.py:925} INFO - DAG(s) 'example_branch_labels' retrieved from /home/airflow/.local/lib/python3.12/site-packages/airflow/example_dags/example_branch_labels.py
[2025-04-30T00:33:55.407+0000] {logging_mixin.py:190} INFO - [2025-04-30T00:33:55.406+0000] {dag.py:3211} INFO - Sync 1 DAGs
[2025-04-30T00:33:55.453+0000] {logging_mixin.py:190} INFO - [2025-04-30T00:33:55.453+0000] {dag.py:4138} INFO - Setting next_dagrun for example_branch_labels to 2025-04-29 00:00:00+00:00, run_after=2025-04-30 00:00:00+00:00
[2025-04-30T00:33:55.497+0000] {processor.py:208} INFO - Processing /home/airflow/.local/lib/python3.12/site-packages/airflow/example_dags/example_branch_labels.py took 0.180 seconds
[2025-04-30T00:34:26.217+0000] {processor.py:186} INFO - Started process (PID=538) to work on /home/airflow/.local/lib/python3.12/site-packages/airflow/example_dags/example_branch_labels.py
[2025-04-30T00:34:26.220+0000] {processor.py:914} INFO - Processing file /home/airflow/.local/lib/python3.12/site-packages/airflow/example_dags/example_branch_labels.py for tasks to queue
[2025-04-30T00:34:26.228+0000] {logging_mixin.py:190} INFO - [2025-04-30T00:34:26.227+0000] {dagbag.py:587} INFO - Filling up the DagBag from /home/airflow/.local/lib/python3.12/site-packages/airflow/example_dags/example_branch_labels.py
[2025-04-30T00:34:26.261+0000] {processor.py:925} INFO - DAG(s) 'example_branch_labels' retrieved from /home/airflow/.local/lib/python3.12/site-packages/airflow/example_dags/example_branch_labels.py
[2025-04-30T00:34:26.323+0000] {logging_mixin.py:190} INFO - [2025-04-30T00:34:26.322+0000] {dag.py:3211} INFO - Sync 1 DAGs
[2025-04-30T00:34:26.405+0000] {logging_mixin.py:190} INFO - [2025-04-30T00:34:26.404+0000] {dag.py:4138} INFO - Setting next_dagrun for example_branch_labels to 2025-04-29 00:00:00+00:00, run_after=2025-04-30 00:00:00+00:00
[2025-04-30T00:34:26.470+0000] {processor.py:208} INFO - Processing /home/airflow/.local/lib/python3.12/site-packages/airflow/example_dags/example_branch_labels.py took 0.274 seconds
[2025-04-30T00:34:56.758+0000] {processor.py:186} INFO - Started process (PID=601) to work on /home/airflow/.local/lib/python3.12/site-packages/airflow/example_dags/example_branch_labels.py
[2025-04-30T00:34:56.761+0000] {processor.py:914} INFO - Processing file /home/airflow/.local/lib/python3.12/site-packages/airflow/example_dags/example_branch_labels.py for tasks to queue
[2025-04-30T00:34:56.766+0000] {logging_mixin.py:190} INFO - [2025-04-30T00:34:56.765+0000] {dagbag.py:587} INFO - Filling up the DagBag from /home/airflow/.local/lib/python3.12/site-packages/airflow/example_dags/example_branch_labels.py
[2025-04-30T00:34:56.788+0000] {processor.py:925} INFO - DAG(s) 'example_branch_labels' retrieved from /home/airflow/.local/lib/python3.12/site-packages/airflow/example_dags/example_branch_labels.py
[2025-04-30T00:34:56.840+0000] {logging_mixin.py:190} INFO - [2025-04-30T00:34:56.839+0000] {dag.py:3211} INFO - Sync 1 DAGs
[2025-04-30T00:34:56.899+0000] {logging_mixin.py:190} INFO - [2025-04-30T00:34:56.898+0000] {dag.py:4138} INFO - Setting next_dagrun for example_branch_labels to 2025-04-29 00:00:00+00:00, run_after=2025-04-30 00:00:00+00:00
[2025-04-30T00:34:56.953+0000] {processor.py:208} INFO - Processing /home/airflow/.local/lib/python3.12/site-packages/airflow/example_dags/example_branch_labels.py took 0.208 seconds
[2025-04-30T00:35:27.463+0000] {processor.py:186} INFO - Started process (PID=664) to work on /home/airflow/.local/lib/python3.12/site-packages/airflow/example_dags/example_branch_labels.py
[2025-04-30T00:35:27.465+0000] {processor.py:914} INFO - Processing file /home/airflow/.local/lib/python3.12/site-packages/airflow/example_dags/example_branch_labels.py for tasks to queue
[2025-04-30T00:35:27.470+0000] {logging_mixin.py:190} INFO - [2025-04-30T00:35:27.469+0000] {dagbag.py:587} INFO - Filling up the DagBag from /home/airflow/.local/lib/python3.12/site-packages/airflow/example_dags/example_branch_labels.py
[2025-04-30T00:35:27.490+0000] {processor.py:925} INFO - DAG(s) 'example_branch_labels' retrieved from /home/airflow/.local/lib/python3.12/site-packages/airflow/example_dags/example_branch_labels.py
[2025-04-30T00:35:27.530+0000] {logging_mixin.py:190} INFO - [2025-04-30T00:35:27.530+0000] {dag.py:3211} INFO - Sync 1 DAGs
[2025-04-30T00:35:27.580+0000] {logging_mixin.py:190} INFO - [2025-04-30T00:35:27.579+0000] {dag.py:4138} INFO - Setting next_dagrun for example_branch_labels to 2025-04-29 00:00:00+00:00, run_after=2025-04-30 00:00:00+00:00
[2025-04-30T00:35:27.627+0000] {processor.py:208} INFO - Processing /home/airflow/.local/lib/python3.12/site-packages/airflow/example_dags/example_branch_labels.py took 0.177 seconds
[2025-04-30T00:35:58.260+0000] {processor.py:186} INFO - Started process (PID=727) to work on /home/airflow/.local/lib/python3.12/site-packages/airflow/example_dags/example_branch_labels.py
[2025-04-30T00:35:58.263+0000] {processor.py:914} INFO - Processing file /home/airflow/.local/lib/python3.12/site-packages/airflow/example_dags/example_branch_labels.py for tasks to queue
[2025-04-30T00:35:58.268+0000] {logging_mixin.py:190} INFO - [2025-04-30T00:35:58.267+0000] {dagbag.py:587} INFO - Filling up the DagBag from /home/airflow/.local/lib/python3.12/site-packages/airflow/example_dags/example_branch_labels.py
[2025-04-30T00:35:58.290+0000] {processor.py:925} INFO - DAG(s) 'example_branch_labels' retrieved from /home/airflow/.local/lib/python3.12/site-packages/airflow/example_dags/example_branch_labels.py
[2025-04-30T00:35:58.336+0000] {logging_mixin.py:190} INFO - [2025-04-30T00:35:58.336+0000] {dag.py:3211} INFO - Sync 1 DAGs
[2025-04-30T00:35:58.396+0000] {logging_mixin.py:190} INFO - [2025-04-30T00:35:58.395+0000] {dag.py:4138} INFO - Setting next_dagrun for example_branch_labels to 2025-04-29 00:00:00+00:00, run_after=2025-04-30 00:00:00+00:00
[2025-04-30T00:35:58.449+0000] {processor.py:208} INFO - Processing /home/airflow/.local/lib/python3.12/site-packages/airflow/example_dags/example_branch_labels.py took 0.203 seconds
[2025-04-30T00:36:28.727+0000] {processor.py:186} INFO - Started process (PID=790) to work on /home/airflow/.local/lib/python3.12/site-packages/airflow/example_dags/example_branch_labels.py
[2025-04-30T00:36:28.729+0000] {processor.py:914} INFO - Processing file /home/airflow/.local/lib/python3.12/site-packages/airflow/example_dags/example_branch_labels.py for tasks to queue
[2025-04-30T00:36:28.734+0000] {logging_mixin.py:190} INFO - [2025-04-30T00:36:28.733+0000] {dagbag.py:587} INFO - Filling up the DagBag from /home/airflow/.local/lib/python3.12/site-packages/airflow/example_dags/example_branch_labels.py
[2025-04-30T00:36:28.753+0000] {processor.py:925} INFO - DAG(s) 'example_branch_labels' retrieved from /home/airflow/.local/lib/python3.12/site-packages/airflow/example_dags/example_branch_labels.py
[2025-04-30T00:36:28.795+0000] {logging_mixin.py:190} INFO - [2025-04-30T00:36:28.794+0000] {dag.py:3211} INFO - Sync 1 DAGs
[2025-04-30T00:36:28.852+0000] {logging_mixin.py:190} INFO - [2025-04-30T00:36:28.851+0000] {dag.py:4138} INFO - Setting next_dagrun for example_branch_labels to 2025-04-29 00:00:00+00:00, run_after=2025-04-30 00:00:00+00:00
[2025-04-30T00:36:28.899+0000] {processor.py:208} INFO - Processing /home/airflow/.local/lib/python3.12/site-packages/airflow/example_dags/example_branch_labels.py took 0.185 seconds
[2025-04-30T00:36:59.441+0000] {processor.py:186} INFO - Started process (PID=853) to work on /home/airflow/.local/lib/python3.12/site-packages/airflow/example_dags/example_branch_labels.py
[2025-04-30T00:36:59.442+0000] {processor.py:914} INFO - Processing file /home/airflow/.local/lib/python3.12/site-packages/airflow/example_dags/example_branch_labels.py for tasks to queue
[2025-04-30T00:36:59.450+0000] {logging_mixin.py:190} INFO - [2025-04-30T00:36:59.449+0000] {dagbag.py:587} INFO - Filling up the DagBag from /home/airflow/.local/lib/python3.12/site-packages/airflow/example_dags/example_branch_labels.py
[2025-04-30T00:36:59.474+0000] {processor.py:925} INFO - DAG(s) 'example_branch_labels' retrieved from /home/airflow/.local/lib/python3.12/site-packages/airflow/example_dags/example_branch_labels.py
[2025-04-30T00:36:59.518+0000] {logging_mixin.py:190} INFO - [2025-04-30T00:36:59.517+0000] {dag.py:3211} INFO - Sync 1 DAGs
[2025-04-30T00:36:59.578+0000] {logging_mixin.py:190} INFO - [2025-04-30T00:36:59.577+0000] {dag.py:4138} INFO - Setting next_dagrun for example_branch_labels to 2025-04-29 00:00:00+00:00, run_after=2025-04-30 00:00:00+00:00
[2025-04-30T00:36:59.619+0000] {processor.py:208} INFO - Processing /home/airflow/.local/lib/python3.12/site-packages/airflow/example_dags/example_branch_labels.py took 0.191 seconds
[2025-04-30T00:37:30.263+0000] {processor.py:186} INFO - Started process (PID=916) to work on /home/airflow/.local/lib/python3.12/site-packages/airflow/example_dags/example_branch_labels.py
[2025-04-30T00:37:30.266+0000] {processor.py:914} INFO - Processing file /home/airflow/.local/lib/python3.12/site-packages/airflow/example_dags/example_branch_labels.py for tasks to queue
[2025-04-30T00:37:30.272+0000] {logging_mixin.py:190} INFO - [2025-04-30T00:37:30.271+0000] {dagbag.py:587} INFO - Filling up the DagBag from /home/airflow/.local/lib/python3.12/site-packages/airflow/example_dags/example_branch_labels.py
[2025-04-30T00:37:30.297+0000] {processor.py:925} INFO - DAG(s) 'example_branch_labels' retrieved from /home/airflow/.local/lib/python3.12/site-packages/airflow/example_dags/example_branch_labels.py
[2025-04-30T00:37:30.346+0000] {logging_mixin.py:190} INFO - [2025-04-30T00:37:30.345+0000] {dag.py:3211} INFO - Sync 1 DAGs
[2025-04-30T00:37:30.402+0000] {logging_mixin.py:190} INFO - [2025-04-30T00:37:30.402+0000] {dag.py:4138} INFO - Setting next_dagrun for example_branch_labels to 2025-04-29 00:00:00+00:00, run_after=2025-04-30 00:00:00+00:00
[2025-04-30T00:37:30.447+0000] {processor.py:208} INFO - Processing /home/airflow/.local/lib/python3.12/site-packages/airflow/example_dags/example_branch_labels.py took 0.194 seconds
[2025-04-30T00:38:00.913+0000] {processor.py:186} INFO - Started process (PID=979) to work on /home/airflow/.local/lib/python3.12/site-packages/airflow/example_dags/example_branch_labels.py
[2025-04-30T00:38:00.915+0000] {processor.py:914} INFO - Processing file /home/airflow/.local/lib/python3.12/site-packages/airflow/example_dags/example_branch_labels.py for tasks to queue
[2025-04-30T00:38:00.921+0000] {logging_mixin.py:190} INFO - [2025-04-30T00:38:00.920+0000] {dagbag.py:587} INFO - Filling up the DagBag from /home/airflow/.local/lib/python3.12/site-packages/airflow/example_dags/example_branch_labels.py
[2025-04-30T00:38:00.942+0000] {processor.py:925} INFO - DAG(s) 'example_branch_labels' retrieved from /home/airflow/.local/lib/python3.12/site-packages/airflow/example_dags/example_branch_labels.py
[2025-04-30T00:38:00.988+0000] {logging_mixin.py:190} INFO - [2025-04-30T00:38:00.988+0000] {dag.py:3211} INFO - Sync 1 DAGs
[2025-04-30T00:38:01.048+0000] {logging_mixin.py:190} INFO - [2025-04-30T00:38:01.047+0000] {dag.py:4138} INFO - Setting next_dagrun for example_branch_labels to 2025-04-29 00:00:00+00:00, run_after=2025-04-30 00:00:00+00:00
[2025-04-30T00:38:01.087+0000] {processor.py:208} INFO - Processing /home/airflow/.local/lib/python3.12/site-packages/airflow/example_dags/example_branch_labels.py took 0.186 seconds
[2025-04-30T00:38:32.006+0000] {processor.py:186} INFO - Started process (PID=1043) to work on /home/airflow/.local/lib/python3.12/site-packages/airflow/example_dags/example_branch_labels.py
[2025-04-30T00:38:32.008+0000] {processor.py:914} INFO - Processing file /home/airflow/.local/lib/python3.12/site-packages/airflow/example_dags/example_branch_labels.py for tasks to queue
[2025-04-30T00:38:32.013+0000] {logging_mixin.py:190} INFO - [2025-04-30T00:38:32.012+0000] {dagbag.py:587} INFO - Filling up the DagBag from /home/airflow/.local/lib/python3.12/site-packages/airflow/example_dags/example_branch_labels.py
[2025-04-30T00:38:32.037+0000] {processor.py:925} INFO - DAG(s) 'example_branch_labels' retrieved from /home/airflow/.local/lib/python3.12/site-packages/airflow/example_dags/example_branch_labels.py
[2025-04-30T00:38:32.087+0000] {logging_mixin.py:190} INFO - [2025-04-30T00:38:32.087+0000] {dag.py:3211} INFO - Sync 1 DAGs
[2025-04-30T00:38:32.150+0000] {logging_mixin.py:190} INFO - [2025-04-30T00:38:32.149+0000] {dag.py:4138} INFO - Setting next_dagrun for example_branch_labels to 2025-04-29 00:00:00+00:00, run_after=2025-04-30 00:00:00+00:00
[2025-04-30T00:38:32.204+0000] {processor.py:208} INFO - Processing /home/airflow/.local/lib/python3.12/site-packages/airflow/example_dags/example_branch_labels.py took 0.212 seconds
[2025-04-30T00:39:02.886+0000] {processor.py:186} INFO - Started process (PID=1106) to work on /home/airflow/.local/lib/python3.12/site-packages/airflow/example_dags/example_branch_labels.py
[2025-04-30T00:39:02.889+0000] {processor.py:914} INFO - Processing file /home/airflow/.local/lib/python3.12/site-packages/airflow/example_dags/example_branch_labels.py for tasks to queue
[2025-04-30T00:39:02.893+0000] {logging_mixin.py:190} INFO - [2025-04-30T00:39:02.893+0000] {dagbag.py:587} INFO - Filling up the DagBag from /home/airflow/.local/lib/python3.12/site-packages/airflow/example_dags/example_branch_labels.py
[2025-04-30T00:39:02.921+0000] {processor.py:925} INFO - DAG(s) 'example_branch_labels' retrieved from /home/airflow/.local/lib/python3.12/site-packages/airflow/example_dags/example_branch_labels.py
[2025-04-30T00:39:02.964+0000] {logging_mixin.py:190} INFO - [2025-04-30T00:39:02.964+0000] {dag.py:3211} INFO - Sync 1 DAGs
[2025-04-30T00:39:03.017+0000] {logging_mixin.py:190} INFO - [2025-04-30T00:39:03.016+0000] {dag.py:4138} INFO - Setting next_dagrun for example_branch_labels to 2025-04-29 00:00:00+00:00, run_after=2025-04-30 00:00:00+00:00
[2025-04-30T00:39:03.054+0000] {processor.py:208} INFO - Processing /home/airflow/.local/lib/python3.12/site-packages/airflow/example_dags/example_branch_labels.py took 0.180 seconds
[2025-04-30T00:39:33.193+0000] {processor.py:186} INFO - Started process (PID=1168) to work on /home/airflow/.local/lib/python3.12/site-packages/airflow/example_dags/example_branch_labels.py
[2025-04-30T00:39:33.196+0000] {processor.py:914} INFO - Processing file /home/airflow/.local/lib/python3.12/site-packages/airflow/example_dags/example_branch_labels.py for tasks to queue
[2025-04-30T00:39:33.204+0000] {logging_mixin.py:190} INFO - [2025-04-30T00:39:33.203+0000] {dagbag.py:587} INFO - Filling up the DagBag from /home/airflow/.local/lib/python3.12/site-packages/airflow/example_dags/example_branch_labels.py
[2025-04-30T00:39:33.235+0000] {processor.py:925} INFO - DAG(s) 'example_branch_labels' retrieved from /home/airflow/.local/lib/python3.12/site-packages/airflow/example_dags/example_branch_labels.py
[2025-04-30T00:39:33.290+0000] {logging_mixin.py:190} INFO - [2025-04-30T00:39:33.290+0000] {dag.py:3211} INFO - Sync 1 DAGs
[2025-04-30T00:39:33.353+0000] {logging_mixin.py:190} INFO - [2025-04-30T00:39:33.352+0000] {dag.py:4138} INFO - Setting next_dagrun for example_branch_labels to 2025-04-29 00:00:00+00:00, run_after=2025-04-30 00:00:00+00:00
[2025-04-30T00:39:33.408+0000] {processor.py:208} INFO - Processing /home/airflow/.local/lib/python3.12/site-packages/airflow/example_dags/example_branch_labels.py took 0.233 seconds
[2025-04-30T00:40:03.720+0000] {processor.py:186} INFO - Started process (PID=1237) to work on /home/airflow/.local/lib/python3.12/site-packages/airflow/example_dags/example_branch_labels.py
[2025-04-30T00:40:03.722+0000] {processor.py:914} INFO - Processing file /home/airflow/.local/lib/python3.12/site-packages/airflow/example_dags/example_branch_labels.py for tasks to queue
[2025-04-30T00:40:03.728+0000] {logging_mixin.py:190} INFO - [2025-04-30T00:40:03.728+0000] {dagbag.py:587} INFO - Filling up the DagBag from /home/airflow/.local/lib/python3.12/site-packages/airflow/example_dags/example_branch_labels.py
[2025-04-30T00:40:03.756+0000] {processor.py:925} INFO - DAG(s) 'example_branch_labels' retrieved from /home/airflow/.local/lib/python3.12/site-packages/airflow/example_dags/example_branch_labels.py
[2025-04-30T00:40:03.793+0000] {logging_mixin.py:190} INFO - [2025-04-30T00:40:03.793+0000] {dag.py:3211} INFO - Sync 1 DAGs
[2025-04-30T00:40:03.836+0000] {logging_mixin.py:190} INFO - [2025-04-30T00:40:03.835+0000] {dag.py:4138} INFO - Setting next_dagrun for example_branch_labels to 2025-04-29 00:00:00+00:00, run_after=2025-04-30 00:00:00+00:00
[2025-04-30T00:40:03.875+0000] {processor.py:208} INFO - Processing /home/airflow/.local/lib/python3.12/site-packages/airflow/example_dags/example_branch_labels.py took 0.180 seconds
[2025-04-30T00:40:34.746+0000] {processor.py:186} INFO - Started process (PID=1300) to work on /home/airflow/.local/lib/python3.12/site-packages/airflow/example_dags/example_branch_labels.py
[2025-04-30T00:40:34.749+0000] {processor.py:914} INFO - Processing file /home/airflow/.local/lib/python3.12/site-packages/airflow/example_dags/example_branch_labels.py for tasks to queue
[2025-04-30T00:40:34.755+0000] {logging_mixin.py:190} INFO - [2025-04-30T00:40:34.755+0000] {dagbag.py:587} INFO - Filling up the DagBag from /home/airflow/.local/lib/python3.12/site-packages/airflow/example_dags/example_branch_labels.py
[2025-04-30T00:40:34.779+0000] {processor.py:925} INFO - DAG(s) 'example_branch_labels' retrieved from /home/airflow/.local/lib/python3.12/site-packages/airflow/example_dags/example_branch_labels.py
[2025-04-30T00:40:34.829+0000] {logging_mixin.py:190} INFO - [2025-04-30T00:40:34.829+0000] {dag.py:3211} INFO - Sync 1 DAGs
[2025-04-30T00:40:34.880+0000] {logging_mixin.py:190} INFO - [2025-04-30T00:40:34.879+0000] {dag.py:4138} INFO - Setting next_dagrun for example_branch_labels to 2025-04-29 00:00:00+00:00, run_after=2025-04-30 00:00:00+00:00
[2025-04-30T00:40:34.931+0000] {processor.py:208} INFO - Processing /home/airflow/.local/lib/python3.12/site-packages/airflow/example_dags/example_branch_labels.py took 0.217 seconds
[2025-04-30T00:41:05.431+0000] {processor.py:186} INFO - Started process (PID=1363) to work on /home/airflow/.local/lib/python3.12/site-packages/airflow/example_dags/example_branch_labels.py
[2025-04-30T00:41:05.433+0000] {processor.py:914} INFO - Processing file /home/airflow/.local/lib/python3.12/site-packages/airflow/example_dags/example_branch_labels.py for tasks to queue
[2025-04-30T00:41:05.438+0000] {logging_mixin.py:190} INFO - [2025-04-30T00:41:05.438+0000] {dagbag.py:587} INFO - Filling up the DagBag from /home/airflow/.local/lib/python3.12/site-packages/airflow/example_dags/example_branch_labels.py
[2025-04-30T00:41:05.461+0000] {processor.py:925} INFO - DAG(s) 'example_branch_labels' retrieved from /home/airflow/.local/lib/python3.12/site-packages/airflow/example_dags/example_branch_labels.py
[2025-04-30T00:41:05.502+0000] {logging_mixin.py:190} INFO - [2025-04-30T00:41:05.502+0000] {dag.py:3211} INFO - Sync 1 DAGs
[2025-04-30T00:41:05.553+0000] {logging_mixin.py:190} INFO - [2025-04-30T00:41:05.552+0000] {dag.py:4138} INFO - Setting next_dagrun for example_branch_labels to 2025-04-29 00:00:00+00:00, run_after=2025-04-30 00:00:00+00:00
[2025-04-30T00:41:05.594+0000] {processor.py:208} INFO - Processing /home/airflow/.local/lib/python3.12/site-packages/airflow/example_dags/example_branch_labels.py took 0.175 seconds
[2025-04-30T00:41:35.817+0000] {processor.py:186} INFO - Started process (PID=1426) to work on /home/airflow/.local/lib/python3.12/site-packages/airflow/example_dags/example_branch_labels.py
[2025-04-30T00:41:35.819+0000] {processor.py:914} INFO - Processing file /home/airflow/.local/lib/python3.12/site-packages/airflow/example_dags/example_branch_labels.py for tasks to queue
[2025-04-30T00:41:35.824+0000] {logging_mixin.py:190} INFO - [2025-04-30T00:41:35.823+0000] {dagbag.py:587} INFO - Filling up the DagBag from /home/airflow/.local/lib/python3.12/site-packages/airflow/example_dags/example_branch_labels.py
[2025-04-30T00:41:35.847+0000] {processor.py:925} INFO - DAG(s) 'example_branch_labels' retrieved from /home/airflow/.local/lib/python3.12/site-packages/airflow/example_dags/example_branch_labels.py
[2025-04-30T00:41:35.891+0000] {logging_mixin.py:190} INFO - [2025-04-30T00:41:35.891+0000] {dag.py:3211} INFO - Sync 1 DAGs
[2025-04-30T00:41:35.954+0000] {logging_mixin.py:190} INFO - [2025-04-30T00:41:35.953+0000] {dag.py:4138} INFO - Setting next_dagrun for example_branch_labels to 2025-04-29 00:00:00+00:00, run_after=2025-04-30 00:00:00+00:00
[2025-04-30T00:41:35.994+0000] {processor.py:208} INFO - Processing /home/airflow/.local/lib/python3.12/site-packages/airflow/example_dags/example_branch_labels.py took 0.189 seconds
[2025-04-30T00:42:06.563+0000] {processor.py:186} INFO - Started process (PID=1493) to work on /home/airflow/.local/lib/python3.12/site-packages/airflow/example_dags/example_branch_labels.py
[2025-04-30T00:42:06.565+0000] {processor.py:914} INFO - Processing file /home/airflow/.local/lib/python3.12/site-packages/airflow/example_dags/example_branch_labels.py for tasks to queue
[2025-04-30T00:42:06.568+0000] {logging_mixin.py:190} INFO - [2025-04-30T00:42:06.567+0000] {dagbag.py:587} INFO - Filling up the DagBag from /home/airflow/.local/lib/python3.12/site-packages/airflow/example_dags/example_branch_labels.py
[2025-04-30T00:42:06.587+0000] {processor.py:925} INFO - DAG(s) 'example_branch_labels' retrieved from /home/airflow/.local/lib/python3.12/site-packages/airflow/example_dags/example_branch_labels.py
[2025-04-30T00:42:06.632+0000] {logging_mixin.py:190} INFO - [2025-04-30T00:42:06.632+0000] {dag.py:3211} INFO - Sync 1 DAGs
[2025-04-30T00:42:06.690+0000] {logging_mixin.py:190} INFO - [2025-04-30T00:42:06.689+0000] {dag.py:4138} INFO - Setting next_dagrun for example_branch_labels to 2025-04-29 00:00:00+00:00, run_after=2025-04-30 00:00:00+00:00
[2025-04-30T00:42:06.738+0000] {processor.py:208} INFO - Processing /home/airflow/.local/lib/python3.12/site-packages/airflow/example_dags/example_branch_labels.py took 0.190 seconds
[2025-04-30T00:42:37.412+0000] {processor.py:186} INFO - Started process (PID=1556) to work on /home/airflow/.local/lib/python3.12/site-packages/airflow/example_dags/example_branch_labels.py
[2025-04-30T00:42:37.415+0000] {processor.py:914} INFO - Processing file /home/airflow/.local/lib/python3.12/site-packages/airflow/example_dags/example_branch_labels.py for tasks to queue
[2025-04-30T00:42:37.420+0000] {logging_mixin.py:190} INFO - [2025-04-30T00:42:37.418+0000] {dagbag.py:587} INFO - Filling up the DagBag from /home/airflow/.local/lib/python3.12/site-packages/airflow/example_dags/example_branch_labels.py
[2025-04-30T00:42:37.461+0000] {processor.py:925} INFO - DAG(s) 'example_branch_labels' retrieved from /home/airflow/.local/lib/python3.12/site-packages/airflow/example_dags/example_branch_labels.py
[2025-04-30T00:42:37.516+0000] {logging_mixin.py:190} INFO - [2025-04-30T00:42:37.515+0000] {dag.py:3211} INFO - Sync 1 DAGs
[2025-04-30T00:42:37.583+0000] {logging_mixin.py:190} INFO - [2025-04-30T00:42:37.583+0000] {dag.py:4138} INFO - Setting next_dagrun for example_branch_labels to 2025-04-29 00:00:00+00:00, run_after=2025-04-30 00:00:00+00:00
[2025-04-30T00:42:37.640+0000] {processor.py:208} INFO - Processing /home/airflow/.local/lib/python3.12/site-packages/airflow/example_dags/example_branch_labels.py took 0.261 seconds
[2025-04-30T00:43:07.923+0000] {processor.py:186} INFO - Started process (PID=1618) to work on /home/airflow/.local/lib/python3.12/site-packages/airflow/example_dags/example_branch_labels.py
[2025-04-30T00:43:07.928+0000] {processor.py:914} INFO - Processing file /home/airflow/.local/lib/python3.12/site-packages/airflow/example_dags/example_branch_labels.py for tasks to queue
[2025-04-30T00:43:07.937+0000] {logging_mixin.py:190} INFO - [2025-04-30T00:43:07.934+0000] {dagbag.py:587} INFO - Filling up the DagBag from /home/airflow/.local/lib/python3.12/site-packages/airflow/example_dags/example_branch_labels.py
[2025-04-30T00:43:07.987+0000] {processor.py:925} INFO - DAG(s) 'example_branch_labels' retrieved from /home/airflow/.local/lib/python3.12/site-packages/airflow/example_dags/example_branch_labels.py
[2025-04-30T00:43:08.085+0000] {logging_mixin.py:190} INFO - [2025-04-30T00:43:08.084+0000] {dag.py:3211} INFO - Sync 1 DAGs
[2025-04-30T00:43:08.156+0000] {logging_mixin.py:190} INFO - [2025-04-30T00:43:08.156+0000] {dag.py:4138} INFO - Setting next_dagrun for example_branch_labels to 2025-04-29 00:00:00+00:00, run_after=2025-04-30 00:00:00+00:00
[2025-04-30T00:43:08.204+0000] {processor.py:208} INFO - Processing /home/airflow/.local/lib/python3.12/site-packages/airflow/example_dags/example_branch_labels.py took 0.319 seconds
[2025-04-30T00:43:38.598+0000] {processor.py:186} INFO - Started process (PID=1681) to work on /home/airflow/.local/lib/python3.12/site-packages/airflow/example_dags/example_branch_labels.py
[2025-04-30T00:43:38.603+0000] {processor.py:914} INFO - Processing file /home/airflow/.local/lib/python3.12/site-packages/airflow/example_dags/example_branch_labels.py for tasks to queue
[2025-04-30T00:43:38.609+0000] {logging_mixin.py:190} INFO - [2025-04-30T00:43:38.608+0000] {dagbag.py:587} INFO - Filling up the DagBag from /home/airflow/.local/lib/python3.12/site-packages/airflow/example_dags/example_branch_labels.py
[2025-04-30T00:43:38.657+0000] {processor.py:925} INFO - DAG(s) 'example_branch_labels' retrieved from /home/airflow/.local/lib/python3.12/site-packages/airflow/example_dags/example_branch_labels.py
[2025-04-30T00:43:38.766+0000] {logging_mixin.py:190} INFO - [2025-04-30T00:43:38.765+0000] {dag.py:3211} INFO - Sync 1 DAGs
[2025-04-30T00:43:38.901+0000] {logging_mixin.py:190} INFO - [2025-04-30T00:43:38.900+0000] {dag.py:4138} INFO - Setting next_dagrun for example_branch_labels to 2025-04-29 00:00:00+00:00, run_after=2025-04-30 00:00:00+00:00
[2025-04-30T00:43:38.998+0000] {processor.py:208} INFO - Processing /home/airflow/.local/lib/python3.12/site-packages/airflow/example_dags/example_branch_labels.py took 0.427 seconds
[2025-04-30T00:44:09.737+0000] {processor.py:186} INFO - Started process (PID=1744) to work on /home/airflow/.local/lib/python3.12/site-packages/airflow/example_dags/example_branch_labels.py
[2025-04-30T00:44:09.739+0000] {processor.py:914} INFO - Processing file /home/airflow/.local/lib/python3.12/site-packages/airflow/example_dags/example_branch_labels.py for tasks to queue
[2025-04-30T00:44:09.740+0000] {logging_mixin.py:190} INFO - [2025-04-30T00:44:09.740+0000] {dagbag.py:587} INFO - Filling up the DagBag from /home/airflow/.local/lib/python3.12/site-packages/airflow/example_dags/example_branch_labels.py
[2025-04-30T00:44:09.752+0000] {processor.py:925} INFO - DAG(s) 'example_branch_labels' retrieved from /home/airflow/.local/lib/python3.12/site-packages/airflow/example_dags/example_branch_labels.py
[2025-04-30T00:44:09.781+0000] {logging_mixin.py:190} INFO - [2025-04-30T00:44:09.781+0000] {dag.py:3211} INFO - Sync 1 DAGs
[2025-04-30T00:44:09.815+0000] {logging_mixin.py:190} INFO - [2025-04-30T00:44:09.814+0000] {dag.py:4138} INFO - Setting next_dagrun for example_branch_labels to 2025-04-29 00:00:00+00:00, run_after=2025-04-30 00:00:00+00:00
[2025-04-30T00:44:09.840+0000] {processor.py:208} INFO - Processing /home/airflow/.local/lib/python3.12/site-packages/airflow/example_dags/example_branch_labels.py took 0.110 seconds
[2025-04-30T00:44:40.571+0000] {processor.py:186} INFO - Started process (PID=1808) to work on /home/airflow/.local/lib/python3.12/site-packages/airflow/example_dags/example_branch_labels.py
[2025-04-30T00:44:40.572+0000] {processor.py:914} INFO - Processing file /home/airflow/.local/lib/python3.12/site-packages/airflow/example_dags/example_branch_labels.py for tasks to queue
[2025-04-30T00:44:40.574+0000] {logging_mixin.py:190} INFO - [2025-04-30T00:44:40.573+0000] {dagbag.py:587} INFO - Filling up the DagBag from /home/airflow/.local/lib/python3.12/site-packages/airflow/example_dags/example_branch_labels.py
[2025-04-30T00:44:40.587+0000] {processor.py:925} INFO - DAG(s) 'example_branch_labels' retrieved from /home/airflow/.local/lib/python3.12/site-packages/airflow/example_dags/example_branch_labels.py
[2025-04-30T00:44:40.615+0000] {logging_mixin.py:190} INFO - [2025-04-30T00:44:40.615+0000] {dag.py:3211} INFO - Sync 1 DAGs
[2025-04-30T00:44:40.653+0000] {logging_mixin.py:190} INFO - [2025-04-30T00:44:40.652+0000] {dag.py:4138} INFO - Setting next_dagrun for example_branch_labels to 2025-04-29 00:00:00+00:00, run_after=2025-04-30 00:00:00+00:00
[2025-04-30T00:44:40.680+0000] {processor.py:208} INFO - Processing /home/airflow/.local/lib/python3.12/site-packages/airflow/example_dags/example_branch_labels.py took 0.118 seconds
[2025-04-30T00:45:11.225+0000] {processor.py:186} INFO - Started process (PID=1871) to work on /home/airflow/.local/lib/python3.12/site-packages/airflow/example_dags/example_branch_labels.py
[2025-04-30T00:45:11.226+0000] {processor.py:914} INFO - Processing file /home/airflow/.local/lib/python3.12/site-packages/airflow/example_dags/example_branch_labels.py for tasks to queue
[2025-04-30T00:45:11.227+0000] {logging_mixin.py:190} INFO - [2025-04-30T00:45:11.227+0000] {dagbag.py:587} INFO - Filling up the DagBag from /home/airflow/.local/lib/python3.12/site-packages/airflow/example_dags/example_branch_labels.py
[2025-04-30T00:45:11.241+0000] {processor.py:925} INFO - DAG(s) 'example_branch_labels' retrieved from /home/airflow/.local/lib/python3.12/site-packages/airflow/example_dags/example_branch_labels.py
[2025-04-30T00:45:11.280+0000] {logging_mixin.py:190} INFO - [2025-04-30T00:45:11.280+0000] {dag.py:3211} INFO - Sync 1 DAGs
[2025-04-30T00:45:11.309+0000] {logging_mixin.py:190} INFO - [2025-04-30T00:45:11.308+0000] {dag.py:4138} INFO - Setting next_dagrun for example_branch_labels to 2025-04-29 00:00:00+00:00, run_after=2025-04-30 00:00:00+00:00
[2025-04-30T00:45:11.329+0000] {processor.py:208} INFO - Processing /home/airflow/.local/lib/python3.12/site-packages/airflow/example_dags/example_branch_labels.py took 0.111 seconds
[2025-04-30T00:45:41.987+0000] {processor.py:186} INFO - Started process (PID=1934) to work on /home/airflow/.local/lib/python3.12/site-packages/airflow/example_dags/example_branch_labels.py
[2025-04-30T00:45:41.991+0000] {processor.py:914} INFO - Processing file /home/airflow/.local/lib/python3.12/site-packages/airflow/example_dags/example_branch_labels.py for tasks to queue
[2025-04-30T00:45:41.996+0000] {logging_mixin.py:190} INFO - [2025-04-30T00:45:41.995+0000] {dagbag.py:587} INFO - Filling up the DagBag from /home/airflow/.local/lib/python3.12/site-packages/airflow/example_dags/example_branch_labels.py
[2025-04-30T00:45:42.046+0000] {processor.py:925} INFO - DAG(s) 'example_branch_labels' retrieved from /home/airflow/.local/lib/python3.12/site-packages/airflow/example_dags/example_branch_labels.py
[2025-04-30T00:45:42.120+0000] {logging_mixin.py:190} INFO - [2025-04-30T00:45:42.119+0000] {dag.py:3211} INFO - Sync 1 DAGs
[2025-04-30T00:45:42.231+0000] {logging_mixin.py:190} INFO - [2025-04-30T00:45:42.230+0000] {dag.py:4138} INFO - Setting next_dagrun for example_branch_labels to 2025-04-29 00:00:00+00:00, run_after=2025-04-30 00:00:00+00:00
[2025-04-30T00:45:42.328+0000] {processor.py:208} INFO - Processing /home/airflow/.local/lib/python3.12/site-packages/airflow/example_dags/example_branch_labels.py took 0.360 seconds
[2025-04-30T00:46:12.539+0000] {processor.py:186} INFO - Started process (PID=1996) to work on /home/airflow/.local/lib/python3.12/site-packages/airflow/example_dags/example_branch_labels.py
[2025-04-30T00:46:12.540+0000] {processor.py:914} INFO - Processing file /home/airflow/.local/lib/python3.12/site-packages/airflow/example_dags/example_branch_labels.py for tasks to queue
[2025-04-30T00:46:12.542+0000] {logging_mixin.py:190} INFO - [2025-04-30T00:46:12.542+0000] {dagbag.py:587} INFO - Filling up the DagBag from /home/airflow/.local/lib/python3.12/site-packages/airflow/example_dags/example_branch_labels.py
[2025-04-30T00:46:12.556+0000] {processor.py:925} INFO - DAG(s) 'example_branch_labels' retrieved from /home/airflow/.local/lib/python3.12/site-packages/airflow/example_dags/example_branch_labels.py
[2025-04-30T00:46:12.581+0000] {logging_mixin.py:190} INFO - [2025-04-30T00:46:12.581+0000] {dag.py:3211} INFO - Sync 1 DAGs
[2025-04-30T00:46:12.610+0000] {logging_mixin.py:190} INFO - [2025-04-30T00:46:12.610+0000] {dag.py:4138} INFO - Setting next_dagrun for example_branch_labels to 2025-04-29 00:00:00+00:00, run_after=2025-04-30 00:00:00+00:00
[2025-04-30T00:46:12.639+0000] {processor.py:208} INFO - Processing /home/airflow/.local/lib/python3.12/site-packages/airflow/example_dags/example_branch_labels.py took 0.109 seconds
[2025-04-30T00:46:43.064+0000] {processor.py:186} INFO - Started process (PID=2059) to work on /home/airflow/.local/lib/python3.12/site-packages/airflow/example_dags/example_branch_labels.py
[2025-04-30T00:46:43.065+0000] {processor.py:914} INFO - Processing file /home/airflow/.local/lib/python3.12/site-packages/airflow/example_dags/example_branch_labels.py for tasks to queue
[2025-04-30T00:46:43.067+0000] {logging_mixin.py:190} INFO - [2025-04-30T00:46:43.067+0000] {dagbag.py:587} INFO - Filling up the DagBag from /home/airflow/.local/lib/python3.12/site-packages/airflow/example_dags/example_branch_labels.py
[2025-04-30T00:46:43.078+0000] {processor.py:925} INFO - DAG(s) 'example_branch_labels' retrieved from /home/airflow/.local/lib/python3.12/site-packages/airflow/example_dags/example_branch_labels.py
[2025-04-30T00:46:43.101+0000] {logging_mixin.py:190} INFO - [2025-04-30T00:46:43.101+0000] {dag.py:3211} INFO - Sync 1 DAGs
[2025-04-30T00:46:43.137+0000] {logging_mixin.py:190} INFO - [2025-04-30T00:46:43.137+0000] {dag.py:4138} INFO - Setting next_dagrun for example_branch_labels to 2025-04-29 00:00:00+00:00, run_after=2025-04-30 00:00:00+00:00
[2025-04-30T00:46:43.164+0000] {processor.py:208} INFO - Processing /home/airflow/.local/lib/python3.12/site-packages/airflow/example_dags/example_branch_labels.py took 0.106 seconds
[2025-04-30T00:47:13.729+0000] {processor.py:186} INFO - Started process (PID=2122) to work on /home/airflow/.local/lib/python3.12/site-packages/airflow/example_dags/example_branch_labels.py
[2025-04-30T00:47:13.730+0000] {processor.py:914} INFO - Processing file /home/airflow/.local/lib/python3.12/site-packages/airflow/example_dags/example_branch_labels.py for tasks to queue
[2025-04-30T00:47:13.732+0000] {logging_mixin.py:190} INFO - [2025-04-30T00:47:13.732+0000] {dagbag.py:587} INFO - Filling up the DagBag from /home/airflow/.local/lib/python3.12/site-packages/airflow/example_dags/example_branch_labels.py
[2025-04-30T00:47:13.745+0000] {processor.py:925} INFO - DAG(s) 'example_branch_labels' retrieved from /home/airflow/.local/lib/python3.12/site-packages/airflow/example_dags/example_branch_labels.py
[2025-04-30T00:47:13.773+0000] {logging_mixin.py:190} INFO - [2025-04-30T00:47:13.773+0000] {dag.py:3211} INFO - Sync 1 DAGs
[2025-04-30T00:47:13.806+0000] {logging_mixin.py:190} INFO - [2025-04-30T00:47:13.806+0000] {dag.py:4138} INFO - Setting next_dagrun for example_branch_labels to 2025-04-29 00:00:00+00:00, run_after=2025-04-30 00:00:00+00:00
[2025-04-30T00:47:13.831+0000] {processor.py:208} INFO - Processing /home/airflow/.local/lib/python3.12/site-packages/airflow/example_dags/example_branch_labels.py took 0.110 seconds
[2025-04-30T00:47:44.670+0000] {processor.py:186} INFO - Started process (PID=2191) to work on /home/airflow/.local/lib/python3.12/site-packages/airflow/example_dags/example_branch_labels.py
[2025-04-30T00:47:44.671+0000] {processor.py:914} INFO - Processing file /home/airflow/.local/lib/python3.12/site-packages/airflow/example_dags/example_branch_labels.py for tasks to queue
[2025-04-30T00:47:44.673+0000] {logging_mixin.py:190} INFO - [2025-04-30T00:47:44.673+0000] {dagbag.py:587} INFO - Filling up the DagBag from /home/airflow/.local/lib/python3.12/site-packages/airflow/example_dags/example_branch_labels.py
[2025-04-30T00:47:44.687+0000] {processor.py:925} INFO - DAG(s) 'example_branch_labels' retrieved from /home/airflow/.local/lib/python3.12/site-packages/airflow/example_dags/example_branch_labels.py
[2025-04-30T00:47:44.718+0000] {logging_mixin.py:190} INFO - [2025-04-30T00:47:44.717+0000] {dag.py:3211} INFO - Sync 1 DAGs
[2025-04-30T00:47:44.755+0000] {logging_mixin.py:190} INFO - [2025-04-30T00:47:44.755+0000] {dag.py:4138} INFO - Setting next_dagrun for example_branch_labels to 2025-04-29 00:00:00+00:00, run_after=2025-04-30 00:00:00+00:00
[2025-04-30T00:47:44.784+0000] {processor.py:208} INFO - Processing /home/airflow/.local/lib/python3.12/site-packages/airflow/example_dags/example_branch_labels.py took 0.121 seconds
[2025-04-30T00:48:15.205+0000] {processor.py:186} INFO - Started process (PID=2254) to work on /home/airflow/.local/lib/python3.12/site-packages/airflow/example_dags/example_branch_labels.py
[2025-04-30T00:48:15.206+0000] {processor.py:914} INFO - Processing file /home/airflow/.local/lib/python3.12/site-packages/airflow/example_dags/example_branch_labels.py for tasks to queue
[2025-04-30T00:48:15.208+0000] {logging_mixin.py:190} INFO - [2025-04-30T00:48:15.207+0000] {dagbag.py:587} INFO - Filling up the DagBag from /home/airflow/.local/lib/python3.12/site-packages/airflow/example_dags/example_branch_labels.py
[2025-04-30T00:48:15.220+0000] {processor.py:925} INFO - DAG(s) 'example_branch_labels' retrieved from /home/airflow/.local/lib/python3.12/site-packages/airflow/example_dags/example_branch_labels.py
[2025-04-30T00:48:15.248+0000] {logging_mixin.py:190} INFO - [2025-04-30T00:48:15.248+0000] {dag.py:3211} INFO - Sync 1 DAGs
[2025-04-30T00:48:15.280+0000] {logging_mixin.py:190} INFO - [2025-04-30T00:48:15.280+0000] {dag.py:4138} INFO - Setting next_dagrun for example_branch_labels to 2025-04-29 00:00:00+00:00, run_after=2025-04-30 00:00:00+00:00
[2025-04-30T00:48:15.306+0000] {processor.py:208} INFO - Processing /home/airflow/.local/lib/python3.12/site-packages/airflow/example_dags/example_branch_labels.py took 0.108 seconds
[2025-04-30T00:48:45.583+0000] {processor.py:186} INFO - Started process (PID=2317) to work on /home/airflow/.local/lib/python3.12/site-packages/airflow/example_dags/example_branch_labels.py
[2025-04-30T00:48:45.589+0000] {processor.py:914} INFO - Processing file /home/airflow/.local/lib/python3.12/site-packages/airflow/example_dags/example_branch_labels.py for tasks to queue
[2025-04-30T00:48:45.591+0000] {logging_mixin.py:190} INFO - [2025-04-30T00:48:45.591+0000] {dagbag.py:587} INFO - Filling up the DagBag from /home/airflow/.local/lib/python3.12/site-packages/airflow/example_dags/example_branch_labels.py
[2025-04-30T00:48:45.601+0000] {processor.py:925} INFO - DAG(s) 'example_branch_labels' retrieved from /home/airflow/.local/lib/python3.12/site-packages/airflow/example_dags/example_branch_labels.py
[2025-04-30T00:48:45.623+0000] {logging_mixin.py:190} INFO - [2025-04-30T00:48:45.623+0000] {dag.py:3211} INFO - Sync 1 DAGs
[2025-04-30T00:48:45.648+0000] {logging_mixin.py:190} INFO - [2025-04-30T00:48:45.647+0000] {dag.py:4138} INFO - Setting next_dagrun for example_branch_labels to 2025-04-29 00:00:00+00:00, run_after=2025-04-30 00:00:00+00:00
[2025-04-30T00:48:45.669+0000] {processor.py:208} INFO - Processing /home/airflow/.local/lib/python3.12/site-packages/airflow/example_dags/example_branch_labels.py took 0.092 seconds
[2025-04-30T00:49:16.046+0000] {processor.py:186} INFO - Started process (PID=2380) to work on /home/airflow/.local/lib/python3.12/site-packages/airflow/example_dags/example_branch_labels.py
[2025-04-30T00:49:16.048+0000] {processor.py:914} INFO - Processing file /home/airflow/.local/lib/python3.12/site-packages/airflow/example_dags/example_branch_labels.py for tasks to queue
[2025-04-30T00:49:16.049+0000] {logging_mixin.py:190} INFO - [2025-04-30T00:49:16.049+0000] {dagbag.py:587} INFO - Filling up the DagBag from /home/airflow/.local/lib/python3.12/site-packages/airflow/example_dags/example_branch_labels.py
[2025-04-30T00:49:16.060+0000] {processor.py:925} INFO - DAG(s) 'example_branch_labels' retrieved from /home/airflow/.local/lib/python3.12/site-packages/airflow/example_dags/example_branch_labels.py
[2025-04-30T00:49:16.084+0000] {logging_mixin.py:190} INFO - [2025-04-30T00:49:16.083+0000] {dag.py:3211} INFO - Sync 1 DAGs
[2025-04-30T00:49:16.110+0000] {logging_mixin.py:190} INFO - [2025-04-30T00:49:16.110+0000] {dag.py:4138} INFO - Setting next_dagrun for example_branch_labels to 2025-04-29 00:00:00+00:00, run_after=2025-04-30 00:00:00+00:00
[2025-04-30T00:49:16.132+0000] {processor.py:208} INFO - Processing /home/airflow/.local/lib/python3.12/site-packages/airflow/example_dags/example_branch_labels.py took 0.093 seconds
[2025-04-30T00:49:46.502+0000] {processor.py:186} INFO - Started process (PID=2443) to work on /home/airflow/.local/lib/python3.12/site-packages/airflow/example_dags/example_branch_labels.py
[2025-04-30T00:49:46.503+0000] {processor.py:914} INFO - Processing file /home/airflow/.local/lib/python3.12/site-packages/airflow/example_dags/example_branch_labels.py for tasks to queue
[2025-04-30T00:49:46.504+0000] {logging_mixin.py:190} INFO - [2025-04-30T00:49:46.504+0000] {dagbag.py:587} INFO - Filling up the DagBag from /home/airflow/.local/lib/python3.12/site-packages/airflow/example_dags/example_branch_labels.py
[2025-04-30T00:49:46.515+0000] {processor.py:925} INFO - DAG(s) 'example_branch_labels' retrieved from /home/airflow/.local/lib/python3.12/site-packages/airflow/example_dags/example_branch_labels.py
[2025-04-30T00:49:46.538+0000] {logging_mixin.py:190} INFO - [2025-04-30T00:49:46.537+0000] {dag.py:3211} INFO - Sync 1 DAGs
[2025-04-30T00:49:46.563+0000] {logging_mixin.py:190} INFO - [2025-04-30T00:49:46.563+0000] {dag.py:4138} INFO - Setting next_dagrun for example_branch_labels to 2025-04-29 00:00:00+00:00, run_after=2025-04-30 00:00:00+00:00
[2025-04-30T00:49:46.587+0000] {processor.py:208} INFO - Processing /home/airflow/.local/lib/python3.12/site-packages/airflow/example_dags/example_branch_labels.py took 0.092 seconds
[2025-04-30T00:50:16.853+0000] {processor.py:186} INFO - Started process (PID=2507) to work on /home/airflow/.local/lib/python3.12/site-packages/airflow/example_dags/example_branch_labels.py
[2025-04-30T00:50:16.855+0000] {processor.py:914} INFO - Processing file /home/airflow/.local/lib/python3.12/site-packages/airflow/example_dags/example_branch_labels.py for tasks to queue
[2025-04-30T00:50:16.856+0000] {logging_mixin.py:190} INFO - [2025-04-30T00:50:16.856+0000] {dagbag.py:587} INFO - Filling up the DagBag from /home/airflow/.local/lib/python3.12/site-packages/airflow/example_dags/example_branch_labels.py
[2025-04-30T00:50:16.869+0000] {processor.py:925} INFO - DAG(s) 'example_branch_labels' retrieved from /home/airflow/.local/lib/python3.12/site-packages/airflow/example_dags/example_branch_labels.py
[2025-04-30T00:50:16.899+0000] {logging_mixin.py:190} INFO - [2025-04-30T00:50:16.899+0000] {dag.py:3211} INFO - Sync 1 DAGs
[2025-04-30T00:50:16.933+0000] {logging_mixin.py:190} INFO - [2025-04-30T00:50:16.933+0000] {dag.py:4138} INFO - Setting next_dagrun for example_branch_labels to 2025-04-29 00:00:00+00:00, run_after=2025-04-30 00:00:00+00:00
[2025-04-30T00:50:16.960+0000] {processor.py:208} INFO - Processing /home/airflow/.local/lib/python3.12/site-packages/airflow/example_dags/example_branch_labels.py took 0.114 seconds
[2025-04-30T00:50:47.910+0000] {processor.py:186} INFO - Started process (PID=2570) to work on /home/airflow/.local/lib/python3.12/site-packages/airflow/example_dags/example_branch_labels.py
[2025-04-30T00:50:47.912+0000] {processor.py:914} INFO - Processing file /home/airflow/.local/lib/python3.12/site-packages/airflow/example_dags/example_branch_labels.py for tasks to queue
[2025-04-30T00:50:47.914+0000] {logging_mixin.py:190} INFO - [2025-04-30T00:50:47.914+0000] {dagbag.py:587} INFO - Filling up the DagBag from /home/airflow/.local/lib/python3.12/site-packages/airflow/example_dags/example_branch_labels.py
[2025-04-30T00:50:47.931+0000] {processor.py:925} INFO - DAG(s) 'example_branch_labels' retrieved from /home/airflow/.local/lib/python3.12/site-packages/airflow/example_dags/example_branch_labels.py
[2025-04-30T00:50:47.970+0000] {logging_mixin.py:190} INFO - [2025-04-30T00:50:47.970+0000] {dag.py:3211} INFO - Sync 1 DAGs
[2025-04-30T00:50:48.015+0000] {logging_mixin.py:190} INFO - [2025-04-30T00:50:48.014+0000] {dag.py:4138} INFO - Setting next_dagrun for example_branch_labels to 2025-04-29 00:00:00+00:00, run_after=2025-04-30 00:00:00+00:00
[2025-04-30T00:50:48.047+0000] {processor.py:208} INFO - Processing /home/airflow/.local/lib/python3.12/site-packages/airflow/example_dags/example_branch_labels.py took 0.146 seconds
[2025-04-30T00:51:18.328+0000] {processor.py:186} INFO - Started process (PID=2633) to work on /home/airflow/.local/lib/python3.12/site-packages/airflow/example_dags/example_branch_labels.py
[2025-04-30T00:51:18.330+0000] {processor.py:914} INFO - Processing file /home/airflow/.local/lib/python3.12/site-packages/airflow/example_dags/example_branch_labels.py for tasks to queue
[2025-04-30T00:51:18.331+0000] {logging_mixin.py:190} INFO - [2025-04-30T00:51:18.331+0000] {dagbag.py:587} INFO - Filling up the DagBag from /home/airflow/.local/lib/python3.12/site-packages/airflow/example_dags/example_branch_labels.py
[2025-04-30T00:51:18.348+0000] {processor.py:925} INFO - DAG(s) 'example_branch_labels' retrieved from /home/airflow/.local/lib/python3.12/site-packages/airflow/example_dags/example_branch_labels.py
[2025-04-30T00:51:18.386+0000] {logging_mixin.py:190} INFO - [2025-04-30T00:51:18.386+0000] {dag.py:3211} INFO - Sync 1 DAGs
[2025-04-30T00:51:18.425+0000] {logging_mixin.py:190} INFO - [2025-04-30T00:51:18.424+0000] {dag.py:4138} INFO - Setting next_dagrun for example_branch_labels to 2025-04-29 00:00:00+00:00, run_after=2025-04-30 00:00:00+00:00
[2025-04-30T00:51:18.454+0000] {processor.py:208} INFO - Processing /home/airflow/.local/lib/python3.12/site-packages/airflow/example_dags/example_branch_labels.py took 0.134 seconds
[2025-04-30T00:51:48.964+0000] {processor.py:186} INFO - Started process (PID=2696) to work on /home/airflow/.local/lib/python3.12/site-packages/airflow/example_dags/example_branch_labels.py
[2025-04-30T00:51:48.967+0000] {processor.py:914} INFO - Processing file /home/airflow/.local/lib/python3.12/site-packages/airflow/example_dags/example_branch_labels.py for tasks to queue
[2025-04-30T00:51:48.973+0000] {logging_mixin.py:190} INFO - [2025-04-30T00:51:48.972+0000] {dagbag.py:587} INFO - Filling up the DagBag from /home/airflow/.local/lib/python3.12/site-packages/airflow/example_dags/example_branch_labels.py
[2025-04-30T00:51:48.994+0000] {processor.py:925} INFO - DAG(s) 'example_branch_labels' retrieved from /home/airflow/.local/lib/python3.12/site-packages/airflow/example_dags/example_branch_labels.py
[2025-04-30T00:51:49.037+0000] {logging_mixin.py:190} INFO - [2025-04-30T00:51:49.036+0000] {dag.py:3211} INFO - Sync 1 DAGs
[2025-04-30T00:51:49.085+0000] {logging_mixin.py:190} INFO - [2025-04-30T00:51:49.085+0000] {dag.py:4138} INFO - Setting next_dagrun for example_branch_labels to 2025-04-29 00:00:00+00:00, run_after=2025-04-30 00:00:00+00:00
[2025-04-30T00:51:49.106+0000] {processor.py:208} INFO - Processing /home/airflow/.local/lib/python3.12/site-packages/airflow/example_dags/example_branch_labels.py took 0.153 seconds
[2025-04-30T00:59:31.871+0000] {processor.py:186} INFO - Started process (PID=2725) to work on /home/airflow/.local/lib/python3.12/site-packages/airflow/example_dags/example_branch_labels.py
[2025-04-30T00:59:31.873+0000] {processor.py:914} INFO - Processing file /home/airflow/.local/lib/python3.12/site-packages/airflow/example_dags/example_branch_labels.py for tasks to queue
[2025-04-30T00:59:31.876+0000] {logging_mixin.py:190} INFO - [2025-04-30T00:59:31.875+0000] {dagbag.py:587} INFO - Filling up the DagBag from /home/airflow/.local/lib/python3.12/site-packages/airflow/example_dags/example_branch_labels.py
[2025-04-30T00:59:31.898+0000] {processor.py:925} INFO - DAG(s) 'example_branch_labels' retrieved from /home/airflow/.local/lib/python3.12/site-packages/airflow/example_dags/example_branch_labels.py
[2025-04-30T00:59:31.943+0000] {logging_mixin.py:190} INFO - [2025-04-30T00:59:31.943+0000] {dag.py:3211} INFO - Sync 1 DAGs
[2025-04-30T00:59:32.000+0000] {logging_mixin.py:190} INFO - [2025-04-30T00:59:32.000+0000] {dag.py:4138} INFO - Setting next_dagrun for example_branch_labels to 2025-04-29 00:00:00+00:00, run_after=2025-04-30 00:00:00+00:00
[2025-04-30T00:59:32.036+0000] {processor.py:208} INFO - Processing /home/airflow/.local/lib/python3.12/site-packages/airflow/example_dags/example_branch_labels.py took 0.179 seconds
[2025-04-30T01:00:02.445+0000] {processor.py:186} INFO - Started process (PID=2788) to work on /home/airflow/.local/lib/python3.12/site-packages/airflow/example_dags/example_branch_labels.py
[2025-04-30T01:00:02.446+0000] {processor.py:914} INFO - Processing file /home/airflow/.local/lib/python3.12/site-packages/airflow/example_dags/example_branch_labels.py for tasks to queue
[2025-04-30T01:00:02.447+0000] {logging_mixin.py:190} INFO - [2025-04-30T01:00:02.447+0000] {dagbag.py:587} INFO - Filling up the DagBag from /home/airflow/.local/lib/python3.12/site-packages/airflow/example_dags/example_branch_labels.py
[2025-04-30T01:00:02.458+0000] {processor.py:925} INFO - DAG(s) 'example_branch_labels' retrieved from /home/airflow/.local/lib/python3.12/site-packages/airflow/example_dags/example_branch_labels.py
[2025-04-30T01:00:02.483+0000] {logging_mixin.py:190} INFO - [2025-04-30T01:00:02.483+0000] {dag.py:3211} INFO - Sync 1 DAGs
[2025-04-30T01:00:02.515+0000] {logging_mixin.py:190} INFO - [2025-04-30T01:00:02.514+0000] {dag.py:4138} INFO - Setting next_dagrun for example_branch_labels to 2025-04-29 00:00:00+00:00, run_after=2025-04-30 00:00:00+00:00
[2025-04-30T01:00:02.539+0000] {processor.py:208} INFO - Processing /home/airflow/.local/lib/python3.12/site-packages/airflow/example_dags/example_branch_labels.py took 0.100 seconds
[2025-04-30T01:00:33.300+0000] {processor.py:186} INFO - Started process (PID=2851) to work on /home/airflow/.local/lib/python3.12/site-packages/airflow/example_dags/example_branch_labels.py
[2025-04-30T01:00:33.301+0000] {processor.py:914} INFO - Processing file /home/airflow/.local/lib/python3.12/site-packages/airflow/example_dags/example_branch_labels.py for tasks to queue
[2025-04-30T01:00:33.303+0000] {logging_mixin.py:190} INFO - [2025-04-30T01:00:33.303+0000] {dagbag.py:587} INFO - Filling up the DagBag from /home/airflow/.local/lib/python3.12/site-packages/airflow/example_dags/example_branch_labels.py
[2025-04-30T01:00:33.313+0000] {processor.py:925} INFO - DAG(s) 'example_branch_labels' retrieved from /home/airflow/.local/lib/python3.12/site-packages/airflow/example_dags/example_branch_labels.py
[2025-04-30T01:00:33.342+0000] {logging_mixin.py:190} INFO - [2025-04-30T01:00:33.341+0000] {dag.py:3211} INFO - Sync 1 DAGs
[2025-04-30T01:00:33.376+0000] {logging_mixin.py:190} INFO - [2025-04-30T01:00:33.376+0000] {dag.py:4138} INFO - Setting next_dagrun for example_branch_labels to 2025-04-29 00:00:00+00:00, run_after=2025-04-30 00:00:00+00:00
[2025-04-30T01:00:33.406+0000] {processor.py:208} INFO - Processing /home/airflow/.local/lib/python3.12/site-packages/airflow/example_dags/example_branch_labels.py took 0.112 seconds
[2025-04-30T01:01:04.730+0000] {processor.py:186} INFO - Started process (PID=2921) to work on /home/airflow/.local/lib/python3.12/site-packages/airflow/example_dags/example_branch_labels.py
[2025-04-30T01:01:04.732+0000] {processor.py:914} INFO - Processing file /home/airflow/.local/lib/python3.12/site-packages/airflow/example_dags/example_branch_labels.py for tasks to queue
[2025-04-30T01:01:04.734+0000] {logging_mixin.py:190} INFO - [2025-04-30T01:01:04.734+0000] {dagbag.py:587} INFO - Filling up the DagBag from /home/airflow/.local/lib/python3.12/site-packages/airflow/example_dags/example_branch_labels.py
[2025-04-30T01:01:04.746+0000] {processor.py:925} INFO - DAG(s) 'example_branch_labels' retrieved from /home/airflow/.local/lib/python3.12/site-packages/airflow/example_dags/example_branch_labels.py
[2025-04-30T01:01:04.776+0000] {logging_mixin.py:190} INFO - [2025-04-30T01:01:04.776+0000] {dag.py:3211} INFO - Sync 1 DAGs
[2025-04-30T01:01:04.809+0000] {logging_mixin.py:190} INFO - [2025-04-30T01:01:04.808+0000] {dag.py:4138} INFO - Setting next_dagrun for example_branch_labels to 2025-04-29 00:00:00+00:00, run_after=2025-04-30 00:00:00+00:00
[2025-04-30T01:01:04.832+0000] {processor.py:208} INFO - Processing /home/airflow/.local/lib/python3.12/site-packages/airflow/example_dags/example_branch_labels.py took 0.109 seconds
[2025-04-30T01:01:35.561+0000] {processor.py:186} INFO - Started process (PID=2984) to work on /home/airflow/.local/lib/python3.12/site-packages/airflow/example_dags/example_branch_labels.py
[2025-04-30T01:01:35.562+0000] {processor.py:914} INFO - Processing file /home/airflow/.local/lib/python3.12/site-packages/airflow/example_dags/example_branch_labels.py for tasks to queue
[2025-04-30T01:01:35.564+0000] {logging_mixin.py:190} INFO - [2025-04-30T01:01:35.563+0000] {dagbag.py:587} INFO - Filling up the DagBag from /home/airflow/.local/lib/python3.12/site-packages/airflow/example_dags/example_branch_labels.py
[2025-04-30T01:01:35.576+0000] {processor.py:925} INFO - DAG(s) 'example_branch_labels' retrieved from /home/airflow/.local/lib/python3.12/site-packages/airflow/example_dags/example_branch_labels.py
[2025-04-30T01:01:35.602+0000] {logging_mixin.py:190} INFO - [2025-04-30T01:01:35.602+0000] {dag.py:3211} INFO - Sync 1 DAGs
[2025-04-30T01:01:35.631+0000] {logging_mixin.py:190} INFO - [2025-04-30T01:01:35.631+0000] {dag.py:4138} INFO - Setting next_dagrun for example_branch_labels to 2025-04-29 00:00:00+00:00, run_after=2025-04-30 00:00:00+00:00
[2025-04-30T01:01:35.653+0000] {processor.py:208} INFO - Processing /home/airflow/.local/lib/python3.12/site-packages/airflow/example_dags/example_branch_labels.py took 0.099 seconds
[2025-04-30T01:02:06.644+0000] {processor.py:186} INFO - Started process (PID=3047) to work on /home/airflow/.local/lib/python3.12/site-packages/airflow/example_dags/example_branch_labels.py
[2025-04-30T01:02:06.646+0000] {processor.py:914} INFO - Processing file /home/airflow/.local/lib/python3.12/site-packages/airflow/example_dags/example_branch_labels.py for tasks to queue
[2025-04-30T01:02:06.647+0000] {logging_mixin.py:190} INFO - [2025-04-30T01:02:06.647+0000] {dagbag.py:587} INFO - Filling up the DagBag from /home/airflow/.local/lib/python3.12/site-packages/airflow/example_dags/example_branch_labels.py
[2025-04-30T01:02:06.659+0000] {processor.py:925} INFO - DAG(s) 'example_branch_labels' retrieved from /home/airflow/.local/lib/python3.12/site-packages/airflow/example_dags/example_branch_labels.py
[2025-04-30T01:02:06.682+0000] {logging_mixin.py:190} INFO - [2025-04-30T01:02:06.682+0000] {dag.py:3211} INFO - Sync 1 DAGs
[2025-04-30T01:02:06.707+0000] {logging_mixin.py:190} INFO - [2025-04-30T01:02:06.707+0000] {dag.py:4138} INFO - Setting next_dagrun for example_branch_labels to 2025-04-29 00:00:00+00:00, run_after=2025-04-30 00:00:00+00:00
[2025-04-30T01:02:06.727+0000] {processor.py:208} INFO - Processing /home/airflow/.local/lib/python3.12/site-packages/airflow/example_dags/example_branch_labels.py took 0.089 seconds
[2025-04-30T01:02:37.074+0000] {processor.py:186} INFO - Started process (PID=3108) to work on /home/airflow/.local/lib/python3.12/site-packages/airflow/example_dags/example_branch_labels.py
[2025-04-30T01:02:37.076+0000] {processor.py:914} INFO - Processing file /home/airflow/.local/lib/python3.12/site-packages/airflow/example_dags/example_branch_labels.py for tasks to queue
[2025-04-30T01:02:37.078+0000] {logging_mixin.py:190} INFO - [2025-04-30T01:02:37.077+0000] {dagbag.py:587} INFO - Filling up the DagBag from /home/airflow/.local/lib/python3.12/site-packages/airflow/example_dags/example_branch_labels.py
[2025-04-30T01:02:37.092+0000] {processor.py:925} INFO - DAG(s) 'example_branch_labels' retrieved from /home/airflow/.local/lib/python3.12/site-packages/airflow/example_dags/example_branch_labels.py
[2025-04-30T01:02:37.122+0000] {logging_mixin.py:190} INFO - [2025-04-30T01:02:37.122+0000] {dag.py:3211} INFO - Sync 1 DAGs
[2025-04-30T01:02:37.153+0000] {logging_mixin.py:190} INFO - [2025-04-30T01:02:37.153+0000] {dag.py:4138} INFO - Setting next_dagrun for example_branch_labels to 2025-04-29 00:00:00+00:00, run_after=2025-04-30 00:00:00+00:00
[2025-04-30T01:02:37.177+0000] {processor.py:208} INFO - Processing /home/airflow/.local/lib/python3.12/site-packages/airflow/example_dags/example_branch_labels.py took 0.110 seconds
[2025-04-30T01:03:07.777+0000] {processor.py:186} INFO - Started process (PID=3170) to work on /home/airflow/.local/lib/python3.12/site-packages/airflow/example_dags/example_branch_labels.py
[2025-04-30T01:03:07.779+0000] {processor.py:914} INFO - Processing file /home/airflow/.local/lib/python3.12/site-packages/airflow/example_dags/example_branch_labels.py for tasks to queue
[2025-04-30T01:03:07.780+0000] {logging_mixin.py:190} INFO - [2025-04-30T01:03:07.780+0000] {dagbag.py:587} INFO - Filling up the DagBag from /home/airflow/.local/lib/python3.12/site-packages/airflow/example_dags/example_branch_labels.py
[2025-04-30T01:03:07.790+0000] {processor.py:925} INFO - DAG(s) 'example_branch_labels' retrieved from /home/airflow/.local/lib/python3.12/site-packages/airflow/example_dags/example_branch_labels.py
[2025-04-30T01:03:07.815+0000] {logging_mixin.py:190} INFO - [2025-04-30T01:03:07.815+0000] {dag.py:3211} INFO - Sync 1 DAGs
[2025-04-30T01:03:07.840+0000] {logging_mixin.py:190} INFO - [2025-04-30T01:03:07.840+0000] {dag.py:4138} INFO - Setting next_dagrun for example_branch_labels to 2025-04-29 00:00:00+00:00, run_after=2025-04-30 00:00:00+00:00
[2025-04-30T01:03:07.861+0000] {processor.py:208} INFO - Processing /home/airflow/.local/lib/python3.12/site-packages/airflow/example_dags/example_branch_labels.py took 0.090 seconds
[2025-04-30T01:03:38.774+0000] {processor.py:186} INFO - Started process (PID=3233) to work on /home/airflow/.local/lib/python3.12/site-packages/airflow/example_dags/example_branch_labels.py
[2025-04-30T01:03:38.776+0000] {processor.py:914} INFO - Processing file /home/airflow/.local/lib/python3.12/site-packages/airflow/example_dags/example_branch_labels.py for tasks to queue
[2025-04-30T01:03:38.778+0000] {logging_mixin.py:190} INFO - [2025-04-30T01:03:38.777+0000] {dagbag.py:587} INFO - Filling up the DagBag from /home/airflow/.local/lib/python3.12/site-packages/airflow/example_dags/example_branch_labels.py
[2025-04-30T01:03:38.792+0000] {processor.py:925} INFO - DAG(s) 'example_branch_labels' retrieved from /home/airflow/.local/lib/python3.12/site-packages/airflow/example_dags/example_branch_labels.py
[2025-04-30T01:03:38.821+0000] {logging_mixin.py:190} INFO - [2025-04-30T01:03:38.820+0000] {dag.py:3211} INFO - Sync 1 DAGs
[2025-04-30T01:03:39.160+0000] {logging_mixin.py:190} INFO - [2025-04-30T01:03:39.159+0000] {dag.py:4138} INFO - Setting next_dagrun for example_branch_labels to 2025-04-29 00:00:00+00:00, run_after=2025-04-30 00:00:00+00:00
[2025-04-30T01:03:39.194+0000] {processor.py:208} INFO - Processing /home/airflow/.local/lib/python3.12/site-packages/airflow/example_dags/example_branch_labels.py took 0.428 seconds
[2025-04-30T01:04:09.519+0000] {processor.py:186} INFO - Started process (PID=3296) to work on /home/airflow/.local/lib/python3.12/site-packages/airflow/example_dags/example_branch_labels.py
[2025-04-30T01:04:09.520+0000] {processor.py:914} INFO - Processing file /home/airflow/.local/lib/python3.12/site-packages/airflow/example_dags/example_branch_labels.py for tasks to queue
[2025-04-30T01:04:09.522+0000] {logging_mixin.py:190} INFO - [2025-04-30T01:04:09.521+0000] {dagbag.py:587} INFO - Filling up the DagBag from /home/airflow/.local/lib/python3.12/site-packages/airflow/example_dags/example_branch_labels.py
[2025-04-30T01:04:09.533+0000] {processor.py:925} INFO - DAG(s) 'example_branch_labels' retrieved from /home/airflow/.local/lib/python3.12/site-packages/airflow/example_dags/example_branch_labels.py
[2025-04-30T01:04:09.560+0000] {logging_mixin.py:190} INFO - [2025-04-30T01:04:09.559+0000] {dag.py:3211} INFO - Sync 1 DAGs
[2025-04-30T01:04:09.769+0000] {logging_mixin.py:190} INFO - [2025-04-30T01:04:09.769+0000] {dag.py:4138} INFO - Setting next_dagrun for example_branch_labels to 2025-04-29 00:00:00+00:00, run_after=2025-04-30 00:00:00+00:00
[2025-04-30T01:04:09.793+0000] {processor.py:208} INFO - Processing /home/airflow/.local/lib/python3.12/site-packages/airflow/example_dags/example_branch_labels.py took 0.281 seconds
[2025-04-30T01:04:40.024+0000] {processor.py:186} INFO - Started process (PID=3359) to work on /home/airflow/.local/lib/python3.12/site-packages/airflow/example_dags/example_branch_labels.py
[2025-04-30T01:04:40.025+0000] {processor.py:914} INFO - Processing file /home/airflow/.local/lib/python3.12/site-packages/airflow/example_dags/example_branch_labels.py for tasks to queue
[2025-04-30T01:04:40.027+0000] {logging_mixin.py:190} INFO - [2025-04-30T01:04:40.026+0000] {dagbag.py:587} INFO - Filling up the DagBag from /home/airflow/.local/lib/python3.12/site-packages/airflow/example_dags/example_branch_labels.py
[2025-04-30T01:04:40.039+0000] {processor.py:925} INFO - DAG(s) 'example_branch_labels' retrieved from /home/airflow/.local/lib/python3.12/site-packages/airflow/example_dags/example_branch_labels.py
[2025-04-30T01:04:40.064+0000] {logging_mixin.py:190} INFO - [2025-04-30T01:04:40.064+0000] {dag.py:3211} INFO - Sync 1 DAGs
[2025-04-30T01:04:40.093+0000] {logging_mixin.py:190} INFO - [2025-04-30T01:04:40.093+0000] {dag.py:4138} INFO - Setting next_dagrun for example_branch_labels to 2025-04-29 00:00:00+00:00, run_after=2025-04-30 00:00:00+00:00
[2025-04-30T01:04:40.116+0000] {processor.py:208} INFO - Processing /home/airflow/.local/lib/python3.12/site-packages/airflow/example_dags/example_branch_labels.py took 0.101 seconds
[2025-04-30T01:05:10.993+0000] {processor.py:186} INFO - Started process (PID=3422) to work on /home/airflow/.local/lib/python3.12/site-packages/airflow/example_dags/example_branch_labels.py
[2025-04-30T01:05:10.994+0000] {processor.py:914} INFO - Processing file /home/airflow/.local/lib/python3.12/site-packages/airflow/example_dags/example_branch_labels.py for tasks to queue
[2025-04-30T01:05:10.995+0000] {logging_mixin.py:190} INFO - [2025-04-30T01:05:10.995+0000] {dagbag.py:587} INFO - Filling up the DagBag from /home/airflow/.local/lib/python3.12/site-packages/airflow/example_dags/example_branch_labels.py
[2025-04-30T01:05:11.006+0000] {processor.py:925} INFO - DAG(s) 'example_branch_labels' retrieved from /home/airflow/.local/lib/python3.12/site-packages/airflow/example_dags/example_branch_labels.py
[2025-04-30T01:05:11.029+0000] {logging_mixin.py:190} INFO - [2025-04-30T01:05:11.028+0000] {dag.py:3211} INFO - Sync 1 DAGs
[2025-04-30T01:05:11.056+0000] {logging_mixin.py:190} INFO - [2025-04-30T01:05:11.055+0000] {dag.py:4138} INFO - Setting next_dagrun for example_branch_labels to 2025-04-29 00:00:00+00:00, run_after=2025-04-30 00:00:00+00:00
[2025-04-30T01:05:11.076+0000] {processor.py:208} INFO - Processing /home/airflow/.local/lib/python3.12/site-packages/airflow/example_dags/example_branch_labels.py took 0.089 seconds
[2025-04-30T01:05:41.516+0000] {processor.py:186} INFO - Started process (PID=3485) to work on /home/airflow/.local/lib/python3.12/site-packages/airflow/example_dags/example_branch_labels.py
[2025-04-30T01:05:41.517+0000] {processor.py:914} INFO - Processing file /home/airflow/.local/lib/python3.12/site-packages/airflow/example_dags/example_branch_labels.py for tasks to queue
[2025-04-30T01:05:41.518+0000] {logging_mixin.py:190} INFO - [2025-04-30T01:05:41.518+0000] {dagbag.py:587} INFO - Filling up the DagBag from /home/airflow/.local/lib/python3.12/site-packages/airflow/example_dags/example_branch_labels.py
[2025-04-30T01:05:41.529+0000] {processor.py:925} INFO - DAG(s) 'example_branch_labels' retrieved from /home/airflow/.local/lib/python3.12/site-packages/airflow/example_dags/example_branch_labels.py
[2025-04-30T01:05:41.552+0000] {logging_mixin.py:190} INFO - [2025-04-30T01:05:41.551+0000] {dag.py:3211} INFO - Sync 1 DAGs
[2025-04-30T01:05:41.580+0000] {logging_mixin.py:190} INFO - [2025-04-30T01:05:41.580+0000] {dag.py:4138} INFO - Setting next_dagrun for example_branch_labels to 2025-04-29 00:00:00+00:00, run_after=2025-04-30 00:00:00+00:00
[2025-04-30T01:05:41.603+0000] {processor.py:208} INFO - Processing /home/airflow/.local/lib/python3.12/site-packages/airflow/example_dags/example_branch_labels.py took 0.093 seconds
[2025-04-30T01:06:12.431+0000] {processor.py:186} INFO - Started process (PID=3548) to work on /home/airflow/.local/lib/python3.12/site-packages/airflow/example_dags/example_branch_labels.py
[2025-04-30T01:06:12.432+0000] {processor.py:914} INFO - Processing file /home/airflow/.local/lib/python3.12/site-packages/airflow/example_dags/example_branch_labels.py for tasks to queue
[2025-04-30T01:06:12.434+0000] {logging_mixin.py:190} INFO - [2025-04-30T01:06:12.433+0000] {dagbag.py:587} INFO - Filling up the DagBag from /home/airflow/.local/lib/python3.12/site-packages/airflow/example_dags/example_branch_labels.py
[2025-04-30T01:06:12.445+0000] {processor.py:925} INFO - DAG(s) 'example_branch_labels' retrieved from /home/airflow/.local/lib/python3.12/site-packages/airflow/example_dags/example_branch_labels.py
[2025-04-30T01:06:12.469+0000] {logging_mixin.py:190} INFO - [2025-04-30T01:06:12.469+0000] {dag.py:3211} INFO - Sync 1 DAGs
[2025-04-30T01:06:12.504+0000] {logging_mixin.py:190} INFO - [2025-04-30T01:06:12.503+0000] {dag.py:4138} INFO - Setting next_dagrun for example_branch_labels to 2025-04-29 00:00:00+00:00, run_after=2025-04-30 00:00:00+00:00
[2025-04-30T01:06:12.527+0000] {processor.py:208} INFO - Processing /home/airflow/.local/lib/python3.12/site-packages/airflow/example_dags/example_branch_labels.py took 0.103 seconds
[2025-04-30T01:06:42.972+0000] {processor.py:186} INFO - Started process (PID=3611) to work on /home/airflow/.local/lib/python3.12/site-packages/airflow/example_dags/example_branch_labels.py
[2025-04-30T01:06:42.973+0000] {processor.py:914} INFO - Processing file /home/airflow/.local/lib/python3.12/site-packages/airflow/example_dags/example_branch_labels.py for tasks to queue
[2025-04-30T01:06:42.976+0000] {logging_mixin.py:190} INFO - [2025-04-30T01:06:42.975+0000] {dagbag.py:587} INFO - Filling up the DagBag from /home/airflow/.local/lib/python3.12/site-packages/airflow/example_dags/example_branch_labels.py
[2025-04-30T01:06:42.989+0000] {processor.py:925} INFO - DAG(s) 'example_branch_labels' retrieved from /home/airflow/.local/lib/python3.12/site-packages/airflow/example_dags/example_branch_labels.py
[2025-04-30T01:06:43.017+0000] {logging_mixin.py:190} INFO - [2025-04-30T01:06:43.017+0000] {dag.py:3211} INFO - Sync 1 DAGs
[2025-04-30T01:06:43.046+0000] {logging_mixin.py:190} INFO - [2025-04-30T01:06:43.045+0000] {dag.py:4138} INFO - Setting next_dagrun for example_branch_labels to 2025-04-29 00:00:00+00:00, run_after=2025-04-30 00:00:00+00:00
[2025-04-30T01:06:43.068+0000] {processor.py:208} INFO - Processing /home/airflow/.local/lib/python3.12/site-packages/airflow/example_dags/example_branch_labels.py took 0.105 seconds
[2025-04-30T01:07:13.899+0000] {processor.py:186} INFO - Started process (PID=3674) to work on /home/airflow/.local/lib/python3.12/site-packages/airflow/example_dags/example_branch_labels.py
[2025-04-30T01:07:13.900+0000] {processor.py:914} INFO - Processing file /home/airflow/.local/lib/python3.12/site-packages/airflow/example_dags/example_branch_labels.py for tasks to queue
[2025-04-30T01:07:13.902+0000] {logging_mixin.py:190} INFO - [2025-04-30T01:07:13.901+0000] {dagbag.py:587} INFO - Filling up the DagBag from /home/airflow/.local/lib/python3.12/site-packages/airflow/example_dags/example_branch_labels.py
[2025-04-30T01:07:13.913+0000] {processor.py:925} INFO - DAG(s) 'example_branch_labels' retrieved from /home/airflow/.local/lib/python3.12/site-packages/airflow/example_dags/example_branch_labels.py
[2025-04-30T01:07:13.938+0000] {logging_mixin.py:190} INFO - [2025-04-30T01:07:13.938+0000] {dag.py:3211} INFO - Sync 1 DAGs
[2025-04-30T01:07:13.963+0000] {logging_mixin.py:190} INFO - [2025-04-30T01:07:13.963+0000] {dag.py:4138} INFO - Setting next_dagrun for example_branch_labels to 2025-04-29 00:00:00+00:00, run_after=2025-04-30 00:00:00+00:00
[2025-04-30T01:07:13.985+0000] {processor.py:208} INFO - Processing /home/airflow/.local/lib/python3.12/site-packages/airflow/example_dags/example_branch_labels.py took 0.093 seconds
[2025-04-30T01:07:44.319+0000] {processor.py:186} INFO - Started process (PID=3737) to work on /home/airflow/.local/lib/python3.12/site-packages/airflow/example_dags/example_branch_labels.py
[2025-04-30T01:07:44.320+0000] {processor.py:914} INFO - Processing file /home/airflow/.local/lib/python3.12/site-packages/airflow/example_dags/example_branch_labels.py for tasks to queue
[2025-04-30T01:07:44.322+0000] {logging_mixin.py:190} INFO - [2025-04-30T01:07:44.321+0000] {dagbag.py:587} INFO - Filling up the DagBag from /home/airflow/.local/lib/python3.12/site-packages/airflow/example_dags/example_branch_labels.py
[2025-04-30T01:07:44.336+0000] {processor.py:925} INFO - DAG(s) 'example_branch_labels' retrieved from /home/airflow/.local/lib/python3.12/site-packages/airflow/example_dags/example_branch_labels.py
[2025-04-30T01:07:44.362+0000] {logging_mixin.py:190} INFO - [2025-04-30T01:07:44.362+0000] {dag.py:3211} INFO - Sync 1 DAGs
[2025-04-30T01:07:44.393+0000] {logging_mixin.py:190} INFO - [2025-04-30T01:07:44.393+0000] {dag.py:4138} INFO - Setting next_dagrun for example_branch_labels to 2025-04-29 00:00:00+00:00, run_after=2025-04-30 00:00:00+00:00
[2025-04-30T01:07:44.418+0000] {processor.py:208} INFO - Processing /home/airflow/.local/lib/python3.12/site-packages/airflow/example_dags/example_branch_labels.py took 0.108 seconds
[2025-04-30T01:08:15.034+0000] {processor.py:186} INFO - Started process (PID=3800) to work on /home/airflow/.local/lib/python3.12/site-packages/airflow/example_dags/example_branch_labels.py
[2025-04-30T01:08:15.036+0000] {processor.py:914} INFO - Processing file /home/airflow/.local/lib/python3.12/site-packages/airflow/example_dags/example_branch_labels.py for tasks to queue
[2025-04-30T01:08:15.038+0000] {logging_mixin.py:190} INFO - [2025-04-30T01:08:15.037+0000] {dagbag.py:587} INFO - Filling up the DagBag from /home/airflow/.local/lib/python3.12/site-packages/airflow/example_dags/example_branch_labels.py
[2025-04-30T01:08:15.053+0000] {processor.py:925} INFO - DAG(s) 'example_branch_labels' retrieved from /home/airflow/.local/lib/python3.12/site-packages/airflow/example_dags/example_branch_labels.py
[2025-04-30T01:08:15.079+0000] {logging_mixin.py:190} INFO - [2025-04-30T01:08:15.079+0000] {dag.py:3211} INFO - Sync 1 DAGs
[2025-04-30T01:08:15.116+0000] {logging_mixin.py:190} INFO - [2025-04-30T01:08:15.116+0000] {dag.py:4138} INFO - Setting next_dagrun for example_branch_labels to 2025-04-29 00:00:00+00:00, run_after=2025-04-30 00:00:00+00:00
[2025-04-30T01:08:15.145+0000] {processor.py:208} INFO - Processing /home/airflow/.local/lib/python3.12/site-packages/airflow/example_dags/example_branch_labels.py took 0.119 seconds
[2025-04-30T01:08:45.934+0000] {processor.py:186} INFO - Started process (PID=3862) to work on /home/airflow/.local/lib/python3.12/site-packages/airflow/example_dags/example_branch_labels.py
[2025-04-30T01:08:45.936+0000] {processor.py:914} INFO - Processing file /home/airflow/.local/lib/python3.12/site-packages/airflow/example_dags/example_branch_labels.py for tasks to queue
[2025-04-30T01:08:45.938+0000] {logging_mixin.py:190} INFO - [2025-04-30T01:08:45.937+0000] {dagbag.py:587} INFO - Filling up the DagBag from /home/airflow/.local/lib/python3.12/site-packages/airflow/example_dags/example_branch_labels.py
[2025-04-30T01:08:45.951+0000] {processor.py:925} INFO - DAG(s) 'example_branch_labels' retrieved from /home/airflow/.local/lib/python3.12/site-packages/airflow/example_dags/example_branch_labels.py
[2025-04-30T01:08:45.977+0000] {logging_mixin.py:190} INFO - [2025-04-30T01:08:45.977+0000] {dag.py:3211} INFO - Sync 1 DAGs
[2025-04-30T01:08:46.005+0000] {logging_mixin.py:190} INFO - [2025-04-30T01:08:46.005+0000] {dag.py:4138} INFO - Setting next_dagrun for example_branch_labels to 2025-04-29 00:00:00+00:00, run_after=2025-04-30 00:00:00+00:00
[2025-04-30T01:08:46.029+0000] {processor.py:208} INFO - Processing /home/airflow/.local/lib/python3.12/site-packages/airflow/example_dags/example_branch_labels.py took 0.103 seconds
[2025-04-30T01:09:17.256+0000] {processor.py:186} INFO - Started process (PID=3924) to work on /home/airflow/.local/lib/python3.12/site-packages/airflow/example_dags/example_branch_labels.py
[2025-04-30T01:09:17.257+0000] {processor.py:914} INFO - Processing file /home/airflow/.local/lib/python3.12/site-packages/airflow/example_dags/example_branch_labels.py for tasks to queue
[2025-04-30T01:09:17.258+0000] {logging_mixin.py:190} INFO - [2025-04-30T01:09:17.258+0000] {dagbag.py:587} INFO - Filling up the DagBag from /home/airflow/.local/lib/python3.12/site-packages/airflow/example_dags/example_branch_labels.py
[2025-04-30T01:09:17.270+0000] {processor.py:925} INFO - DAG(s) 'example_branch_labels' retrieved from /home/airflow/.local/lib/python3.12/site-packages/airflow/example_dags/example_branch_labels.py
[2025-04-30T01:09:17.295+0000] {logging_mixin.py:190} INFO - [2025-04-30T01:09:17.294+0000] {dag.py:3211} INFO - Sync 1 DAGs
[2025-04-30T01:09:17.323+0000] {logging_mixin.py:190} INFO - [2025-04-30T01:09:17.323+0000] {dag.py:4138} INFO - Setting next_dagrun for example_branch_labels to 2025-04-29 00:00:00+00:00, run_after=2025-04-30 00:00:00+00:00
[2025-04-30T01:09:17.346+0000] {processor.py:208} INFO - Processing /home/airflow/.local/lib/python3.12/site-packages/airflow/example_dags/example_branch_labels.py took 0.097 seconds
[2025-04-30T01:09:47.628+0000] {processor.py:186} INFO - Started process (PID=3986) to work on /home/airflow/.local/lib/python3.12/site-packages/airflow/example_dags/example_branch_labels.py
[2025-04-30T01:09:47.629+0000] {processor.py:914} INFO - Processing file /home/airflow/.local/lib/python3.12/site-packages/airflow/example_dags/example_branch_labels.py for tasks to queue
[2025-04-30T01:09:47.630+0000] {logging_mixin.py:190} INFO - [2025-04-30T01:09:47.630+0000] {dagbag.py:587} INFO - Filling up the DagBag from /home/airflow/.local/lib/python3.12/site-packages/airflow/example_dags/example_branch_labels.py
[2025-04-30T01:09:47.641+0000] {processor.py:925} INFO - DAG(s) 'example_branch_labels' retrieved from /home/airflow/.local/lib/python3.12/site-packages/airflow/example_dags/example_branch_labels.py
[2025-04-30T01:09:47.665+0000] {logging_mixin.py:190} INFO - [2025-04-30T01:09:47.664+0000] {dag.py:3211} INFO - Sync 1 DAGs
[2025-04-30T01:09:47.690+0000] {logging_mixin.py:190} INFO - [2025-04-30T01:09:47.690+0000] {dag.py:4138} INFO - Setting next_dagrun for example_branch_labels to 2025-04-29 00:00:00+00:00, run_after=2025-04-30 00:00:00+00:00
[2025-04-30T01:09:47.711+0000] {processor.py:208} INFO - Processing /home/airflow/.local/lib/python3.12/site-packages/airflow/example_dags/example_branch_labels.py took 0.090 seconds
[2025-04-30T01:10:18.399+0000] {processor.py:186} INFO - Started process (PID=4054) to work on /home/airflow/.local/lib/python3.12/site-packages/airflow/example_dags/example_branch_labels.py
[2025-04-30T01:10:18.400+0000] {processor.py:914} INFO - Processing file /home/airflow/.local/lib/python3.12/site-packages/airflow/example_dags/example_branch_labels.py for tasks to queue
[2025-04-30T01:10:18.402+0000] {logging_mixin.py:190} INFO - [2025-04-30T01:10:18.402+0000] {dagbag.py:587} INFO - Filling up the DagBag from /home/airflow/.local/lib/python3.12/site-packages/airflow/example_dags/example_branch_labels.py
[2025-04-30T01:10:18.414+0000] {processor.py:925} INFO - DAG(s) 'example_branch_labels' retrieved from /home/airflow/.local/lib/python3.12/site-packages/airflow/example_dags/example_branch_labels.py
[2025-04-30T01:10:18.436+0000] {logging_mixin.py:190} INFO - [2025-04-30T01:10:18.435+0000] {dag.py:3211} INFO - Sync 1 DAGs
[2025-04-30T01:10:18.462+0000] {logging_mixin.py:190} INFO - [2025-04-30T01:10:18.461+0000] {dag.py:4138} INFO - Setting next_dagrun for example_branch_labels to 2025-04-29 00:00:00+00:00, run_after=2025-04-30 00:00:00+00:00
[2025-04-30T01:10:18.481+0000] {processor.py:208} INFO - Processing /home/airflow/.local/lib/python3.12/site-packages/airflow/example_dags/example_branch_labels.py took 0.089 seconds
[2025-04-30T01:10:49.264+0000] {processor.py:186} INFO - Started process (PID=4116) to work on /home/airflow/.local/lib/python3.12/site-packages/airflow/example_dags/example_branch_labels.py
[2025-04-30T01:10:49.265+0000] {processor.py:914} INFO - Processing file /home/airflow/.local/lib/python3.12/site-packages/airflow/example_dags/example_branch_labels.py for tasks to queue
[2025-04-30T01:10:49.267+0000] {logging_mixin.py:190} INFO - [2025-04-30T01:10:49.266+0000] {dagbag.py:587} INFO - Filling up the DagBag from /home/airflow/.local/lib/python3.12/site-packages/airflow/example_dags/example_branch_labels.py
[2025-04-30T01:10:49.277+0000] {processor.py:925} INFO - DAG(s) 'example_branch_labels' retrieved from /home/airflow/.local/lib/python3.12/site-packages/airflow/example_dags/example_branch_labels.py
[2025-04-30T01:10:49.301+0000] {logging_mixin.py:190} INFO - [2025-04-30T01:10:49.301+0000] {dag.py:3211} INFO - Sync 1 DAGs
[2025-04-30T01:10:49.327+0000] {logging_mixin.py:190} INFO - [2025-04-30T01:10:49.327+0000] {dag.py:4138} INFO - Setting next_dagrun for example_branch_labels to 2025-04-29 00:00:00+00:00, run_after=2025-04-30 00:00:00+00:00
[2025-04-30T01:10:49.347+0000] {processor.py:208} INFO - Processing /home/airflow/.local/lib/python3.12/site-packages/airflow/example_dags/example_branch_labels.py took 0.089 seconds
[2025-04-30T01:11:20.172+0000] {processor.py:186} INFO - Started process (PID=4178) to work on /home/airflow/.local/lib/python3.12/site-packages/airflow/example_dags/example_branch_labels.py
[2025-04-30T01:11:20.173+0000] {processor.py:914} INFO - Processing file /home/airflow/.local/lib/python3.12/site-packages/airflow/example_dags/example_branch_labels.py for tasks to queue
[2025-04-30T01:11:20.175+0000] {logging_mixin.py:190} INFO - [2025-04-30T01:11:20.175+0000] {dagbag.py:587} INFO - Filling up the DagBag from /home/airflow/.local/lib/python3.12/site-packages/airflow/example_dags/example_branch_labels.py
[2025-04-30T01:11:20.186+0000] {processor.py:925} INFO - DAG(s) 'example_branch_labels' retrieved from /home/airflow/.local/lib/python3.12/site-packages/airflow/example_dags/example_branch_labels.py
[2025-04-30T01:11:20.210+0000] {logging_mixin.py:190} INFO - [2025-04-30T01:11:20.210+0000] {dag.py:3211} INFO - Sync 1 DAGs
[2025-04-30T01:11:20.239+0000] {logging_mixin.py:190} INFO - [2025-04-30T01:11:20.239+0000] {dag.py:4138} INFO - Setting next_dagrun for example_branch_labels to 2025-04-29 00:00:00+00:00, run_after=2025-04-30 00:00:00+00:00
[2025-04-30T01:11:20.260+0000] {processor.py:208} INFO - Processing /home/airflow/.local/lib/python3.12/site-packages/airflow/example_dags/example_branch_labels.py took 0.095 seconds
[2025-04-30T01:11:50.978+0000] {processor.py:186} INFO - Started process (PID=4240) to work on /home/airflow/.local/lib/python3.12/site-packages/airflow/example_dags/example_branch_labels.py
[2025-04-30T01:11:50.980+0000] {processor.py:914} INFO - Processing file /home/airflow/.local/lib/python3.12/site-packages/airflow/example_dags/example_branch_labels.py for tasks to queue
[2025-04-30T01:11:50.983+0000] {logging_mixin.py:190} INFO - [2025-04-30T01:11:50.982+0000] {dagbag.py:587} INFO - Filling up the DagBag from /home/airflow/.local/lib/python3.12/site-packages/airflow/example_dags/example_branch_labels.py
[2025-04-30T01:11:50.999+0000] {processor.py:925} INFO - DAG(s) 'example_branch_labels' retrieved from /home/airflow/.local/lib/python3.12/site-packages/airflow/example_dags/example_branch_labels.py
[2025-04-30T01:11:51.036+0000] {logging_mixin.py:190} INFO - [2025-04-30T01:11:51.035+0000] {dag.py:3211} INFO - Sync 1 DAGs
[2025-04-30T01:11:51.082+0000] {logging_mixin.py:190} INFO - [2025-04-30T01:11:51.081+0000] {dag.py:4138} INFO - Setting next_dagrun for example_branch_labels to 2025-04-29 00:00:00+00:00, run_after=2025-04-30 00:00:00+00:00
[2025-04-30T01:11:51.116+0000] {processor.py:208} INFO - Processing /home/airflow/.local/lib/python3.12/site-packages/airflow/example_dags/example_branch_labels.py took 0.150 seconds
