[2025-04-30T00:30:50.597+0000] {processor.py:186} INFO - Started process (PID=90) to work on /home/airflow/.local/lib/python3.12/site-packages/airflow/example_dags/example_python_operator.py
[2025-04-30T00:30:50.599+0000] {processor.py:914} INFO - Processing file /home/airflow/.local/lib/python3.12/site-packages/airflow/example_dags/example_python_operator.py for tasks to queue
[2025-04-30T00:30:50.604+0000] {logging_mixin.py:190} INFO - [2025-04-30T00:30:50.603+0000] {dagbag.py:587} INFO - Filling up the DagBag from /home/airflow/.local/lib/python3.12/site-packages/airflow/example_dags/example_python_operator.py
[2025-04-30T00:30:50.636+0000] {processor.py:925} INFO - DAG(s) 'example_python_operator' retrieved from /home/airflow/.local/lib/python3.12/site-packages/airflow/example_dags/example_python_operator.py
[2025-04-30T00:30:50.854+0000] {logging_mixin.py:190} INFO - [2025-04-30T00:30:50.852+0000] {override.py:1858} INFO - Created Permission View: can edit on DAG:example_python_operator
[2025-04-30T00:30:50.872+0000] {logging_mixin.py:190} INFO - [2025-04-30T00:30:50.872+0000] {override.py:1858} INFO - Created Permission View: can read on DAG:example_python_operator
[2025-04-30T00:30:50.886+0000] {logging_mixin.py:190} INFO - [2025-04-30T00:30:50.885+0000] {override.py:1858} INFO - Created Permission View: can delete on DAG:example_python_operator
[2025-04-30T00:30:50.888+0000] {logging_mixin.py:190} INFO - [2025-04-30T00:30:50.887+0000] {dag.py:3211} INFO - Sync 1 DAGs
[2025-04-30T00:30:50.912+0000] {logging_mixin.py:190} INFO - [2025-04-30T00:30:50.911+0000] {dag.py:3234} INFO - Creating ORM DAG for example_python_operator
[2025-04-30T00:30:50.914+0000] {logging_mixin.py:190} INFO - [2025-04-30T00:30:50.913+0000] {dag.py:4138} INFO - Setting next_dagrun for example_python_operator to None, run_after=None
[2025-04-30T00:30:50.947+0000] {processor.py:208} INFO - Processing /home/airflow/.local/lib/python3.12/site-packages/airflow/example_dags/example_python_operator.py took 0.361 seconds
[2025-04-30T00:31:21.556+0000] {processor.py:186} INFO - Started process (PID=153) to work on /home/airflow/.local/lib/python3.12/site-packages/airflow/example_dags/example_python_operator.py
[2025-04-30T00:31:21.558+0000] {processor.py:914} INFO - Processing file /home/airflow/.local/lib/python3.12/site-packages/airflow/example_dags/example_python_operator.py for tasks to queue
[2025-04-30T00:31:21.562+0000] {logging_mixin.py:190} INFO - [2025-04-30T00:31:21.562+0000] {dagbag.py:587} INFO - Filling up the DagBag from /home/airflow/.local/lib/python3.12/site-packages/airflow/example_dags/example_python_operator.py
[2025-04-30T00:31:21.587+0000] {processor.py:925} INFO - DAG(s) 'example_python_operator' retrieved from /home/airflow/.local/lib/python3.12/site-packages/airflow/example_dags/example_python_operator.py
[2025-04-30T00:31:21.635+0000] {logging_mixin.py:190} INFO - [2025-04-30T00:31:21.635+0000] {dag.py:3211} INFO - Sync 1 DAGs
[2025-04-30T00:31:21.670+0000] {logging_mixin.py:190} INFO - [2025-04-30T00:31:21.669+0000] {dag.py:4138} INFO - Setting next_dagrun for example_python_operator to None, run_after=None
[2025-04-30T00:31:21.733+0000] {processor.py:208} INFO - Processing /home/airflow/.local/lib/python3.12/site-packages/airflow/example_dags/example_python_operator.py took 0.189 seconds
[2025-04-30T00:31:52.352+0000] {processor.py:186} INFO - Started process (PID=216) to work on /home/airflow/.local/lib/python3.12/site-packages/airflow/example_dags/example_python_operator.py
[2025-04-30T00:31:52.355+0000] {processor.py:914} INFO - Processing file /home/airflow/.local/lib/python3.12/site-packages/airflow/example_dags/example_python_operator.py for tasks to queue
[2025-04-30T00:31:52.360+0000] {logging_mixin.py:190} INFO - [2025-04-30T00:31:52.359+0000] {dagbag.py:587} INFO - Filling up the DagBag from /home/airflow/.local/lib/python3.12/site-packages/airflow/example_dags/example_python_operator.py
[2025-04-30T00:31:52.382+0000] {processor.py:925} INFO - DAG(s) 'example_python_operator' retrieved from /home/airflow/.local/lib/python3.12/site-packages/airflow/example_dags/example_python_operator.py
[2025-04-30T00:31:52.426+0000] {logging_mixin.py:190} INFO - [2025-04-30T00:31:52.425+0000] {dag.py:3211} INFO - Sync 1 DAGs
[2025-04-30T00:31:52.452+0000] {logging_mixin.py:190} INFO - [2025-04-30T00:31:52.451+0000] {dag.py:4138} INFO - Setting next_dagrun for example_python_operator to None, run_after=None
[2025-04-30T00:31:52.502+0000] {processor.py:208} INFO - Processing /home/airflow/.local/lib/python3.12/site-packages/airflow/example_dags/example_python_operator.py took 0.160 seconds
[2025-04-30T00:32:22.881+0000] {processor.py:186} INFO - Started process (PID=285) to work on /home/airflow/.local/lib/python3.12/site-packages/airflow/example_dags/example_python_operator.py
[2025-04-30T00:32:22.883+0000] {processor.py:914} INFO - Processing file /home/airflow/.local/lib/python3.12/site-packages/airflow/example_dags/example_python_operator.py for tasks to queue
[2025-04-30T00:32:22.888+0000] {logging_mixin.py:190} INFO - [2025-04-30T00:32:22.887+0000] {dagbag.py:587} INFO - Filling up the DagBag from /home/airflow/.local/lib/python3.12/site-packages/airflow/example_dags/example_python_operator.py
[2025-04-30T00:32:22.912+0000] {processor.py:925} INFO - DAG(s) 'example_python_operator' retrieved from /home/airflow/.local/lib/python3.12/site-packages/airflow/example_dags/example_python_operator.py
[2025-04-30T00:32:22.964+0000] {logging_mixin.py:190} INFO - [2025-04-30T00:32:22.963+0000] {dag.py:3211} INFO - Sync 1 DAGs
[2025-04-30T00:32:23.002+0000] {logging_mixin.py:190} INFO - [2025-04-30T00:32:23.002+0000] {dag.py:4138} INFO - Setting next_dagrun for example_python_operator to None, run_after=None
[2025-04-30T00:32:23.047+0000] {processor.py:208} INFO - Processing /home/airflow/.local/lib/python3.12/site-packages/airflow/example_dags/example_python_operator.py took 0.178 seconds
[2025-04-30T00:32:54.196+0000] {processor.py:186} INFO - Started process (PID=348) to work on /home/airflow/.local/lib/python3.12/site-packages/airflow/example_dags/example_python_operator.py
[2025-04-30T00:32:54.198+0000] {processor.py:914} INFO - Processing file /home/airflow/.local/lib/python3.12/site-packages/airflow/example_dags/example_python_operator.py for tasks to queue
[2025-04-30T00:32:54.205+0000] {logging_mixin.py:190} INFO - [2025-04-30T00:32:54.204+0000] {dagbag.py:587} INFO - Filling up the DagBag from /home/airflow/.local/lib/python3.12/site-packages/airflow/example_dags/example_python_operator.py
[2025-04-30T00:32:54.238+0000] {processor.py:925} INFO - DAG(s) 'example_python_operator' retrieved from /home/airflow/.local/lib/python3.12/site-packages/airflow/example_dags/example_python_operator.py
[2025-04-30T00:32:54.302+0000] {logging_mixin.py:190} INFO - [2025-04-30T00:32:54.301+0000] {dag.py:3211} INFO - Sync 1 DAGs
[2025-04-30T00:32:54.334+0000] {logging_mixin.py:190} INFO - [2025-04-30T00:32:54.334+0000] {dag.py:4138} INFO - Setting next_dagrun for example_python_operator to None, run_after=None
[2025-04-30T00:32:54.384+0000] {processor.py:208} INFO - Processing /home/airflow/.local/lib/python3.12/site-packages/airflow/example_dags/example_python_operator.py took 0.205 seconds
[2025-04-30T00:33:24.576+0000] {processor.py:186} INFO - Started process (PID=411) to work on /home/airflow/.local/lib/python3.12/site-packages/airflow/example_dags/example_python_operator.py
[2025-04-30T00:33:24.578+0000] {processor.py:914} INFO - Processing file /home/airflow/.local/lib/python3.12/site-packages/airflow/example_dags/example_python_operator.py for tasks to queue
[2025-04-30T00:33:24.584+0000] {logging_mixin.py:190} INFO - [2025-04-30T00:33:24.583+0000] {dagbag.py:587} INFO - Filling up the DagBag from /home/airflow/.local/lib/python3.12/site-packages/airflow/example_dags/example_python_operator.py
[2025-04-30T00:33:24.614+0000] {processor.py:925} INFO - DAG(s) 'example_python_operator' retrieved from /home/airflow/.local/lib/python3.12/site-packages/airflow/example_dags/example_python_operator.py
[2025-04-30T00:33:24.662+0000] {logging_mixin.py:190} INFO - [2025-04-30T00:33:24.662+0000] {dag.py:3211} INFO - Sync 1 DAGs
[2025-04-30T00:33:24.698+0000] {logging_mixin.py:190} INFO - [2025-04-30T00:33:24.698+0000] {dag.py:4138} INFO - Setting next_dagrun for example_python_operator to None, run_after=None
[2025-04-30T00:33:24.744+0000] {processor.py:208} INFO - Processing /home/airflow/.local/lib/python3.12/site-packages/airflow/example_dags/example_python_operator.py took 0.180 seconds
[2025-04-30T00:33:55.117+0000] {processor.py:186} INFO - Started process (PID=474) to work on /home/airflow/.local/lib/python3.12/site-packages/airflow/example_dags/example_python_operator.py
[2025-04-30T00:33:55.119+0000] {processor.py:914} INFO - Processing file /home/airflow/.local/lib/python3.12/site-packages/airflow/example_dags/example_python_operator.py for tasks to queue
[2025-04-30T00:33:55.123+0000] {logging_mixin.py:190} INFO - [2025-04-30T00:33:55.123+0000] {dagbag.py:587} INFO - Filling up the DagBag from /home/airflow/.local/lib/python3.12/site-packages/airflow/example_dags/example_python_operator.py
[2025-04-30T00:33:55.147+0000] {processor.py:925} INFO - DAG(s) 'example_python_operator' retrieved from /home/airflow/.local/lib/python3.12/site-packages/airflow/example_dags/example_python_operator.py
[2025-04-30T00:33:55.190+0000] {logging_mixin.py:190} INFO - [2025-04-30T00:33:55.190+0000] {dag.py:3211} INFO - Sync 1 DAGs
[2025-04-30T00:33:55.221+0000] {logging_mixin.py:190} INFO - [2025-04-30T00:33:55.220+0000] {dag.py:4138} INFO - Setting next_dagrun for example_python_operator to None, run_after=None
[2025-04-30T00:33:55.270+0000] {processor.py:208} INFO - Processing /home/airflow/.local/lib/python3.12/site-packages/airflow/example_dags/example_python_operator.py took 0.163 seconds
[2025-04-30T00:34:25.876+0000] {processor.py:186} INFO - Started process (PID=537) to work on /home/airflow/.local/lib/python3.12/site-packages/airflow/example_dags/example_python_operator.py
[2025-04-30T00:34:25.881+0000] {processor.py:914} INFO - Processing file /home/airflow/.local/lib/python3.12/site-packages/airflow/example_dags/example_python_operator.py for tasks to queue
[2025-04-30T00:34:25.893+0000] {logging_mixin.py:190} INFO - [2025-04-30T00:34:25.891+0000] {dagbag.py:587} INFO - Filling up the DagBag from /home/airflow/.local/lib/python3.12/site-packages/airflow/example_dags/example_python_operator.py
[2025-04-30T00:34:25.948+0000] {processor.py:925} INFO - DAG(s) 'example_python_operator' retrieved from /home/airflow/.local/lib/python3.12/site-packages/airflow/example_dags/example_python_operator.py
[2025-04-30T00:34:26.019+0000] {logging_mixin.py:190} INFO - [2025-04-30T00:34:26.019+0000] {dag.py:3211} INFO - Sync 1 DAGs
[2025-04-30T00:34:26.065+0000] {logging_mixin.py:190} INFO - [2025-04-30T00:34:26.065+0000] {dag.py:4138} INFO - Setting next_dagrun for example_python_operator to None, run_after=None
[2025-04-30T00:34:26.128+0000] {processor.py:208} INFO - Processing /home/airflow/.local/lib/python3.12/site-packages/airflow/example_dags/example_python_operator.py took 0.280 seconds
[2025-04-30T00:34:56.501+0000] {processor.py:186} INFO - Started process (PID=600) to work on /home/airflow/.local/lib/python3.12/site-packages/airflow/example_dags/example_python_operator.py
[2025-04-30T00:34:56.506+0000] {processor.py:914} INFO - Processing file /home/airflow/.local/lib/python3.12/site-packages/airflow/example_dags/example_python_operator.py for tasks to queue
[2025-04-30T00:34:56.520+0000] {logging_mixin.py:190} INFO - [2025-04-30T00:34:56.518+0000] {dagbag.py:587} INFO - Filling up the DagBag from /home/airflow/.local/lib/python3.12/site-packages/airflow/example_dags/example_python_operator.py
[2025-04-30T00:34:56.560+0000] {processor.py:925} INFO - DAG(s) 'example_python_operator' retrieved from /home/airflow/.local/lib/python3.12/site-packages/airflow/example_dags/example_python_operator.py
[2025-04-30T00:34:56.608+0000] {logging_mixin.py:190} INFO - [2025-04-30T00:34:56.608+0000] {dag.py:3211} INFO - Sync 1 DAGs
[2025-04-30T00:34:56.643+0000] {logging_mixin.py:190} INFO - [2025-04-30T00:34:56.642+0000] {dag.py:4138} INFO - Setting next_dagrun for example_python_operator to None, run_after=None
[2025-04-30T00:34:56.684+0000] {processor.py:208} INFO - Processing /home/airflow/.local/lib/python3.12/site-packages/airflow/example_dags/example_python_operator.py took 0.214 seconds
[2025-04-30T00:35:27.260+0000] {processor.py:186} INFO - Started process (PID=663) to work on /home/airflow/.local/lib/python3.12/site-packages/airflow/example_dags/example_python_operator.py
[2025-04-30T00:35:27.263+0000] {processor.py:914} INFO - Processing file /home/airflow/.local/lib/python3.12/site-packages/airflow/example_dags/example_python_operator.py for tasks to queue
[2025-04-30T00:35:27.268+0000] {logging_mixin.py:190} INFO - [2025-04-30T00:35:27.267+0000] {dagbag.py:587} INFO - Filling up the DagBag from /home/airflow/.local/lib/python3.12/site-packages/airflow/example_dags/example_python_operator.py
[2025-04-30T00:35:27.288+0000] {processor.py:925} INFO - DAG(s) 'example_python_operator' retrieved from /home/airflow/.local/lib/python3.12/site-packages/airflow/example_dags/example_python_operator.py
[2025-04-30T00:35:27.336+0000] {logging_mixin.py:190} INFO - [2025-04-30T00:35:27.335+0000] {dag.py:3211} INFO - Sync 1 DAGs
[2025-04-30T00:35:27.360+0000] {logging_mixin.py:190} INFO - [2025-04-30T00:35:27.359+0000] {dag.py:4138} INFO - Setting next_dagrun for example_python_operator to None, run_after=None
[2025-04-30T00:35:27.405+0000] {processor.py:208} INFO - Processing /home/airflow/.local/lib/python3.12/site-packages/airflow/example_dags/example_python_operator.py took 0.155 seconds
[2025-04-30T00:35:58.053+0000] {processor.py:186} INFO - Started process (PID=726) to work on /home/airflow/.local/lib/python3.12/site-packages/airflow/example_dags/example_python_operator.py
[2025-04-30T00:35:58.055+0000] {processor.py:914} INFO - Processing file /home/airflow/.local/lib/python3.12/site-packages/airflow/example_dags/example_python_operator.py for tasks to queue
[2025-04-30T00:35:58.060+0000] {logging_mixin.py:190} INFO - [2025-04-30T00:35:58.060+0000] {dagbag.py:587} INFO - Filling up the DagBag from /home/airflow/.local/lib/python3.12/site-packages/airflow/example_dags/example_python_operator.py
[2025-04-30T00:35:58.080+0000] {processor.py:925} INFO - DAG(s) 'example_python_operator' retrieved from /home/airflow/.local/lib/python3.12/site-packages/airflow/example_dags/example_python_operator.py
[2025-04-30T00:35:58.120+0000] {logging_mixin.py:190} INFO - [2025-04-30T00:35:58.120+0000] {dag.py:3211} INFO - Sync 1 DAGs
[2025-04-30T00:35:58.150+0000] {logging_mixin.py:190} INFO - [2025-04-30T00:35:58.150+0000] {dag.py:4138} INFO - Setting next_dagrun for example_python_operator to None, run_after=None
[2025-04-30T00:35:58.195+0000] {processor.py:208} INFO - Processing /home/airflow/.local/lib/python3.12/site-packages/airflow/example_dags/example_python_operator.py took 0.154 seconds
[2025-04-30T00:36:28.519+0000] {processor.py:186} INFO - Started process (PID=789) to work on /home/airflow/.local/lib/python3.12/site-packages/airflow/example_dags/example_python_operator.py
[2025-04-30T00:36:28.521+0000] {processor.py:914} INFO - Processing file /home/airflow/.local/lib/python3.12/site-packages/airflow/example_dags/example_python_operator.py for tasks to queue
[2025-04-30T00:36:28.526+0000] {logging_mixin.py:190} INFO - [2025-04-30T00:36:28.525+0000] {dagbag.py:587} INFO - Filling up the DagBag from /home/airflow/.local/lib/python3.12/site-packages/airflow/example_dags/example_python_operator.py
[2025-04-30T00:36:28.546+0000] {processor.py:925} INFO - DAG(s) 'example_python_operator' retrieved from /home/airflow/.local/lib/python3.12/site-packages/airflow/example_dags/example_python_operator.py
[2025-04-30T00:36:28.590+0000] {logging_mixin.py:190} INFO - [2025-04-30T00:36:28.589+0000] {dag.py:3211} INFO - Sync 1 DAGs
[2025-04-30T00:36:28.616+0000] {logging_mixin.py:190} INFO - [2025-04-30T00:36:28.616+0000] {dag.py:4138} INFO - Setting next_dagrun for example_python_operator to None, run_after=None
[2025-04-30T00:36:28.657+0000] {processor.py:208} INFO - Processing /home/airflow/.local/lib/python3.12/site-packages/airflow/example_dags/example_python_operator.py took 0.149 seconds
[2025-04-30T00:36:59.229+0000] {processor.py:186} INFO - Started process (PID=852) to work on /home/airflow/.local/lib/python3.12/site-packages/airflow/example_dags/example_python_operator.py
[2025-04-30T00:36:59.231+0000] {processor.py:914} INFO - Processing file /home/airflow/.local/lib/python3.12/site-packages/airflow/example_dags/example_python_operator.py for tasks to queue
[2025-04-30T00:36:59.236+0000] {logging_mixin.py:190} INFO - [2025-04-30T00:36:59.236+0000] {dagbag.py:587} INFO - Filling up the DagBag from /home/airflow/.local/lib/python3.12/site-packages/airflow/example_dags/example_python_operator.py
[2025-04-30T00:36:59.263+0000] {processor.py:925} INFO - DAG(s) 'example_python_operator' retrieved from /home/airflow/.local/lib/python3.12/site-packages/airflow/example_dags/example_python_operator.py
[2025-04-30T00:36:59.314+0000] {logging_mixin.py:190} INFO - [2025-04-30T00:36:59.313+0000] {dag.py:3211} INFO - Sync 1 DAGs
[2025-04-30T00:36:59.345+0000] {logging_mixin.py:190} INFO - [2025-04-30T00:36:59.344+0000] {dag.py:4138} INFO - Setting next_dagrun for example_python_operator to None, run_after=None
[2025-04-30T00:36:59.384+0000] {processor.py:208} INFO - Processing /home/airflow/.local/lib/python3.12/site-packages/airflow/example_dags/example_python_operator.py took 0.168 seconds
[2025-04-30T00:37:29.958+0000] {processor.py:186} INFO - Started process (PID=915) to work on /home/airflow/.local/lib/python3.12/site-packages/airflow/example_dags/example_python_operator.py
[2025-04-30T00:37:29.960+0000] {processor.py:914} INFO - Processing file /home/airflow/.local/lib/python3.12/site-packages/airflow/example_dags/example_python_operator.py for tasks to queue
[2025-04-30T00:37:29.966+0000] {logging_mixin.py:190} INFO - [2025-04-30T00:37:29.965+0000] {dagbag.py:587} INFO - Filling up the DagBag from /home/airflow/.local/lib/python3.12/site-packages/airflow/example_dags/example_python_operator.py
[2025-04-30T00:37:29.995+0000] {processor.py:925} INFO - DAG(s) 'example_python_operator' retrieved from /home/airflow/.local/lib/python3.12/site-packages/airflow/example_dags/example_python_operator.py
[2025-04-30T00:37:30.062+0000] {logging_mixin.py:190} INFO - [2025-04-30T00:37:30.061+0000] {dag.py:3211} INFO - Sync 1 DAGs
[2025-04-30T00:37:30.115+0000] {logging_mixin.py:190} INFO - [2025-04-30T00:37:30.114+0000] {dag.py:4138} INFO - Setting next_dagrun for example_python_operator to None, run_after=None
[2025-04-30T00:37:30.176+0000] {processor.py:208} INFO - Processing /home/airflow/.local/lib/python3.12/site-packages/airflow/example_dags/example_python_operator.py took 0.233 seconds
[2025-04-30T00:38:00.611+0000] {processor.py:186} INFO - Started process (PID=978) to work on /home/airflow/.local/lib/python3.12/site-packages/airflow/example_dags/example_python_operator.py
[2025-04-30T00:38:00.613+0000] {processor.py:914} INFO - Processing file /home/airflow/.local/lib/python3.12/site-packages/airflow/example_dags/example_python_operator.py for tasks to queue
[2025-04-30T00:38:00.621+0000] {logging_mixin.py:190} INFO - [2025-04-30T00:38:00.620+0000] {dagbag.py:587} INFO - Filling up the DagBag from /home/airflow/.local/lib/python3.12/site-packages/airflow/example_dags/example_python_operator.py
[2025-04-30T00:38:00.654+0000] {processor.py:925} INFO - DAG(s) 'example_python_operator' retrieved from /home/airflow/.local/lib/python3.12/site-packages/airflow/example_dags/example_python_operator.py
[2025-04-30T00:38:00.773+0000] {logging_mixin.py:190} INFO - [2025-04-30T00:38:00.772+0000] {dag.py:3211} INFO - Sync 1 DAGs
[2025-04-30T00:38:00.812+0000] {logging_mixin.py:190} INFO - [2025-04-30T00:38:00.811+0000] {dag.py:4138} INFO - Setting next_dagrun for example_python_operator to None, run_after=None
[2025-04-30T00:38:00.852+0000] {processor.py:208} INFO - Processing /home/airflow/.local/lib/python3.12/site-packages/airflow/example_dags/example_python_operator.py took 0.257 seconds
[2025-04-30T00:38:31.150+0000] {processor.py:186} INFO - Started process (PID=1040) to work on /home/airflow/.local/lib/python3.12/site-packages/airflow/example_dags/example_python_operator.py
[2025-04-30T00:38:31.153+0000] {processor.py:914} INFO - Processing file /home/airflow/.local/lib/python3.12/site-packages/airflow/example_dags/example_python_operator.py for tasks to queue
[2025-04-30T00:38:31.159+0000] {logging_mixin.py:190} INFO - [2025-04-30T00:38:31.159+0000] {dagbag.py:587} INFO - Filling up the DagBag from /home/airflow/.local/lib/python3.12/site-packages/airflow/example_dags/example_python_operator.py
[2025-04-30T00:38:31.193+0000] {processor.py:925} INFO - DAG(s) 'example_python_operator' retrieved from /home/airflow/.local/lib/python3.12/site-packages/airflow/example_dags/example_python_operator.py
[2025-04-30T00:38:31.248+0000] {logging_mixin.py:190} INFO - [2025-04-30T00:38:31.247+0000] {dag.py:3211} INFO - Sync 1 DAGs
[2025-04-30T00:38:31.283+0000] {logging_mixin.py:190} INFO - [2025-04-30T00:38:31.282+0000] {dag.py:4138} INFO - Setting next_dagrun for example_python_operator to None, run_after=None
[2025-04-30T00:38:31.329+0000] {processor.py:208} INFO - Processing /home/airflow/.local/lib/python3.12/site-packages/airflow/example_dags/example_python_operator.py took 0.193 seconds
[2025-04-30T00:39:01.481+0000] {processor.py:186} INFO - Started process (PID=1102) to work on /home/airflow/.local/lib/python3.12/site-packages/airflow/example_dags/example_python_operator.py
[2025-04-30T00:39:01.483+0000] {processor.py:914} INFO - Processing file /home/airflow/.local/lib/python3.12/site-packages/airflow/example_dags/example_python_operator.py for tasks to queue
[2025-04-30T00:39:01.489+0000] {logging_mixin.py:190} INFO - [2025-04-30T00:39:01.488+0000] {dagbag.py:587} INFO - Filling up the DagBag from /home/airflow/.local/lib/python3.12/site-packages/airflow/example_dags/example_python_operator.py
[2025-04-30T00:39:01.514+0000] {processor.py:925} INFO - DAG(s) 'example_python_operator' retrieved from /home/airflow/.local/lib/python3.12/site-packages/airflow/example_dags/example_python_operator.py
[2025-04-30T00:39:01.558+0000] {logging_mixin.py:190} INFO - [2025-04-30T00:39:01.557+0000] {dag.py:3211} INFO - Sync 1 DAGs
[2025-04-30T00:39:01.585+0000] {logging_mixin.py:190} INFO - [2025-04-30T00:39:01.585+0000] {dag.py:4138} INFO - Setting next_dagrun for example_python_operator to None, run_after=None
[2025-04-30T00:39:01.622+0000] {processor.py:208} INFO - Processing /home/airflow/.local/lib/python3.12/site-packages/airflow/example_dags/example_python_operator.py took 0.152 seconds
[2025-04-30T00:39:31.875+0000] {processor.py:186} INFO - Started process (PID=1166) to work on /home/airflow/.local/lib/python3.12/site-packages/airflow/example_dags/example_python_operator.py
[2025-04-30T00:39:31.877+0000] {processor.py:914} INFO - Processing file /home/airflow/.local/lib/python3.12/site-packages/airflow/example_dags/example_python_operator.py for tasks to queue
[2025-04-30T00:39:31.883+0000] {logging_mixin.py:190} INFO - [2025-04-30T00:39:31.882+0000] {dagbag.py:587} INFO - Filling up the DagBag from /home/airflow/.local/lib/python3.12/site-packages/airflow/example_dags/example_python_operator.py
[2025-04-30T00:39:31.931+0000] {processor.py:925} INFO - DAG(s) 'example_python_operator' retrieved from /home/airflow/.local/lib/python3.12/site-packages/airflow/example_dags/example_python_operator.py
[2025-04-30T00:39:31.981+0000] {logging_mixin.py:190} INFO - [2025-04-30T00:39:31.981+0000] {dag.py:3211} INFO - Sync 1 DAGs
[2025-04-30T00:39:32.012+0000] {logging_mixin.py:190} INFO - [2025-04-30T00:39:32.011+0000] {dag.py:4138} INFO - Setting next_dagrun for example_python_operator to None, run_after=None
[2025-04-30T00:39:32.053+0000] {processor.py:208} INFO - Processing /home/airflow/.local/lib/python3.12/site-packages/airflow/example_dags/example_python_operator.py took 0.194 seconds
[2025-04-30T00:40:02.404+0000] {processor.py:186} INFO - Started process (PID=1230) to work on /home/airflow/.local/lib/python3.12/site-packages/airflow/example_dags/example_python_operator.py
[2025-04-30T00:40:02.406+0000] {processor.py:914} INFO - Processing file /home/airflow/.local/lib/python3.12/site-packages/airflow/example_dags/example_python_operator.py for tasks to queue
[2025-04-30T00:40:02.411+0000] {logging_mixin.py:190} INFO - [2025-04-30T00:40:02.410+0000] {dagbag.py:587} INFO - Filling up the DagBag from /home/airflow/.local/lib/python3.12/site-packages/airflow/example_dags/example_python_operator.py
[2025-04-30T00:40:02.434+0000] {processor.py:925} INFO - DAG(s) 'example_python_operator' retrieved from /home/airflow/.local/lib/python3.12/site-packages/airflow/example_dags/example_python_operator.py
[2025-04-30T00:40:02.480+0000] {logging_mixin.py:190} INFO - [2025-04-30T00:40:02.480+0000] {dag.py:3211} INFO - Sync 1 DAGs
[2025-04-30T00:40:02.507+0000] {logging_mixin.py:190} INFO - [2025-04-30T00:40:02.507+0000] {dag.py:4138} INFO - Setting next_dagrun for example_python_operator to None, run_after=None
[2025-04-30T00:40:02.546+0000] {processor.py:208} INFO - Processing /home/airflow/.local/lib/python3.12/site-packages/airflow/example_dags/example_python_operator.py took 0.153 seconds
[2025-04-30T00:40:33.370+0000] {processor.py:186} INFO - Started process (PID=1299) to work on /home/airflow/.local/lib/python3.12/site-packages/airflow/example_dags/example_python_operator.py
[2025-04-30T00:40:33.373+0000] {processor.py:914} INFO - Processing file /home/airflow/.local/lib/python3.12/site-packages/airflow/example_dags/example_python_operator.py for tasks to queue
[2025-04-30T00:40:33.378+0000] {logging_mixin.py:190} INFO - [2025-04-30T00:40:33.377+0000] {dagbag.py:587} INFO - Filling up the DagBag from /home/airflow/.local/lib/python3.12/site-packages/airflow/example_dags/example_python_operator.py
[2025-04-30T00:40:33.404+0000] {processor.py:925} INFO - DAG(s) 'example_python_operator' retrieved from /home/airflow/.local/lib/python3.12/site-packages/airflow/example_dags/example_python_operator.py
[2025-04-30T00:40:33.457+0000] {logging_mixin.py:190} INFO - [2025-04-30T00:40:33.456+0000] {dag.py:3211} INFO - Sync 1 DAGs
[2025-04-30T00:40:33.490+0000] {logging_mixin.py:190} INFO - [2025-04-30T00:40:33.489+0000] {dag.py:4138} INFO - Setting next_dagrun for example_python_operator to None, run_after=None
[2025-04-30T00:40:33.542+0000] {processor.py:208} INFO - Processing /home/airflow/.local/lib/python3.12/site-packages/airflow/example_dags/example_python_operator.py took 0.185 seconds
[2025-04-30T00:41:03.633+0000] {processor.py:186} INFO - Started process (PID=1361) to work on /home/airflow/.local/lib/python3.12/site-packages/airflow/example_dags/example_python_operator.py
[2025-04-30T00:41:03.635+0000] {processor.py:914} INFO - Processing file /home/airflow/.local/lib/python3.12/site-packages/airflow/example_dags/example_python_operator.py for tasks to queue
[2025-04-30T00:41:03.640+0000] {logging_mixin.py:190} INFO - [2025-04-30T00:41:03.639+0000] {dagbag.py:587} INFO - Filling up the DagBag from /home/airflow/.local/lib/python3.12/site-packages/airflow/example_dags/example_python_operator.py
[2025-04-30T00:41:03.663+0000] {processor.py:925} INFO - DAG(s) 'example_python_operator' retrieved from /home/airflow/.local/lib/python3.12/site-packages/airflow/example_dags/example_python_operator.py
[2025-04-30T00:41:03.706+0000] {logging_mixin.py:190} INFO - [2025-04-30T00:41:03.706+0000] {dag.py:3211} INFO - Sync 1 DAGs
[2025-04-30T00:41:03.737+0000] {logging_mixin.py:190} INFO - [2025-04-30T00:41:03.736+0000] {dag.py:4138} INFO - Setting next_dagrun for example_python_operator to None, run_after=None
[2025-04-30T00:41:03.776+0000] {processor.py:208} INFO - Processing /home/airflow/.local/lib/python3.12/site-packages/airflow/example_dags/example_python_operator.py took 0.153 seconds
[2025-04-30T00:41:34.109+0000] {processor.py:186} INFO - Started process (PID=1424) to work on /home/airflow/.local/lib/python3.12/site-packages/airflow/example_dags/example_python_operator.py
[2025-04-30T00:41:34.112+0000] {processor.py:914} INFO - Processing file /home/airflow/.local/lib/python3.12/site-packages/airflow/example_dags/example_python_operator.py for tasks to queue
[2025-04-30T00:41:34.118+0000] {logging_mixin.py:190} INFO - [2025-04-30T00:41:34.118+0000] {dagbag.py:587} INFO - Filling up the DagBag from /home/airflow/.local/lib/python3.12/site-packages/airflow/example_dags/example_python_operator.py
[2025-04-30T00:41:34.144+0000] {processor.py:925} INFO - DAG(s) 'example_python_operator' retrieved from /home/airflow/.local/lib/python3.12/site-packages/airflow/example_dags/example_python_operator.py
[2025-04-30T00:41:34.193+0000] {logging_mixin.py:190} INFO - [2025-04-30T00:41:34.193+0000] {dag.py:3211} INFO - Sync 1 DAGs
[2025-04-30T00:41:34.235+0000] {logging_mixin.py:190} INFO - [2025-04-30T00:41:34.235+0000] {dag.py:4138} INFO - Setting next_dagrun for example_python_operator to None, run_after=None
[2025-04-30T00:41:34.286+0000] {processor.py:208} INFO - Processing /home/airflow/.local/lib/python3.12/site-packages/airflow/example_dags/example_python_operator.py took 0.190 seconds
[2025-04-30T00:42:04.415+0000] {processor.py:186} INFO - Started process (PID=1491) to work on /home/airflow/.local/lib/python3.12/site-packages/airflow/example_dags/example_python_operator.py
[2025-04-30T00:42:04.417+0000] {processor.py:914} INFO - Processing file /home/airflow/.local/lib/python3.12/site-packages/airflow/example_dags/example_python_operator.py for tasks to queue
[2025-04-30T00:42:04.420+0000] {logging_mixin.py:190} INFO - [2025-04-30T00:42:04.420+0000] {dagbag.py:587} INFO - Filling up the DagBag from /home/airflow/.local/lib/python3.12/site-packages/airflow/example_dags/example_python_operator.py
[2025-04-30T00:42:04.450+0000] {processor.py:925} INFO - DAG(s) 'example_python_operator' retrieved from /home/airflow/.local/lib/python3.12/site-packages/airflow/example_dags/example_python_operator.py
[2025-04-30T00:42:04.504+0000] {logging_mixin.py:190} INFO - [2025-04-30T00:42:04.503+0000] {dag.py:3211} INFO - Sync 1 DAGs
[2025-04-30T00:42:04.533+0000] {logging_mixin.py:190} INFO - [2025-04-30T00:42:04.533+0000] {dag.py:4138} INFO - Setting next_dagrun for example_python_operator to None, run_after=None
[2025-04-30T00:42:04.572+0000] {processor.py:208} INFO - Processing /home/airflow/.local/lib/python3.12/site-packages/airflow/example_dags/example_python_operator.py took 0.170 seconds
[2025-04-30T00:42:34.987+0000] {processor.py:186} INFO - Started process (PID=1554) to work on /home/airflow/.local/lib/python3.12/site-packages/airflow/example_dags/example_python_operator.py
[2025-04-30T00:42:34.992+0000] {processor.py:914} INFO - Processing file /home/airflow/.local/lib/python3.12/site-packages/airflow/example_dags/example_python_operator.py for tasks to queue
[2025-04-30T00:42:34.998+0000] {logging_mixin.py:190} INFO - [2025-04-30T00:42:34.996+0000] {dagbag.py:587} INFO - Filling up the DagBag from /home/airflow/.local/lib/python3.12/site-packages/airflow/example_dags/example_python_operator.py
[2025-04-30T00:42:35.057+0000] {processor.py:925} INFO - DAG(s) 'example_python_operator' retrieved from /home/airflow/.local/lib/python3.12/site-packages/airflow/example_dags/example_python_operator.py
[2025-04-30T00:42:35.113+0000] {logging_mixin.py:190} INFO - [2025-04-30T00:42:35.112+0000] {dag.py:3211} INFO - Sync 1 DAGs
[2025-04-30T00:42:35.145+0000] {logging_mixin.py:190} INFO - [2025-04-30T00:42:35.144+0000] {dag.py:4138} INFO - Setting next_dagrun for example_python_operator to None, run_after=None
[2025-04-30T00:42:35.197+0000] {processor.py:208} INFO - Processing /home/airflow/.local/lib/python3.12/site-packages/airflow/example_dags/example_python_operator.py took 0.240 seconds
[2025-04-30T00:43:05.497+0000] {processor.py:186} INFO - Started process (PID=1617) to work on /home/airflow/.local/lib/python3.12/site-packages/airflow/example_dags/example_python_operator.py
[2025-04-30T00:43:05.501+0000] {processor.py:914} INFO - Processing file /home/airflow/.local/lib/python3.12/site-packages/airflow/example_dags/example_python_operator.py for tasks to queue
[2025-04-30T00:43:05.507+0000] {logging_mixin.py:190} INFO - [2025-04-30T00:43:05.505+0000] {dagbag.py:587} INFO - Filling up the DagBag from /home/airflow/.local/lib/python3.12/site-packages/airflow/example_dags/example_python_operator.py
[2025-04-30T00:43:05.550+0000] {processor.py:925} INFO - DAG(s) 'example_python_operator' retrieved from /home/airflow/.local/lib/python3.12/site-packages/airflow/example_dags/example_python_operator.py
[2025-04-30T00:43:05.635+0000] {logging_mixin.py:190} INFO - [2025-04-30T00:43:05.634+0000] {dag.py:3211} INFO - Sync 1 DAGs
[2025-04-30T00:43:05.668+0000] {logging_mixin.py:190} INFO - [2025-04-30T00:43:05.668+0000] {dag.py:4138} INFO - Setting next_dagrun for example_python_operator to None, run_after=None
[2025-04-30T00:43:05.715+0000] {processor.py:208} INFO - Processing /home/airflow/.local/lib/python3.12/site-packages/airflow/example_dags/example_python_operator.py took 0.239 seconds
[2025-04-30T00:43:35.846+0000] {processor.py:186} INFO - Started process (PID=1679) to work on /home/airflow/.local/lib/python3.12/site-packages/airflow/example_dags/example_python_operator.py
[2025-04-30T00:43:35.849+0000] {processor.py:914} INFO - Processing file /home/airflow/.local/lib/python3.12/site-packages/airflow/example_dags/example_python_operator.py for tasks to queue
[2025-04-30T00:43:35.853+0000] {logging_mixin.py:190} INFO - [2025-04-30T00:43:35.852+0000] {dagbag.py:587} INFO - Filling up the DagBag from /home/airflow/.local/lib/python3.12/site-packages/airflow/example_dags/example_python_operator.py
[2025-04-30T00:43:35.892+0000] {processor.py:925} INFO - DAG(s) 'example_python_operator' retrieved from /home/airflow/.local/lib/python3.12/site-packages/airflow/example_dags/example_python_operator.py
[2025-04-30T00:43:35.962+0000] {logging_mixin.py:190} INFO - [2025-04-30T00:43:35.961+0000] {dag.py:3211} INFO - Sync 1 DAGs
[2025-04-30T00:43:36.008+0000] {logging_mixin.py:190} INFO - [2025-04-30T00:43:36.008+0000] {dag.py:4138} INFO - Setting next_dagrun for example_python_operator to None, run_after=None
[2025-04-30T00:43:36.053+0000] {processor.py:208} INFO - Processing /home/airflow/.local/lib/python3.12/site-packages/airflow/example_dags/example_python_operator.py took 0.225 seconds
[2025-04-30T00:44:06.634+0000] {processor.py:186} INFO - Started process (PID=1743) to work on /home/airflow/.local/lib/python3.12/site-packages/airflow/example_dags/example_python_operator.py
[2025-04-30T00:44:06.635+0000] {processor.py:914} INFO - Processing file /home/airflow/.local/lib/python3.12/site-packages/airflow/example_dags/example_python_operator.py for tasks to queue
[2025-04-30T00:44:06.638+0000] {logging_mixin.py:190} INFO - [2025-04-30T00:44:06.637+0000] {dagbag.py:587} INFO - Filling up the DagBag from /home/airflow/.local/lib/python3.12/site-packages/airflow/example_dags/example_python_operator.py
[2025-04-30T00:44:06.655+0000] {processor.py:925} INFO - DAG(s) 'example_python_operator' retrieved from /home/airflow/.local/lib/python3.12/site-packages/airflow/example_dags/example_python_operator.py
[2025-04-30T00:44:06.680+0000] {logging_mixin.py:190} INFO - [2025-04-30T00:44:06.679+0000] {dag.py:3211} INFO - Sync 1 DAGs
[2025-04-30T00:44:06.697+0000] {logging_mixin.py:190} INFO - [2025-04-30T00:44:06.696+0000] {dag.py:4138} INFO - Setting next_dagrun for example_python_operator to None, run_after=None
[2025-04-30T00:44:06.719+0000] {processor.py:208} INFO - Processing /home/airflow/.local/lib/python3.12/site-packages/airflow/example_dags/example_python_operator.py took 0.093 seconds
[2025-04-30T00:44:37.471+0000] {processor.py:186} INFO - Started process (PID=1806) to work on /home/airflow/.local/lib/python3.12/site-packages/airflow/example_dags/example_python_operator.py
[2025-04-30T00:44:37.473+0000] {processor.py:914} INFO - Processing file /home/airflow/.local/lib/python3.12/site-packages/airflow/example_dags/example_python_operator.py for tasks to queue
[2025-04-30T00:44:37.475+0000] {logging_mixin.py:190} INFO - [2025-04-30T00:44:37.474+0000] {dagbag.py:587} INFO - Filling up the DagBag from /home/airflow/.local/lib/python3.12/site-packages/airflow/example_dags/example_python_operator.py
[2025-04-30T00:44:37.496+0000] {processor.py:925} INFO - DAG(s) 'example_python_operator' retrieved from /home/airflow/.local/lib/python3.12/site-packages/airflow/example_dags/example_python_operator.py
[2025-04-30T00:44:37.533+0000] {logging_mixin.py:190} INFO - [2025-04-30T00:44:37.533+0000] {dag.py:3211} INFO - Sync 1 DAGs
[2025-04-30T00:44:37.557+0000] {logging_mixin.py:190} INFO - [2025-04-30T00:44:37.556+0000] {dag.py:4138} INFO - Setting next_dagrun for example_python_operator to None, run_after=None
[2025-04-30T00:44:37.588+0000] {processor.py:208} INFO - Processing /home/airflow/.local/lib/python3.12/site-packages/airflow/example_dags/example_python_operator.py took 0.127 seconds
[2025-04-30T00:45:08.150+0000] {processor.py:186} INFO - Started process (PID=1869) to work on /home/airflow/.local/lib/python3.12/site-packages/airflow/example_dags/example_python_operator.py
[2025-04-30T00:45:08.151+0000] {processor.py:914} INFO - Processing file /home/airflow/.local/lib/python3.12/site-packages/airflow/example_dags/example_python_operator.py for tasks to queue
[2025-04-30T00:45:08.152+0000] {logging_mixin.py:190} INFO - [2025-04-30T00:45:08.152+0000] {dagbag.py:587} INFO - Filling up the DagBag from /home/airflow/.local/lib/python3.12/site-packages/airflow/example_dags/example_python_operator.py
[2025-04-30T00:45:08.166+0000] {processor.py:925} INFO - DAG(s) 'example_python_operator' retrieved from /home/airflow/.local/lib/python3.12/site-packages/airflow/example_dags/example_python_operator.py
[2025-04-30T00:45:08.192+0000] {logging_mixin.py:190} INFO - [2025-04-30T00:45:08.192+0000] {dag.py:3211} INFO - Sync 1 DAGs
[2025-04-30T00:45:08.209+0000] {logging_mixin.py:190} INFO - [2025-04-30T00:45:08.209+0000] {dag.py:4138} INFO - Setting next_dagrun for example_python_operator to None, run_after=None
[2025-04-30T00:45:08.231+0000] {processor.py:208} INFO - Processing /home/airflow/.local/lib/python3.12/site-packages/airflow/example_dags/example_python_operator.py took 0.089 seconds
[2025-04-30T00:45:38.847+0000] {processor.py:186} INFO - Started process (PID=1932) to work on /home/airflow/.local/lib/python3.12/site-packages/airflow/example_dags/example_python_operator.py
[2025-04-30T00:45:38.848+0000] {processor.py:914} INFO - Processing file /home/airflow/.local/lib/python3.12/site-packages/airflow/example_dags/example_python_operator.py for tasks to queue
[2025-04-30T00:45:38.853+0000] {logging_mixin.py:190} INFO - [2025-04-30T00:45:38.852+0000] {dagbag.py:587} INFO - Filling up the DagBag from /home/airflow/.local/lib/python3.12/site-packages/airflow/example_dags/example_python_operator.py
[2025-04-30T00:45:38.886+0000] {processor.py:925} INFO - DAG(s) 'example_python_operator' retrieved from /home/airflow/.local/lib/python3.12/site-packages/airflow/example_dags/example_python_operator.py
[2025-04-30T00:45:38.946+0000] {logging_mixin.py:190} INFO - [2025-04-30T00:45:38.946+0000] {dag.py:3211} INFO - Sync 1 DAGs
[2025-04-30T00:45:38.983+0000] {logging_mixin.py:190} INFO - [2025-04-30T00:45:38.982+0000] {dag.py:4138} INFO - Setting next_dagrun for example_python_operator to None, run_after=None
[2025-04-30T00:45:39.035+0000] {processor.py:208} INFO - Processing /home/airflow/.local/lib/python3.12/site-packages/airflow/example_dags/example_python_operator.py took 0.200 seconds
[2025-04-30T00:46:09.102+0000] {processor.py:186} INFO - Started process (PID=1995) to work on /home/airflow/.local/lib/python3.12/site-packages/airflow/example_dags/example_python_operator.py
[2025-04-30T00:46:09.103+0000] {processor.py:914} INFO - Processing file /home/airflow/.local/lib/python3.12/site-packages/airflow/example_dags/example_python_operator.py for tasks to queue
[2025-04-30T00:46:09.105+0000] {logging_mixin.py:190} INFO - [2025-04-30T00:46:09.105+0000] {dagbag.py:587} INFO - Filling up the DagBag from /home/airflow/.local/lib/python3.12/site-packages/airflow/example_dags/example_python_operator.py
[2025-04-30T00:46:09.125+0000] {processor.py:925} INFO - DAG(s) 'example_python_operator' retrieved from /home/airflow/.local/lib/python3.12/site-packages/airflow/example_dags/example_python_operator.py
[2025-04-30T00:46:09.160+0000] {logging_mixin.py:190} INFO - [2025-04-30T00:46:09.159+0000] {dag.py:3211} INFO - Sync 1 DAGs
[2025-04-30T00:46:09.184+0000] {logging_mixin.py:190} INFO - [2025-04-30T00:46:09.184+0000] {dag.py:4138} INFO - Setting next_dagrun for example_python_operator to None, run_after=None
[2025-04-30T00:46:09.211+0000] {processor.py:208} INFO - Processing /home/airflow/.local/lib/python3.12/site-packages/airflow/example_dags/example_python_operator.py took 0.117 seconds
[2025-04-30T00:46:39.390+0000] {processor.py:186} INFO - Started process (PID=2058) to work on /home/airflow/.local/lib/python3.12/site-packages/airflow/example_dags/example_python_operator.py
[2025-04-30T00:46:39.391+0000] {processor.py:914} INFO - Processing file /home/airflow/.local/lib/python3.12/site-packages/airflow/example_dags/example_python_operator.py for tasks to queue
[2025-04-30T00:46:39.393+0000] {logging_mixin.py:190} INFO - [2025-04-30T00:46:39.393+0000] {dagbag.py:587} INFO - Filling up the DagBag from /home/airflow/.local/lib/python3.12/site-packages/airflow/example_dags/example_python_operator.py
[2025-04-30T00:46:39.409+0000] {processor.py:925} INFO - DAG(s) 'example_python_operator' retrieved from /home/airflow/.local/lib/python3.12/site-packages/airflow/example_dags/example_python_operator.py
[2025-04-30T00:46:39.438+0000] {logging_mixin.py:190} INFO - [2025-04-30T00:46:39.438+0000] {dag.py:3211} INFO - Sync 1 DAGs
[2025-04-30T00:46:39.454+0000] {logging_mixin.py:190} INFO - [2025-04-30T00:46:39.453+0000] {dag.py:4138} INFO - Setting next_dagrun for example_python_operator to None, run_after=None
[2025-04-30T00:46:39.492+0000] {processor.py:208} INFO - Processing /home/airflow/.local/lib/python3.12/site-packages/airflow/example_dags/example_python_operator.py took 0.111 seconds
[2025-04-30T00:47:09.562+0000] {processor.py:186} INFO - Started process (PID=2121) to work on /home/airflow/.local/lib/python3.12/site-packages/airflow/example_dags/example_python_operator.py
[2025-04-30T00:47:09.564+0000] {processor.py:914} INFO - Processing file /home/airflow/.local/lib/python3.12/site-packages/airflow/example_dags/example_python_operator.py for tasks to queue
[2025-04-30T00:47:09.565+0000] {logging_mixin.py:190} INFO - [2025-04-30T00:47:09.565+0000] {dagbag.py:587} INFO - Filling up the DagBag from /home/airflow/.local/lib/python3.12/site-packages/airflow/example_dags/example_python_operator.py
[2025-04-30T00:47:09.578+0000] {processor.py:925} INFO - DAG(s) 'example_python_operator' retrieved from /home/airflow/.local/lib/python3.12/site-packages/airflow/example_dags/example_python_operator.py
[2025-04-30T00:47:09.603+0000] {logging_mixin.py:190} INFO - [2025-04-30T00:47:09.603+0000] {dag.py:3211} INFO - Sync 1 DAGs
[2025-04-30T00:47:09.619+0000] {logging_mixin.py:190} INFO - [2025-04-30T00:47:09.618+0000] {dag.py:4138} INFO - Setting next_dagrun for example_python_operator to None, run_after=None
[2025-04-30T00:47:09.641+0000] {processor.py:208} INFO - Processing /home/airflow/.local/lib/python3.12/site-packages/airflow/example_dags/example_python_operator.py took 0.085 seconds
[2025-04-30T00:47:40.578+0000] {processor.py:186} INFO - Started process (PID=2184) to work on /home/airflow/.local/lib/python3.12/site-packages/airflow/example_dags/example_python_operator.py
[2025-04-30T00:47:40.580+0000] {processor.py:914} INFO - Processing file /home/airflow/.local/lib/python3.12/site-packages/airflow/example_dags/example_python_operator.py for tasks to queue
[2025-04-30T00:47:40.581+0000] {logging_mixin.py:190} INFO - [2025-04-30T00:47:40.581+0000] {dagbag.py:587} INFO - Filling up the DagBag from /home/airflow/.local/lib/python3.12/site-packages/airflow/example_dags/example_python_operator.py
[2025-04-30T00:47:40.596+0000] {processor.py:925} INFO - DAG(s) 'example_python_operator' retrieved from /home/airflow/.local/lib/python3.12/site-packages/airflow/example_dags/example_python_operator.py
[2025-04-30T00:47:40.621+0000] {logging_mixin.py:190} INFO - [2025-04-30T00:47:40.620+0000] {dag.py:3211} INFO - Sync 1 DAGs
[2025-04-30T00:47:40.638+0000] {logging_mixin.py:190} INFO - [2025-04-30T00:47:40.638+0000] {dag.py:4138} INFO - Setting next_dagrun for example_python_operator to None, run_after=None
[2025-04-30T00:47:40.660+0000] {processor.py:208} INFO - Processing /home/airflow/.local/lib/python3.12/site-packages/airflow/example_dags/example_python_operator.py took 0.091 seconds
[2025-04-30T00:48:11.111+0000] {processor.py:186} INFO - Started process (PID=2247) to work on /home/airflow/.local/lib/python3.12/site-packages/airflow/example_dags/example_python_operator.py
[2025-04-30T00:48:11.112+0000] {processor.py:914} INFO - Processing file /home/airflow/.local/lib/python3.12/site-packages/airflow/example_dags/example_python_operator.py for tasks to queue
[2025-04-30T00:48:11.114+0000] {logging_mixin.py:190} INFO - [2025-04-30T00:48:11.113+0000] {dagbag.py:587} INFO - Filling up the DagBag from /home/airflow/.local/lib/python3.12/site-packages/airflow/example_dags/example_python_operator.py
[2025-04-30T00:48:11.128+0000] {processor.py:925} INFO - DAG(s) 'example_python_operator' retrieved from /home/airflow/.local/lib/python3.12/site-packages/airflow/example_dags/example_python_operator.py
[2025-04-30T00:48:11.154+0000] {logging_mixin.py:190} INFO - [2025-04-30T00:48:11.154+0000] {dag.py:3211} INFO - Sync 1 DAGs
[2025-04-30T00:48:11.175+0000] {logging_mixin.py:190} INFO - [2025-04-30T00:48:11.175+0000] {dag.py:4138} INFO - Setting next_dagrun for example_python_operator to None, run_after=None
[2025-04-30T00:48:11.203+0000] {processor.py:208} INFO - Processing /home/airflow/.local/lib/python3.12/site-packages/airflow/example_dags/example_python_operator.py took 0.101 seconds
[2025-04-30T00:48:41.452+0000] {processor.py:186} INFO - Started process (PID=2316) to work on /home/airflow/.local/lib/python3.12/site-packages/airflow/example_dags/example_python_operator.py
[2025-04-30T00:48:41.454+0000] {processor.py:914} INFO - Processing file /home/airflow/.local/lib/python3.12/site-packages/airflow/example_dags/example_python_operator.py for tasks to queue
[2025-04-30T00:48:41.455+0000] {logging_mixin.py:190} INFO - [2025-04-30T00:48:41.455+0000] {dagbag.py:587} INFO - Filling up the DagBag from /home/airflow/.local/lib/python3.12/site-packages/airflow/example_dags/example_python_operator.py
[2025-04-30T00:48:41.471+0000] {processor.py:925} INFO - DAG(s) 'example_python_operator' retrieved from /home/airflow/.local/lib/python3.12/site-packages/airflow/example_dags/example_python_operator.py
[2025-04-30T00:48:41.495+0000] {logging_mixin.py:190} INFO - [2025-04-30T00:48:41.494+0000] {dag.py:3211} INFO - Sync 1 DAGs
[2025-04-30T00:48:41.511+0000] {logging_mixin.py:190} INFO - [2025-04-30T00:48:41.511+0000] {dag.py:4138} INFO - Setting next_dagrun for example_python_operator to None, run_after=None
[2025-04-30T00:48:41.531+0000] {processor.py:208} INFO - Processing /home/airflow/.local/lib/python3.12/site-packages/airflow/example_dags/example_python_operator.py took 0.087 seconds
[2025-04-30T00:49:11.955+0000] {processor.py:186} INFO - Started process (PID=2379) to work on /home/airflow/.local/lib/python3.12/site-packages/airflow/example_dags/example_python_operator.py
[2025-04-30T00:49:11.956+0000] {processor.py:914} INFO - Processing file /home/airflow/.local/lib/python3.12/site-packages/airflow/example_dags/example_python_operator.py for tasks to queue
[2025-04-30T00:49:11.958+0000] {logging_mixin.py:190} INFO - [2025-04-30T00:49:11.957+0000] {dagbag.py:587} INFO - Filling up the DagBag from /home/airflow/.local/lib/python3.12/site-packages/airflow/example_dags/example_python_operator.py
[2025-04-30T00:49:11.974+0000] {processor.py:925} INFO - DAG(s) 'example_python_operator' retrieved from /home/airflow/.local/lib/python3.12/site-packages/airflow/example_dags/example_python_operator.py
[2025-04-30T00:49:12.000+0000] {logging_mixin.py:190} INFO - [2025-04-30T00:49:12.000+0000] {dag.py:3211} INFO - Sync 1 DAGs
[2025-04-30T00:49:12.017+0000] {logging_mixin.py:190} INFO - [2025-04-30T00:49:12.016+0000] {dag.py:4138} INFO - Setting next_dagrun for example_python_operator to None, run_after=None
[2025-04-30T00:49:12.037+0000] {processor.py:208} INFO - Processing /home/airflow/.local/lib/python3.12/site-packages/airflow/example_dags/example_python_operator.py took 0.089 seconds
[2025-04-30T00:49:42.442+0000] {processor.py:186} INFO - Started process (PID=2442) to work on /home/airflow/.local/lib/python3.12/site-packages/airflow/example_dags/example_python_operator.py
[2025-04-30T00:49:42.443+0000] {processor.py:914} INFO - Processing file /home/airflow/.local/lib/python3.12/site-packages/airflow/example_dags/example_python_operator.py for tasks to queue
[2025-04-30T00:49:42.445+0000] {logging_mixin.py:190} INFO - [2025-04-30T00:49:42.445+0000] {dagbag.py:587} INFO - Filling up the DagBag from /home/airflow/.local/lib/python3.12/site-packages/airflow/example_dags/example_python_operator.py
[2025-04-30T00:49:42.459+0000] {processor.py:925} INFO - DAG(s) 'example_python_operator' retrieved from /home/airflow/.local/lib/python3.12/site-packages/airflow/example_dags/example_python_operator.py
[2025-04-30T00:49:42.487+0000] {logging_mixin.py:190} INFO - [2025-04-30T00:49:42.486+0000] {dag.py:3211} INFO - Sync 1 DAGs
[2025-04-30T00:49:42.505+0000] {logging_mixin.py:190} INFO - [2025-04-30T00:49:42.505+0000] {dag.py:4138} INFO - Setting next_dagrun for example_python_operator to None, run_after=None
[2025-04-30T00:49:42.530+0000] {processor.py:208} INFO - Processing /home/airflow/.local/lib/python3.12/site-packages/airflow/example_dags/example_python_operator.py took 0.095 seconds
[2025-04-30T00:50:12.786+0000] {processor.py:186} INFO - Started process (PID=2506) to work on /home/airflow/.local/lib/python3.12/site-packages/airflow/example_dags/example_python_operator.py
[2025-04-30T00:50:12.788+0000] {processor.py:914} INFO - Processing file /home/airflow/.local/lib/python3.12/site-packages/airflow/example_dags/example_python_operator.py for tasks to queue
[2025-04-30T00:50:12.790+0000] {logging_mixin.py:190} INFO - [2025-04-30T00:50:12.790+0000] {dagbag.py:587} INFO - Filling up the DagBag from /home/airflow/.local/lib/python3.12/site-packages/airflow/example_dags/example_python_operator.py
[2025-04-30T00:50:12.813+0000] {processor.py:925} INFO - DAG(s) 'example_python_operator' retrieved from /home/airflow/.local/lib/python3.12/site-packages/airflow/example_dags/example_python_operator.py
[2025-04-30T00:50:12.838+0000] {logging_mixin.py:190} INFO - [2025-04-30T00:50:12.838+0000] {dag.py:3211} INFO - Sync 1 DAGs
[2025-04-30T00:50:12.854+0000] {logging_mixin.py:190} INFO - [2025-04-30T00:50:12.854+0000] {dag.py:4138} INFO - Setting next_dagrun for example_python_operator to None, run_after=None
[2025-04-30T00:50:12.876+0000] {processor.py:208} INFO - Processing /home/airflow/.local/lib/python3.12/site-packages/airflow/example_dags/example_python_operator.py took 0.103 seconds
[2025-04-30T00:50:43.748+0000] {processor.py:186} INFO - Started process (PID=2569) to work on /home/airflow/.local/lib/python3.12/site-packages/airflow/example_dags/example_python_operator.py
[2025-04-30T00:50:43.750+0000] {processor.py:914} INFO - Processing file /home/airflow/.local/lib/python3.12/site-packages/airflow/example_dags/example_python_operator.py for tasks to queue
[2025-04-30T00:50:43.751+0000] {logging_mixin.py:190} INFO - [2025-04-30T00:50:43.751+0000] {dagbag.py:587} INFO - Filling up the DagBag from /home/airflow/.local/lib/python3.12/site-packages/airflow/example_dags/example_python_operator.py
[2025-04-30T00:50:43.766+0000] {processor.py:925} INFO - DAG(s) 'example_python_operator' retrieved from /home/airflow/.local/lib/python3.12/site-packages/airflow/example_dags/example_python_operator.py
[2025-04-30T00:50:43.794+0000] {logging_mixin.py:190} INFO - [2025-04-30T00:50:43.793+0000] {dag.py:3211} INFO - Sync 1 DAGs
[2025-04-30T00:50:43.811+0000] {logging_mixin.py:190} INFO - [2025-04-30T00:50:43.811+0000] {dag.py:4138} INFO - Setting next_dagrun for example_python_operator to None, run_after=None
[2025-04-30T00:50:43.834+0000] {processor.py:208} INFO - Processing /home/airflow/.local/lib/python3.12/site-packages/airflow/example_dags/example_python_operator.py took 0.093 seconds
[2025-04-30T00:51:14.234+0000] {processor.py:186} INFO - Started process (PID=2632) to work on /home/airflow/.local/lib/python3.12/site-packages/airflow/example_dags/example_python_operator.py
[2025-04-30T00:51:14.236+0000] {processor.py:914} INFO - Processing file /home/airflow/.local/lib/python3.12/site-packages/airflow/example_dags/example_python_operator.py for tasks to queue
[2025-04-30T00:51:14.238+0000] {logging_mixin.py:190} INFO - [2025-04-30T00:51:14.237+0000] {dagbag.py:587} INFO - Filling up the DagBag from /home/airflow/.local/lib/python3.12/site-packages/airflow/example_dags/example_python_operator.py
[2025-04-30T00:51:14.252+0000] {processor.py:925} INFO - DAG(s) 'example_python_operator' retrieved from /home/airflow/.local/lib/python3.12/site-packages/airflow/example_dags/example_python_operator.py
[2025-04-30T00:51:14.280+0000] {logging_mixin.py:190} INFO - [2025-04-30T00:51:14.280+0000] {dag.py:3211} INFO - Sync 1 DAGs
[2025-04-30T00:51:14.296+0000] {logging_mixin.py:190} INFO - [2025-04-30T00:51:14.295+0000] {dag.py:4138} INFO - Setting next_dagrun for example_python_operator to None, run_after=None
[2025-04-30T00:51:14.317+0000] {processor.py:208} INFO - Processing /home/airflow/.local/lib/python3.12/site-packages/airflow/example_dags/example_python_operator.py took 0.089 seconds
[2025-04-30T00:51:44.840+0000] {processor.py:186} INFO - Started process (PID=2695) to work on /home/airflow/.local/lib/python3.12/site-packages/airflow/example_dags/example_python_operator.py
[2025-04-30T00:51:44.841+0000] {processor.py:914} INFO - Processing file /home/airflow/.local/lib/python3.12/site-packages/airflow/example_dags/example_python_operator.py for tasks to queue
[2025-04-30T00:51:44.843+0000] {logging_mixin.py:190} INFO - [2025-04-30T00:51:44.842+0000] {dagbag.py:587} INFO - Filling up the DagBag from /home/airflow/.local/lib/python3.12/site-packages/airflow/example_dags/example_python_operator.py
[2025-04-30T00:51:44.859+0000] {processor.py:925} INFO - DAG(s) 'example_python_operator' retrieved from /home/airflow/.local/lib/python3.12/site-packages/airflow/example_dags/example_python_operator.py
[2025-04-30T00:51:44.884+0000] {logging_mixin.py:190} INFO - [2025-04-30T00:51:44.884+0000] {dag.py:3211} INFO - Sync 1 DAGs
[2025-04-30T00:51:44.900+0000] {logging_mixin.py:190} INFO - [2025-04-30T00:51:44.900+0000] {dag.py:4138} INFO - Setting next_dagrun for example_python_operator to None, run_after=None
[2025-04-30T00:51:44.922+0000] {processor.py:208} INFO - Processing /home/airflow/.local/lib/python3.12/site-packages/airflow/example_dags/example_python_operator.py took 0.091 seconds
[2025-04-30T00:59:31.785+0000] {processor.py:186} INFO - Started process (PID=2724) to work on /home/airflow/.local/lib/python3.12/site-packages/airflow/example_dags/example_python_operator.py
[2025-04-30T00:59:31.789+0000] {processor.py:914} INFO - Processing file /home/airflow/.local/lib/python3.12/site-packages/airflow/example_dags/example_python_operator.py for tasks to queue
[2025-04-30T00:59:31.791+0000] {logging_mixin.py:190} INFO - [2025-04-30T00:59:31.791+0000] {dagbag.py:587} INFO - Filling up the DagBag from /home/airflow/.local/lib/python3.12/site-packages/airflow/example_dags/example_python_operator.py
[2025-04-30T00:59:31.818+0000] {processor.py:925} INFO - DAG(s) 'example_python_operator' retrieved from /home/airflow/.local/lib/python3.12/site-packages/airflow/example_dags/example_python_operator.py
[2025-04-30T00:59:31.880+0000] {logging_mixin.py:190} INFO - [2025-04-30T00:59:31.880+0000] {dag.py:3211} INFO - Sync 1 DAGs
[2025-04-30T00:59:31.915+0000] {logging_mixin.py:190} INFO - [2025-04-30T00:59:31.914+0000] {dag.py:4138} INFO - Setting next_dagrun for example_python_operator to None, run_after=None
[2025-04-30T00:59:31.953+0000] {processor.py:208} INFO - Processing /home/airflow/.local/lib/python3.12/site-packages/airflow/example_dags/example_python_operator.py took 0.182 seconds
[2025-04-30T01:00:02.375+0000] {processor.py:186} INFO - Started process (PID=2787) to work on /home/airflow/.local/lib/python3.12/site-packages/airflow/example_dags/example_python_operator.py
[2025-04-30T01:00:02.377+0000] {processor.py:914} INFO - Processing file /home/airflow/.local/lib/python3.12/site-packages/airflow/example_dags/example_python_operator.py for tasks to queue
[2025-04-30T01:00:02.378+0000] {logging_mixin.py:190} INFO - [2025-04-30T01:00:02.378+0000] {dagbag.py:587} INFO - Filling up the DagBag from /home/airflow/.local/lib/python3.12/site-packages/airflow/example_dags/example_python_operator.py
[2025-04-30T01:00:02.392+0000] {processor.py:925} INFO - DAG(s) 'example_python_operator' retrieved from /home/airflow/.local/lib/python3.12/site-packages/airflow/example_dags/example_python_operator.py
[2025-04-30T01:00:02.418+0000] {logging_mixin.py:190} INFO - [2025-04-30T01:00:02.416+0000] {dag.py:3211} INFO - Sync 1 DAGs
[2025-04-30T01:00:02.436+0000] {logging_mixin.py:190} INFO - [2025-04-30T01:00:02.435+0000] {dag.py:4138} INFO - Setting next_dagrun for example_python_operator to None, run_after=None
[2025-04-30T01:00:02.457+0000] {processor.py:208} INFO - Processing /home/airflow/.local/lib/python3.12/site-packages/airflow/example_dags/example_python_operator.py took 0.088 seconds
[2025-04-30T01:00:33.243+0000] {processor.py:186} INFO - Started process (PID=2850) to work on /home/airflow/.local/lib/python3.12/site-packages/airflow/example_dags/example_python_operator.py
[2025-04-30T01:00:33.244+0000] {processor.py:914} INFO - Processing file /home/airflow/.local/lib/python3.12/site-packages/airflow/example_dags/example_python_operator.py for tasks to queue
[2025-04-30T01:00:33.246+0000] {logging_mixin.py:190} INFO - [2025-04-30T01:00:33.245+0000] {dagbag.py:587} INFO - Filling up the DagBag from /home/airflow/.local/lib/python3.12/site-packages/airflow/example_dags/example_python_operator.py
[2025-04-30T01:00:33.258+0000] {processor.py:925} INFO - DAG(s) 'example_python_operator' retrieved from /home/airflow/.local/lib/python3.12/site-packages/airflow/example_dags/example_python_operator.py
[2025-04-30T01:00:33.287+0000] {logging_mixin.py:190} INFO - [2025-04-30T01:00:33.287+0000] {dag.py:3211} INFO - Sync 1 DAGs
[2025-04-30T01:00:33.303+0000] {logging_mixin.py:190} INFO - [2025-04-30T01:00:33.303+0000] {dag.py:4138} INFO - Setting next_dagrun for example_python_operator to None, run_after=None
[2025-04-30T01:00:33.324+0000] {processor.py:208} INFO - Processing /home/airflow/.local/lib/python3.12/site-packages/airflow/example_dags/example_python_operator.py took 0.087 seconds
[2025-04-30T01:01:04.613+0000] {processor.py:186} INFO - Started process (PID=2920) to work on /home/airflow/.local/lib/python3.12/site-packages/airflow/example_dags/example_python_operator.py
[2025-04-30T01:01:04.615+0000] {processor.py:914} INFO - Processing file /home/airflow/.local/lib/python3.12/site-packages/airflow/example_dags/example_python_operator.py for tasks to queue
[2025-04-30T01:01:04.616+0000] {logging_mixin.py:190} INFO - [2025-04-30T01:01:04.616+0000] {dagbag.py:587} INFO - Filling up the DagBag from /home/airflow/.local/lib/python3.12/site-packages/airflow/example_dags/example_python_operator.py
[2025-04-30T01:01:04.632+0000] {processor.py:925} INFO - DAG(s) 'example_python_operator' retrieved from /home/airflow/.local/lib/python3.12/site-packages/airflow/example_dags/example_python_operator.py
[2025-04-30T01:01:04.661+0000] {logging_mixin.py:190} INFO - [2025-04-30T01:01:04.661+0000] {dag.py:3211} INFO - Sync 1 DAGs
[2025-04-30T01:01:04.682+0000] {logging_mixin.py:190} INFO - [2025-04-30T01:01:04.681+0000] {dag.py:4138} INFO - Setting next_dagrun for example_python_operator to None, run_after=None
[2025-04-30T01:01:04.708+0000] {processor.py:208} INFO - Processing /home/airflow/.local/lib/python3.12/site-packages/airflow/example_dags/example_python_operator.py took 0.104 seconds
[2025-04-30T01:01:35.431+0000] {processor.py:186} INFO - Started process (PID=2983) to work on /home/airflow/.local/lib/python3.12/site-packages/airflow/example_dags/example_python_operator.py
[2025-04-30T01:01:35.432+0000] {processor.py:914} INFO - Processing file /home/airflow/.local/lib/python3.12/site-packages/airflow/example_dags/example_python_operator.py for tasks to queue
[2025-04-30T01:01:35.434+0000] {logging_mixin.py:190} INFO - [2025-04-30T01:01:35.434+0000] {dagbag.py:587} INFO - Filling up the DagBag from /home/airflow/.local/lib/python3.12/site-packages/airflow/example_dags/example_python_operator.py
[2025-04-30T01:01:35.450+0000] {processor.py:925} INFO - DAG(s) 'example_python_operator' retrieved from /home/airflow/.local/lib/python3.12/site-packages/airflow/example_dags/example_python_operator.py
[2025-04-30T01:01:35.478+0000] {logging_mixin.py:190} INFO - [2025-04-30T01:01:35.478+0000] {dag.py:3211} INFO - Sync 1 DAGs
[2025-04-30T01:01:35.496+0000] {logging_mixin.py:190} INFO - [2025-04-30T01:01:35.496+0000] {dag.py:4138} INFO - Setting next_dagrun for example_python_operator to None, run_after=None
[2025-04-30T01:01:35.517+0000] {processor.py:208} INFO - Processing /home/airflow/.local/lib/python3.12/site-packages/airflow/example_dags/example_python_operator.py took 0.092 seconds
[2025-04-30T01:02:06.279+0000] {processor.py:186} INFO - Started process (PID=3043) to work on /home/airflow/.local/lib/python3.12/site-packages/airflow/example_dags/example_python_operator.py
[2025-04-30T01:02:06.280+0000] {processor.py:914} INFO - Processing file /home/airflow/.local/lib/python3.12/site-packages/airflow/example_dags/example_python_operator.py for tasks to queue
[2025-04-30T01:02:06.282+0000] {logging_mixin.py:190} INFO - [2025-04-30T01:02:06.281+0000] {dagbag.py:587} INFO - Filling up the DagBag from /home/airflow/.local/lib/python3.12/site-packages/airflow/example_dags/example_python_operator.py
[2025-04-30T01:02:06.298+0000] {processor.py:925} INFO - DAG(s) 'example_python_operator' retrieved from /home/airflow/.local/lib/python3.12/site-packages/airflow/example_dags/example_python_operator.py
[2025-04-30T01:02:06.330+0000] {logging_mixin.py:190} INFO - [2025-04-30T01:02:06.329+0000] {dag.py:3211} INFO - Sync 1 DAGs
[2025-04-30T01:02:06.349+0000] {logging_mixin.py:190} INFO - [2025-04-30T01:02:06.349+0000] {dag.py:4138} INFO - Setting next_dagrun for example_python_operator to None, run_after=None
[2025-04-30T01:02:06.374+0000] {processor.py:208} INFO - Processing /home/airflow/.local/lib/python3.12/site-packages/airflow/example_dags/example_python_operator.py took 0.101 seconds
[2025-04-30T01:02:36.770+0000] {processor.py:186} INFO - Started process (PID=3106) to work on /home/airflow/.local/lib/python3.12/site-packages/airflow/example_dags/example_python_operator.py
[2025-04-30T01:02:36.772+0000] {processor.py:914} INFO - Processing file /home/airflow/.local/lib/python3.12/site-packages/airflow/example_dags/example_python_operator.py for tasks to queue
[2025-04-30T01:02:36.773+0000] {logging_mixin.py:190} INFO - [2025-04-30T01:02:36.773+0000] {dagbag.py:587} INFO - Filling up the DagBag from /home/airflow/.local/lib/python3.12/site-packages/airflow/example_dags/example_python_operator.py
[2025-04-30T01:02:36.792+0000] {processor.py:925} INFO - DAG(s) 'example_python_operator' retrieved from /home/airflow/.local/lib/python3.12/site-packages/airflow/example_dags/example_python_operator.py
[2025-04-30T01:02:36.833+0000] {logging_mixin.py:190} INFO - [2025-04-30T01:02:36.832+0000] {dag.py:3211} INFO - Sync 1 DAGs
[2025-04-30T01:02:36.857+0000] {logging_mixin.py:190} INFO - [2025-04-30T01:02:36.856+0000] {dag.py:4138} INFO - Setting next_dagrun for example_python_operator to None, run_after=None
[2025-04-30T01:02:36.886+0000] {processor.py:208} INFO - Processing /home/airflow/.local/lib/python3.12/site-packages/airflow/example_dags/example_python_operator.py took 0.124 seconds
[2025-04-30T01:03:07.450+0000] {processor.py:186} INFO - Started process (PID=3169) to work on /home/airflow/.local/lib/python3.12/site-packages/airflow/example_dags/example_python_operator.py
[2025-04-30T01:03:07.452+0000] {processor.py:914} INFO - Processing file /home/airflow/.local/lib/python3.12/site-packages/airflow/example_dags/example_python_operator.py for tasks to queue
[2025-04-30T01:03:07.454+0000] {logging_mixin.py:190} INFO - [2025-04-30T01:03:07.453+0000] {dagbag.py:587} INFO - Filling up the DagBag from /home/airflow/.local/lib/python3.12/site-packages/airflow/example_dags/example_python_operator.py
[2025-04-30T01:03:07.466+0000] {processor.py:925} INFO - DAG(s) 'example_python_operator' retrieved from /home/airflow/.local/lib/python3.12/site-packages/airflow/example_dags/example_python_operator.py
[2025-04-30T01:03:07.492+0000] {logging_mixin.py:190} INFO - [2025-04-30T01:03:07.492+0000] {dag.py:3211} INFO - Sync 1 DAGs
[2025-04-30T01:03:07.708+0000] {logging_mixin.py:190} INFO - [2025-04-30T01:03:07.708+0000] {dag.py:4138} INFO - Setting next_dagrun for example_python_operator to None, run_after=None
[2025-04-30T01:03:07.736+0000] {processor.py:208} INFO - Processing /home/airflow/.local/lib/python3.12/site-packages/airflow/example_dags/example_python_operator.py took 0.292 seconds
[2025-04-30T01:03:38.392+0000] {processor.py:186} INFO - Started process (PID=3232) to work on /home/airflow/.local/lib/python3.12/site-packages/airflow/example_dags/example_python_operator.py
[2025-04-30T01:03:38.395+0000] {processor.py:914} INFO - Processing file /home/airflow/.local/lib/python3.12/site-packages/airflow/example_dags/example_python_operator.py for tasks to queue
[2025-04-30T01:03:38.397+0000] {logging_mixin.py:190} INFO - [2025-04-30T01:03:38.396+0000] {dagbag.py:587} INFO - Filling up the DagBag from /home/airflow/.local/lib/python3.12/site-packages/airflow/example_dags/example_python_operator.py
[2025-04-30T01:03:38.420+0000] {processor.py:925} INFO - DAG(s) 'example_python_operator' retrieved from /home/airflow/.local/lib/python3.12/site-packages/airflow/example_dags/example_python_operator.py
[2025-04-30T01:03:38.459+0000] {logging_mixin.py:190} INFO - [2025-04-30T01:03:38.458+0000] {dag.py:3211} INFO - Sync 1 DAGs
[2025-04-30T01:03:38.718+0000] {logging_mixin.py:190} INFO - [2025-04-30T01:03:38.718+0000] {dag.py:4138} INFO - Setting next_dagrun for example_python_operator to None, run_after=None
[2025-04-30T01:03:38.749+0000] {processor.py:208} INFO - Processing /home/airflow/.local/lib/python3.12/site-packages/airflow/example_dags/example_python_operator.py took 0.370 seconds
[2025-04-30T01:04:09.137+0000] {processor.py:186} INFO - Started process (PID=3295) to work on /home/airflow/.local/lib/python3.12/site-packages/airflow/example_dags/example_python_operator.py
[2025-04-30T01:04:09.138+0000] {processor.py:914} INFO - Processing file /home/airflow/.local/lib/python3.12/site-packages/airflow/example_dags/example_python_operator.py for tasks to queue
[2025-04-30T01:04:09.140+0000] {logging_mixin.py:190} INFO - [2025-04-30T01:04:09.139+0000] {dagbag.py:587} INFO - Filling up the DagBag from /home/airflow/.local/lib/python3.12/site-packages/airflow/example_dags/example_python_operator.py
[2025-04-30T01:04:09.158+0000] {processor.py:925} INFO - DAG(s) 'example_python_operator' retrieved from /home/airflow/.local/lib/python3.12/site-packages/airflow/example_dags/example_python_operator.py
[2025-04-30T01:04:09.193+0000] {logging_mixin.py:190} INFO - [2025-04-30T01:04:09.193+0000] {dag.py:3211} INFO - Sync 1 DAGs
[2025-04-30T01:04:09.445+0000] {logging_mixin.py:190} INFO - [2025-04-30T01:04:09.445+0000] {dag.py:4138} INFO - Setting next_dagrun for example_python_operator to None, run_after=None
[2025-04-30T01:04:09.473+0000] {processor.py:208} INFO - Processing /home/airflow/.local/lib/python3.12/site-packages/airflow/example_dags/example_python_operator.py took 0.343 seconds
[2025-04-30T01:04:39.885+0000] {processor.py:186} INFO - Started process (PID=3357) to work on /home/airflow/.local/lib/python3.12/site-packages/airflow/example_dags/example_python_operator.py
[2025-04-30T01:04:39.887+0000] {processor.py:914} INFO - Processing file /home/airflow/.local/lib/python3.12/site-packages/airflow/example_dags/example_python_operator.py for tasks to queue
[2025-04-30T01:04:39.889+0000] {logging_mixin.py:190} INFO - [2025-04-30T01:04:39.888+0000] {dagbag.py:587} INFO - Filling up the DagBag from /home/airflow/.local/lib/python3.12/site-packages/airflow/example_dags/example_python_operator.py
[2025-04-30T01:04:39.904+0000] {processor.py:925} INFO - DAG(s) 'example_python_operator' retrieved from /home/airflow/.local/lib/python3.12/site-packages/airflow/example_dags/example_python_operator.py
[2025-04-30T01:04:39.934+0000] {logging_mixin.py:190} INFO - [2025-04-30T01:04:39.934+0000] {dag.py:3211} INFO - Sync 1 DAGs
[2025-04-30T01:04:39.958+0000] {logging_mixin.py:190} INFO - [2025-04-30T01:04:39.957+0000] {dag.py:4138} INFO - Setting next_dagrun for example_python_operator to None, run_after=None
[2025-04-30T01:04:39.980+0000] {processor.py:208} INFO - Processing /home/airflow/.local/lib/python3.12/site-packages/airflow/example_dags/example_python_operator.py took 0.103 seconds
[2025-04-30T01:05:10.940+0000] {processor.py:186} INFO - Started process (PID=3421) to work on /home/airflow/.local/lib/python3.12/site-packages/airflow/example_dags/example_python_operator.py
[2025-04-30T01:05:10.941+0000] {processor.py:914} INFO - Processing file /home/airflow/.local/lib/python3.12/site-packages/airflow/example_dags/example_python_operator.py for tasks to queue
[2025-04-30T01:05:10.942+0000] {logging_mixin.py:190} INFO - [2025-04-30T01:05:10.942+0000] {dagbag.py:587} INFO - Filling up the DagBag from /home/airflow/.local/lib/python3.12/site-packages/airflow/example_dags/example_python_operator.py
[2025-04-30T01:05:10.957+0000] {processor.py:925} INFO - DAG(s) 'example_python_operator' retrieved from /home/airflow/.local/lib/python3.12/site-packages/airflow/example_dags/example_python_operator.py
[2025-04-30T01:05:10.984+0000] {logging_mixin.py:190} INFO - [2025-04-30T01:05:10.984+0000] {dag.py:3211} INFO - Sync 1 DAGs
[2025-04-30T01:05:11.000+0000] {logging_mixin.py:190} INFO - [2025-04-30T01:05:11.000+0000] {dag.py:4138} INFO - Setting next_dagrun for example_python_operator to None, run_after=None
[2025-04-30T01:05:11.020+0000] {processor.py:208} INFO - Processing /home/airflow/.local/lib/python3.12/site-packages/airflow/example_dags/example_python_operator.py took 0.086 seconds
[2025-04-30T01:05:41.468+0000] {processor.py:186} INFO - Started process (PID=3484) to work on /home/airflow/.local/lib/python3.12/site-packages/airflow/example_dags/example_python_operator.py
[2025-04-30T01:05:41.470+0000] {processor.py:914} INFO - Processing file /home/airflow/.local/lib/python3.12/site-packages/airflow/example_dags/example_python_operator.py for tasks to queue
[2025-04-30T01:05:41.471+0000] {logging_mixin.py:190} INFO - [2025-04-30T01:05:41.471+0000] {dagbag.py:587} INFO - Filling up the DagBag from /home/airflow/.local/lib/python3.12/site-packages/airflow/example_dags/example_python_operator.py
[2025-04-30T01:05:41.484+0000] {processor.py:925} INFO - DAG(s) 'example_python_operator' retrieved from /home/airflow/.local/lib/python3.12/site-packages/airflow/example_dags/example_python_operator.py
[2025-04-30T01:05:41.510+0000] {logging_mixin.py:190} INFO - [2025-04-30T01:05:41.510+0000] {dag.py:3211} INFO - Sync 1 DAGs
[2025-04-30T01:05:41.525+0000] {logging_mixin.py:190} INFO - [2025-04-30T01:05:41.525+0000] {dag.py:4138} INFO - Setting next_dagrun for example_python_operator to None, run_after=None
[2025-04-30T01:05:41.546+0000] {processor.py:208} INFO - Processing /home/airflow/.local/lib/python3.12/site-packages/airflow/example_dags/example_python_operator.py took 0.083 seconds
[2025-04-30T01:06:12.378+0000] {processor.py:186} INFO - Started process (PID=3547) to work on /home/airflow/.local/lib/python3.12/site-packages/airflow/example_dags/example_python_operator.py
[2025-04-30T01:06:12.379+0000] {processor.py:914} INFO - Processing file /home/airflow/.local/lib/python3.12/site-packages/airflow/example_dags/example_python_operator.py for tasks to queue
[2025-04-30T01:06:12.381+0000] {logging_mixin.py:190} INFO - [2025-04-30T01:06:12.381+0000] {dagbag.py:587} INFO - Filling up the DagBag from /home/airflow/.local/lib/python3.12/site-packages/airflow/example_dags/example_python_operator.py
[2025-04-30T01:06:12.397+0000] {processor.py:925} INFO - DAG(s) 'example_python_operator' retrieved from /home/airflow/.local/lib/python3.12/site-packages/airflow/example_dags/example_python_operator.py
[2025-04-30T01:06:12.426+0000] {logging_mixin.py:190} INFO - [2025-04-30T01:06:12.425+0000] {dag.py:3211} INFO - Sync 1 DAGs
[2025-04-30T01:06:12.442+0000] {logging_mixin.py:190} INFO - [2025-04-30T01:06:12.441+0000] {dag.py:4138} INFO - Setting next_dagrun for example_python_operator to None, run_after=None
[2025-04-30T01:06:12.464+0000] {processor.py:208} INFO - Processing /home/airflow/.local/lib/python3.12/site-packages/airflow/example_dags/example_python_operator.py took 0.094 seconds
[2025-04-30T01:06:42.839+0000] {processor.py:186} INFO - Started process (PID=3610) to work on /home/airflow/.local/lib/python3.12/site-packages/airflow/example_dags/example_python_operator.py
[2025-04-30T01:06:42.840+0000] {processor.py:914} INFO - Processing file /home/airflow/.local/lib/python3.12/site-packages/airflow/example_dags/example_python_operator.py for tasks to queue
[2025-04-30T01:06:42.842+0000] {logging_mixin.py:190} INFO - [2025-04-30T01:06:42.841+0000] {dagbag.py:587} INFO - Filling up the DagBag from /home/airflow/.local/lib/python3.12/site-packages/airflow/example_dags/example_python_operator.py
[2025-04-30T01:06:42.856+0000] {processor.py:925} INFO - DAG(s) 'example_python_operator' retrieved from /home/airflow/.local/lib/python3.12/site-packages/airflow/example_dags/example_python_operator.py
[2025-04-30T01:06:42.882+0000] {logging_mixin.py:190} INFO - [2025-04-30T01:06:42.882+0000] {dag.py:3211} INFO - Sync 1 DAGs
[2025-04-30T01:06:42.898+0000] {logging_mixin.py:190} INFO - [2025-04-30T01:06:42.898+0000] {dag.py:4138} INFO - Setting next_dagrun for example_python_operator to None, run_after=None
[2025-04-30T01:06:42.922+0000] {processor.py:208} INFO - Processing /home/airflow/.local/lib/python3.12/site-packages/airflow/example_dags/example_python_operator.py took 0.090 seconds
[2025-04-30T01:07:13.787+0000] {processor.py:186} INFO - Started process (PID=3673) to work on /home/airflow/.local/lib/python3.12/site-packages/airflow/example_dags/example_python_operator.py
[2025-04-30T01:07:13.788+0000] {processor.py:914} INFO - Processing file /home/airflow/.local/lib/python3.12/site-packages/airflow/example_dags/example_python_operator.py for tasks to queue
[2025-04-30T01:07:13.789+0000] {logging_mixin.py:190} INFO - [2025-04-30T01:07:13.789+0000] {dagbag.py:587} INFO - Filling up the DagBag from /home/airflow/.local/lib/python3.12/site-packages/airflow/example_dags/example_python_operator.py
[2025-04-30T01:07:13.803+0000] {processor.py:925} INFO - DAG(s) 'example_python_operator' retrieved from /home/airflow/.local/lib/python3.12/site-packages/airflow/example_dags/example_python_operator.py
[2025-04-30T01:07:13.828+0000] {logging_mixin.py:190} INFO - [2025-04-30T01:07:13.828+0000] {dag.py:3211} INFO - Sync 1 DAGs
[2025-04-30T01:07:13.843+0000] {logging_mixin.py:190} INFO - [2025-04-30T01:07:13.843+0000] {dag.py:4138} INFO - Setting next_dagrun for example_python_operator to None, run_after=None
[2025-04-30T01:07:13.863+0000] {processor.py:208} INFO - Processing /home/airflow/.local/lib/python3.12/site-packages/airflow/example_dags/example_python_operator.py took 0.083 seconds
[2025-04-30T01:07:44.192+0000] {processor.py:186} INFO - Started process (PID=3736) to work on /home/airflow/.local/lib/python3.12/site-packages/airflow/example_dags/example_python_operator.py
[2025-04-30T01:07:44.193+0000] {processor.py:914} INFO - Processing file /home/airflow/.local/lib/python3.12/site-packages/airflow/example_dags/example_python_operator.py for tasks to queue
[2025-04-30T01:07:44.195+0000] {logging_mixin.py:190} INFO - [2025-04-30T01:07:44.194+0000] {dagbag.py:587} INFO - Filling up the DagBag from /home/airflow/.local/lib/python3.12/site-packages/airflow/example_dags/example_python_operator.py
[2025-04-30T01:07:44.211+0000] {processor.py:925} INFO - DAG(s) 'example_python_operator' retrieved from /home/airflow/.local/lib/python3.12/site-packages/airflow/example_dags/example_python_operator.py
[2025-04-30T01:07:44.241+0000] {logging_mixin.py:190} INFO - [2025-04-30T01:07:44.240+0000] {dag.py:3211} INFO - Sync 1 DAGs
[2025-04-30T01:07:44.258+0000] {logging_mixin.py:190} INFO - [2025-04-30T01:07:44.258+0000] {dag.py:4138} INFO - Setting next_dagrun for example_python_operator to None, run_after=None
[2025-04-30T01:07:44.283+0000] {processor.py:208} INFO - Processing /home/airflow/.local/lib/python3.12/site-packages/airflow/example_dags/example_python_operator.py took 0.100 seconds
[2025-04-30T01:08:14.924+0000] {processor.py:186} INFO - Started process (PID=3799) to work on /home/airflow/.local/lib/python3.12/site-packages/airflow/example_dags/example_python_operator.py
[2025-04-30T01:08:14.926+0000] {processor.py:914} INFO - Processing file /home/airflow/.local/lib/python3.12/site-packages/airflow/example_dags/example_python_operator.py for tasks to queue
[2025-04-30T01:08:14.927+0000] {logging_mixin.py:190} INFO - [2025-04-30T01:08:14.927+0000] {dagbag.py:587} INFO - Filling up the DagBag from /home/airflow/.local/lib/python3.12/site-packages/airflow/example_dags/example_python_operator.py
[2025-04-30T01:08:14.946+0000] {processor.py:925} INFO - DAG(s) 'example_python_operator' retrieved from /home/airflow/.local/lib/python3.12/site-packages/airflow/example_dags/example_python_operator.py
[2025-04-30T01:08:14.979+0000] {logging_mixin.py:190} INFO - [2025-04-30T01:08:14.979+0000] {dag.py:3211} INFO - Sync 1 DAGs
[2025-04-30T01:08:14.998+0000] {logging_mixin.py:190} INFO - [2025-04-30T01:08:14.998+0000] {dag.py:4138} INFO - Setting next_dagrun for example_python_operator to None, run_after=None
[2025-04-30T01:08:15.025+0000] {processor.py:208} INFO - Processing /home/airflow/.local/lib/python3.12/site-packages/airflow/example_dags/example_python_operator.py took 0.110 seconds
[2025-04-30T01:08:45.814+0000] {processor.py:186} INFO - Started process (PID=3861) to work on /home/airflow/.local/lib/python3.12/site-packages/airflow/example_dags/example_python_operator.py
[2025-04-30T01:08:45.816+0000] {processor.py:914} INFO - Processing file /home/airflow/.local/lib/python3.12/site-packages/airflow/example_dags/example_python_operator.py for tasks to queue
[2025-04-30T01:08:45.817+0000] {logging_mixin.py:190} INFO - [2025-04-30T01:08:45.817+0000] {dagbag.py:587} INFO - Filling up the DagBag from /home/airflow/.local/lib/python3.12/site-packages/airflow/example_dags/example_python_operator.py
[2025-04-30T01:08:45.830+0000] {processor.py:925} INFO - DAG(s) 'example_python_operator' retrieved from /home/airflow/.local/lib/python3.12/site-packages/airflow/example_dags/example_python_operator.py
[2025-04-30T01:08:45.857+0000] {logging_mixin.py:190} INFO - [2025-04-30T01:08:45.857+0000] {dag.py:3211} INFO - Sync 1 DAGs
[2025-04-30T01:08:45.872+0000] {logging_mixin.py:190} INFO - [2025-04-30T01:08:45.872+0000] {dag.py:4138} INFO - Setting next_dagrun for example_python_operator to None, run_after=None
[2025-04-30T01:08:45.896+0000] {processor.py:208} INFO - Processing /home/airflow/.local/lib/python3.12/site-packages/airflow/example_dags/example_python_operator.py took 0.088 seconds
[2025-04-30T01:09:17.122+0000] {processor.py:186} INFO - Started process (PID=3923) to work on /home/airflow/.local/lib/python3.12/site-packages/airflow/example_dags/example_python_operator.py
[2025-04-30T01:09:17.124+0000] {processor.py:914} INFO - Processing file /home/airflow/.local/lib/python3.12/site-packages/airflow/example_dags/example_python_operator.py for tasks to queue
[2025-04-30T01:09:17.126+0000] {logging_mixin.py:190} INFO - [2025-04-30T01:09:17.125+0000] {dagbag.py:587} INFO - Filling up the DagBag from /home/airflow/.local/lib/python3.12/site-packages/airflow/example_dags/example_python_operator.py
[2025-04-30T01:09:17.143+0000] {processor.py:925} INFO - DAG(s) 'example_python_operator' retrieved from /home/airflow/.local/lib/python3.12/site-packages/airflow/example_dags/example_python_operator.py
[2025-04-30T01:09:17.172+0000] {logging_mixin.py:190} INFO - [2025-04-30T01:09:17.171+0000] {dag.py:3211} INFO - Sync 1 DAGs
[2025-04-30T01:09:17.194+0000] {logging_mixin.py:190} INFO - [2025-04-30T01:09:17.194+0000] {dag.py:4138} INFO - Setting next_dagrun for example_python_operator to None, run_after=None
[2025-04-30T01:09:17.219+0000] {processor.py:208} INFO - Processing /home/airflow/.local/lib/python3.12/site-packages/airflow/example_dags/example_python_operator.py took 0.105 seconds
[2025-04-30T01:09:47.507+0000] {processor.py:186} INFO - Started process (PID=3985) to work on /home/airflow/.local/lib/python3.12/site-packages/airflow/example_dags/example_python_operator.py
[2025-04-30T01:09:47.509+0000] {processor.py:914} INFO - Processing file /home/airflow/.local/lib/python3.12/site-packages/airflow/example_dags/example_python_operator.py for tasks to queue
[2025-04-30T01:09:47.510+0000] {logging_mixin.py:190} INFO - [2025-04-30T01:09:47.510+0000] {dagbag.py:587} INFO - Filling up the DagBag from /home/airflow/.local/lib/python3.12/site-packages/airflow/example_dags/example_python_operator.py
[2025-04-30T01:09:47.524+0000] {processor.py:925} INFO - DAG(s) 'example_python_operator' retrieved from /home/airflow/.local/lib/python3.12/site-packages/airflow/example_dags/example_python_operator.py
[2025-04-30T01:09:47.550+0000] {logging_mixin.py:190} INFO - [2025-04-30T01:09:47.550+0000] {dag.py:3211} INFO - Sync 1 DAGs
[2025-04-30T01:09:47.565+0000] {logging_mixin.py:190} INFO - [2025-04-30T01:09:47.565+0000] {dag.py:4138} INFO - Setting next_dagrun for example_python_operator to None, run_after=None
[2025-04-30T01:09:47.585+0000] {processor.py:208} INFO - Processing /home/airflow/.local/lib/python3.12/site-packages/airflow/example_dags/example_python_operator.py took 0.084 seconds
[2025-04-30T01:10:18.304+0000] {processor.py:186} INFO - Started process (PID=4053) to work on /home/airflow/.local/lib/python3.12/site-packages/airflow/example_dags/example_python_operator.py
[2025-04-30T01:10:18.306+0000] {processor.py:914} INFO - Processing file /home/airflow/.local/lib/python3.12/site-packages/airflow/example_dags/example_python_operator.py for tasks to queue
[2025-04-30T01:10:18.308+0000] {logging_mixin.py:190} INFO - [2025-04-30T01:10:18.307+0000] {dagbag.py:587} INFO - Filling up the DagBag from /home/airflow/.local/lib/python3.12/site-packages/airflow/example_dags/example_python_operator.py
[2025-04-30T01:10:18.321+0000] {processor.py:925} INFO - DAG(s) 'example_python_operator' retrieved from /home/airflow/.local/lib/python3.12/site-packages/airflow/example_dags/example_python_operator.py
[2025-04-30T01:10:18.346+0000] {logging_mixin.py:190} INFO - [2025-04-30T01:10:18.346+0000] {dag.py:3211} INFO - Sync 1 DAGs
[2025-04-30T01:10:18.363+0000] {logging_mixin.py:190} INFO - [2025-04-30T01:10:18.363+0000] {dag.py:4138} INFO - Setting next_dagrun for example_python_operator to None, run_after=None
[2025-04-30T01:10:18.386+0000] {processor.py:208} INFO - Processing /home/airflow/.local/lib/python3.12/site-packages/airflow/example_dags/example_python_operator.py took 0.091 seconds
[2025-04-30T01:10:49.137+0000] {processor.py:186} INFO - Started process (PID=4115) to work on /home/airflow/.local/lib/python3.12/site-packages/airflow/example_dags/example_python_operator.py
[2025-04-30T01:10:49.138+0000] {processor.py:914} INFO - Processing file /home/airflow/.local/lib/python3.12/site-packages/airflow/example_dags/example_python_operator.py for tasks to queue
[2025-04-30T01:10:49.140+0000] {logging_mixin.py:190} INFO - [2025-04-30T01:10:49.140+0000] {dagbag.py:587} INFO - Filling up the DagBag from /home/airflow/.local/lib/python3.12/site-packages/airflow/example_dags/example_python_operator.py
[2025-04-30T01:10:49.154+0000] {processor.py:925} INFO - DAG(s) 'example_python_operator' retrieved from /home/airflow/.local/lib/python3.12/site-packages/airflow/example_dags/example_python_operator.py
[2025-04-30T01:10:49.180+0000] {logging_mixin.py:190} INFO - [2025-04-30T01:10:49.180+0000] {dag.py:3211} INFO - Sync 1 DAGs
[2025-04-30T01:10:49.197+0000] {logging_mixin.py:190} INFO - [2025-04-30T01:10:49.197+0000] {dag.py:4138} INFO - Setting next_dagrun for example_python_operator to None, run_after=None
[2025-04-30T01:10:49.218+0000] {processor.py:208} INFO - Processing /home/airflow/.local/lib/python3.12/site-packages/airflow/example_dags/example_python_operator.py took 0.088 seconds
[2025-04-30T01:11:20.050+0000] {processor.py:186} INFO - Started process (PID=4177) to work on /home/airflow/.local/lib/python3.12/site-packages/airflow/example_dags/example_python_operator.py
[2025-04-30T01:11:20.051+0000] {processor.py:914} INFO - Processing file /home/airflow/.local/lib/python3.12/site-packages/airflow/example_dags/example_python_operator.py for tasks to queue
[2025-04-30T01:11:20.052+0000] {logging_mixin.py:190} INFO - [2025-04-30T01:11:20.052+0000] {dagbag.py:587} INFO - Filling up the DagBag from /home/airflow/.local/lib/python3.12/site-packages/airflow/example_dags/example_python_operator.py
[2025-04-30T01:11:20.066+0000] {processor.py:925} INFO - DAG(s) 'example_python_operator' retrieved from /home/airflow/.local/lib/python3.12/site-packages/airflow/example_dags/example_python_operator.py
[2025-04-30T01:11:20.092+0000] {logging_mixin.py:190} INFO - [2025-04-30T01:11:20.092+0000] {dag.py:3211} INFO - Sync 1 DAGs
[2025-04-30T01:11:20.109+0000] {logging_mixin.py:190} INFO - [2025-04-30T01:11:20.109+0000] {dag.py:4138} INFO - Setting next_dagrun for example_python_operator to None, run_after=None
[2025-04-30T01:11:20.130+0000] {processor.py:208} INFO - Processing /home/airflow/.local/lib/python3.12/site-packages/airflow/example_dags/example_python_operator.py took 0.087 seconds
[2025-04-30T01:11:50.821+0000] {processor.py:186} INFO - Started process (PID=4239) to work on /home/airflow/.local/lib/python3.12/site-packages/airflow/example_dags/example_python_operator.py
[2025-04-30T01:11:50.823+0000] {processor.py:914} INFO - Processing file /home/airflow/.local/lib/python3.12/site-packages/airflow/example_dags/example_python_operator.py for tasks to queue
[2025-04-30T01:11:50.825+0000] {logging_mixin.py:190} INFO - [2025-04-30T01:11:50.824+0000] {dagbag.py:587} INFO - Filling up the DagBag from /home/airflow/.local/lib/python3.12/site-packages/airflow/example_dags/example_python_operator.py
[2025-04-30T01:11:50.848+0000] {processor.py:925} INFO - DAG(s) 'example_python_operator' retrieved from /home/airflow/.local/lib/python3.12/site-packages/airflow/example_dags/example_python_operator.py
[2025-04-30T01:11:50.888+0000] {logging_mixin.py:190} INFO - [2025-04-30T01:11:50.887+0000] {dag.py:3211} INFO - Sync 1 DAGs
[2025-04-30T01:11:50.912+0000] {logging_mixin.py:190} INFO - [2025-04-30T01:11:50.912+0000] {dag.py:4138} INFO - Setting next_dagrun for example_python_operator to None, run_after=None
[2025-04-30T01:11:50.945+0000] {processor.py:208} INFO - Processing /home/airflow/.local/lib/python3.12/site-packages/airflow/example_dags/example_python_operator.py took 0.136 seconds
