[2025-04-30T00:30:53.527+0000] {processor.py:186} INFO - Started process (PID=102) to work on /home/airflow/.local/lib/python3.12/site-packages/airflow/example_dags/tutorial.py
[2025-04-30T00:30:53.529+0000] {processor.py:914} INFO - Processing file /home/airflow/.local/lib/python3.12/site-packages/airflow/example_dags/tutorial.py for tasks to queue
[2025-04-30T00:30:53.534+0000] {logging_mixin.py:190} INFO - [2025-04-30T00:30:53.533+0000] {dagbag.py:587} INFO - Filling up the DagBag from /home/airflow/.local/lib/python3.12/site-packages/airflow/example_dags/tutorial.py
[2025-04-30T00:30:53.548+0000] {processor.py:925} INFO - DAG(s) 'tutorial' retrieved from /home/airflow/.local/lib/python3.12/site-packages/airflow/example_dags/tutorial.py
[2025-04-30T00:30:53.758+0000] {logging_mixin.py:190} INFO - [2025-04-30T00:30:53.757+0000] {override.py:1858} INFO - Created Permission View: can edit on DAG:tutorial
[2025-04-30T00:30:53.778+0000] {logging_mixin.py:190} INFO - [2025-04-30T00:30:53.777+0000] {override.py:1858} INFO - Created Permission View: can read on DAG:tutorial
[2025-04-30T00:30:53.791+0000] {logging_mixin.py:190} INFO - [2025-04-30T00:30:53.791+0000] {override.py:1858} INFO - Created Permission View: can delete on DAG:tutorial
[2025-04-30T00:30:53.794+0000] {logging_mixin.py:190} INFO - [2025-04-30T00:30:53.793+0000] {dag.py:3211} INFO - Sync 1 DAGs
[2025-04-30T00:30:53.823+0000] {logging_mixin.py:190} INFO - [2025-04-30T00:30:53.822+0000] {dag.py:3234} INFO - Creating ORM DAG for tutorial
[2025-04-30T00:30:53.370+0000] {logging_mixin.py:190} INFO - [2025-04-30T00:30:53.369+0000] {dag.py:4138} INFO - Setting next_dagrun for tutorial to 2025-04-29 00:00:00+00:00, run_after=2025-04-30 00:00:00+00:00
[2025-04-30T00:30:53.416+0000] {processor.py:208} INFO - Processing /home/airflow/.local/lib/python3.12/site-packages/airflow/example_dags/tutorial.py took 0.389 seconds
[2025-04-30T00:31:24.514+0000] {processor.py:186} INFO - Started process (PID=173) to work on /home/airflow/.local/lib/python3.12/site-packages/airflow/example_dags/tutorial.py
[2025-04-30T00:31:24.515+0000] {processor.py:914} INFO - Processing file /home/airflow/.local/lib/python3.12/site-packages/airflow/example_dags/tutorial.py for tasks to queue
[2025-04-30T00:31:24.521+0000] {logging_mixin.py:190} INFO - [2025-04-30T00:31:24.520+0000] {dagbag.py:587} INFO - Filling up the DagBag from /home/airflow/.local/lib/python3.12/site-packages/airflow/example_dags/tutorial.py
[2025-04-30T00:31:24.535+0000] {processor.py:925} INFO - DAG(s) 'tutorial' retrieved from /home/airflow/.local/lib/python3.12/site-packages/airflow/example_dags/tutorial.py
[2025-04-30T00:31:24.574+0000] {logging_mixin.py:190} INFO - [2025-04-30T00:31:24.573+0000] {dag.py:3211} INFO - Sync 1 DAGs
[2025-04-30T00:31:24.616+0000] {logging_mixin.py:190} INFO - [2025-04-30T00:31:24.616+0000] {dag.py:4138} INFO - Setting next_dagrun for tutorial to 2025-04-29 00:00:00+00:00, run_after=2025-04-30 00:00:00+00:00
[2025-04-30T00:31:24.651+0000] {processor.py:208} INFO - Processing /home/airflow/.local/lib/python3.12/site-packages/airflow/example_dags/tutorial.py took 0.149 seconds
[2025-04-30T00:31:55.036+0000] {processor.py:186} INFO - Started process (PID=236) to work on /home/airflow/.local/lib/python3.12/site-packages/airflow/example_dags/tutorial.py
[2025-04-30T00:31:55.038+0000] {processor.py:914} INFO - Processing file /home/airflow/.local/lib/python3.12/site-packages/airflow/example_dags/tutorial.py for tasks to queue
[2025-04-30T00:31:55.043+0000] {logging_mixin.py:190} INFO - [2025-04-30T00:31:55.042+0000] {dagbag.py:587} INFO - Filling up the DagBag from /home/airflow/.local/lib/python3.12/site-packages/airflow/example_dags/tutorial.py
[2025-04-30T00:31:55.058+0000] {processor.py:925} INFO - DAG(s) 'tutorial' retrieved from /home/airflow/.local/lib/python3.12/site-packages/airflow/example_dags/tutorial.py
[2025-04-30T00:31:55.101+0000] {logging_mixin.py:190} INFO - [2025-04-30T00:31:55.101+0000] {dag.py:3211} INFO - Sync 1 DAGs
[2025-04-30T00:31:55.154+0000] {logging_mixin.py:190} INFO - [2025-04-30T00:31:55.154+0000] {dag.py:4138} INFO - Setting next_dagrun for tutorial to 2025-04-29 00:00:00+00:00, run_after=2025-04-30 00:00:00+00:00
[2025-04-30T00:31:55.210+0000] {processor.py:208} INFO - Processing /home/airflow/.local/lib/python3.12/site-packages/airflow/example_dags/tutorial.py took 0.185 seconds
[2025-04-30T00:32:25.627+0000] {processor.py:186} INFO - Started process (PID=299) to work on /home/airflow/.local/lib/python3.12/site-packages/airflow/example_dags/tutorial.py
[2025-04-30T00:32:25.630+0000] {processor.py:914} INFO - Processing file /home/airflow/.local/lib/python3.12/site-packages/airflow/example_dags/tutorial.py for tasks to queue
[2025-04-30T00:32:25.636+0000] {logging_mixin.py:190} INFO - [2025-04-30T00:32:25.635+0000] {dagbag.py:587} INFO - Filling up the DagBag from /home/airflow/.local/lib/python3.12/site-packages/airflow/example_dags/tutorial.py
[2025-04-30T00:32:25.658+0000] {processor.py:925} INFO - DAG(s) 'tutorial' retrieved from /home/airflow/.local/lib/python3.12/site-packages/airflow/example_dags/tutorial.py
[2025-04-30T00:32:25.718+0000] {logging_mixin.py:190} INFO - [2025-04-30T00:32:25.717+0000] {dag.py:3211} INFO - Sync 1 DAGs
[2025-04-30T00:32:25.782+0000] {logging_mixin.py:190} INFO - [2025-04-30T00:32:25.782+0000] {dag.py:4138} INFO - Setting next_dagrun for tutorial to 2025-04-29 00:00:00+00:00, run_after=2025-04-30 00:00:00+00:00
[2025-04-30T00:32:25.820+0000] {processor.py:208} INFO - Processing /home/airflow/.local/lib/python3.12/site-packages/airflow/example_dags/tutorial.py took 0.209 seconds
[2025-04-30T00:32:56.536+0000] {processor.py:186} INFO - Started process (PID=362) to work on /home/airflow/.local/lib/python3.12/site-packages/airflow/example_dags/tutorial.py
[2025-04-30T00:32:56.538+0000] {processor.py:914} INFO - Processing file /home/airflow/.local/lib/python3.12/site-packages/airflow/example_dags/tutorial.py for tasks to queue
[2025-04-30T00:32:56.542+0000] {logging_mixin.py:190} INFO - [2025-04-30T00:32:56.542+0000] {dagbag.py:587} INFO - Filling up the DagBag from /home/airflow/.local/lib/python3.12/site-packages/airflow/example_dags/tutorial.py
[2025-04-30T00:32:56.557+0000] {processor.py:925} INFO - DAG(s) 'tutorial' retrieved from /home/airflow/.local/lib/python3.12/site-packages/airflow/example_dags/tutorial.py
[2025-04-30T00:32:56.594+0000] {logging_mixin.py:190} INFO - [2025-04-30T00:32:56.593+0000] {dag.py:3211} INFO - Sync 1 DAGs
[2025-04-30T00:32:56.639+0000] {logging_mixin.py:190} INFO - [2025-04-30T00:32:56.639+0000] {dag.py:4138} INFO - Setting next_dagrun for tutorial to 2025-04-29 00:00:00+00:00, run_after=2025-04-30 00:00:00+00:00
[2025-04-30T00:32:56.679+0000] {processor.py:208} INFO - Processing /home/airflow/.local/lib/python3.12/site-packages/airflow/example_dags/tutorial.py took 0.154 seconds
[2025-04-30T00:33:26.753+0000] {processor.py:186} INFO - Started process (PID=425) to work on /home/airflow/.local/lib/python3.12/site-packages/airflow/example_dags/tutorial.py
[2025-04-30T00:33:26.755+0000] {processor.py:914} INFO - Processing file /home/airflow/.local/lib/python3.12/site-packages/airflow/example_dags/tutorial.py for tasks to queue
[2025-04-30T00:33:26.762+0000] {logging_mixin.py:190} INFO - [2025-04-30T00:33:26.761+0000] {dagbag.py:587} INFO - Filling up the DagBag from /home/airflow/.local/lib/python3.12/site-packages/airflow/example_dags/tutorial.py
[2025-04-30T00:33:26.778+0000] {processor.py:925} INFO - DAG(s) 'tutorial' retrieved from /home/airflow/.local/lib/python3.12/site-packages/airflow/example_dags/tutorial.py
[2025-04-30T00:33:26.821+0000] {logging_mixin.py:190} INFO - [2025-04-30T00:33:26.820+0000] {dag.py:3211} INFO - Sync 1 DAGs
[2025-04-30T00:33:26.874+0000] {logging_mixin.py:190} INFO - [2025-04-30T00:33:26.873+0000] {dag.py:4138} INFO - Setting next_dagrun for tutorial to 2025-04-29 00:00:00+00:00, run_after=2025-04-30 00:00:00+00:00
[2025-04-30T00:33:26.929+0000] {processor.py:208} INFO - Processing /home/airflow/.local/lib/python3.12/site-packages/airflow/example_dags/tutorial.py took 0.191 seconds
[2025-04-30T00:33:57.228+0000] {processor.py:186} INFO - Started process (PID=489) to work on /home/airflow/.local/lib/python3.12/site-packages/airflow/example_dags/tutorial.py
[2025-04-30T00:33:57.230+0000] {processor.py:914} INFO - Processing file /home/airflow/.local/lib/python3.12/site-packages/airflow/example_dags/tutorial.py for tasks to queue
[2025-04-30T00:33:57.236+0000] {logging_mixin.py:190} INFO - [2025-04-30T00:33:57.235+0000] {dagbag.py:587} INFO - Filling up the DagBag from /home/airflow/.local/lib/python3.12/site-packages/airflow/example_dags/tutorial.py
[2025-04-30T00:33:57.255+0000] {processor.py:925} INFO - DAG(s) 'tutorial' retrieved from /home/airflow/.local/lib/python3.12/site-packages/airflow/example_dags/tutorial.py
[2025-04-30T00:33:57.302+0000] {logging_mixin.py:190} INFO - [2025-04-30T00:33:57.302+0000] {dag.py:3211} INFO - Sync 1 DAGs
[2025-04-30T00:33:57.363+0000] {logging_mixin.py:190} INFO - [2025-04-30T00:33:57.363+0000] {dag.py:4138} INFO - Setting next_dagrun for tutorial to 2025-04-29 00:00:00+00:00, run_after=2025-04-30 00:00:00+00:00
[2025-04-30T00:33:57.409+0000] {processor.py:208} INFO - Processing /home/airflow/.local/lib/python3.12/site-packages/airflow/example_dags/tutorial.py took 0.192 seconds
[2025-04-30T00:34:28.350+0000] {processor.py:186} INFO - Started process (PID=551) to work on /home/airflow/.local/lib/python3.12/site-packages/airflow/example_dags/tutorial.py
[2025-04-30T00:34:28.352+0000] {processor.py:914} INFO - Processing file /home/airflow/.local/lib/python3.12/site-packages/airflow/example_dags/tutorial.py for tasks to queue
[2025-04-30T00:34:28.357+0000] {logging_mixin.py:190} INFO - [2025-04-30T00:34:28.357+0000] {dagbag.py:587} INFO - Filling up the DagBag from /home/airflow/.local/lib/python3.12/site-packages/airflow/example_dags/tutorial.py
[2025-04-30T00:34:28.376+0000] {processor.py:925} INFO - DAG(s) 'tutorial' retrieved from /home/airflow/.local/lib/python3.12/site-packages/airflow/example_dags/tutorial.py
[2025-04-30T00:34:28.418+0000] {logging_mixin.py:190} INFO - [2025-04-30T00:34:28.418+0000] {dag.py:3211} INFO - Sync 1 DAGs
[2025-04-30T00:34:28.472+0000] {logging_mixin.py:190} INFO - [2025-04-30T00:34:28.472+0000] {dag.py:4138} INFO - Setting next_dagrun for tutorial to 2025-04-29 00:00:00+00:00, run_after=2025-04-30 00:00:00+00:00
[2025-04-30T00:34:28.516+0000] {processor.py:208} INFO - Processing /home/airflow/.local/lib/python3.12/site-packages/airflow/example_dags/tutorial.py took 0.178 seconds
[2025-04-30T00:34:59.037+0000] {processor.py:186} INFO - Started process (PID=614) to work on /home/airflow/.local/lib/python3.12/site-packages/airflow/example_dags/tutorial.py
[2025-04-30T00:34:59.042+0000] {processor.py:914} INFO - Processing file /home/airflow/.local/lib/python3.12/site-packages/airflow/example_dags/tutorial.py for tasks to queue
[2025-04-30T00:34:59.051+0000] {logging_mixin.py:190} INFO - [2025-04-30T00:34:59.050+0000] {dagbag.py:587} INFO - Filling up the DagBag from /home/airflow/.local/lib/python3.12/site-packages/airflow/example_dags/tutorial.py
[2025-04-30T00:34:59.080+0000] {processor.py:925} INFO - DAG(s) 'tutorial' retrieved from /home/airflow/.local/lib/python3.12/site-packages/airflow/example_dags/tutorial.py
[2025-04-30T00:34:59.125+0000] {logging_mixin.py:190} INFO - [2025-04-30T00:34:59.124+0000] {dag.py:3211} INFO - Sync 1 DAGs
[2025-04-30T00:34:59.182+0000] {logging_mixin.py:190} INFO - [2025-04-30T00:34:59.181+0000] {dag.py:4138} INFO - Setting next_dagrun for tutorial to 2025-04-29 00:00:00+00:00, run_after=2025-04-30 00:00:00+00:00
[2025-04-30T00:34:59.224+0000] {processor.py:208} INFO - Processing /home/airflow/.local/lib/python3.12/site-packages/airflow/example_dags/tutorial.py took 0.209 seconds
[2025-04-30T00:35:29.477+0000] {processor.py:186} INFO - Started process (PID=677) to work on /home/airflow/.local/lib/python3.12/site-packages/airflow/example_dags/tutorial.py
[2025-04-30T00:35:29.479+0000] {processor.py:914} INFO - Processing file /home/airflow/.local/lib/python3.12/site-packages/airflow/example_dags/tutorial.py for tasks to queue
[2025-04-30T00:35:29.485+0000] {logging_mixin.py:190} INFO - [2025-04-30T00:35:29.484+0000] {dagbag.py:587} INFO - Filling up the DagBag from /home/airflow/.local/lib/python3.12/site-packages/airflow/example_dags/tutorial.py
[2025-04-30T00:35:29.502+0000] {processor.py:925} INFO - DAG(s) 'tutorial' retrieved from /home/airflow/.local/lib/python3.12/site-packages/airflow/example_dags/tutorial.py
[2025-04-30T00:35:29.548+0000] {logging_mixin.py:190} INFO - [2025-04-30T00:35:29.548+0000] {dag.py:3211} INFO - Sync 1 DAGs
[2025-04-30T00:35:29.604+0000] {logging_mixin.py:190} INFO - [2025-04-30T00:35:29.604+0000] {dag.py:4138} INFO - Setting next_dagrun for tutorial to 2025-04-29 00:00:00+00:00, run_after=2025-04-30 00:00:00+00:00
[2025-04-30T00:35:29.651+0000] {processor.py:208} INFO - Processing /home/airflow/.local/lib/python3.12/site-packages/airflow/example_dags/tutorial.py took 0.187 seconds
[2025-04-30T00:36:00.431+0000] {processor.py:186} INFO - Started process (PID=739) to work on /home/airflow/.local/lib/python3.12/site-packages/airflow/example_dags/tutorial.py
[2025-04-30T00:36:00.434+0000] {processor.py:914} INFO - Processing file /home/airflow/.local/lib/python3.12/site-packages/airflow/example_dags/tutorial.py for tasks to queue
[2025-04-30T00:36:00.441+0000] {logging_mixin.py:190} INFO - [2025-04-30T00:36:00.440+0000] {dagbag.py:587} INFO - Filling up the DagBag from /home/airflow/.local/lib/python3.12/site-packages/airflow/example_dags/tutorial.py
[2025-04-30T00:36:00.463+0000] {processor.py:925} INFO - DAG(s) 'tutorial' retrieved from /home/airflow/.local/lib/python3.12/site-packages/airflow/example_dags/tutorial.py
[2025-04-30T00:36:00.521+0000] {logging_mixin.py:190} INFO - [2025-04-30T00:36:00.521+0000] {dag.py:3211} INFO - Sync 1 DAGs
[2025-04-30T00:36:00.590+0000] {logging_mixin.py:190} INFO - [2025-04-30T00:36:00.590+0000] {dag.py:4138} INFO - Setting next_dagrun for tutorial to 2025-04-29 00:00:00+00:00, run_after=2025-04-30 00:00:00+00:00
[2025-04-30T00:36:00.641+0000] {processor.py:208} INFO - Processing /home/airflow/.local/lib/python3.12/site-packages/airflow/example_dags/tutorial.py took 0.226 seconds
[2025-04-30T00:36:30.807+0000] {processor.py:186} INFO - Started process (PID=802) to work on /home/airflow/.local/lib/python3.12/site-packages/airflow/example_dags/tutorial.py
[2025-04-30T00:36:30.809+0000] {processor.py:914} INFO - Processing file /home/airflow/.local/lib/python3.12/site-packages/airflow/example_dags/tutorial.py for tasks to queue
[2025-04-30T00:36:30.814+0000] {logging_mixin.py:190} INFO - [2025-04-30T00:36:30.813+0000] {dagbag.py:587} INFO - Filling up the DagBag from /home/airflow/.local/lib/python3.12/site-packages/airflow/example_dags/tutorial.py
[2025-04-30T00:36:30.826+0000] {processor.py:925} INFO - DAG(s) 'tutorial' retrieved from /home/airflow/.local/lib/python3.12/site-packages/airflow/example_dags/tutorial.py
[2025-04-30T00:36:30.869+0000] {logging_mixin.py:190} INFO - [2025-04-30T00:36:30.868+0000] {dag.py:3211} INFO - Sync 1 DAGs
[2025-04-30T00:36:30.920+0000] {logging_mixin.py:190} INFO - [2025-04-30T00:36:30.920+0000] {dag.py:4138} INFO - Setting next_dagrun for tutorial to 2025-04-29 00:00:00+00:00, run_after=2025-04-30 00:00:00+00:00
[2025-04-30T00:36:30.959+0000] {processor.py:208} INFO - Processing /home/airflow/.local/lib/python3.12/site-packages/airflow/example_dags/tutorial.py took 0.163 seconds
[2025-04-30T00:37:01.443+0000] {processor.py:186} INFO - Started process (PID=865) to work on /home/airflow/.local/lib/python3.12/site-packages/airflow/example_dags/tutorial.py
[2025-04-30T00:37:01.445+0000] {processor.py:914} INFO - Processing file /home/airflow/.local/lib/python3.12/site-packages/airflow/example_dags/tutorial.py for tasks to queue
[2025-04-30T00:37:01.449+0000] {logging_mixin.py:190} INFO - [2025-04-30T00:37:01.449+0000] {dagbag.py:587} INFO - Filling up the DagBag from /home/airflow/.local/lib/python3.12/site-packages/airflow/example_dags/tutorial.py
[2025-04-30T00:37:01.464+0000] {processor.py:925} INFO - DAG(s) 'tutorial' retrieved from /home/airflow/.local/lib/python3.12/site-packages/airflow/example_dags/tutorial.py
[2025-04-30T00:37:01.504+0000] {logging_mixin.py:190} INFO - [2025-04-30T00:37:01.503+0000] {dag.py:3211} INFO - Sync 1 DAGs
[2025-04-30T00:37:01.549+0000] {logging_mixin.py:190} INFO - [2025-04-30T00:37:01.548+0000] {dag.py:4138} INFO - Setting next_dagrun for tutorial to 2025-04-29 00:00:00+00:00, run_after=2025-04-30 00:00:00+00:00
[2025-04-30T00:37:01.587+0000] {processor.py:208} INFO - Processing /home/airflow/.local/lib/python3.12/site-packages/airflow/example_dags/tutorial.py took 0.156 seconds
[2025-04-30T00:37:32.672+0000] {processor.py:186} INFO - Started process (PID=928) to work on /home/airflow/.local/lib/python3.12/site-packages/airflow/example_dags/tutorial.py
[2025-04-30T00:37:32.674+0000] {processor.py:914} INFO - Processing file /home/airflow/.local/lib/python3.12/site-packages/airflow/example_dags/tutorial.py for tasks to queue
[2025-04-30T00:37:32.680+0000] {logging_mixin.py:190} INFO - [2025-04-30T00:37:32.679+0000] {dagbag.py:587} INFO - Filling up the DagBag from /home/airflow/.local/lib/python3.12/site-packages/airflow/example_dags/tutorial.py
[2025-04-30T00:37:32.701+0000] {processor.py:925} INFO - DAG(s) 'tutorial' retrieved from /home/airflow/.local/lib/python3.12/site-packages/airflow/example_dags/tutorial.py
[2025-04-30T00:37:32.750+0000] {logging_mixin.py:190} INFO - [2025-04-30T00:37:32.749+0000] {dag.py:3211} INFO - Sync 1 DAGs
[2025-04-30T00:37:32.822+0000] {logging_mixin.py:190} INFO - [2025-04-30T00:37:32.816+0000] {dag.py:4138} INFO - Setting next_dagrun for tutorial to 2025-04-29 00:00:00+00:00, run_after=2025-04-30 00:00:00+00:00
[2025-04-30T00:37:32.886+0000] {processor.py:208} INFO - Processing /home/airflow/.local/lib/python3.12/site-packages/airflow/example_dags/tutorial.py took 0.227 seconds
[2025-04-30T00:38:03.739+0000] {processor.py:186} INFO - Started process (PID=991) to work on /home/airflow/.local/lib/python3.12/site-packages/airflow/example_dags/tutorial.py
[2025-04-30T00:38:03.741+0000] {processor.py:914} INFO - Processing file /home/airflow/.local/lib/python3.12/site-packages/airflow/example_dags/tutorial.py for tasks to queue
[2025-04-30T00:38:03.746+0000] {logging_mixin.py:190} INFO - [2025-04-30T00:38:03.745+0000] {dagbag.py:587} INFO - Filling up the DagBag from /home/airflow/.local/lib/python3.12/site-packages/airflow/example_dags/tutorial.py
[2025-04-30T00:38:03.763+0000] {processor.py:925} INFO - DAG(s) 'tutorial' retrieved from /home/airflow/.local/lib/python3.12/site-packages/airflow/example_dags/tutorial.py
[2025-04-30T00:38:03.811+0000] {logging_mixin.py:190} INFO - [2025-04-30T00:38:03.810+0000] {dag.py:3211} INFO - Sync 1 DAGs
[2025-04-30T00:38:03.885+0000] {logging_mixin.py:190} INFO - [2025-04-30T00:38:03.884+0000] {dag.py:4138} INFO - Setting next_dagrun for tutorial to 2025-04-29 00:00:00+00:00, run_after=2025-04-30 00:00:00+00:00
[2025-04-30T00:38:03.936+0000] {processor.py:208} INFO - Processing /home/airflow/.local/lib/python3.12/site-packages/airflow/example_dags/tutorial.py took 0.208 seconds
[2025-04-30T00:38:34.783+0000] {processor.py:186} INFO - Started process (PID=1057) to work on /home/airflow/.local/lib/python3.12/site-packages/airflow/example_dags/tutorial.py
[2025-04-30T00:38:34.785+0000] {processor.py:914} INFO - Processing file /home/airflow/.local/lib/python3.12/site-packages/airflow/example_dags/tutorial.py for tasks to queue
[2025-04-30T00:38:34.791+0000] {logging_mixin.py:190} INFO - [2025-04-30T00:38:34.791+0000] {dagbag.py:587} INFO - Filling up the DagBag from /home/airflow/.local/lib/python3.12/site-packages/airflow/example_dags/tutorial.py
[2025-04-30T00:38:34.810+0000] {processor.py:925} INFO - DAG(s) 'tutorial' retrieved from /home/airflow/.local/lib/python3.12/site-packages/airflow/example_dags/tutorial.py
[2025-04-30T00:38:34.851+0000] {logging_mixin.py:190} INFO - [2025-04-30T00:38:34.850+0000] {dag.py:3211} INFO - Sync 1 DAGs
[2025-04-30T00:38:34.901+0000] {logging_mixin.py:190} INFO - [2025-04-30T00:38:34.901+0000] {dag.py:4138} INFO - Setting next_dagrun for tutorial to 2025-04-29 00:00:00+00:00, run_after=2025-04-30 00:00:00+00:00
[2025-04-30T00:38:34.949+0000] {processor.py:208} INFO - Processing /home/airflow/.local/lib/python3.12/site-packages/airflow/example_dags/tutorial.py took 0.178 seconds
[2025-04-30T00:39:05.816+0000] {processor.py:186} INFO - Started process (PID=1125) to work on /home/airflow/.local/lib/python3.12/site-packages/airflow/example_dags/tutorial.py
[2025-04-30T00:39:05.818+0000] {processor.py:914} INFO - Processing file /home/airflow/.local/lib/python3.12/site-packages/airflow/example_dags/tutorial.py for tasks to queue
[2025-04-30T00:39:05.823+0000] {logging_mixin.py:190} INFO - [2025-04-30T00:39:05.823+0000] {dagbag.py:587} INFO - Filling up the DagBag from /home/airflow/.local/lib/python3.12/site-packages/airflow/example_dags/tutorial.py
[2025-04-30T00:39:05.839+0000] {processor.py:925} INFO - DAG(s) 'tutorial' retrieved from /home/airflow/.local/lib/python3.12/site-packages/airflow/example_dags/tutorial.py
[2025-04-30T00:39:05.878+0000] {logging_mixin.py:190} INFO - [2025-04-30T00:39:05.877+0000] {dag.py:3211} INFO - Sync 1 DAGs
[2025-04-30T00:39:05.926+0000] {logging_mixin.py:190} INFO - [2025-04-30T00:39:05.926+0000] {dag.py:4138} INFO - Setting next_dagrun for tutorial to 2025-04-29 00:00:00+00:00, run_after=2025-04-30 00:00:00+00:00
[2025-04-30T00:39:05.966+0000] {processor.py:208} INFO - Processing /home/airflow/.local/lib/python3.12/site-packages/airflow/example_dags/tutorial.py took 0.161 seconds
[2025-04-30T00:39:36.812+0000] {processor.py:186} INFO - Started process (PID=1187) to work on /home/airflow/.local/lib/python3.12/site-packages/airflow/example_dags/tutorial.py
[2025-04-30T00:39:36.814+0000] {processor.py:914} INFO - Processing file /home/airflow/.local/lib/python3.12/site-packages/airflow/example_dags/tutorial.py for tasks to queue
[2025-04-30T00:39:36.820+0000] {logging_mixin.py:190} INFO - [2025-04-30T00:39:36.819+0000] {dagbag.py:587} INFO - Filling up the DagBag from /home/airflow/.local/lib/python3.12/site-packages/airflow/example_dags/tutorial.py
[2025-04-30T00:39:36.837+0000] {processor.py:925} INFO - DAG(s) 'tutorial' retrieved from /home/airflow/.local/lib/python3.12/site-packages/airflow/example_dags/tutorial.py
[2025-04-30T00:39:36.877+0000] {logging_mixin.py:190} INFO - [2025-04-30T00:39:36.876+0000] {dag.py:3211} INFO - Sync 1 DAGs
[2025-04-30T00:39:36.930+0000] {logging_mixin.py:190} INFO - [2025-04-30T00:39:36.930+0000] {dag.py:4138} INFO - Setting next_dagrun for tutorial to 2025-04-29 00:00:00+00:00, run_after=2025-04-30 00:00:00+00:00
[2025-04-30T00:39:36.982+0000] {processor.py:208} INFO - Processing /home/airflow/.local/lib/python3.12/site-packages/airflow/example_dags/tutorial.py took 0.182 seconds
[2025-04-30T00:40:07.747+0000] {processor.py:186} INFO - Started process (PID=1250) to work on /home/airflow/.local/lib/python3.12/site-packages/airflow/example_dags/tutorial.py
[2025-04-30T00:40:07.749+0000] {processor.py:914} INFO - Processing file /home/airflow/.local/lib/python3.12/site-packages/airflow/example_dags/tutorial.py for tasks to queue
[2025-04-30T00:40:07.754+0000] {logging_mixin.py:190} INFO - [2025-04-30T00:40:07.753+0000] {dagbag.py:587} INFO - Filling up the DagBag from /home/airflow/.local/lib/python3.12/site-packages/airflow/example_dags/tutorial.py
[2025-04-30T00:40:07.772+0000] {processor.py:925} INFO - DAG(s) 'tutorial' retrieved from /home/airflow/.local/lib/python3.12/site-packages/airflow/example_dags/tutorial.py
[2025-04-30T00:40:07.816+0000] {logging_mixin.py:190} INFO - [2025-04-30T00:40:07.816+0000] {dag.py:3211} INFO - Sync 1 DAGs
[2025-04-30T00:40:07.866+0000] {logging_mixin.py:190} INFO - [2025-04-30T00:40:07.866+0000] {dag.py:4138} INFO - Setting next_dagrun for tutorial to 2025-04-29 00:00:00+00:00, run_after=2025-04-30 00:00:00+00:00
[2025-04-30T00:40:07.908+0000] {processor.py:208} INFO - Processing /home/airflow/.local/lib/python3.12/site-packages/airflow/example_dags/tutorial.py took 0.175 seconds
[2025-04-30T00:40:38.421+0000] {processor.py:186} INFO - Started process (PID=1313) to work on /home/airflow/.local/lib/python3.12/site-packages/airflow/example_dags/tutorial.py
[2025-04-30T00:40:38.423+0000] {processor.py:914} INFO - Processing file /home/airflow/.local/lib/python3.12/site-packages/airflow/example_dags/tutorial.py for tasks to queue
[2025-04-30T00:40:38.428+0000] {logging_mixin.py:190} INFO - [2025-04-30T00:40:38.428+0000] {dagbag.py:587} INFO - Filling up the DagBag from /home/airflow/.local/lib/python3.12/site-packages/airflow/example_dags/tutorial.py
[2025-04-30T00:40:38.444+0000] {processor.py:925} INFO - DAG(s) 'tutorial' retrieved from /home/airflow/.local/lib/python3.12/site-packages/airflow/example_dags/tutorial.py
[2025-04-30T00:40:38.481+0000] {logging_mixin.py:190} INFO - [2025-04-30T00:40:38.480+0000] {dag.py:3211} INFO - Sync 1 DAGs
[2025-04-30T00:40:38.525+0000] {logging_mixin.py:190} INFO - [2025-04-30T00:40:38.524+0000] {dag.py:4138} INFO - Setting next_dagrun for tutorial to 2025-04-29 00:00:00+00:00, run_after=2025-04-30 00:00:00+00:00
[2025-04-30T00:40:38.583+0000] {processor.py:208} INFO - Processing /home/airflow/.local/lib/python3.12/site-packages/airflow/example_dags/tutorial.py took 0.174 seconds
[2025-04-30T00:41:09.130+0000] {processor.py:186} INFO - Started process (PID=1376) to work on /home/airflow/.local/lib/python3.12/site-packages/airflow/example_dags/tutorial.py
[2025-04-30T00:41:09.132+0000] {processor.py:914} INFO - Processing file /home/airflow/.local/lib/python3.12/site-packages/airflow/example_dags/tutorial.py for tasks to queue
[2025-04-30T00:41:09.137+0000] {logging_mixin.py:190} INFO - [2025-04-30T00:41:09.136+0000] {dagbag.py:587} INFO - Filling up the DagBag from /home/airflow/.local/lib/python3.12/site-packages/airflow/example_dags/tutorial.py
[2025-04-30T00:41:09.154+0000] {processor.py:925} INFO - DAG(s) 'tutorial' retrieved from /home/airflow/.local/lib/python3.12/site-packages/airflow/example_dags/tutorial.py
[2025-04-30T00:41:09.206+0000] {logging_mixin.py:190} INFO - [2025-04-30T00:41:09.205+0000] {dag.py:3211} INFO - Sync 1 DAGs
[2025-04-30T00:41:09.253+0000] {logging_mixin.py:190} INFO - [2025-04-30T00:41:09.253+0000] {dag.py:4138} INFO - Setting next_dagrun for tutorial to 2025-04-29 00:00:00+00:00, run_after=2025-04-30 00:00:00+00:00
[2025-04-30T00:41:09.291+0000] {processor.py:208} INFO - Processing /home/airflow/.local/lib/python3.12/site-packages/airflow/example_dags/tutorial.py took 0.175 seconds
[2025-04-30T00:41:39.843+0000] {processor.py:186} INFO - Started process (PID=1439) to work on /home/airflow/.local/lib/python3.12/site-packages/airflow/example_dags/tutorial.py
[2025-04-30T00:41:39.845+0000] {processor.py:914} INFO - Processing file /home/airflow/.local/lib/python3.12/site-packages/airflow/example_dags/tutorial.py for tasks to queue
[2025-04-30T00:41:39.849+0000] {logging_mixin.py:190} INFO - [2025-04-30T00:41:39.849+0000] {dagbag.py:587} INFO - Filling up the DagBag from /home/airflow/.local/lib/python3.12/site-packages/airflow/example_dags/tutorial.py
[2025-04-30T00:41:39.868+0000] {processor.py:925} INFO - DAG(s) 'tutorial' retrieved from /home/airflow/.local/lib/python3.12/site-packages/airflow/example_dags/tutorial.py
[2025-04-30T00:41:39.909+0000] {logging_mixin.py:190} INFO - [2025-04-30T00:41:39.908+0000] {dag.py:3211} INFO - Sync 1 DAGs
[2025-04-30T00:41:39.967+0000] {logging_mixin.py:190} INFO - [2025-04-30T00:41:39.966+0000] {dag.py:4138} INFO - Setting next_dagrun for tutorial to 2025-04-29 00:00:00+00:00, run_after=2025-04-30 00:00:00+00:00
[2025-04-30T00:41:40.016+0000] {processor.py:208} INFO - Processing /home/airflow/.local/lib/python3.12/site-packages/airflow/example_dags/tutorial.py took 0.186 seconds
[2025-04-30T00:42:10.473+0000] {processor.py:186} INFO - Started process (PID=1506) to work on /home/airflow/.local/lib/python3.12/site-packages/airflow/example_dags/tutorial.py
[2025-04-30T00:42:10.475+0000] {processor.py:914} INFO - Processing file /home/airflow/.local/lib/python3.12/site-packages/airflow/example_dags/tutorial.py for tasks to queue
[2025-04-30T00:42:10.477+0000] {logging_mixin.py:190} INFO - [2025-04-30T00:42:10.477+0000] {dagbag.py:587} INFO - Filling up the DagBag from /home/airflow/.local/lib/python3.12/site-packages/airflow/example_dags/tutorial.py
[2025-04-30T00:42:10.494+0000] {processor.py:925} INFO - DAG(s) 'tutorial' retrieved from /home/airflow/.local/lib/python3.12/site-packages/airflow/example_dags/tutorial.py
[2025-04-30T00:42:10.533+0000] {logging_mixin.py:190} INFO - [2025-04-30T00:42:10.532+0000] {dag.py:3211} INFO - Sync 1 DAGs
[2025-04-30T00:42:10.580+0000] {logging_mixin.py:190} INFO - [2025-04-30T00:42:10.579+0000] {dag.py:4138} INFO - Setting next_dagrun for tutorial to 2025-04-29 00:00:00+00:00, run_after=2025-04-30 00:00:00+00:00
[2025-04-30T00:42:10.631+0000] {processor.py:208} INFO - Processing /home/airflow/.local/lib/python3.12/site-packages/airflow/example_dags/tutorial.py took 0.170 seconds
[2025-04-30T00:42:40.866+0000] {processor.py:186} INFO - Started process (PID=1569) to work on /home/airflow/.local/lib/python3.12/site-packages/airflow/example_dags/tutorial.py
[2025-04-30T00:42:40.870+0000] {processor.py:914} INFO - Processing file /home/airflow/.local/lib/python3.12/site-packages/airflow/example_dags/tutorial.py for tasks to queue
[2025-04-30T00:42:40.873+0000] {logging_mixin.py:190} INFO - [2025-04-30T00:42:40.872+0000] {dagbag.py:587} INFO - Filling up the DagBag from /home/airflow/.local/lib/python3.12/site-packages/airflow/example_dags/tutorial.py
[2025-04-30T00:42:40.894+0000] {processor.py:925} INFO - DAG(s) 'tutorial' retrieved from /home/airflow/.local/lib/python3.12/site-packages/airflow/example_dags/tutorial.py
[2025-04-30T00:42:40.934+0000] {logging_mixin.py:190} INFO - [2025-04-30T00:42:40.933+0000] {dag.py:3211} INFO - Sync 1 DAGs
[2025-04-30T00:42:40.985+0000] {logging_mixin.py:190} INFO - [2025-04-30T00:42:40.984+0000] {dag.py:4138} INFO - Setting next_dagrun for tutorial to 2025-04-29 00:00:00+00:00, run_after=2025-04-30 00:00:00+00:00
[2025-04-30T00:42:41.034+0000] {processor.py:208} INFO - Processing /home/airflow/.local/lib/python3.12/site-packages/airflow/example_dags/tutorial.py took 0.182 seconds
[2025-04-30T00:43:11.298+0000] {processor.py:186} INFO - Started process (PID=1631) to work on /home/airflow/.local/lib/python3.12/site-packages/airflow/example_dags/tutorial.py
[2025-04-30T00:43:11.300+0000] {processor.py:914} INFO - Processing file /home/airflow/.local/lib/python3.12/site-packages/airflow/example_dags/tutorial.py for tasks to queue
[2025-04-30T00:43:11.304+0000] {logging_mixin.py:190} INFO - [2025-04-30T00:43:11.303+0000] {dagbag.py:587} INFO - Filling up the DagBag from /home/airflow/.local/lib/python3.12/site-packages/airflow/example_dags/tutorial.py
[2025-04-30T00:43:11.324+0000] {processor.py:925} INFO - DAG(s) 'tutorial' retrieved from /home/airflow/.local/lib/python3.12/site-packages/airflow/example_dags/tutorial.py
[2025-04-30T00:43:11.369+0000] {logging_mixin.py:190} INFO - [2025-04-30T00:43:11.369+0000] {dag.py:3211} INFO - Sync 1 DAGs
[2025-04-30T00:43:11.423+0000] {logging_mixin.py:190} INFO - [2025-04-30T00:43:11.423+0000] {dag.py:4138} INFO - Setting next_dagrun for tutorial to 2025-04-29 00:00:00+00:00, run_after=2025-04-30 00:00:00+00:00
[2025-04-30T00:43:11.467+0000] {processor.py:208} INFO - Processing /home/airflow/.local/lib/python3.12/site-packages/airflow/example_dags/tutorial.py took 0.183 seconds
[2025-04-30T00:43:43.381+0000] {processor.py:186} INFO - Started process (PID=1695) to work on /home/airflow/.local/lib/python3.12/site-packages/airflow/example_dags/tutorial.py
[2025-04-30T00:43:43.385+0000] {processor.py:914} INFO - Processing file /home/airflow/.local/lib/python3.12/site-packages/airflow/example_dags/tutorial.py for tasks to queue
[2025-04-30T00:43:43.390+0000] {logging_mixin.py:190} INFO - [2025-04-30T00:43:43.389+0000] {dagbag.py:587} INFO - Filling up the DagBag from /home/airflow/.local/lib/python3.12/site-packages/airflow/example_dags/tutorial.py
[2025-04-30T00:43:43.429+0000] {processor.py:925} INFO - DAG(s) 'tutorial' retrieved from /home/airflow/.local/lib/python3.12/site-packages/airflow/example_dags/tutorial.py
[2025-04-30T00:43:43.517+0000] {logging_mixin.py:190} INFO - [2025-04-30T00:43:43.516+0000] {dag.py:3211} INFO - Sync 1 DAGs
[2025-04-30T00:43:43.627+0000] {logging_mixin.py:190} INFO - [2025-04-30T00:43:43.626+0000] {dag.py:4138} INFO - Setting next_dagrun for tutorial to 2025-04-29 00:00:00+00:00, run_after=2025-04-30 00:00:00+00:00
[2025-04-30T00:43:43.718+0000] {processor.py:208} INFO - Processing /home/airflow/.local/lib/python3.12/site-packages/airflow/example_dags/tutorial.py took 0.363 seconds
[2025-04-30T00:44:14.166+0000] {processor.py:186} INFO - Started process (PID=1758) to work on /home/airflow/.local/lib/python3.12/site-packages/airflow/example_dags/tutorial.py
[2025-04-30T00:44:14.168+0000] {processor.py:914} INFO - Processing file /home/airflow/.local/lib/python3.12/site-packages/airflow/example_dags/tutorial.py for tasks to queue
[2025-04-30T00:44:14.169+0000] {logging_mixin.py:190} INFO - [2025-04-30T00:44:14.169+0000] {dagbag.py:587} INFO - Filling up the DagBag from /home/airflow/.local/lib/python3.12/site-packages/airflow/example_dags/tutorial.py
[2025-04-30T00:44:14.187+0000] {processor.py:925} INFO - DAG(s) 'tutorial' retrieved from /home/airflow/.local/lib/python3.12/site-packages/airflow/example_dags/tutorial.py
[2025-04-30T00:44:14.225+0000] {logging_mixin.py:190} INFO - [2025-04-30T00:44:14.224+0000] {dag.py:3211} INFO - Sync 1 DAGs
[2025-04-30T00:44:14.274+0000] {logging_mixin.py:190} INFO - [2025-04-30T00:44:14.273+0000] {dag.py:4138} INFO - Setting next_dagrun for tutorial to 2025-04-29 00:00:00+00:00, run_after=2025-04-30 00:00:00+00:00
[2025-04-30T00:44:14.307+0000] {processor.py:208} INFO - Processing /home/airflow/.local/lib/python3.12/site-packages/airflow/example_dags/tutorial.py took 0.149 seconds
[2025-04-30T00:44:45.042+0000] {processor.py:186} INFO - Started process (PID=1821) to work on /home/airflow/.local/lib/python3.12/site-packages/airflow/example_dags/tutorial.py
[2025-04-30T00:44:45.044+0000] {processor.py:914} INFO - Processing file /home/airflow/.local/lib/python3.12/site-packages/airflow/example_dags/tutorial.py for tasks to queue
[2025-04-30T00:44:45.046+0000] {logging_mixin.py:190} INFO - [2025-04-30T00:44:45.045+0000] {dagbag.py:587} INFO - Filling up the DagBag from /home/airflow/.local/lib/python3.12/site-packages/airflow/example_dags/tutorial.py
[2025-04-30T00:44:45.060+0000] {processor.py:925} INFO - DAG(s) 'tutorial' retrieved from /home/airflow/.local/lib/python3.12/site-packages/airflow/example_dags/tutorial.py
[2025-04-30T00:44:45.090+0000] {logging_mixin.py:190} INFO - [2025-04-30T00:44:45.089+0000] {dag.py:3211} INFO - Sync 1 DAGs
[2025-04-30T00:44:45.128+0000] {logging_mixin.py:190} INFO - [2025-04-30T00:44:45.128+0000] {dag.py:4138} INFO - Setting next_dagrun for tutorial to 2025-04-29 00:00:00+00:00, run_after=2025-04-30 00:00:00+00:00
[2025-04-30T00:44:45.161+0000] {processor.py:208} INFO - Processing /home/airflow/.local/lib/python3.12/site-packages/airflow/example_dags/tutorial.py took 0.127 seconds
[2025-04-30T00:45:15.447+0000] {processor.py:186} INFO - Started process (PID=1884) to work on /home/airflow/.local/lib/python3.12/site-packages/airflow/example_dags/tutorial.py
[2025-04-30T00:45:15.448+0000] {processor.py:914} INFO - Processing file /home/airflow/.local/lib/python3.12/site-packages/airflow/example_dags/tutorial.py for tasks to queue
[2025-04-30T00:45:15.450+0000] {logging_mixin.py:190} INFO - [2025-04-30T00:45:15.450+0000] {dagbag.py:587} INFO - Filling up the DagBag from /home/airflow/.local/lib/python3.12/site-packages/airflow/example_dags/tutorial.py
[2025-04-30T00:45:15.461+0000] {processor.py:925} INFO - DAG(s) 'tutorial' retrieved from /home/airflow/.local/lib/python3.12/site-packages/airflow/example_dags/tutorial.py
[2025-04-30T00:45:15.483+0000] {logging_mixin.py:190} INFO - [2025-04-30T00:45:15.483+0000] {dag.py:3211} INFO - Sync 1 DAGs
[2025-04-30T00:45:15.509+0000] {logging_mixin.py:190} INFO - [2025-04-30T00:45:15.508+0000] {dag.py:4138} INFO - Setting next_dagrun for tutorial to 2025-04-29 00:00:00+00:00, run_after=2025-04-30 00:00:00+00:00
[2025-04-30T00:45:15.530+0000] {processor.py:208} INFO - Processing /home/airflow/.local/lib/python3.12/site-packages/airflow/example_dags/tutorial.py took 0.091 seconds
[2025-04-30T00:45:46.177+0000] {processor.py:186} INFO - Started process (PID=1947) to work on /home/airflow/.local/lib/python3.12/site-packages/airflow/example_dags/tutorial.py
[2025-04-30T00:45:46.178+0000] {processor.py:914} INFO - Processing file /home/airflow/.local/lib/python3.12/site-packages/airflow/example_dags/tutorial.py for tasks to queue
[2025-04-30T00:45:46.181+0000] {logging_mixin.py:190} INFO - [2025-04-30T00:45:46.180+0000] {dagbag.py:587} INFO - Filling up the DagBag from /home/airflow/.local/lib/python3.12/site-packages/airflow/example_dags/tutorial.py
[2025-04-30T00:45:46.195+0000] {processor.py:925} INFO - DAG(s) 'tutorial' retrieved from /home/airflow/.local/lib/python3.12/site-packages/airflow/example_dags/tutorial.py
[2025-04-30T00:45:46.227+0000] {logging_mixin.py:190} INFO - [2025-04-30T00:45:46.227+0000] {dag.py:3211} INFO - Sync 1 DAGs
[2025-04-30T00:45:46.276+0000] {logging_mixin.py:190} INFO - [2025-04-30T00:45:46.276+0000] {dag.py:4138} INFO - Setting next_dagrun for tutorial to 2025-04-29 00:00:00+00:00, run_after=2025-04-30 00:00:00+00:00
[2025-04-30T00:45:46.311+0000] {processor.py:208} INFO - Processing /home/airflow/.local/lib/python3.12/site-packages/airflow/example_dags/tutorial.py took 0.143 seconds
[2025-04-30T00:46:16.768+0000] {processor.py:186} INFO - Started process (PID=2010) to work on /home/airflow/.local/lib/python3.12/site-packages/airflow/example_dags/tutorial.py
[2025-04-30T00:46:16.769+0000] {processor.py:914} INFO - Processing file /home/airflow/.local/lib/python3.12/site-packages/airflow/example_dags/tutorial.py for tasks to queue
[2025-04-30T00:46:16.771+0000] {logging_mixin.py:190} INFO - [2025-04-30T00:46:16.771+0000] {dagbag.py:587} INFO - Filling up the DagBag from /home/airflow/.local/lib/python3.12/site-packages/airflow/example_dags/tutorial.py
[2025-04-30T00:46:16.785+0000] {processor.py:925} INFO - DAG(s) 'tutorial' retrieved from /home/airflow/.local/lib/python3.12/site-packages/airflow/example_dags/tutorial.py
[2025-04-30T00:46:16.809+0000] {logging_mixin.py:190} INFO - [2025-04-30T00:46:16.809+0000] {dag.py:3211} INFO - Sync 1 DAGs
[2025-04-30T00:46:16.835+0000] {logging_mixin.py:190} INFO - [2025-04-30T00:46:16.834+0000] {dag.py:4138} INFO - Setting next_dagrun for tutorial to 2025-04-29 00:00:00+00:00, run_after=2025-04-30 00:00:00+00:00
[2025-04-30T00:46:16.861+0000] {processor.py:208} INFO - Processing /home/airflow/.local/lib/python3.12/site-packages/airflow/example_dags/tutorial.py took 0.100 seconds
[2025-04-30T00:46:47.328+0000] {processor.py:186} INFO - Started process (PID=2079) to work on /home/airflow/.local/lib/python3.12/site-packages/airflow/example_dags/tutorial.py
[2025-04-30T00:46:47.329+0000] {processor.py:914} INFO - Processing file /home/airflow/.local/lib/python3.12/site-packages/airflow/example_dags/tutorial.py for tasks to queue
[2025-04-30T00:46:47.331+0000] {logging_mixin.py:190} INFO - [2025-04-30T00:46:47.330+0000] {dagbag.py:587} INFO - Filling up the DagBag from /home/airflow/.local/lib/python3.12/site-packages/airflow/example_dags/tutorial.py
[2025-04-30T00:46:47.345+0000] {processor.py:925} INFO - DAG(s) 'tutorial' retrieved from /home/airflow/.local/lib/python3.12/site-packages/airflow/example_dags/tutorial.py
[2025-04-30T00:46:47.373+0000] {logging_mixin.py:190} INFO - [2025-04-30T00:46:47.372+0000] {dag.py:3211} INFO - Sync 1 DAGs
[2025-04-30T00:46:47.405+0000] {logging_mixin.py:190} INFO - [2025-04-30T00:46:47.405+0000] {dag.py:4138} INFO - Setting next_dagrun for tutorial to 2025-04-29 00:00:00+00:00, run_after=2025-04-30 00:00:00+00:00
[2025-04-30T00:46:47.428+0000] {processor.py:208} INFO - Processing /home/airflow/.local/lib/python3.12/site-packages/airflow/example_dags/tutorial.py took 0.109 seconds
[2025-04-30T00:47:18.209+0000] {processor.py:186} INFO - Started process (PID=2142) to work on /home/airflow/.local/lib/python3.12/site-packages/airflow/example_dags/tutorial.py
[2025-04-30T00:47:18.211+0000] {processor.py:914} INFO - Processing file /home/airflow/.local/lib/python3.12/site-packages/airflow/example_dags/tutorial.py for tasks to queue
[2025-04-30T00:47:18.212+0000] {logging_mixin.py:190} INFO - [2025-04-30T00:47:18.212+0000] {dagbag.py:587} INFO - Filling up the DagBag from /home/airflow/.local/lib/python3.12/site-packages/airflow/example_dags/tutorial.py
[2025-04-30T00:47:18.221+0000] {processor.py:925} INFO - DAG(s) 'tutorial' retrieved from /home/airflow/.local/lib/python3.12/site-packages/airflow/example_dags/tutorial.py
[2025-04-30T00:47:18.242+0000] {logging_mixin.py:190} INFO - [2025-04-30T00:47:18.241+0000] {dag.py:3211} INFO - Sync 1 DAGs
[2025-04-30T00:47:18.267+0000] {logging_mixin.py:190} INFO - [2025-04-30T00:47:18.266+0000] {dag.py:4138} INFO - Setting next_dagrun for tutorial to 2025-04-29 00:00:00+00:00, run_after=2025-04-30 00:00:00+00:00
[2025-04-30T00:47:18.290+0000] {processor.py:208} INFO - Processing /home/airflow/.local/lib/python3.12/site-packages/airflow/example_dags/tutorial.py took 0.087 seconds
[2025-04-30T00:47:49.490+0000] {processor.py:186} INFO - Started process (PID=2205) to work on /home/airflow/.local/lib/python3.12/site-packages/airflow/example_dags/tutorial.py
[2025-04-30T00:47:49.491+0000] {processor.py:914} INFO - Processing file /home/airflow/.local/lib/python3.12/site-packages/airflow/example_dags/tutorial.py for tasks to queue
[2025-04-30T00:47:49.493+0000] {logging_mixin.py:190} INFO - [2025-04-30T00:47:49.493+0000] {dagbag.py:587} INFO - Filling up the DagBag from /home/airflow/.local/lib/python3.12/site-packages/airflow/example_dags/tutorial.py
[2025-04-30T00:47:49.504+0000] {processor.py:925} INFO - DAG(s) 'tutorial' retrieved from /home/airflow/.local/lib/python3.12/site-packages/airflow/example_dags/tutorial.py
[2025-04-30T00:47:49.531+0000] {logging_mixin.py:190} INFO - [2025-04-30T00:47:49.530+0000] {dag.py:3211} INFO - Sync 1 DAGs
[2025-04-30T00:47:49.558+0000] {logging_mixin.py:190} INFO - [2025-04-30T00:47:49.558+0000] {dag.py:4138} INFO - Setting next_dagrun for tutorial to 2025-04-29 00:00:00+00:00, run_after=2025-04-30 00:00:00+00:00
[2025-04-30T00:47:49.582+0000] {processor.py:208} INFO - Processing /home/airflow/.local/lib/python3.12/site-packages/airflow/example_dags/tutorial.py took 0.100 seconds
[2025-04-30T00:48:20.154+0000] {processor.py:186} INFO - Started process (PID=2268) to work on /home/airflow/.local/lib/python3.12/site-packages/airflow/example_dags/tutorial.py
[2025-04-30T00:48:20.156+0000] {processor.py:914} INFO - Processing file /home/airflow/.local/lib/python3.12/site-packages/airflow/example_dags/tutorial.py for tasks to queue
[2025-04-30T00:48:20.158+0000] {logging_mixin.py:190} INFO - [2025-04-30T00:48:20.157+0000] {dagbag.py:587} INFO - Filling up the DagBag from /home/airflow/.local/lib/python3.12/site-packages/airflow/example_dags/tutorial.py
[2025-04-30T00:48:20.174+0000] {processor.py:925} INFO - DAG(s) 'tutorial' retrieved from /home/airflow/.local/lib/python3.12/site-packages/airflow/example_dags/tutorial.py
[2025-04-30T00:48:20.205+0000] {logging_mixin.py:190} INFO - [2025-04-30T00:48:20.205+0000] {dag.py:3211} INFO - Sync 1 DAGs
[2025-04-30T00:48:20.243+0000] {logging_mixin.py:190} INFO - [2025-04-30T00:48:20.243+0000] {dag.py:4138} INFO - Setting next_dagrun for tutorial to 2025-04-29 00:00:00+00:00, run_after=2025-04-30 00:00:00+00:00
[2025-04-30T00:48:20.280+0000] {processor.py:208} INFO - Processing /home/airflow/.local/lib/python3.12/site-packages/airflow/example_dags/tutorial.py took 0.135 seconds
[2025-04-30T00:48:51.180+0000] {processor.py:186} INFO - Started process (PID=2331) to work on /home/airflow/.local/lib/python3.12/site-packages/airflow/example_dags/tutorial.py
[2025-04-30T00:48:51.182+0000] {processor.py:914} INFO - Processing file /home/airflow/.local/lib/python3.12/site-packages/airflow/example_dags/tutorial.py for tasks to queue
[2025-04-30T00:48:51.184+0000] {logging_mixin.py:190} INFO - [2025-04-30T00:48:51.183+0000] {dagbag.py:587} INFO - Filling up the DagBag from /home/airflow/.local/lib/python3.12/site-packages/airflow/example_dags/tutorial.py
[2025-04-30T00:48:51.195+0000] {processor.py:925} INFO - DAG(s) 'tutorial' retrieved from /home/airflow/.local/lib/python3.12/site-packages/airflow/example_dags/tutorial.py
[2025-04-30T00:48:51.221+0000] {logging_mixin.py:190} INFO - [2025-04-30T00:48:51.221+0000] {dag.py:3211} INFO - Sync 1 DAGs
[2025-04-30T00:48:51.248+0000] {logging_mixin.py:190} INFO - [2025-04-30T00:48:51.248+0000] {dag.py:4138} INFO - Setting next_dagrun for tutorial to 2025-04-29 00:00:00+00:00, run_after=2025-04-30 00:00:00+00:00
[2025-04-30T00:48:51.270+0000] {processor.py:208} INFO - Processing /home/airflow/.local/lib/python3.12/site-packages/airflow/example_dags/tutorial.py took 0.096 seconds
[2025-04-30T00:49:21.985+0000] {processor.py:186} INFO - Started process (PID=2394) to work on /home/airflow/.local/lib/python3.12/site-packages/airflow/example_dags/tutorial.py
[2025-04-30T00:49:21.987+0000] {processor.py:914} INFO - Processing file /home/airflow/.local/lib/python3.12/site-packages/airflow/example_dags/tutorial.py for tasks to queue
[2025-04-30T00:49:21.989+0000] {logging_mixin.py:190} INFO - [2025-04-30T00:49:21.988+0000] {dagbag.py:587} INFO - Filling up the DagBag from /home/airflow/.local/lib/python3.12/site-packages/airflow/example_dags/tutorial.py
[2025-04-30T00:49:22.000+0000] {processor.py:925} INFO - DAG(s) 'tutorial' retrieved from /home/airflow/.local/lib/python3.12/site-packages/airflow/example_dags/tutorial.py
[2025-04-30T00:49:22.029+0000] {logging_mixin.py:190} INFO - [2025-04-30T00:49:22.029+0000] {dag.py:3211} INFO - Sync 1 DAGs
[2025-04-30T00:49:22.059+0000] {logging_mixin.py:190} INFO - [2025-04-30T00:49:22.059+0000] {dag.py:4138} INFO - Setting next_dagrun for tutorial to 2025-04-29 00:00:00+00:00, run_after=2025-04-30 00:00:00+00:00
[2025-04-30T00:49:22.085+0000] {processor.py:208} INFO - Processing /home/airflow/.local/lib/python3.12/site-packages/airflow/example_dags/tutorial.py took 0.107 seconds
[2025-04-30T00:49:52.609+0000] {processor.py:186} INFO - Started process (PID=2457) to work on /home/airflow/.local/lib/python3.12/site-packages/airflow/example_dags/tutorial.py
[2025-04-30T00:49:52.610+0000] {processor.py:914} INFO - Processing file /home/airflow/.local/lib/python3.12/site-packages/airflow/example_dags/tutorial.py for tasks to queue
[2025-04-30T00:49:52.611+0000] {logging_mixin.py:190} INFO - [2025-04-30T00:49:52.611+0000] {dagbag.py:587} INFO - Filling up the DagBag from /home/airflow/.local/lib/python3.12/site-packages/airflow/example_dags/tutorial.py
[2025-04-30T00:49:52.624+0000] {processor.py:925} INFO - DAG(s) 'tutorial' retrieved from /home/airflow/.local/lib/python3.12/site-packages/airflow/example_dags/tutorial.py
[2025-04-30T00:49:52.654+0000] {logging_mixin.py:190} INFO - [2025-04-30T00:49:52.654+0000] {dag.py:3211} INFO - Sync 1 DAGs
[2025-04-30T00:49:52.690+0000] {logging_mixin.py:190} INFO - [2025-04-30T00:49:52.689+0000] {dag.py:4138} INFO - Setting next_dagrun for tutorial to 2025-04-29 00:00:00+00:00, run_after=2025-04-30 00:00:00+00:00
[2025-04-30T00:49:52.717+0000] {processor.py:208} INFO - Processing /home/airflow/.local/lib/python3.12/site-packages/airflow/example_dags/tutorial.py took 0.116 seconds
[2025-04-30T00:50:23.128+0000] {processor.py:186} INFO - Started process (PID=2521) to work on /home/airflow/.local/lib/python3.12/site-packages/airflow/example_dags/tutorial.py
[2025-04-30T00:50:23.130+0000] {processor.py:914} INFO - Processing file /home/airflow/.local/lib/python3.12/site-packages/airflow/example_dags/tutorial.py for tasks to queue
[2025-04-30T00:50:23.132+0000] {logging_mixin.py:190} INFO - [2025-04-30T00:50:23.131+0000] {dagbag.py:587} INFO - Filling up the DagBag from /home/airflow/.local/lib/python3.12/site-packages/airflow/example_dags/tutorial.py
[2025-04-30T00:50:23.141+0000] {processor.py:925} INFO - DAG(s) 'tutorial' retrieved from /home/airflow/.local/lib/python3.12/site-packages/airflow/example_dags/tutorial.py
[2025-04-30T00:50:23.165+0000] {logging_mixin.py:190} INFO - [2025-04-30T00:50:23.165+0000] {dag.py:3211} INFO - Sync 1 DAGs
[2025-04-30T00:50:23.204+0000] {logging_mixin.py:190} INFO - [2025-04-30T00:50:23.203+0000] {dag.py:4138} INFO - Setting next_dagrun for tutorial to 2025-04-29 00:00:00+00:00, run_after=2025-04-30 00:00:00+00:00
[2025-04-30T00:50:23.239+0000] {processor.py:208} INFO - Processing /home/airflow/.local/lib/python3.12/site-packages/airflow/example_dags/tutorial.py took 0.117 seconds
[2025-04-30T00:50:53.792+0000] {processor.py:186} INFO - Started process (PID=2584) to work on /home/airflow/.local/lib/python3.12/site-packages/airflow/example_dags/tutorial.py
[2025-04-30T00:50:53.794+0000] {processor.py:914} INFO - Processing file /home/airflow/.local/lib/python3.12/site-packages/airflow/example_dags/tutorial.py for tasks to queue
[2025-04-30T00:50:53.795+0000] {logging_mixin.py:190} INFO - [2025-04-30T00:50:53.795+0000] {dagbag.py:587} INFO - Filling up the DagBag from /home/airflow/.local/lib/python3.12/site-packages/airflow/example_dags/tutorial.py
[2025-04-30T00:50:53.806+0000] {processor.py:925} INFO - DAG(s) 'tutorial' retrieved from /home/airflow/.local/lib/python3.12/site-packages/airflow/example_dags/tutorial.py
[2025-04-30T00:50:53.831+0000] {logging_mixin.py:190} INFO - [2025-04-30T00:50:53.831+0000] {dag.py:3211} INFO - Sync 1 DAGs
[2025-04-30T00:50:53.861+0000] {logging_mixin.py:190} INFO - [2025-04-30T00:50:53.861+0000] {dag.py:4138} INFO - Setting next_dagrun for tutorial to 2025-04-29 00:00:00+00:00, run_after=2025-04-30 00:00:00+00:00
[2025-04-30T00:50:53.892+0000] {processor.py:208} INFO - Processing /home/airflow/.local/lib/python3.12/site-packages/airflow/example_dags/tutorial.py took 0.105 seconds
[2025-04-30T00:51:24.085+0000] {processor.py:186} INFO - Started process (PID=2646) to work on /home/airflow/.local/lib/python3.12/site-packages/airflow/example_dags/tutorial.py
[2025-04-30T00:51:24.087+0000] {processor.py:914} INFO - Processing file /home/airflow/.local/lib/python3.12/site-packages/airflow/example_dags/tutorial.py for tasks to queue
[2025-04-30T00:51:24.089+0000] {logging_mixin.py:190} INFO - [2025-04-30T00:51:24.089+0000] {dagbag.py:587} INFO - Filling up the DagBag from /home/airflow/.local/lib/python3.12/site-packages/airflow/example_dags/tutorial.py
[2025-04-30T00:51:24.103+0000] {processor.py:925} INFO - DAG(s) 'tutorial' retrieved from /home/airflow/.local/lib/python3.12/site-packages/airflow/example_dags/tutorial.py
[2025-04-30T00:51:24.132+0000] {logging_mixin.py:190} INFO - [2025-04-30T00:51:24.132+0000] {dag.py:3211} INFO - Sync 1 DAGs
[2025-04-30T00:51:24.161+0000] {logging_mixin.py:190} INFO - [2025-04-30T00:51:24.161+0000] {dag.py:4138} INFO - Setting next_dagrun for tutorial to 2025-04-29 00:00:00+00:00, run_after=2025-04-30 00:00:00+00:00
[2025-04-30T00:51:24.184+0000] {processor.py:208} INFO - Processing /home/airflow/.local/lib/python3.12/site-packages/airflow/example_dags/tutorial.py took 0.109 seconds
[2025-04-30T00:59:30.102+0000] {processor.py:186} INFO - Started process (PID=2709) to work on /home/airflow/.local/lib/python3.12/site-packages/airflow/example_dags/tutorial.py
[2025-04-30T00:59:30.105+0000] {processor.py:914} INFO - Processing file /home/airflow/.local/lib/python3.12/site-packages/airflow/example_dags/tutorial.py for tasks to queue
[2025-04-30T00:59:30.109+0000] {logging_mixin.py:190} INFO - [2025-04-30T00:59:30.108+0000] {dagbag.py:587} INFO - Filling up the DagBag from /home/airflow/.local/lib/python3.12/site-packages/airflow/example_dags/tutorial.py
[2025-04-30T00:59:30.127+0000] {processor.py:925} INFO - DAG(s) 'tutorial' retrieved from /home/airflow/.local/lib/python3.12/site-packages/airflow/example_dags/tutorial.py
[2025-04-30T00:59:30.178+0000] {logging_mixin.py:190} INFO - [2025-04-30T00:59:30.177+0000] {dag.py:3211} INFO - Sync 1 DAGs
[2025-04-30T00:59:30.239+0000] {logging_mixin.py:190} INFO - [2025-04-30T00:59:30.239+0000] {dag.py:4138} INFO - Setting next_dagrun for tutorial to 2025-04-29 00:00:00+00:00, run_after=2025-04-30 00:00:00+00:00
[2025-04-30T00:59:30.307+0000] {processor.py:208} INFO - Processing /home/airflow/.local/lib/python3.12/site-packages/airflow/example_dags/tutorial.py took 0.217 seconds
[2025-04-30T01:00:00.517+0000] {processor.py:186} INFO - Started process (PID=2777) to work on /home/airflow/.local/lib/python3.12/site-packages/airflow/example_dags/tutorial.py
[2025-04-30T01:00:00.519+0000] {processor.py:914} INFO - Processing file /home/airflow/.local/lib/python3.12/site-packages/airflow/example_dags/tutorial.py for tasks to queue
[2025-04-30T01:00:00.522+0000] {logging_mixin.py:190} INFO - [2025-04-30T01:00:00.521+0000] {dagbag.py:587} INFO - Filling up the DagBag from /home/airflow/.local/lib/python3.12/site-packages/airflow/example_dags/tutorial.py
[2025-04-30T01:00:00.533+0000] {processor.py:925} INFO - DAG(s) 'tutorial' retrieved from /home/airflow/.local/lib/python3.12/site-packages/airflow/example_dags/tutorial.py
[2025-04-30T01:00:00.560+0000] {logging_mixin.py:190} INFO - [2025-04-30T01:00:00.560+0000] {dag.py:3211} INFO - Sync 1 DAGs
[2025-04-30T01:00:00.586+0000] {logging_mixin.py:190} INFO - [2025-04-30T01:00:00.586+0000] {dag.py:4138} INFO - Setting next_dagrun for tutorial to 2025-04-29 00:00:00+00:00, run_after=2025-04-30 00:00:00+00:00
[2025-04-30T01:00:00.611+0000] {processor.py:208} INFO - Processing /home/airflow/.local/lib/python3.12/site-packages/airflow/example_dags/tutorial.py took 0.101 seconds
[2025-04-30T01:00:31.587+0000] {processor.py:186} INFO - Started process (PID=2843) to work on /home/airflow/.local/lib/python3.12/site-packages/airflow/example_dags/tutorial.py
[2025-04-30T01:00:31.589+0000] {processor.py:914} INFO - Processing file /home/airflow/.local/lib/python3.12/site-packages/airflow/example_dags/tutorial.py for tasks to queue
[2025-04-30T01:00:31.590+0000] {logging_mixin.py:190} INFO - [2025-04-30T01:00:31.590+0000] {dagbag.py:587} INFO - Filling up the DagBag from /home/airflow/.local/lib/python3.12/site-packages/airflow/example_dags/tutorial.py
[2025-04-30T01:00:31.602+0000] {processor.py:925} INFO - DAG(s) 'tutorial' retrieved from /home/airflow/.local/lib/python3.12/site-packages/airflow/example_dags/tutorial.py
[2025-04-30T01:00:31.625+0000] {logging_mixin.py:190} INFO - [2025-04-30T01:00:31.625+0000] {dag.py:3211} INFO - Sync 1 DAGs
[2025-04-30T01:00:31.656+0000] {logging_mixin.py:190} INFO - [2025-04-30T01:00:31.655+0000] {dag.py:4138} INFO - Setting next_dagrun for tutorial to 2025-04-29 00:00:00+00:00, run_after=2025-04-30 00:00:00+00:00
[2025-04-30T01:00:31.679+0000] {processor.py:208} INFO - Processing /home/airflow/.local/lib/python3.12/site-packages/airflow/example_dags/tutorial.py took 0.098 seconds
[2025-04-30T01:01:03.409+0000] {processor.py:186} INFO - Started process (PID=2906) to work on /home/airflow/.local/lib/python3.12/site-packages/airflow/example_dags/tutorial.py
[2025-04-30T01:01:03.411+0000] {processor.py:914} INFO - Processing file /home/airflow/.local/lib/python3.12/site-packages/airflow/example_dags/tutorial.py for tasks to queue
[2025-04-30T01:01:03.412+0000] {logging_mixin.py:190} INFO - [2025-04-30T01:01:03.412+0000] {dagbag.py:587} INFO - Filling up the DagBag from /home/airflow/.local/lib/python3.12/site-packages/airflow/example_dags/tutorial.py
[2025-04-30T01:01:03.423+0000] {processor.py:925} INFO - DAG(s) 'tutorial' retrieved from /home/airflow/.local/lib/python3.12/site-packages/airflow/example_dags/tutorial.py
[2025-04-30T01:01:03.447+0000] {logging_mixin.py:190} INFO - [2025-04-30T01:01:03.447+0000] {dag.py:3211} INFO - Sync 1 DAGs
[2025-04-30T01:01:03.474+0000] {logging_mixin.py:190} INFO - [2025-04-30T01:01:03.474+0000] {dag.py:4138} INFO - Setting next_dagrun for tutorial to 2025-04-29 00:00:00+00:00, run_after=2025-04-30 00:00:00+00:00
[2025-04-30T01:01:03.676+0000] {processor.py:208} INFO - Processing /home/airflow/.local/lib/python3.12/site-packages/airflow/example_dags/tutorial.py took 0.273 seconds
[2025-04-30T01:01:35.049+0000] {processor.py:186} INFO - Started process (PID=2978) to work on /home/airflow/.local/lib/python3.12/site-packages/airflow/example_dags/tutorial.py
[2025-04-30T01:01:35.051+0000] {processor.py:914} INFO - Processing file /home/airflow/.local/lib/python3.12/site-packages/airflow/example_dags/tutorial.py for tasks to queue
[2025-04-30T01:01:35.052+0000] {logging_mixin.py:190} INFO - [2025-04-30T01:01:35.052+0000] {dagbag.py:587} INFO - Filling up the DagBag from /home/airflow/.local/lib/python3.12/site-packages/airflow/example_dags/tutorial.py
[2025-04-30T01:01:35.061+0000] {processor.py:925} INFO - DAG(s) 'tutorial' retrieved from /home/airflow/.local/lib/python3.12/site-packages/airflow/example_dags/tutorial.py
[2025-04-30T01:01:35.081+0000] {logging_mixin.py:190} INFO - [2025-04-30T01:01:35.081+0000] {dag.py:3211} INFO - Sync 1 DAGs
[2025-04-30T01:01:35.104+0000] {logging_mixin.py:190} INFO - [2025-04-30T01:01:35.104+0000] {dag.py:4138} INFO - Setting next_dagrun for tutorial to 2025-04-29 00:00:00+00:00, run_after=2025-04-30 00:00:00+00:00
[2025-04-30T01:01:35.125+0000] {processor.py:208} INFO - Processing /home/airflow/.local/lib/python3.12/site-packages/airflow/example_dags/tutorial.py took 0.083 seconds
[2025-04-30T01:02:06.529+0000] {processor.py:186} INFO - Started process (PID=3046) to work on /home/airflow/.local/lib/python3.12/site-packages/airflow/example_dags/tutorial.py
[2025-04-30T01:02:06.530+0000] {processor.py:914} INFO - Processing file /home/airflow/.local/lib/python3.12/site-packages/airflow/example_dags/tutorial.py for tasks to queue
[2025-04-30T01:02:06.531+0000] {logging_mixin.py:190} INFO - [2025-04-30T01:02:06.531+0000] {dagbag.py:587} INFO - Filling up the DagBag from /home/airflow/.local/lib/python3.12/site-packages/airflow/example_dags/tutorial.py
[2025-04-30T01:02:06.541+0000] {processor.py:925} INFO - DAG(s) 'tutorial' retrieved from /home/airflow/.local/lib/python3.12/site-packages/airflow/example_dags/tutorial.py
[2025-04-30T01:02:06.563+0000] {logging_mixin.py:190} INFO - [2025-04-30T01:02:06.562+0000] {dag.py:3211} INFO - Sync 1 DAGs
[2025-04-30T01:02:06.588+0000] {logging_mixin.py:190} INFO - [2025-04-30T01:02:06.588+0000] {dag.py:4138} INFO - Setting next_dagrun for tutorial to 2025-04-29 00:00:00+00:00, run_after=2025-04-30 00:00:00+00:00
[2025-04-30T01:02:06.609+0000] {processor.py:208} INFO - Processing /home/airflow/.local/lib/python3.12/site-packages/airflow/example_dags/tutorial.py took 0.085 seconds
[2025-04-30T01:02:37.358+0000] {processor.py:186} INFO - Started process (PID=3113) to work on /home/airflow/.local/lib/python3.12/site-packages/airflow/example_dags/tutorial.py
[2025-04-30T01:02:37.359+0000] {processor.py:914} INFO - Processing file /home/airflow/.local/lib/python3.12/site-packages/airflow/example_dags/tutorial.py for tasks to queue
[2025-04-30T01:02:37.360+0000] {logging_mixin.py:190} INFO - [2025-04-30T01:02:37.360+0000] {dagbag.py:587} INFO - Filling up the DagBag from /home/airflow/.local/lib/python3.12/site-packages/airflow/example_dags/tutorial.py
[2025-04-30T01:02:37.370+0000] {processor.py:925} INFO - DAG(s) 'tutorial' retrieved from /home/airflow/.local/lib/python3.12/site-packages/airflow/example_dags/tutorial.py
[2025-04-30T01:02:37.391+0000] {logging_mixin.py:190} INFO - [2025-04-30T01:02:37.391+0000] {dag.py:3211} INFO - Sync 1 DAGs
[2025-04-30T01:02:37.415+0000] {logging_mixin.py:190} INFO - [2025-04-30T01:02:37.415+0000] {dag.py:4138} INFO - Setting next_dagrun for tutorial to 2025-04-29 00:00:00+00:00, run_after=2025-04-30 00:00:00+00:00
[2025-04-30T01:02:37.438+0000] {processor.py:208} INFO - Processing /home/airflow/.local/lib/python3.12/site-packages/airflow/example_dags/tutorial.py took 0.089 seconds
[2025-04-30T01:03:09.009+0000] {processor.py:186} INFO - Started process (PID=3181) to work on /home/airflow/.local/lib/python3.12/site-packages/airflow/example_dags/tutorial.py
[2025-04-30T01:03:09.010+0000] {processor.py:914} INFO - Processing file /home/airflow/.local/lib/python3.12/site-packages/airflow/example_dags/tutorial.py for tasks to queue
[2025-04-30T01:03:09.012+0000] {logging_mixin.py:190} INFO - [2025-04-30T01:03:09.011+0000] {dagbag.py:587} INFO - Filling up the DagBag from /home/airflow/.local/lib/python3.12/site-packages/airflow/example_dags/tutorial.py
[2025-04-30T01:03:09.021+0000] {processor.py:925} INFO - DAG(s) 'tutorial' retrieved from /home/airflow/.local/lib/python3.12/site-packages/airflow/example_dags/tutorial.py
[2025-04-30T01:03:09.044+0000] {logging_mixin.py:190} INFO - [2025-04-30T01:03:09.044+0000] {dag.py:3211} INFO - Sync 1 DAGs
[2025-04-30T01:03:09.070+0000] {logging_mixin.py:190} INFO - [2025-04-30T01:03:09.070+0000] {dag.py:4138} INFO - Setting next_dagrun for tutorial to 2025-04-29 00:00:00+00:00, run_after=2025-04-30 00:00:00+00:00
[2025-04-30T01:03:09.092+0000] {processor.py:208} INFO - Processing /home/airflow/.local/lib/python3.12/site-packages/airflow/example_dags/tutorial.py took 0.090 seconds
[2025-04-30T01:03:41.667+0000] {processor.py:186} INFO - Started process (PID=3244) to work on /home/airflow/.local/lib/python3.12/site-packages/airflow/example_dags/tutorial.py
[2025-04-30T01:03:41.669+0000] {processor.py:914} INFO - Processing file /home/airflow/.local/lib/python3.12/site-packages/airflow/example_dags/tutorial.py for tasks to queue
[2025-04-30T01:03:41.670+0000] {logging_mixin.py:190} INFO - [2025-04-30T01:03:41.670+0000] {dagbag.py:587} INFO - Filling up the DagBag from /home/airflow/.local/lib/python3.12/site-packages/airflow/example_dags/tutorial.py
[2025-04-30T01:03:41.682+0000] {processor.py:925} INFO - DAG(s) 'tutorial' retrieved from /home/airflow/.local/lib/python3.12/site-packages/airflow/example_dags/tutorial.py
[2025-04-30T01:03:41.705+0000] {logging_mixin.py:190} INFO - [2025-04-30T01:03:41.705+0000] {dag.py:3211} INFO - Sync 1 DAGs
[2025-04-30T01:03:41.907+0000] {logging_mixin.py:190} INFO - [2025-04-30T01:03:41.906+0000] {dag.py:4138} INFO - Setting next_dagrun for tutorial to 2025-04-29 00:00:00+00:00, run_after=2025-04-30 00:00:00+00:00
[2025-04-30T01:03:41.930+0000] {processor.py:208} INFO - Processing /home/airflow/.local/lib/python3.12/site-packages/airflow/example_dags/tutorial.py took 0.271 seconds
[2025-04-30T01:04:12.688+0000] {processor.py:186} INFO - Started process (PID=3307) to work on /home/airflow/.local/lib/python3.12/site-packages/airflow/example_dags/tutorial.py
[2025-04-30T01:04:12.690+0000] {processor.py:914} INFO - Processing file /home/airflow/.local/lib/python3.12/site-packages/airflow/example_dags/tutorial.py for tasks to queue
[2025-04-30T01:04:12.692+0000] {logging_mixin.py:190} INFO - [2025-04-30T01:04:12.691+0000] {dagbag.py:587} INFO - Filling up the DagBag from /home/airflow/.local/lib/python3.12/site-packages/airflow/example_dags/tutorial.py
[2025-04-30T01:04:12.705+0000] {processor.py:925} INFO - DAG(s) 'tutorial' retrieved from /home/airflow/.local/lib/python3.12/site-packages/airflow/example_dags/tutorial.py
[2025-04-30T01:04:12.732+0000] {logging_mixin.py:190} INFO - [2025-04-30T01:04:12.732+0000] {dag.py:3211} INFO - Sync 1 DAGs
[2025-04-30T01:04:12.959+0000] {logging_mixin.py:190} INFO - [2025-04-30T01:04:12.959+0000] {dag.py:4138} INFO - Setting next_dagrun for tutorial to 2025-04-29 00:00:00+00:00, run_after=2025-04-30 00:00:00+00:00
[2025-04-30T01:04:12.987+0000] {processor.py:208} INFO - Processing /home/airflow/.local/lib/python3.12/site-packages/airflow/example_dags/tutorial.py took 0.307 seconds
[2025-04-30T01:04:43.043+0000] {processor.py:186} INFO - Started process (PID=3370) to work on /home/airflow/.local/lib/python3.12/site-packages/airflow/example_dags/tutorial.py
[2025-04-30T01:04:43.044+0000] {processor.py:914} INFO - Processing file /home/airflow/.local/lib/python3.12/site-packages/airflow/example_dags/tutorial.py for tasks to queue
[2025-04-30T01:04:43.046+0000] {logging_mixin.py:190} INFO - [2025-04-30T01:04:43.046+0000] {dagbag.py:587} INFO - Filling up the DagBag from /home/airflow/.local/lib/python3.12/site-packages/airflow/example_dags/tutorial.py
[2025-04-30T01:04:43.057+0000] {processor.py:925} INFO - DAG(s) 'tutorial' retrieved from /home/airflow/.local/lib/python3.12/site-packages/airflow/example_dags/tutorial.py
[2025-04-30T01:04:43.083+0000] {logging_mixin.py:190} INFO - [2025-04-30T01:04:43.083+0000] {dag.py:3211} INFO - Sync 1 DAGs
[2025-04-30T01:04:43.112+0000] {logging_mixin.py:190} INFO - [2025-04-30T01:04:43.112+0000] {dag.py:4138} INFO - Setting next_dagrun for tutorial to 2025-04-29 00:00:00+00:00, run_after=2025-04-30 00:00:00+00:00
[2025-04-30T01:04:43.135+0000] {processor.py:208} INFO - Processing /home/airflow/.local/lib/python3.12/site-packages/airflow/example_dags/tutorial.py took 0.099 seconds
[2025-04-30T01:05:13.757+0000] {processor.py:186} INFO - Started process (PID=3433) to work on /home/airflow/.local/lib/python3.12/site-packages/airflow/example_dags/tutorial.py
[2025-04-30T01:05:13.758+0000] {processor.py:914} INFO - Processing file /home/airflow/.local/lib/python3.12/site-packages/airflow/example_dags/tutorial.py for tasks to queue
[2025-04-30T01:05:13.760+0000] {logging_mixin.py:190} INFO - [2025-04-30T01:05:13.760+0000] {dagbag.py:587} INFO - Filling up the DagBag from /home/airflow/.local/lib/python3.12/site-packages/airflow/example_dags/tutorial.py
[2025-04-30T01:05:13.769+0000] {processor.py:925} INFO - DAG(s) 'tutorial' retrieved from /home/airflow/.local/lib/python3.12/site-packages/airflow/example_dags/tutorial.py
[2025-04-30T01:05:13.791+0000] {logging_mixin.py:190} INFO - [2025-04-30T01:05:13.791+0000] {dag.py:3211} INFO - Sync 1 DAGs
[2025-04-30T01:05:13.820+0000] {logging_mixin.py:190} INFO - [2025-04-30T01:05:13.819+0000] {dag.py:4138} INFO - Setting next_dagrun for tutorial to 2025-04-29 00:00:00+00:00, run_after=2025-04-30 00:00:00+00:00
[2025-04-30T01:05:13.846+0000] {processor.py:208} INFO - Processing /home/airflow/.local/lib/python3.12/site-packages/airflow/example_dags/tutorial.py took 0.095 seconds
[2025-04-30T01:05:44.378+0000] {processor.py:186} INFO - Started process (PID=3496) to work on /home/airflow/.local/lib/python3.12/site-packages/airflow/example_dags/tutorial.py
[2025-04-30T01:05:44.379+0000] {processor.py:914} INFO - Processing file /home/airflow/.local/lib/python3.12/site-packages/airflow/example_dags/tutorial.py for tasks to queue
[2025-04-30T01:05:44.381+0000] {logging_mixin.py:190} INFO - [2025-04-30T01:05:44.380+0000] {dagbag.py:587} INFO - Filling up the DagBag from /home/airflow/.local/lib/python3.12/site-packages/airflow/example_dags/tutorial.py
[2025-04-30T01:05:44.390+0000] {processor.py:925} INFO - DAG(s) 'tutorial' retrieved from /home/airflow/.local/lib/python3.12/site-packages/airflow/example_dags/tutorial.py
[2025-04-30T01:05:44.411+0000] {logging_mixin.py:190} INFO - [2025-04-30T01:05:44.410+0000] {dag.py:3211} INFO - Sync 1 DAGs
[2025-04-30T01:05:44.439+0000] {logging_mixin.py:190} INFO - [2025-04-30T01:05:44.439+0000] {dag.py:4138} INFO - Setting next_dagrun for tutorial to 2025-04-29 00:00:00+00:00, run_after=2025-04-30 00:00:00+00:00
[2025-04-30T01:05:44.460+0000] {processor.py:208} INFO - Processing /home/airflow/.local/lib/python3.12/site-packages/airflow/example_dags/tutorial.py took 0.087 seconds
[2025-04-30T01:06:15.222+0000] {processor.py:186} INFO - Started process (PID=3559) to work on /home/airflow/.local/lib/python3.12/site-packages/airflow/example_dags/tutorial.py
[2025-04-30T01:06:15.223+0000] {processor.py:914} INFO - Processing file /home/airflow/.local/lib/python3.12/site-packages/airflow/example_dags/tutorial.py for tasks to queue
[2025-04-30T01:06:15.224+0000] {logging_mixin.py:190} INFO - [2025-04-30T01:06:15.224+0000] {dagbag.py:587} INFO - Filling up the DagBag from /home/airflow/.local/lib/python3.12/site-packages/airflow/example_dags/tutorial.py
[2025-04-30T01:06:15.240+0000] {processor.py:925} INFO - DAG(s) 'tutorial' retrieved from /home/airflow/.local/lib/python3.12/site-packages/airflow/example_dags/tutorial.py
[2025-04-30T01:06:15.279+0000] {logging_mixin.py:190} INFO - [2025-04-30T01:06:15.278+0000] {dag.py:3211} INFO - Sync 1 DAGs
[2025-04-30T01:06:15.321+0000] {logging_mixin.py:190} INFO - [2025-04-30T01:06:15.320+0000] {dag.py:4138} INFO - Setting next_dagrun for tutorial to 2025-04-29 00:00:00+00:00, run_after=2025-04-30 00:00:00+00:00
[2025-04-30T01:06:15.344+0000] {processor.py:208} INFO - Processing /home/airflow/.local/lib/python3.12/site-packages/airflow/example_dags/tutorial.py took 0.132 seconds
[2025-04-30T01:06:45.907+0000] {processor.py:186} INFO - Started process (PID=3622) to work on /home/airflow/.local/lib/python3.12/site-packages/airflow/example_dags/tutorial.py
[2025-04-30T01:06:45.909+0000] {processor.py:914} INFO - Processing file /home/airflow/.local/lib/python3.12/site-packages/airflow/example_dags/tutorial.py for tasks to queue
[2025-04-30T01:06:45.911+0000] {logging_mixin.py:190} INFO - [2025-04-30T01:06:45.911+0000] {dagbag.py:587} INFO - Filling up the DagBag from /home/airflow/.local/lib/python3.12/site-packages/airflow/example_dags/tutorial.py
[2025-04-30T01:06:45.922+0000] {processor.py:925} INFO - DAG(s) 'tutorial' retrieved from /home/airflow/.local/lib/python3.12/site-packages/airflow/example_dags/tutorial.py
[2025-04-30T01:06:45.949+0000] {logging_mixin.py:190} INFO - [2025-04-30T01:06:45.949+0000] {dag.py:3211} INFO - Sync 1 DAGs
[2025-04-30T01:06:45.981+0000] {logging_mixin.py:190} INFO - [2025-04-30T01:06:45.981+0000] {dag.py:4138} INFO - Setting next_dagrun for tutorial to 2025-04-29 00:00:00+00:00, run_after=2025-04-30 00:00:00+00:00
[2025-04-30T01:06:46.013+0000] {processor.py:208} INFO - Processing /home/airflow/.local/lib/python3.12/site-packages/airflow/example_dags/tutorial.py took 0.113 seconds
[2025-04-30T01:07:16.197+0000] {processor.py:186} INFO - Started process (PID=3685) to work on /home/airflow/.local/lib/python3.12/site-packages/airflow/example_dags/tutorial.py
[2025-04-30T01:07:16.198+0000] {processor.py:914} INFO - Processing file /home/airflow/.local/lib/python3.12/site-packages/airflow/example_dags/tutorial.py for tasks to queue
[2025-04-30T01:07:16.200+0000] {logging_mixin.py:190} INFO - [2025-04-30T01:07:16.200+0000] {dagbag.py:587} INFO - Filling up the DagBag from /home/airflow/.local/lib/python3.12/site-packages/airflow/example_dags/tutorial.py
[2025-04-30T01:07:16.210+0000] {processor.py:925} INFO - DAG(s) 'tutorial' retrieved from /home/airflow/.local/lib/python3.12/site-packages/airflow/example_dags/tutorial.py
[2025-04-30T01:07:16.235+0000] {logging_mixin.py:190} INFO - [2025-04-30T01:07:16.234+0000] {dag.py:3211} INFO - Sync 1 DAGs
[2025-04-30T01:07:16.267+0000] {logging_mixin.py:190} INFO - [2025-04-30T01:07:16.267+0000] {dag.py:4138} INFO - Setting next_dagrun for tutorial to 2025-04-29 00:00:00+00:00, run_after=2025-04-30 00:00:00+00:00
[2025-04-30T01:07:16.298+0000] {processor.py:208} INFO - Processing /home/airflow/.local/lib/python3.12/site-packages/airflow/example_dags/tutorial.py took 0.107 seconds
[2025-04-30T01:07:47.143+0000] {processor.py:186} INFO - Started process (PID=3748) to work on /home/airflow/.local/lib/python3.12/site-packages/airflow/example_dags/tutorial.py
[2025-04-30T01:07:47.145+0000] {processor.py:914} INFO - Processing file /home/airflow/.local/lib/python3.12/site-packages/airflow/example_dags/tutorial.py for tasks to queue
[2025-04-30T01:07:47.147+0000] {logging_mixin.py:190} INFO - [2025-04-30T01:07:47.146+0000] {dagbag.py:587} INFO - Filling up the DagBag from /home/airflow/.local/lib/python3.12/site-packages/airflow/example_dags/tutorial.py
[2025-04-30T01:07:47.163+0000] {processor.py:925} INFO - DAG(s) 'tutorial' retrieved from /home/airflow/.local/lib/python3.12/site-packages/airflow/example_dags/tutorial.py
[2025-04-30T01:07:47.198+0000] {logging_mixin.py:190} INFO - [2025-04-30T01:07:47.197+0000] {dag.py:3211} INFO - Sync 1 DAGs
[2025-04-30T01:07:47.235+0000] {logging_mixin.py:190} INFO - [2025-04-30T01:07:47.235+0000] {dag.py:4138} INFO - Setting next_dagrun for tutorial to 2025-04-29 00:00:00+00:00, run_after=2025-04-30 00:00:00+00:00
[2025-04-30T01:07:47.264+0000] {processor.py:208} INFO - Processing /home/airflow/.local/lib/python3.12/site-packages/airflow/example_dags/tutorial.py took 0.133 seconds
[2025-04-30T01:08:17.899+0000] {processor.py:186} INFO - Started process (PID=3811) to work on /home/airflow/.local/lib/python3.12/site-packages/airflow/example_dags/tutorial.py
[2025-04-30T01:08:17.900+0000] {processor.py:914} INFO - Processing file /home/airflow/.local/lib/python3.12/site-packages/airflow/example_dags/tutorial.py for tasks to queue
[2025-04-30T01:08:17.902+0000] {logging_mixin.py:190} INFO - [2025-04-30T01:08:17.901+0000] {dagbag.py:587} INFO - Filling up the DagBag from /home/airflow/.local/lib/python3.12/site-packages/airflow/example_dags/tutorial.py
[2025-04-30T01:08:17.911+0000] {processor.py:925} INFO - DAG(s) 'tutorial' retrieved from /home/airflow/.local/lib/python3.12/site-packages/airflow/example_dags/tutorial.py
[2025-04-30T01:08:17.935+0000] {logging_mixin.py:190} INFO - [2025-04-30T01:08:17.935+0000] {dag.py:3211} INFO - Sync 1 DAGs
[2025-04-30T01:08:17.971+0000] {logging_mixin.py:190} INFO - [2025-04-30T01:08:17.971+0000] {dag.py:4138} INFO - Setting next_dagrun for tutorial to 2025-04-29 00:00:00+00:00, run_after=2025-04-30 00:00:00+00:00
[2025-04-30T01:08:17.992+0000] {processor.py:208} INFO - Processing /home/airflow/.local/lib/python3.12/site-packages/airflow/example_dags/tutorial.py took 0.099 seconds
[2025-04-30T01:08:48.906+0000] {processor.py:186} INFO - Started process (PID=3873) to work on /home/airflow/.local/lib/python3.12/site-packages/airflow/example_dags/tutorial.py
[2025-04-30T01:08:48.908+0000] {processor.py:914} INFO - Processing file /home/airflow/.local/lib/python3.12/site-packages/airflow/example_dags/tutorial.py for tasks to queue
[2025-04-30T01:08:48.910+0000] {logging_mixin.py:190} INFO - [2025-04-30T01:08:48.909+0000] {dagbag.py:587} INFO - Filling up the DagBag from /home/airflow/.local/lib/python3.12/site-packages/airflow/example_dags/tutorial.py
[2025-04-30T01:08:48.920+0000] {processor.py:925} INFO - DAG(s) 'tutorial' retrieved from /home/airflow/.local/lib/python3.12/site-packages/airflow/example_dags/tutorial.py
[2025-04-30T01:08:48.950+0000] {logging_mixin.py:190} INFO - [2025-04-30T01:08:48.950+0000] {dag.py:3211} INFO - Sync 1 DAGs
[2025-04-30T01:08:48.988+0000] {logging_mixin.py:190} INFO - [2025-04-30T01:08:48.987+0000] {dag.py:4138} INFO - Setting next_dagrun for tutorial to 2025-04-29 00:00:00+00:00, run_after=2025-04-30 00:00:00+00:00
[2025-04-30T01:08:49.019+0000] {processor.py:208} INFO - Processing /home/airflow/.local/lib/python3.12/site-packages/airflow/example_dags/tutorial.py took 0.121 seconds
[2025-04-30T01:09:19.232+0000] {processor.py:186} INFO - Started process (PID=3941) to work on /home/airflow/.local/lib/python3.12/site-packages/airflow/example_dags/tutorial.py
[2025-04-30T01:09:19.234+0000] {processor.py:914} INFO - Processing file /home/airflow/.local/lib/python3.12/site-packages/airflow/example_dags/tutorial.py for tasks to queue
[2025-04-30T01:09:19.236+0000] {logging_mixin.py:190} INFO - [2025-04-30T01:09:19.235+0000] {dagbag.py:587} INFO - Filling up the DagBag from /home/airflow/.local/lib/python3.12/site-packages/airflow/example_dags/tutorial.py
[2025-04-30T01:09:19.245+0000] {processor.py:925} INFO - DAG(s) 'tutorial' retrieved from /home/airflow/.local/lib/python3.12/site-packages/airflow/example_dags/tutorial.py
[2025-04-30T01:09:19.272+0000] {logging_mixin.py:190} INFO - [2025-04-30T01:09:19.272+0000] {dag.py:3211} INFO - Sync 1 DAGs
[2025-04-30T01:09:19.300+0000] {logging_mixin.py:190} INFO - [2025-04-30T01:09:19.300+0000] {dag.py:4138} INFO - Setting next_dagrun for tutorial to 2025-04-29 00:00:00+00:00, run_after=2025-04-30 00:00:00+00:00
[2025-04-30T01:09:19.328+0000] {processor.py:208} INFO - Processing /home/airflow/.local/lib/python3.12/site-packages/airflow/example_dags/tutorial.py took 0.103 seconds
[2025-04-30T01:09:49.438+0000] {processor.py:186} INFO - Started process (PID=4003) to work on /home/airflow/.local/lib/python3.12/site-packages/airflow/example_dags/tutorial.py
[2025-04-30T01:09:49.440+0000] {processor.py:914} INFO - Processing file /home/airflow/.local/lib/python3.12/site-packages/airflow/example_dags/tutorial.py for tasks to queue
[2025-04-30T01:09:49.441+0000] {logging_mixin.py:190} INFO - [2025-04-30T01:09:49.441+0000] {dagbag.py:587} INFO - Filling up the DagBag from /home/airflow/.local/lib/python3.12/site-packages/airflow/example_dags/tutorial.py
[2025-04-30T01:09:49.451+0000] {processor.py:925} INFO - DAG(s) 'tutorial' retrieved from /home/airflow/.local/lib/python3.12/site-packages/airflow/example_dags/tutorial.py
[2025-04-30T01:09:49.473+0000] {logging_mixin.py:190} INFO - [2025-04-30T01:09:49.472+0000] {dag.py:3211} INFO - Sync 1 DAGs
[2025-04-30T01:09:49.502+0000] {logging_mixin.py:190} INFO - [2025-04-30T01:09:49.502+0000] {dag.py:4138} INFO - Setting next_dagrun for tutorial to 2025-04-29 00:00:00+00:00, run_after=2025-04-30 00:00:00+00:00
[2025-04-30T01:09:49.524+0000] {processor.py:208} INFO - Processing /home/airflow/.local/lib/python3.12/site-packages/airflow/example_dags/tutorial.py took 0.092 seconds
[2025-04-30T01:10:20.190+0000] {processor.py:186} INFO - Started process (PID=4065) to work on /home/airflow/.local/lib/python3.12/site-packages/airflow/example_dags/tutorial.py
[2025-04-30T01:10:20.191+0000] {processor.py:914} INFO - Processing file /home/airflow/.local/lib/python3.12/site-packages/airflow/example_dags/tutorial.py for tasks to queue
[2025-04-30T01:10:20.192+0000] {logging_mixin.py:190} INFO - [2025-04-30T01:10:20.192+0000] {dagbag.py:587} INFO - Filling up the DagBag from /home/airflow/.local/lib/python3.12/site-packages/airflow/example_dags/tutorial.py
[2025-04-30T01:10:20.202+0000] {processor.py:925} INFO - DAG(s) 'tutorial' retrieved from /home/airflow/.local/lib/python3.12/site-packages/airflow/example_dags/tutorial.py
[2025-04-30T01:10:20.229+0000] {logging_mixin.py:190} INFO - [2025-04-30T01:10:20.229+0000] {dag.py:3211} INFO - Sync 1 DAGs
[2025-04-30T01:10:20.266+0000] {logging_mixin.py:190} INFO - [2025-04-30T01:10:20.265+0000] {dag.py:4138} INFO - Setting next_dagrun for tutorial to 2025-04-29 00:00:00+00:00, run_after=2025-04-30 00:00:00+00:00
[2025-04-30T01:10:20.290+0000] {processor.py:208} INFO - Processing /home/airflow/.local/lib/python3.12/site-packages/airflow/example_dags/tutorial.py took 0.107 seconds
[2025-04-30T01:10:51.211+0000] {processor.py:186} INFO - Started process (PID=4127) to work on /home/airflow/.local/lib/python3.12/site-packages/airflow/example_dags/tutorial.py
[2025-04-30T01:10:51.212+0000] {processor.py:914} INFO - Processing file /home/airflow/.local/lib/python3.12/site-packages/airflow/example_dags/tutorial.py for tasks to queue
[2025-04-30T01:10:51.214+0000] {logging_mixin.py:190} INFO - [2025-04-30T01:10:51.213+0000] {dagbag.py:587} INFO - Filling up the DagBag from /home/airflow/.local/lib/python3.12/site-packages/airflow/example_dags/tutorial.py
[2025-04-30T01:10:51.226+0000] {processor.py:925} INFO - DAG(s) 'tutorial' retrieved from /home/airflow/.local/lib/python3.12/site-packages/airflow/example_dags/tutorial.py
[2025-04-30T01:10:51.251+0000] {logging_mixin.py:190} INFO - [2025-04-30T01:10:51.249+0000] {dag.py:3211} INFO - Sync 1 DAGs
[2025-04-30T01:10:51.282+0000] {logging_mixin.py:190} INFO - [2025-04-30T01:10:51.281+0000] {dag.py:4138} INFO - Setting next_dagrun for tutorial to 2025-04-29 00:00:00+00:00, run_after=2025-04-30 00:00:00+00:00
[2025-04-30T01:10:51.308+0000] {processor.py:208} INFO - Processing /home/airflow/.local/lib/python3.12/site-packages/airflow/example_dags/tutorial.py took 0.104 seconds
[2025-04-30T01:11:22.030+0000] {processor.py:186} INFO - Started process (PID=4189) to work on /home/airflow/.local/lib/python3.12/site-packages/airflow/example_dags/tutorial.py
[2025-04-30T01:11:22.032+0000] {processor.py:914} INFO - Processing file /home/airflow/.local/lib/python3.12/site-packages/airflow/example_dags/tutorial.py for tasks to queue
[2025-04-30T01:11:22.034+0000] {logging_mixin.py:190} INFO - [2025-04-30T01:11:22.033+0000] {dagbag.py:587} INFO - Filling up the DagBag from /home/airflow/.local/lib/python3.12/site-packages/airflow/example_dags/tutorial.py
[2025-04-30T01:11:22.050+0000] {processor.py:925} INFO - DAG(s) 'tutorial' retrieved from /home/airflow/.local/lib/python3.12/site-packages/airflow/example_dags/tutorial.py
[2025-04-30T01:11:22.084+0000] {logging_mixin.py:190} INFO - [2025-04-30T01:11:22.083+0000] {dag.py:3211} INFO - Sync 1 DAGs
[2025-04-30T01:11:22.125+0000] {logging_mixin.py:190} INFO - [2025-04-30T01:11:22.124+0000] {dag.py:4138} INFO - Setting next_dagrun for tutorial to 2025-04-29 00:00:00+00:00, run_after=2025-04-30 00:00:00+00:00
[2025-04-30T01:11:22.146+0000] {processor.py:208} INFO - Processing /home/airflow/.local/lib/python3.12/site-packages/airflow/example_dags/tutorial.py took 0.124 seconds
[2025-04-30T01:11:52.953+0000] {processor.py:186} INFO - Started process (PID=4251) to work on /home/airflow/.local/lib/python3.12/site-packages/airflow/example_dags/tutorial.py
[2025-04-30T01:11:52.955+0000] {processor.py:914} INFO - Processing file /home/airflow/.local/lib/python3.12/site-packages/airflow/example_dags/tutorial.py for tasks to queue
[2025-04-30T01:11:52.957+0000] {logging_mixin.py:190} INFO - [2025-04-30T01:11:52.956+0000] {dagbag.py:587} INFO - Filling up the DagBag from /home/airflow/.local/lib/python3.12/site-packages/airflow/example_dags/tutorial.py
[2025-04-30T01:11:52.969+0000] {processor.py:925} INFO - DAG(s) 'tutorial' retrieved from /home/airflow/.local/lib/python3.12/site-packages/airflow/example_dags/tutorial.py
[2025-04-30T01:11:52.998+0000] {logging_mixin.py:190} INFO - [2025-04-30T01:11:52.997+0000] {dag.py:3211} INFO - Sync 1 DAGs
[2025-04-30T01:11:53.034+0000] {logging_mixin.py:190} INFO - [2025-04-30T01:11:53.034+0000] {dag.py:4138} INFO - Setting next_dagrun for tutorial to 2025-04-29 00:00:00+00:00, run_after=2025-04-30 00:00:00+00:00
[2025-04-30T01:11:53.061+0000] {processor.py:208} INFO - Processing /home/airflow/.local/lib/python3.12/site-packages/airflow/example_dags/tutorial.py took 0.117 seconds
