[2025-04-30T00:30:45.534+0000] {processor.py:186} INFO - Started process (PID=74) to work on /opt/airflow/dags/anyname.py
[2025-04-30T00:30:45.537+0000] {processor.py:914} INFO - Processing file /opt/airflow/dags/anyname.py for tasks to queue
[2025-04-30T00:30:45.545+0000] {logging_mixin.py:190} INFO - [2025-04-30T00:30:45.544+0000] {dagbag.py:587} INFO - Filling up the DagBag from /opt/airflow/dags/anyname.py
[2025-04-30T00:30:45.601+0000] {logging_mixin.py:190} INFO - [2025-04-30T00:30:45.592+0000] {dagbag.py:386} ERROR - Failed to import: /opt/airflow/dags/anyname.py
Traceback (most recent call last):
  File "/home/airflow/.local/lib/python3.12/site-packages/airflow/models/dagbag.py", line 382, in parse
    loader.exec_module(new_module)
  File "<frozen importlib._bootstrap_external>", line 995, in exec_module
  File "<frozen importlib._bootstrap>", line 488, in _call_with_frames_removed
  File "/opt/airflow/dags/anyname.py", line 4, in <module>
    from utils import add_num, sub_num
ModuleNotFoundError: No module named 'utils'
[2025-04-30T00:30:45.605+0000] {processor.py:927} WARNING - No viable dags retrieved from /opt/airflow/dags/anyname.py
[2025-04-30T00:30:45.662+0000] {processor.py:208} INFO - Processing /opt/airflow/dags/anyname.py took 0.141 seconds
[2025-04-30T00:31:16.369+0000] {processor.py:186} INFO - Started process (PID=137) to work on /opt/airflow/dags/anyname.py
[2025-04-30T00:31:16.371+0000] {processor.py:914} INFO - Processing file /opt/airflow/dags/anyname.py for tasks to queue
[2025-04-30T00:31:16.377+0000] {logging_mixin.py:190} INFO - [2025-04-30T00:31:16.376+0000] {dagbag.py:587} INFO - Filling up the DagBag from /opt/airflow/dags/anyname.py
[2025-04-30T00:31:16.416+0000] {logging_mixin.py:190} INFO - [2025-04-30T00:31:16.408+0000] {dagbag.py:386} ERROR - Failed to import: /opt/airflow/dags/anyname.py
Traceback (most recent call last):
  File "/home/airflow/.local/lib/python3.12/site-packages/airflow/models/dagbag.py", line 382, in parse
    loader.exec_module(new_module)
  File "<frozen importlib._bootstrap_external>", line 995, in exec_module
  File "<frozen importlib._bootstrap>", line 488, in _call_with_frames_removed
  File "/opt/airflow/dags/anyname.py", line 4, in <module>
    from utils import add_num, sub_num
ModuleNotFoundError: No module named 'utils'
[2025-04-30T00:31:16.419+0000] {processor.py:927} WARNING - No viable dags retrieved from /opt/airflow/dags/anyname.py
[2025-04-30T00:31:16.462+0000] {processor.py:208} INFO - Processing /opt/airflow/dags/anyname.py took 0.104 seconds
[2025-04-30T00:31:46.888+0000] {processor.py:186} INFO - Started process (PID=200) to work on /opt/airflow/dags/anyname.py
[2025-04-30T00:31:46.890+0000] {processor.py:914} INFO - Processing file /opt/airflow/dags/anyname.py for tasks to queue
[2025-04-30T00:31:46.896+0000] {logging_mixin.py:190} INFO - [2025-04-30T00:31:46.895+0000] {dagbag.py:587} INFO - Filling up the DagBag from /opt/airflow/dags/anyname.py
[2025-04-30T00:31:46.946+0000] {logging_mixin.py:190} INFO - [2025-04-30T00:31:46.937+0000] {dagbag.py:386} ERROR - Failed to import: /opt/airflow/dags/anyname.py
Traceback (most recent call last):
  File "/home/airflow/.local/lib/python3.12/site-packages/airflow/models/dagbag.py", line 382, in parse
    loader.exec_module(new_module)
  File "<frozen importlib._bootstrap_external>", line 995, in exec_module
  File "<frozen importlib._bootstrap>", line 488, in _call_with_frames_removed
  File "/opt/airflow/dags/anyname.py", line 4, in <module>
    from utils import add_num, sub_num
ModuleNotFoundError: No module named 'utils'
[2025-04-30T00:31:46.950+0000] {processor.py:927} WARNING - No viable dags retrieved from /opt/airflow/dags/anyname.py
[2025-04-30T00:31:46.994+0000] {processor.py:208} INFO - Processing /opt/airflow/dags/anyname.py took 0.119 seconds
[2025-04-30T00:32:17.150+0000] {processor.py:186} INFO - Started process (PID=263) to work on /opt/airflow/dags/anyname.py
[2025-04-30T00:32:17.153+0000] {processor.py:914} INFO - Processing file /opt/airflow/dags/anyname.py for tasks to queue
[2025-04-30T00:32:17.159+0000] {logging_mixin.py:190} INFO - [2025-04-30T00:32:17.158+0000] {dagbag.py:587} INFO - Filling up the DagBag from /opt/airflow/dags/anyname.py
[2025-04-30T00:32:17.206+0000] {logging_mixin.py:190} INFO - [2025-04-30T00:32:17.197+0000] {dagbag.py:386} ERROR - Failed to import: /opt/airflow/dags/anyname.py
Traceback (most recent call last):
  File "/home/airflow/.local/lib/python3.12/site-packages/airflow/models/dagbag.py", line 382, in parse
    loader.exec_module(new_module)
  File "<frozen importlib._bootstrap_external>", line 995, in exec_module
  File "<frozen importlib._bootstrap>", line 488, in _call_with_frames_removed
  File "/opt/airflow/dags/anyname.py", line 4, in <module>
    from utils import add_num, sub_num
ModuleNotFoundError: No module named 'utils'
[2025-04-30T00:32:17.210+0000] {processor.py:927} WARNING - No viable dags retrieved from /opt/airflow/dags/anyname.py
[2025-04-30T00:32:17.258+0000] {processor.py:208} INFO - Processing /opt/airflow/dags/anyname.py took 0.121 seconds
[2025-04-30T00:32:47.730+0000] {processor.py:186} INFO - Started process (PID=326) to work on /opt/airflow/dags/anyname.py
[2025-04-30T00:32:47.733+0000] {processor.py:914} INFO - Processing file /opt/airflow/dags/anyname.py for tasks to queue
[2025-04-30T00:32:47.740+0000] {logging_mixin.py:190} INFO - [2025-04-30T00:32:47.738+0000] {dagbag.py:587} INFO - Filling up the DagBag from /opt/airflow/dags/anyname.py
[2025-04-30T00:32:47.791+0000] {logging_mixin.py:190} INFO - [2025-04-30T00:32:47.779+0000] {dagbag.py:386} ERROR - Failed to import: /opt/airflow/dags/anyname.py
Traceback (most recent call last):
  File "/home/airflow/.local/lib/python3.12/site-packages/airflow/models/dagbag.py", line 382, in parse
    loader.exec_module(new_module)
  File "<frozen importlib._bootstrap_external>", line 995, in exec_module
  File "<frozen importlib._bootstrap>", line 488, in _call_with_frames_removed
  File "/opt/airflow/dags/anyname.py", line 4, in <module>
    from utils import add_num, sub_num
ModuleNotFoundError: No module named 'utils'
[2025-04-30T00:32:47.794+0000] {processor.py:927} WARNING - No viable dags retrieved from /opt/airflow/dags/anyname.py
[2025-04-30T00:32:47.848+0000] {processor.py:208} INFO - Processing /opt/airflow/dags/anyname.py took 0.137 seconds
[2025-04-30T00:33:18.367+0000] {processor.py:186} INFO - Started process (PID=389) to work on /opt/airflow/dags/anyname.py
[2025-04-30T00:33:18.369+0000] {processor.py:914} INFO - Processing file /opt/airflow/dags/anyname.py for tasks to queue
[2025-04-30T00:33:18.374+0000] {logging_mixin.py:190} INFO - [2025-04-30T00:33:18.374+0000] {dagbag.py:587} INFO - Filling up the DagBag from /opt/airflow/dags/anyname.py
[2025-04-30T00:33:18.425+0000] {logging_mixin.py:190} INFO - [2025-04-30T00:33:18.416+0000] {dagbag.py:386} ERROR - Failed to import: /opt/airflow/dags/anyname.py
Traceback (most recent call last):
  File "/home/airflow/.local/lib/python3.12/site-packages/airflow/models/dagbag.py", line 382, in parse
    loader.exec_module(new_module)
  File "<frozen importlib._bootstrap_external>", line 995, in exec_module
  File "<frozen importlib._bootstrap>", line 488, in _call_with_frames_removed
  File "/opt/airflow/dags/anyname.py", line 4, in <module>
    from utils import add_num, sub_num
ModuleNotFoundError: No module named 'utils'
[2025-04-30T00:33:18.428+0000] {processor.py:927} WARNING - No viable dags retrieved from /opt/airflow/dags/anyname.py
[2025-04-30T00:33:18.472+0000] {processor.py:208} INFO - Processing /opt/airflow/dags/anyname.py took 0.117 seconds
[2025-04-30T00:33:49.162+0000] {processor.py:186} INFO - Started process (PID=459) to work on /opt/airflow/dags/anyname.py
[2025-04-30T00:33:49.164+0000] {processor.py:914} INFO - Processing file /opt/airflow/dags/anyname.py for tasks to queue
[2025-04-30T00:33:49.170+0000] {logging_mixin.py:190} INFO - [2025-04-30T00:33:49.169+0000] {dagbag.py:587} INFO - Filling up the DagBag from /opt/airflow/dags/anyname.py
[2025-04-30T00:33:49.215+0000] {logging_mixin.py:190} INFO - [2025-04-30T00:33:49.206+0000] {dagbag.py:386} ERROR - Failed to import: /opt/airflow/dags/anyname.py
Traceback (most recent call last):
  File "/home/airflow/.local/lib/python3.12/site-packages/airflow/models/dagbag.py", line 382, in parse
    loader.exec_module(new_module)
  File "<frozen importlib._bootstrap_external>", line 995, in exec_module
  File "<frozen importlib._bootstrap>", line 488, in _call_with_frames_removed
  File "/opt/airflow/dags/anyname.py", line 4, in <module>
    from utils import add_num, sub_num
ModuleNotFoundError: No module named 'utils'
[2025-04-30T00:33:49.219+0000] {processor.py:927} WARNING - No viable dags retrieved from /opt/airflow/dags/anyname.py
[2025-04-30T00:33:49.262+0000] {processor.py:208} INFO - Processing /opt/airflow/dags/anyname.py took 0.113 seconds
[2025-04-30T00:34:20.015+0000] {processor.py:186} INFO - Started process (PID=522) to work on /opt/airflow/dags/anyname.py
[2025-04-30T00:34:20.017+0000] {processor.py:914} INFO - Processing file /opt/airflow/dags/anyname.py for tasks to queue
[2025-04-30T00:34:20.021+0000] {logging_mixin.py:190} INFO - [2025-04-30T00:34:20.020+0000] {dagbag.py:587} INFO - Filling up the DagBag from /opt/airflow/dags/anyname.py
[2025-04-30T00:34:20.062+0000] {logging_mixin.py:190} INFO - [2025-04-30T00:34:20.054+0000] {dagbag.py:386} ERROR - Failed to import: /opt/airflow/dags/anyname.py
Traceback (most recent call last):
  File "/home/airflow/.local/lib/python3.12/site-packages/airflow/models/dagbag.py", line 382, in parse
    loader.exec_module(new_module)
  File "<frozen importlib._bootstrap_external>", line 995, in exec_module
  File "<frozen importlib._bootstrap>", line 488, in _call_with_frames_removed
  File "/opt/airflow/dags/anyname.py", line 4, in <module>
    from utils import add_num, sub_num
ModuleNotFoundError: No module named 'utils'
[2025-04-30T00:34:20.066+0000] {processor.py:927} WARNING - No viable dags retrieved from /opt/airflow/dags/anyname.py
[2025-04-30T00:34:20.109+0000] {processor.py:208} INFO - Processing /opt/airflow/dags/anyname.py took 0.106 seconds
[2025-04-30T00:34:50.341+0000] {processor.py:186} INFO - Started process (PID=585) to work on /opt/airflow/dags/anyname.py
[2025-04-30T00:34:50.344+0000] {processor.py:914} INFO - Processing file /opt/airflow/dags/anyname.py for tasks to queue
[2025-04-30T00:34:50.351+0000] {logging_mixin.py:190} INFO - [2025-04-30T00:34:50.349+0000] {dagbag.py:587} INFO - Filling up the DagBag from /opt/airflow/dags/anyname.py
[2025-04-30T00:34:50.404+0000] {logging_mixin.py:190} INFO - [2025-04-30T00:34:50.394+0000] {dagbag.py:386} ERROR - Failed to import: /opt/airflow/dags/anyname.py
Traceback (most recent call last):
  File "/home/airflow/.local/lib/python3.12/site-packages/airflow/models/dagbag.py", line 382, in parse
    loader.exec_module(new_module)
  File "<frozen importlib._bootstrap_external>", line 995, in exec_module
  File "<frozen importlib._bootstrap>", line 488, in _call_with_frames_removed
  File "/opt/airflow/dags/anyname.py", line 4, in <module>
    from utils import add_num, sub_num
ModuleNotFoundError: No module named 'utils'
[2025-04-30T00:34:50.408+0000] {processor.py:927} WARNING - No viable dags retrieved from /opt/airflow/dags/anyname.py
[2025-04-30T00:34:50.460+0000] {processor.py:208} INFO - Processing /opt/airflow/dags/anyname.py took 0.134 seconds
[2025-04-30T00:35:20.912+0000] {processor.py:186} INFO - Started process (PID=648) to work on /opt/airflow/dags/anyname.py
[2025-04-30T00:35:20.915+0000] {processor.py:914} INFO - Processing file /opt/airflow/dags/anyname.py for tasks to queue
[2025-04-30T00:35:20.924+0000] {logging_mixin.py:190} INFO - [2025-04-30T00:35:20.923+0000] {dagbag.py:587} INFO - Filling up the DagBag from /opt/airflow/dags/anyname.py
[2025-04-30T00:35:20.971+0000] {logging_mixin.py:190} INFO - [2025-04-30T00:35:20.962+0000] {dagbag.py:386} ERROR - Failed to import: /opt/airflow/dags/anyname.py
Traceback (most recent call last):
  File "/home/airflow/.local/lib/python3.12/site-packages/airflow/models/dagbag.py", line 382, in parse
    loader.exec_module(new_module)
  File "<frozen importlib._bootstrap_external>", line 995, in exec_module
  File "<frozen importlib._bootstrap>", line 488, in _call_with_frames_removed
  File "/opt/airflow/dags/anyname.py", line 4, in <module>
    from utils import add_num, sub_num
ModuleNotFoundError: No module named 'utils'
[2025-04-30T00:35:20.974+0000] {processor.py:927} WARNING - No viable dags retrieved from /opt/airflow/dags/anyname.py
[2025-04-30T00:35:21.011+0000] {processor.py:208} INFO - Processing /opt/airflow/dags/anyname.py took 0.131 seconds
[2025-04-30T00:35:51.921+0000] {processor.py:186} INFO - Started process (PID=711) to work on /opt/airflow/dags/anyname.py
[2025-04-30T00:35:51.925+0000] {processor.py:914} INFO - Processing file /opt/airflow/dags/anyname.py for tasks to queue
[2025-04-30T00:35:51.931+0000] {logging_mixin.py:190} INFO - [2025-04-30T00:35:51.931+0000] {dagbag.py:587} INFO - Filling up the DagBag from /opt/airflow/dags/anyname.py
[2025-04-30T00:35:51.977+0000] {logging_mixin.py:190} INFO - [2025-04-30T00:35:51.968+0000] {dagbag.py:386} ERROR - Failed to import: /opt/airflow/dags/anyname.py
Traceback (most recent call last):
  File "/home/airflow/.local/lib/python3.12/site-packages/airflow/models/dagbag.py", line 382, in parse
    loader.exec_module(new_module)
  File "<frozen importlib._bootstrap_external>", line 995, in exec_module
  File "<frozen importlib._bootstrap>", line 488, in _call_with_frames_removed
  File "/opt/airflow/dags/anyname.py", line 4, in <module>
    from utils import add_num, sub_num
ModuleNotFoundError: No module named 'utils'
[2025-04-30T00:35:51.980+0000] {processor.py:927} WARNING - No viable dags retrieved from /opt/airflow/dags/anyname.py
[2025-04-30T00:35:52.026+0000] {processor.py:208} INFO - Processing /opt/airflow/dags/anyname.py took 0.123 seconds
[2025-04-30T00:36:22.376+0000] {processor.py:186} INFO - Started process (PID=774) to work on /opt/airflow/dags/anyname.py
[2025-04-30T00:36:22.380+0000] {processor.py:914} INFO - Processing file /opt/airflow/dags/anyname.py for tasks to queue
[2025-04-30T00:36:22.395+0000] {logging_mixin.py:190} INFO - [2025-04-30T00:36:22.393+0000] {dagbag.py:587} INFO - Filling up the DagBag from /opt/airflow/dags/anyname.py
[2025-04-30T00:36:22.442+0000] {logging_mixin.py:190} INFO - [2025-04-30T00:36:22.433+0000] {dagbag.py:386} ERROR - Failed to import: /opt/airflow/dags/anyname.py
Traceback (most recent call last):
  File "/home/airflow/.local/lib/python3.12/site-packages/airflow/models/dagbag.py", line 382, in parse
    loader.exec_module(new_module)
  File "<frozen importlib._bootstrap_external>", line 995, in exec_module
  File "<frozen importlib._bootstrap>", line 488, in _call_with_frames_removed
  File "/opt/airflow/dags/anyname.py", line 4, in <module>
    from utils import add_num, sub_num
ModuleNotFoundError: No module named 'utils'
[2025-04-30T00:36:22.445+0000] {processor.py:927} WARNING - No viable dags retrieved from /opt/airflow/dags/anyname.py
[2025-04-30T00:36:22.495+0000] {processor.py:208} INFO - Processing /opt/airflow/dags/anyname.py took 0.144 seconds
[2025-04-30T00:36:53.136+0000] {processor.py:186} INFO - Started process (PID=837) to work on /opt/airflow/dags/anyname.py
[2025-04-30T00:36:53.139+0000] {processor.py:914} INFO - Processing file /opt/airflow/dags/anyname.py for tasks to queue
[2025-04-30T00:36:53.146+0000] {logging_mixin.py:190} INFO - [2025-04-30T00:36:53.144+0000] {dagbag.py:587} INFO - Filling up the DagBag from /opt/airflow/dags/anyname.py
[2025-04-30T00:36:53.195+0000] {logging_mixin.py:190} INFO - [2025-04-30T00:36:53.185+0000] {dagbag.py:386} ERROR - Failed to import: /opt/airflow/dags/anyname.py
Traceback (most recent call last):
  File "/home/airflow/.local/lib/python3.12/site-packages/airflow/models/dagbag.py", line 382, in parse
    loader.exec_module(new_module)
  File "<frozen importlib._bootstrap_external>", line 995, in exec_module
  File "<frozen importlib._bootstrap>", line 488, in _call_with_frames_removed
  File "/opt/airflow/dags/anyname.py", line 4, in <module>
    from utils import add_num, sub_num
ModuleNotFoundError: No module named 'utils'
[2025-04-30T00:36:53.198+0000] {processor.py:927} WARNING - No viable dags retrieved from /opt/airflow/dags/anyname.py
[2025-04-30T00:36:53.250+0000] {processor.py:208} INFO - Processing /opt/airflow/dags/anyname.py took 0.129 seconds
[2025-04-30T00:37:24.036+0000] {processor.py:186} INFO - Started process (PID=900) to work on /opt/airflow/dags/anyname.py
[2025-04-30T00:37:24.038+0000] {processor.py:914} INFO - Processing file /opt/airflow/dags/anyname.py for tasks to queue
[2025-04-30T00:37:24.045+0000] {logging_mixin.py:190} INFO - [2025-04-30T00:37:24.044+0000] {dagbag.py:587} INFO - Filling up the DagBag from /opt/airflow/dags/anyname.py
[2025-04-30T00:37:24.096+0000] {logging_mixin.py:190} INFO - [2025-04-30T00:37:24.087+0000] {dagbag.py:386} ERROR - Failed to import: /opt/airflow/dags/anyname.py
Traceback (most recent call last):
  File "/home/airflow/.local/lib/python3.12/site-packages/airflow/models/dagbag.py", line 382, in parse
    loader.exec_module(new_module)
  File "<frozen importlib._bootstrap_external>", line 995, in exec_module
  File "<frozen importlib._bootstrap>", line 488, in _call_with_frames_removed
  File "/opt/airflow/dags/anyname.py", line 4, in <module>
    from utils import add_num, sub_num
ModuleNotFoundError: No module named 'utils'
[2025-04-30T00:37:24.101+0000] {processor.py:927} WARNING - No viable dags retrieved from /opt/airflow/dags/anyname.py
[2025-04-30T00:37:24.151+0000] {processor.py:208} INFO - Processing /opt/airflow/dags/anyname.py took 0.133 seconds
[2025-04-30T00:37:54.698+0000] {processor.py:186} INFO - Started process (PID=963) to work on /opt/airflow/dags/anyname.py
[2025-04-30T00:37:54.700+0000] {processor.py:914} INFO - Processing file /opt/airflow/dags/anyname.py for tasks to queue
[2025-04-30T00:37:54.707+0000] {logging_mixin.py:190} INFO - [2025-04-30T00:37:54.705+0000] {dagbag.py:587} INFO - Filling up the DagBag from /opt/airflow/dags/anyname.py
[2025-04-30T00:37:54.747+0000] {logging_mixin.py:190} INFO - [2025-04-30T00:37:54.738+0000] {dagbag.py:386} ERROR - Failed to import: /opt/airflow/dags/anyname.py
Traceback (most recent call last):
  File "/home/airflow/.local/lib/python3.12/site-packages/airflow/models/dagbag.py", line 382, in parse
    loader.exec_module(new_module)
  File "<frozen importlib._bootstrap_external>", line 995, in exec_module
  File "<frozen importlib._bootstrap>", line 488, in _call_with_frames_removed
  File "/opt/airflow/dags/anyname.py", line 4, in <module>
    from utils import add_num, sub_num
ModuleNotFoundError: No module named 'utils'
[2025-04-30T00:37:54.750+0000] {processor.py:927} WARNING - No viable dags retrieved from /opt/airflow/dags/anyname.py
[2025-04-30T00:37:54.799+0000] {processor.py:208} INFO - Processing /opt/airflow/dags/anyname.py took 0.123 seconds
[2025-04-30T00:38:25.011+0000] {processor.py:186} INFO - Started process (PID=1026) to work on /opt/airflow/dags/anyname.py
[2025-04-30T00:38:25.015+0000] {processor.py:914} INFO - Processing file /opt/airflow/dags/anyname.py for tasks to queue
[2025-04-30T00:38:25.023+0000] {logging_mixin.py:190} INFO - [2025-04-30T00:38:25.022+0000] {dagbag.py:587} INFO - Filling up the DagBag from /opt/airflow/dags/anyname.py
[2025-04-30T00:38:25.074+0000] {logging_mixin.py:190} INFO - [2025-04-30T00:38:25.066+0000] {dagbag.py:386} ERROR - Failed to import: /opt/airflow/dags/anyname.py
Traceback (most recent call last):
  File "/home/airflow/.local/lib/python3.12/site-packages/airflow/models/dagbag.py", line 382, in parse
    loader.exec_module(new_module)
  File "<frozen importlib._bootstrap_external>", line 995, in exec_module
  File "<frozen importlib._bootstrap>", line 488, in _call_with_frames_removed
  File "/opt/airflow/dags/anyname.py", line 4, in <module>
    from utils import add_num, sub_num
ModuleNotFoundError: No module named 'utils'
[2025-04-30T00:38:25.078+0000] {processor.py:927} WARNING - No viable dags retrieved from /opt/airflow/dags/anyname.py
[2025-04-30T00:38:25.122+0000] {processor.py:208} INFO - Processing /opt/airflow/dags/anyname.py took 0.135 seconds
[2025-04-30T00:38:31.416+0000] {processor.py:186} INFO - Started process (PID=1041) to work on /opt/airflow/dags/anyname.py
[2025-04-30T00:38:31.418+0000] {processor.py:914} INFO - Processing file /opt/airflow/dags/anyname.py for tasks to queue
[2025-04-30T00:38:31.424+0000] {logging_mixin.py:190} INFO - [2025-04-30T00:38:31.423+0000] {dagbag.py:587} INFO - Filling up the DagBag from /opt/airflow/dags/anyname.py
[2025-04-30T00:38:31.551+0000] {processor.py:925} INFO - DAG(s) 'example_dag' retrieved from /opt/airflow/dags/anyname.py
[2025-04-30T00:38:31.809+0000] {logging_mixin.py:190} INFO - [2025-04-30T00:38:31.808+0000] {override.py:1858} INFO - Created Permission View: can edit on DAG:example_dag
[2025-04-30T00:38:31.838+0000] {logging_mixin.py:190} INFO - [2025-04-30T00:38:31.838+0000] {override.py:1858} INFO - Created Permission View: can read on DAG:example_dag
[2025-04-30T00:38:31.854+0000] {logging_mixin.py:190} INFO - [2025-04-30T00:38:31.853+0000] {override.py:1858} INFO - Created Permission View: can delete on DAG:example_dag
[2025-04-30T00:38:31.856+0000] {logging_mixin.py:190} INFO - [2025-04-30T00:38:31.855+0000] {dag.py:3211} INFO - Sync 1 DAGs
[2025-04-30T00:38:31.884+0000] {logging_mixin.py:190} INFO - [2025-04-30T00:38:31.883+0000] {dag.py:3234} INFO - Creating ORM DAG for example_dag
[2025-04-30T00:38:31.904+0000] {logging_mixin.py:190} INFO - [2025-04-30T00:38:31.904+0000] {dag.py:4138} INFO - Setting next_dagrun for example_dag to None, run_after=None
[2025-04-30T00:38:31.943+0000] {processor.py:208} INFO - Processing /opt/airflow/dags/anyname.py took 0.542 seconds
[2025-04-30T00:39:02.506+0000] {processor.py:186} INFO - Started process (PID=1104) to work on /opt/airflow/dags/anyname.py
[2025-04-30T00:39:02.510+0000] {processor.py:914} INFO - Processing file /opt/airflow/dags/anyname.py for tasks to queue
[2025-04-30T00:39:02.522+0000] {logging_mixin.py:190} INFO - [2025-04-30T00:39:02.520+0000] {dagbag.py:587} INFO - Filling up the DagBag from /opt/airflow/dags/anyname.py
[2025-04-30T00:39:02.652+0000] {processor.py:925} INFO - DAG(s) 'example_dag' retrieved from /opt/airflow/dags/anyname.py
[2025-04-30T00:39:02.737+0000] {logging_mixin.py:190} INFO - [2025-04-30T00:39:02.736+0000] {dag.py:3211} INFO - Sync 1 DAGs
[2025-04-30T00:39:02.783+0000] {logging_mixin.py:190} INFO - [2025-04-30T00:39:02.782+0000] {dag.py:4138} INFO - Setting next_dagrun for example_dag to None, run_after=None
[2025-04-30T00:39:02.829+0000] {processor.py:208} INFO - Processing /opt/airflow/dags/anyname.py took 0.358 seconds
[2025-04-30T00:39:33.176+0000] {processor.py:186} INFO - Started process (PID=1167) to work on /opt/airflow/dags/anyname.py
[2025-04-30T00:39:33.179+0000] {processor.py:914} INFO - Processing file /opt/airflow/dags/anyname.py for tasks to queue
[2025-04-30T00:39:33.186+0000] {logging_mixin.py:190} INFO - [2025-04-30T00:39:33.185+0000] {dagbag.py:587} INFO - Filling up the DagBag from /opt/airflow/dags/anyname.py
[2025-04-30T00:39:33.258+0000] {processor.py:925} INFO - DAG(s) 'example_dag' retrieved from /opt/airflow/dags/anyname.py
[2025-04-30T00:39:33.302+0000] {logging_mixin.py:190} INFO - [2025-04-30T00:39:33.301+0000] {dag.py:3211} INFO - Sync 1 DAGs
[2025-04-30T00:39:33.360+0000] {logging_mixin.py:190} INFO - [2025-04-30T00:39:33.360+0000] {dag.py:4138} INFO - Setting next_dagrun for example_dag to None, run_after=None
[2025-04-30T00:39:33.413+0000] {processor.py:208} INFO - Processing /opt/airflow/dags/anyname.py took 0.255 seconds
[2025-04-30T00:39:51.629+0000] {processor.py:186} INFO - Started process (PID=1216) to work on /opt/airflow/dags/anyname.py
[2025-04-30T00:39:51.632+0000] {processor.py:914} INFO - Processing file /opt/airflow/dags/anyname.py for tasks to queue
[2025-04-30T00:39:51.638+0000] {logging_mixin.py:190} INFO - [2025-04-30T00:39:51.637+0000] {dagbag.py:587} INFO - Filling up the DagBag from /opt/airflow/dags/anyname.py
[2025-04-30T00:39:51.709+0000] {processor.py:925} INFO - DAG(s) 'initial_dag' retrieved from /opt/airflow/dags/anyname.py
[2025-04-30T00:39:51.929+0000] {logging_mixin.py:190} INFO - [2025-04-30T00:39:51.928+0000] {override.py:1858} INFO - Created Permission View: can edit on DAG:initial_dag
[2025-04-30T00:39:51.950+0000] {logging_mixin.py:190} INFO - [2025-04-30T00:39:51.949+0000] {override.py:1858} INFO - Created Permission View: can read on DAG:initial_dag
[2025-04-30T00:39:51.968+0000] {logging_mixin.py:190} INFO - [2025-04-30T00:39:51.967+0000] {override.py:1858} INFO - Created Permission View: can delete on DAG:initial_dag
[2025-04-30T00:39:51.970+0000] {logging_mixin.py:190} INFO - [2025-04-30T00:39:51.969+0000] {dag.py:3211} INFO - Sync 1 DAGs
[2025-04-30T00:39:51.999+0000] {logging_mixin.py:190} INFO - [2025-04-30T00:39:51.999+0000] {dag.py:3234} INFO - Creating ORM DAG for initial_dag
[2025-04-30T00:39:52.019+0000] {logging_mixin.py:190} INFO - [2025-04-30T00:39:52.019+0000] {dag.py:4138} INFO - Setting next_dagrun for initial_dag to None, run_after=None
[2025-04-30T00:39:52.058+0000] {processor.py:208} INFO - Processing /opt/airflow/dags/anyname.py took 0.443 seconds
[2025-04-30T00:40:22.945+0000] {processor.py:186} INFO - Started process (PID=1279) to work on /opt/airflow/dags/anyname.py
[2025-04-30T00:40:22.948+0000] {processor.py:914} INFO - Processing file /opt/airflow/dags/anyname.py for tasks to queue
[2025-04-30T00:40:22.953+0000] {logging_mixin.py:190} INFO - [2025-04-30T00:40:22.952+0000] {dagbag.py:587} INFO - Filling up the DagBag from /opt/airflow/dags/anyname.py
[2025-04-30T00:40:22.999+0000] {processor.py:925} INFO - DAG(s) 'initial_dag' retrieved from /opt/airflow/dags/anyname.py
[2025-04-30T00:40:23.041+0000] {logging_mixin.py:190} INFO - [2025-04-30T00:40:23.039+0000] {dag.py:3211} INFO - Sync 1 DAGs
[2025-04-30T00:40:23.097+0000] {logging_mixin.py:190} INFO - [2025-04-30T00:40:23.096+0000] {dag.py:4138} INFO - Setting next_dagrun for initial_dag to None, run_after=None
[2025-04-30T00:40:23.151+0000] {processor.py:208} INFO - Processing /opt/airflow/dags/anyname.py took 0.223 seconds
[2025-04-30T00:40:53.799+0000] {processor.py:186} INFO - Started process (PID=1342) to work on /opt/airflow/dags/anyname.py
[2025-04-30T00:40:53.803+0000] {processor.py:914} INFO - Processing file /opt/airflow/dags/anyname.py for tasks to queue
[2025-04-30T00:40:53.812+0000] {logging_mixin.py:190} INFO - [2025-04-30T00:40:53.812+0000] {dagbag.py:587} INFO - Filling up the DagBag from /opt/airflow/dags/anyname.py
[2025-04-30T00:40:53.882+0000] {processor.py:925} INFO - DAG(s) 'initial_dag' retrieved from /opt/airflow/dags/anyname.py
[2025-04-30T00:40:53.927+0000] {logging_mixin.py:190} INFO - [2025-04-30T00:40:53.926+0000] {dag.py:3211} INFO - Sync 1 DAGs
[2025-04-30T00:40:53.979+0000] {logging_mixin.py:190} INFO - [2025-04-30T00:40:53.978+0000] {dag.py:4138} INFO - Setting next_dagrun for initial_dag to None, run_after=None
[2025-04-30T00:40:54.029+0000] {processor.py:208} INFO - Processing /opt/airflow/dags/anyname.py took 0.243 seconds
[2025-04-30T00:41:24.244+0000] {processor.py:186} INFO - Started process (PID=1405) to work on /opt/airflow/dags/anyname.py
[2025-04-30T00:41:24.250+0000] {processor.py:914} INFO - Processing file /opt/airflow/dags/anyname.py for tasks to queue
[2025-04-30T00:41:24.261+0000] {logging_mixin.py:190} INFO - [2025-04-30T00:41:24.259+0000] {dagbag.py:587} INFO - Filling up the DagBag from /opt/airflow/dags/anyname.py
[2025-04-30T00:41:24.397+0000] {processor.py:925} INFO - DAG(s) 'initial_dag' retrieved from /opt/airflow/dags/anyname.py
[2025-04-30T00:41:24.484+0000] {logging_mixin.py:190} INFO - [2025-04-30T00:41:24.483+0000] {dag.py:3211} INFO - Sync 1 DAGs
[2025-04-30T00:41:24.600+0000] {logging_mixin.py:190} INFO - [2025-04-30T00:41:24.599+0000] {dag.py:4138} INFO - Setting next_dagrun for initial_dag to None, run_after=None
[2025-04-30T00:41:24.695+0000] {processor.py:208} INFO - Processing /opt/airflow/dags/anyname.py took 0.478 seconds
[2025-04-30T00:41:55.151+0000] {processor.py:186} INFO - Started process (PID=1472) to work on /opt/airflow/dags/anyname.py
[2025-04-30T00:41:55.154+0000] {processor.py:914} INFO - Processing file /opt/airflow/dags/anyname.py for tasks to queue
[2025-04-30T00:41:55.159+0000] {logging_mixin.py:190} INFO - [2025-04-30T00:41:55.158+0000] {dagbag.py:587} INFO - Filling up the DagBag from /opt/airflow/dags/anyname.py
[2025-04-30T00:41:55.258+0000] {processor.py:925} INFO - DAG(s) 'initial_dag' retrieved from /opt/airflow/dags/anyname.py
[2025-04-30T00:41:55.319+0000] {logging_mixin.py:190} INFO - [2025-04-30T00:41:55.319+0000] {dag.py:3211} INFO - Sync 1 DAGs
[2025-04-30T00:41:55.405+0000] {logging_mixin.py:190} INFO - [2025-04-30T00:41:55.404+0000] {dag.py:4138} INFO - Setting next_dagrun for initial_dag to None, run_after=None
[2025-04-30T00:41:55.459+0000] {processor.py:208} INFO - Processing /opt/airflow/dags/anyname.py took 0.334 seconds
[2025-04-30T00:42:25.874+0000] {processor.py:186} INFO - Started process (PID=1535) to work on /opt/airflow/dags/anyname.py
[2025-04-30T00:42:25.879+0000] {processor.py:914} INFO - Processing file /opt/airflow/dags/anyname.py for tasks to queue
[2025-04-30T00:42:25.887+0000] {logging_mixin.py:190} INFO - [2025-04-30T00:42:25.884+0000] {dagbag.py:587} INFO - Filling up the DagBag from /opt/airflow/dags/anyname.py
[2025-04-30T00:42:26.022+0000] {processor.py:925} INFO - DAG(s) 'initial_dag' retrieved from /opt/airflow/dags/anyname.py
[2025-04-30T00:42:26.112+0000] {logging_mixin.py:190} INFO - [2025-04-30T00:42:26.110+0000] {dag.py:3211} INFO - Sync 1 DAGs
[2025-04-30T00:42:26.193+0000] {logging_mixin.py:190} INFO - [2025-04-30T00:42:26.193+0000] {dag.py:4138} INFO - Setting next_dagrun for initial_dag to None, run_after=None
[2025-04-30T00:42:26.241+0000] {processor.py:208} INFO - Processing /opt/airflow/dags/anyname.py took 0.399 seconds
[2025-04-30T00:42:56.576+0000] {processor.py:186} INFO - Started process (PID=1604) to work on /opt/airflow/dags/anyname.py
[2025-04-30T00:42:56.579+0000] {processor.py:914} INFO - Processing file /opt/airflow/dags/anyname.py for tasks to queue
[2025-04-30T00:42:56.582+0000] {logging_mixin.py:190} INFO - [2025-04-30T00:42:56.581+0000] {dagbag.py:587} INFO - Filling up the DagBag from /opt/airflow/dags/anyname.py
[2025-04-30T00:42:56.644+0000] {processor.py:925} INFO - DAG(s) 'initial_dag' retrieved from /opt/airflow/dags/anyname.py
[2025-04-30T00:42:56.682+0000] {logging_mixin.py:190} INFO - [2025-04-30T00:42:56.682+0000] {dag.py:3211} INFO - Sync 1 DAGs
[2025-04-30T00:42:56.734+0000] {logging_mixin.py:190} INFO - [2025-04-30T00:42:56.734+0000] {dag.py:4138} INFO - Setting next_dagrun for initial_dag to None, run_after=None
[2025-04-30T00:42:56.789+0000] {processor.py:208} INFO - Processing /opt/airflow/dags/anyname.py took 0.244 seconds
[2025-04-30T00:43:26.921+0000] {processor.py:186} INFO - Started process (PID=1667) to work on /opt/airflow/dags/anyname.py
[2025-04-30T00:43:26.924+0000] {processor.py:914} INFO - Processing file /opt/airflow/dags/anyname.py for tasks to queue
[2025-04-30T00:43:26.926+0000] {logging_mixin.py:190} INFO - [2025-04-30T00:43:26.925+0000] {dagbag.py:587} INFO - Filling up the DagBag from /opt/airflow/dags/anyname.py
[2025-04-30T00:43:26.985+0000] {processor.py:925} INFO - DAG(s) 'initial_dag' retrieved from /opt/airflow/dags/anyname.py
[2025-04-30T00:43:27.024+0000] {logging_mixin.py:190} INFO - [2025-04-30T00:43:27.023+0000] {dag.py:3211} INFO - Sync 1 DAGs
[2025-04-30T00:43:27.064+0000] {logging_mixin.py:190} INFO - [2025-04-30T00:43:27.063+0000] {dag.py:4138} INFO - Setting next_dagrun for initial_dag to None, run_after=None
[2025-04-30T00:43:27.103+0000] {processor.py:208} INFO - Processing /opt/airflow/dags/anyname.py took 0.195 seconds
[2025-04-30T00:43:57.687+0000] {processor.py:186} INFO - Started process (PID=1730) to work on /opt/airflow/dags/anyname.py
[2025-04-30T00:43:57.690+0000] {processor.py:914} INFO - Processing file /opt/airflow/dags/anyname.py for tasks to queue
[2025-04-30T00:43:57.696+0000] {logging_mixin.py:190} INFO - [2025-04-30T00:43:57.695+0000] {dagbag.py:587} INFO - Filling up the DagBag from /opt/airflow/dags/anyname.py
[2025-04-30T00:43:57.955+0000] {processor.py:925} INFO - DAG(s) 'initial_dag' retrieved from /opt/airflow/dags/anyname.py
[2025-04-30T00:43:58.017+0000] {logging_mixin.py:190} INFO - [2025-04-30T00:43:58.012+0000] {dag.py:3211} INFO - Sync 1 DAGs
[2025-04-30T00:43:58.092+0000] {logging_mixin.py:190} INFO - [2025-04-30T00:43:58.091+0000] {dag.py:4138} INFO - Setting next_dagrun for initial_dag to None, run_after=None
[2025-04-30T00:43:58.149+0000] {processor.py:208} INFO - Processing /opt/airflow/dags/anyname.py took 0.480 seconds
[2025-04-30T00:44:28.245+0000] {processor.py:186} INFO - Started process (PID=1793) to work on /opt/airflow/dags/anyname.py
[2025-04-30T00:44:28.246+0000] {processor.py:914} INFO - Processing file /opt/airflow/dags/anyname.py for tasks to queue
[2025-04-30T00:44:28.248+0000] {logging_mixin.py:190} INFO - [2025-04-30T00:44:28.248+0000] {dagbag.py:587} INFO - Filling up the DagBag from /opt/airflow/dags/anyname.py
[2025-04-30T00:44:28.275+0000] {processor.py:925} INFO - DAG(s) 'initial_dag' retrieved from /opt/airflow/dags/anyname.py
[2025-04-30T00:44:28.300+0000] {logging_mixin.py:190} INFO - [2025-04-30T00:44:28.299+0000] {dag.py:3211} INFO - Sync 1 DAGs
[2025-04-30T00:44:28.333+0000] {logging_mixin.py:190} INFO - [2025-04-30T00:44:28.333+0000] {dag.py:4138} INFO - Setting next_dagrun for initial_dag to None, run_after=None
[2025-04-30T00:44:28.359+0000] {processor.py:208} INFO - Processing /opt/airflow/dags/anyname.py took 0.121 seconds
[2025-04-30T00:44:59.038+0000] {processor.py:186} INFO - Started process (PID=1856) to work on /opt/airflow/dags/anyname.py
[2025-04-30T00:44:59.039+0000] {processor.py:914} INFO - Processing file /opt/airflow/dags/anyname.py for tasks to queue
[2025-04-30T00:44:59.041+0000] {logging_mixin.py:190} INFO - [2025-04-30T00:44:59.041+0000] {dagbag.py:587} INFO - Filling up the DagBag from /opt/airflow/dags/anyname.py
[2025-04-30T00:44:59.071+0000] {processor.py:925} INFO - DAG(s) 'initial_dag' retrieved from /opt/airflow/dags/anyname.py
[2025-04-30T00:44:59.094+0000] {logging_mixin.py:190} INFO - [2025-04-30T00:44:59.094+0000] {dag.py:3211} INFO - Sync 1 DAGs
[2025-04-30T00:44:59.123+0000] {logging_mixin.py:190} INFO - [2025-04-30T00:44:59.122+0000] {dag.py:4138} INFO - Setting next_dagrun for initial_dag to None, run_after=None
[2025-04-30T00:44:59.151+0000] {processor.py:208} INFO - Processing /opt/airflow/dags/anyname.py took 0.122 seconds
[2025-04-30T00:45:26.576+0000] {processor.py:186} INFO - Started process (PID=1919) to work on /opt/airflow/dags/anyname.py
[2025-04-30T00:45:26.577+0000] {processor.py:914} INFO - Processing file /opt/airflow/dags/anyname.py for tasks to queue
[2025-04-30T00:45:26.580+0000] {logging_mixin.py:190} INFO - [2025-04-30T00:45:26.579+0000] {dagbag.py:587} INFO - Filling up the DagBag from /opt/airflow/dags/anyname.py
[2025-04-30T00:45:26.634+0000] {processor.py:925} INFO - DAG(s) 'initial_dag' retrieved from /opt/airflow/dags/anyname.py
[2025-04-30T00:45:26.773+0000] {logging_mixin.py:190} INFO - [2025-04-30T00:45:26.772+0000] {dag.py:3211} INFO - Sync 1 DAGs
[2025-04-30T00:45:26.797+0000] {logging_mixin.py:190} INFO - [2025-04-30T00:45:26.797+0000] {dag.py:4138} INFO - Setting next_dagrun for initial_dag to None, run_after=None
[2025-04-30T00:45:26.825+0000] {processor.py:208} INFO - Processing /opt/airflow/dags/anyname.py took 0.258 seconds
[2025-04-30T00:45:57.627+0000] {processor.py:186} INFO - Started process (PID=1982) to work on /opt/airflow/dags/anyname.py
[2025-04-30T00:45:57.629+0000] {processor.py:914} INFO - Processing file /opt/airflow/dags/anyname.py for tasks to queue
[2025-04-30T00:45:57.630+0000] {logging_mixin.py:190} INFO - [2025-04-30T00:45:57.630+0000] {dagbag.py:587} INFO - Filling up the DagBag from /opt/airflow/dags/anyname.py
[2025-04-30T00:45:57.659+0000] {processor.py:925} INFO - DAG(s) 'initial_dag' retrieved from /opt/airflow/dags/anyname.py
[2025-04-30T00:45:57.679+0000] {logging_mixin.py:190} INFO - [2025-04-30T00:45:57.679+0000] {dag.py:3211} INFO - Sync 1 DAGs
[2025-04-30T00:45:57.705+0000] {logging_mixin.py:190} INFO - [2025-04-30T00:45:57.705+0000] {dag.py:4138} INFO - Setting next_dagrun for initial_dag to None, run_after=None
[2025-04-30T00:45:57.730+0000] {processor.py:208} INFO - Processing /opt/airflow/dags/anyname.py took 0.111 seconds
[2025-04-30T00:46:28.249+0000] {processor.py:186} INFO - Started process (PID=2045) to work on /opt/airflow/dags/anyname.py
[2025-04-30T00:46:28.251+0000] {processor.py:914} INFO - Processing file /opt/airflow/dags/anyname.py for tasks to queue
[2025-04-30T00:46:28.253+0000] {logging_mixin.py:190} INFO - [2025-04-30T00:46:28.252+0000] {dagbag.py:587} INFO - Filling up the DagBag from /opt/airflow/dags/anyname.py
[2025-04-30T00:46:28.280+0000] {processor.py:925} INFO - DAG(s) 'initial_dag' retrieved from /opt/airflow/dags/anyname.py
[2025-04-30T00:46:28.303+0000] {logging_mixin.py:190} INFO - [2025-04-30T00:46:28.302+0000] {dag.py:3211} INFO - Sync 1 DAGs
[2025-04-30T00:46:28.331+0000] {logging_mixin.py:190} INFO - [2025-04-30T00:46:28.331+0000] {dag.py:4138} INFO - Setting next_dagrun for initial_dag to None, run_after=None
[2025-04-30T00:46:28.359+0000] {processor.py:208} INFO - Processing /opt/airflow/dags/anyname.py took 0.119 seconds
[2025-04-30T00:46:58.637+0000] {processor.py:186} INFO - Started process (PID=2108) to work on /opt/airflow/dags/anyname.py
[2025-04-30T00:46:58.638+0000] {processor.py:914} INFO - Processing file /opt/airflow/dags/anyname.py for tasks to queue
[2025-04-30T00:46:58.640+0000] {logging_mixin.py:190} INFO - [2025-04-30T00:46:58.639+0000] {dagbag.py:587} INFO - Filling up the DagBag from /opt/airflow/dags/anyname.py
[2025-04-30T00:46:58.669+0000] {processor.py:925} INFO - DAG(s) 'initial_dag' retrieved from /opt/airflow/dags/anyname.py
[2025-04-30T00:46:58.691+0000] {logging_mixin.py:190} INFO - [2025-04-30T00:46:58.690+0000] {dag.py:3211} INFO - Sync 1 DAGs
[2025-04-30T00:46:58.717+0000] {logging_mixin.py:190} INFO - [2025-04-30T00:46:58.717+0000] {dag.py:4138} INFO - Setting next_dagrun for initial_dag to None, run_after=None
[2025-04-30T00:46:58.739+0000] {processor.py:208} INFO - Processing /opt/airflow/dags/anyname.py took 0.110 seconds
[2025-04-30T00:47:28.878+0000] {processor.py:186} INFO - Started process (PID=2171) to work on /opt/airflow/dags/anyname.py
[2025-04-30T00:47:28.880+0000] {processor.py:914} INFO - Processing file /opt/airflow/dags/anyname.py for tasks to queue
[2025-04-30T00:47:28.882+0000] {logging_mixin.py:190} INFO - [2025-04-30T00:47:28.881+0000] {dagbag.py:587} INFO - Filling up the DagBag from /opt/airflow/dags/anyname.py
[2025-04-30T00:47:28.909+0000] {processor.py:925} INFO - DAG(s) 'initial_dag' retrieved from /opt/airflow/dags/anyname.py
[2025-04-30T00:47:28.932+0000] {logging_mixin.py:190} INFO - [2025-04-30T00:47:28.932+0000] {dag.py:3211} INFO - Sync 1 DAGs
[2025-04-30T00:47:28.960+0000] {logging_mixin.py:190} INFO - [2025-04-30T00:47:28.960+0000] {dag.py:4138} INFO - Setting next_dagrun for initial_dag to None, run_after=None
[2025-04-30T00:47:28.996+0000] {processor.py:208} INFO - Processing /opt/airflow/dags/anyname.py took 0.125 seconds
[2025-04-30T00:47:59.415+0000] {processor.py:186} INFO - Started process (PID=2234) to work on /opt/airflow/dags/anyname.py
[2025-04-30T00:47:59.417+0000] {processor.py:914} INFO - Processing file /opt/airflow/dags/anyname.py for tasks to queue
[2025-04-30T00:47:59.419+0000] {logging_mixin.py:190} INFO - [2025-04-30T00:47:59.418+0000] {dagbag.py:587} INFO - Filling up the DagBag from /opt/airflow/dags/anyname.py
[2025-04-30T00:47:59.449+0000] {processor.py:925} INFO - DAG(s) 'initial_dag' retrieved from /opt/airflow/dags/anyname.py
[2025-04-30T00:47:59.473+0000] {logging_mixin.py:190} INFO - [2025-04-30T00:47:59.473+0000] {dag.py:3211} INFO - Sync 1 DAGs
[2025-04-30T00:47:59.499+0000] {logging_mixin.py:190} INFO - [2025-04-30T00:47:59.499+0000] {dag.py:4138} INFO - Setting next_dagrun for initial_dag to None, run_after=None
[2025-04-30T00:47:59.524+0000] {processor.py:208} INFO - Processing /opt/airflow/dags/anyname.py took 0.118 seconds
[2025-04-30T00:48:29.799+0000] {processor.py:186} INFO - Started process (PID=2297) to work on /opt/airflow/dags/anyname.py
[2025-04-30T00:48:29.801+0000] {processor.py:914} INFO - Processing file /opt/airflow/dags/anyname.py for tasks to queue
[2025-04-30T00:48:29.802+0000] {logging_mixin.py:190} INFO - [2025-04-30T00:48:29.802+0000] {dagbag.py:587} INFO - Filling up the DagBag from /opt/airflow/dags/anyname.py
[2025-04-30T00:48:29.827+0000] {processor.py:925} INFO - DAG(s) 'initial_dag' retrieved from /opt/airflow/dags/anyname.py
[2025-04-30T00:48:29.849+0000] {logging_mixin.py:190} INFO - [2025-04-30T00:48:29.848+0000] {dag.py:3211} INFO - Sync 1 DAGs
[2025-04-30T00:48:29.874+0000] {logging_mixin.py:190} INFO - [2025-04-30T00:48:29.873+0000] {dag.py:4138} INFO - Setting next_dagrun for initial_dag to None, run_after=None
[2025-04-30T00:48:29.898+0000] {processor.py:208} INFO - Processing /opt/airflow/dags/anyname.py took 0.106 seconds
[2025-04-30T00:49:00.177+0000] {processor.py:186} INFO - Started process (PID=2360) to work on /opt/airflow/dags/anyname.py
[2025-04-30T00:49:00.179+0000] {processor.py:914} INFO - Processing file /opt/airflow/dags/anyname.py for tasks to queue
[2025-04-30T00:49:00.181+0000] {logging_mixin.py:190} INFO - [2025-04-30T00:49:00.180+0000] {dagbag.py:587} INFO - Filling up the DagBag from /opt/airflow/dags/anyname.py
[2025-04-30T00:49:00.210+0000] {processor.py:925} INFO - DAG(s) 'initial_dag' retrieved from /opt/airflow/dags/anyname.py
[2025-04-30T00:49:00.231+0000] {logging_mixin.py:190} INFO - [2025-04-30T00:49:00.231+0000] {dag.py:3211} INFO - Sync 1 DAGs
[2025-04-30T00:49:00.261+0000] {logging_mixin.py:190} INFO - [2025-04-30T00:49:00.261+0000] {dag.py:4138} INFO - Setting next_dagrun for initial_dag to None, run_after=None
[2025-04-30T00:49:00.288+0000] {processor.py:208} INFO - Processing /opt/airflow/dags/anyname.py took 0.118 seconds
[2025-04-30T00:49:30.697+0000] {processor.py:186} INFO - Started process (PID=2423) to work on /opt/airflow/dags/anyname.py
[2025-04-30T00:49:30.698+0000] {processor.py:914} INFO - Processing file /opt/airflow/dags/anyname.py for tasks to queue
[2025-04-30T00:49:30.700+0000] {logging_mixin.py:190} INFO - [2025-04-30T00:49:30.700+0000] {dagbag.py:587} INFO - Filling up the DagBag from /opt/airflow/dags/anyname.py
[2025-04-30T00:49:30.730+0000] {processor.py:925} INFO - DAG(s) 'initial_dag' retrieved from /opt/airflow/dags/anyname.py
[2025-04-30T00:49:30.753+0000] {logging_mixin.py:190} INFO - [2025-04-30T00:49:30.753+0000] {dag.py:3211} INFO - Sync 1 DAGs
[2025-04-30T00:49:30.781+0000] {logging_mixin.py:190} INFO - [2025-04-30T00:49:30.781+0000] {dag.py:4138} INFO - Setting next_dagrun for initial_dag to None, run_after=None
[2025-04-30T00:49:30.807+0000] {processor.py:208} INFO - Processing /opt/airflow/dags/anyname.py took 0.117 seconds
[2025-04-30T00:50:00.304+0000] {processor.py:186} INFO - Started process (PID=2485) to work on /opt/airflow/dags/anyname.py
[2025-04-30T00:50:00.305+0000] {processor.py:914} INFO - Processing file /opt/airflow/dags/anyname.py for tasks to queue
[2025-04-30T00:50:00.307+0000] {logging_mixin.py:190} INFO - [2025-04-30T00:50:00.307+0000] {dagbag.py:587} INFO - Filling up the DagBag from /opt/airflow/dags/anyname.py
[2025-04-30T00:50:00.336+0000] {processor.py:925} INFO - DAG(s) 'initial_dag' retrieved from /opt/airflow/dags/anyname.py
[2025-04-30T00:50:00.357+0000] {logging_mixin.py:190} INFO - [2025-04-30T00:50:00.357+0000] {dag.py:3211} INFO - Sync 1 DAGs
[2025-04-30T00:50:00.381+0000] {logging_mixin.py:190} INFO - [2025-04-30T00:50:00.381+0000] {dag.py:4138} INFO - Setting next_dagrun for initial_dag to None, run_after=None
[2025-04-30T00:50:00.411+0000] {processor.py:208} INFO - Processing /opt/airflow/dags/anyname.py took 0.113 seconds
[2025-04-30T00:50:30.657+0000] {processor.py:186} INFO - Started process (PID=2550) to work on /opt/airflow/dags/anyname.py
[2025-04-30T00:50:30.658+0000] {processor.py:914} INFO - Processing file /opt/airflow/dags/anyname.py for tasks to queue
[2025-04-30T00:50:30.660+0000] {logging_mixin.py:190} INFO - [2025-04-30T00:50:30.659+0000] {dagbag.py:587} INFO - Filling up the DagBag from /opt/airflow/dags/anyname.py
[2025-04-30T00:50:30.688+0000] {processor.py:925} INFO - DAG(s) 'initial_dag' retrieved from /opt/airflow/dags/anyname.py
[2025-04-30T00:50:30.710+0000] {logging_mixin.py:190} INFO - [2025-04-30T00:50:30.710+0000] {dag.py:3211} INFO - Sync 1 DAGs
[2025-04-30T00:50:30.737+0000] {logging_mixin.py:190} INFO - [2025-04-30T00:50:30.736+0000] {dag.py:4138} INFO - Setting next_dagrun for initial_dag to None, run_after=None
[2025-04-30T00:50:30.760+0000] {processor.py:208} INFO - Processing /opt/airflow/dags/anyname.py took 0.109 seconds
[2025-04-30T00:51:01.144+0000] {processor.py:186} INFO - Started process (PID=2612) to work on /opt/airflow/dags/anyname.py
[2025-04-30T00:51:01.145+0000] {processor.py:914} INFO - Processing file /opt/airflow/dags/anyname.py for tasks to queue
[2025-04-30T00:51:01.146+0000] {logging_mixin.py:190} INFO - [2025-04-30T00:51:01.146+0000] {dagbag.py:587} INFO - Filling up the DagBag from /opt/airflow/dags/anyname.py
[2025-04-30T00:51:01.174+0000] {processor.py:925} INFO - DAG(s) 'initial_dag' retrieved from /opt/airflow/dags/anyname.py
[2025-04-30T00:51:01.198+0000] {logging_mixin.py:190} INFO - [2025-04-30T00:51:01.197+0000] {dag.py:3211} INFO - Sync 1 DAGs
[2025-04-30T00:51:01.224+0000] {logging_mixin.py:190} INFO - [2025-04-30T00:51:01.224+0000] {dag.py:4138} INFO - Setting next_dagrun for initial_dag to None, run_after=None
[2025-04-30T00:51:01.246+0000] {processor.py:208} INFO - Processing /opt/airflow/dags/anyname.py took 0.109 seconds
[2025-04-30T00:51:32.253+0000] {processor.py:186} INFO - Started process (PID=2675) to work on /opt/airflow/dags/anyname.py
[2025-04-30T00:51:32.254+0000] {processor.py:914} INFO - Processing file /opt/airflow/dags/anyname.py for tasks to queue
[2025-04-30T00:51:32.256+0000] {logging_mixin.py:190} INFO - [2025-04-30T00:51:32.256+0000] {dagbag.py:587} INFO - Filling up the DagBag from /opt/airflow/dags/anyname.py
[2025-04-30T00:51:32.279+0000] {processor.py:925} INFO - DAG(s) 'initial_dag' retrieved from /opt/airflow/dags/anyname.py
[2025-04-30T00:51:32.300+0000] {logging_mixin.py:190} INFO - [2025-04-30T00:51:32.300+0000] {dag.py:3211} INFO - Sync 1 DAGs
[2025-04-30T00:51:32.326+0000] {logging_mixin.py:190} INFO - [2025-04-30T00:51:32.325+0000] {dag.py:4138} INFO - Setting next_dagrun for initial_dag to None, run_after=None
[2025-04-30T00:51:32.348+0000] {processor.py:208} INFO - Processing /opt/airflow/dags/anyname.py took 0.102 seconds
[2025-04-30T00:59:30.158+0000] {processor.py:186} INFO - Started process (PID=2710) to work on /opt/airflow/dags/anyname.py
[2025-04-30T00:59:30.160+0000] {processor.py:914} INFO - Processing file /opt/airflow/dags/anyname.py for tasks to queue
[2025-04-30T00:59:30.162+0000] {logging_mixin.py:190} INFO - [2025-04-30T00:59:30.162+0000] {dagbag.py:587} INFO - Filling up the DagBag from /opt/airflow/dags/anyname.py
[2025-04-30T00:59:30.209+0000] {processor.py:925} INFO - DAG(s) 'initial_dag' retrieved from /opt/airflow/dags/anyname.py
[2025-04-30T00:59:30.251+0000] {logging_mixin.py:190} INFO - [2025-04-30T00:59:30.250+0000] {dag.py:3211} INFO - Sync 1 DAGs
[2025-04-30T00:59:30.345+0000] {logging_mixin.py:190} INFO - [2025-04-30T00:59:30.344+0000] {dag.py:4138} INFO - Setting next_dagrun for initial_dag to None, run_after=None
[2025-04-30T00:59:30.419+0000] {processor.py:208} INFO - Processing /opt/airflow/dags/anyname.py took 0.278 seconds
[2025-04-30T00:59:36.997+0000] {processor.py:186} INFO - Started process (PID=2768) to work on /opt/airflow/dags/anyname.py
[2025-04-30T00:59:36.999+0000] {processor.py:914} INFO - Processing file /opt/airflow/dags/anyname.py for tasks to queue
[2025-04-30T00:59:37.005+0000] {logging_mixin.py:190} INFO - [2025-04-30T00:59:37.005+0000] {dagbag.py:587} INFO - Filling up the DagBag from /opt/airflow/dags/anyname.py
[2025-04-30T00:59:37.076+0000] {processor.py:925} INFO - DAG(s) 'initial_dag' retrieved from /opt/airflow/dags/anyname.py
[2025-04-30T00:59:37.118+0000] {logging_mixin.py:190} INFO - [2025-04-30T00:59:37.118+0000] {dag.py:3211} INFO - Sync 1 DAGs
[2025-04-30T00:59:37.170+0000] {logging_mixin.py:190} INFO - [2025-04-30T00:59:37.169+0000] {dag.py:4138} INFO - Setting next_dagrun for initial_dag to None, run_after=None
[2025-04-30T00:59:37.218+0000] {processor.py:208} INFO - Processing /opt/airflow/dags/anyname.py took 0.234 seconds
[2025-04-30T01:00:07.497+0000] {processor.py:186} INFO - Started process (PID=2824) to work on /opt/airflow/dags/anyname.py
[2025-04-30T01:00:07.498+0000] {processor.py:914} INFO - Processing file /opt/airflow/dags/anyname.py for tasks to queue
[2025-04-30T01:00:07.500+0000] {logging_mixin.py:190} INFO - [2025-04-30T01:00:07.499+0000] {dagbag.py:587} INFO - Filling up the DagBag from /opt/airflow/dags/anyname.py
[2025-04-30T01:00:07.528+0000] {processor.py:925} INFO - DAG(s) 'initial_dag' retrieved from /opt/airflow/dags/anyname.py
[2025-04-30T01:00:07.551+0000] {logging_mixin.py:190} INFO - [2025-04-30T01:00:07.551+0000] {dag.py:3211} INFO - Sync 1 DAGs
[2025-04-30T01:00:07.579+0000] {logging_mixin.py:190} INFO - [2025-04-30T01:00:07.579+0000] {dag.py:4138} INFO - Setting next_dagrun for initial_dag to None, run_after=None
[2025-04-30T01:00:07.607+0000] {processor.py:208} INFO - Processing /opt/airflow/dags/anyname.py took 0.118 seconds
[2025-04-30T01:00:37.829+0000] {processor.py:186} INFO - Started process (PID=2887) to work on /opt/airflow/dags/anyname.py
[2025-04-30T01:00:37.830+0000] {processor.py:914} INFO - Processing file /opt/airflow/dags/anyname.py for tasks to queue
[2025-04-30T01:00:37.831+0000] {logging_mixin.py:190} INFO - [2025-04-30T01:00:37.831+0000] {dagbag.py:587} INFO - Filling up the DagBag from /opt/airflow/dags/anyname.py
[2025-04-30T01:00:37.856+0000] {processor.py:925} INFO - DAG(s) 'initial_dag' retrieved from /opt/airflow/dags/anyname.py
[2025-04-30T01:00:37.879+0000] {logging_mixin.py:190} INFO - [2025-04-30T01:00:37.879+0000] {dag.py:3211} INFO - Sync 1 DAGs
[2025-04-30T01:00:37.906+0000] {logging_mixin.py:190} INFO - [2025-04-30T01:00:37.906+0000] {dag.py:4138} INFO - Setting next_dagrun for initial_dag to None, run_after=None
[2025-04-30T01:00:37.933+0000] {processor.py:208} INFO - Processing /opt/airflow/dags/anyname.py took 0.112 seconds
[2025-04-30T01:01:08.637+0000] {processor.py:186} INFO - Started process (PID=2951) to work on /opt/airflow/dags/anyname.py
[2025-04-30T01:01:08.638+0000] {processor.py:914} INFO - Processing file /opt/airflow/dags/anyname.py for tasks to queue
[2025-04-30T01:01:08.640+0000] {logging_mixin.py:190} INFO - [2025-04-30T01:01:08.640+0000] {dagbag.py:587} INFO - Filling up the DagBag from /opt/airflow/dags/anyname.py
[2025-04-30T01:01:08.669+0000] {processor.py:925} INFO - DAG(s) 'initial_dag' retrieved from /opt/airflow/dags/anyname.py
[2025-04-30T01:01:08.693+0000] {logging_mixin.py:190} INFO - [2025-04-30T01:01:08.692+0000] {dag.py:3211} INFO - Sync 1 DAGs
[2025-04-30T01:01:08.723+0000] {logging_mixin.py:190} INFO - [2025-04-30T01:01:08.722+0000] {dag.py:4138} INFO - Setting next_dagrun for initial_dag to None, run_after=None
[2025-04-30T01:01:08.753+0000] {processor.py:208} INFO - Processing /opt/airflow/dags/anyname.py took 0.123 seconds
[2025-04-30T01:01:39.231+0000] {processor.py:186} INFO - Started process (PID=3014) to work on /opt/airflow/dags/anyname.py
[2025-04-30T01:01:39.232+0000] {processor.py:914} INFO - Processing file /opt/airflow/dags/anyname.py for tasks to queue
[2025-04-30T01:01:39.234+0000] {logging_mixin.py:190} INFO - [2025-04-30T01:01:39.234+0000] {dagbag.py:587} INFO - Filling up the DagBag from /opt/airflow/dags/anyname.py
[2025-04-30T01:01:39.259+0000] {processor.py:925} INFO - DAG(s) 'initial_dag' retrieved from /opt/airflow/dags/anyname.py
[2025-04-30T01:01:39.280+0000] {logging_mixin.py:190} INFO - [2025-04-30T01:01:39.280+0000] {dag.py:3211} INFO - Sync 1 DAGs
[2025-04-30T01:01:39.304+0000] {logging_mixin.py:190} INFO - [2025-04-30T01:01:39.304+0000] {dag.py:4138} INFO - Setting next_dagrun for initial_dag to None, run_after=None
[2025-04-30T01:01:39.327+0000] {processor.py:208} INFO - Processing /opt/airflow/dags/anyname.py took 0.102 seconds
[2025-04-30T01:02:09.794+0000] {processor.py:186} INFO - Started process (PID=3074) to work on /opt/airflow/dags/anyname.py
[2025-04-30T01:02:09.795+0000] {processor.py:914} INFO - Processing file /opt/airflow/dags/anyname.py for tasks to queue
[2025-04-30T01:02:09.797+0000] {logging_mixin.py:190} INFO - [2025-04-30T01:02:09.797+0000] {dagbag.py:587} INFO - Filling up the DagBag from /opt/airflow/dags/anyname.py
[2025-04-30T01:02:09.828+0000] {processor.py:925} INFO - DAG(s) 'initial_dag' retrieved from /opt/airflow/dags/anyname.py
[2025-04-30T01:02:09.854+0000] {logging_mixin.py:190} INFO - [2025-04-30T01:02:09.854+0000] {dag.py:3211} INFO - Sync 1 DAGs
[2025-04-30T01:02:09.889+0000] {logging_mixin.py:190} INFO - [2025-04-30T01:02:09.888+0000] {dag.py:4138} INFO - Setting next_dagrun for initial_dag to None, run_after=None
[2025-04-30T01:02:10.108+0000] {processor.py:208} INFO - Processing /opt/airflow/dags/anyname.py took 0.321 seconds
[2025-04-30T01:02:40.435+0000] {processor.py:186} INFO - Started process (PID=3135) to work on /opt/airflow/dags/anyname.py
[2025-04-30T01:02:40.436+0000] {processor.py:914} INFO - Processing file /opt/airflow/dags/anyname.py for tasks to queue
[2025-04-30T01:02:40.438+0000] {logging_mixin.py:190} INFO - [2025-04-30T01:02:40.437+0000] {dagbag.py:587} INFO - Filling up the DagBag from /opt/airflow/dags/anyname.py
[2025-04-30T01:02:40.464+0000] {processor.py:925} INFO - DAG(s) 'initial_dag' retrieved from /opt/airflow/dags/anyname.py
[2025-04-30T01:02:40.484+0000] {logging_mixin.py:190} INFO - [2025-04-30T01:02:40.484+0000] {dag.py:3211} INFO - Sync 1 DAGs
[2025-04-30T01:02:40.509+0000] {logging_mixin.py:190} INFO - [2025-04-30T01:02:40.509+0000] {dag.py:4138} INFO - Setting next_dagrun for initial_dag to None, run_after=None
[2025-04-30T01:02:40.531+0000] {processor.py:208} INFO - Processing /opt/airflow/dags/anyname.py took 0.103 seconds
[2025-04-30T01:03:10.842+0000] {processor.py:186} INFO - Started process (PID=3192) to work on /opt/airflow/dags/anyname.py
[2025-04-30T01:03:10.843+0000] {processor.py:914} INFO - Processing file /opt/airflow/dags/anyname.py for tasks to queue
[2025-04-30T01:03:10.844+0000] {logging_mixin.py:190} INFO - [2025-04-30T01:03:10.844+0000] {dagbag.py:587} INFO - Filling up the DagBag from /opt/airflow/dags/anyname.py
[2025-04-30T01:03:10.872+0000] {processor.py:925} INFO - DAG(s) 'initial_dag' retrieved from /opt/airflow/dags/anyname.py
[2025-04-30T01:03:10.893+0000] {logging_mixin.py:190} INFO - [2025-04-30T01:03:10.893+0000] {dag.py:3211} INFO - Sync 1 DAGs
[2025-04-30T01:03:10.921+0000] {logging_mixin.py:190} INFO - [2025-04-30T01:03:10.920+0000] {dag.py:4138} INFO - Setting next_dagrun for initial_dag to None, run_after=None
[2025-04-30T01:03:10.944+0000] {processor.py:208} INFO - Processing /opt/airflow/dags/anyname.py took 0.109 seconds
[2025-04-30T01:03:43.282+0000] {processor.py:186} INFO - Started process (PID=3255) to work on /opt/airflow/dags/anyname.py
[2025-04-30T01:03:43.283+0000] {processor.py:914} INFO - Processing file /opt/airflow/dags/anyname.py for tasks to queue
[2025-04-30T01:03:43.284+0000] {logging_mixin.py:190} INFO - [2025-04-30T01:03:43.284+0000] {dagbag.py:587} INFO - Filling up the DagBag from /opt/airflow/dags/anyname.py
[2025-04-30T01:03:43.306+0000] {processor.py:925} INFO - DAG(s) 'initial_dag' retrieved from /opt/airflow/dags/anyname.py
[2025-04-30T01:03:43.328+0000] {logging_mixin.py:190} INFO - [2025-04-30T01:03:43.328+0000] {dag.py:3211} INFO - Sync 1 DAGs
[2025-04-30T01:03:43.352+0000] {logging_mixin.py:190} INFO - [2025-04-30T01:03:43.352+0000] {dag.py:4138} INFO - Setting next_dagrun for initial_dag to None, run_after=None
[2025-04-30T01:03:43.374+0000] {processor.py:208} INFO - Processing /opt/airflow/dags/anyname.py took 0.099 seconds
[2025-04-30T01:04:13.464+0000] {processor.py:186} INFO - Started process (PID=3312) to work on /opt/airflow/dags/anyname.py
[2025-04-30T01:04:13.465+0000] {processor.py:914} INFO - Processing file /opt/airflow/dags/anyname.py for tasks to queue
[2025-04-30T01:04:13.466+0000] {logging_mixin.py:190} INFO - [2025-04-30T01:04:13.466+0000] {dagbag.py:587} INFO - Filling up the DagBag from /opt/airflow/dags/anyname.py
[2025-04-30T01:04:13.490+0000] {processor.py:925} INFO - DAG(s) 'initial_dag' retrieved from /opt/airflow/dags/anyname.py
[2025-04-30T01:04:13.511+0000] {logging_mixin.py:190} INFO - [2025-04-30T01:04:13.510+0000] {dag.py:3211} INFO - Sync 1 DAGs
[2025-04-30T01:04:13.741+0000] {logging_mixin.py:190} INFO - [2025-04-30T01:04:13.740+0000] {dag.py:4138} INFO - Setting next_dagrun for initial_dag to None, run_after=None
[2025-04-30T01:04:13.762+0000] {processor.py:208} INFO - Processing /opt/airflow/dags/anyname.py took 0.305 seconds
[2025-04-30T01:04:44.214+0000] {processor.py:186} INFO - Started process (PID=3372) to work on /opt/airflow/dags/anyname.py
[2025-04-30T01:04:44.215+0000] {processor.py:914} INFO - Processing file /opt/airflow/dags/anyname.py for tasks to queue
[2025-04-30T01:04:44.217+0000] {logging_mixin.py:190} INFO - [2025-04-30T01:04:44.216+0000] {dagbag.py:587} INFO - Filling up the DagBag from /opt/airflow/dags/anyname.py
[2025-04-30T01:04:44.241+0000] {processor.py:925} INFO - DAG(s) 'initial_dag' retrieved from /opt/airflow/dags/anyname.py
[2025-04-30T01:04:44.261+0000] {logging_mixin.py:190} INFO - [2025-04-30T01:04:44.261+0000] {dag.py:3211} INFO - Sync 1 DAGs
[2025-04-30T01:04:44.283+0000] {logging_mixin.py:190} INFO - [2025-04-30T01:04:44.283+0000] {dag.py:4138} INFO - Setting next_dagrun for initial_dag to None, run_after=None
[2025-04-30T01:04:44.306+0000] {processor.py:208} INFO - Processing /opt/airflow/dags/anyname.py took 0.098 seconds
[2025-04-30T01:05:14.927+0000] {processor.py:186} INFO - Started process (PID=3435) to work on /opt/airflow/dags/anyname.py
[2025-04-30T01:05:14.929+0000] {processor.py:914} INFO - Processing file /opt/airflow/dags/anyname.py for tasks to queue
[2025-04-30T01:05:14.931+0000] {logging_mixin.py:190} INFO - [2025-04-30T01:05:14.930+0000] {dagbag.py:587} INFO - Filling up the DagBag from /opt/airflow/dags/anyname.py
[2025-04-30T01:05:14.974+0000] {processor.py:925} INFO - DAG(s) 'initial_dag' retrieved from /opt/airflow/dags/anyname.py
[2025-04-30T01:05:15.000+0000] {logging_mixin.py:190} INFO - [2025-04-30T01:05:14.999+0000] {dag.py:3211} INFO - Sync 1 DAGs
[2025-04-30T01:05:15.024+0000] {logging_mixin.py:190} INFO - [2025-04-30T01:05:15.023+0000] {dag.py:4138} INFO - Setting next_dagrun for initial_dag to None, run_after=None
[2025-04-30T01:05:15.054+0000] {processor.py:208} INFO - Processing /opt/airflow/dags/anyname.py took 0.134 seconds
[2025-04-30T01:05:45.548+0000] {processor.py:186} INFO - Started process (PID=3498) to work on /opt/airflow/dags/anyname.py
[2025-04-30T01:05:45.549+0000] {processor.py:914} INFO - Processing file /opt/airflow/dags/anyname.py for tasks to queue
[2025-04-30T01:05:45.550+0000] {logging_mixin.py:190} INFO - [2025-04-30T01:05:45.550+0000] {dagbag.py:587} INFO - Filling up the DagBag from /opt/airflow/dags/anyname.py
[2025-04-30T01:05:45.585+0000] {processor.py:925} INFO - DAG(s) 'initial_dag' retrieved from /opt/airflow/dags/anyname.py
[2025-04-30T01:05:45.605+0000] {logging_mixin.py:190} INFO - [2025-04-30T01:05:45.605+0000] {dag.py:3211} INFO - Sync 1 DAGs
[2025-04-30T01:05:45.631+0000] {logging_mixin.py:190} INFO - [2025-04-30T01:05:45.631+0000] {dag.py:4138} INFO - Setting next_dagrun for initial_dag to None, run_after=None
[2025-04-30T01:05:45.658+0000] {processor.py:208} INFO - Processing /opt/airflow/dags/anyname.py took 0.118 seconds
[2025-04-30T01:06:16.404+0000] {processor.py:186} INFO - Started process (PID=3561) to work on /opt/airflow/dags/anyname.py
[2025-04-30T01:06:16.405+0000] {processor.py:914} INFO - Processing file /opt/airflow/dags/anyname.py for tasks to queue
[2025-04-30T01:06:16.406+0000] {logging_mixin.py:190} INFO - [2025-04-30T01:06:16.406+0000] {dagbag.py:587} INFO - Filling up the DagBag from /opt/airflow/dags/anyname.py
[2025-04-30T01:06:16.437+0000] {processor.py:925} INFO - DAG(s) 'initial_dag' retrieved from /opt/airflow/dags/anyname.py
[2025-04-30T01:06:16.457+0000] {logging_mixin.py:190} INFO - [2025-04-30T01:06:16.457+0000] {dag.py:3211} INFO - Sync 1 DAGs
[2025-04-30T01:06:16.485+0000] {logging_mixin.py:190} INFO - [2025-04-30T01:06:16.485+0000] {dag.py:4138} INFO - Setting next_dagrun for initial_dag to None, run_after=None
[2025-04-30T01:06:16.508+0000] {processor.py:208} INFO - Processing /opt/airflow/dags/anyname.py took 0.111 seconds
[2025-04-30T01:06:47.094+0000] {processor.py:186} INFO - Started process (PID=3624) to work on /opt/airflow/dags/anyname.py
[2025-04-30T01:06:47.095+0000] {processor.py:914} INFO - Processing file /opt/airflow/dags/anyname.py for tasks to queue
[2025-04-30T01:06:47.097+0000] {logging_mixin.py:190} INFO - [2025-04-30T01:06:47.096+0000] {dagbag.py:587} INFO - Filling up the DagBag from /opt/airflow/dags/anyname.py
[2025-04-30T01:06:47.122+0000] {processor.py:925} INFO - DAG(s) 'initial_dag' retrieved from /opt/airflow/dags/anyname.py
[2025-04-30T01:06:47.141+0000] {logging_mixin.py:190} INFO - [2025-04-30T01:06:47.141+0000] {dag.py:3211} INFO - Sync 1 DAGs
[2025-04-30T01:06:47.164+0000] {logging_mixin.py:190} INFO - [2025-04-30T01:06:47.164+0000] {dag.py:4138} INFO - Setting next_dagrun for initial_dag to None, run_after=None
[2025-04-30T01:06:47.195+0000] {processor.py:208} INFO - Processing /opt/airflow/dags/anyname.py took 0.107 seconds
[2025-04-30T01:07:17.396+0000] {processor.py:186} INFO - Started process (PID=3687) to work on /opt/airflow/dags/anyname.py
[2025-04-30T01:07:17.397+0000] {processor.py:914} INFO - Processing file /opt/airflow/dags/anyname.py for tasks to queue
[2025-04-30T01:07:17.399+0000] {logging_mixin.py:190} INFO - [2025-04-30T01:07:17.398+0000] {dagbag.py:587} INFO - Filling up the DagBag from /opt/airflow/dags/anyname.py
[2025-04-30T01:07:17.421+0000] {processor.py:925} INFO - DAG(s) 'initial_dag' retrieved from /opt/airflow/dags/anyname.py
[2025-04-30T01:07:17.439+0000] {logging_mixin.py:190} INFO - [2025-04-30T01:07:17.439+0000] {dag.py:3211} INFO - Sync 1 DAGs
[2025-04-30T01:07:17.461+0000] {logging_mixin.py:190} INFO - [2025-04-30T01:07:17.460+0000] {dag.py:4138} INFO - Setting next_dagrun for initial_dag to None, run_after=None
[2025-04-30T01:07:17.482+0000] {processor.py:208} INFO - Processing /opt/airflow/dags/anyname.py took 0.094 seconds
[2025-04-30T01:07:48.365+0000] {processor.py:186} INFO - Started process (PID=3750) to work on /opt/airflow/dags/anyname.py
[2025-04-30T01:07:48.367+0000] {processor.py:914} INFO - Processing file /opt/airflow/dags/anyname.py for tasks to queue
[2025-04-30T01:07:48.368+0000] {logging_mixin.py:190} INFO - [2025-04-30T01:07:48.368+0000] {dagbag.py:587} INFO - Filling up the DagBag from /opt/airflow/dags/anyname.py
[2025-04-30T01:07:48.401+0000] {processor.py:925} INFO - DAG(s) 'initial_dag' retrieved from /opt/airflow/dags/anyname.py
[2025-04-30T01:07:48.423+0000] {logging_mixin.py:190} INFO - [2025-04-30T01:07:48.423+0000] {dag.py:3211} INFO - Sync 1 DAGs
[2025-04-30T01:07:48.451+0000] {logging_mixin.py:190} INFO - [2025-04-30T01:07:48.451+0000] {dag.py:4138} INFO - Setting next_dagrun for initial_dag to None, run_after=None
[2025-04-30T01:07:48.475+0000] {processor.py:208} INFO - Processing /opt/airflow/dags/anyname.py took 0.117 seconds
